2025-03-19 14:20:31.907 [ERROR] [thread-id 1] - org.yaml.snakeyaml.constructor.ConstructorException: Cannot create property=profiles for JavaBean=com.walmartlabs.data.dependencies.Dependencies@522b2631
 in 'reader', line 1, column 1:
    general:
    ^
Cannot create property=saucelabs for JavaBean=com.walmartlabs.data.dependencies.Profiles@6ad11a56
 in 'reader', line 37, column 5:
      - name: local-prod
        ^
Cannot create property=armRequired for JavaBean=com.walmartlabs.data.dependencies.Saucelabs@726a6b94
 in 'reader', line 81, column 7:
          userName: $SAUCE_USERNAME
          ^
Unable to find property 'armRequired' on class: com.walmartlabs.data.dependencies.Saucelabs
 in 'reader', line 84, column 20:
          armRequired: true
                       ^

 in 'reader', line 81, column 7:
          userName: $SAUCE_USERNAME
          ^

 in 'reader', line 24, column 3:
      - name: local
      ^

2025-03-19 14:22:43.534 [DEBUG] [thread-id 1] - Executing R2 4.0.2: '/Users/m0k0a2f/glass-automation/us/unified-e2e-tests/test-scripts/vision-flows/production/C2707320-multiple-prescription-and-patients-with-same-lense-and-frame.yaml' on device: 'iPhone 15'
2025-03-19 14:24:18.092 [DEBUG] [thread-id 1] - Executing scenario: 'Before'
2025-03-19 14:24:18.094 [DEBUG] [thread-id 1] - Execute before steps
2025-03-19 14:24:18.098 [DEBUG] [thread-id 1] - Executing function: 'us.function.utils.getEnvironmentValue'
2025-03-19 14:24:18.099 [DEBUG] [thread-id 1] - Store in: store the value 'Onboarding' in the variable 'executionStage'
2025-03-19 14:24:18.099 [DEBUG] [thread-id 1] - Store in: store the value 'production' in the variable 'env'
2025-03-19 14:24:18.100 [DEBUG] [thread-id 1] - Timestamp: 1742419458100
2025-03-19 14:24:18.101 [DEBUG] [thread-id 1] - Executing function: 'functions.utils.setPlatformInfo'
2025-03-19 14:24:18.102 [DEBUG] [thread-id 1] - Store in: store the value 'Onboarding' in the variable 'executionStage'
2025-03-19 14:24:18.104 [WARN] [thread-id 1] - variable dependencies.general.appPackage was used, but r2 could not find a value for this variable. returning default of null
2025-03-19 14:24:18.105 [DEBUG] [thread-id 1] - Store in: store the value 'null' in the variable 'appPackage'
2025-03-19 14:24:18.117 [DEBUG] [thread-id 1] - conditionally execute a flow. condition: true
2025-03-19 14:24:18.361 [DEBUG] [thread-id 1] - Store in: store the value 'iOS' in the variable 'platform'
2025-03-19 14:24:18.376 [DEBUG] [thread-id 1] - R2_SUBFLOW_PRE_TRANSACTION
2025-03-19 14:24:18.864 [DEBUG] [thread-id 1] - Using us-errors-helpers.yaml
2025-03-19 14:24:19.309 [DEBUG] [thread-id 1] - Start main
2025-03-19 14:24:19.310 [DEBUG] [thread-id 1] - Executing function: 'unified.us.functions.global.onboarding.navigateOnboardingToHome'
2025-03-19 14:24:19.310 [DEBUG] [thread-id 1] - Store in: store the value 'onboarding' in the variable 'executionStage'
2025-03-19 14:24:19.311 [DEBUG] [thread-id 1] - Welcome screen loaded
2025-03-19 14:24:19.316 [DEBUG] [thread-id 1] - conditionally execute a flow. condition: true
2025-03-19 14:24:19.538 [DEBUG] [thread-id 1] - Verify identifier: {cta.cancel.welcome=[true]}
2025-03-19 14:24:19.770 [DEBUG] [thread-id 1] - Store in: store the value 'true' in the variable 'testStarted'
2025-03-19 14:24:20.040 [DEBUG] [thread-id 1] - Click element: 'cta.cancel.welcome'
2025-03-19 14:24:21.057 [DEBUG] [thread-id 1] - Notifiction Prompt screen loaded
2025-03-19 14:24:21.320 [DEBUG] [thread-id 1] - Verify identifier: {NotificationPermissionViewController.titleLabel=[true]}
2025-03-19 14:24:21.572 [WARN] [thread-id 1] - variable allowNotifications was used, but r2 could not find a value for this variable. returning default of null
2025-03-19 14:24:21.573 [DEBUG] [thread-id 1] - conditionally execute a flow. condition: false
2025-03-19 14:24:23.861 [DEBUG] [thread-id 1] - Click element: 'cta.cancel.notifications'
2025-03-19 14:24:24.286 [DEBUG] [thread-id 1] - location screen loaded
2025-03-19 14:24:24.539 [DEBUG] [thread-id 1] - Verify identifier: {LocationPermissionViewController.titleLabel=[true]}
2025-03-19 14:24:24.539 [DEBUG] [thread-id 1] - Store in: store the value 'true' in the variable 'testStarted'
2025-03-19 14:24:24.586 [DEBUG] [thread-id 1] - Click element: 'Enter zip code'
2025-03-19 14:24:25.276 [DEBUG] [thread-id 1] - Verify identifier: {label.postal-code-entry=[true]}
2025-03-19 14:24:25.279 [DEBUG] [thread-id 1] - sleep:  2000 milliseconds
2025-03-19 14:24:27.332 [DEBUG] [thread-id 1] - Enter text: '95122'
2025-03-19 14:24:29.087 [DEBUG] [thread-id 1] - Click element: 'cta.continue'
2025-03-19 14:24:29.558 [DEBUG] [thread-id 1] - sleep:  3000 milliseconds
2025-03-19 14:24:42.585 [DEBUG] [thread-id 1] - Executing function: 'unified.us.functions.home.handlePersonalizedScreen'
2025-03-19 14:24:42.804 [DEBUG] [thread-id 1] - conditionally execute a flow. condition: true
2025-03-19 14:24:43.016 [DEBUG] [thread-id 1] - Observed Personalize Shopping Screen
2025-03-19 14:24:43.249 [DEBUG] [thread-id 1] - Verify identifier: {ATTPermissionViewController.bodyLabel=[true]}
2025-03-19 14:24:43.696 [DEBUG] [thread-id 1] - conditionally execute a flow. condition: true
2025-03-19 14:24:43.947 [DEBUG] [thread-id 1] - Click element: 'cta.continue.location'
2025-03-19 14:24:45.897 [DEBUG] [thread-id 1] - Personalized Shopping Experience Screen Handled.
2025-03-19 14:24:58.719 [DEBUG] [thread-id 1] - Executing function: 'unified.us.functions.home.toolTip'
2025-03-19 14:25:00.831 [DEBUG] [thread-id 1] - conditionally execute a flow. condition: true
2025-03-19 14:25:02.994 [DEBUG] [thread-id 1] - tooltip displayed
2025-03-19 14:25:06.882 [DEBUG] [thread-id 1] - Click element with offset: '//XCUIElementTypeButton[@name="LDCallout.closeLinkButton"]'
2025-03-19 14:25:11.338 [DEBUG] [thread-id 1] - Click element with offset: '//XCUIElementTypeButton[@name="LDCallout.closeLinkButton"]'
2025-03-19 14:25:15.778 [DEBUG] [thread-id 1] - Click element with offset: '//XCUIElementTypeButton[@name="LDCallout.closeLinkButton"]'
2025-03-19 14:25:20.221 [DEBUG] [thread-id 1] - Click element with offset: '//XCUIElementTypeButton[@name="LDCallout.closeLinkButton"]'
2025-03-19 14:25:24.616 [DEBUG] [thread-id 1] - Click element with offset: '//XCUIElementTypeButton[@name="LDCallout.closeLinkButton"]'
2025-03-19 14:25:26.246 [DEBUG] [thread-id 1] - Main failed: Cannot click '//XCUIElementTypeButton[@name="LDCallout.closeLinkButton"]'
2025-03-19 14:25:30.893 [DEBUG] [thread-id 1] - Executing scenario: 'After'
2025-03-19 14:25:30.894 [DEBUG] [thread-id 1] - Executing function: 'unified.us.functions.utils.afterSteps'
2025-03-19 14:25:30.894 [WARN] [thread-id 1] - variable testStatus was used, but r2 could not find a value for this variable. returning default of null
2025-03-19 14:25:30.895 [DEBUG] [thread-id 1] - conditionally execute a flow. condition: false
2025-03-19 14:25:32.996 [DEBUG] [thread-id 1] - Test failed
2025-03-19 14:25:40.843 [DEBUG] [thread-id 1] - Created report: /Users/m0k0a2f/glass-automation/report/index.html
2025-03-19 14:42:46.361 [DEBUG] [thread-id 1] - Executing R2 4.0.2: '/Users/m0k0a2f/glass-automation/us/unified-e2e-tests/test-scripts/vision-flows/production/C2707320-multiple-prescription-and-patients-with-same-lense-and-frame.yaml' on device: 'iPhone 15'
2025-03-19 14:47:57.026 [DEBUG] [thread-id 1] - Executing scenario: 'After'
2025-03-19 14:47:57.125 [DEBUG] [thread-id 1] - Executing function: 'unified.us.functions.utils.afterSteps'
2025-03-19 14:47:57.138 [WARN] [thread-id 1] - variable testStatus was used, but r2 could not find a value for this variable. returning default of null
2025-03-19 14:47:57.147 [DEBUG] [thread-id 1] - conditionally execute a flow. condition: false
2025-03-19 14:49:57.204 [DEBUG] [thread-id 1] - Test failed
2025-03-19 14:51:57.471 [WARN] [thread-id 1] - variable testStarted was used, but r2 could not find a value for this variable. returning default of null
2025-03-19 14:51:57.476 [DEBUG] [thread-id 1] - conditionally execute a flow. condition: true
2025-03-19 14:53:58.400 [DEBUG] [thread-id 1] - After failed: FAILURE - Unable to Open App
2025-03-19 15:09:57.439 [DEBUG] [thread-id 1] - Executing R2 4.0.2: '/Users/m0k0a2f/glass-automation/us/unified-e2e-tests/test-scripts/vision-flows/production/C2707320-multiple-prescription-and-patients-with-same-lense-and-frame.yaml' on device: 'iPhone 15'
2025-03-19 15:11:02.867 [DEBUG] [thread-id 1] - Executing scenario: 'Before'
2025-03-19 15:11:02.870 [DEBUG] [thread-id 1] - Execute before steps
2025-03-19 15:11:02.874 [DEBUG] [thread-id 1] - Executing function: 'us.function.utils.getEnvironmentValue'
2025-03-19 15:11:02.874 [DEBUG] [thread-id 1] - Store in: store the value 'Onboarding' in the variable 'executionStage'
2025-03-19 15:11:02.875 [DEBUG] [thread-id 1] - Store in: store the value 'production' in the variable 'env'
2025-03-19 15:11:02.876 [DEBUG] [thread-id 1] - Timestamp: 1742422262875
2025-03-19 15:11:02.877 [DEBUG] [thread-id 1] - Executing function: 'functions.utils.setPlatformInfo'
2025-03-19 15:11:02.877 [DEBUG] [thread-id 1] - Store in: store the value 'Onboarding' in the variable 'executionStage'
2025-03-19 15:11:02.880 [WARN] [thread-id 1] - variable dependencies.general.appPackage was used, but r2 could not find a value for this variable. returning default of null
2025-03-19 15:11:02.881 [DEBUG] [thread-id 1] - Store in: store the value 'null' in the variable 'appPackage'
2025-03-19 15:11:02.892 [DEBUG] [thread-id 1] - conditionally execute a flow. condition: true
2025-03-19 15:11:03.128 [DEBUG] [thread-id 1] - Store in: store the value 'iOS' in the variable 'platform'
2025-03-19 15:11:03.135 [DEBUG] [thread-id 1] - R2_SUBFLOW_PRE_TRANSACTION
2025-03-19 15:11:03.614 [DEBUG] [thread-id 1] - Using us-errors-helpers.yaml
2025-03-19 15:11:04.081 [DEBUG] [thread-id 1] - Start main
2025-03-19 15:11:04.082 [DEBUG] [thread-id 1] - Executing function: 'unified.us.functions.global.onboarding.navigateOnboardingToHome'
2025-03-19 15:11:04.083 [DEBUG] [thread-id 1] - Store in: store the value 'onboarding' in the variable 'executionStage'
2025-03-19 15:11:04.084 [DEBUG] [thread-id 1] - Welcome screen loaded
2025-03-19 15:11:04.087 [DEBUG] [thread-id 1] - conditionally execute a flow. condition: true
2025-03-19 15:11:04.321 [DEBUG] [thread-id 1] - Verify identifier: {cta.cancel.welcome=[true]}
2025-03-19 15:11:04.550 [DEBUG] [thread-id 1] - Store in: store the value 'true' in the variable 'testStarted'
2025-03-19 15:11:04.814 [DEBUG] [thread-id 1] - Click element: 'cta.cancel.welcome'
2025-03-19 15:11:05.751 [DEBUG] [thread-id 1] - Notifiction Prompt screen loaded
2025-03-19 15:11:06.012 [DEBUG] [thread-id 1] - Verify identifier: {NotificationPermissionViewController.titleLabel=[true]}
2025-03-19 15:11:06.264 [WARN] [thread-id 1] - variable allowNotifications was used, but r2 could not find a value for this variable. returning default of null
2025-03-19 15:11:06.264 [DEBUG] [thread-id 1] - conditionally execute a flow. condition: false
2025-03-19 15:11:08.561 [DEBUG] [thread-id 1] - Click element: 'cta.cancel.notifications'
2025-03-19 15:11:09.026 [DEBUG] [thread-id 1] - location screen loaded
2025-03-19 15:11:09.278 [DEBUG] [thread-id 1] - Verify identifier: {LocationPermissionViewController.titleLabel=[true]}
2025-03-19 15:11:09.279 [DEBUG] [thread-id 1] - Store in: store the value 'true' in the variable 'testStarted'
2025-03-19 15:11:09.316 [DEBUG] [thread-id 1] - Click element: 'Enter zip code'
2025-03-19 15:11:10.010 [DEBUG] [thread-id 1] - Verify identifier: {label.postal-code-entry=[true]}
2025-03-19 15:11:10.010 [DEBUG] [thread-id 1] - sleep:  2000 milliseconds
2025-03-19 15:11:12.083 [DEBUG] [thread-id 1] - Enter text: '95122'
2025-03-19 15:11:13.791 [DEBUG] [thread-id 1] - Click element: 'cta.continue'
2025-03-19 15:11:14.266 [DEBUG] [thread-id 1] - sleep:  3000 milliseconds
2025-03-19 15:11:27.366 [DEBUG] [thread-id 1] - Executing function: 'unified.us.functions.home.handlePersonalizedScreen'
2025-03-19 15:11:27.583 [DEBUG] [thread-id 1] - conditionally execute a flow. condition: true
2025-03-19 15:11:27.796 [DEBUG] [thread-id 1] - Observed Personalize Shopping Screen
2025-03-19 15:11:28.028 [DEBUG] [thread-id 1] - Verify identifier: {ATTPermissionViewController.bodyLabel=[true]}
2025-03-19 15:11:28.484 [DEBUG] [thread-id 1] - conditionally execute a flow. condition: true
2025-03-19 15:11:28.734 [DEBUG] [thread-id 1] - Click element: 'cta.continue.location'
2025-03-19 15:11:30.865 [DEBUG] [thread-id 1] - Personalized Shopping Experience Screen Handled.
2025-03-19 15:11:43.414 [DEBUG] [thread-id 1] - Executing function: 'unified.us.functions.home.toolTip'
2025-03-19 15:11:45.388 [DEBUG] [thread-id 1] - conditionally execute a flow. condition: true
2025-03-19 15:11:47.328 [DEBUG] [thread-id 1] - tooltip displayed
2025-03-19 15:11:51.107 [DEBUG] [thread-id 1] - Click element with offset: '//XCUIElementTypeButton[@name="LDCallout.closeLinkButton"]'
2025-03-19 15:11:55.417 [DEBUG] [thread-id 1] - Click element with offset: '//XCUIElementTypeButton[@name="LDCallout.closeLinkButton"]'
2025-03-19 15:11:59.722 [DEBUG] [thread-id 1] - Click element with offset: '//XCUIElementTypeButton[@name="LDCallout.closeLinkButton"]'
2025-03-19 15:12:04.033 [DEBUG] [thread-id 1] - Click element with offset: '//XCUIElementTypeButton[@name="LDCallout.closeLinkButton"]'
2025-03-19 15:12:08.178 [DEBUG] [thread-id 1] - Click element with offset: '//XCUIElementTypeButton[@name="LDCallout.closeLinkButton"]'
2025-03-19 15:12:09.737 [DEBUG] [thread-id 1] - Main failed: Cannot click '//XCUIElementTypeButton[@name="LDCallout.closeLinkButton"]'
2025-03-19 15:12:13.699 [DEBUG] [thread-id 1] - Executing scenario: 'After'
2025-03-19 15:12:13.700 [DEBUG] [thread-id 1] - Executing function: 'unified.us.functions.utils.afterSteps'
2025-03-19 15:12:13.701 [WARN] [thread-id 1] - variable testStatus was used, but r2 could not find a value for this variable. returning default of null
2025-03-19 15:12:13.701 [DEBUG] [thread-id 1] - conditionally execute a flow. condition: false
2025-03-19 15:12:15.658 [DEBUG] [thread-id 1] - Test failed
2025-03-19 15:12:23.098 [DEBUG] [thread-id 1] - Created report: /Users/m0k0a2f/glass-automation/report/index.html
2025-03-19 16:02:07.159 [DEBUG] [thread-id 1] - Executing R2 4.0.2: '/Users/m0k0a2f/glass-automation/us/unified-e2e-tests/test-scripts/vision-flows/production/C2707320-multiple-prescription-and-patients-with-same-lense-and-frame.yaml' on device: 'iPhone 15'
2025-03-19 16:03:59.303 [DEBUG] [thread-id 1] - Executing scenario: 'Before'
2025-03-19 16:03:59.305 [DEBUG] [thread-id 1] - Execute before steps
2025-03-19 16:03:59.313 [DEBUG] [thread-id 1] - Executing function: 'us.function.utils.getEnvironmentValue'
2025-03-19 16:03:59.313 [DEBUG] [thread-id 1] - Store in: store the value 'Onboarding' in the variable 'executionStage'
2025-03-19 16:03:59.314 [DEBUG] [thread-id 1] - Store in: store the value 'production' in the variable 'env'
2025-03-19 16:03:59.315 [DEBUG] [thread-id 1] - Timestamp: 1742425439315
2025-03-19 16:03:59.316 [DEBUG] [thread-id 1] - Executing function: 'functions.utils.setPlatformInfo'
2025-03-19 16:03:59.317 [DEBUG] [thread-id 1] - Store in: store the value 'Onboarding' in the variable 'executionStage'
2025-03-19 16:03:59.319 [WARN] [thread-id 1] - variable dependencies.general.appPackage was used, but r2 could not find a value for this variable. returning default of null
2025-03-19 16:03:59.319 [DEBUG] [thread-id 1] - Store in: store the value 'null' in the variable 'appPackage'
2025-03-19 16:03:59.331 [DEBUG] [thread-id 1] - conditionally execute a flow. condition: true
2025-03-19 16:03:59.564 [DEBUG] [thread-id 1] - Store in: store the value 'iOS' in the variable 'platform'
2025-03-19 16:03:59.582 [DEBUG] [thread-id 1] - R2_SUBFLOW_PRE_TRANSACTION
2025-03-19 16:04:00.050 [DEBUG] [thread-id 1] - Using us-errors-helpers.yaml
2025-03-19 16:04:00.634 [DEBUG] [thread-id 1] - Start main
2025-03-19 16:04:00.635 [DEBUG] [thread-id 1] - Executing function: 'unified.us.functions.global.onboarding.navigateOnboardingToHome'
2025-03-19 16:04:00.636 [DEBUG] [thread-id 1] - Store in: store the value 'onboarding' in the variable 'executionStage'
2025-03-19 16:04:00.637 [DEBUG] [thread-id 1] - Welcome screen loaded
2025-03-19 16:04:00.640 [DEBUG] [thread-id 1] - conditionally execute a flow. condition: true
2025-03-19 16:04:00.868 [DEBUG] [thread-id 1] - Verify identifier: {cta.cancel.welcome=[true]}
2025-03-19 16:04:01.120 [DEBUG] [thread-id 1] - Store in: store the value 'true' in the variable 'testStarted'
2025-03-19 16:04:01.463 [DEBUG] [thread-id 1] - Click element: 'cta.cancel.welcome'
2025-03-19 16:04:02.470 [DEBUG] [thread-id 1] - Notifiction Prompt screen loaded
2025-03-19 16:04:02.729 [DEBUG] [thread-id 1] - Verify identifier: {NotificationPermissionViewController.titleLabel=[true]}
2025-03-19 16:04:02.982 [WARN] [thread-id 1] - variable allowNotifications was used, but r2 could not find a value for this variable. returning default of null
2025-03-19 16:04:02.982 [DEBUG] [thread-id 1] - conditionally execute a flow. condition: false
2025-03-19 16:04:05.283 [DEBUG] [thread-id 1] - Click element: 'cta.cancel.notifications'
2025-03-19 16:04:05.742 [DEBUG] [thread-id 1] - location screen loaded
2025-03-19 16:04:05.997 [DEBUG] [thread-id 1] - Verify identifier: {LocationPermissionViewController.titleLabel=[true]}
2025-03-19 16:04:05.998 [DEBUG] [thread-id 1] - Store in: store the value 'true' in the variable 'testStarted'
2025-03-19 16:04:06.037 [DEBUG] [thread-id 1] - Click element: 'Enter zip code'
2025-03-19 16:04:06.873 [DEBUG] [thread-id 1] - Verify identifier: {label.postal-code-entry=[true]}
2025-03-19 16:04:06.873 [DEBUG] [thread-id 1] - sleep:  2000 milliseconds
2025-03-19 16:04:08.940 [DEBUG] [thread-id 1] - Enter text: '95122'
2025-03-19 16:04:11.472 [DEBUG] [thread-id 1] - Click element: 'cta.continue'
2025-03-19 16:04:11.975 [DEBUG] [thread-id 1] - sleep:  3000 milliseconds
2025-03-19 16:04:25.274 [DEBUG] [thread-id 1] - Executing function: 'unified.us.functions.home.handlePersonalizedScreen'
2025-03-19 16:04:25.493 [DEBUG] [thread-id 1] - conditionally execute a flow. condition: true
2025-03-19 16:04:25.710 [DEBUG] [thread-id 1] - Observed Personalize Shopping Screen
2025-03-19 16:04:25.952 [DEBUG] [thread-id 1] - Verify identifier: {ATTPermissionViewController.bodyLabel=[true]}
2025-03-19 16:04:26.401 [DEBUG] [thread-id 1] - conditionally execute a flow. condition: true
2025-03-19 16:04:26.656 [DEBUG] [thread-id 1] - Click element: 'cta.continue.location'
2025-03-19 16:04:28.701 [DEBUG] [thread-id 1] - Personalized Shopping Experience Screen Handled.
2025-03-19 16:04:40.940 [DEBUG] [thread-id 1] - Executing function: 'unified.us.functions.home.toolTip'
2025-03-19 16:04:42.894 [DEBUG] [thread-id 1] - conditionally execute a flow. condition: true
2025-03-19 16:04:44.842 [DEBUG] [thread-id 1] - tooltip displayed
2025-03-19 16:04:48.654 [DEBUG] [thread-id 1] - Click element with offset: '//XCUIElementTypeButton[@name="LDCallout.closeLinkButton"]'
2025-03-19 16:04:52.956 [DEBUG] [thread-id 1] - Click element with offset: '//XCUIElementTypeButton[@name="LDCallout.closeLinkButton"]'
2025-03-19 16:05:07.553 [DEBUG] [thread-id 1] - Main failed: Cannot click '//XCUIElementTypeButton[@name="LDCallout.closeLinkButton"]'
2025-03-19 16:05:11.588 [DEBUG] [thread-id 1] - Executing scenario: 'After'
2025-03-19 16:05:11.589 [DEBUG] [thread-id 1] - Executing function: 'unified.us.functions.utils.afterSteps'
2025-03-19 16:05:11.590 [WARN] [thread-id 1] - variable testStatus was used, but r2 could not find a value for this variable. returning default of null
2025-03-19 16:05:11.591 [DEBUG] [thread-id 1] - conditionally execute a flow. condition: false
2025-03-19 16:05:13.511 [DEBUG] [thread-id 1] - Test failed
2025-03-19 16:05:20.904 [DEBUG] [thread-id 1] - Created report: /Users/m0k0a2f/glass-automation/report/index.html
2025-03-19 16:11:00.239 [DEBUG] [thread-id 1] - Executing R2 4.0.2: '/Users/m0k0a2f/glass-automation/us/unified-e2e-tests/test-scripts/vision-flows/production/C2707320-multiple-prescription-and-patients-with-same-lense-and-frame.yaml' on device: 'iPhone 15'
2025-03-19 16:12:07.335 [DEBUG] [thread-id 1] - Executing scenario: 'Before'
2025-03-19 16:12:07.337 [DEBUG] [thread-id 1] - Execute before steps
2025-03-19 16:12:07.345 [DEBUG] [thread-id 1] - Executing function: 'us.function.utils.getEnvironmentValue'
2025-03-19 16:12:07.346 [DEBUG] [thread-id 1] - Store in: store the value 'Onboarding' in the variable 'executionStage'
2025-03-19 16:12:07.347 [DEBUG] [thread-id 1] - Store in: store the value 'production' in the variable 'env'
2025-03-19 16:12:07.347 [DEBUG] [thread-id 1] - Timestamp: 1742425927347
2025-03-19 16:12:07.349 [DEBUG] [thread-id 1] - Executing function: 'functions.utils.setPlatformInfo'
2025-03-19 16:12:07.349 [DEBUG] [thread-id 1] - Store in: store the value 'Onboarding' in the variable 'executionStage'
2025-03-19 16:12:07.352 [WARN] [thread-id 1] - variable dependencies.general.appPackage was used, but r2 could not find a value for this variable. returning default of null
2025-03-19 16:12:07.353 [DEBUG] [thread-id 1] - Store in: store the value 'null' in the variable 'appPackage'
2025-03-19 16:12:07.364 [DEBUG] [thread-id 1] - conditionally execute a flow. condition: true
2025-03-19 16:12:07.599 [DEBUG] [thread-id 1] - Store in: store the value 'iOS' in the variable 'platform'
2025-03-19 16:12:07.608 [DEBUG] [thread-id 1] - R2_SUBFLOW_PRE_TRANSACTION
2025-03-19 16:12:08.050 [DEBUG] [thread-id 1] - Using us-errors-helpers.yaml
2025-03-19 16:12:08.499 [DEBUG] [thread-id 1] - Start main
2025-03-19 16:12:08.499 [DEBUG] [thread-id 1] - Executing function: 'unified.us.functions.global.onboarding.navigateOnboardingToHome'
2025-03-19 16:12:08.500 [DEBUG] [thread-id 1] - Store in: store the value 'onboarding' in the variable 'executionStage'
2025-03-19 16:12:08.501 [DEBUG] [thread-id 1] - Welcome screen loaded
2025-03-19 16:12:08.504 [DEBUG] [thread-id 1] - conditionally execute a flow. condition: true
2025-03-19 16:12:08.719 [DEBUG] [thread-id 1] - Verify identifier: {cta.cancel.welcome=[true]}
2025-03-19 16:12:08.940 [DEBUG] [thread-id 1] - Store in: store the value 'true' in the variable 'testStarted'
2025-03-19 16:12:09.195 [DEBUG] [thread-id 1] - Click element: 'cta.cancel.welcome'
2025-03-19 16:12:10.125 [DEBUG] [thread-id 1] - Notifiction Prompt screen loaded
2025-03-19 16:12:10.378 [DEBUG] [thread-id 1] - Verify identifier: {NotificationPermissionViewController.titleLabel=[true]}
2025-03-19 16:12:10.609 [WARN] [thread-id 1] - variable allowNotifications was used, but r2 could not find a value for this variable. returning default of null
2025-03-19 16:12:10.610 [DEBUG] [thread-id 1] - conditionally execute a flow. condition: false
2025-03-19 16:12:12.877 [DEBUG] [thread-id 1] - Click element: 'cta.cancel.notifications'
2025-03-19 16:12:13.411 [DEBUG] [thread-id 1] - location screen loaded
2025-03-19 16:12:13.663 [DEBUG] [thread-id 1] - Verify identifier: {LocationPermissionViewController.titleLabel=[true]}
2025-03-19 16:12:13.666 [DEBUG] [thread-id 1] - Store in: store the value 'true' in the variable 'testStarted'
2025-03-19 16:12:13.706 [DEBUG] [thread-id 1] - Click element: 'Enter zip code'
2025-03-19 16:12:14.422 [DEBUG] [thread-id 1] - Verify identifier: {label.postal-code-entry=[true]}
2025-03-19 16:12:14.423 [DEBUG] [thread-id 1] - sleep:  2000 milliseconds
2025-03-19 16:12:16.474 [DEBUG] [thread-id 1] - Enter text: '95122'
2025-03-19 16:12:17.865 [DEBUG] [thread-id 1] - Click element: 'cta.continue'
2025-03-19 16:12:18.351 [DEBUG] [thread-id 1] - sleep:  3000 milliseconds
2025-03-19 16:12:31.617 [DEBUG] [thread-id 1] - Executing function: 'unified.us.functions.home.handlePersonalizedScreen'
2025-03-19 16:12:31.842 [DEBUG] [thread-id 1] - conditionally execute a flow. condition: true
2025-03-19 16:12:32.067 [DEBUG] [thread-id 1] - Observed Personalize Shopping Screen
2025-03-19 16:12:32.302 [DEBUG] [thread-id 1] - Verify identifier: {ATTPermissionViewController.bodyLabel=[true]}
2025-03-19 16:12:32.752 [DEBUG] [thread-id 1] - conditionally execute a flow. condition: true
2025-03-19 16:12:33.005 [DEBUG] [thread-id 1] - Click element: 'cta.continue.location'
2025-03-19 16:12:34.919 [DEBUG] [thread-id 1] - Personalized Shopping Experience Screen Handled.
2025-03-19 16:12:47.152 [DEBUG] [thread-id 1] - Executing function: 'unified.us.functions.gic.collapseIfExpanded'
2025-03-19 16:12:52.723 [DEBUG] [thread-id 1] - GIC already collapsed
2025-03-19 16:12:54.694 [DEBUG] [thread-id 1] - Verify identifier: {Search Walmart=[true]}
2025-03-19 16:12:54.695 [DEBUG] [thread-id 1] - Executing function: 'unified.us.functions.home.navigateHomeToSignIn'
2025-03-19 16:12:54.696 [DEBUG] [thread-id 1] - Store in: store the value 'Pre-transactions' in the variable 'executionStage'
2025-03-19 16:12:56.169 [DEBUG] [thread-id 1] - Click element: '//XCUIElementTypeButton[@name="Account"] | Account'
2025-03-19 16:12:58.835 [DEBUG] [thread-id 1] - Verify identifier: {//XCUIElementTypeButton[@name="SignInYourAccountTableViewCell.signInButton"] | //XCUIElementTypeButton[@name="SignInYourAccountView.signInButton"]=[true]}
2025-03-19 16:12:59.186 [DEBUG] [thread-id 1] - Click element: '//XCUIElementTypeButton[@name="SignInYourAccountTableViewCell.signInButton"] | //XCUIElementTypeButton[@name="SignInYourAccountView.signInButton"]'
2025-03-19 16:13:01.460 [DEBUG] [thread-id 1] - conditionally execute a flow. condition: true
2025-03-19 16:13:02.678 [DEBUG] [thread-id 1] - Store in: store the value 'true' in the variable 'signInValidated'
2025-03-19 16:13:02.691 [DEBUG] [thread-id 1] - conditionally execute a flow. condition: true
2025-03-19 16:13:03.899 [DEBUG] [thread-id 1] - SignIn page loaded
2025-03-19 16:13:05.173 [DEBUG] [thread-id 1] - Store in: store the value 'false' in the variable 'signInValidated'
2025-03-19 16:13:05.182 [DEBUG] [thread-id 1] - Executing function: 'unified.us.functions.authentication.signInInfo'
2025-03-19 16:13:05.184 [DEBUG] [thread-id 1] - conditionally execute a flow. condition: true
2025-03-19 16:13:06.537 [DEBUG] [thread-id 1] - Store in: store the value 'vision-e2e-prod1820@cloudtest.org' in the variable 'email'
2025-03-19 16:13:07.813 [DEBUG] [thread-id 1] - Store in: store the value 'E2epassword$' in the variable 'password'
2025-03-19 16:13:07.819 [DEBUG] [thread-id 1] - Executing function: 'unified.us.functions.global.authentication.signInAccount'
2025-03-19 16:13:07.820 [DEBUG] [thread-id 1] - conditionally execute a flow. condition: true
2025-03-19 16:13:21.232 [DEBUG] [thread-id 1] - Verify identifier: {TextFieldStackView.containerStackView=[true]}
2025-03-19 16:13:21.377 [DEBUG] [thread-id 1] - Enter text: 'vision-e2e-prod1820@cloudtest.org'
2025-03-19 16:13:26.193 [DEBUG] [thread-id 1] - Click element: 'WelcomeView.ctaButton'
2025-03-19 16:13:26.878 [DEBUG] [thread-id 1] - sleep:  2000 milliseconds
2025-03-19 16:13:29.540 [DEBUG] [thread-id 1] - conditionally execute a flow. condition: true
2025-03-19 16:13:30.845 [DEBUG] [thread-id 1] - Entered Email Successfully
2025-03-19 16:13:32.151 [DEBUG] [thread-id 1] - conditionally execute a flow. condition: true
2025-03-19 16:13:33.589 [DEBUG] [thread-id 1] - Click element: 'AuthChoiceView.passwordStackView'
2025-03-19 16:13:35.689 [DEBUG] [thread-id 1] - Selected Password Option to Login
2025-03-19 16:13:35.705 [DEBUG] [thread-id 1] - Verify identifier: {TextFieldStackView.textField=[true]}
2025-03-19 16:13:35.866 [DEBUG] [thread-id 1] - Enter text: 'E2epassword$'
2025-03-19 16:13:42.691 [DEBUG] [thread-id 1] - Click element: 'AuthChoiceView.ctaButton'
2025-03-19 16:14:03.910 [DEBUG] [thread-id 1] - conditionally execute a flow. condition: true
2025-03-19 16:14:04.589 [DEBUG] [thread-id 1] - sleep:  2000 milliseconds
2025-03-19 16:14:18.222 [DEBUG] [thread-id 1] - Executing function: 'unified.us.functions.utils.handleCartMergePopup'
2025-03-19 16:14:39.327 [DEBUG] [thread-id 1] - No Technical Error Page observed
2025-03-19 16:14:40.209 [DEBUG] [thread-id 1] - Main failed: Cannot find function to execute: 'unified.us.functions.home.toolTip'
2025-03-19 16:14:41.615 [DEBUG] [thread-id 1] - Executing scenario: 'After'
2025-03-19 16:14:41.616 [DEBUG] [thread-id 1] - Executing function: 'unified.us.functions.utils.afterSteps'
2025-03-19 16:14:41.617 [WARN] [thread-id 1] - variable testStatus was used, but r2 could not find a value for this variable. returning default of null
2025-03-19 16:14:41.617 [DEBUG] [thread-id 1] - conditionally execute a flow. condition: false
2025-03-19 16:14:42.318 [DEBUG] [thread-id 1] - Test failed
2025-03-19 16:14:45.962 [DEBUG] [thread-id 1] - Created report: /Users/m0k0a2f/glass-automation/report/index.html
2025-03-19 16:17:36.609 [DEBUG] [thread-id 1] - Executing R2 4.0.2: '/Users/m0k0a2f/glass-automation/us/unified-e2e-tests/test-scripts/vision-flows/production/C2707320-multiple-prescription-and-patients-with-same-lense-and-frame.yaml' on device: 'iPhone 15'
2025-03-19 16:22:43.090 [DEBUG] [thread-id 1] - Executing scenario: 'After'
2025-03-19 16:22:43.196 [DEBUG] [thread-id 1] - Executing function: 'unified.us.functions.utils.afterSteps'
2025-03-19 16:22:43.201 [WARN] [thread-id 1] - variable testStatus was used, but r2 could not find a value for this variable. returning default of null
2025-03-19 16:22:43.223 [DEBUG] [thread-id 1] - conditionally execute a flow. condition: false
2025-03-19 16:24:43.403 [DEBUG] [thread-id 1] - Test failed
2025-03-19 16:31:24.565 [DEBUG] [thread-id 1] - Executing R2 4.0.2: '/Users/m0k0a2f/glass-automation/us/unified-e2e-tests/test-scripts/vision-flows/production/C2707320-multiple-prescription-and-patients-with-same-lense-and-frame.yaml' on device: 'iPhone 15'
2025-03-19 16:32:40.110 [DEBUG] [thread-id 1] - Executing scenario: 'Before'
2025-03-19 16:32:40.114 [DEBUG] [thread-id 1] - Execute before steps
2025-03-19 16:32:40.122 [DEBUG] [thread-id 1] - Executing function: 'us.function.utils.getEnvironmentValue'
2025-03-19 16:32:40.123 [DEBUG] [thread-id 1] - Store in: store the value 'Onboarding' in the variable 'executionStage'
2025-03-19 16:32:40.124 [DEBUG] [thread-id 1] - Store in: store the value 'production' in the variable 'env'
2025-03-19 16:32:40.124 [DEBUG] [thread-id 1] - Timestamp: 1742427160124
2025-03-19 16:32:40.125 [DEBUG] [thread-id 1] - Executing function: 'functions.utils.setPlatformInfo'
2025-03-19 16:32:40.126 [DEBUG] [thread-id 1] - Store in: store the value 'Onboarding' in the variable 'executionStage'
2025-03-19 16:32:40.129 [WARN] [thread-id 1] - variable dependencies.general.appPackage was used, but r2 could not find a value for this variable. returning default of null
2025-03-19 16:32:40.129 [DEBUG] [thread-id 1] - Store in: store the value 'null' in the variable 'appPackage'
2025-03-19 16:32:40.140 [DEBUG] [thread-id 1] - conditionally execute a flow. condition: true
2025-03-19 16:32:40.369 [DEBUG] [thread-id 1] - Store in: store the value 'iOS' in the variable 'platform'
2025-03-19 16:32:40.378 [DEBUG] [thread-id 1] - R2_SUBFLOW_PRE_TRANSACTION
2025-03-19 16:32:40.835 [DEBUG] [thread-id 1] - Using us-errors-helpers.yaml
2025-03-19 16:32:41.295 [DEBUG] [thread-id 1] - Start main
2025-03-19 16:32:41.296 [DEBUG] [thread-id 1] - Executing function: 'unified.us.functions.global.onboarding.navigateOnboardingToHome'
2025-03-19 16:32:41.296 [DEBUG] [thread-id 1] - Store in: store the value 'onboarding' in the variable 'executionStage'
2025-03-19 16:32:41.297 [DEBUG] [thread-id 1] - Welcome screen loaded
2025-03-19 16:32:41.301 [DEBUG] [thread-id 1] - conditionally execute a flow. condition: true
2025-03-19 16:32:41.515 [DEBUG] [thread-id 1] - Verify identifier: {cta.cancel.welcome=[true]}
2025-03-19 16:32:41.742 [DEBUG] [thread-id 1] - Store in: store the value 'true' in the variable 'testStarted'
2025-03-19 16:32:42.013 [DEBUG] [thread-id 1] - Click element: 'cta.cancel.welcome'
2025-03-19 16:32:42.980 [DEBUG] [thread-id 1] - Notifiction Prompt screen loaded
2025-03-19 16:32:43.237 [DEBUG] [thread-id 1] - Verify identifier: {NotificationPermissionViewController.titleLabel=[true]}
2025-03-19 16:32:43.474 [WARN] [thread-id 1] - variable allowNotifications was used, but r2 could not find a value for this variable. returning default of null
2025-03-19 16:32:43.475 [DEBUG] [thread-id 1] - conditionally execute a flow. condition: false
2025-03-19 16:32:45.780 [DEBUG] [thread-id 1] - Click element: 'cta.cancel.notifications'
2025-03-19 16:32:46.231 [DEBUG] [thread-id 1] - location screen loaded
2025-03-19 16:32:46.488 [DEBUG] [thread-id 1] - Verify identifier: {LocationPermissionViewController.titleLabel=[true]}
2025-03-19 16:32:46.488 [DEBUG] [thread-id 1] - Store in: store the value 'true' in the variable 'testStarted'
2025-03-19 16:32:46.528 [DEBUG] [thread-id 1] - Click element: 'Enter zip code'
2025-03-19 16:32:47.216 [DEBUG] [thread-id 1] - Verify identifier: {label.postal-code-entry=[true]}
2025-03-19 16:32:47.217 [DEBUG] [thread-id 1] - sleep:  2000 milliseconds
2025-03-19 16:32:49.296 [DEBUG] [thread-id 1] - Enter text: '95122'
2025-03-19 16:32:51.315 [DEBUG] [thread-id 1] - Click element: 'cta.continue'
2025-03-19 16:32:51.801 [DEBUG] [thread-id 1] - sleep:  3000 milliseconds
2025-03-19 16:33:04.840 [DEBUG] [thread-id 1] - Executing function: 'unified.us.functions.home.handlePersonalizedScreen'
2025-03-19 16:33:05.066 [DEBUG] [thread-id 1] - conditionally execute a flow. condition: true
2025-03-19 16:33:05.285 [DEBUG] [thread-id 1] - Observed Personalize Shopping Screen
2025-03-19 16:33:05.516 [DEBUG] [thread-id 1] - Verify identifier: {ATTPermissionViewController.bodyLabel=[true]}
2025-03-19 16:33:05.972 [DEBUG] [thread-id 1] - conditionally execute a flow. condition: true
2025-03-19 16:33:06.245 [DEBUG] [thread-id 1] - Click element: 'cta.continue.location'
2025-03-19 16:33:08.460 [DEBUG] [thread-id 1] - Personalized Shopping Experience Screen Handled.
2025-03-19 16:33:21.052 [DEBUG] [thread-id 1] - Executing function: 'unified.us.functions.gic.collapseIfExpanded'
2025-03-19 16:33:26.880 [DEBUG] [thread-id 1] - GIC already collapsed
2025-03-19 16:33:28.940 [DEBUG] [thread-id 1] - Verify identifier: {Search Walmart=[true]}
2025-03-19 16:33:28.940 [DEBUG] [thread-id 1] - Executing function: 'unified.us.functions.home.navigateHomeToSignIn'
2025-03-19 16:33:28.941 [DEBUG] [thread-id 1] - Store in: store the value 'Pre-transactions' in the variable 'executionStage'
2025-03-19 16:33:30.405 [DEBUG] [thread-id 1] - Click element: '//XCUIElementTypeButton[@name="Account"] | Account'
2025-03-19 16:33:53.787 [DEBUG] [thread-id 1] - Main failed: Is not present: '//XCUIElementTypeButton[@name="SignInYourAccountTableViewCell.signInButton"] | //XCUIElementTypeButton[@name="SignInYourAccountView.signInButton"]'
2025-03-19 16:33:58.032 [DEBUG] [thread-id 1] - Executing scenario: 'After'
2025-03-19 16:33:58.034 [DEBUG] [thread-id 1] - Executing function: 'unified.us.functions.utils.afterSteps'
2025-03-19 16:33:58.034 [WARN] [thread-id 1] - variable testStatus was used, but r2 could not find a value for this variable. returning default of null
2025-03-19 16:33:58.035 [DEBUG] [thread-id 1] - conditionally execute a flow. condition: false
2025-03-19 16:34:00.148 [DEBUG] [thread-id 1] - Test failed
2025-03-19 16:34:07.994 [DEBUG] [thread-id 1] - Created report: /Users/m0k0a2f/glass-automation/report/index.html
2025-03-19 16:44:57.119 [DEBUG] [thread-id 1] - Executing R2 4.0.2: '/Users/m0k0a2f/glass-automation/us/unified-e2e-tests/test-scripts/vision-flows/production/C2707320-multiple-prescription-and-patients-with-same-lense-and-frame.yaml' on device: 'iPhone 15'
2025-03-19 16:46:26.237 [DEBUG] [thread-id 1] - Executing scenario: 'Before'
2025-03-19 16:46:26.239 [DEBUG] [thread-id 1] - Execute before steps
2025-03-19 16:46:26.243 [DEBUG] [thread-id 1] - Executing function: 'us.function.utils.getEnvironmentValue'
2025-03-19 16:46:26.243 [DEBUG] [thread-id 1] - Store in: store the value 'Onboarding' in the variable 'executionStage'
2025-03-19 16:46:26.244 [DEBUG] [thread-id 1] - Store in: store the value 'production' in the variable 'env'
2025-03-19 16:46:26.244 [DEBUG] [thread-id 1] - Timestamp: 1742427986244
2025-03-19 16:46:26.245 [DEBUG] [thread-id 1] - Executing function: 'functions.utils.setPlatformInfo'
2025-03-19 16:46:26.246 [DEBUG] [thread-id 1] - Store in: store the value 'Onboarding' in the variable 'executionStage'
2025-03-19 16:46:26.248 [WARN] [thread-id 1] - variable dependencies.general.appPackage was used, but r2 could not find a value for this variable. returning default of null
2025-03-19 16:46:26.248 [DEBUG] [thread-id 1] - Store in: store the value 'null' in the variable 'appPackage'
2025-03-19 16:46:26.259 [DEBUG] [thread-id 1] - conditionally execute a flow. condition: true
2025-03-19 16:46:26.482 [DEBUG] [thread-id 1] - Store in: store the value 'iOS' in the variable 'platform'
2025-03-19 16:46:26.491 [DEBUG] [thread-id 1] - R2_SUBFLOW_PRE_TRANSACTION
2025-03-19 16:46:26.942 [DEBUG] [thread-id 1] - Using us-errors-helpers.yaml
2025-03-19 16:46:27.376 [DEBUG] [thread-id 1] - Start main
2025-03-19 16:46:27.377 [DEBUG] [thread-id 1] - Executing function: 'unified.us.functions.global.onboarding.navigateOnboardingToHome'
2025-03-19 16:46:27.378 [DEBUG] [thread-id 1] - Store in: store the value 'onboarding' in the variable 'executionStage'
2025-03-19 16:46:27.378 [DEBUG] [thread-id 1] - Welcome screen loaded
2025-03-19 16:46:27.382 [DEBUG] [thread-id 1] - conditionally execute a flow. condition: true
2025-03-19 16:46:27.598 [DEBUG] [thread-id 1] - Verify identifier: {cta.cancel.welcome=[true]}
2025-03-19 16:46:27.818 [DEBUG] [thread-id 1] - Store in: store the value 'true' in the variable 'testStarted'
2025-03-19 16:46:28.077 [DEBUG] [thread-id 1] - Click element: 'cta.cancel.welcome'
2025-03-19 16:46:28.924 [DEBUG] [thread-id 1] - Notifiction Prompt screen loaded
2025-03-19 16:46:29.178 [DEBUG] [thread-id 1] - Verify identifier: {NotificationPermissionViewController.titleLabel=[true]}
2025-03-19 16:46:29.439 [WARN] [thread-id 1] - variable allowNotifications was used, but r2 could not find a value for this variable. returning default of null
2025-03-19 16:46:29.440 [DEBUG] [thread-id 1] - conditionally execute a flow. condition: false
2025-03-19 16:46:31.733 [DEBUG] [thread-id 1] - Click element: 'cta.cancel.notifications'
2025-03-19 16:46:32.171 [DEBUG] [thread-id 1] - location screen loaded
2025-03-19 16:46:32.418 [DEBUG] [thread-id 1] - Verify identifier: {LocationPermissionViewController.titleLabel=[true]}
2025-03-19 16:46:32.418 [DEBUG] [thread-id 1] - Store in: store the value 'true' in the variable 'testStarted'
2025-03-19 16:46:32.458 [DEBUG] [thread-id 1] - Click element: 'Enter zip code'
2025-03-19 16:46:33.132 [DEBUG] [thread-id 1] - Verify identifier: {label.postal-code-entry=[true]}
2025-03-19 16:46:33.132 [DEBUG] [thread-id 1] - sleep:  2000 milliseconds
2025-03-19 16:46:35.191 [DEBUG] [thread-id 1] - Enter text: '95122'
2025-03-19 16:46:37.086 [DEBUG] [thread-id 1] - Click element: 'cta.continue'
2025-03-19 16:46:37.587 [DEBUG] [thread-id 1] - sleep:  3000 milliseconds
2025-03-19 16:46:50.901 [DEBUG] [thread-id 1] - Executing function: 'unified.us.functions.home.handlePersonalizedScreen'
2025-03-19 16:46:51.115 [DEBUG] [thread-id 1] - conditionally execute a flow. condition: true
2025-03-19 16:46:51.328 [DEBUG] [thread-id 1] - Observed Personalize Shopping Screen
2025-03-19 16:46:51.554 [DEBUG] [thread-id 1] - Verify identifier: {ATTPermissionViewController.bodyLabel=[true]}
2025-03-19 16:46:51.991 [DEBUG] [thread-id 1] - conditionally execute a flow. condition: true
2025-03-19 16:46:52.246 [DEBUG] [thread-id 1] - Click element: 'cta.continue.location'
2025-03-19 16:46:54.225 [DEBUG] [thread-id 1] - Personalized Shopping Experience Screen Handled.
2025-03-19 16:47:06.251 [DEBUG] [thread-id 1] - Executing function: 'unified.us.functions.gic.collapseIfExpanded'
2025-03-19 16:47:11.891 [DEBUG] [thread-id 1] - GIC already collapsed
2025-03-19 16:47:13.856 [DEBUG] [thread-id 1] - Verify identifier: {Search Walmart=[true]}
2025-03-19 16:47:13.857 [DEBUG] [thread-id 1] - Executing function: 'unified.us.functions.home.navigateHomeToSignIn'
2025-03-19 16:47:13.857 [DEBUG] [thread-id 1] - Store in: store the value 'Pre-transactions' in the variable 'executionStage'
2025-03-19 16:47:15.314 [DEBUG] [thread-id 1] - Click element: '//XCUIElementTypeButton[@name="Account"] | Account'
2025-03-19 16:47:38.002 [DEBUG] [thread-id 1] - Main failed: Is not present: '//XCUIElementTypeButton[@name="SignInYourAccountTableViewCell.signInButton"] | //XCUIElementTypeButton[@name="SignInYourAccountView.signInButton"]'
2025-03-19 16:47:42.033 [DEBUG] [thread-id 1] - Executing scenario: 'After'
2025-03-19 16:47:42.034 [DEBUG] [thread-id 1] - Executing function: 'unified.us.functions.utils.afterSteps'
2025-03-19 16:47:42.035 [WARN] [thread-id 1] - variable testStatus was used, but r2 could not find a value for this variable. returning default of null
2025-03-19 16:47:42.035 [DEBUG] [thread-id 1] - conditionally execute a flow. condition: false
2025-03-19 16:47:44.027 [DEBUG] [thread-id 1] - Test failed
2025-03-19 16:47:51.530 [DEBUG] [thread-id 1] - Created report: /Users/m0k0a2f/glass-automation/report/index.html
2025-03-19 20:24:13.175 [DEBUG] [thread-id 1] - Executing R2 4.0.2: '/Users/m0k0a2f/glass-automation/us/unified-e2e-tests/test-scripts/vision-flows/production/C2707320-multiple-prescription-and-patients-with-same-lense-and-frame.yaml' on device: 'iPhone 15'
2025-03-19 20:24:43.574 [ERROR] [thread-id 1] - error setting up appium session: 
org.openqa.selenium.SessionNotCreatedException: Could not start a new session. Possible causes are invalid address of the remote server or browser start-up failure. 
Host info: host: 'm-xqkh4fwq5j', ip: 'fd00:f85b:3b8e:a30b:0:0:0:12bb%en0'
	at org.openqa.selenium.remote.RemoteWebDriver.execute(RemoteWebDriver.java:620) ~[r2.jar:4.0.2]
	at io.appium.java_client.AppiumDriver.startSession(AppiumDriver.java:274) ~[r2.jar:4.0.2]
	at org.openqa.selenium.remote.RemoteWebDriver.<init>(RemoteWebDriver.java:163) ~[r2.jar:4.0.2]
	at io.appium.java_client.AppiumDriver.<init>(AppiumDriver.java:89) ~[r2.jar:4.0.2]
	at io.appium.java_client.AppiumDriver.<init>(AppiumDriver.java:101) ~[r2.jar:4.0.2]
	at io.appium.java_client.ios.IOSDriver.<init>(IOSDriver.java:104) ~[r2.jar:4.0.2]
	at com.walmartlabs.executor.Appium.setupDriver(Appium.java:774) ~[r2.jar:4.0.2]
	at com.walmartlabs.executor.Appium.setupAppium(Appium.java:699) ~[r2.jar:4.0.2]
	at com.walmartlabs.executor.Executor.start(Executor.java:360) [r2.jar:4.0.2]
	at com.walmartlabs.executor.Executor.startExecution(Executor.java:188) [r2.jar:4.0.2]
	at com.walmartlabs.executor.MultipleConfigExecutor.executeConfig(MultipleConfigExecutor.java:319) [r2.jar:4.0.2]
	at com.walmartlabs.executor.MultipleConfigExecutor.start(MultipleConfigExecutor.java:146) [r2.jar:4.0.2]
	at com.walmartlabs.R2.start(R2.java:88) [r2.jar:4.0.2]
	at com.walmartlabs.R2.main(R2.java:133) [r2.jar:4.0.2]
Caused by: org.openqa.selenium.WebDriverException: Connection refused
Build info: version: '4.13.0', revision: 'ba948ece5b*'
System info: os.name: 'Mac OS X', os.arch: 'aarch64', os.version: '15.3.1', java.version: '20.0.1'
Driver info: driver.version: IOSDriver
	at io.appium.java_client.remote.AppiumCommandExecutor.lambda$execute$4(AppiumCommandExecutor.java:262) ~[r2.jar:4.0.2]
	at java.util.Optional.orElseGet(Optional.java:364) ~[?:?]
	at io.appium.java_client.remote.AppiumCommandExecutor.execute(AppiumCommandExecutor.java:261) ~[r2.jar:4.0.2]
	at org.openqa.selenium.remote.RemoteWebDriver.execute(RemoteWebDriver.java:602) ~[r2.jar:4.0.2]
	... 13 more
Caused by: java.net.ConnectException: Connection refused
	at sun.nio.ch.Net.pollConnect(Native Method) ~[?:?]
	at sun.nio.ch.Net.pollConnectNow(Net.java:673) ~[?:?]
	at sun.nio.ch.SocketChannelImpl.finishConnect(SocketChannelImpl.java:973) ~[?:?]
	at io.netty.channel.socket.nio.NioSocketChannel.doFinishConnect(NioSocketChannel.java:337) ~[r2.jar:4.0.2]
	at io.netty.channel.nio.AbstractNioChannel$AbstractNioUnsafe.finishConnect(AbstractNioChannel.java:334) ~[r2.jar:4.0.2]
	at io.netty.channel.nio.NioEventLoop.processSelectedKey(NioEventLoop.java:776) ~[r2.jar:4.0.2]
	at io.netty.channel.nio.NioEventLoop.processSelectedKeysOptimized(NioEventLoop.java:724) ~[r2.jar:4.0.2]
	at io.netty.channel.nio.NioEventLoop.processSelectedKeys(NioEventLoop.java:650) ~[r2.jar:4.0.2]
	at io.netty.channel.nio.NioEventLoop.run(NioEventLoop.java:562) ~[r2.jar:4.0.2]
	at io.netty.util.concurrent.SingleThreadEventExecutor$4.run(SingleThreadEventExecutor.java:997) ~[r2.jar:4.0.2]
	at io.netty.util.internal.ThreadExecutorMap$2.run(ThreadExecutorMap.java:74) ~[r2.jar:4.0.2]
	at io.netty.util.concurrent.FastThreadLocalRunnable.run(FastThreadLocalRunnable.java:30) ~[r2.jar:4.0.2]
	at java.lang.Thread.run(Thread.java:1623) ~[?:?]
2025-03-19 20:24:43.909 [DEBUG] [thread-id 1] - Created report: /Users/m0k0a2f/glass-automation/report/index.html
2025-03-19 20:26:35.828 [DEBUG] [thread-id 1] - Executing R2 4.0.2: '/Users/m0k0a2f/glass-automation/us/unified-e2e-tests/test-scripts/vision-flows/production/C2707320-multiple-prescription-and-patients-with-same-lense-and-frame.yaml' on device: 'iPhone 15'
2025-03-19 20:27:06.109 [ERROR] [thread-id 1] - error setting up appium session: 
org.openqa.selenium.SessionNotCreatedException: Could not start a new session. Possible causes are invalid address of the remote server or browser start-up failure. 
Host info: host: 'm-xqkh4fwq5j', ip: 'fd00:f85b:3b8e:a30b:0:0:0:12bb%en0'
	at org.openqa.selenium.remote.RemoteWebDriver.execute(RemoteWebDriver.java:620) ~[r2.jar:4.0.2]
	at io.appium.java_client.AppiumDriver.startSession(AppiumDriver.java:274) ~[r2.jar:4.0.2]
	at org.openqa.selenium.remote.RemoteWebDriver.<init>(RemoteWebDriver.java:163) ~[r2.jar:4.0.2]
	at io.appium.java_client.AppiumDriver.<init>(AppiumDriver.java:89) ~[r2.jar:4.0.2]
	at io.appium.java_client.AppiumDriver.<init>(AppiumDriver.java:101) ~[r2.jar:4.0.2]
	at io.appium.java_client.ios.IOSDriver.<init>(IOSDriver.java:104) ~[r2.jar:4.0.2]
	at com.walmartlabs.executor.Appium.setupDriver(Appium.java:774) ~[r2.jar:4.0.2]
	at com.walmartlabs.executor.Appium.setupAppium(Appium.java:699) ~[r2.jar:4.0.2]
	at com.walmartlabs.executor.Executor.start(Executor.java:360) [r2.jar:4.0.2]
	at com.walmartlabs.executor.Executor.startExecution(Executor.java:188) [r2.jar:4.0.2]
	at com.walmartlabs.executor.MultipleConfigExecutor.executeConfig(MultipleConfigExecutor.java:319) [r2.jar:4.0.2]
	at com.walmartlabs.executor.MultipleConfigExecutor.start(MultipleConfigExecutor.java:146) [r2.jar:4.0.2]
	at com.walmartlabs.R2.start(R2.java:88) [r2.jar:4.0.2]
	at com.walmartlabs.R2.main(R2.java:133) [r2.jar:4.0.2]
Caused by: org.openqa.selenium.WebDriverException: Connection refused
Build info: version: '4.13.0', revision: 'ba948ece5b*'
System info: os.name: 'Mac OS X', os.arch: 'aarch64', os.version: '15.3.1', java.version: '20.0.1'
Driver info: driver.version: IOSDriver
	at io.appium.java_client.remote.AppiumCommandExecutor.lambda$execute$4(AppiumCommandExecutor.java:262) ~[r2.jar:4.0.2]
	at java.util.Optional.orElseGet(Optional.java:364) ~[?:?]
	at io.appium.java_client.remote.AppiumCommandExecutor.execute(AppiumCommandExecutor.java:261) ~[r2.jar:4.0.2]
	at org.openqa.selenium.remote.RemoteWebDriver.execute(RemoteWebDriver.java:602) ~[r2.jar:4.0.2]
	... 13 more
Caused by: java.net.ConnectException: Connection refused
	at sun.nio.ch.Net.pollConnect(Native Method) ~[?:?]
	at sun.nio.ch.Net.pollConnectNow(Net.java:673) ~[?:?]
	at sun.nio.ch.SocketChannelImpl.finishConnect(SocketChannelImpl.java:973) ~[?:?]
	at io.netty.channel.socket.nio.NioSocketChannel.doFinishConnect(NioSocketChannel.java:337) ~[r2.jar:4.0.2]
	at io.netty.channel.nio.AbstractNioChannel$AbstractNioUnsafe.finishConnect(AbstractNioChannel.java:334) ~[r2.jar:4.0.2]
	at io.netty.channel.nio.NioEventLoop.processSelectedKey(NioEventLoop.java:776) ~[r2.jar:4.0.2]
	at io.netty.channel.nio.NioEventLoop.processSelectedKeysOptimized(NioEventLoop.java:724) ~[r2.jar:4.0.2]
	at io.netty.channel.nio.NioEventLoop.processSelectedKeys(NioEventLoop.java:650) ~[r2.jar:4.0.2]
	at io.netty.channel.nio.NioEventLoop.run(NioEventLoop.java:562) ~[r2.jar:4.0.2]
	at io.netty.util.concurrent.SingleThreadEventExecutor$4.run(SingleThreadEventExecutor.java:997) ~[r2.jar:4.0.2]
	at io.netty.util.internal.ThreadExecutorMap$2.run(ThreadExecutorMap.java:74) ~[r2.jar:4.0.2]
	at io.netty.util.concurrent.FastThreadLocalRunnable.run(FastThreadLocalRunnable.java:30) ~[r2.jar:4.0.2]
	at java.lang.Thread.run(Thread.java:1623) ~[?:?]
2025-03-19 20:27:06.541 [DEBUG] [thread-id 1] - Created report: /Users/m0k0a2f/glass-automation/report/index.html
2025-03-19 20:30:38.367 [DEBUG] [thread-id 1] - Executing R2 4.0.2: '/Users/m0k0a2f/glass-automation/us/unified-e2e-tests/test-scripts/vision-flows/production/C2707320-multiple-prescription-and-patients-with-same-lense-and-frame.yaml' on device: 'iPhone 15'
2025-03-19 20:35:31.045 [DEBUG] [thread-id 1] - Executing scenario: 'Before'
2025-03-19 20:35:31.048 [DEBUG] [thread-id 1] - Execute before steps
2025-03-19 20:35:31.052 [DEBUG] [thread-id 1] - Executing function: 'us.function.utils.getEnvironmentValue'
2025-03-19 20:35:31.052 [DEBUG] [thread-id 1] - Store in: store the value 'Onboarding' in the variable 'executionStage'
2025-03-19 20:35:31.053 [DEBUG] [thread-id 1] - Store in: store the value 'production' in the variable 'env'
2025-03-19 20:35:31.053 [DEBUG] [thread-id 1] - Timestamp: 1742441731053
2025-03-19 20:35:31.054 [DEBUG] [thread-id 1] - Executing function: 'functions.utils.setPlatformInfo'
2025-03-19 20:35:31.055 [DEBUG] [thread-id 1] - Store in: store the value 'Onboarding' in the variable 'executionStage'
2025-03-19 20:35:31.058 [WARN] [thread-id 1] - variable dependencies.general.appPackage was used, but r2 could not find a value for this variable. returning default of null
2025-03-19 20:35:31.058 [DEBUG] [thread-id 1] - Store in: store the value 'null' in the variable 'appPackage'
2025-03-19 20:35:31.067 [DEBUG] [thread-id 1] - conditionally execute a flow. condition: true
2025-03-19 20:35:31.291 [DEBUG] [thread-id 1] - Store in: store the value 'iOS' in the variable 'platform'
2025-03-19 20:35:31.300 [DEBUG] [thread-id 1] - R2_SUBFLOW_PRE_TRANSACTION
2025-03-19 20:35:31.749 [DEBUG] [thread-id 1] - Using us-errors-helpers.yaml
2025-03-19 20:35:32.185 [DEBUG] [thread-id 1] - Start main
2025-03-19 20:35:32.186 [DEBUG] [thread-id 1] - Executing function: 'unified.us.functions.global.onboarding.navigateOnboardingToHome'
2025-03-19 20:35:32.186 [DEBUG] [thread-id 1] - Store in: store the value 'onboarding' in the variable 'executionStage'
2025-03-19 20:35:32.186 [DEBUG] [thread-id 1] - Welcome screen loaded
2025-03-19 20:35:32.189 [DEBUG] [thread-id 1] - conditionally execute a flow. condition: true
2025-03-19 20:35:32.405 [DEBUG] [thread-id 1] - Verify identifier: {cta.cancel.welcome=[true]}
2025-03-19 20:35:32.629 [DEBUG] [thread-id 1] - Store in: store the value 'true' in the variable 'testStarted'
2025-03-19 20:35:32.885 [DEBUG] [thread-id 1] - Click element: 'cta.cancel.welcome'
2025-03-19 20:35:33.802 [DEBUG] [thread-id 1] - Notifiction Prompt screen loaded
2025-03-19 20:35:34.074 [DEBUG] [thread-id 1] - Verify identifier: {NotificationPermissionViewController.titleLabel=[true]}
2025-03-19 20:35:34.309 [WARN] [thread-id 1] - variable allowNotifications was used, but r2 could not find a value for this variable. returning default of null
2025-03-19 20:35:34.310 [DEBUG] [thread-id 1] - conditionally execute a flow. condition: false
2025-03-19 20:35:36.601 [DEBUG] [thread-id 1] - Click element: 'cta.cancel.notifications'
2025-03-19 20:35:37.126 [DEBUG] [thread-id 1] - location screen loaded
2025-03-19 20:35:37.373 [DEBUG] [thread-id 1] - Verify identifier: {LocationPermissionViewController.titleLabel=[true]}
2025-03-19 20:35:37.373 [DEBUG] [thread-id 1] - Store in: store the value 'true' in the variable 'testStarted'
2025-03-19 20:35:37.409 [DEBUG] [thread-id 1] - Click element: 'Enter zip code'
2025-03-19 20:35:38.083 [DEBUG] [thread-id 1] - Verify identifier: {label.postal-code-entry=[true]}
2025-03-19 20:35:38.083 [DEBUG] [thread-id 1] - sleep:  2000 milliseconds
2025-03-19 20:35:40.151 [DEBUG] [thread-id 1] - Enter text: '95122'
2025-03-19 20:35:41.686 [DEBUG] [thread-id 1] - Click element: 'cta.continue'
2025-03-19 20:35:42.193 [DEBUG] [thread-id 1] - sleep:  3000 milliseconds
2025-03-19 20:35:55.283 [DEBUG] [thread-id 1] - Executing function: 'unified.us.functions.home.handlePersonalizedScreen'
2025-03-19 20:35:55.501 [DEBUG] [thread-id 1] - conditionally execute a flow. condition: true
2025-03-19 20:35:55.717 [DEBUG] [thread-id 1] - Observed Personalize Shopping Screen
2025-03-19 20:35:55.945 [DEBUG] [thread-id 1] - Verify identifier: {ATTPermissionViewController.bodyLabel=[true]}
2025-03-19 20:35:56.385 [DEBUG] [thread-id 1] - conditionally execute a flow. condition: true
2025-03-19 20:35:56.633 [DEBUG] [thread-id 1] - Click element: 'cta.continue.location'
2025-03-19 20:35:58.459 [DEBUG] [thread-id 1] - Personalized Shopping Experience Screen Handled.
2025-03-19 20:36:10.855 [DEBUG] [thread-id 1] - Executing function: 'unified.us.functions.gic.collapseIfExpanded'
2025-03-19 20:36:16.434 [DEBUG] [thread-id 1] - GIC already collapsed
2025-03-19 20:36:18.443 [DEBUG] [thread-id 1] - Verify identifier: {Search Walmart=[true]}
2025-03-19 20:36:18.444 [DEBUG] [thread-id 1] - Executing function: 'unified.us.functions.home.navigateHomeToSignIn'
2025-03-19 20:36:18.445 [DEBUG] [thread-id 1] - Store in: store the value 'Pre-transactions' in the variable 'executionStage'
2025-03-19 20:36:19.823 [DEBUG] [thread-id 1] - Click element: '//XCUIElementTypeButton[@name="Account"] | Account'
2025-03-19 20:36:21.714 [DEBUG] [thread-id 1] - Verify identifier: {//XCUIElementTypeButton[@name="SignInYourAccountTableViewCell.signInButton"] | //XCUIElementTypeButton[@name="SignInYourAccountView.signInButton"]=[true]}
2025-03-19 20:36:22.031 [DEBUG] [thread-id 1] - Click element: '//XCUIElementTypeButton[@name="SignInYourAccountTableViewCell.signInButton"] | //XCUIElementTypeButton[@name="SignInYourAccountView.signInButton"]'
2025-03-19 20:36:24.056 [DEBUG] [thread-id 1] - conditionally execute a flow. condition: true
2025-03-19 20:36:25.310 [DEBUG] [thread-id 1] - Store in: store the value 'true' in the variable 'signInValidated'
2025-03-19 20:36:25.322 [DEBUG] [thread-id 1] - conditionally execute a flow. condition: true
2025-03-19 20:36:26.565 [DEBUG] [thread-id 1] - SignIn page loaded
2025-03-19 20:36:27.815 [DEBUG] [thread-id 1] - Store in: store the value 'false' in the variable 'signInValidated'
2025-03-19 20:36:27.823 [DEBUG] [thread-id 1] - Executing function: 'unified.us.functions.authentication.signInInfo'
2025-03-19 20:36:27.824 [DEBUG] [thread-id 1] - conditionally execute a flow. condition: true
2025-03-19 20:36:29.065 [DEBUG] [thread-id 1] - Store in: store the value 'vision-e2e-prod1820@cloudtest.org' in the variable 'email'
2025-03-19 20:36:30.335 [DEBUG] [thread-id 1] - Store in: store the value 'E2epassword$' in the variable 'password'
2025-03-19 20:36:30.342 [DEBUG] [thread-id 1] - Executing function: 'unified.us.functions.global.authentication.signInAccount'
2025-03-19 20:36:30.343 [DEBUG] [thread-id 1] - conditionally execute a flow. condition: true
2025-03-19 20:36:44.116 [DEBUG] [thread-id 1] - Verify identifier: {TextFieldStackView.containerStackView=[true]}
2025-03-19 20:36:44.273 [DEBUG] [thread-id 1] - Enter text: 'vision-e2e-prod1820@cloudtest.org'
2025-03-19 20:36:49.149 [DEBUG] [thread-id 1] - Click element: 'WelcomeView.ctaButton'
2025-03-19 20:36:49.848 [DEBUG] [thread-id 1] - sleep:  2000 milliseconds
2025-03-19 20:36:52.552 [DEBUG] [thread-id 1] - conditionally execute a flow. condition: true
2025-03-19 20:36:53.910 [DEBUG] [thread-id 1] - Entered Email Successfully
2025-03-19 20:36:55.238 [DEBUG] [thread-id 1] - conditionally execute a flow. condition: true
2025-03-19 20:36:56.721 [DEBUG] [thread-id 1] - Click element: 'AuthChoiceView.passwordStackView'
2025-03-19 20:36:58.910 [DEBUG] [thread-id 1] - Selected Password Option to Login
2025-03-19 20:36:58.916 [DEBUG] [thread-id 1] - Verify identifier: {TextFieldStackView.textField=[true]}
2025-03-19 20:36:59.094 [DEBUG] [thread-id 1] - Enter text: 'E2epassword$'
2025-03-19 20:37:05.963 [DEBUG] [thread-id 1] - Click element: 'AuthChoiceView.ctaButton'
2025-03-19 20:37:27.758 [DEBUG] [thread-id 1] - conditionally execute a flow. condition: true
2025-03-19 20:37:28.429 [DEBUG] [thread-id 1] - sleep:  2000 milliseconds
2025-03-19 20:37:42.019 [DEBUG] [thread-id 1] - Executing function: 'unified.us.functions.utils.handleCartMergePopup'
2025-03-19 20:38:02.922 [DEBUG] [thread-id 1] - No Technical Error Page observed
2025-03-19 20:38:02.929 [DEBUG] [thread-id 1] - Executing function: 'unified.us.functions.home.toolTip'
2025-03-19 20:38:13.284 [DEBUG] [thread-id 1] - conditionally execute a flow. condition: false
2025-03-19 20:38:13.969 [DEBUG] [thread-id 1] - no tooltip displayed
2025-03-19 20:38:13.994 [DEBUG] [thread-id 1] - Executing function: 'unified.us.functions.global.navigation.accountToHome'
2025-03-19 20:38:13.995 [DEBUG] [thread-id 1] - Executing function: 'unified.us.functions.global.navigation.toTab'
2025-03-19 20:38:13.996 [DEBUG] [thread-id 1] - Executing function: 'unified.us.functions.utils.scrollIfNotVisible'
2025-03-19 20:38:13.996 [WARN] [thread-id 1] - variable scrollLimit was used, but r2 could not find a value for this variable. returning default of null
2025-03-19 20:38:13.996 [DEBUG] [thread-id 1] - conditionally execute a flow. condition: true
2025-03-19 20:38:14.667 [DEBUG] [thread-id 1] - Store in: store the value '7' in the variable 'scrollLimit'
2025-03-19 20:38:14.673 [DEBUG] [thread-id 1] - Scroll limit set to - 7
2025-03-19 20:38:14.673 [DEBUG] [thread-id 1] - conditionally execute a flow. condition: true
2025-03-19 20:38:15.836 [DEBUG] [thread-id 1] - conditionally execute a flow. condition: true
2025-03-19 20:38:16.527 [DEBUG] [thread-id 1] - Element already visible, scrolling is skipped
2025-03-19 20:38:16.538 [WARN] [thread-id 1] - variable scrollNeeded was used, but r2 could not find a value for this variable. returning default of null
2025-03-19 20:38:16.539 [DEBUG] [thread-id 1] - Resetting scrollPosition variable to default
2025-03-19 20:38:16.539 [DEBUG] [thread-id 1] - Store in: store the value 'null' in the variable 'scrollPosition'
2025-03-19 20:38:16.540 [DEBUG] [thread-id 1] - Store in: store the value 'null' in the variable 'identifierScope'
2025-03-19 20:38:16.540 [DEBUG] [thread-id 1] - Store in: store the value 'null' in the variable 'scrollLimit'
2025-03-19 20:38:16.541 [DEBUG] [thread-id 1] - Store in: store the value 'false' in the variable 'scrollNeeded'
2025-03-19 20:38:16.988 [DEBUG] [thread-id 1] - Click element: '//XCUIElementTypeButton[contains(@name, "Shop")]'
2025-03-19 20:38:17.464 [DEBUG] [thread-id 1] - Executing function: 'unified.us.functions.home.closeWPlusPromotionPopUpIfDisplayed'
2025-03-19 20:38:17.465 [DEBUG] [thread-id 1] - conditionally execute a flow. condition: true
2025-03-19 20:38:32.035 [DEBUG] [thread-id 1] - Executing function: 'unified.us.functions.global.navigation.toCartFromNavBar'
2025-03-19 20:38:32.036 [DEBUG] [thread-id 1] - Store in: store the value 'Transactions' in the variable 'executionStage'
2025-03-19 20:38:33.922 [DEBUG] [thread-id 1] - Verify identifier: {//XCUIElementTypeButton[contains(@label, "Your cart")] | //XCUIElementTypeButton[(@name="SearchResultsViewController.cartButton") or (contains(@label,"Your cart contains") and contains(@label,"The estimated total is")) or (@label="Your cart is empty")]=[true]}
2025-03-19 20:38:35.752 [DEBUG] [thread-id 1] - Click element: '//XCUIElementTypeButton[contains(@label, "Your cart")] | //XCUIElementTypeButton[(@name="SearchResultsViewController.cartButton") or (contains(@label,"Your cart contains") and contains(@label,"The estimated total is")) or (@label="Your cart is empty")]'
2025-03-19 20:38:36.619 [DEBUG] [thread-id 1] - Executing function: 'unified.us.functions.cart.storeChangePopUp'
2025-03-19 20:38:44.358 [DEBUG] [thread-id 1] - No Store Change pop up screen displayed
2025-03-19 20:38:46.241 [DEBUG] [thread-id 1] - conditionally execute a flow. condition: true
2025-03-19 20:38:48.116 [DEBUG] [thread-id 1] - cart Page loaded
2025-03-19 20:38:48.124 [DEBUG] [thread-id 1] - Executing function: 'unified.us.functions.cart.removeAllCartItems'
2025-03-19 20:38:48.125 [DEBUG] [thread-id 1] - Executing function: 'unified.us.functions.cart.storeChangePopUp'
2025-03-19 20:38:51.948 [DEBUG] [thread-id 1] - No Store Change pop up screen displayed
2025-03-19 20:38:51.957 [DEBUG] [thread-id 1] - Executing function: 'unified.us.functions.cart.removeAdonsNotAvailable'
2025-03-19 20:38:57.023 [DEBUG] [thread-id 1] - No remove Adons pop up screen displayed
2025-03-19 20:38:59.033 [DEBUG] [thread-id 1] - conditionally execute a flow. condition: true
2025-03-19 20:39:00.947 [DEBUG] [thread-id 1] - No items in cart
2025-03-19 20:39:00.955 [DEBUG] [thread-id 1] - Executing function: 'unified.us.functions.cart.removeUnavailableItemsFromCart'
2025-03-19 20:39:00.955 [DEBUG] [thread-id 1] - conditionally execute a flow. condition: true
2025-03-19 20:39:14.034 [DEBUG] [thread-id 1] - Executing function: 'unified.us.functions.global.navigation.backNavigation'
2025-03-19 20:39:14.035 [DEBUG] [thread-id 1] - Global Back navigation
2025-03-19 20:39:14.036 [DEBUG] [thread-id 1] - conditionally execute a flow. condition: true
2025-03-19 20:39:20.641 [DEBUG] [thread-id 1] - Click element: '//XCUIElementTypeButton[@name="Back" or @label="Back"] | //XCUIElementTypeNavigationBar[@name="Cart"]/XCUIElementTypeButton[contains(@name,"Search")] | //XCUIElementTypeNavigationBar/XCUIElementTypeButton[not(contains(@label,"cart"))]'
2025-03-19 20:39:21.534 [DEBUG] [thread-id 1] - Executing function: 'unified.us.functions.gic.expandIfCollapsed'
2025-03-19 20:39:26.733 [DEBUG] [thread-id 1] - Verify identifier: {//*[contains(@label,"Collapsed")] | //*[contains(@name,"Collapsed")]=[true]}
2025-03-19 20:39:31.109 [DEBUG] [thread-id 1] - Click element: '//*[contains(@label,"Collapsed")] | //*[contains(@name,"Collapsed")]'
2025-03-19 20:39:32.156 [DEBUG] [thread-id 1] - Executing function: 'unified.us.functions.gic.setFulfillment'
2025-03-19 20:39:32.157 [DEBUG] [thread-id 1] - conditionally execute a flow. condition: true
2025-03-19 20:39:43.097 [DEBUG] [thread-id 1] - conditionally execute a flow. condition: false
2025-03-19 20:39:45.612 [DEBUG] [thread-id 1] - Click element: '//XCUIElementTypeButton[@name="GlobalIntentCenter.Shipping"] | //XCUIElementTypeButton[contains(@name, "Shipping") ] | //XCUIElementTypeButton[@name="HoTIntentOptionsView" or @name="HoTIntentOptionsPhase2View" and contains(@label,"Shipping")]'
2025-03-19 20:39:46.639 [DEBUG] [thread-id 1] - Shipping intent selected
2025-03-19 20:39:47.164 [DEBUG] [thread-id 1] - sleep:  3000 milliseconds
2025-03-19 20:39:50.208 [DEBUG] [thread-id 1] - sleep:  8000 milliseconds
2025-03-19 20:39:58.160 [DEBUG] [thread-id 1] - Executing function: 'unified.us.functions.global.navigation.goToDeepLink'
2025-03-19 20:39:58.162 [DEBUG] [thread-id 1] - Store in: store the value 'Post-transactions' in the variable 'executionStage'
2025-03-19 20:39:58.170 [DEBUG] [thread-id 1] - Open deep link
2025-03-19 20:39:58.175 [DEBUG] [thread-id 1] - walmart://ip/279062625
2025-03-19 20:39:58.177 [DEBUG] [thread-id 1] - Verify value of: '$deepLinkUrl'
2025-03-19 20:39:58.178 [DEBUG] [thread-id 1] - Open link: 'walmart://ip/279062625'
2025-03-19 20:40:03.951 [DEBUG] [thread-id 1] - conditionally execute a flow. condition: true
2025-03-19 20:40:05.192 [DEBUG] [thread-id 1] - Executing function: 'unified.us.functions.global.navigation.openDeepLink'
2025-03-19 20:40:06.020 [DEBUG] [thread-id 1] - Deeplink pop up not displayed
2025-03-19 20:40:06.030 [DEBUG] [thread-id 1] - sleep:  3000 milliseconds
2025-03-19 20:40:09.039 [DEBUG] [thread-id 1] - Executing function: 'unified.us.functions.item.visionItem.verifySelectLenses'
2025-03-19 20:40:09.043 [DEBUG] [thread-id 1] - Scroll: down
2025-03-19 20:41:12.384 [DEBUG] [thread-id 1] - Verify identifier: {//XCUIElementTypeButton[@name="Select lenses"]=[true]}
2025-03-19 20:41:23.164 [DEBUG] [thread-id 1] - Click element: '//XCUIElementTypeButton[@name="Select lenses"]'
2025-03-19 20:41:59.401 [DEBUG] [thread-id 1] - Verify identifier: {//XCUIElementTypeStaticText[@name="Select your lenses"]=[true], //XCUIElementTypeStaticText[@name="Single vision"]=[true], //XCUIElementTypeStaticText[@name="Whats your prescription type?"]=[true]}
2025-03-19 20:42:10.530 [DEBUG] [thread-id 1] - Click element: '//XCUIElementTypeStaticText[@name="Single vision"]'
2025-03-19 20:42:24.334 [DEBUG] [thread-id 1] - Click element: '//XCUIElementTypeButton[@label="Continue"] |  //XCUIElementTypeButton[@label="Done"]'
2025-03-19 20:42:28.017 [DEBUG] [thread-id 1] - sleep:  2000 milliseconds
2025-03-19 20:42:30.024 [DEBUG] [thread-id 1] - conditionally execute a flow. condition: true
2025-03-19 20:42:42.588 [DEBUG] [thread-id 1] - Selecting Lense
2025-03-19 20:43:39.937 [DEBUG] [thread-id 1] - Verify identifier: {//XCUIElementTypeCell[contains(@name,"Clear")] | //XCUIElementTypeCell[@name="Clear, Included, Classic lenses that are great for all purposes."]/XCUIElementTypeOther[2]=[true], //XCUIElementTypeButton[@label="Continue"] |  //XCUIElementTypeButton[@label="Done"]=[true], //XCUIElementTypeButton[@name="Close"]=[true], What type of lenses do you need?=[true], //XCUIElementTypeStaticText[@name="Sunglasses"]=[true]}
2025-03-19 20:43:52.238 [DEBUG] [thread-id 1] - conditionally execute a flow. condition: true
2025-03-19 20:44:04.522 [DEBUG] [thread-id 1] - Selecting 'Clear' option
2025-03-19 20:44:27.935 [DEBUG] [thread-id 1] - Click element: '//XCUIElementTypeCell[contains(@name,"Clear")] | //XCUIElementTypeCell[@name="Clear, Included, Classic lenses that are great for all purposes."]/XCUIElementTypeOther[2]'
2025-03-19 20:45:23.225 [DEBUG] [thread-id 1] - Click element: '//XCUIElementTypeButton[@label="Continue"] |  //XCUIElementTypeButton[@label="Done"]'
2025-03-19 20:45:26.831 [DEBUG] [thread-id 1] - sleep:  2000 milliseconds
2025-03-19 20:45:50.538 [DEBUG] [thread-id 1] - Verify identifier: {//XCUIElementTypeCell[contains(@name,"Standard")]=[true], //XCUIElementTypeStaticText[@name="Polycarbonate"] | //XCUIElementTypeCell[contains(@name,"Standard")]=[true]}
2025-03-19 20:45:50.541 [DEBUG] [thread-id 1] - conditionally execute a flow. condition: true
2025-03-19 20:46:02.758 [DEBUG] [thread-id 1] - Selecting 'Standard' option
2025-03-19 20:46:25.458 [DEBUG] [thread-id 1] - Click element: '//XCUIElementTypeCell[contains(@name,"Standard")]'
2025-03-19 20:46:38.845 [DEBUG] [thread-id 1] - Click element: '//XCUIElementTypeButton[@label="Continue"] |  //XCUIElementTypeButton[@label="Done"]'
2025-03-19 20:46:42.441 [DEBUG] [thread-id 1] - sleep:  2000 milliseconds
2025-03-19 20:46:44.446 [WARN] [thread-id 1] - variable LenseColor was used, but r2 could not find a value for this variable. returning default of null
2025-03-19 20:46:44.449 [WARN] [thread-id 1] - variable LenseColor was used, but r2 could not find a value for this variable. returning default of null
2025-03-19 20:46:56.629 [DEBUG] [thread-id 1] - sleep:  2000 milliseconds
2025-03-19 20:47:19.942 [DEBUG] [thread-id 1] - Verify identifier: {//XCUIElementTypeStaticText[contains(@name,"Is there anything you want to add")]=[true], //XCUIElementTypeCell[contains(@name,"No add-ons")]=[true]}
2025-03-19 20:47:19.945 [DEBUG] [thread-id 1] - conditionally execute a flow. condition: true
2025-03-19 20:47:32.323 [DEBUG] [thread-id 1] - Selecting 'No add-ons'
2025-03-19 20:47:55.555 [DEBUG] [thread-id 1] - Click element: '//XCUIElementTypeCell[contains(@name,"No add-ons")]'
2025-03-19 20:48:09.466 [DEBUG] [thread-id 1] - Click element: '//XCUIElementTypeButton[@label="Continue"] |  //XCUIElementTypeButton[@label="Done"]'
2025-03-19 20:48:13.096 [DEBUG] [thread-id 1] - sleep:  2000 milliseconds
2025-03-19 20:48:56.600 [DEBUG] [thread-id 1] - Verify identifier: {//XCUIElementTypeOther[contains(@label,"Lenses")]=[true], //XCUIElementTypeOther[contains(@label,"Subtotal")]=[true], //XCUIElementTypeStaticText[@name="Review your selections"]=[true], //XCUIElementTypeOther[contains(@label,"Frames")]=[true]}
2025-03-19 20:48:56.611 [DEBUG] [thread-id 1] - Executing function: 'us.functions.item.visionItem.AddPrescription'
2025-03-19 20:48:56.612 [DEBUG] [thread-id 1] - Store in: store the value 'Transactions' in the variable 'executionStage'
2025-03-19 20:49:30.967 [DEBUG] [thread-id 1] - No smart Nudge View pop up
2025-03-19 20:50:13.271 [DEBUG] [thread-id 1] - Click element: '//XCUIElementTypeButton[@label="Add prescription"] | //XCUIElementTypeButton[@name="CartItemTileView.addVisionCTAButton" and @accessible ="true"] | //XCUIElementTypeButton[@name="PrescriptionOrderFooter.addPrescriptionButton"]'
2025-03-19 20:50:21.687 [DEBUG] [thread-id 1] - sleep:  3000 milliseconds
2025-03-19 20:50:24.696 [DEBUG] [thread-id 1] - conditionally execute a flow. condition: true
2025-03-19 20:50:36.856 [DEBUG] [thread-id 1] - Selecting 'PatientA - Native Test'
2025-03-19 20:51:01.011 [DEBUG] [thread-id 1] - conditionally execute a flow. condition: false
2025-03-19 20:51:23.342 [DEBUG] [thread-id 1] - Enter text: 'VisionA'
2025-03-19 20:51:55.601 [DEBUG] [thread-id 1] - Enter text: 'Test'
2025-03-19 20:52:17.987 [DEBUG] [thread-id 1] - conditionally execute a flow. condition: true
2025-03-19 20:52:38.415 [DEBUG] [thread-id 1] - Click element: 'Done'
2025-03-19 20:53:09.041 [DEBUG] [thread-id 1] - Enter text: '08/30/1991'
2025-03-19 20:53:31.105 [DEBUG] [thread-id 1] - conditionally execute a flow. condition: true
2025-03-19 20:53:51.306 [DEBUG] [thread-id 1] - Click element: 'Done'
2025-03-19 20:54:14.636 [DEBUG] [thread-id 1] - Click element: 'AcknowledgementLabel.checkbox'
2025-03-19 20:54:43.680 [DEBUG] [thread-id 1] - Click element: '//XCUIElementTypeButton[@label="Continue"] |  //XCUIElementTypeButton[@label="Done"]'
2025-03-19 20:54:47.274 [DEBUG] [thread-id 1] - Executing function: 'us.functions.item.addVisionPDImage'
2025-03-19 20:55:14.328 [DEBUG] [thread-id 1] - Click element: 'ImageGrid.selectSquare'
2025-03-19 20:55:32.444 [DEBUG] [thread-id 1] - Verify identifier: {//XCUIElementTypeOther[@name="AddPrescriptionFooter.continueButton.bottomSheet"]=[true]}
2025-03-19 20:55:43.265 [DEBUG] [thread-id 1] - Click element: '//XCUIElementTypeOther[@name="AddPrescriptionFooter.continueButton.bottomSheet"]'
2025-03-19 20:55:59.229 [DEBUG] [thread-id 1] - Verify identifier: {Choose existing=[true]}
2025-03-19 20:56:02.031 [DEBUG] [thread-id 1] - Click element: 'Choose existing'
2025-03-19 20:56:21.486 [DEBUG] [thread-id 1] - conditionally execute a flow. condition: true
2025-03-19 20:56:36.381 [DEBUG] [thread-id 1] - Click element: 'PermissionPromptViewController.primaryActionButton'
2025-03-19 20:56:43.679 [DEBUG] [thread-id 1] - sleep:  3000 milliseconds
2025-03-19 20:58:54.005 [DEBUG] [thread-id 1] - Main failed: Is not present: '(//XCUIElementTypeImage[contains(@name, "Photo")])[1] | (//XCUIElementTypeImage[contains(@name,"Screenshot")])[1]'
2025-03-19 20:59:18.400 [DEBUG] [thread-id 1] - Executing scenario: 'After'
2025-03-19 20:59:18.402 [DEBUG] [thread-id 1] - Executing function: 'unified.us.functions.utils.afterSteps'
2025-03-19 20:59:18.402 [WARN] [thread-id 1] - variable testStatus was used, but r2 could not find a value for this variable. returning default of null
2025-03-19 20:59:18.402 [DEBUG] [thread-id 1] - conditionally execute a flow. condition: false
2025-03-19 20:59:30.474 [DEBUG] [thread-id 1] - Test failed
2025-03-19 21:00:08.595 [DEBUG] [thread-id 1] - Created report: /Users/m0k0a2f/glass-automation/report/index.html
