2024-10-24 20:11:14.795 [DEBUG] [thread-id 1] - Executing R2 4.0.2: '/Users/m0k0a2f/glass-automation/./us/e2e-tests/test-scripts/android/golden-flows/Ecomm-And-Fulfillment-Flows/buy-now-flows/pre-transaction/C2666161- create-account-from-buy-now.yaml' on device: 'Pixel_5_API_31'
2024-10-24 20:11:14.912 [INFO] [thread-id 1] - url: http://127.0.0.1:4723
2024-10-24 20:11:45.278 [ERROR] [thread-id 1] - error setting up appium session: 
org.openqa.selenium.SessionNotCreatedException: Could not start a new session. Possible causes are invalid address of the remote server or browser start-up failure. 
Host info: host: 'm-xqkh4fwq5j', ip: '2603:8001:723f:c780:e83f:14fc:fe75:df92%en0'
	at org.openqa.selenium.remote.RemoteWebDriver.execute(RemoteWebDriver.java:620) ~[r2.jar:4.0.2]
	at io.appium.java_client.AppiumDriver.startSession(AppiumDriver.java:274) ~[r2.jar:4.0.2]
	at org.openqa.selenium.remote.RemoteWebDriver.<init>(RemoteWebDriver.java:163) ~[r2.jar:4.0.2]
	at io.appium.java_client.AppiumDriver.<init>(AppiumDriver.java:89) ~[r2.jar:4.0.2]
	at io.appium.java_client.AppiumDriver.<init>(AppiumDriver.java:101) ~[r2.jar:4.0.2]
	at io.appium.java_client.android.AndroidDriver.<init>(AndroidDriver.java:113) ~[r2.jar:4.0.2]
	at com.walmartlabs.executor.Appium.setupDriver(Appium.java:727) ~[r2.jar:4.0.2]
	at com.walmartlabs.executor.Appium.setupAppium(Appium.java:699) ~[r2.jar:4.0.2]
	at com.walmartlabs.executor.Executor.start(Executor.java:360) [r2.jar:4.0.2]
	at com.walmartlabs.executor.Executor.startExecution(Executor.java:188) [r2.jar:4.0.2]
	at com.walmartlabs.executor.MultipleConfigExecutor.executeConfig(MultipleConfigExecutor.java:319) [r2.jar:4.0.2]
	at com.walmartlabs.executor.MultipleConfigExecutor.start(MultipleConfigExecutor.java:146) [r2.jar:4.0.2]
	at com.walmartlabs.R2.start(R2.java:88) [r2.jar:4.0.2]
	at com.walmartlabs.R2.main(R2.java:133) [r2.jar:4.0.2]
Caused by: org.openqa.selenium.WebDriverException: Connection refused
Build info: version: '4.13.0', revision: 'ba948ece5b*'
System info: os.name: 'Mac OS X', os.arch: 'aarch64', os.version: '14.6.1', java.version: '20.0.1'
Driver info: driver.version: AndroidDriver
	at io.appium.java_client.remote.AppiumCommandExecutor.lambda$execute$4(AppiumCommandExecutor.java:262) ~[r2.jar:4.0.2]
	at java.util.Optional.orElseGet(Optional.java:364) ~[?:?]
	at io.appium.java_client.remote.AppiumCommandExecutor.execute(AppiumCommandExecutor.java:261) ~[r2.jar:4.0.2]
	at org.openqa.selenium.remote.RemoteWebDriver.execute(RemoteWebDriver.java:602) ~[r2.jar:4.0.2]
	... 13 more
Caused by: java.net.ConnectException: Connection refused
	at sun.nio.ch.Net.pollConnect(Native Method) ~[?:?]
	at sun.nio.ch.Net.pollConnectNow(Net.java:673) ~[?:?]
	at sun.nio.ch.SocketChannelImpl.finishConnect(SocketChannelImpl.java:973) ~[?:?]
	at io.netty.channel.socket.nio.NioSocketChannel.doFinishConnect(NioSocketChannel.java:337) ~[r2.jar:4.0.2]
	at io.netty.channel.nio.AbstractNioChannel$AbstractNioUnsafe.finishConnect(AbstractNioChannel.java:334) ~[r2.jar:4.0.2]
	at io.netty.channel.nio.NioEventLoop.processSelectedKey(NioEventLoop.java:776) ~[r2.jar:4.0.2]
	at io.netty.channel.nio.NioEventLoop.processSelectedKeysOptimized(NioEventLoop.java:724) ~[r2.jar:4.0.2]
	at io.netty.channel.nio.NioEventLoop.processSelectedKeys(NioEventLoop.java:650) ~[r2.jar:4.0.2]
	at io.netty.channel.nio.NioEventLoop.run(NioEventLoop.java:562) ~[r2.jar:4.0.2]
	at io.netty.util.concurrent.SingleThreadEventExecutor$4.run(SingleThreadEventExecutor.java:997) ~[r2.jar:4.0.2]
	at io.netty.util.internal.ThreadExecutorMap$2.run(ThreadExecutorMap.java:74) ~[r2.jar:4.0.2]
	at io.netty.util.concurrent.FastThreadLocalRunnable.run(FastThreadLocalRunnable.java:30) ~[r2.jar:4.0.2]
	at java.lang.Thread.run(Thread.java:1623) ~[?:?]
2024-10-24 20:11:45.801 [DEBUG] [thread-id 1] - Created report: /Users/m0k0a2f/glass-automation/report/index.html
2024-10-24 20:18:48.825 [DEBUG] [thread-id 1] - Executing R2 4.0.2: '/Users/m0k0a2f/glass-automation/./us/e2e-tests/test-scripts/android/golden-flows/Ecomm-And-Fulfillment-Flows/buy-now-flows/pre-transaction/C2666161- create-account-from-buy-now.yaml' on device: 'Pixel_5_API_31'
2024-10-24 20:18:48.887 [INFO] [thread-id 1] - url: http://127.0.0.1:4723
2024-10-24 20:19:07.873 [DEBUG] [thread-id 1] - Executing scenario: 'Before'
2024-10-24 20:19:07.875 [DEBUG] [thread-id 1] - R2_SUBFLOW_PRE_TRANSACTION
2024-10-24 20:19:07.939 [DEBUG] [thread-id 1] - Using us-errors-helpers.yaml
2024-10-24 20:19:08.008 [DEBUG] [thread-id 1] - Start Main
2024-10-24 20:19:08.009 [DEBUG] [thread-id 1] - Timestamp: 1729826348009
2024-10-24 20:19:08.011 [DEBUG] [thread-id 1] - Executing function: 'us.functions.global.onboarding.navigateOnboardingToHome'
2024-10-24 20:19:08.012 [DEBUG] [thread-id 1] - Executing function: 'us.function.utils.getEnvironmentValue'
2024-10-24 20:19:08.013 [DEBUG] [thread-id 1] - Store in: store the value 'teflon' in the variable 'env'
2024-10-24 20:19:08.013 [DEBUG] [thread-id 1] - Timestamp: 1729826348013
2024-10-24 20:19:08.014 [DEBUG] [thread-id 1] - Start Activity: 'com.walmart.android.debug.com.walmart.glass.integration.splash.SplashActivity'
2024-10-24 20:19:24.329 [DEBUG] [thread-id 1] - conditionally execute a flow. condition: false
2024-10-24 20:19:24.359 [DEBUG] [thread-id 1] - Verify identifier: {com.walmart.android.debug:id/onboarding_welcome_title_textview=[true]}
2024-10-24 20:19:34.396 [DEBUG] [thread-id 1] - conditionally execute a flow. condition: false
2024-10-24 20:19:34.420 [DEBUG] [thread-id 1] - Verify identifier: {com.walmart.android.debug:id/onboarding_welcome_title_textview=[true]}
2024-10-24 20:19:34.496 [DEBUG] [thread-id 1] - Click element: 'com.walmart.android.debug:id/onboarding_welcome_secondary_button'
2024-10-24 20:19:36.542 [DEBUG] [thread-id 1] - Verify identifier: {com.walmart.android.debug:id/onboarding_location_title_textview=[true]}
2024-10-24 20:19:36.607 [DEBUG] [thread-id 1] - Click element: 'com.walmart.android.debug:id/onboarding_zip_code_button'
2024-10-24 20:19:37.552 [DEBUG] [thread-id 1] - Verify identifier: {com.walmart.android.debug:id/onboarding_title_textview=[true]}
2024-10-24 20:19:38.007 [DEBUG] [thread-id 1] - Click element: '//android.widget.EditText[@text="Enter zip code"] | //android.widget.EditText[@text="Enter postal code"] | //android.widget.EditText[@resource-id="com.walmart.android.debug:id/onboarding_zip_code_textinput"]//android.widget.EditText'
2024-10-24 20:19:38.785 [DEBUG] [thread-id 1] - Enter text: '95122'
2024-10-24 20:19:41.651 [DEBUG] [thread-id 1] - Hide keyboard: 'true'
2024-10-24 20:19:45.652 [DEBUG] [thread-id 1] - Click element: 'com.walmart.android.debug:id/onboarding_zip_code_search_button'
2024-10-24 20:19:56.289 [DEBUG] [thread-id 1] - Verify identifier: {com.walmart.android.debug:id/onboarding_title_textview=[true]}
2024-10-24 20:19:56.290 [DEBUG] [thread-id 1] - Executing function: 'us.functions.global.onboarding.popUpScreen'
2024-10-24 20:19:56.291 [DEBUG] [thread-id 1] - sleep:  3000 milliseconds
2024-10-24 20:20:09.312 [DEBUG] [thread-id 1] - Executing function: 'us.functions.global.onboarding.smartLock.DismissNoneOfTheAbove'
2024-10-24 20:20:19.315 [DEBUG] [thread-id 1] - conditionally execute a flow. condition: false
2024-10-24 20:20:29.350 [DEBUG] [thread-id 1] - Executing function: 'us.functions.home.personalizedPopUpScreenClose'
2024-10-24 20:20:29.351 [DEBUG] [thread-id 1] - sleep:  2000 milliseconds
2024-10-24 20:20:31.354 [DEBUG] [thread-id 1] - conditionally execute a flow. condition: true
2024-10-24 20:20:31.453 [DEBUG] [thread-id 1] - Click element: 'com.walmart.android.debug:id/marketing_privacy_bottom_sheet_deny_btn'
2024-10-24 20:20:33.378 [DEBUG] [thread-id 1] - conditionally execute a flow. condition: true
2024-10-24 20:20:33.483 [DEBUG] [thread-id 1] - Click element: '//android.widget.ImageView[@content-desc="Close"]'
2024-10-24 20:20:34.255 [DEBUG] [thread-id 1] - Executing function: 'us.functions.utils.tryAgainWhenThereIsError'
2024-10-24 20:20:34.256 [DEBUG] [thread-id 1] - loop: from 0 to 3
2024-10-24 20:20:34.347 [DEBUG] [thread-id 1] - 0
2024-10-24 20:20:45.291 [DEBUG] [thread-id 1] - conditionally execute a flow. condition: false
2024-10-24 20:20:55.372 [DEBUG] [thread-id 1] - Executing function: 'us.functions.gic.collapseIfExpanded'
2024-10-24 20:21:05.444 [DEBUG] [thread-id 1] - conditionally execute a flow. condition: false
2024-10-24 20:21:05.491 [DEBUG] [thread-id 1] - gic is collapsed
2024-10-24 20:21:05.541 [DEBUG] [thread-id 1] - Verify identifier: {//android.widget.EditText[@resource-id="com.walmart.android.debug:id/search_view"]=[true]}
2024-10-24 20:21:05.541 [DEBUG] [thread-id 1] - Executing function: 'us.functions.home.handleReorderToolTip'
2024-10-24 20:21:15.586 [DEBUG] [thread-id 1] - conditionally execute a flow. condition: false
2024-10-24 20:21:15.663 [DEBUG] [thread-id 1] - no tooltip displayed
2024-10-24 20:21:15.665 [DEBUG] [thread-id 1] - Executing function: 'us.functions.home.setStore'
2024-10-24 20:21:15.666 [DEBUG] [thread-id 1] - conditionally execute a flow. condition: true
2024-10-24 20:21:16.274 [DEBUG] [thread-id 1] - Store in: store the value '95122' in the variable 'zipcode'
2024-10-24 20:21:26.322 [DEBUG] [thread-id 1] - conditionally execute a flow. condition: false
2024-10-24 20:21:26.375 [DEBUG] [thread-id 1] - Executing function: 'us.functions.home.changeStore'
2024-10-24 20:21:26.424 [DEBUG] [thread-id 1] - conditionally execute a flow. condition: true
2024-10-24 20:21:26.521 [DEBUG] [thread-id 1] - Click element: '//android.widget.ImageView[contains(@resource-id, "com.walmart.android.debug:id/global_intent_center_collapsed_chevron") and (contains(@content-desc,"collapsed") or contains(@content-desc,"collapse"))]'
2024-10-24 20:21:27.318 [DEBUG] [thread-id 1] - conditionally execute a flow. condition: false
2024-10-24 20:21:27.599 [DEBUG] [thread-id 1] - Selecting only store without intent
2024-10-24 20:21:27.600 [WARN] [thread-id 1] - variable driverpopup was used, but r2 could not find a value for this variable. returning default of null
2024-10-24 20:21:37.706 [DEBUG] [thread-id 1] - sleep:  2000 milliseconds
2024-10-24 20:21:39.712 [DEBUG] [thread-id 1] - Executing function: 'us.functions.home.closeWPlusPromotionPopUpIfDisplayed'
2024-10-24 20:21:39.713 [DEBUG] [thread-id 1] - sleep:  6000 milliseconds
2024-10-24 20:22:09.542 [DEBUG] [thread-id 1] - Click element: '//*[contains(@resource-id, "global_intent_center_expanded_view")]//androidx.cardview.widget.CardView[contains(@resource-id, "global_intent_center_expanded_large_card")][position()=last()]//*[contains(@resource-id, "global_intent_center_large_card_chevron")] | //*[@resource-id="com.walmart.android.debug:id/gic_hot_pickup_card"]//*[@resource-id = "com.walmart.android.debug:id/gic_hot_card_content"]'
2024-10-24 20:22:10.370 [DEBUG] [thread-id 1] - --- Selecting the store ---
2024-10-24 20:22:25.858 [DEBUG] [thread-id 1] - conditionally execute a flow. condition: false
2024-10-24 20:24:57.255 [DEBUG] [thread-id 1] - Executing R2 4.0.2: '/Users/m0k0a2f/glass-automation/./us/e2e-tests/test-scripts/android/golden-flows/Ecomm-And-Fulfillment-Flows/buy-now-flows/pre-transaction/C2666161- create-account-from-buy-now.yaml' on device: 'Pixel_5_API_31'
2024-10-24 20:24:57.321 [INFO] [thread-id 1] - url: http://127.0.0.1:4723
2024-10-24 20:25:16.233 [DEBUG] [thread-id 1] - Executing scenario: 'Before'
2024-10-24 20:25:16.235 [DEBUG] [thread-id 1] - R2_SUBFLOW_PRE_TRANSACTION
2024-10-24 20:25:16.462 [DEBUG] [thread-id 1] - Using us-errors-helpers.yaml
2024-10-24 20:25:17.135 [DEBUG] [thread-id 1] - Start Main
2024-10-24 20:25:17.137 [DEBUG] [thread-id 1] - Executing function: 'us.functions.utils.fetchFulcrumAvailableItem'
2024-10-24 20:25:17.138 [DEBUG] [thread-id 1] - Fetching Item available in stock using Fulcrum API for Item type FC_DELIVERY
2024-10-24 20:25:17.139 [WARN] [thread-id 1] - variable storeId was used, but r2 could not find a value for this variable. returning default of null
2024-10-24 20:25:17.149 [DEBUG] [thread-id 1] - conditionally execute a flow. condition: true
2024-10-24 20:25:17.323 [DEBUG] [thread-id 1] - Store in: store the value '32144' in the variable 'storeId'
2024-10-24 20:25:17.324 [WARN] [thread-id 1] - variable nextGen was used, but r2 could not find a value for this variable. returning default of null
2024-10-24 20:25:17.324 [DEBUG] [thread-id 1] - conditionally execute a flow. condition: true
2024-10-24 20:25:17.402 [DEBUG] [thread-id 1] - Store in: store the value 'nextgen' in the variable 'version'
2024-10-24 20:25:17.403 [WARN] [thread-id 1] - variable itemStatusHeader was used, but r2 could not find a value for this variable. returning default of null
2024-10-24 20:25:17.403 [DEBUG] [thread-id 1] - conditionally execute a flow. condition: true
2024-10-24 20:25:17.440 [DEBUG] [thread-id 1] - Store in: store the value 'SUCCESS' in the variable 'itemStatusHeader'
2024-10-24 20:25:17.441 [DEBUG] [thread-id 1] - conditionally execute a flow. condition: true
2024-10-24 20:25:17.469 [WARN] [thread-id 1] - variable itemSubFilter was used, but r2 could not find a value for this variable. returning default of null
2024-10-24 20:25:17.470 [DEBUG] [thread-id 1] - conditionally execute a flow. condition: false
2024-10-24 20:25:17.502 [DEBUG] [thread-id 1] - conditionally execute a flow. condition: false
2024-10-24 20:25:17.532 [WARN] [thread-id 1] - variable itemSubFilter was used, but r2 could not find a value for this variable. returning default of null
2024-10-24 20:25:17.533 [DEBUG] [thread-id 1] - conditionally execute a flow. condition: false
2024-10-24 20:25:17.576 [DEBUG] [thread-id 1] - conditionally execute a flow. condition: false
2024-10-24 20:25:17.598 [DEBUG] [thread-id 1] - conditionally execute a flow. condition: true
2024-10-24 20:25:17.626 [DEBUG] [thread-id 1] - Store in: store the value 'http://astro.walmart.com/api/v3/teflon/internal/getItemHealth/32144/FC_DELIVERY?itemType=buynow' in the variable 'fetchURL'
2024-10-24 20:25:17.649 [DEBUG] [thread-id 1] - Store in: store the value 'nextgen' in the variable 'version'
2024-10-24 20:25:17.650 [DEBUG] [thread-id 1] - Store in: store the value 'null' in the variable 'itemDetails'
2024-10-24 20:25:17.673 [DEBUG] [thread-id 1] - conditionally execute a flow. condition: true
2024-10-24 20:25:17.705 [DEBUG] [thread-id 1] - NextGen API
2024-10-24 20:25:17.739 [DEBUG] [thread-id 1] - Call API: 'http://astro.walmart.com/api/v3/teflon/internal/getItemHealth/32144/FC_DELIVERY?itemType=buynow'
2024-10-24 20:25:23.386 [DEBUG] [thread-id 1] - Response code is: '200'. Response body is: '{"astroStatus":"SUCCESS","astroDescription":"Items found in itemHealth Collection","astroDetails":[{"inEligiblePaths":[],"_id":"6352f4b5ba71e839c00ea07a","itemId":"111220513","orderType":"FC_DELIVERY","storeId":"32144","__v":0,"createdAt":"2022-10-21T19:36:21.367Z","orderNumber":null,"astroStatus":"SUCCESS","astroDescription":"FC_DELIVERY (111220513), ORDER CREATED","updatedAt":"2024-10-25T03:15:11.727Z","eligiblePaths":["app e2e regression","buynow","careplan","homeservice"],"price":{"currencyAmount":100.3,"currencyUnit":"USD","unit":"EA"},"offerId":"552965CB94BC464EB64BC0824B042984","paymentTypes":["cc"]},{"inEligiblePaths":[],"_id":"641c83a5b2ad5031d40afdd3","itemId":"821681268","orderType":"FC_DELIVERY","storeId":"32144","__v":0,"createdAt":"2023-03-23T16:51:49.812Z","orderNumber":null,"astroStatus":"SUCCESS","astroDescription":"FC_DELIVERY (821681268), ORDER CREATED","eligiblePaths":["app e2e regression","buynow"],"price":{"currencyAmount":41.09,"currencyUnit":"USD"},"offerId":"FBF389D8894A4BDAACA8795A7EB7706A","updatedAt":"2024-10-25T03:15:16.318Z","paymentTypes":["cc"]},{"inEligiblePaths":[],"_id":"651b6ba1ed29e724002a40e8","itemId":"2110489082","orderType":"FC_DELIVERY","storeId":"32144","__v":0,"createdAt":"2023-10-03T01:17:21.764Z","orderNumber":null,"astroStatus":"SUCCESS","astroDescription":"FC_DELIVERY (2110489082), ORDER CREATED","eligiblePaths":["buynow"],"price":{"currencyAmount":39,"currencyUnit":"USD","unit":"EA"},"offerId":"2B0EEC6FD93843748E48E676EF7C2FDF","updatedAt":"2024-10-25T03:15:16.815Z","paymentTypes":["cc"]},{"inEligiblePaths":[],"_id":"65431bcf85037106738fadb9","itemId":"5000209940","orderType":"FC_DELIVERY","storeId":"32144","__v":0,"createdAt":"2023-11-02T03:47:27.816Z","orderNumber":null,"astroStatus":"SUCCESS","astroDescription":"FC_DELIVERY (5000209940), ORDER CREATED","eligiblePaths":["gm","app e2e regression","buynow"],"price":{"currencyAmount":360,"currencyUnit":"USD","unit":"EA"},"offerId":"52D0772E29FE3841A48277170B14D190","updatedAt":"2024-10-25T03:15:12.912Z","paymentTypes":["cc"]},{"inEligiblePaths":[],"_id":"65431d0345e8ade902be7a74","itemId":"5000209939","orderType":"FC_DELIVERY","storeId":"32144","__v":0,"createdAt":"2023-11-02T03:52:35.100Z","orderNumber":null,"astroStatus":"SUCCESS","astroDescription":"FC_DELIVERY (5000209939), ORDER CREATED","eligiblePaths":["gm","app e2e regression","buynow"],"price":{"currencyAmount":360,"currencyUnit":"USD","unit":"EA"},"offerId":"82EEB8499F4138E9969F488404DEDE3B","updatedAt":"2024-10-25T03:15:17.303Z","paymentTypes":["cc"]},{"inEligiblePaths":[],"_id":"65652967bf37af33c6d20434","itemId":"419295100","orderType":"FC_DELIVERY","storeId":"32144","__v":0,"createdAt":"2023-11-27T23:42:31.610Z","orderNumber":null,"astroStatus":"SUCCESS","astroDescription":"FC_DELIVERY (419295100), ORDER CREATED","eligiblePaths":["keepit","app e2e regression","buynow","freight"],"paymentTypes":["cc","wmcredit","ebtsnap"],"price":{"currencyAmount":200,"currencyUnit":"USD","unit":"EA"},"offerId":"C1CB9BEBDE6D439182EDCFCC42CDB4B9","updatedAt":"2024-10-25T03:15:09.864Z"},{"inEligiblePaths":[],"_id":"66cfca743072fd6420a4c0da","itemId":"5013212719","orderType":"FC_DELIVERY","storeId":"32144","__v":0,"createdAt":"2024-08-29T01:10:12.832Z","orderNumber":null,"astroStatus":"SUCCESS","astroDescription":"FC_DELIVERY (5013212719), ORDER CREATED","eligiblePaths":["w+fav","app e2e regression","buynow"],"paymentTypes":[],"price":{"currencyAmount":260,"currencyUnit":"USD","unit":"EA"},"offerId":"ABAD01FEA69C34B79ACE7B12260DF319","updatedAt":"2024-10-25T03:16:42.089Z"},{"inEligiblePaths":[],"_id":"66cfca750284d134e15aebd7","itemId":"302238985","orderType":"FC_DELIVERY","storeId":"32144","__v":0,"createdAt":"2024-08-29T01:10:13.009Z","orderNumber":null,"astroStatus":"SUCCESS","astroDescription":"FC_DELIVERY (302238985), ORDER CREATED","eligiblePaths":["w+fav","app e2e regression","buynow"],"paymentTypes":[],"price":{"currencyAmount":0},"offerId":"FD58CF8AC7F94770B4BB3E0F5FC4C01D","updatedAt":"2024-10-25T03:16:41.553Z"},{"inEligiblePaths":[],"_id":"66cfca751913c56512953067","itemId":"5013644829","orderType":"FC_DELIVERY","storeId":"32144","__v":0,"createdAt":"2024-08-29T01:10:13.076Z","orderNumber":null,"astroStatus":"SUCCESS","astroDescription":"FC_DELIVERY (5013644829), ORDER CREATED","eligiblePaths":["w+fav","app e2e regression","buynow"],"paymentTypes":[],"price":{"currencyAmount":800,"currencyUnit":"USD","unit":"EA"},"offerId":"28435B58A3F23A18B7848F0CF1A2C449","updatedAt":"2024-10-25T03:16:41.998Z"},{"inEligiblePaths":[],"_id":"66cfca7598853b757409502c","itemId":"3793756050","orderType":"FC_DELIVERY","storeId":"32144","__v":0,"createdAt":"2024-08-29T01:10:13.305Z","orderNumber":null,"astroStatus":"SUCCESS","astroDescription":"FC_DELIVERY (3793756050), ORDER CREATED","eligiblePaths":["w+fav","app e2e regression","buynow"],"paymentTypes":[],"price":{"currencyAmount":360,"currencyUnit":"USD","unit":"EA"},"offerId":"DE79AB9D46B34335A10081FAEB5E950D","updatedAt":"2024-10-25T03:16:42.019Z"},{"inEligiblePaths":[],"_id":"66cfca750e0c45a7821de819","itemId":"817684947","orderType":"FC_DELIVERY","storeId":"32144","__v":0,"createdAt":"2024-08-29T01:10:13.481Z","orderNumber":null,"astroStatus":"SUCCESS","astroDescription":"FC_DELIVERY (817684947), ORDER CREATED","eligiblePaths":["w+fav","buynow"],"paymentTypes":[],"price":{"currencyAmount":227,"currencyUnit":"USD","unit":"EA"},"offerId":"0E62FF96326338C2A460A6454FCE3395","updatedAt":"2024-10-25T03:16:41.550Z"},{"inEligiblePaths":[],"_id":"66d7837a0e945c536cc4906c","itemId":"5000104958","orderType":"FC_DELIVERY","storeId":"32144","__v":0,"createdAt":"2024-09-03T21:45:30.003Z","orderNumber":null,"astroStatus":"SUCCESS","astroDescription":"FC_DELIVERY (5000104958), ORDER CREATED","eligiblePaths":["oms_regression","buynow"],"paymentTypes":[],"price":{"currencyAmount":390,"currencyUnit":"USD","unit":"EA"},"offerId":"DCA7B55503F733608E5FDAFBBF1DA076","updatedAt":"2024-10-25T03:16:42.643Z"},{"inEligiblePaths":[],"_id":"66d7fc1d1028fa52341db90e","itemId":"5000104961","orderType":"FC_DELIVERY","storeId":"32144","__v":0,"createdAt":"2024-09-04T06:20:13.882Z","orderNumber":null,"astroStatus":"SUCCESS","astroDescription":"FC_DELIVERY (5000104961), ORDER CREATED","eligiblePaths":["oms_regression","buynow"],"paymentTypes":[],"price":{"currencyAmount":360,"currencyUnit":"USD","unit":"EA"},"offerId":"0EE58A5AA14B38778B50DF07469A0165","updatedAt":"2024-10-25T03:16:42.641Z"},{"inEligiblePaths":[],"_id":"66d7fc1e08dd945a287c0f09","itemId":"5000040591","orderType":"FC_DELIVERY","storeId":"32144","__v":0,"createdAt":"2024-09-04T06:20:14.130Z","orderNumber":null,"astroStatus":"SUCCESS","astroDescription":"FC_DELIVERY (5000040591), ORDER CREATED","eligiblePaths":["oms_regression","buynow"],"paymentTypes":[],"price":{"currencyAmount":50,"currencyUnit":"USD"},"offerId":"45834C4A966E39BF9A1E7AF977890ABC","updatedAt":"2024-10-25T03:16:43.787Z"},{"inEligiblePaths":[],"_id":"66d7fc1e51963405801f598e","itemId":"5000104959","orderType":"FC_DELIVERY","storeId":"32144","__v":0,"createdAt":"2024-09-04T06:20:14.231Z","orderNumber":null,"astroStatus":"SUCCESS","astroDescription":"FC_DELIVERY (5000104959), ORDER CREATED","eligiblePaths":["oms_regression","buynow"],"paymentTypes":[],"price":{"currencyAmount":370,"currencyUnit":"USD","unit":"EA"},"offerId":"C88FDC18CA603547A6AF9E75BE2F3FCB","updatedAt":"2024-10-25T03:16:42.703Z"}]}'
2024-10-24 20:25:23.456 [DEBUG] [thread-id 1] - conditionally execute a flow. condition: false
2024-10-24 20:25:23.481 [DEBUG] [thread-id 1] - SUCCESSFUL item fetched from astro API.
2024-10-24 20:25:23.504 [DEBUG] [thread-id 1] - loop: over '[{"inEligiblePaths":[],"_id":"6352f4b5ba71e839c00ea07a","itemId":"111220513","orderType":"FC_DELIVERY","storeId":"32144","__v":0,"createdAt":"2022-10-21T19:36:21.367Z","orderNumber":null,"astroStatus":"SUCCESS","astroDescription":"FC_DELIVERY (111220513), ORDER CREATED","updatedAt":"2024-10-25T03:15:11.727Z","eligiblePaths":["app e2e regression","buynow","careplan","homeservice"],"price":{"currencyAmount":100.3,"currencyUnit":"USD","unit":"EA"},"offerId":"552965CB94BC464EB64BC0824B042984","paymentTypes":["cc"]},{"inEligiblePaths":[],"_id":"641c83a5b2ad5031d40afdd3","itemId":"821681268","orderType":"FC_DELIVERY","storeId":"32144","__v":0,"createdAt":"2023-03-23T16:51:49.812Z","orderNumber":null,"astroStatus":"SUCCESS","astroDescription":"FC_DELIVERY (821681268), ORDER CREATED","eligiblePaths":["app e2e regression","buynow"],"price":{"currencyAmount":41.09,"currencyUnit":"USD"},"offerId":"FBF389D8894A4BDAACA8795A7EB7706A","updatedAt":"2024-10-25T03:15:16.318Z","paymentTypes":["cc"]},{"inEligiblePaths":[],"_id":"651b6ba1ed29e724002a40e8","itemId":"2110489082","orderType":"FC_DELIVERY","storeId":"32144","__v":0,"createdAt":"2023-10-03T01:17:21.764Z","orderNumber":null,"astroStatus":"SUCCESS","astroDescription":"FC_DELIVERY (2110489082), ORDER CREATED","eligiblePaths":["buynow"],"price":{"currencyAmount":39,"currencyUnit":"USD","unit":"EA"},"offerId":"2B0EEC6FD93843748E48E676EF7C2FDF","updatedAt":"2024-10-25T03:15:16.815Z","paymentTypes":["cc"]},{"inEligiblePaths":[],"_id":"65431bcf85037106738fadb9","itemId":"5000209940","orderType":"FC_DELIVERY","storeId":"32144","__v":0,"createdAt":"2023-11-02T03:47:27.816Z","orderNumber":null,"astroStatus":"SUCCESS","astroDescription":"FC_DELIVERY (5000209940), ORDER CREATED","eligiblePaths":["gm","app e2e regression","buynow"],"price":{"currencyAmount":360,"currencyUnit":"USD","unit":"EA"},"offerId":"52D0772E29FE3841A48277170B14D190","updatedAt":"2024-10-25T03:15:12.912Z","paymentTypes":["cc"]},{"inEligiblePaths":[],"_id":"65431d0345e8ade902be7a74","itemId":"5000209939","orderType":"FC_DELIVERY","storeId":"32144","__v":0,"createdAt":"2023-11-02T03:52:35.100Z","orderNumber":null,"astroStatus":"SUCCESS","astroDescription":"FC_DELIVERY (5000209939), ORDER CREATED","eligiblePaths":["gm","app e2e regression","buynow"],"price":{"currencyAmount":360,"currencyUnit":"USD","unit":"EA"},"offerId":"82EEB8499F4138E9969F488404DEDE3B","updatedAt":"2024-10-25T03:15:17.303Z","paymentTypes":["cc"]},{"inEligiblePaths":[],"_id":"65652967bf37af33c6d20434","itemId":"419295100","orderType":"FC_DELIVERY","storeId":"32144","__v":0,"createdAt":"2023-11-27T23:42:31.610Z","orderNumber":null,"astroStatus":"SUCCESS","astroDescription":"FC_DELIVERY (419295100), ORDER CREATED","eligiblePaths":["keepit","app e2e regression","buynow","freight"],"paymentTypes":["cc","wmcredit","ebtsnap"],"price":{"currencyAmount":200,"currencyUnit":"USD","unit":"EA"},"offerId":"C1CB9BEBDE6D439182EDCFCC42CDB4B9","updatedAt":"2024-10-25T03:15:09.864Z"},{"inEligiblePaths":[],"_id":"66cfca743072fd6420a4c0da","itemId":"5013212719","orderType":"FC_DELIVERY","storeId":"32144","__v":0,"createdAt":"2024-08-29T01:10:12.832Z","orderNumber":null,"astroStatus":"SUCCESS","astroDescription":"FC_DELIVERY (5013212719), ORDER CREATED","eligiblePaths":["w+fav","app e2e regression","buynow"],"paymentTypes":[],"price":{"currencyAmount":260,"currencyUnit":"USD","unit":"EA"},"offerId":"ABAD01FEA69C34B79ACE7B12260DF319","updatedAt":"2024-10-25T03:16:42.089Z"},{"inEligiblePaths":[],"_id":"66cfca750284d134e15aebd7","itemId":"302238985","orderType":"FC_DELIVERY","storeId":"32144","__v":0,"createdAt":"2024-08-29T01:10:13.009Z","orderNumber":null,"astroStatus":"SUCCESS","astroDescription":"FC_DELIVERY (302238985), ORDER CREATED","eligiblePaths":["w+fav","app e2e regression","buynow"],"paymentTypes":[],"price":{"currencyAmount":0},"offerId":"FD58CF8AC7F94770B4BB3E0F5FC4C01D","updatedAt":"2024-10-25T03:16:41.553Z"},{"inEligiblePaths":[],"_id":"66cfca751913c56512953067","itemId":"5013644829","orderType":"FC_DELIVERY","storeId":"32144","__v":0,"createdAt":"2024-08-29T01:10:13.076Z","orderNumber":null,"astroStatus":"SUCCESS","astroDescription":"FC_DELIVERY (5013644829), ORDER CREATED","eligiblePaths":["w+fav","app e2e regression","buynow"],"paymentTypes":[],"price":{"currencyAmount":800,"currencyUnit":"USD","unit":"EA"},"offerId":"28435B58A3F23A18B7848F0CF1A2C449","updatedAt":"2024-10-25T03:16:41.998Z"},{"inEligiblePaths":[],"_id":"66cfca7598853b757409502c","itemId":"3793756050","orderType":"FC_DELIVERY","storeId":"32144","__v":0,"createdAt":"2024-08-29T01:10:13.305Z","orderNumber":null,"astroStatus":"SUCCESS","astroDescription":"FC_DELIVERY (3793756050), ORDER CREATED","eligiblePaths":["w+fav","app e2e regression","buynow"],"paymentTypes":[],"price":{"currencyAmount":360,"currencyUnit":"USD","unit":"EA"},"offerId":"DE79AB9D46B34335A10081FAEB5E950D","updatedAt":"2024-10-25T03:16:42.019Z"},{"inEligiblePaths":[],"_id":"66cfca750e0c45a7821de819","itemId":"817684947","orderType":"FC_DELIVERY","storeId":"32144","__v":0,"createdAt":"2024-08-29T01:10:13.481Z","orderNumber":null,"astroStatus":"SUCCESS","astroDescription":"FC_DELIVERY (817684947), ORDER CREATED","eligiblePaths":["w+fav","buynow"],"paymentTypes":[],"price":{"currencyAmount":227,"currencyUnit":"USD","unit":"EA"},"offerId":"0E62FF96326338C2A460A6454FCE3395","updatedAt":"2024-10-25T03:16:41.550Z"},{"inEligiblePaths":[],"_id":"66d7837a0e945c536cc4906c","itemId":"5000104958","orderType":"FC_DELIVERY","storeId":"32144","__v":0,"createdAt":"2024-09-03T21:45:30.003Z","orderNumber":null,"astroStatus":"SUCCESS","astroDescription":"FC_DELIVERY (5000104958), ORDER CREATED","eligiblePaths":["oms_regression","buynow"],"paymentTypes":[],"price":{"currencyAmount":390,"currencyUnit":"USD","unit":"EA"},"offerId":"DCA7B55503F733608E5FDAFBBF1DA076","updatedAt":"2024-10-25T03:16:42.643Z"},{"inEligiblePaths":[],"_id":"66d7fc1d1028fa52341db90e","itemId":"5000104961","orderType":"FC_DELIVERY","storeId":"32144","__v":0,"createdAt":"2024-09-04T06:20:13.882Z","orderNumber":null,"astroStatus":"SUCCESS","astroDescription":"FC_DELIVERY (5000104961), ORDER CREATED","eligiblePaths":["oms_regression","buynow"],"paymentTypes":[],"price":{"currencyAmount":360,"currencyUnit":"USD","unit":"EA"},"offerId":"0EE58A5AA14B38778B50DF07469A0165","updatedAt":"2024-10-25T03:16:42.641Z"},{"inEligiblePaths":[],"_id":"66d7fc1e08dd945a287c0f09","itemId":"5000040591","orderType":"FC_DELIVERY","storeId":"32144","__v":0,"createdAt":"2024-09-04T06:20:14.130Z","orderNumber":null,"astroStatus":"SUCCESS","astroDescription":"FC_DELIVERY (5000040591), ORDER CREATED","eligiblePaths":["oms_regression","buynow"],"paymentTypes":[],"price":{"currencyAmount":50,"currencyUnit":"USD"},"offerId":"45834C4A966E39BF9A1E7AF977890ABC","updatedAt":"2024-10-25T03:16:43.787Z"},{"inEligiblePaths":[],"_id":"66d7fc1e51963405801f598e","itemId":"5000104959","orderType":"FC_DELIVERY","storeId":"32144","__v":0,"createdAt":"2024-09-04T06:20:14.231Z","orderNumber":null,"astroStatus":"SUCCESS","astroDescription":"FC_DELIVERY (5000104959), ORDER CREATED","eligiblePaths":["oms_regression","buynow"],"paymentTypes":[],"price":{"currencyAmount":370,"currencyUnit":"USD","unit":"EA"},"offerId":"C88FDC18CA603547A6AF9E75BE2F3FCB","updatedAt":"2024-10-25T03:16:42.703Z"}]'
2024-10-24 20:25:23.525 [DEBUG] [thread-id 1] - Store in: store the value 'null' in the variable 'itemDetails'
2024-10-24 20:25:23.546 [DEBUG] [thread-id 1] - {"inEligiblePaths":[],"_id":"6352f4b5ba71e839c00ea07a","itemId":"111220513","orderType":"FC_DELIVERY","storeId":"32144","__v":0,"createdAt":"2022-10-21T19:36:21.367Z","orderNumber":null,"astroStatus":"SUCCESS","astroDescription":"FC_DELIVERY (111220513), ORDER CREATED","updatedAt":"2024-10-25T03:15:11.727Z","eligiblePaths":["app e2e regression","buynow","careplan","homeservice"],"price":{"currencyAmount":100.3,"currencyUnit":"USD","unit":"EA"},"offerId":"552965CB94BC464EB64BC0824B042984","paymentTypes":["cc"]}
2024-10-24 20:25:23.566 [DEBUG] [thread-id 1] - Store in: store the value '111220513' in the variable 'itemFetched'
2024-10-24 20:25:23.588 [DEBUG] [thread-id 1] - Store in: store the value 'SUCCESS' in the variable 'itemStatus'
2024-10-24 20:25:23.613 [WARN] [thread-id 1] - variable healthCheck was used, but r2 could not find a value for this variable. returning default of null
2024-10-24 20:25:23.635 [DEBUG] [thread-id 1] - conditionally execute a flow. condition: true
2024-10-24 20:25:23.653 [DEBUG] [thread-id 1] - Execute Node: 'us/e2e-tests/helpers/splitNumberString.js'
2024-10-24 20:25:24.110 [DEBUG] [thread-id 1] - 111220513
2024-10-24 20:25:24.130 [WARN] [thread-id 1] - variable skipForNext was used, but r2 could not find a value for this variable. returning default of null
2024-10-24 20:25:24.150 [WARN] [thread-id 1] - variable excludeFetchedItem was used, but r2 could not find a value for this variable. returning default of null
2024-10-24 20:25:24.150 [DEBUG] [thread-id 1] - conditionally execute a flow. condition: false
2024-10-24 20:25:24.170 [DEBUG] [thread-id 1] - Executing function: 'us.functions.utils.itemHealthCheck'
2024-10-24 20:25:24.171 [DEBUG] [thread-id 1] - Checking item eligibility before proceeding
2024-10-24 20:25:24.171 [DEBUG] [thread-id 1] - Store in: store the value 'false' in the variable 'itemEligiblity'
2024-10-24 20:25:24.171 [DEBUG] [thread-id 1] - Store in: store the value 'false' in the variable 'ignoreItem'
2024-10-24 20:25:24.172 [DEBUG] [thread-id 1] - loop: over '["443922107", "611158052","131979272","795796940", "812231723", "2466884336", "472115968", "981898706", "499284126279","10801611", "982133078","242467890","1937310256","858406964","961368564", "1873169929","1463850714","111220513"]'
2024-10-24 20:25:25.961 [DEBUG] [thread-id 1] - conditionally execute a flow. condition: true
2024-10-24 20:25:25.997 [DEBUG] [thread-id 1] - Store in: store the value 'true' in the variable 'ignoreItem'
2024-10-24 20:25:26.038 [DEBUG] [thread-id 1] - conditionally execute a flow. condition: true
2024-10-24 20:25:26.077 [DEBUG] [thread-id 1] - Trying for other item as this is in excluded list of item ids
2024-10-24 20:25:26.153 [DEBUG] [thread-id 1] - Store in: store the value 'null' in the variable 'itemDetails'
2024-10-24 20:25:26.183 [DEBUG] [thread-id 1] - {"inEligiblePaths":[],"_id":"641c83a5b2ad5031d40afdd3","itemId":"821681268","orderType":"FC_DELIVERY","storeId":"32144","__v":0,"createdAt":"2023-03-23T16:51:49.812Z","orderNumber":null,"astroStatus":"SUCCESS","astroDescription":"FC_DELIVERY (821681268), ORDER CREATED","eligiblePaths":["app e2e regression","buynow"],"price":{"currencyAmount":41.09,"currencyUnit":"USD"},"offerId":"FBF389D8894A4BDAACA8795A7EB7706A","updatedAt":"2024-10-25T03:15:16.318Z","paymentTypes":["cc"]}
2024-10-24 20:25:26.216 [DEBUG] [thread-id 1] - Store in: store the value '821681268' in the variable 'itemFetched'
2024-10-24 20:25:26.270 [DEBUG] [thread-id 1] - Store in: store the value 'SUCCESS' in the variable 'itemStatus'
2024-10-24 20:25:26.306 [WARN] [thread-id 1] - variable healthCheck was used, but r2 could not find a value for this variable. returning default of null
2024-10-24 20:25:26.337 [DEBUG] [thread-id 1] - conditionally execute a flow. condition: true
2024-10-24 20:25:26.372 [DEBUG] [thread-id 1] - Execute Node: 'us/e2e-tests/helpers/splitNumberString.js'
2024-10-24 20:25:26.444 [DEBUG] [thread-id 1] - 821681268
2024-10-24 20:25:26.468 [WARN] [thread-id 1] - variable skipForNext was used, but r2 could not find a value for this variable. returning default of null
2024-10-24 20:25:26.494 [WARN] [thread-id 1] - variable excludeFetchedItem was used, but r2 could not find a value for this variable. returning default of null
2024-10-24 20:25:26.494 [DEBUG] [thread-id 1] - conditionally execute a flow. condition: false
2024-10-24 20:25:26.526 [DEBUG] [thread-id 1] - Checking item eligibility before proceeding
2024-10-24 20:25:26.526 [DEBUG] [thread-id 1] - Store in: store the value 'false' in the variable 'itemEligiblity'
2024-10-24 20:25:26.526 [DEBUG] [thread-id 1] - Store in: store the value 'false' in the variable 'ignoreItem'
2024-10-24 20:25:26.527 [DEBUG] [thread-id 1] - loop: over '["443922107", "611158052","131979272","795796940", "812231723", "2466884336", "472115968", "981898706", "499284126279","10801611", "982133078","242467890","1937310256","858406964","961368564", "1873169929","1463850714","111220513"]'
2024-10-24 20:25:27.201 [DEBUG] [thread-id 1] - conditionally execute a flow. condition: false
2024-10-24 20:25:27.247 [DEBUG] [thread-id 1] - conditionally execute a flow. condition: true
2024-10-24 20:25:27.315 [DEBUG] [thread-id 1] - Executing function: 'us.functions.utils.checkItemTransactabality'
2024-10-24 20:25:27.316 [DEBUG] [thread-id 1] - Store in: store the value 'false' in the variable 'itemEligible'
2024-10-24 20:25:27.317 [DEBUG] [thread-id 1] - Call API: 'http://astro.walmart.com/api/v2/teflon/item/transactability'
2024-10-24 20:25:43.971 [DEBUG] [thread-id 1] - Response code is: '200'. Response body is: '{"astroStatus":"SUCCESS","astroDescription":"CART - ADD_TO_CART SUCCESS","astroDetails":{"dbSessionMap":{"CXO_CART_ST":"{\"mtoken\":\"4:35#360688219#2=112322819#8=428273406\"}"},"checkoutable":true,"cart":{"id":"5ff15eb0-8e0e-4285-be27-22252f2c1daf","buyer":{"id":"bc908831-5155-4556-8521-490d97759fa0","type":"CUSTOMER"},"accessPoint":{"id":"f681d48a-7be4-43ea-8e10-229a1f00db37","name":"test WCP","storeId":32144,"fulfillmentType":"DELIVERY","fulfillmentOption":"DELIVERY","supportedTimeZone":"US/Pacific","locationInstruction":"[{\"type\":\"CHECKIN_DEFAULT\",\"value\":\"Deliver at front of door. Please ring bell\"},{\"type\":\"EMAIL_DEFAULT\",\"value\":\"test\"}]","isStoreEbtEligible":true,"allowAlcohol":true,"allowAgeRestricted":true,"restrictions":[],"accessType":"DELIVERY_ADDRESS","amendableItemSize":0,"storeCategory":"Supercenter","nodeType":"STORE","pickupStartBuffer":0,"allowBagFee":true,"isBagFeeMandatory":false,"address":{"postalCode":"95122","addressLineOne":"777 STORY RD","city":"San Jose","state":"CA","addressTypeName":"OFFICE","isPOBox":false,"countryCode":"USA"}},"storeIds":[],"itemCount":1,"entityErrors":[],"shipping":{"id":"f2aa9075-2d8d-4177-a100-183bbcaf4516","dbLockVersion":0,"firstName":"test","lastName":"auto","addressId":"6f05cfe6-34ce-418b-a6b5-337d44171b35","postalCode":"95122","city":"San Jose","state":"CA","countryCode":"USA","addressLineOne":"2476 Barlow Ave","phoneCountryCode":"+1","phoneCountry":"US","latitude":37.344413,"longitude":-121.826732,"phone":"4089045802","deliveryInstructions":"LEAVE AT DOORSTEP","addressType":"RESIDENTIAL","isPOBox":true,"isAPOFPO":false,"lastModifiedDate":1726120847047,"deliveryInstructionsDetails":[{"deliveryInstructionType":"REGULAR","deliveryInstruction":"LEAVE AT DOORSTEP"}]},"summary":{"subTotal":41.09,"grandTotal":41.09,"balanceToReachThreshold":0,"thresholdOrderTotal":35,"shipPriceBelowThreshold":6.99,"fees":[{"type":"MIN_THRESHOLD_FEE","amount":0}],"serviceCharges":[],"maxOrderTotalLimit":2500},"suggestedSlots":[],"currencyCode":"USD","preview":false,"tenantId":0,"tenantIdentifier":"elh9ie","verticalId":0,"checkoutableErrors":[],"intent":"DELIVERY","pickupStore":{"city":"San Jose","stateOrProvinceCode":"CA","countryCode":"USA","postalCode":"95122","storeId":"32144","services":[{"name":"DELI"},{"name":"PHOTO_CENTER"},{"name":"GARDEN_CENTER"},{"name":"GROCERY"},{"name":"FINANCIAL_SERVICES"},{"name":"BAKERY"},{"name":"TIRE_AND_LUBE","phone":"330-337-9044"},{"name":"LIQUOR"},{"name":"VISION_CENTER"},{"name":".COM_SERVICES"},{"name":"ADHOC_TESTING"},{"name":"CAR"},{"name":"CATEGORY_TEST_0816"},{"name":"GROCERY"},{"name":"HOME_FURNITURE"},{"name":"MFC_MANUAL"},{"name":"SC_NEW_TEST0901"},{"name":"SERVICE_DESK"},{"name":"SERVICE_CATEGORY_TEST_1908"},{"name":"GROCERY_PICKUP_DELIVERY"}]},"deliveryStore":{"city":"San Jose","stateOrProvinceCode":"CA","countryCode":"USA","postalCode":"95122","storeId":"32144","services":[{"name":"DELI"},{"name":"PHOTO_CENTER"},{"name":"GARDEN_CENTER"},{"name":"GROCERY"},{"name":"FINANCIAL_SERVICES"},{"name":"BAKERY"},{"name":"TIRE_AND_LUBE","phone":"330-337-9044"},{"name":"LIQUOR"},{"name":"VISION_CENTER"},{"name":".COM_SERVICES"},{"name":"ADHOC_TESTING"},{"name":"CAR"},{"name":"CATEGORY_TEST_0816"},{"name":"GROCERY"},{"name":"HOME_FURNITURE"},{"name":"MFC_MANUAL"},{"name":"SC_NEW_TEST0901"},{"name":"SERVICE_DESK"},{"name":"SERVICE_CATEGORY_TEST_1908"},{"name":"GROCERY_PICKUP_DELIVERY"}]},"mpStores":[],"fulfillmentPlans":[{"isDefault":true,"fulfillmentModules":[{"name":"UNSCHEDULED_DELIVERY","fulfillmentGroups":[{"sellerId":"455A2F43226F41319399794332C71B7F","fulfillmentOptions":[{"fulfillmentType":"DELIVERY","accessType":"DELIVERY_ADDRESS","accessMode":"NATIONAL_CARRIER","isSelected":true,"isUnscheduled":true,"dateStartRange":1730411940000,"dateEndRange":1730411940000,"itemGroups":[{"itemIds":["21d060b3-f647-44e0-8439-fd470eb19738"],"dateTime":1730411940000,"accessMode":"NATIONAL_CARRIER","itemDetails":[{"lineItemId":"21d060b3-f647-44e0-8439-fd470eb19738","isGiftEligible":true,"isOverBoxEligible":true,"wicEligible":false}],"orderCutoffTime":1730226600000,"fulfillmentId":"369cb698-a25b-4e1a-895a-2f026409ef30"}],"strategy":"SLA_TIER_BASED_PROMISE"}],"fulfillmentSellerType":"WALMART"}],"checkoutableErrors":[],"checkoutable":true,"summary":{"subTotal":41.09,"grandTotal":41.09}}]}],"accessPoints":[{"id":"f681d48a-7be4-43ea-8e10-229a1f00db37","name":"test WCP","storeId":32144,"fulfillmentType":"DELIVERY","fulfillmentOption":"DELIVERY","supportedTimeZone":"US/Pacific","locationInstruction":"[{\"type\":\"CHECKIN_DEFAULT\",\"value\":\"Deliver at front of door. Please ring bell\"},{\"type\":\"EMAIL_DEFAULT\",\"value\":\"test\"}]","isStoreEbtEligible":true,"allowAlcohol":true,"allowAgeRestricted":true,"restrictions":[],"accessType":"DELIVERY_ADDRESS","amendableItemSize":0,"storeCategory":"Supercenter","nodeType":"STORE","pickupStartBuffer":0,"allowBagFee":true,"isBagFeeMandatory":false,"address":{"postalCode":"95122","addressLineOne":"777 STORY RD","city":"San Jose","state":"CA","addressTypeName":"OFFICE","isPOBox":false,"countryCode":"USA"}},{"id":"6168c2e3-fc36-4827-98e6-d717d10af1d6","name":"Walmart San Jose Store #32144","storeId":32144,"fulfillmentType":"INSTORE_PICKUP","fulfillmentOption":"PICKUP","supportedTimeZone":"US/Pacific","locationInstruction":"[{\"type\":\"CHECKIN_DEFAULT\",\"value\":\"<div><p><b>Please bring your government-issued ID</b></p><br /><br /><ol><li>Download and use the app to let us know you're on the way and view your parking guide.</li><li>Park in a designated pickup spot. Using the app, enter your parking info and an associate will come to you.</li><li>Show your ID to the associate if required.</li><li>The associate will request access to your trunk or back seat, then will load your items.</li><li>You're all set! Check the app to see if you need to move to any other pickup locations.</li></ol></div>\"},{\"type\":\"EMAIL_DEFAULT\",\"value\":\"NA\"},{\"type\":\"CHECKIN_1\",\"value\":\"Next, tell us when youâ€™ve parked. Park by the pickup sign and enter your parking info so we can find you faster.\"}]","isStoreEbtEligible":true,"allowAlcohol":true,"allowAgeRestricted":true,"restrictions":[],"accessType":"PICKUP_CURBSIDE","storeCategory":"Supercenter","nodeType":"STORE","pickupStartBuffer":5,"allowBagFee":false,"isBagFeeMandatory":false,"address":{"postalCode":"95122","addressLineOne":"777 STORY RD","city":"San Jose","state":"CA","addressTypeName":"OFFICE","isPOBox":false,"countryCode":"USA"}}],"reservations":[],"isExplicitIntent":true,"hasGiftEligibleItem":true,"marketPlacePickup":true,"warnings":[],"restrictions":[],"accInstallationSelection":{"isExplicitPackageSelection":false}},"items":[{"id":"21d060b3-f647-44e0-8439-fd470eb19738","quantity":1,"price":41.09,"oldPrice":41.09,"linePrice":41.09,"USItemId":"821681268","identifier":{"id":"821681268","type":"USItemId"},"USSellerId":"0","offerId":"FBF389D8894A4BDAACA8795A7EB7706A","name":"Bonanza","seller":{"name":"Walmart.com","type":"INTERNAL","id":"455A2F43226F41319399794332C71B7F","catalogSellerId":0},"availableQuantity":6150807,"maxItemCountPerOrder":12,"minItemCountPerOrder":1,"primaryCategoryPath":"-1","charPrimaryCategoryPath":"UNNAV","sort":1729826742648,"entityErrors":[],"createdDateTime":1729826742648,"isAlcohol":false,"isTemperatureTimeRestricted":false,"isSubstitutionEligible":false,"weightIncrement":1,"unitOfMeasure":"EA","type":"REGULAR","itemClassId":"1","productId":"2HYX8JLZ730H","isSnapEligible":false,"isSubstitutionsAllowed":false,"productSegment":"default","salesUnit":"Each","wupc":"0065096642645","productType":"default","sourcingDetails":{"currentSelection":"SHIPPING","nodeAvailableQuantity":6150807},"giftEligible":true,"giftOverboxEligible":true,"warnings":[],"fulfillmentDetails":{"fulfillmentId":"369cb698-a25b-4e1a-895a-2f026409ef30","slaTier":"TWO_DAY","fulfillmentType":"DELIVERY","nodeType":"FC","fulfillmentTypeClassification":[],"fulfillmentChannel":[],"initialItemType":"ONLINE_ONLY","isNewItemToCart":true,"fulfillmentMode":"UNSCHEDULED","accessMode":"NATIONAL_CARRIER","accessType":"DELIVERY_ADDRESS","availableFulfillmentOptions":["UNSCHEDULED_DELIVERY"],"fulfillmentModuleName":"UNSCHEDULED_DELIVERY","shippingFulfillmentDate":1730411940000,"maxOrderQuantity":{"unscheduledDelivery":12},"shipNodeId":"3559"},"preOrderInfo":{"isPreOrder":false},"isMAService":false,"associations":[],"fulfillmentPrerequisites":[{"preRequisiteList":["MIN_BOX_PROTECTION_REQUIRED"]}],"isWplusEarlyAccess":false,"events":[],"nodeLevelSellables":[],"legacyItemId":"821681268","gtin":"00650966426453","brand":"Bonanza","productClassType":"REGULAR","reportingHierarchy":"60000:69000:69900:69990:69999","compositions":[],"isCashbackEligible":true,"wicEligible":false,"isColdChain":false,"cartSelectedFulfillment":"SHIPPING","isExportEligible":false,"isMA":false,"allowGiftMessage":true}],"errorItems":[],"lastModifiedTime":1729826743939,"cartVersion":44099,"isOmniPromiseResponse":true,"uniqueInstallationOfferIdHolder":[]},"astroInfo":null}'
2024-10-24 20:25:43.980 [DEBUG] [thread-id 1] - conditionally execute a flow. condition: true
2024-10-24 20:25:44.036 [DEBUG] [thread-id 1] - Store in: store the value 'true' in the variable 'itemEligible'
2024-10-24 20:25:44.071 [DEBUG] [thread-id 1] - conditionally execute a flow. condition: true
2024-10-24 20:25:44.102 [DEBUG] [thread-id 1] - Store in: store the value 'true' in the variable 'itemEligiblity'
2024-10-24 20:25:44.135 [DEBUG] [thread-id 1] - conditionally execute a flow. condition: true
2024-10-24 20:25:44.183 [DEBUG] [thread-id 1] - Stock available Item Id 821681268 for type FC_DELIVERY
2024-10-24 20:25:44.208 [WARN] [thread-id 1] - variable fetchedItemDataDetails was used, but r2 could not find a value for this variable. returning default of null
2024-10-24 20:25:44.209 [DEBUG] [thread-id 1] - Execute Node: 'us/e2e-tests/helpers/jsonParser.js'
2024-10-24 20:25:44.290 [DEBUG] [thread-id 1] - Store in: store the value 'false' in the variable 'skipForNext'
2024-10-24 20:25:44.316 [DEBUG] [thread-id 1] - Store in: store the value 'false' in the variable 'excludeFetchedItem'
2024-10-24 20:25:44.317 [DEBUG] [thread-id 1] - Store in: store the value 'null' in the variable 'storeId'
2024-10-24 20:25:44.317 [DEBUG] [thread-id 1] - Store in: store the value 'null' in the variable 'itemStatusHeader'
2024-10-24 20:25:44.317 [DEBUG] [thread-id 1] - Store in: store the value 'false' in the variable 'healthCheck'
2024-10-24 20:25:44.318 [DEBUG] [thread-id 1] - Store in: store the value 'null' in the variable 'version'
2024-10-24 20:25:44.318 [DEBUG] [thread-id 1] - Store in: store the value 'null' in the variable 'itemFilter'
2024-10-24 20:25:44.318 [DEBUG] [thread-id 1] - Store in: store the value 'false' in the variable 'noSubSet'
2024-10-24 20:25:44.320 [DEBUG] [thread-id 1] - Store in: store the value '821681268' in the variable 'item1'
2024-10-24 20:25:44.322 [DEBUG] [thread-id 1] - Executing function: 'us.functions.global.navigation.goToDeepLink'
2024-10-24 20:25:44.322 [DEBUG] [thread-id 1] - Verify value of: '$deepLinkUrl'
2024-10-24 20:25:44.323 [DEBUG] [thread-id 1] - Open link: 'walmart://item/821681268'
2024-10-24 20:25:44.616 [DEBUG] [thread-id 1] - R2_SUBFLOW_TRANSACTION
2024-10-24 20:25:44.617 [WARN] [thread-id 1] - variable timestamp was used, but r2 could not find a value for this variable. returning default of null
2024-10-24 20:25:44.617 [DEBUG] [thread-id 1] - Executing function: 'us.functions.buyNow.newUser.overlay.createNewAccount'
2024-10-24 20:25:44.617 [WARN] [thread-id 1] - variable timestamp was used, but r2 could not find a value for this variable. returning default of null
2024-10-24 20:25:44.617 [DEBUG] [thread-id 1] - Store in: store the value 'identity-testusernull@walmart.com' in the variable 'astroEmail'
2024-10-24 20:25:44.618 [DEBUG] [thread-id 1] - Store in: store the value '5678923459' in the variable 'astroPhoneNumber'
2024-10-24 20:25:44.618 [DEBUG] [thread-id 1] - sleep:  10000 milliseconds
2024-10-24 20:25:54.991 [WARN] [thread-id 1] - variable timestamp was used, but r2 could not find a value for this variable. returning default of null
2024-10-24 20:25:55.642 [WARN] [thread-id 1] - variable timestamp was used, but r2 could not find a value for this variable. returning default of null
2024-10-24 20:25:55.680 [WARN] [thread-id 1] - variable timestamp was used, but r2 could not find a value for this variable. returning default of null
2024-10-24 20:25:55.714 [WARN] [thread-id 1] - variable timestamp was used, but r2 could not find a value for this variable. returning default of null
2024-10-24 20:25:55.741 [WARN] [thread-id 1] - variable timestamp was used, but r2 could not find a value for this variable. returning default of null
2024-10-24 20:25:55.768 [WARN] [thread-id 1] - variable timestamp was used, but r2 could not find a value for this variable. returning default of null
2024-10-24 20:25:55.800 [WARN] [thread-id 1] - variable timestamp was used, but r2 could not find a value for this variable. returning default of null
2024-10-24 20:25:55.829 [WARN] [thread-id 1] - variable timestamp was used, but r2 could not find a value for this variable. returning default of null
2024-10-24 20:25:55.860 [WARN] [thread-id 1] - variable timestamp was used, but r2 could not find a value for this variable. returning default of null
2024-10-24 20:25:55.883 [WARN] [thread-id 1] - variable timestamp was used, but r2 could not find a value for this variable. returning default of null
2024-10-24 20:25:55.914 [WARN] [thread-id 1] - variable timestamp was used, but r2 could not find a value for this variable. returning default of null
2024-10-24 20:25:55.944 [WARN] [thread-id 1] - variable timestamp was used, but r2 could not find a value for this variable. returning default of null
2024-10-24 20:25:55.975 [WARN] [thread-id 1] - variable timestamp was used, but r2 could not find a value for this variable. returning default of null
2024-10-24 20:25:56.001 [WARN] [thread-id 1] - variable timestamp was used, but r2 could not find a value for this variable. returning default of null
2024-10-24 20:25:56.024 [WARN] [thread-id 1] - variable timestamp was used, but r2 could not find a value for this variable. returning default of null
2024-10-24 20:25:56.050 [WARN] [thread-id 1] - variable timestamp was used, but r2 could not find a value for this variable. returning default of null
2024-10-24 20:25:56.074 [WARN] [thread-id 1] - variable timestamp was used, but r2 could not find a value for this variable. returning default of null
2024-10-24 20:25:56.102 [WARN] [thread-id 1] - variable timestamp was used, but r2 could not find a value for this variable. returning default of null
2024-10-24 20:25:56.126 [WARN] [thread-id 1] - variable timestamp was used, but r2 could not find a value for this variable. returning default of null
2024-10-24 20:25:56.152 [WARN] [thread-id 1] - variable timestamp was used, but r2 could not find a value for this variable. returning default of null
2024-10-24 20:25:56.181 [WARN] [thread-id 1] - variable timestamp was used, but r2 could not find a value for this variable. returning default of null
2024-10-24 20:25:56.207 [WARN] [thread-id 1] - variable timestamp was used, but r2 could not find a value for this variable. returning default of null
2024-10-24 20:25:56.234 [WARN] [thread-id 1] - variable timestamp was used, but r2 could not find a value for this variable. returning default of null
2024-10-24 20:25:56.264 [WARN] [thread-id 1] - variable timestamp was used, but r2 could not find a value for this variable. returning default of null
2024-10-24 20:25:56.291 [WARN] [thread-id 1] - variable timestamp was used, but r2 could not find a value for this variable. returning default of null
2024-10-24 20:25:56.318 [WARN] [thread-id 1] - variable timestamp was used, but r2 could not find a value for this variable. returning default of null
2024-10-24 20:25:56.347 [WARN] [thread-id 1] - variable timestamp was used, but r2 could not find a value for this variable. returning default of null
2024-10-24 20:25:56.378 [WARN] [thread-id 1] - variable timestamp was used, but r2 could not find a value for this variable. returning default of null
2024-10-24 20:25:56.408 [WARN] [thread-id 1] - variable timestamp was used, but r2 could not find a value for this variable. returning default of null
2024-10-24 20:25:56.439 [WARN] [thread-id 1] - variable timestamp was used, but r2 could not find a value for this variable. returning default of null
2024-10-24 20:25:56.534 [WARN] [thread-id 1] - variable timestamp was used, but r2 could not find a value for this variable. returning default of null
2024-10-24 20:25:56.610 [WARN] [thread-id 1] - variable timestamp was used, but r2 could not find a value for this variable. returning default of null
2024-10-24 20:25:56.694 [WARN] [thread-id 1] - variable timestamp was used, but r2 could not find a value for this variable. returning default of null
2024-10-24 20:25:57.859 [DEBUG] [thread-id 1] - Main failed: Is not present: 'com.walmart.android.debug:id/item_product_buy_now'
2024-10-24 20:25:57.964 [DEBUG] [thread-id 1] - Executing scenario: 'After'
2024-10-24 20:25:57.965 [DEBUG] [thread-id 1] - Executing function: 'us.functions.utils.afterSteps'
2024-10-24 20:25:57.965 [WARN] [thread-id 1] - variable testStatus was used, but r2 could not find a value for this variable. returning default of null
2024-10-24 20:25:57.965 [DEBUG] [thread-id 1] - conditionally execute a flow. condition: false
2024-10-24 20:25:57.989 [DEBUG] [thread-id 1] - Test failed
2024-10-24 20:25:59.137 [DEBUG] [thread-id 1] - Created report: /Users/m0k0a2f/glass-automation/report/index.html
2024-10-24 20:31:30.634 [DEBUG] [thread-id 1] - Executing R2 4.0.2: '/Users/m0k0a2f/glass-automation/./us/e2e-tests/test-scripts/android/golden-flows/Ecomm-And-Fulfillment-Flows/buy-now-flows/pre-transaction/C2666161- create-account-from-buy-now.yaml' on device: 'Pixel_5_API_31'
2024-10-24 20:31:30.704 [INFO] [thread-id 1] - url: http://127.0.0.1:4723
2024-10-24 20:31:46.866 [DEBUG] [thread-id 1] - Executing scenario: 'Before'
2024-10-24 20:31:46.868 [DEBUG] [thread-id 1] - R2_SUBFLOW_PRE_TRANSACTION
2024-10-24 20:31:46.930 [DEBUG] [thread-id 1] - Using us-errors-helpers.yaml
2024-10-24 20:31:46.991 [DEBUG] [thread-id 1] - Start Main
2024-10-24 20:31:46.992 [DEBUG] [thread-id 1] - Executing function: 'us.functions.utils.fetchFulcrumAvailableItem'
2024-10-24 20:31:46.993 [DEBUG] [thread-id 1] - Fetching Item available in stock using Fulcrum API for Item type FC_DELIVERY
2024-10-24 20:31:46.994 [WARN] [thread-id 1] - variable storeId was used, but r2 could not find a value for this variable. returning default of null
2024-10-24 20:31:47.004 [DEBUG] [thread-id 1] - conditionally execute a flow. condition: true
2024-10-24 20:31:47.032 [DEBUG] [thread-id 1] - Store in: store the value '32144' in the variable 'storeId'
2024-10-24 20:31:47.033 [WARN] [thread-id 1] - variable nextGen was used, but r2 could not find a value for this variable. returning default of null
2024-10-24 20:31:47.033 [DEBUG] [thread-id 1] - conditionally execute a flow. condition: true
2024-10-24 20:31:47.061 [DEBUG] [thread-id 1] - Store in: store the value 'nextgen' in the variable 'version'
2024-10-24 20:31:47.062 [WARN] [thread-id 1] - variable itemStatusHeader was used, but r2 could not find a value for this variable. returning default of null
2024-10-24 20:31:47.063 [DEBUG] [thread-id 1] - conditionally execute a flow. condition: true
2024-10-24 20:31:47.097 [DEBUG] [thread-id 1] - Store in: store the value 'SUCCESS' in the variable 'itemStatusHeader'
2024-10-24 20:31:47.098 [DEBUG] [thread-id 1] - conditionally execute a flow. condition: true
2024-10-24 20:31:47.134 [WARN] [thread-id 1] - variable itemSubFilter was used, but r2 could not find a value for this variable. returning default of null
2024-10-24 20:31:47.135 [DEBUG] [thread-id 1] - conditionally execute a flow. condition: false
2024-10-24 20:31:47.164 [DEBUG] [thread-id 1] - conditionally execute a flow. condition: false
2024-10-24 20:31:47.266 [WARN] [thread-id 1] - variable itemSubFilter was used, but r2 could not find a value for this variable. returning default of null
2024-10-24 20:31:47.267 [DEBUG] [thread-id 1] - conditionally execute a flow. condition: false
2024-10-24 20:31:47.416 [DEBUG] [thread-id 1] - conditionally execute a flow. condition: false
2024-10-24 20:31:47.570 [DEBUG] [thread-id 1] - conditionally execute a flow. condition: true
2024-10-24 20:31:47.729 [DEBUG] [thread-id 1] - Store in: store the value 'https://fulcrum.teflon.walmart.com/api/v1/db/fulcrum/instantItemHealthAnalysis?orderType=FC_DELIVERY&storeId=32144&itemStatus=green&eligiblePath=APP+E2E+Regression' in the variable 'fetchURL'
2024-10-24 20:31:47.954 [DEBUG] [thread-id 1] - Store in: store the value 'nextgen' in the variable 'version'
2024-10-24 20:31:47.955 [DEBUG] [thread-id 1] - Store in: store the value 'null' in the variable 'itemDetails'
2024-10-24 20:31:48.281 [DEBUG] [thread-id 1] - conditionally execute a flow. condition: true
2024-10-24 20:31:48.497 [DEBUG] [thread-id 1] - NextGen API
2024-10-24 20:31:48.561 [DEBUG] [thread-id 1] - Call API: 'https://fulcrum.teflon.walmart.com/api/v1/db/fulcrum/instantItemHealthAnalysis?orderType=FC_DELIVERY&storeId=32144&itemStatus=green&eligiblePath=APP+E2E+Regression'
2024-10-24 20:31:54.115 [ERROR] [thread-id 1] - javax.net.ssl.SSLHandshakeException: PKIX path building failed: sun.security.provider.certpath.SunCertPathBuilderException: unable to find valid certification path to requested target
2024-10-24 20:31:54.115 [INFO] [thread-id 1] - Empty response from callAPI using https://fulcrum.teflon.walmart.com/api/v1/db/fulcrum/instantItemHealthAnalysis?orderType=FC_DELIVERY&storeId=32144&itemStatus=green&eligiblePath=APP+E2E+Regression retrying...
2024-10-24 20:31:56.118 [INFO] [thread-id 1] - Call API: 'https://fulcrum.teflon.walmart.com/api/v1/db/fulcrum/instantItemHealthAnalysis?orderType=FC_DELIVERY&storeId=32144&itemStatus=green&eligiblePath=APP+E2E+Regression'
2024-10-24 20:32:01.368 [ERROR] [thread-id 1] - javax.net.ssl.SSLHandshakeException: PKIX path building failed: sun.security.provider.certpath.SunCertPathBuilderException: unable to find valid certification path to requested target
2024-10-24 20:32:01.368 [INFO] [thread-id 1] - Empty response from callAPI using https://fulcrum.teflon.walmart.com/api/v1/db/fulcrum/instantItemHealthAnalysis?orderType=FC_DELIVERY&storeId=32144&itemStatus=green&eligiblePath=APP+E2E+Regression retrying...
2024-10-24 20:32:03.370 [INFO] [thread-id 1] - Call API: 'https://fulcrum.teflon.walmart.com/api/v1/db/fulcrum/instantItemHealthAnalysis?orderType=FC_DELIVERY&storeId=32144&itemStatus=green&eligiblePath=APP+E2E+Regression'
2024-10-24 20:32:08.569 [ERROR] [thread-id 1] - javax.net.ssl.SSLHandshakeException: PKIX path building failed: sun.security.provider.certpath.SunCertPathBuilderException: unable to find valid certification path to requested target
2024-10-24 20:32:08.569 [INFO] [thread-id 1] - Empty response from callAPI using https://fulcrum.teflon.walmart.com/api/v1/db/fulcrum/instantItemHealthAnalysis?orderType=FC_DELIVERY&storeId=32144&itemStatus=green&eligiblePath=APP+E2E+Regression retrying...
2024-10-24 20:32:10.576 [INFO] [thread-id 1] - Call API: 'https://fulcrum.teflon.walmart.com/api/v1/db/fulcrum/instantItemHealthAnalysis?orderType=FC_DELIVERY&storeId=32144&itemStatus=green&eligiblePath=APP+E2E+Regression'
2024-10-24 20:32:15.772 [ERROR] [thread-id 1] - javax.net.ssl.SSLHandshakeException: PKIX path building failed: sun.security.provider.certpath.SunCertPathBuilderException: unable to find valid certification path to requested target
2024-10-24 20:32:15.772 [INFO] [thread-id 1] - Empty response from callAPI using https://fulcrum.teflon.walmart.com/api/v1/db/fulcrum/instantItemHealthAnalysis?orderType=FC_DELIVERY&storeId=32144&itemStatus=green&eligiblePath=APP+E2E+Regression retrying...
2024-10-24 20:32:17.778 [INFO] [thread-id 1] - Call API: 'https://fulcrum.teflon.walmart.com/api/v1/db/fulcrum/instantItemHealthAnalysis?orderType=FC_DELIVERY&storeId=32144&itemStatus=green&eligiblePath=APP+E2E+Regression'
2024-10-24 20:32:22.984 [ERROR] [thread-id 1] - javax.net.ssl.SSLHandshakeException: PKIX path building failed: sun.security.provider.certpath.SunCertPathBuilderException: unable to find valid certification path to requested target
2024-10-24 20:32:22.984 [INFO] [thread-id 1] - Empty response from callAPI using https://fulcrum.teflon.walmart.com/api/v1/db/fulcrum/instantItemHealthAnalysis?orderType=FC_DELIVERY&storeId=32144&itemStatus=green&eligiblePath=APP+E2E+Regression retrying...
2024-10-24 20:32:24.991 [INFO] [thread-id 1] - Call API: 'https://fulcrum.teflon.walmart.com/api/v1/db/fulcrum/instantItemHealthAnalysis?orderType=FC_DELIVERY&storeId=32144&itemStatus=green&eligiblePath=APP+E2E+Regression'
2024-10-24 20:32:30.285 [ERROR] [thread-id 1] - javax.net.ssl.SSLHandshakeException: PKIX path building failed: sun.security.provider.certpath.SunCertPathBuilderException: unable to find valid certification path to requested target
2024-10-24 20:32:30.365 [DEBUG] [thread-id 1] - Store in: store the value 'unavailable' in the variable 'itemDetails'
2024-10-24 20:32:30.366 [WARN] [thread-id 1] - variable fetchItemStatus was used, but r2 could not find a value for this variable. returning default of null
2024-10-24 20:32:30.366 [DEBUG] [thread-id 1] - Store in: store the value 'null' in the variable 'storeId'
2024-10-24 20:32:30.367 [DEBUG] [thread-id 1] - Store in: store the value 'null' in the variable 'itemStatusHeader'
2024-10-24 20:32:30.367 [DEBUG] [thread-id 1] - Store in: store the value 'false' in the variable 'healthCheck'
2024-10-24 20:32:30.367 [DEBUG] [thread-id 1] - Store in: store the value 'null' in the variable 'version'
2024-10-24 20:32:30.368 [DEBUG] [thread-id 1] - Store in: store the value 'null' in the variable 'itemFilter'
2024-10-24 20:32:30.368 [DEBUG] [thread-id 1] - Store in: store the value 'false' in the variable 'noSubSet'
2024-10-24 20:32:30.369 [DEBUG] [thread-id 1] - Store in: store the value '$itemFetched' in the variable 'item1'
2024-10-24 20:32:30.371 [DEBUG] [thread-id 1] - Executing function: 'us.functions.global.navigation.goToDeepLink'
2024-10-24 20:32:30.372 [DEBUG] [thread-id 1] - Verify value of: '$deepLinkUrl'
2024-10-24 20:32:30.372 [DEBUG] [thread-id 1] - Open link: 'walmart://item/$itemFetched'
2024-10-24 20:32:30.708 [DEBUG] [thread-id 1] - R2_SUBFLOW_TRANSACTION
2024-10-24 20:32:30.710 [WARN] [thread-id 1] - variable timestamp was used, but r2 could not find a value for this variable. returning default of null
2024-10-24 20:32:30.710 [DEBUG] [thread-id 1] - Executing function: 'us.functions.buyNow.newUser.overlay.createNewAccount'
2024-10-24 20:32:30.711 [WARN] [thread-id 1] - variable timestamp was used, but r2 could not find a value for this variable. returning default of null
2024-10-24 20:32:30.711 [DEBUG] [thread-id 1] - Store in: store the value 'identity-testusernull@walmart.com' in the variable 'astroEmail'
2024-10-24 20:32:30.712 [DEBUG] [thread-id 1] - Store in: store the value '5678923459' in the variable 'astroPhoneNumber'
2024-10-24 20:32:30.712 [DEBUG] [thread-id 1] - sleep:  10000 milliseconds
2024-10-24 20:32:41.070 [WARN] [thread-id 1] - variable timestamp was used, but r2 could not find a value for this variable. returning default of null
2024-10-24 20:32:41.695 [WARN] [thread-id 1] - variable timestamp was used, but r2 could not find a value for this variable. returning default of null
2024-10-24 20:32:41.732 [WARN] [thread-id 1] - variable timestamp was used, but r2 could not find a value for this variable. returning default of null
2024-10-24 20:32:41.771 [WARN] [thread-id 1] - variable timestamp was used, but r2 could not find a value for this variable. returning default of null
2024-10-24 20:32:41.810 [WARN] [thread-id 1] - variable timestamp was used, but r2 could not find a value for this variable. returning default of null
2024-10-24 20:32:41.849 [WARN] [thread-id 1] - variable timestamp was used, but r2 could not find a value for this variable. returning default of null
2024-10-24 20:32:41.891 [WARN] [thread-id 1] - variable timestamp was used, but r2 could not find a value for this variable. returning default of null
2024-10-24 20:32:41.923 [WARN] [thread-id 1] - variable timestamp was used, but r2 could not find a value for this variable. returning default of null
2024-10-24 20:32:41.958 [WARN] [thread-id 1] - variable timestamp was used, but r2 could not find a value for this variable. returning default of null
2024-10-24 20:32:41.994 [WARN] [thread-id 1] - variable timestamp was used, but r2 could not find a value for this variable. returning default of null
2024-10-24 20:32:42.027 [WARN] [thread-id 1] - variable timestamp was used, but r2 could not find a value for this variable. returning default of null
2024-10-24 20:32:42.066 [WARN] [thread-id 1] - variable timestamp was used, but r2 could not find a value for this variable. returning default of null
2024-10-24 20:32:42.104 [WARN] [thread-id 1] - variable timestamp was used, but r2 could not find a value for this variable. returning default of null
2024-10-24 20:32:42.140 [WARN] [thread-id 1] - variable timestamp was used, but r2 could not find a value for this variable. returning default of null
2024-10-24 20:32:42.173 [WARN] [thread-id 1] - variable timestamp was used, but r2 could not find a value for this variable. returning default of null
2024-10-24 20:32:42.198 [WARN] [thread-id 1] - variable timestamp was used, but r2 could not find a value for this variable. returning default of null
2024-10-24 20:32:42.229 [WARN] [thread-id 1] - variable timestamp was used, but r2 could not find a value for this variable. returning default of null
2024-10-24 20:32:42.255 [WARN] [thread-id 1] - variable timestamp was used, but r2 could not find a value for this variable. returning default of null
2024-10-24 20:32:42.289 [WARN] [thread-id 1] - variable timestamp was used, but r2 could not find a value for this variable. returning default of null
2024-10-24 20:32:42.319 [WARN] [thread-id 1] - variable timestamp was used, but r2 could not find a value for this variable. returning default of null
2024-10-24 20:32:42.346 [WARN] [thread-id 1] - variable timestamp was used, but r2 could not find a value for this variable. returning default of null
2024-10-24 20:32:42.373 [WARN] [thread-id 1] - variable timestamp was used, but r2 could not find a value for this variable. returning default of null
2024-10-24 20:32:42.405 [WARN] [thread-id 1] - variable timestamp was used, but r2 could not find a value for this variable. returning default of null
2024-10-24 20:32:42.437 [WARN] [thread-id 1] - variable timestamp was used, but r2 could not find a value for this variable. returning default of null
2024-10-24 20:32:42.471 [WARN] [thread-id 1] - variable timestamp was used, but r2 could not find a value for this variable. returning default of null
2024-10-24 20:32:42.552 [WARN] [thread-id 1] - variable timestamp was used, but r2 could not find a value for this variable. returning default of null
2024-10-24 20:32:42.635 [WARN] [thread-id 1] - variable timestamp was used, but r2 could not find a value for this variable. returning default of null
2024-10-24 20:32:42.723 [WARN] [thread-id 1] - variable timestamp was used, but r2 could not find a value for this variable. returning default of null
2024-10-24 20:32:43.538 [DEBUG] [thread-id 1] - Main failed: Is not present: 'com.walmart.android.debug:id/item_product_buy_now'
2024-10-24 20:32:43.647 [DEBUG] [thread-id 1] - Executing scenario: 'After'
2024-10-24 20:32:43.648 [DEBUG] [thread-id 1] - Executing function: 'us.functions.utils.afterSteps'
2024-10-24 20:32:43.648 [WARN] [thread-id 1] - variable testStatus was used, but r2 could not find a value for this variable. returning default of null
2024-10-24 20:32:43.648 [DEBUG] [thread-id 1] - conditionally execute a flow. condition: false
2024-10-24 20:32:43.680 [DEBUG] [thread-id 1] - Test failed
2024-10-24 20:32:44.785 [DEBUG] [thread-id 1] - Created report: /Users/m0k0a2f/glass-automation/report/index.html
2024-10-24 20:56:09.223 [DEBUG] [thread-id 1] - Executing R2 4.0.2: '/Users/m0k0a2f/glass-automation/./us/e2e-tests/test-scripts/android/golden-flows/Ecomm-And-Fulfillment-Flows/buy-now-flows/pre-transaction/C2666161- create-account-from-buy-now.yaml' on device: 'Pixel_5_API_31'
2024-10-24 20:56:09.291 [INFO] [thread-id 1] - url: http://127.0.0.1:4723
2024-10-24 20:56:26.952 [DEBUG] [thread-id 1] - Executing scenario: 'Before'
2024-10-24 20:56:26.954 [DEBUG] [thread-id 1] - R2_SUBFLOW_PRE_TRANSACTION
2024-10-24 20:56:27.018 [DEBUG] [thread-id 1] - Using us-errors-helpers.yaml
2024-10-24 20:56:27.071 [DEBUG] [thread-id 1] - Start Main
2024-10-24 20:56:27.073 [DEBUG] [thread-id 1] - Executing function: 'us.functions.utils.fetchFulcrumAvailableItem'
2024-10-24 20:56:27.073 [DEBUG] [thread-id 1] - --Fulcrum begining--
2024-10-24 20:56:27.074 [DEBUG] [thread-id 1] - loop: from 1 to 4
2024-10-24 20:56:27.100 [DEBUG] [thread-id 1] - sleep:  10000 milliseconds
2024-10-24 20:56:37.208 [DEBUG] [thread-id 1] - Call API: 'https://fulcrum.teflon.walmart.com/api/v1/db/fulcrum/instantItemHealthAnalysis?orderType=FC_DELIVERY&storeId=32144&itemStatus=green&eligiblePath=APP+E2E+Regression''
2024-10-24 20:56:37.844 [ERROR] [thread-id 1] - javax.net.ssl.SSLHandshakeException: PKIX path building failed: sun.security.provider.certpath.SunCertPathBuilderException: unable to find valid certification path to requested target
2024-10-24 20:56:37.844 [INFO] [thread-id 1] - Empty response from callAPI using https://fulcrum.teflon.walmart.com/api/v1/db/fulcrum/instantItemHealthAnalysis?orderType=FC_DELIVERY&storeId=32144&itemStatus=green&eligiblePath=APP+E2E+Regression' retrying...
2024-10-24 20:59:37.846 [INFO] [thread-id 1] - Call API: 'https://fulcrum.teflon.walmart.com/api/v1/db/fulcrum/instantItemHealthAnalysis?orderType=FC_DELIVERY&storeId=32144&itemStatus=green&eligiblePath=APP+E2E+Regression''
2024-10-24 20:59:38.252 [ERROR] [thread-id 1] - javax.net.ssl.SSLHandshakeException: PKIX path building failed: sun.security.provider.certpath.SunCertPathBuilderException: unable to find valid certification path to requested target
2024-10-24 20:59:38.254 [INFO] [thread-id 1] - Empty response from callAPI using https://fulcrum.teflon.walmart.com/api/v1/db/fulcrum/instantItemHealthAnalysis?orderType=FC_DELIVERY&storeId=32144&itemStatus=green&eligiblePath=APP+E2E+Regression' retrying...
2024-10-24 21:02:38.257 [INFO] [thread-id 1] - Call API: 'https://fulcrum.teflon.walmart.com/api/v1/db/fulcrum/instantItemHealthAnalysis?orderType=FC_DELIVERY&storeId=32144&itemStatus=green&eligiblePath=APP+E2E+Regression''
2024-10-24 21:02:38.587 [ERROR] [thread-id 1] - javax.net.ssl.SSLHandshakeException: PKIX path building failed: sun.security.provider.certpath.SunCertPathBuilderException: unable to find valid certification path to requested target
2024-10-24 21:02:38.587 [INFO] [thread-id 1] - Empty response from callAPI using https://fulcrum.teflon.walmart.com/api/v1/db/fulcrum/instantItemHealthAnalysis?orderType=FC_DELIVERY&storeId=32144&itemStatus=green&eligiblePath=APP+E2E+Regression' retrying...
2024-10-24 21:05:38.429 [INFO] [thread-id 1] - Call API: 'https://fulcrum.teflon.walmart.com/api/v1/db/fulcrum/instantItemHealthAnalysis?orderType=FC_DELIVERY&storeId=32144&itemStatus=green&eligiblePath=APP+E2E+Regression''
2024-10-24 21:05:39.154 [ERROR] [thread-id 1] - javax.net.ssl.SSLHandshakeException: PKIX path building failed: sun.security.provider.certpath.SunCertPathBuilderException: unable to find valid certification path to requested target
2024-10-24 21:05:40.328 [DEBUG] [thread-id 1] - Main failed: callAPI: javax.net.ssl.SSLHandshakeException: PKIX path building failed: sun.security.provider.certpath.SunCertPathBuilderException: unable to find valid certification path to requested target
2024-10-24 21:05:40.596 [DEBUG] [thread-id 1] - Executing scenario: 'After'
2024-10-24 21:05:40.597 [DEBUG] [thread-id 1] - Executing function: 'us.functions.utils.afterSteps'
2024-10-24 21:05:40.598 [WARN] [thread-id 1] - variable testStatus was used, but r2 could not find a value for this variable. returning default of null
2024-10-24 21:05:40.610 [DEBUG] [thread-id 1] - conditionally execute a flow. condition: false
2024-10-24 21:05:40.645 [DEBUG] [thread-id 1] - Test failed
2024-10-24 21:05:42.269 [DEBUG] [thread-id 1] - Created report: /Users/m0k0a2f/glass-automation/report/index.html
