2025-04-04 21:00:24.809 [ERROR] [thread-id 1] - org.yaml.snakeyaml.constructor.ConstructorException: Cannot create property=general for JavaBean=com.walmartlabs.data.dependencies.Dependencies@57bd2029
 in 'reader', line 1, column 1:
    general:
    ^
Cannot create property=scrollUntilTimeout for JavaBean=com.walmartlabs.data.dependencies.General@6b410923
 in 'reader', line 2, column 3:
      automationName: XCUITest
      ^
Unable to find property 'scrollUntilTimeout' on class: com.walmartlabs.data.dependencies.General
 in 'reader', line 19, column 23:
      scrollUntilTimeout: 500000
                          ^

 in 'reader', line 2, column 3:
      automationName: XCUITest
      ^

2025-04-04 21:02:57.955 [DEBUG] [thread-id 1] - Executing R2 4.0.2: '/Users/m0k0a2f/glass-automation/us/unified-e2e-tests/test-scripts/ecomm-and-fulfillment-flows/substitution-flows/production/C2658330-substitute-and-replace-sc+no-subs-fc.yaml' on device: 'iPhone 15'
2025-04-04 21:04:35.836 [DEBUG] [thread-id 1] - Executing scenario: 'Before'
2025-04-04 21:04:35.841 [DEBUG] [thread-id 1] - Executing function: 'us.function.utils.getEnvironmentValue'
2025-04-04 21:04:35.842 [DEBUG] [thread-id 1] - Store in: store the value 'Onboarding' in the variable 'executionStage'
2025-04-04 21:04:35.843 [DEBUG] [thread-id 1] - Store in: store the value 'production' in the variable 'env'
2025-04-04 21:04:35.843 [DEBUG] [thread-id 1] - Timestamp: 1743825875843
2025-04-04 21:04:35.845 [DEBUG] [thread-id 1] - Executing function: 'functions.utils.setPlatformInfo'
2025-04-04 21:04:35.845 [DEBUG] [thread-id 1] - Store in: store the value 'Onboarding' in the variable 'executionStage'
2025-04-04 21:04:35.848 [WARN] [thread-id 1] - variable dependencies.general.appPackage was used, but r2 could not find a value for this variable. returning default of null
2025-04-04 21:04:35.848 [DEBUG] [thread-id 1] - Store in: store the value 'null' in the variable 'appPackage'
2025-04-04 21:04:35.859 [DEBUG] [thread-id 1] - conditionally execute a flow. condition: true
2025-04-04 21:04:36.174 [DEBUG] [thread-id 1] - Store in: store the value 'iOS' in the variable 'platform'
2025-04-04 21:04:36.185 [DEBUG] [thread-id 1] - R2_SUBFLOW_PRE_TRANSACTION
2025-04-04 21:04:36.619 [DEBUG] [thread-id 1] - Using us-errors-helpers.yaml
2025-04-04 21:04:37.184 [DEBUG] [thread-id 1] - Start Main
2025-04-04 21:04:37.185 [DEBUG] [thread-id 1] - Timestamp: 1743825877184
2025-04-04 21:04:37.185 [DEBUG] [thread-id 1] - Executing function: 'unified.us.functions.global.onboarding.navigateOnboardingToHome'
2025-04-04 21:04:37.186 [DEBUG] [thread-id 1] - Store in: store the value 'onboarding' in the variable 'executionStage'
2025-04-04 21:04:37.187 [DEBUG] [thread-id 1] - Welcome screen loaded
2025-04-04 21:04:37.190 [DEBUG] [thread-id 1] - conditionally execute a flow. condition: true
2025-04-04 21:04:37.410 [DEBUG] [thread-id 1] - Verify identifier: {cta.cancel.welcome=[true]}
2025-04-04 21:04:37.630 [DEBUG] [thread-id 1] - Store in: store the value 'true' in the variable 'testStarted'
2025-04-04 21:04:38.011 [DEBUG] [thread-id 1] - Click element: 'cta.cancel.welcome'
2025-04-04 21:04:38.908 [DEBUG] [thread-id 1] - Notifiction Prompt screen loaded
2025-04-04 21:04:39.201 [DEBUG] [thread-id 1] - Verify identifier: {NotificationPermissionViewController.titleLabel=[true]}
2025-04-04 21:04:39.433 [WARN] [thread-id 1] - variable allowNotifications was used, but r2 could not find a value for this variable. returning default of null
2025-04-04 21:04:39.434 [DEBUG] [thread-id 1] - conditionally execute a flow. condition: false
2025-04-04 21:04:41.711 [DEBUG] [thread-id 1] - Click element: 'cta.cancel.notifications'
2025-04-04 21:04:42.149 [DEBUG] [thread-id 1] - location screen loaded
2025-04-04 21:04:42.398 [DEBUG] [thread-id 1] - Verify identifier: {LocationPermissionViewController.titleLabel=[true]}
2025-04-04 21:04:42.398 [DEBUG] [thread-id 1] - Store in: store the value 'true' in the variable 'testStarted'
2025-04-04 21:04:42.437 [DEBUG] [thread-id 1] - Click element: 'Enter zip code'
2025-04-04 21:04:43.170 [DEBUG] [thread-id 1] - Verify identifier: {label.postal-code-entry=[true]}
2025-04-04 21:04:43.171 [DEBUG] [thread-id 1] - sleep:  2000 milliseconds
2025-04-04 21:04:45.233 [DEBUG] [thread-id 1] - Enter text: '95122'
2025-04-04 21:04:46.989 [DEBUG] [thread-id 1] - Click element: 'cta.continue'
2025-04-04 21:04:47.474 [DEBUG] [thread-id 1] - sleep:  3000 milliseconds
2025-04-04 21:05:00.647 [DEBUG] [thread-id 1] - Executing function: 'unified.us.functions.home.handlePersonalizedScreen'
2025-04-04 21:05:00.862 [DEBUG] [thread-id 1] - conditionally execute a flow. condition: true
2025-04-04 21:05:01.076 [DEBUG] [thread-id 1] - Observed Personalize Shopping Screen
2025-04-04 21:05:01.300 [DEBUG] [thread-id 1] - Verify identifier: {ATTPermissionViewController.bodyLabel=[true]}
2025-04-04 21:05:01.734 [DEBUG] [thread-id 1] - conditionally execute a flow. condition: true
2025-04-04 21:05:01.981 [DEBUG] [thread-id 1] - Click element: 'cta.continue.location'
2025-04-04 21:05:03.879 [DEBUG] [thread-id 1] - Personalized Shopping Experience Screen Handled.
2025-04-04 21:05:17.764 [DEBUG] [thread-id 1] - Executing function: 'unified.us.functions.home.toolTip'
2025-04-04 21:05:19.913 [DEBUG] [thread-id 1] - conditionally execute a flow. condition: true
2025-04-04 21:05:21.881 [DEBUG] [thread-id 1] - tooltip displayed
2025-04-04 21:05:26.224 [DEBUG] [thread-id 1] - conditionally execute a flow. condition: true
2025-04-04 21:05:28.256 [DEBUG] [thread-id 1] - Tool close button displayed
2025-04-04 21:05:28.437 [DEBUG] [thread-id 1] - Executing function: 'unified.us.functions.gic.collapseIfExpanded'
2025-04-04 21:05:34.241 [DEBUG] [thread-id 1] - GIC already collapsed
2025-04-04 21:05:36.453 [DEBUG] [thread-id 1] - Verify identifier: {Search Walmart=[true]}
2025-04-04 21:05:36.454 [DEBUG] [thread-id 1] - Executing function: 'unified.us.functions.home.navigateHomeToSignIn'
2025-04-04 21:05:36.454 [DEBUG] [thread-id 1] - Store in: store the value 'Pre-transactions' in the variable 'executionStage'
2025-04-04 21:05:38.069 [DEBUG] [thread-id 1] - Click element: '//XCUIElementTypeButton[@name="Account"] | Account'
2025-04-04 21:05:39.975 [DEBUG] [thread-id 1] - Verify identifier: {//XCUIElementTypeButton[@name="SignInYourAccountTableViewCell.signInButton"] | //XCUIElementTypeButton[@name="SignInYourAccountView.signInButton"]=[true]}
2025-04-04 21:05:40.300 [DEBUG] [thread-id 1] - Click element: '//XCUIElementTypeButton[@name="SignInYourAccountTableViewCell.signInButton"] | //XCUIElementTypeButton[@name="SignInYourAccountView.signInButton"]'
2025-04-04 21:05:42.092 [DEBUG] [thread-id 1] - conditionally execute a flow. condition: true
2025-04-04 21:05:43.335 [DEBUG] [thread-id 1] - Store in: store the value 'true' in the variable 'signInValidated'
2025-04-04 21:05:43.349 [DEBUG] [thread-id 1] - conditionally execute a flow. condition: true
2025-04-04 21:05:44.586 [DEBUG] [thread-id 1] - SignIn page loaded
2025-04-04 21:05:45.849 [DEBUG] [thread-id 1] - Store in: store the value 'false' in the variable 'signInValidated'
2025-04-04 21:05:45.856 [DEBUG] [thread-id 1] - Executing function: 'unified.us.functions.global.authentication.signInAccountWithParams'
2025-04-04 21:05:45.856 [DEBUG] [thread-id 1] - Store in: store the value 'Pre-transactions' in the variable 'executionStage'
2025-04-04 21:05:45.857 [DEBUG] [thread-id 1] - Executing function: 'unified.us.functions.authentication.signInInfo'
2025-04-04 21:05:45.858 [DEBUG] [thread-id 1] - conditionally execute a flow. condition: true
2025-04-04 21:05:47.016 [DEBUG] [thread-id 1] - Store in: store the value 'prod.flow.subsIos@cloudtest.org' in the variable 'email'
2025-04-04 21:05:48.244 [DEBUG] [thread-id 1] - Store in: store the value 'E2epassword$' in the variable 'password'
2025-04-04 21:05:48.253 [DEBUG] [thread-id 1] - Executing function: 'unified.us.functions.global.authentication.signInAccount'
2025-04-04 21:05:48.254 [DEBUG] [thread-id 1] - conditionally execute a flow. condition: true
2025-04-04 21:06:01.203 [DEBUG] [thread-id 1] - Verify identifier: {TextFieldStackView.containerStackView=[true]}
2025-04-04 21:06:01.352 [DEBUG] [thread-id 1] - Enter text: 'prod.flow.subsIos@cloudtest.org'
2025-04-04 21:06:06.253 [DEBUG] [thread-id 1] - Click element: 'WelcomeView.ctaButton'
2025-04-04 21:06:07.108 [DEBUG] [thread-id 1] - sleep:  2000 milliseconds
2025-04-04 21:06:09.763 [DEBUG] [thread-id 1] - conditionally execute a flow. condition: true
2025-04-04 21:06:11.077 [DEBUG] [thread-id 1] - Entered Email Successfully
2025-04-04 21:06:12.464 [DEBUG] [thread-id 1] - conditionally execute a flow. condition: true
2025-04-04 21:06:13.998 [DEBUG] [thread-id 1] - Click element: 'AuthChoiceView.passwordStackView'
2025-04-04 21:06:16.074 [DEBUG] [thread-id 1] - Selected Password Option to Login
2025-04-04 21:06:16.148 [DEBUG] [thread-id 1] - Verify identifier: {TextFieldStackView.textField=[true]}
2025-04-04 21:06:16.306 [DEBUG] [thread-id 1] - Enter text: 'E2epassword$'
2025-04-04 21:06:23.113 [DEBUG] [thread-id 1] - Click element: 'AuthChoiceView.ctaButton'
2025-04-04 21:06:44.609 [DEBUG] [thread-id 1] - conditionally execute a flow. condition: true
2025-04-04 21:06:45.294 [DEBUG] [thread-id 1] - sleep:  2000 milliseconds
2025-04-04 21:06:59.041 [DEBUG] [thread-id 1] - Executing function: 'unified.us.functions.utils.handleCartMergePopup'
2025-04-04 21:07:20.592 [DEBUG] [thread-id 1] - No Technical Error Page observed
2025-04-04 21:07:20.599 [DEBUG] [thread-id 1] - Executing function: 'unified.us.functions.home.toolTip'
2025-04-04 21:07:31.047 [DEBUG] [thread-id 1] - Executing function: 'unified.us.functions.global.navigation.accountToHome'
2025-04-04 21:07:31.048 [DEBUG] [thread-id 1] - Executing function: 'unified.us.functions.global.navigation.toTab'
2025-04-04 21:07:31.048 [DEBUG] [thread-id 1] - Executing function: 'unified.us.functions.utils.scrollIfNotVisible'
2025-04-04 21:07:31.049 [WARN] [thread-id 1] - variable scrollLimit was used, but r2 could not find a value for this variable. returning default of null
2025-04-04 21:07:31.049 [DEBUG] [thread-id 1] - conditionally execute a flow. condition: true
2025-04-04 21:07:31.757 [DEBUG] [thread-id 1] - Store in: store the value '7' in the variable 'scrollLimit'
2025-04-04 21:07:31.785 [DEBUG] [thread-id 1] - Scroll limit set to - 7
2025-04-04 21:07:31.786 [DEBUG] [thread-id 1] - conditionally execute a flow. condition: true
2025-04-04 21:07:32.999 [DEBUG] [thread-id 1] - conditionally execute a flow. condition: true
2025-04-04 21:07:33.691 [DEBUG] [thread-id 1] - Element already visible, scrolling is skipped
2025-04-04 21:07:33.705 [WARN] [thread-id 1] - variable scrollNeeded was used, but r2 could not find a value for this variable. returning default of null
2025-04-04 21:07:33.705 [DEBUG] [thread-id 1] - Resetting scrollPosition variable to default
2025-04-04 21:07:33.706 [DEBUG] [thread-id 1] - Store in: store the value 'null' in the variable 'scrollPosition'
2025-04-04 21:07:33.706 [DEBUG] [thread-id 1] - Store in: store the value 'null' in the variable 'identifierScope'
2025-04-04 21:07:33.706 [DEBUG] [thread-id 1] - Store in: store the value 'null' in the variable 'scrollLimit'
2025-04-04 21:07:33.707 [DEBUG] [thread-id 1] - Store in: store the value 'false' in the variable 'scrollNeeded'
2025-04-04 21:07:34.169 [DEBUG] [thread-id 1] - Click element: '//XCUIElementTypeButton[contains(@name, "Shop")]'
2025-04-04 21:07:34.684 [DEBUG] [thread-id 1] - Executing function: 'unified.us.functions.home.closeWPlusPromotionPopUpIfDisplayed'
2025-04-04 21:07:34.687 [DEBUG] [thread-id 1] - conditionally execute a flow. condition: true
2025-04-04 21:07:39.484 [DEBUG] [thread-id 1] - conditionally execute a flow. condition: true
2025-04-04 21:07:44.331 [DEBUG] [thread-id 1] - Click element: '//XCUIElementTypeButton[@name="SplashPageViewController.closeButton" or contains(@label, "Close Walmart plus promotional pop up")] | //XCUIElementTypeNavigationBar[@name="WalmartPlus.SplashPageView"]/XCUIElementTypeButton | //XCUIElementTypeButton[@name="close" or @name="Close"] | //XCUIElementTypeButton[@name="SplashPageViewController.fullScreenCloseButton"] | //XCUIElementTypeButton[@name="MultiSplashViewController.fullScreenCloseButton"] | //XCUIElementTypeButton[@name="RepeatBenefitEngagementTopBarView.closeButton"] | //XCUIElementTypeButton[@name="Close"] | //XCUIElementTypeButton[@name="close"]'
2025-04-04 21:07:45.473 [DEBUG] [thread-id 1] - Executing function: 'unified.us.functions.global.navigation.toCartFromNavBar'
2025-04-04 21:07:45.474 [DEBUG] [thread-id 1] - Store in: store the value 'Transactions' in the variable 'executionStage'
2025-04-04 21:07:47.557 [DEBUG] [thread-id 1] - Verify identifier: {//XCUIElementTypeButton[contains(@label, "Your cart")] | //XCUIElementTypeButton[(@name="SearchResultsViewController.cartButton") or (contains(@label,"Your cart contains") and contains(@label,"The estimated total is")) or (@label="Your cart is empty")]=[true]}
2025-04-04 21:07:49.638 [DEBUG] [thread-id 1] - Click element: '//XCUIElementTypeButton[contains(@label, "Your cart")] | //XCUIElementTypeButton[(@name="SearchResultsViewController.cartButton") or (contains(@label,"Your cart contains") and contains(@label,"The estimated total is")) or (@label="Your cart is empty")]'
2025-04-04 21:07:50.655 [DEBUG] [thread-id 1] - Executing function: 'unified.us.functions.cart.storeChangePopUp'
2025-04-04 21:08:08.081 [DEBUG] [thread-id 1] - No Store Change pop up screen displayed
2025-04-04 21:08:21.421 [DEBUG] [thread-id 1] - conditionally execute a flow. condition: false
2025-04-04 21:08:41.204 [DEBUG] [thread-id 1] - conditionally execute a flow. condition: false
2025-04-04 21:08:47.696 [WARN] [thread-id 1] - variable skipValidation was used, but r2 could not find a value for this variable. returning default of null
2025-04-04 21:08:47.697 [DEBUG] [thread-id 1] - conditionally execute a flow. condition: true
2025-04-04 21:09:06.683 [DEBUG] [thread-id 1] - conditionally execute a flow. condition: true
2025-04-04 21:09:13.132 [DEBUG] [thread-id 1] - cart page loaded
2025-04-04 21:09:13.656 [DEBUG] [thread-id 1] - Executing function: 'unified.us.functions.cart.removeAllCartItems'
2025-04-04 21:09:13.657 [DEBUG] [thread-id 1] - Executing function: 'unified.us.functions.cart.storeChangePopUp'
2025-04-04 21:09:26.043 [DEBUG] [thread-id 1] - No Store Change pop up screen displayed
2025-04-04 21:09:26.544 [DEBUG] [thread-id 1] - Executing function: 'unified.us.functions.cart.removeAdonsNotAvailable'
2025-04-04 21:09:42.986 [DEBUG] [thread-id 1] - No remove Adons pop up screen displayed
2025-04-04 21:09:55.930 [DEBUG] [thread-id 1] - conditionally execute a flow. condition: false
2025-04-04 21:10:02.408 [DEBUG] [thread-id 1] - conditionally execute a flow. condition: true
2025-04-04 21:10:39.377 [DEBUG] [thread-id 1] - get number of child elements for //XCUIElementTypeScrollView[@name="ReviewOrderViewController.scrollView"] | //XCUIElementTypeOther[@name="CartDetailsViewController.stackView"] | //XCUIElementTypeCollectionView[@name="CartCollectionViewController.collectionView"]: 0
2025-04-04 21:11:01.780 [DEBUG] [thread-id 1] - get number of child elements for //XCUIElementTypeScrollView[@name="ReviewOrderViewController.scrollView"] | //XCUIElementTypeOther[@name="CartDetailsViewController.stackView"] | //XCUIElementTypeCollectionView[@name="CartCollectionViewController.collectionView"]: 1
2025-04-04 21:11:08.142 [DEBUG] [thread-id 1] - 1
2025-04-04 21:11:14.487 [WARN] [thread-id 1] - variable scrollDown was used, but r2 could not find a value for this variable. returning default of null
2025-04-04 21:11:20.882 [DEBUG] [thread-id 1] - loop: from 0 to 9
2025-04-04 21:11:27.197 [DEBUG] [thread-id 1] - 0
2025-04-04 21:11:45.804 [DEBUG] [thread-id 1] - Verify identifier: {//XCUIElementTypeButton[contains(@label, "Remove and continue")] | //XCUIElementTypeButton[@name="Remove" or @name = "CartItemTileView.remove"]=[true]}
2025-04-04 21:11:58.112 [DEBUG] [thread-id 1] - Click element: '//XCUIElementTypeButton[contains(@label, "Remove and continue")] | //XCUIElementTypeButton[@name="Remove" or @name = "CartItemTileView.remove"]'
2025-04-04 21:12:04.034 [DEBUG] [thread-id 1] - 1
2025-04-04 21:12:11.988 [DEBUG] [thread-id 1] - No Items in Cart to Remove
2025-04-04 21:12:16.022 [DEBUG] [thread-id 1] - Executing function: 'unified.us.functions.cart.removeUnavailableItemsFromCart'
2025-04-04 21:12:16.022 [DEBUG] [thread-id 1] - conditionally execute a flow. condition: true
2025-04-04 21:12:28.136 [DEBUG] [thread-id 1] - Executing function: 'unified.us.functions.global.navigation.backNavigation'
2025-04-04 21:12:28.139 [DEBUG] [thread-id 1] - Global Back navigation
2025-04-04 21:12:28.139 [DEBUG] [thread-id 1] - conditionally execute a flow. condition: true
2025-04-04 21:12:31.957 [DEBUG] [thread-id 1] - conditionally execute a flow. condition: true
2025-04-04 21:12:38.692 [DEBUG] [thread-id 1] - Click element: '//XCUIElementTypeButton[@name="Back" or @label="Back"] | //XCUIElementTypeNavigationBar[@name="Cart"]/XCUIElementTypeButton[contains(@name,"Search")] | //XCUIElementTypeNavigationBar/XCUIElementTypeButton[not(contains(@label,"cart"))]'
2025-04-04 21:12:39.663 [DEBUG] [thread-id 1] - Executing function: 'unified.us.functions.home.setStore'
2025-04-04 21:12:39.664 [DEBUG] [thread-id 1] - conditionally execute a flow. condition: true
2025-04-04 21:12:42.482 [DEBUG] [thread-id 1] - Store in: store the value '95122' in the variable 'zipcode'
2025-04-04 21:12:42.642 [DEBUG] [thread-id 1] - Executing function: 'unified.us.functions.gic.expandIfCollapsed'
2025-04-04 21:12:46.438 [DEBUG] [thread-id 1] - Verify identifier: {//*[contains(@label,"Collapsed")] | //*[contains(@name,"Collapsed")]=[true]}
2025-04-04 21:12:50.375 [DEBUG] [thread-id 1] - Click element: '//*[contains(@label,"Collapsed")] | //*[contains(@name,"Collapsed")]'
2025-04-04 21:13:02.279 [DEBUG] [thread-id 1] - conditionally execute a flow. condition: false
2025-04-04 21:13:02.877 [DEBUG] [thread-id 1] - Skipping as its already set to the required store
2025-04-04 21:13:03.470 [DEBUG] [thread-id 1] - Executing function: 'unified.us.functions.gic.collapseIfExpanded'
2025-04-04 21:13:04.430 [DEBUG] [thread-id 1] - Verify identifier: {//*[contains(@label,"Expanded")] | //*[contains(@name,"Expanded")]=[true]}
2025-04-04 21:13:05.127 [DEBUG] [thread-id 1] - Collapsing GIC screen
2025-04-04 21:13:06.088 [DEBUG] [thread-id 1] - Click element: '//*[contains(@label,"Expanded")] | //*[contains(@name,"Expanded")]'
2025-04-04 21:13:06.761 [DEBUG] [thread-id 1] - Executing function: 'unified.us.functions.gic.changeFulfillment'
2025-04-04 21:13:06.762 [DEBUG] [thread-id 1] - Executing function: 'unified.us.functions.gic.expandIfCollapsed'
2025-04-04 21:13:10.534 [DEBUG] [thread-id 1] - Verify identifier: {//*[contains(@label,"Collapsed")] | //*[contains(@name,"Collapsed")]=[true]}
2025-04-04 21:13:14.498 [DEBUG] [thread-id 1] - Click element: '//*[contains(@label,"Collapsed")] | //*[contains(@name,"Collapsed")]'
2025-04-04 21:13:15.504 [DEBUG] [thread-id 1] - Executing function: 'unified.us.functions.gic.setFulfillment'
2025-04-04 21:13:15.505 [DEBUG] [thread-id 1] - conditionally execute a flow. condition: true
2025-04-04 21:13:26.177 [DEBUG] [thread-id 1] - conditionally execute a flow. condition: false
2025-04-04 21:13:28.612 [DEBUG] [thread-id 1] - Click element: '//XCUIElementTypeButton[@name="GlobalIntentCenter.Pickup"] | //XCUIElementTypeButton[contains(@name, "Pickup") ] | //XCUIElementTypeButton[@name="HoTIntentOptionsView" or @name="HoTIntentOptionsPhase2View" and contains(@label,"Pickup")]'
2025-04-04 21:13:29.637 [DEBUG] [thread-id 1] - Pickup intent selected
2025-04-04 21:13:30.251 [DEBUG] [thread-id 1] - sleep:  3000 milliseconds
2025-04-04 21:13:44.201 [DEBUG] [thread-id 1] - Executing function: 'unified.us.functions.gic.collapseIfExpanded'
2025-04-04 21:13:45.318 [DEBUG] [thread-id 1] - Verify identifier: {//*[contains(@label,"Expanded")] | //*[contains(@name,"Expanded")]=[true]}
2025-04-04 21:13:45.972 [DEBUG] [thread-id 1] - Collapsing GIC screen
2025-04-04 21:13:47.048 [DEBUG] [thread-id 1] - Click element: '//*[contains(@label,"Expanded")] | //*[contains(@name,"Expanded")]'
2025-04-04 21:13:47.700 [DEBUG] [thread-id 1] - Executing function: 'unified.us.functions.search.searchItem'
2025-04-04 21:13:49.085 [DEBUG] [thread-id 1] - Verify identifier: {//XCUIElementTypeButton[@name="Search"]=[true]}
2025-04-04 21:13:53.457 [DEBUG] [thread-id 1] - Click element: '//XCUIElementTypeButton[@name="Search"]'
2025-04-04 21:14:00.255 [DEBUG] [thread-id 1] - Click element: '//XCUIElementTypeButton[@name="Search"]'
2025-04-04 21:14:07.161 [DEBUG] [thread-id 1] - Click element: '//XCUIElementTypeButton[@name="Search"]'
2025-04-04 21:14:14.010 [DEBUG] [thread-id 1] - Click element: '//XCUIElementTypeButton[@name="Search"]'
2025-04-04 21:14:16.155 [DEBUG] [thread-id 1] - Main failed: Cannot click '//XCUIElementTypeButton[@name="Search"]'
2025-04-04 21:14:20.228 [DEBUG] [thread-id 1] - Executing scenario: 'After'
2025-04-04 21:14:20.229 [DEBUG] [thread-id 1] - Executing function: 'unified.us.functions.utils.afterSteps'
2025-04-04 21:14:20.229 [WARN] [thread-id 1] - variable testStatus was used, but r2 could not find a value for this variable. returning default of null
2025-04-04 21:14:20.229 [DEBUG] [thread-id 1] - conditionally execute a flow. condition: false
2025-04-04 21:14:22.170 [DEBUG] [thread-id 1] - Test failed
2025-04-04 21:14:30.367 [DEBUG] [thread-id 1] - Created report: /Users/m0k0a2f/glass-automation/report/index.html
2025-04-04 22:21:30.568 [DEBUG] [thread-id 1] - Executing R2 4.0.2: '/Users/m0k0a2f/glass-automation/us/unified-e2e-tests/test-scripts/ecomm-and-fulfillment-flows/virtual-pack-flows / production/C2664759-unified-flow-virtual-pack-checkout-prod.yaml' on device: 'iPhone 15'
2025-04-04 22:23:02.762 [DEBUG] [thread-id 1] - Executing scenario: 'Before'
2025-04-04 22:23:02.764 [DEBUG] [thread-id 1] - Executing function: 'us.function.utils.getEnvironmentValue'
2025-04-04 22:23:02.765 [DEBUG] [thread-id 1] - Store in: store the value 'Onboarding' in the variable 'executionStage'
2025-04-04 22:23:02.766 [DEBUG] [thread-id 1] - Store in: store the value 'production' in the variable 'env'
2025-04-04 22:23:02.766 [DEBUG] [thread-id 1] - Timestamp: 1743830582766
2025-04-04 22:23:02.767 [DEBUG] [thread-id 1] - Executing function: 'functions.utils.setPlatformInfo'
2025-04-04 22:23:02.768 [DEBUG] [thread-id 1] - Store in: store the value 'Onboarding' in the variable 'executionStage'
2025-04-04 22:23:02.771 [WARN] [thread-id 1] - variable dependencies.general.appPackage was used, but r2 could not find a value for this variable. returning default of null
2025-04-04 22:23:02.771 [DEBUG] [thread-id 1] - Store in: store the value 'null' in the variable 'appPackage'
2025-04-04 22:23:02.782 [DEBUG] [thread-id 1] - conditionally execute a flow. condition: true
2025-04-04 22:23:03.017 [DEBUG] [thread-id 1] - Store in: store the value 'iOS' in the variable 'platform'
2025-04-04 22:23:03.023 [DEBUG] [thread-id 1] - VIRTUAL_PACK_CHECKOUT FLOW
2025-04-04 22:23:03.520 [DEBUG] [thread-id 1] - Using us-errors-helpers.yaml
2025-04-04 22:23:04.093 [DEBUG] [thread-id 1] - Start Main
2025-04-04 22:23:04.094 [DEBUG] [thread-id 1] - Executing function: 'unified.us.functions.global.onboarding.navigateOnboardingToHome'
2025-04-04 22:23:04.095 [DEBUG] [thread-id 1] - Store in: store the value 'onboarding' in the variable 'executionStage'
2025-04-04 22:23:04.095 [DEBUG] [thread-id 1] - Welcome screen loaded
2025-04-04 22:23:04.098 [DEBUG] [thread-id 1] - conditionally execute a flow. condition: true
2025-04-04 22:23:04.330 [DEBUG] [thread-id 1] - Verify identifier: {cta.cancel.welcome=[true]}
2025-04-04 22:23:04.766 [DEBUG] [thread-id 1] - Store in: store the value 'true' in the variable 'testStarted'
2025-04-04 22:23:05.062 [DEBUG] [thread-id 1] - Click element: 'cta.cancel.welcome'
2025-04-04 22:23:05.937 [DEBUG] [thread-id 1] - Notifiction Prompt screen loaded
2025-04-04 22:23:06.240 [DEBUG] [thread-id 1] - Verify identifier: {NotificationPermissionViewController.titleLabel=[true]}
2025-04-04 22:23:06.491 [WARN] [thread-id 1] - variable allowNotifications was used, but r2 could not find a value for this variable. returning default of null
2025-04-04 22:23:06.491 [DEBUG] [thread-id 1] - conditionally execute a flow. condition: false
2025-04-04 22:23:08.786 [DEBUG] [thread-id 1] - Click element: 'cta.cancel.notifications'
2025-04-04 22:23:09.267 [DEBUG] [thread-id 1] - location screen loaded
2025-04-04 22:23:09.541 [DEBUG] [thread-id 1] - Verify identifier: {LocationPermissionViewController.titleLabel=[true]}
2025-04-04 22:23:09.541 [DEBUG] [thread-id 1] - Store in: store the value 'true' in the variable 'testStarted'
2025-04-04 22:23:09.583 [DEBUG] [thread-id 1] - Click element: 'Enter zip code'
2025-04-04 22:23:10.345 [DEBUG] [thread-id 1] - Verify identifier: {label.postal-code-entry=[true]}
2025-04-04 22:23:10.346 [DEBUG] [thread-id 1] - sleep:  2000 milliseconds
2025-04-04 22:23:12.412 [DEBUG] [thread-id 1] - Enter text: '95122'
2025-04-04 22:23:14.239 [DEBUG] [thread-id 1] - Click element: 'cta.continue'
2025-04-04 22:23:14.730 [DEBUG] [thread-id 1] - sleep:  3000 milliseconds
2025-04-04 22:23:27.892 [DEBUG] [thread-id 1] - Executing function: 'unified.us.functions.home.handlePersonalizedScreen'
2025-04-04 22:23:28.121 [DEBUG] [thread-id 1] - conditionally execute a flow. condition: true
2025-04-04 22:23:28.348 [DEBUG] [thread-id 1] - Observed Personalize Shopping Screen
2025-04-04 22:23:28.587 [DEBUG] [thread-id 1] - Verify identifier: {ATTPermissionViewController.bodyLabel=[true]}
2025-04-04 22:23:29.067 [DEBUG] [thread-id 1] - conditionally execute a flow. condition: true
2025-04-04 22:23:29.332 [DEBUG] [thread-id 1] - Click element: 'cta.continue.location'
2025-04-04 22:23:35.242 [DEBUG] [thread-id 1] - Personalized Shopping Experience Screen Handled.
2025-04-04 22:23:49.080 [DEBUG] [thread-id 1] - Executing function: 'unified.us.functions.home.toolTip'
2025-04-04 22:23:51.487 [DEBUG] [thread-id 1] - conditionally execute a flow. condition: true
2025-04-04 22:23:54.086 [DEBUG] [thread-id 1] - tooltip displayed
2025-04-04 22:23:59.279 [DEBUG] [thread-id 1] - conditionally execute a flow. condition: true
2025-04-04 22:24:01.873 [DEBUG] [thread-id 1] - Tool close button displayed
2025-04-04 22:24:02.111 [DEBUG] [thread-id 1] - Executing function: 'unified.us.functions.gic.collapseIfExpanded'
2025-04-04 22:24:08.788 [DEBUG] [thread-id 1] - GIC already collapsed
2025-04-04 22:24:11.376 [DEBUG] [thread-id 1] - Verify identifier: {Search Walmart=[true]}
2025-04-04 22:24:11.377 [DEBUG] [thread-id 1] - Executing function: 'unified.us.functions.home.navigateHomeToSignIn'
2025-04-04 22:24:11.377 [DEBUG] [thread-id 1] - Store in: store the value 'Pre-transactions' in the variable 'executionStage'
2025-04-04 22:24:13.167 [DEBUG] [thread-id 1] - Click element: '//XCUIElementTypeButton[@name="Account"] | Account'
2025-04-04 22:24:15.402 [DEBUG] [thread-id 1] - Verify identifier: {//XCUIElementTypeButton[@name="SignInYourAccountTableViewCell.signInButton"] | //XCUIElementTypeButton[@name="SignInYourAccountView.signInButton"]=[true]}
2025-04-04 22:24:15.730 [DEBUG] [thread-id 1] - Click element: '//XCUIElementTypeButton[@name="SignInYourAccountTableViewCell.signInButton"] | //XCUIElementTypeButton[@name="SignInYourAccountView.signInButton"]'
2025-04-04 22:24:17.757 [DEBUG] [thread-id 1] - conditionally execute a flow. condition: true
2025-04-04 22:24:19.095 [DEBUG] [thread-id 1] - Store in: store the value 'true' in the variable 'signInValidated'
2025-04-04 22:24:19.106 [DEBUG] [thread-id 1] - conditionally execute a flow. condition: true
2025-04-04 22:24:20.403 [DEBUG] [thread-id 1] - SignIn page loaded
2025-04-04 22:24:21.865 [DEBUG] [thread-id 1] - Store in: store the value 'false' in the variable 'signInValidated'
2025-04-04 22:24:21.875 [DEBUG] [thread-id 1] - Executing function: 'unified.us.functions.global.authentication.signInAccountWithParams'
2025-04-04 22:24:21.875 [DEBUG] [thread-id 1] - Store in: store the value 'Pre-transactions' in the variable 'executionStage'
2025-04-04 22:24:21.876 [DEBUG] [thread-id 1] - Executing function: 'unified.us.functions.authentication.signInInfo'
2025-04-04 22:24:21.877 [DEBUG] [thread-id 1] - conditionally execute a flow. condition: true
2025-04-04 22:24:23.173 [DEBUG] [thread-id 1] - Store in: store the value 'prod.ios.flowvpcprod@cloudtest.org' in the variable 'email'
2025-04-04 22:24:24.520 [DEBUG] [thread-id 1] - Store in: store the value 'E2epassword$' in the variable 'password'
2025-04-04 22:24:24.526 [DEBUG] [thread-id 1] - Executing function: 'unified.us.functions.global.authentication.signInAccount'
2025-04-04 22:24:24.527 [DEBUG] [thread-id 1] - conditionally execute a flow. condition: true
2025-04-04 22:24:38.712 [DEBUG] [thread-id 1] - Verify identifier: {TextFieldStackView.containerStackView=[true]}
2025-04-04 22:24:38.886 [DEBUG] [thread-id 1] - Enter text: 'prod.ios.flowvpcprod@cloudtest.org'
2025-04-04 22:24:43.917 [DEBUG] [thread-id 1] - Click element: 'WelcomeView.ctaButton'
2025-04-04 22:24:44.648 [DEBUG] [thread-id 1] - sleep:  2000 milliseconds
2025-04-04 22:24:47.322 [DEBUG] [thread-id 1] - conditionally execute a flow. condition: true
2025-04-04 22:24:48.748 [DEBUG] [thread-id 1] - Entered Email Successfully
2025-04-04 22:24:50.259 [DEBUG] [thread-id 1] - conditionally execute a flow. condition: true
2025-04-04 22:24:51.938 [DEBUG] [thread-id 1] - Click element: 'AuthChoiceView.passwordStackView'
2025-04-04 22:24:54.237 [DEBUG] [thread-id 1] - Selected Password Option to Login
2025-04-04 22:24:54.313 [DEBUG] [thread-id 1] - Verify identifier: {TextFieldStackView.textField=[true]}
2025-04-04 22:24:54.493 [DEBUG] [thread-id 1] - Enter text: 'E2epassword$'
2025-04-04 22:25:01.463 [DEBUG] [thread-id 1] - Click element: 'AuthChoiceView.ctaButton'
2025-04-04 22:25:23.053 [DEBUG] [thread-id 1] - conditionally execute a flow. condition: true
2025-04-04 22:25:23.783 [DEBUG] [thread-id 1] - sleep:  2000 milliseconds
2025-04-04 22:25:36.995 [DEBUG] [thread-id 1] - Executing function: 'unified.us.functions.utils.handleCartMergePopup'
2025-04-04 22:25:58.031 [DEBUG] [thread-id 1] - No Technical Error Page observed
2025-04-04 22:25:58.058 [DEBUG] [thread-id 1] - Executing function: 'unified.us.functions.home.toolTip'
2025-04-04 22:26:08.577 [DEBUG] [thread-id 1] - Executing function: 'unified.us.functions.global.navigation.accountToHome'
2025-04-04 22:26:08.578 [DEBUG] [thread-id 1] - Executing function: 'unified.us.functions.global.navigation.toTab'
2025-04-04 22:26:08.578 [DEBUG] [thread-id 1] - Executing function: 'unified.us.functions.utils.scrollIfNotVisible'
2025-04-04 22:26:08.579 [WARN] [thread-id 1] - variable scrollLimit was used, but r2 could not find a value for this variable. returning default of null
2025-04-04 22:26:08.579 [DEBUG] [thread-id 1] - conditionally execute a flow. condition: true
2025-04-04 22:26:09.305 [DEBUG] [thread-id 1] - Store in: store the value '7' in the variable 'scrollLimit'
2025-04-04 22:26:09.337 [DEBUG] [thread-id 1] - Scroll limit set to - 7
2025-04-04 22:26:09.338 [DEBUG] [thread-id 1] - conditionally execute a flow. condition: true
2025-04-04 22:26:10.593 [DEBUG] [thread-id 1] - conditionally execute a flow. condition: true
2025-04-04 22:26:11.320 [DEBUG] [thread-id 1] - Element already visible, scrolling is skipped
2025-04-04 22:26:11.334 [WARN] [thread-id 1] - variable scrollNeeded was used, but r2 could not find a value for this variable. returning default of null
2025-04-04 22:26:11.334 [DEBUG] [thread-id 1] - Resetting scrollPosition variable to default
2025-04-04 22:26:11.335 [DEBUG] [thread-id 1] - Store in: store the value 'null' in the variable 'scrollPosition'
2025-04-04 22:26:11.335 [DEBUG] [thread-id 1] - Store in: store the value 'null' in the variable 'identifierScope'
2025-04-04 22:26:11.336 [DEBUG] [thread-id 1] - Store in: store the value 'null' in the variable 'scrollLimit'
2025-04-04 22:26:11.336 [DEBUG] [thread-id 1] - Store in: store the value 'false' in the variable 'scrollNeeded'
2025-04-04 22:26:11.851 [DEBUG] [thread-id 1] - Click element: '//XCUIElementTypeButton[contains(@name, "Shop")]'
2025-04-04 22:26:12.343 [DEBUG] [thread-id 1] - Executing function: 'unified.us.functions.home.closeWPlusPromotionPopUpIfDisplayed'
2025-04-04 22:26:12.344 [DEBUG] [thread-id 1] - conditionally execute a flow. condition: true
2025-04-04 22:26:17.751 [DEBUG] [thread-id 1] - conditionally execute a flow. condition: true
2025-04-04 22:26:23.262 [DEBUG] [thread-id 1] - Click element: '//XCUIElementTypeButton[@name="SplashPageViewController.closeButton" or contains(@label, "Close Walmart plus promotional pop up")] | //XCUIElementTypeNavigationBar[@name="WalmartPlus.SplashPageView"]/XCUIElementTypeButton | //XCUIElementTypeButton[@name="close" or @name="Close"] | //XCUIElementTypeButton[@name="SplashPageViewController.fullScreenCloseButton"] | //XCUIElementTypeButton[@name="MultiSplashViewController.fullScreenCloseButton"] | //XCUIElementTypeButton[@name="RepeatBenefitEngagementTopBarView.closeButton"] | //XCUIElementTypeButton[@name="Close"] | //XCUIElementTypeButton[@name="close"]'
2025-04-04 22:26:24.588 [DEBUG] [thread-id 1] - Executing function: 'unified.us.functions.global.navigation.toCartFromNavBar'
2025-04-04 22:26:24.589 [DEBUG] [thread-id 1] - Store in: store the value 'Transactions' in the variable 'executionStage'
2025-04-04 22:26:26.809 [DEBUG] [thread-id 1] - Verify identifier: {//XCUIElementTypeButton[contains(@label, "Your cart")] | //XCUIElementTypeButton[(@name="SearchResultsViewController.cartButton") or (contains(@label,"Your cart contains") and contains(@label,"The estimated total is")) or (@label="Your cart is empty")]=[true]}
2025-04-04 22:26:28.978 [DEBUG] [thread-id 1] - Click element: '//XCUIElementTypeButton[contains(@label, "Your cart")] | //XCUIElementTypeButton[(@name="SearchResultsViewController.cartButton") or (contains(@label,"Your cart contains") and contains(@label,"The estimated total is")) or (@label="Your cart is empty")]'
2025-04-04 22:26:30.160 [DEBUG] [thread-id 1] - Executing function: 'unified.us.functions.cart.storeChangePopUp'
2025-04-04 22:26:50.722 [DEBUG] [thread-id 1] - No Store Change pop up screen displayed
2025-04-04 22:27:05.797 [DEBUG] [thread-id 1] - conditionally execute a flow. condition: false
2025-04-04 22:27:28.232 [DEBUG] [thread-id 1] - conditionally execute a flow. condition: false
2025-04-04 22:27:35.597 [WARN] [thread-id 1] - variable skipValidation was used, but r2 could not find a value for this variable. returning default of null
2025-04-04 22:27:35.598 [DEBUG] [thread-id 1] - conditionally execute a flow. condition: true
2025-04-04 22:27:56.076 [DEBUG] [thread-id 1] - conditionally execute a flow. condition: true
2025-04-04 22:28:03.378 [DEBUG] [thread-id 1] - cart page loaded
2025-04-04 22:28:04.010 [DEBUG] [thread-id 1] - Executing function: 'unified.us.functions.cart.removeAllCartItems'
2025-04-04 22:28:04.011 [DEBUG] [thread-id 1] - Executing function: 'unified.us.functions.cart.storeChangePopUp'
2025-04-04 22:28:17.994 [DEBUG] [thread-id 1] - No Store Change pop up screen displayed
2025-04-04 22:28:18.564 [DEBUG] [thread-id 1] - Executing function: 'unified.us.functions.cart.removeAdonsNotAvailable'
2025-04-04 22:28:36.446 [DEBUG] [thread-id 1] - No remove Adons pop up screen displayed
2025-04-04 22:28:50.862 [DEBUG] [thread-id 1] - conditionally execute a flow. condition: false
2025-04-04 22:28:58.027 [DEBUG] [thread-id 1] - conditionally execute a flow. condition: true
2025-04-04 22:29:09.922 [DEBUG] [thread-id 1] - conditionally execute a flow. condition: true
2025-04-04 22:29:22.076 [DEBUG] [thread-id 1] - Click element: '//XCUIElementTypeButton[@name="SmartNudgeView.closeButton"]'
2025-04-04 22:29:39.921 [DEBUG] [thread-id 1] - get number of child elements for //XCUIElementTypeScrollView[@name="ReviewOrderViewController.scrollView"] | //XCUIElementTypeOther[@name="CartDetailsViewController.stackView"] | //XCUIElementTypeCollectionView[@name="CartCollectionViewController.collectionView"]: 0
2025-04-04 22:30:05.487 [DEBUG] [thread-id 1] - get number of child elements for //XCUIElementTypeScrollView[@name="ReviewOrderViewController.scrollView"] | //XCUIElementTypeOther[@name="CartDetailsViewController.stackView"] | //XCUIElementTypeCollectionView[@name="CartCollectionViewController.collectionView"]: 5
2025-04-04 22:30:12.846 [DEBUG] [thread-id 1] - 5
2025-04-04 22:30:20.036 [WARN] [thread-id 1] - variable scrollDown was used, but r2 could not find a value for this variable. returning default of null
2025-04-04 22:30:20.037 [DEBUG] [thread-id 1] - conditionally execute a flow. condition: true
2025-04-04 22:30:27.215 [DEBUG] [thread-id 1] - Scroll: down
2025-04-04 22:31:14.989 [DEBUG] [thread-id 1] - loop: from 0 to 9
2025-04-04 22:31:22.027 [DEBUG] [thread-id 1] - 0
2025-04-04 22:31:43.570 [DEBUG] [thread-id 1] - Verify identifier: {//XCUIElementTypeButton[contains(@label, "Remove and continue")] | //XCUIElementTypeButton[@name="Remove" or @name = "CartItemTileView.remove"]=[true]}
2025-04-04 22:31:57.775 [DEBUG] [thread-id 1] - Click element: '//XCUIElementTypeButton[contains(@label, "Remove and continue")] | //XCUIElementTypeButton[@name="Remove" or @name = "CartItemTileView.remove"]'
2025-04-04 22:32:11.846 [DEBUG] [thread-id 1] - 1
2025-04-04 22:32:31.768 [DEBUG] [thread-id 1] - Verify identifier: {//XCUIElementTypeButton[contains(@label, "Remove and continue")] | //XCUIElementTypeButton[@name="Remove" or @name = "CartItemTileView.remove"]=[true]}
2025-04-04 22:32:45.123 [DEBUG] [thread-id 1] - Click element: '//XCUIElementTypeButton[contains(@label, "Remove and continue")] | //XCUIElementTypeButton[@name="Remove" or @name = "CartItemTileView.remove"]'
2025-04-04 22:32:59.145 [DEBUG] [thread-id 1] - 2
2025-04-04 22:33:18.195 [DEBUG] [thread-id 1] - Verify identifier: {//XCUIElementTypeButton[contains(@label, "Remove and continue")] | //XCUIElementTypeButton[@name="Remove" or @name = "CartItemTileView.remove"]=[true]}
2025-04-04 22:33:30.257 [DEBUG] [thread-id 1] - Click element: '//XCUIElementTypeButton[contains(@label, "Remove and continue")] | //XCUIElementTypeButton[@name="Remove" or @name = "CartItemTileView.remove"]'
2025-04-04 22:33:37.908 [DEBUG] [thread-id 1] - 3
2025-04-04 22:33:54.664 [DEBUG] [thread-id 1] - Verify identifier: {//XCUIElementTypeButton[contains(@label, "Remove and continue")] | //XCUIElementTypeButton[@name="Remove" or @name = "CartItemTileView.remove"]=[true]}
2025-04-04 22:34:06.361 [DEBUG] [thread-id 1] - Click element: '//XCUIElementTypeButton[contains(@label, "Remove and continue")] | //XCUIElementTypeButton[@name="Remove" or @name = "CartItemTileView.remove"]'
2025-04-04 22:34:18.430 [DEBUG] [thread-id 1] - 4
2025-04-04 22:34:33.674 [DEBUG] [thread-id 1] - Verify identifier: {//XCUIElementTypeButton[contains(@label, "Remove and continue")] | //XCUIElementTypeButton[@name="Remove" or @name = "CartItemTileView.remove"]=[true]}
2025-04-04 22:34:43.973 [DEBUG] [thread-id 1] - Click element: '//XCUIElementTypeButton[contains(@label, "Remove and continue")] | //XCUIElementTypeButton[@name="Remove" or @name = "CartItemTileView.remove"]'
2025-04-04 22:34:49.575 [DEBUG] [thread-id 1] - 5
2025-04-04 22:34:59.207 [DEBUG] [thread-id 1] - No Items in Cart to Remove
2025-04-04 22:35:04.625 [DEBUG] [thread-id 1] - Executing function: 'unified.us.functions.cart.removeUnavailableItemsFromCart'
2025-04-04 22:35:04.627 [DEBUG] [thread-id 1] - conditionally execute a flow. condition: true
2025-04-04 22:35:17.454 [DEBUG] [thread-id 1] - Executing function: 'unified.us.functions.global.navigation.backNavigation'
2025-04-04 22:35:17.457 [DEBUG] [thread-id 1] - Global Back navigation
2025-04-04 22:35:17.458 [DEBUG] [thread-id 1] - conditionally execute a flow. condition: true
2025-04-04 22:35:22.063 [DEBUG] [thread-id 1] - conditionally execute a flow. condition: true
2025-04-04 22:35:29.621 [DEBUG] [thread-id 1] - Click element: '//XCUIElementTypeButton[@name="Back" or @label="Back"] | //XCUIElementTypeNavigationBar[@name="Cart"]/XCUIElementTypeButton[contains(@name,"Search")] | //XCUIElementTypeNavigationBar/XCUIElementTypeButton[not(contains(@label,"cart"))]'
2025-04-04 22:35:30.741 [DEBUG] [thread-id 1] - Executing function: 'unified.us.functions.search.searchItem'
2025-04-04 22:35:34.326 [DEBUG] [thread-id 1] - Verify identifier: {//XCUIElementTypeSearchField[@name="Search Walmart"]=[true]}
2025-04-04 22:35:39.006 [DEBUG] [thread-id 1] - Click element: '//XCUIElementTypeSearchField[@name="Search Walmart"]'
2025-04-04 22:35:40.657 [DEBUG] [thread-id 1] - Enter text: '165888516'
2025-04-04 22:35:51.965 [DEBUG] [thread-id 1] - Executing function: 'unified.us.functions.search.closeEasyWaytoGetOrderPopup'
2025-04-04 22:36:02.637 [DEBUG] [thread-id 1] - Executing function: 'unified.us.functions.utils.scrollIfNotVisible'
2025-04-04 22:36:02.638 [DEBUG] [thread-id 1] - conditionally execute a flow. condition: true
2025-04-04 22:36:03.345 [DEBUG] [thread-id 1] - Store in: store the value '7' in the variable 'scrollLimit'
2025-04-04 22:36:03.362 [DEBUG] [thread-id 1] - Scroll limit set to - 7
2025-04-04 22:36:03.362 [DEBUG] [thread-id 1] - conditionally execute a flow. condition: true
2025-04-04 22:36:04.553 [DEBUG] [thread-id 1] - conditionally execute a flow. condition: true
2025-04-04 22:36:05.256 [DEBUG] [thread-id 1] - Element already visible, scrolling is skipped
2025-04-04 22:36:05.312 [DEBUG] [thread-id 1] - Resetting scrollPosition variable to default
2025-04-04 22:36:05.313 [DEBUG] [thread-id 1] - Store in: store the value 'null' in the variable 'scrollPosition'
2025-04-04 22:36:05.313 [DEBUG] [thread-id 1] - Store in: store the value 'null' in the variable 'identifierScope'
2025-04-04 22:36:05.313 [DEBUG] [thread-id 1] - Store in: store the value 'null' in the variable 'scrollLimit'
2025-04-04 22:36:05.313 [DEBUG] [thread-id 1] - Store in: store the value 'false' in the variable 'scrollNeeded'
2025-04-04 22:36:05.712 [DEBUG] [thread-id 1] - conditionally execute a flow. condition: true
2025-04-04 22:36:06.407 [DEBUG] [thread-id 1] - successfully found an item for the above search criterion
2025-04-04 22:36:06.458 [DEBUG] [thread-id 1] - Executing function: 'unified.us.functions.search.clickOnFirstItem'
2025-04-04 22:36:06.459 [WARN] [thread-id 1] - variable noAds was used, but r2 could not find a value for this variable. returning default of null
2025-04-04 22:36:06.459 [WARN] [thread-id 1] - variable excludeSponsored was used, but r2 could not find a value for this variable. returning default of null
2025-04-04 22:36:06.459 [WARN] [thread-id 1] - variable subFilter was used, but r2 could not find a value for this variable. returning default of null
2025-04-04 22:36:06.460 [DEBUG] [thread-id 1] - conditionally execute a flow. condition: true
2025-04-04 22:36:07.146 [DEBUG] [thread-id 1] - Executing function: 'unified.us.functions.utils.scrollIfNotVisible'
2025-04-04 22:36:07.146 [DEBUG] [thread-id 1] - conditionally execute a flow. condition: true
2025-04-04 22:36:07.827 [DEBUG] [thread-id 1] - Store in: store the value '7' in the variable 'scrollLimit'
2025-04-04 22:36:07.836 [DEBUG] [thread-id 1] - Scroll limit set to - 7
2025-04-04 22:36:07.836 [DEBUG] [thread-id 1] - conditionally execute a flow. condition: true
2025-04-04 22:36:09.021 [DEBUG] [thread-id 1] - conditionally execute a flow. condition: true
2025-04-04 22:36:09.722 [DEBUG] [thread-id 1] - Element already visible, scrolling is skipped
2025-04-04 22:36:09.745 [DEBUG] [thread-id 1] - Resetting scrollPosition variable to default
2025-04-04 22:36:09.745 [DEBUG] [thread-id 1] - Store in: store the value 'null' in the variable 'scrollPosition'
2025-04-04 22:36:09.745 [DEBUG] [thread-id 1] - Store in: store the value 'null' in the variable 'identifierScope'
2025-04-04 22:36:09.745 [DEBUG] [thread-id 1] - Store in: store the value 'null' in the variable 'scrollLimit'
2025-04-04 22:36:09.745 [DEBUG] [thread-id 1] - Store in: store the value 'false' in the variable 'scrollNeeded'
2025-04-04 22:36:10.890 [DEBUG] [thread-id 1] - Click element: '(//XCUIElementTypeButton[@name="GlassProductTile.mainStackView"])[1] | //XCUIElementTypeOther[contains(@name,"ProductImageView.stackView")] | //*[contains(@name,"ProductSectionCoordinator_searchPrimaryProductCell")] | //XCUIElementTypeCell[contains(@name,"ProductSectionCoordinator_searchPrimaryProductCell_indexPath")] | (//XCUIElementTypeOther[@name="ProductImageView.stackView"])[1] | (//XCUIElementTypeButton[@name="GlassProductTile.mainStackView"])[2] | //XCUIElementTypeButton[@name="ListView.accessibilityContainer"]'
2025-04-04 22:36:11.463 [DEBUG] [thread-id 1] - Executing function: 'unified.us.functions.search.verifyItemPageOpened'
2025-04-04 22:36:56.761 [DEBUG] [thread-id 1] - Verify identifier: {//XCUIElementTypeStaticText[@name="BrandNameView_brandName" or @name = "TitleView_productTitle"] | //XCUIElementTypeButton[@name="BrandNameView_brandNameButton"]=[true]}
2025-04-04 22:36:58.518 [DEBUG] [thread-id 1] - Store in: store the value 'null' in the variable 'subFilter'
2025-04-04 22:36:58.522 [DEBUG] [thread-id 1] - Store in: store the value 'null' in the variable 'noAds'
2025-04-04 22:36:58.523 [DEBUG] [thread-id 1] - Store in: store the value 'null' in the variable 'excludeSponsored'
2025-04-04 22:36:58.524 [DEBUG] [thread-id 1] - Executing function: 'unified.us.functions.item.selectVirtualPack'
2025-04-04 22:36:58.526 [DEBUG] [thread-id 1] - conditionally execute a flow. condition: true
2025-04-04 22:37:16.980 [DEBUG] [thread-id 1] - Scroll: down
2025-04-04 22:38:07.105 [DEBUG] [thread-id 1] - sleep:  3000 milliseconds
2025-04-04 22:38:44.323 [DEBUG] [thread-id 1] - Verify identifier: {//XCUIElementTypeStaticText[@name="VariantTileView.titleLabel" and number(@label) = 1]=[true]}
2025-04-04 22:39:02.410 [DEBUG] [thread-id 1] - Button present
2025-04-04 22:39:37.123 [DEBUG] [thread-id 1] - Click element: '//XCUIElementTypeStaticText[@name="VariantTileView.titleLabel" and number(@label) = 1]'
2025-04-04 22:39:45.215 [DEBUG] [thread-id 1] - conditionally execute a flow. condition: false
2025-04-04 22:39:45.510 [DEBUG] [thread-id 1] - Double Pack Button not present
2025-04-04 22:39:45.516 [DEBUG] [thread-id 1] - conditionally execute a flow. condition: false
2025-04-04 22:39:45.812 [DEBUG] [thread-id 1] - Multi Pack Button not present
2025-04-04 22:39:45.818 [DEBUG] [thread-id 1] - Executing function: 'unified.us.functions.item.addItemToCart'
2025-04-04 22:39:45.819 [DEBUG] [thread-id 1] - Store in: store the value 'Transactions' in the variable 'executionStage'
2025-04-04 22:39:45.819 [DEBUG] [thread-id 1] - Executing function: 'unified.us.functions.item.validateAndClickAddToCartButton'
2025-04-04 22:40:12.995 [DEBUG] [thread-id 1] - Verify identifier: {stepper.mainButton=[true]}
2025-04-04 22:40:30.519 [DEBUG] [thread-id 1] - ATC button present
2025-04-04 22:40:53.210 [DEBUG] [thread-id 1] - Click element: 'stepper.mainButton'
2025-04-04 22:41:10.015 [WARN] [thread-id 1] - variable skipPostAddToCartSteps was used, but r2 could not find a value for this variable. returning default of null
2025-04-04 22:41:10.017 [DEBUG] [thread-id 1] - conditionally execute a flow. condition: true
2025-04-04 22:41:30.423 [DEBUG] [thread-id 1] - conditionally execute a flow. condition: true
2025-04-04 22:41:52.525 [DEBUG] [thread-id 1] - Executing function: 'unified.us.functions.global.navigation.goToDeepLink'
2025-04-04 22:41:52.526 [DEBUG] [thread-id 1] - Store in: store the value 'Post-transactions' in the variable 'executionStage'
2025-04-04 22:41:52.526 [DEBUG] [thread-id 1] - Open deep link
2025-04-04 22:41:52.527 [DEBUG] [thread-id 1] - walmart://home
2025-04-04 22:41:52.528 [DEBUG] [thread-id 1] - Verify value of: '$deepLinkUrl'
2025-04-04 22:41:52.529 [DEBUG] [thread-id 1] - Open link: 'walmart://home'
2025-04-04 22:41:56.112 [DEBUG] [thread-id 1] - conditionally execute a flow. condition: true
2025-04-04 22:42:00.012 [DEBUG] [thread-id 1] - Executing function: 'unified.us.functions.global.navigation.openDeepLink'
2025-04-04 22:42:04.863 [DEBUG] [thread-id 1] - Deeplink pop up not displayed
2025-04-04 22:42:05.090 [DEBUG] [thread-id 1] - sleep:  5000 milliseconds
2025-04-04 22:42:10.147 [DEBUG] [thread-id 1] - Store in: store the value 'false' in the variable 'skipPostAddToCartSteps'
2025-04-04 22:42:10.148 [DEBUG] [thread-id 1] - Store in: store the value 'false' in the variable 'apiFetch'
2025-04-04 22:42:10.155 [DEBUG] [thread-id 1] - Executing function: 'us.functions.search.searchItem'
2025-04-04 22:42:11.593 [DEBUG] [thread-id 1] - Verify identifier: {//XCUIElementTypeButton[@name="Search"]=[true]}
2025-04-04 22:42:13.064 [DEBUG] [thread-id 1] - Click element: '//XCUIElementTypeButton[@name="Search"]'
2025-04-04 22:42:17.487 [DEBUG] [thread-id 1] - Click element: '//XCUIElementTypeButton[@name="Search"]'
2025-04-04 22:42:21.758 [DEBUG] [thread-id 1] - Click element: '//XCUIElementTypeButton[@name="Search"]'
2025-04-04 22:42:25.896 [DEBUG] [thread-id 1] - Click element: '//XCUIElementTypeButton[@name="Search"]'
2025-04-04 22:42:30.136 [DEBUG] [thread-id 1] - Click element: '//XCUIElementTypeButton[@name="Search"]'
2025-04-04 22:42:34.362 [DEBUG] [thread-id 1] - Click element: '//XCUIElementTypeButton[@name="Search"]'
2025-04-04 22:42:35.625 [DEBUG] [thread-id 1] - Main failed: Cannot click '//XCUIElementTypeButton[@name="Search"]'
2025-04-04 22:42:40.504 [DEBUG] [thread-id 1] - Executing scenario: 'After'
2025-04-04 22:42:40.505 [DEBUG] [thread-id 1] - Executing function: 'unified.us.functions.utils.afterSteps'
2025-04-04 22:42:40.505 [WARN] [thread-id 1] - variable testStatus was used, but r2 could not find a value for this variable. returning default of null
2025-04-04 22:42:40.505 [DEBUG] [thread-id 1] - conditionally execute a flow. condition: false
2025-04-04 22:42:42.712 [DEBUG] [thread-id 1] - Test failed
2025-04-04 22:42:51.577 [DEBUG] [thread-id 1] - Executing R2 4.0.2: '/Users/m0k0a2f/glass-automation/us/e2e-tests/test-scripts/ios/prod-flows/Ecomm-And-Fulfillment-Flows/virtual-pack-flows/C2664759-flow-virtual-pack-checkout-prod-ios.yaml' on device: 'iPhone 15'
2025-04-04 22:44:26.010 [DEBUG] [thread-id 1] - Executing scenario: 'Before'
2025-04-04 22:44:26.011 [DEBUG] [thread-id 1] - VIRTUAL_PACK_CHECKOUT FLOW
2025-04-04 22:44:26.481 [DEBUG] [thread-id 1] - Using us-errors-helpers.yaml
2025-04-04 22:44:26.942 [DEBUG] [thread-id 1] - Start Main
2025-04-04 22:44:26.955 [DEBUG] [thread-id 1] - Executing function: 'us.functions.global.onboarding.navigateOnboardingToHome'
2025-04-04 22:44:26.956 [DEBUG] [thread-id 1] - Store in: store the value 'Onboarding' in the variable 'executionStage'
2025-04-04 22:44:26.957 [DEBUG] [thread-id 1] - Executing function: 'us.function.utils.getEnvironmentValue'
2025-04-04 22:44:26.957 [DEBUG] [thread-id 1] - Store in: store the value 'Onboarding' in the variable 'executionStage'
2025-04-04 22:44:26.957 [DEBUG] [thread-id 1] - Store in: store the value 'production' in the variable 'env'
2025-04-04 22:44:26.957 [DEBUG] [thread-id 1] - Timestamp: 1743831866957
2025-04-04 22:44:27.072 [DEBUG] [thread-id 1] - conditionally execute a flow. condition: true
2025-04-04 22:44:27.328 [DEBUG] [thread-id 1] - Welcome screen loaded
2025-04-04 22:44:27.731 [DEBUG] [thread-id 1] - Verify identifier: {//XCUIElementTypeButton[@name="SignUpNudgeWelcomeViewController.bodyLabel"] | //XCUIElementTypeStaticText[@name="SignUpNudgeWelcomeViewController.titleLabel"]=[true]}
2025-04-04 22:44:27.995 [DEBUG] [thread-id 1] - Store in: store the value 'true' in the variable 'testStarted'
2025-04-04 22:44:38.372 [DEBUG] [thread-id 1] - conditionally execute a flow. condition: false
2025-04-04 22:44:38.636 [DEBUG] [thread-id 1] - Click element: 'cta.cancel.welcome'
2025-04-04 22:44:39.496 [DEBUG] [thread-id 1] - Notifiction Prompt screen loaded
2025-04-04 22:44:39.783 [DEBUG] [thread-id 1] - Verify identifier: {NotificationPermissionViewController.titleLabel=[true]}
2025-04-04 22:44:42.103 [DEBUG] [thread-id 1] - Click element: 'cta.cancel.notifications'
2025-04-04 22:44:42.538 [DEBUG] [thread-id 1] - location screen loaded
2025-04-04 22:44:42.819 [DEBUG] [thread-id 1] - Verify identifier: {LocationPermissionViewController.titleLabel=[true], LocationPermissionViewController.bodyLabel=[true]}
2025-04-04 22:44:42.819 [DEBUG] [thread-id 1] - Store in: store the value 'true' in the variable 'testStarted'
2025-04-04 22:44:42.860 [DEBUG] [thread-id 1] - Click element: 'Enter zip code'
2025-04-04 22:44:43.586 [DEBUG] [thread-id 1] - Verify identifier: {label.postal-code-entry=[true]}
2025-04-04 22:44:43.635 [DEBUG] [thread-id 1] - Enter text: '95122'
2025-04-04 22:44:45.231 [DEBUG] [thread-id 1] - Click element: 'cta.continue'
2025-04-04 22:44:45.705 [DEBUG] [thread-id 1] - sleep:  3000 milliseconds
2025-04-04 22:44:48.711 [DEBUG] [thread-id 1] - loop: from 0 to 3
2025-04-04 22:44:48.961 [DEBUG] [thread-id 1] - 0
2025-04-04 22:44:59.524 [DEBUG] [thread-id 1] - conditionally execute a flow. condition: false
2025-04-04 22:45:09.944 [DEBUG] [thread-id 1] - Observed IDFA Sscreen
2025-04-04 22:45:09.945 [DEBUG] [thread-id 1] - sleep:  3000 milliseconds
2025-04-04 22:45:13.190 [DEBUG] [thread-id 1] - conditionally execute a flow. condition: true
2025-04-04 22:45:13.424 [DEBUG] [thread-id 1] - Verify identifier: {ATTPermissionViewController.titleLabel=[true], ATTPermissionViewController.bodyLabel=[true]}
2025-04-04 22:45:23.728 [DEBUG] [thread-id 1] - Click element: 'cta.continue.location'
2025-04-04 22:45:35.331 [DEBUG] [thread-id 1] - conditionally execute a flow. condition: false
2025-04-04 22:45:37.914 [DEBUG] [thread-id 1] - modal is not displayed
2025-04-04 22:45:50.864 [DEBUG] [thread-id 1] - Executing function: 'us.functions.gic.collapseIfExpanded'
2025-04-04 22:45:57.678 [DEBUG] [thread-id 1] - GIC already collapsed
2025-04-04 22:45:57.892 [DEBUG] [thread-id 1] - Executing function: 'us.functions.home.navigateHomeToSignIn'
2025-04-04 22:45:57.892 [DEBUG] [thread-id 1] - Store in: store the value 'Pre-transactions' in the variable 'executionStage'
2025-04-04 22:46:09.938 [DEBUG] [thread-id 1] - Click element: '//XCUIElementTypeButton[@name="Account"] | Account'
2025-04-04 22:46:12.848 [DEBUG] [thread-id 1] - Verify identifier: {//XCUIElementTypeButton[@name="SignInYourAccountTableViewCell.signInButton"] | //XCUIElementTypeButton[@name="SignInYourAccountView.signInButton"]=[true]}
2025-04-04 22:46:16.190 [DEBUG] [thread-id 1] - Click element: '//XCUIElementTypeButton[@name="SignInYourAccountTableViewCell.signInButton"] | //XCUIElementTypeButton[@name="SignInYourAccountView.signInButton"]'
2025-04-04 22:46:18.259 [DEBUG] [thread-id 1] - conditionally execute a flow. condition: true
2025-04-04 22:46:19.625 [DEBUG] [thread-id 1] - Store in: store the value 'true' in the variable 'signInValidated'
2025-04-04 22:46:19.638 [DEBUG] [thread-id 1] - conditionally execute a flow. condition: true
2025-04-04 22:46:20.935 [DEBUG] [thread-id 1] - SignIn page loaded
2025-04-04 22:46:22.302 [DEBUG] [thread-id 1] - Store in: store the value 'false' in the variable 'signInValidated'
2025-04-04 22:46:22.307 [DEBUG] [thread-id 1] - Executing function: 'us.functions.global.authentication.signInAccount'
2025-04-04 22:46:22.308 [DEBUG] [thread-id 1] - Store in: store the value 'Pre-transactions' in the variable 'executionStage'
2025-04-04 22:46:35.618 [DEBUG] [thread-id 1] - Enter text: 'prod.ios.flowvpcprod1@cloudtest.org'
2025-04-04 22:46:40.515 [DEBUG] [thread-id 1] - Click element: 'WelcomeView.ctaButton'
2025-04-04 22:46:53.207 [DEBUG] [thread-id 1] - conditionally execute a flow. condition: true
2025-04-04 22:46:54.914 [DEBUG] [thread-id 1] - Click element: 'AuthChoiceView.passwordStackView'
2025-04-04 22:46:55.687 [DEBUG] [thread-id 1] - Verify identifier: {TextFieldStackView.textField=[true]}
2025-04-04 22:46:55.921 [DEBUG] [thread-id 1] - Enter text: 'E2epassword$'
2025-04-04 22:47:02.871 [DEBUG] [thread-id 1] - Click element: 'AuthChoiceView.ctaButton'
2025-04-04 22:47:24.682 [DEBUG] [thread-id 1] - sleep:  2000 milliseconds
2025-04-04 22:47:37.451 [DEBUG] [thread-id 1] - Executing function: 'us.test.functions.utils.closeWplusPrompt.homeScreen'
2025-04-04 22:47:37.452 [DEBUG] [thread-id 1] - Store in: store the value 'onboarding' in the variable 'executionStage'
2025-04-04 22:47:47.900 [DEBUG] [thread-id 1] - conditionally execute a flow. condition: false
2025-04-04 22:47:48.644 [DEBUG] [thread-id 1] - W+ Plus membership prompt is not present nothing to close continue
2025-04-04 22:47:48.678 [DEBUG] [thread-id 1] - Executing function: 'us.functions.home.closeWplusBottomSheetBannerIfDisplayed'
2025-04-04 22:47:59.408 [DEBUG] [thread-id 1] - Executing function: 'us.functions.utils.handleCartMergePopup'
2025-04-04 22:47:59.409 [DEBUG] [thread-id 1] - loop: from 0 to 4
2025-04-04 22:48:00.162 [DEBUG] [thread-id 1] - 0
2025-04-04 22:48:06.511 [DEBUG] [thread-id 1] - No Technical Error Page observed
2025-04-04 22:48:07.304 [DEBUG] [thread-id 1] - sleep:  1000 milliseconds
2025-04-04 22:48:08.306 [DEBUG] [thread-id 1] - validate if tooltip is present and closing it
2025-04-04 22:48:19.249 [DEBUG] [thread-id 1] - Executing function: 'us.functions.global.navigation.accountToHome'
2025-04-04 22:48:19.251 [DEBUG] [thread-id 1] - Store in: store the value 'Onboarding' in the variable 'executionStage'
2025-04-04 22:48:19.992 [DEBUG] [thread-id 1] - Verify identifier: {Shop=[true]}
2025-04-04 22:48:19.992 [DEBUG] [thread-id 1] - sleep:  2000 milliseconds
2025-04-04 22:48:22.142 [DEBUG] [thread-id 1] - Click element: 'Shop'
2025-04-04 22:48:22.788 [DEBUG] [thread-id 1] - Executing function: 'us.functions.home.closeWPlusPromotionPopUpIfDisplayed'
2025-04-04 22:48:22.789 [DEBUG] [thread-id 1] - Store in: store the value 'Transactions' in the variable 'executionStage'
2025-04-04 22:48:28.296 [DEBUG] [thread-id 1] - Verify identifier: {//XCUIElementTypeButton[@name="SplashPageTermView.primaryButton" or @name="SplashPageTermViewPrimaryButton" or @name="RepeatBenefitEngagementBottomContentView.primaryButton"] | //XCUIElementTypeButton[@name="WalmartPlusSplashBottomSheet.tryWalmartPlusMemberShipButton"] | //XCUIElementTypeButton[@label="Try your rewards benefit"] | //XCUIElementTypeButton[@name="BenefitEngagementTempoContainerView.primaryButton"] | //XCUIElementTypeNavigationBar[@name="Walmart plus"] | //XCUIElementTypeNavigationBar[@name="WalmartPlus.SplashPageView"] | //XCUIElementTypeStaticText[@name="Book Now"] | //XCUIElementTypeImage[@name="Walmart Plus"]=[true]}
2025-04-04 22:48:33.850 [DEBUG] [thread-id 1] - conditionally execute a flow. condition: true
2025-04-04 22:48:39.566 [DEBUG] [thread-id 1] - Click element: '//XCUIElementTypeButton[@name="SplashPageViewController.closeButton" or contains(@label, "Close Walmart plus promotional pop up")] | //XCUIElementTypeNavigationBar[@name="WalmartPlus.SplashPageView"]/XCUIElementTypeButton | //XCUIElementTypeButton[@name="close" or @name="Close"] | //XCUIElementTypeButton[@name="SplashPageViewController.fullScreenCloseButton"] | //XCUIElementTypeButton[@name="MultiSplashViewController.fullScreenCloseButton"] | //XCUIElementTypeButton[@name="RepeatBenefitEngagementTopBarView.closeButton"] | //XCUIElementTypeButton[@name="Close"] | //XCUIElementTypeButton[@name="close"]'
2025-04-04 22:48:40.850 [DEBUG] [thread-id 1] - Executing function: 'us.functions.home.closeWplusBottomSheetBannerIfDisplayed'
2025-04-04 22:48:51.258 [DEBUG] [thread-id 1] - Executing function: 'us.functions.home.closeWplusBottomSheetNewBannerIfDisplayed'
2025-04-04 22:48:51.259 [DEBUG] [thread-id 1] - sleep:  3000 milliseconds
2025-04-04 22:49:07.683 [DEBUG] [thread-id 1] - Executing function: 'us.functions.global.navigation.toCartFromNavBar'
2025-04-04 22:49:07.684 [DEBUG] [thread-id 1] - Store in: store the value 'Transactions' in the variable 'executionStage'
2025-04-04 22:49:09.664 [DEBUG] [thread-id 1] - Verify identifier: {//XCUIElementTypeButton[contains(@label, "Your cart")] | //XCUIElementTypeButton[(@name="SearchResultsViewController.cartButton") or (contains(@label,"Your cart contains") and contains(@label,"The estimated total is")) or (@label="Your cart is empty")]=[true]}
2025-04-04 22:49:11.888 [DEBUG] [thread-id 1] - Click element: '//XCUIElementTypeButton[contains(@label, "Your cart")] | //XCUIElementTypeButton[(@name="SearchResultsViewController.cartButton") or (contains(@label,"Your cart contains") and contains(@label,"The estimated total is")) or (@label="Your cart is empty")]'
2025-04-04 22:49:28.796 [DEBUG] [thread-id 1] - Verify identifier: {//XCUIElementTypeStaticText[@name="CartDetailsViewController.headerCartLabel"] | //XCUIElementTypeStaticText[@name="CartEmptyStateViewController.titleLabel" and not(contains(@label,"We're sorry!"))] | //XCUIElementTypeStaticText[@name="CartHeaderCellContainer"]=[true]}
2025-04-04 22:49:29.297 [DEBUG] [thread-id 1] - Executing function: 'us.functions.cart.removeAllCartItems'
2025-04-04 22:49:29.297 [DEBUG] [thread-id 1] - Store in: store the value 'true' in the variable 'optimizeCart'
2025-04-04 22:49:29.298 [DEBUG] [thread-id 1] - conditionally execute a flow. condition: true
2025-04-04 22:49:34.624 [DEBUG] [thread-id 1] - Executing function: 'us.functions.cart.removeAllCartItemsOptimizedVersion'
2025-04-04 22:49:34.625 [DEBUG] [thread-id 1] - Executing function: 'us.functions.cart.storeChangePopUp'
2025-04-04 22:49:46.790 [DEBUG] [thread-id 1] - No Store Change pop up screen displayed
2025-04-04 22:49:47.273 [DEBUG] [thread-id 1] - Executing function: 'us.functions.cart.removeAdonsNotAvailable'
2025-04-04 22:50:02.109 [DEBUG] [thread-id 1] - No remove Adons pop up screen displayed
2025-04-04 22:50:10.138 [DEBUG] [thread-id 1] - get number of child elements for //XCUIElementTypeScrollView[@name="ReviewOrderViewController.scrollView"] | //XCUIElementTypeOther[@name="CartDetailsViewController.stackView"] | //XCUIElementTypeCollectionView[@name="CartCollectionViewController.collectionView"]: 0
2025-04-04 22:50:18.261 [DEBUG] [thread-id 1] - get number of child elements for //XCUIElementTypeScrollView[@name="ReviewOrderViewController.scrollView"] | //XCUIElementTypeOther[@name="CartDetailsViewController.stackView"] | //XCUIElementTypeCollectionView[@name="CartCollectionViewController.collectionView"]: 1
2025-04-04 22:50:18.263 [DEBUG] [thread-id 1] - 1
2025-04-04 22:50:18.266 [DEBUG] [thread-id 1] - conditionally execute a flow. condition: false
2025-04-04 22:50:40.899 [DEBUG] [thread-id 1] - Store in: store the value 'notRequired' in the variable 'scrollDown'
2025-04-04 22:50:53.077 [DEBUG] [thread-id 1] - loop: from 0 to 9
2025-04-04 22:50:59.096 [DEBUG] [thread-id 1] - 0
2025-04-04 22:51:16.396 [DEBUG] [thread-id 1] - Verify identifier: {//XCUIElementTypeButton[contains(@label, "Remove and continue")] | //XCUIElementTypeButton[@name="Remove" or @name = "CartItemTileView.remove"]=[true]}
2025-04-04 22:51:27.506 [DEBUG] [thread-id 1] - Click element: '//XCUIElementTypeButton[contains(@label, "Remove and continue")] | //XCUIElementTypeButton[@name="Remove" or @name = "CartItemTileView.remove"]'
2025-04-04 22:51:41.985 [DEBUG] [thread-id 1] - 1
2025-04-04 22:51:53.579 [DEBUG] [thread-id 1] - No Items in Cart to Remove
2025-04-04 22:51:56.897 [DEBUG] [thread-id 1] - Executing function: 'us.functions.cart.removeUnavailableItemsFromCart'
2025-04-04 22:52:09.124 [DEBUG] [thread-id 1] - Executing function: 'us.functions.global.navigation.backNavigation'
2025-04-04 22:52:09.124 [DEBUG] [thread-id 1] - sleep:  3000 milliseconds
2025-04-04 22:52:17.418 [DEBUG] [thread-id 1] - Click element: '//XCUIElementTypeButton[@name="Back" or @label="Back"] | //XCUIElementTypeNavigationBar[@name="Cart"]/XCUIElementTypeButton[contains(@name,"Search")] | //XCUIElementTypeNavigationBar/XCUIElementTypeButton[not(contains(@label,"cart"))]'
2025-04-04 22:52:18.660 [DEBUG] [thread-id 1] - Executing function: 'us.functions.search.searchItem'
2025-04-04 22:52:22.611 [DEBUG] [thread-id 1] - Verify identifier: {//XCUIElementTypeButton[@name="Search"]=[true]}
2025-04-04 22:52:24.411 [DEBUG] [thread-id 1] - Click element: '//XCUIElementTypeButton[@name="Search"]'
2025-04-04 22:52:29.034 [DEBUG] [thread-id 1] - Click element: '//XCUIElementTypeButton[@name="Search"]'
2025-04-04 22:52:33.766 [DEBUG] [thread-id 1] - Click element: '//XCUIElementTypeButton[@name="Search"]'
2025-04-04 22:52:38.722 [DEBUG] [thread-id 1] - Click element: '//XCUIElementTypeButton[@name="Search"]'
2025-04-04 22:52:43.534 [DEBUG] [thread-id 1] - Click element: '//XCUIElementTypeButton[@name="Search"]'
2025-04-04 22:52:44.422 [DEBUG] [thread-id 1] - Main failed: Cannot click '//XCUIElementTypeButton[@name="Search"]'
2025-04-04 22:52:49.777 [DEBUG] [thread-id 1] - Executing scenario: 'After'
2025-04-04 22:52:49.779 [DEBUG] [thread-id 1] - Executing function: 'us.functions.utils.afterSteps'
2025-04-04 22:52:49.780 [WARN] [thread-id 1] - variable testStatus was used, but r2 could not find a value for this variable. returning default of null
2025-04-04 22:52:49.780 [DEBUG] [thread-id 1] - conditionally execute a flow. condition: false
2025-04-04 22:52:52.222 [DEBUG] [thread-id 1] - Test failed - Transactions
2025-04-04 22:53:01.985 [DEBUG] [thread-id 1] - Created report: /Users/m0k0a2f/glass-automation/report/index.html
