2025-03-17 17:16:34.975 [ERROR] [thread-id 1] - org.yaml.snakeyaml.constructor.ConstructorException: Cannot create property=general for JavaBean=com.walmartlabs.data.dependencies.Dependencies@6b410923
 in 'reader', line 1, column 1:
    general:
    ^
Cannot create property=scrollUntilTimeout for JavaBean=com.walmartlabs.data.dependencies.General@469d003c
 in 'reader', line 2, column 3:
      automationName: XCUITest
      ^
Unable to find property 'scrollUntilTimeout' on class: com.walmartlabs.data.dependencies.General
 in 'reader', line 19, column 23:
      scrollUntilTimeout: 300000
                          ^

 in 'reader', line 2, column 3:
      automationName: XCUITest
      ^

2025-03-17 17:43:49.342 [ERROR] [thread-id 1] - org.yaml.snakeyaml.constructor.ConstructorException: Cannot create property=general for JavaBean=com.walmartlabs.data.dependencies.Dependencies@6b410923
 in 'reader', line 1, column 1:
    general:
    ^
Cannot create property=scrollUntilTimeout for JavaBean=com.walmartlabs.data.dependencies.General@469d003c
 in 'reader', line 2, column 3:
      automationName: XCUITest
      ^
Unable to find property 'scrollUntilTimeout' on class: com.walmartlabs.data.dependencies.General
 in 'reader', line 19, column 23:
      scrollUntilTimeout: 300000
                          ^

 in 'reader', line 2, column 3:
      automationName: XCUITest
      ^

2025-03-17 17:44:52.573 [ERROR] [thread-id 1] - org.yaml.snakeyaml.constructor.ConstructorException: Cannot create property=profiles for JavaBean=com.walmartlabs.data.dependencies.Dependencies@301d8120
 in 'reader', line 1, column 1:
    general:
    ^
Cannot create property=saucelabs for JavaBean=com.walmartlabs.data.dependencies.Profiles@2adddc06
 in 'reader', line 51, column 5:
      - name: sm-prod
        ^
Cannot create property=armRequired for JavaBean=com.walmartlabs.data.dependencies.Saucelabs@65327f5
 in 'reader', line 80, column 7:
          userName: $SAUCE_USERNAME
          ^
Unable to find property 'armRequired' on class: com.walmartlabs.data.dependencies.Saucelabs
 in 'reader', line 83, column 20:
          armRequired: true
                       ^

 in 'reader', line 80, column 7:
          userName: $SAUCE_USERNAME
          ^

 in 'reader', line 23, column 3:
      - name: local
      ^

2025-03-17 17:46:10.130 [ERROR] [thread-id 1] - org.yaml.snakeyaml.constructor.ConstructorException: Cannot create property=profiles for JavaBean=com.walmartlabs.data.dependencies.Dependencies@466d49f0
 in 'reader', line 1, column 1:
    general:
    ^
Cannot create property=saucelabs for JavaBean=com.walmartlabs.data.dependencies.Profiles@6569dded
 in 'reader', line 85, column 5:
      - name: sm-prod-deep-link
        ^
Cannot create property=armRequired for JavaBean=com.walmartlabs.data.dependencies.Saucelabs@3fbfa96
 in 'reader', line 114, column 7:
          userName: $SAUCE_USERNAME
          ^
Unable to find property 'armRequired' on class: com.walmartlabs.data.dependencies.Saucelabs
 in 'reader', line 117, column 20:
          armRequired: true
                       ^

 in 'reader', line 114, column 7:
          userName: $SAUCE_USERNAME
          ^

 in 'reader', line 23, column 3:
      - name: local
      ^

2025-03-17 17:47:34.836 [ERROR] [thread-id 1] - org.yaml.snakeyaml.constructor.ConstructorException: Cannot create property=profiles for JavaBean=com.walmartlabs.data.dependencies.Dependencies@466d49f0
 in 'reader', line 1, column 1:
    general:
    ^
Cannot create property=saucelabs for JavaBean=com.walmartlabs.data.dependencies.Profiles@6569dded
 in 'reader', line 86, column 5:
      - name: sm-prod-deep-link
        ^
Cannot create property=armRequired for JavaBean=com.walmartlabs.data.dependencies.Saucelabs@3fbfa96
 in 'reader', line 115, column 7:
          userName: $SAUCE_USERNAME
          ^
Unable to find property 'armRequired' on class: com.walmartlabs.data.dependencies.Saucelabs
 in 'reader', line 118, column 20:
          armRequired: true
                       ^

 in 'reader', line 115, column 7:
          userName: $SAUCE_USERNAME
          ^

 in 'reader', line 24, column 3:
      - name: local
      ^

2025-03-17 17:49:06.530 [ERROR] [thread-id 1] - com.walmartlabs.exception.TestsNotExecutedException: Cannot find tags or tests with name: C2664854-unified
2025-03-17 17:50:59.173 [DEBUG] [thread-id 1] - Executing R2 4.0.2: '/Users/m0k0a2f/glass-automation/us/unified-e2e-tests/test-scripts/ecomm-and-fulfillment-flows/mixed-fulfillment-flows/production/C2664854-fc+sc-delivery+mp.yaml' on device: 'iPhone 15'
2025-03-17 17:52:22.273 [DEBUG] [thread-id 1] - Executing scenario: 'Before'
2025-03-17 17:52:22.276 [DEBUG] [thread-id 1] - Executing function: 'us.function.utils.getEnvironmentValue'
2025-03-17 17:52:22.277 [DEBUG] [thread-id 1] - Store in: store the value 'Onboarding' in the variable 'executionStage'
2025-03-17 17:52:22.278 [DEBUG] [thread-id 1] - Store in: store the value 'production' in the variable 'env'
2025-03-17 17:52:22.278 [DEBUG] [thread-id 1] - Timestamp: 1742259142278
2025-03-17 17:52:22.279 [DEBUG] [thread-id 1] - Executing function: 'functions.utils.setPlatformInfo'
2025-03-17 17:52:22.280 [DEBUG] [thread-id 1] - Store in: store the value 'Onboarding' in the variable 'executionStage'
2025-03-17 17:52:22.283 [WARN] [thread-id 1] - variable dependencies.general.appPackage was used, but r2 could not find a value for this variable. returning default of null
2025-03-17 17:52:22.283 [DEBUG] [thread-id 1] - Store in: store the value 'null' in the variable 'appPackage'
2025-03-17 17:52:22.294 [DEBUG] [thread-id 1] - conditionally execute a flow. condition: true
2025-03-17 17:52:22.527 [DEBUG] [thread-id 1] - Store in: store the value 'iOS' in the variable 'platform'
2025-03-17 17:52:23.002 [DEBUG] [thread-id 1] - Using us-errors-helpers.yaml
2025-03-17 17:52:23.457 [DEBUG] [thread-id 1] - R2_SUBFLOW_PRE_TRANSACTION
2025-03-17 17:52:23.458 [DEBUG] [thread-id 1] - Start Main
2025-03-17 17:52:23.459 [DEBUG] [thread-id 1] - Executing function: 'unified.us.functions.global.onboarding.navigateOnboardingToHome'
2025-03-17 17:52:23.459 [DEBUG] [thread-id 1] - Store in: store the value 'onboarding' in the variable 'executionStage'
2025-03-17 17:52:23.460 [DEBUG] [thread-id 1] - Welcome screen loaded
2025-03-17 17:52:23.463 [DEBUG] [thread-id 1] - Verify identifier: {cta.cancel.welcome=[true]}
2025-03-17 17:52:23.464 [DEBUG] [thread-id 1] - Store in: store the value 'true' in the variable 'testStarted'
2025-03-17 17:52:23.504 [DEBUG] [thread-id 1] - Click element: 'cta.cancel.welcome'
2025-03-17 17:52:23.954 [DEBUG] [thread-id 1] - location screen loaded
2025-03-17 17:53:05.083 [DEBUG] [thread-id 1] - Main failed: Is not present: 'LocationPermissionViewController.titleLabel'
2025-03-17 17:53:05.654 [DEBUG] [thread-id 1] - Executing scenario: 'After'
2025-03-17 17:53:05.654 [DEBUG] [thread-id 1] - Executing function: 'unified.us.functions.utils.afterSteps'
2025-03-17 17:53:05.655 [WARN] [thread-id 1] - variable testStatus was used, but r2 could not find a value for this variable. returning default of null
2025-03-17 17:53:05.656 [DEBUG] [thread-id 1] - conditionally execute a flow. condition: false
2025-03-17 17:53:05.882 [DEBUG] [thread-id 1] - Test failed
2025-03-17 17:53:08.167 [DEBUG] [thread-id 1] - Created report: /Users/m0k0a2f/glass-automation/report/index.html
2025-03-17 17:59:39.670 [DEBUG] [thread-id 1] - Executing R2 4.0.2: '/Users/m0k0a2f/glass-automation/us/unified-e2e-tests/test-scripts/ecomm-and-fulfillment-flows/mixed-fulfillment-flows/production/C2664854-fc+sc-delivery+mp.yaml' on device: 'iPhone 15'
2025-03-17 18:00:51.795 [DEBUG] [thread-id 1] - Executing scenario: 'Before'
2025-03-17 18:00:51.797 [DEBUG] [thread-id 1] - Executing function: 'us.function.utils.getEnvironmentValue'
2025-03-17 18:00:51.798 [DEBUG] [thread-id 1] - Store in: store the value 'Onboarding' in the variable 'executionStage'
2025-03-17 18:00:51.799 [DEBUG] [thread-id 1] - Store in: store the value 'production' in the variable 'env'
2025-03-17 18:00:51.800 [DEBUG] [thread-id 1] - Timestamp: 1742259651800
2025-03-17 18:00:51.801 [DEBUG] [thread-id 1] - Executing function: 'functions.utils.setPlatformInfo'
2025-03-17 18:00:51.801 [DEBUG] [thread-id 1] - Store in: store the value 'Onboarding' in the variable 'executionStage'
2025-03-17 18:00:51.804 [WARN] [thread-id 1] - variable dependencies.general.appPackage was used, but r2 could not find a value for this variable. returning default of null
2025-03-17 18:00:51.804 [DEBUG] [thread-id 1] - Store in: store the value 'null' in the variable 'appPackage'
2025-03-17 18:00:51.813 [DEBUG] [thread-id 1] - conditionally execute a flow. condition: true
2025-03-17 18:00:52.042 [DEBUG] [thread-id 1] - Store in: store the value 'iOS' in the variable 'platform'
2025-03-17 18:00:52.557 [DEBUG] [thread-id 1] - Using us-errors-helpers.yaml
2025-03-17 18:00:53.016 [DEBUG] [thread-id 1] - R2_SUBFLOW_PRE_TRANSACTION
2025-03-17 18:00:53.017 [DEBUG] [thread-id 1] - Start Main
2025-03-17 18:00:53.017 [DEBUG] [thread-id 1] - Executing function: 'unified.us.functions.global.onboarding.navigateOnboardingToHome'
2025-03-17 18:00:53.018 [DEBUG] [thread-id 1] - Store in: store the value 'onboarding' in the variable 'executionStage'
2025-03-17 18:00:53.018 [DEBUG] [thread-id 1] - Welcome screen loaded
2025-03-17 18:00:53.022 [DEBUG] [thread-id 1] - Verify identifier: {cta.cancel.welcome=[true]}
2025-03-17 18:00:53.023 [DEBUG] [thread-id 1] - Store in: store the value 'true' in the variable 'testStarted'
2025-03-17 18:00:53.066 [DEBUG] [thread-id 1] - Click element: 'cta.cancel.welcome'
2025-03-17 18:00:53.546 [DEBUG] [thread-id 1] - location screen loaded
2025-03-17 18:01:10.561 [DEBUG] [thread-id 1] - Verify identifier: {LocationPermissionViewController.titleLabel=[true]}
2025-03-17 18:01:10.613 [DEBUG] [thread-id 1] - Click element: 'Enter zip code'
2025-03-17 18:01:11.346 [DEBUG] [thread-id 1] - Verify identifier: {label.postal-code-entry=[true]}
2025-03-17 18:01:11.347 [DEBUG] [thread-id 1] - sleep:  2000 milliseconds
2025-03-17 18:01:13.404 [DEBUG] [thread-id 1] - Enter text: '95122'
2025-03-17 18:01:14.793 [DEBUG] [thread-id 1] - Click element: 'cta.continue'
2025-03-17 18:01:15.296 [DEBUG] [thread-id 1] - sleep:  3000 milliseconds
2025-03-17 18:01:28.625 [DEBUG] [thread-id 1] - conditionally execute a flow. condition: true
2025-03-17 18:01:28.975 [DEBUG] [thread-id 1] - Observed IDFA Screen
2025-03-17 18:01:29.235 [DEBUG] [thread-id 1] - conditionally execute a flow. condition: true
2025-03-17 18:01:29.489 [DEBUG] [thread-id 1] - Verify identifier: {ATTPermissionViewController.titleLabel=[true], ATTPermissionViewController.bodyLabel=[true]}
2025-03-17 18:01:29.790 [DEBUG] [thread-id 1] - Click element: 'cta.continue.location'
2025-03-17 18:01:30.239 [DEBUG] [thread-id 1] - Executing function: 'unified.us.functions.home.toolTip'
2025-03-17 18:01:38.055 [DEBUG] [thread-id 1] - conditionally execute a flow. condition: true
2025-03-17 18:01:40.378 [DEBUG] [thread-id 1] - tooltip displayed
2025-03-17 18:01:43.966 [DEBUG] [thread-id 1] - Click element with offset: 'LDCallout.closeLinkButton'
2025-03-17 18:01:48.085 [DEBUG] [thread-id 1] - Click element with offset: 'LDCallout.closeLinkButton'
2025-03-17 18:01:52.157 [DEBUG] [thread-id 1] - Click element with offset: 'LDCallout.closeLinkButton'
2025-03-17 18:01:56.273 [DEBUG] [thread-id 1] - Click element with offset: 'LDCallout.closeLinkButton'
2025-03-17 18:02:00.327 [DEBUG] [thread-id 1] - Click element with offset: 'LDCallout.closeLinkButton'
2025-03-17 18:02:01.650 [DEBUG] [thread-id 1] - Main failed: Cannot click 'LDCallout.closeLinkButton'
2025-03-17 18:02:06.599 [DEBUG] [thread-id 1] - Executing scenario: 'After'
2025-03-17 18:02:06.601 [DEBUG] [thread-id 1] - Executing function: 'unified.us.functions.utils.afterSteps'
2025-03-17 18:02:06.601 [WARN] [thread-id 1] - variable testStatus was used, but r2 could not find a value for this variable. returning default of null
2025-03-17 18:02:06.602 [DEBUG] [thread-id 1] - conditionally execute a flow. condition: false
2025-03-17 18:02:09.004 [DEBUG] [thread-id 1] - Test failed
2025-03-17 18:02:17.675 [DEBUG] [thread-id 1] - Created report: /Users/m0k0a2f/glass-automation/report/index.html
2025-03-17 18:03:19.026 [DEBUG] [thread-id 1] - Executing R2 4.0.2: '/Users/m0k0a2f/glass-automation/us/unified-e2e-tests/test-scripts/ecomm-and-fulfillment-flows/mixed-fulfillment-flows/production/C2664854-fc+sc-delivery+mp.yaml' on device: 'iPhone 15'
2025-03-17 18:04:42.501 [DEBUG] [thread-id 1] - Executing scenario: 'Before'
2025-03-17 18:04:42.504 [DEBUG] [thread-id 1] - Executing function: 'us.function.utils.getEnvironmentValue'
2025-03-17 18:04:42.505 [DEBUG] [thread-id 1] - Store in: store the value 'Onboarding' in the variable 'executionStage'
2025-03-17 18:04:42.506 [DEBUG] [thread-id 1] - Store in: store the value 'production' in the variable 'env'
2025-03-17 18:04:42.506 [DEBUG] [thread-id 1] - Timestamp: 1742259882506
2025-03-17 18:04:42.507 [DEBUG] [thread-id 1] - Executing function: 'functions.utils.setPlatformInfo'
2025-03-17 18:04:42.508 [DEBUG] [thread-id 1] - Store in: store the value 'Onboarding' in the variable 'executionStage'
2025-03-17 18:04:42.511 [WARN] [thread-id 1] - variable dependencies.general.appPackage was used, but r2 could not find a value for this variable. returning default of null
2025-03-17 18:04:42.511 [DEBUG] [thread-id 1] - Store in: store the value 'null' in the variable 'appPackage'
2025-03-17 18:04:42.521 [DEBUG] [thread-id 1] - conditionally execute a flow. condition: true
2025-03-17 18:04:42.822 [DEBUG] [thread-id 1] - Store in: store the value 'iOS' in the variable 'platform'
2025-03-17 18:04:43.446 [DEBUG] [thread-id 1] - Using us-errors-helpers.yaml
2025-03-17 18:04:44.010 [DEBUG] [thread-id 1] - R2_SUBFLOW_PRE_TRANSACTION
2025-03-17 18:04:44.011 [DEBUG] [thread-id 1] - Start Main
2025-03-17 18:04:44.012 [DEBUG] [thread-id 1] - Executing function: 'unified.us.functions.global.onboarding.navigateOnboardingToHome'
2025-03-17 18:04:44.012 [DEBUG] [thread-id 1] - Store in: store the value 'onboarding' in the variable 'executionStage'
2025-03-17 18:04:44.013 [DEBUG] [thread-id 1] - Welcome screen loaded
2025-03-17 18:04:44.017 [DEBUG] [thread-id 1] - Verify identifier: {cta.cancel.welcome=[true]}
2025-03-17 18:04:44.018 [DEBUG] [thread-id 1] - Store in: store the value 'true' in the variable 'testStarted'
2025-03-17 18:04:44.069 [DEBUG] [thread-id 1] - Click element: 'cta.cancel.welcome'
2025-03-17 18:04:44.737 [DEBUG] [thread-id 1] - location screen loaded
2025-03-17 18:04:59.343 [DEBUG] [thread-id 1] - Verify identifier: {LocationPermissionViewController.titleLabel=[true]}
2025-03-17 18:04:59.403 [DEBUG] [thread-id 1] - Click element: 'Enter zip code'
2025-03-17 18:05:00.219 [DEBUG] [thread-id 1] - Verify identifier: {label.postal-code-entry=[true]}
2025-03-17 18:05:00.220 [DEBUG] [thread-id 1] - sleep:  2000 milliseconds
2025-03-17 18:05:02.297 [DEBUG] [thread-id 1] - Enter text: '95122'
2025-03-17 18:05:03.716 [DEBUG] [thread-id 1] - Click element: 'cta.continue'
2025-03-17 18:05:04.261 [DEBUG] [thread-id 1] - sleep:  3000 milliseconds
2025-03-17 18:05:21.359 [DEBUG] [thread-id 1] - conditionally execute a flow. condition: true
2025-03-17 18:05:24.381 [DEBUG] [thread-id 1] - Observed IDFA Screen
2025-03-17 18:05:39.862 [DEBUG] [thread-id 1] - conditionally execute a flow. condition: false
2025-03-17 18:05:43.063 [DEBUG] [thread-id 1] - idfa is not displayed
2025-03-17 18:05:43.087 [DEBUG] [thread-id 1] - Executing function: 'unified.us.functions.home.toolTip'
2025-03-17 18:05:46.217 [DEBUG] [thread-id 1] - conditionally execute a flow. condition: true
2025-03-17 18:05:49.267 [DEBUG] [thread-id 1] - tooltip displayed
2025-03-17 18:05:53.990 [DEBUG] [thread-id 1] - Click element with offset: 'LDCallout.closeLinkButton'
2025-03-17 18:05:59.327 [DEBUG] [thread-id 1] - Click element with offset: 'LDCallout.closeLinkButton'
2025-03-17 18:06:10.963 [DEBUG] [thread-id 1] - Main failed: Cannot click 'LDCallout.closeLinkButton'
2025-03-17 18:06:17.251 [DEBUG] [thread-id 1] - Executing scenario: 'After'
2025-03-17 18:06:17.252 [DEBUG] [thread-id 1] - Executing function: 'unified.us.functions.utils.afterSteps'
2025-03-17 18:06:17.253 [WARN] [thread-id 1] - variable testStatus was used, but r2 could not find a value for this variable. returning default of null
2025-03-17 18:06:17.253 [DEBUG] [thread-id 1] - conditionally execute a flow. condition: false
2025-03-17 18:06:20.431 [DEBUG] [thread-id 1] - Test failed
2025-03-17 18:06:31.325 [DEBUG] [thread-id 1] - Created report: /Users/m0k0a2f/glass-automation/report/index.html
2025-03-17 18:10:51.658 [DEBUG] [thread-id 1] - Executing R2 4.0.2: '/Users/m0k0a2f/glass-automation/us/unified-e2e-tests/test-scripts/ecomm-and-fulfillment-flows/mixed-fulfillment-flows/production/C2664854-fc+sc-delivery+mp.yaml' on device: 'iPhone 15'
2025-03-17 18:12:48.533 [DEBUG] [thread-id 1] - Executing scenario: 'Before'
2025-03-17 18:12:48.536 [DEBUG] [thread-id 1] - Executing function: 'us.function.utils.getEnvironmentValue'
2025-03-17 18:12:48.537 [DEBUG] [thread-id 1] - Store in: store the value 'Onboarding' in the variable 'executionStage'
2025-03-17 18:12:48.538 [DEBUG] [thread-id 1] - Store in: store the value 'production' in the variable 'env'
2025-03-17 18:12:48.539 [DEBUG] [thread-id 1] - Timestamp: 1742260368539
2025-03-17 18:12:48.541 [DEBUG] [thread-id 1] - Executing function: 'functions.utils.setPlatformInfo'
2025-03-17 18:12:48.541 [DEBUG] [thread-id 1] - Store in: store the value 'Onboarding' in the variable 'executionStage'
2025-03-17 18:12:48.544 [WARN] [thread-id 1] - variable dependencies.general.appPackage was used, but r2 could not find a value for this variable. returning default of null
2025-03-17 18:12:48.544 [DEBUG] [thread-id 1] - Store in: store the value 'null' in the variable 'appPackage'
2025-03-17 18:12:48.555 [DEBUG] [thread-id 1] - conditionally execute a flow. condition: true
2025-03-17 18:12:48.794 [DEBUG] [thread-id 1] - Store in: store the value 'iOS' in the variable 'platform'
2025-03-17 18:12:49.293 [DEBUG] [thread-id 1] - Using us-errors-helpers.yaml
2025-03-17 18:12:49.788 [DEBUG] [thread-id 1] - R2_SUBFLOW_PRE_TRANSACTION
2025-03-17 18:12:49.789 [DEBUG] [thread-id 1] - Start Main
2025-03-17 18:12:49.790 [DEBUG] [thread-id 1] - Executing function: 'unified.us.functions.global.onboarding.navigateOnboardingToHome'
2025-03-17 18:12:49.791 [DEBUG] [thread-id 1] - Store in: store the value 'onboarding' in the variable 'executionStage'
2025-03-17 18:12:49.791 [DEBUG] [thread-id 1] - Welcome screen loaded
2025-03-17 18:12:49.795 [DEBUG] [thread-id 1] - Verify identifier: {cta.cancel.welcome=[true]}
2025-03-17 18:12:49.796 [DEBUG] [thread-id 1] - Store in: store the value 'true' in the variable 'testStarted'
2025-03-17 18:12:49.842 [DEBUG] [thread-id 1] - Click element: 'cta.cancel.welcome'
2025-03-17 18:12:50.639 [DEBUG] [thread-id 1] - location screen loaded
2025-03-17 18:12:56.456 [DEBUG] [thread-id 1] - Verify identifier: {LocationPermissionViewController.titleLabel=[true]}
2025-03-17 18:12:56.505 [DEBUG] [thread-id 1] - Click element: 'Enter zip code'
2025-03-17 18:12:57.378 [DEBUG] [thread-id 1] - Verify identifier: {label.postal-code-entry=[true]}
2025-03-17 18:12:57.378 [DEBUG] [thread-id 1] - sleep:  2000 milliseconds
2025-03-17 18:12:59.453 [DEBUG] [thread-id 1] - Enter text: '95122'
2025-03-17 18:13:11.509 [DEBUG] [thread-id 1] - Click element: 'cta.continue'
2025-03-17 18:13:12.041 [DEBUG] [thread-id 1] - sleep:  3000 milliseconds
2025-03-17 18:13:28.406 [DEBUG] [thread-id 1] - conditionally execute a flow. condition: true
2025-03-17 18:13:30.427 [DEBUG] [thread-id 1] - Observed IDFA Screen
2025-03-17 18:13:42.959 [DEBUG] [thread-id 1] - conditionally execute a flow. condition: false
2025-03-17 18:13:45.029 [DEBUG] [thread-id 1] - idfa is not displayed
2025-03-17 18:13:45.054 [DEBUG] [thread-id 1] - Executing function: 'unified.us.functions.gic.collapseIfExpanded'
2025-03-17 18:13:50.994 [DEBUG] [thread-id 1] - GIC already collapsed
2025-03-17 18:13:53.103 [DEBUG] [thread-id 1] - Verify identifier: {Search Walmart=[true]}
2025-03-17 18:13:53.104 [DEBUG] [thread-id 1] - Executing function: 'unified.us.functions.home.navigateHomeToSignIn'
2025-03-17 18:13:53.104 [DEBUG] [thread-id 1] - Store in: store the value 'Pre-transactions' in the variable 'executionStage'
2025-03-17 18:13:54.605 [DEBUG] [thread-id 1] - Click element: '//XCUIElementTypeButton[@name="Account"] | Account'
2025-03-17 18:13:56.998 [DEBUG] [thread-id 1] - Verify identifier: {//XCUIElementTypeButton[@name="SignInYourAccountTableViewCell.signInButton"] | //XCUIElementTypeButton[@name="SignInYourAccountView.signInButton"]=[true]}
2025-03-17 18:13:57.338 [DEBUG] [thread-id 1] - Click element: '//XCUIElementTypeButton[@name="SignInYourAccountTableViewCell.signInButton"] | //XCUIElementTypeButton[@name="SignInYourAccountView.signInButton"]'
2025-03-17 18:13:59.610 [DEBUG] [thread-id 1] - conditionally execute a flow. condition: true
2025-03-17 18:14:00.942 [DEBUG] [thread-id 1] - Store in: store the value 'true' in the variable 'signInValidated'
2025-03-17 18:14:00.955 [DEBUG] [thread-id 1] - conditionally execute a flow. condition: true
2025-03-17 18:14:02.276 [DEBUG] [thread-id 1] - SignIn page loaded
2025-03-17 18:14:03.592 [DEBUG] [thread-id 1] - Store in: store the value 'false' in the variable 'signInValidated'
2025-03-17 18:14:03.600 [DEBUG] [thread-id 1] - Executing function: 'unified.us.functions.global.authentication.signInAccountWithParams'
2025-03-17 18:14:03.601 [DEBUG] [thread-id 1] - Store in: store the value 'Pre-transactions' in the variable 'executionStage'
2025-03-17 18:14:03.601 [DEBUG] [thread-id 1] - Executing function: 'unified.us.functions.authentication.signInInfo'
2025-03-17 18:14:03.602 [DEBUG] [thread-id 1] - conditionally execute a flow. condition: true
2025-03-17 18:14:04.931 [DEBUG] [thread-id 1] - Store in: store the value 'prod.ios.flow044@cloudtest.org' in the variable 'email'
2025-03-17 18:14:06.323 [DEBUG] [thread-id 1] - Store in: store the value 'E2epassword$' in the variable 'password'
2025-03-17 18:14:06.333 [DEBUG] [thread-id 1] - Executing function: 'unified.us.functions.global.authentication.signInAccount'
2025-03-17 18:14:06.334 [DEBUG] [thread-id 1] - conditionally execute a flow. condition: true
2025-03-17 18:14:19.199 [DEBUG] [thread-id 1] - Verify identifier: {TextFieldStackView.containerStackView=[true]}
2025-03-17 18:14:19.361 [DEBUG] [thread-id 1] - Enter text: 'prod.ios.flow044@cloudtest.org'
2025-03-17 18:14:24.232 [DEBUG] [thread-id 1] - Click element: 'WelcomeView.ctaButton'
2025-03-17 18:14:24.978 [DEBUG] [thread-id 1] - sleep:  2000 milliseconds
2025-03-17 18:14:27.767 [DEBUG] [thread-id 1] - conditionally execute a flow. condition: true
2025-03-17 18:14:29.187 [DEBUG] [thread-id 1] - Entered Email Successfully
2025-03-17 18:14:30.627 [DEBUG] [thread-id 1] - conditionally execute a flow. condition: true
2025-03-17 18:14:32.220 [DEBUG] [thread-id 1] - Click element: 'AuthChoiceView.passwordStackView'
2025-03-17 18:14:34.510 [DEBUG] [thread-id 1] - Selected Password Option to Login
2025-03-17 18:14:34.516 [DEBUG] [thread-id 1] - Verify identifier: {TextFieldStackView.textField=[true]}
2025-03-17 18:14:34.690 [DEBUG] [thread-id 1] - Enter text: 'E2epassword$'
2025-03-17 18:14:41.619 [DEBUG] [thread-id 1] - Click element: 'AuthChoiceView.ctaButton'
2025-03-17 18:15:03.765 [DEBUG] [thread-id 1] - conditionally execute a flow. condition: true
2025-03-17 18:15:04.503 [DEBUG] [thread-id 1] - sleep:  2000 milliseconds
2025-03-17 18:15:18.508 [DEBUG] [thread-id 1] - Executing function: 'unified.us.functions.utils.handleCartMergePopup'
2025-03-17 18:15:39.862 [DEBUG] [thread-id 1] - No Technical Error Page observed
2025-03-17 18:15:39.868 [DEBUG] [thread-id 1] - Executing function: 'unified.us.functions.home.toolTip'
2025-03-17 18:15:50.080 [DEBUG] [thread-id 1] - conditionally execute a flow. condition: false
2025-03-17 18:15:50.807 [DEBUG] [thread-id 1] - no tooltip displayed
2025-03-17 18:15:50.824 [DEBUG] [thread-id 1] - Executing function: 'unified.us.functions.global.navigation.accountToHome'
2025-03-17 18:15:50.825 [DEBUG] [thread-id 1] - Executing function: 'unified.us.functions.global.navigation.toTab'
2025-03-17 18:15:50.825 [DEBUG] [thread-id 1] - Executing function: 'us.functions.utils.scrollIfNotVisible'
2025-03-17 18:15:52.087 [DEBUG] [thread-id 1] - Verify identifier: {//XCUIElementTypeButton[contains(@name, "Shop")]=[true]}
2025-03-17 18:15:52.856 [DEBUG] [thread-id 1] - Element already visible, scrolling is skipped
2025-03-17 18:15:52.862 [DEBUG] [thread-id 1] - Resetting scrollPosition variable to default
2025-03-17 18:15:52.863 [DEBUG] [thread-id 1] - Store in: store the value 'null' in the variable 'scrollPosition'
2025-03-17 18:15:52.863 [DEBUG] [thread-id 1] - Store in: store the value 'null' in the variable 'identifierScope'
2025-03-17 18:15:52.863 [DEBUG] [thread-id 1] - Store in: store the value 'null' in the variable 'limit'
2025-03-17 18:15:53.368 [DEBUG] [thread-id 1] - Click element: '//XCUIElementTypeButton[contains(@name, "Shop")]'
2025-03-17 18:15:53.857 [DEBUG] [thread-id 1] - Executing function: 'unified.us.functions.home.closeWPlusPromotionPopUpIfDisplayed'
2025-03-17 18:15:53.858 [DEBUG] [thread-id 1] - conditionally execute a flow. condition: true
2025-03-17 18:16:04.610 [DEBUG] [thread-id 1] - Executing function: 'unified.us.functions.global.navigation.toCartFromNavBar'
2025-03-17 18:16:04.613 [DEBUG] [thread-id 1] - Store in: store the value 'Transactions' in the variable 'executionStage'
2025-03-17 18:16:27.455 [DEBUG] [thread-id 1] - Main failed: Is not present: '//XCUIElementTypeButton[contains(@label, "Your cart")] | //XCUIElementTypeButton[(@name="SearchResultsViewController.cartButton") or (contains(@label,"Your cart contains") and contains(@label,"The estimated total is")) or (@label="Your cart is empty")]'
2025-03-17 18:16:28.933 [DEBUG] [thread-id 1] - Executing scenario: 'After'
2025-03-17 18:16:28.933 [DEBUG] [thread-id 1] - Executing function: 'unified.us.functions.utils.afterSteps'
2025-03-17 18:16:28.934 [WARN] [thread-id 1] - variable testStatus was used, but r2 could not find a value for this variable. returning default of null
2025-03-17 18:16:28.934 [DEBUG] [thread-id 1] - conditionally execute a flow. condition: false
2025-03-17 18:16:29.646 [DEBUG] [thread-id 1] - Test failed
2025-03-17 18:16:34.248 [DEBUG] [thread-id 1] - Created report: /Users/m0k0a2f/glass-automation/report/index.html
2025-03-17 18:17:39.933 [DEBUG] [thread-id 1] - Executing R2 4.0.2: '/Users/m0k0a2f/glass-automation/us/unified-e2e-tests/test-scripts/ecomm-and-fulfillment-flows/mixed-fulfillment-flows/production/C2664854-fc+sc-delivery+mp.yaml' on device: 'iPhone 15'
2025-03-17 18:19:21.067 [DEBUG] [thread-id 1] - Executing scenario: 'Before'
2025-03-17 18:19:21.070 [DEBUG] [thread-id 1] - Executing function: 'us.function.utils.getEnvironmentValue'
2025-03-17 18:19:21.071 [DEBUG] [thread-id 1] - Store in: store the value 'Onboarding' in the variable 'executionStage'
2025-03-17 18:19:21.072 [DEBUG] [thread-id 1] - Store in: store the value 'production' in the variable 'env'
2025-03-17 18:19:21.073 [DEBUG] [thread-id 1] - Timestamp: 1742260761073
2025-03-17 18:19:21.074 [DEBUG] [thread-id 1] - Executing function: 'functions.utils.setPlatformInfo'
2025-03-17 18:19:21.075 [DEBUG] [thread-id 1] - Store in: store the value 'Onboarding' in the variable 'executionStage'
2025-03-17 18:19:21.077 [WARN] [thread-id 1] - variable dependencies.general.appPackage was used, but r2 could not find a value for this variable. returning default of null
2025-03-17 18:19:21.078 [DEBUG] [thread-id 1] - Store in: store the value 'null' in the variable 'appPackage'
2025-03-17 18:19:21.088 [DEBUG] [thread-id 1] - conditionally execute a flow. condition: true
2025-03-17 18:19:21.394 [DEBUG] [thread-id 1] - Store in: store the value 'iOS' in the variable 'platform'
2025-03-17 18:19:21.965 [DEBUG] [thread-id 1] - Using us-errors-helpers.yaml
2025-03-17 18:19:22.544 [DEBUG] [thread-id 1] - R2_SUBFLOW_PRE_TRANSACTION
2025-03-17 18:19:22.545 [DEBUG] [thread-id 1] - Start Main
2025-03-17 18:19:22.545 [DEBUG] [thread-id 1] - Executing function: 'unified.us.functions.global.onboarding.navigateOnboardingToHome'
2025-03-17 18:19:22.546 [DEBUG] [thread-id 1] - Store in: store the value 'onboarding' in the variable 'executionStage'
2025-03-17 18:19:22.546 [DEBUG] [thread-id 1] - Welcome screen loaded
2025-03-17 18:19:22.550 [DEBUG] [thread-id 1] - Verify identifier: {cta.cancel.welcome=[true]}
2025-03-17 18:19:22.551 [DEBUG] [thread-id 1] - Store in: store the value 'true' in the variable 'testStarted'
2025-03-17 18:19:22.599 [DEBUG] [thread-id 1] - Click element: 'cta.cancel.welcome'
2025-03-17 18:19:23.199 [DEBUG] [thread-id 1] - location screen loaded
2025-03-17 18:19:32.103 [DEBUG] [thread-id 1] - Verify identifier: {LocationPermissionViewController.titleLabel=[true]}
2025-03-17 18:19:32.152 [DEBUG] [thread-id 1] - Click element: 'Enter zip code'
2025-03-17 18:19:32.959 [DEBUG] [thread-id 1] - Verify identifier: {label.postal-code-entry=[true]}
2025-03-17 18:19:32.959 [DEBUG] [thread-id 1] - sleep:  2000 milliseconds
2025-03-17 18:19:35.056 [DEBUG] [thread-id 1] - Enter text: '95122'
2025-03-17 18:19:37.239 [DEBUG] [thread-id 1] - Click element: 'cta.continue'
2025-03-17 18:19:37.785 [DEBUG] [thread-id 1] - sleep:  3000 milliseconds
2025-03-17 18:19:50.981 [DEBUG] [thread-id 1] - conditionally execute a flow. condition: true
2025-03-17 18:19:51.237 [DEBUG] [thread-id 1] - Observed IDFA Screen
2025-03-17 18:19:51.506 [DEBUG] [thread-id 1] - conditionally execute a flow. condition: true
2025-03-17 18:19:51.763 [DEBUG] [thread-id 1] - Verify identifier: {ATTPermissionViewController.titleLabel=[true], ATTPermissionViewController.bodyLabel=[true]}
2025-03-17 18:19:52.072 [DEBUG] [thread-id 1] - Click element: 'cta.continue.location'
2025-03-17 18:19:52.524 [DEBUG] [thread-id 1] - Executing function: 'unified.us.functions.gic.collapseIfExpanded'
2025-03-17 18:20:03.273 [DEBUG] [thread-id 1] - GIC already collapsed
2025-03-17 18:20:06.330 [DEBUG] [thread-id 1] - Verify identifier: {Search Walmart=[true]}
2025-03-17 18:20:06.332 [DEBUG] [thread-id 1] - Executing function: 'unified.us.functions.home.navigateHomeToSignIn'
2025-03-17 18:20:06.333 [DEBUG] [thread-id 1] - Store in: store the value 'Pre-transactions' in the variable 'executionStage'
2025-03-17 18:20:08.075 [DEBUG] [thread-id 1] - Click element: '//XCUIElementTypeButton[@name="Account"] | Account'
2025-03-17 18:20:34.065 [DEBUG] [thread-id 1] - Main failed: Is not present: '//XCUIElementTypeButton[@name="SignInYourAccountTableViewCell.signInButton"] | //XCUIElementTypeButton[@name="SignInYourAccountView.signInButton"]'
2025-03-17 18:20:40.140 [DEBUG] [thread-id 1] - Executing scenario: 'After'
2025-03-17 18:20:40.141 [DEBUG] [thread-id 1] - Executing function: 'unified.us.functions.utils.afterSteps'
2025-03-17 18:20:40.141 [WARN] [thread-id 1] - variable testStatus was used, but r2 could not find a value for this variable. returning default of null
2025-03-17 18:20:40.142 [DEBUG] [thread-id 1] - conditionally execute a flow. condition: false
2025-03-17 18:20:43.164 [DEBUG] [thread-id 1] - Test failed
2025-03-17 18:21:59.446 [DEBUG] [thread-id 1] - Executing R2 4.0.2: '/Users/m0k0a2f/glass-automation/us/unified-e2e-tests/test-scripts/ecomm-and-fulfillment-flows/mixed-fulfillment-flows/production/C2664854-fc+sc-delivery+mp.yaml' on device: 'iPhone 15'
2025-03-17 18:23:18.672 [DEBUG] [thread-id 1] - Executing scenario: 'Before'
2025-03-17 18:23:18.675 [DEBUG] [thread-id 1] - Executing function: 'us.function.utils.getEnvironmentValue'
2025-03-17 18:23:18.676 [DEBUG] [thread-id 1] - Store in: store the value 'Onboarding' in the variable 'executionStage'
2025-03-17 18:23:18.676 [DEBUG] [thread-id 1] - Store in: store the value 'production' in the variable 'env'
2025-03-17 18:23:18.677 [DEBUG] [thread-id 1] - Timestamp: 1742260998677
2025-03-17 18:23:18.678 [DEBUG] [thread-id 1] - Executing function: 'functions.utils.setPlatformInfo'
2025-03-17 18:23:18.679 [DEBUG] [thread-id 1] - Store in: store the value 'Onboarding' in the variable 'executionStage'
2025-03-17 18:23:18.682 [WARN] [thread-id 1] - variable dependencies.general.appPackage was used, but r2 could not find a value for this variable. returning default of null
2025-03-17 18:23:18.682 [DEBUG] [thread-id 1] - Store in: store the value 'null' in the variable 'appPackage'
2025-03-17 18:23:18.692 [DEBUG] [thread-id 1] - conditionally execute a flow. condition: true
2025-03-17 18:23:18.921 [DEBUG] [thread-id 1] - Store in: store the value 'iOS' in the variable 'platform'
2025-03-17 18:23:19.398 [DEBUG] [thread-id 1] - Using us-errors-helpers.yaml
2025-03-17 18:23:19.941 [DEBUG] [thread-id 1] - R2_SUBFLOW_PRE_TRANSACTION
2025-03-17 18:23:19.942 [DEBUG] [thread-id 1] - Start Main
2025-03-17 18:23:19.943 [DEBUG] [thread-id 1] - Executing function: 'unified.us.functions.global.onboarding.navigateOnboardingToHome'
2025-03-17 18:23:19.944 [DEBUG] [thread-id 1] - Store in: store the value 'onboarding' in the variable 'executionStage'
2025-03-17 18:23:19.945 [DEBUG] [thread-id 1] - Welcome screen loaded
2025-03-17 18:23:19.949 [DEBUG] [thread-id 1] - Verify identifier: {cta.cancel.welcome=[true]}
2025-03-17 18:23:19.950 [DEBUG] [thread-id 1] - Store in: store the value 'true' in the variable 'testStarted'
2025-03-17 18:23:20.106 [DEBUG] [thread-id 1] - Click element: 'cta.cancel.welcome'
2025-03-17 18:23:20.576 [DEBUG] [thread-id 1] - location screen loaded
2025-03-17 18:23:39.220 [DEBUG] [thread-id 1] - Verify identifier: {LocationPermissionViewController.titleLabel=[true]}
2025-03-17 18:23:39.266 [DEBUG] [thread-id 1] - Click element: 'Enter zip code'
2025-03-17 18:23:40.002 [DEBUG] [thread-id 1] - Verify identifier: {label.postal-code-entry=[true]}
2025-03-17 18:23:40.002 [DEBUG] [thread-id 1] - sleep:  2000 milliseconds
2025-03-17 18:23:42.059 [DEBUG] [thread-id 1] - Enter text: '95122'
2025-03-17 18:23:43.709 [DEBUG] [thread-id 1] - Click element: 'cta.continue'
2025-03-17 18:23:44.200 [DEBUG] [thread-id 1] - sleep:  3000 milliseconds
2025-03-17 18:23:59.436 [DEBUG] [thread-id 1] - conditionally execute a flow. condition: true
2025-03-17 18:24:01.529 [DEBUG] [thread-id 1] - Observed IDFA Screen
2025-03-17 18:24:13.931 [DEBUG] [thread-id 1] - conditionally execute a flow. condition: false
2025-03-17 18:24:15.996 [DEBUG] [thread-id 1] - idfa is not displayed
2025-03-17 18:24:16.017 [DEBUG] [thread-id 1] - Executing function: 'unified.us.functions.gic.collapseIfExpanded'
2025-03-17 18:24:21.846 [DEBUG] [thread-id 1] - GIC already collapsed
2025-03-17 18:24:23.912 [DEBUG] [thread-id 1] - Verify identifier: {Search Walmart=[true]}
2025-03-17 18:24:23.913 [DEBUG] [thread-id 1] - Executing function: 'unified.us.functions.home.navigateHomeToSignIn'
2025-03-17 18:24:23.913 [DEBUG] [thread-id 1] - Store in: store the value 'Pre-transactions' in the variable 'executionStage'
2025-03-17 18:24:25.409 [DEBUG] [thread-id 1] - Click element: '//XCUIElementTypeButton[@name="Account"] | Account'
2025-03-17 18:24:28.243 [DEBUG] [thread-id 1] - Verify identifier: {//XCUIElementTypeButton[@name="SignInYourAccountTableViewCell.signInButton"] | //XCUIElementTypeButton[@name="SignInYourAccountView.signInButton"]=[true]}
2025-03-17 18:24:28.573 [DEBUG] [thread-id 1] - Click element: '//XCUIElementTypeButton[@name="SignInYourAccountTableViewCell.signInButton"] | //XCUIElementTypeButton[@name="SignInYourAccountView.signInButton"]'
2025-03-17 18:24:30.682 [DEBUG] [thread-id 1] - conditionally execute a flow. condition: true
2025-03-17 18:24:31.967 [DEBUG] [thread-id 1] - Store in: store the value 'true' in the variable 'signInValidated'
2025-03-17 18:24:31.980 [DEBUG] [thread-id 1] - conditionally execute a flow. condition: true
2025-03-17 18:24:33.273 [DEBUG] [thread-id 1] - SignIn page loaded
2025-03-17 18:24:34.576 [DEBUG] [thread-id 1] - Store in: store the value 'false' in the variable 'signInValidated'
2025-03-17 18:24:34.583 [DEBUG] [thread-id 1] - Executing function: 'unified.us.functions.global.authentication.signInAccountWithParams'
2025-03-17 18:24:34.583 [DEBUG] [thread-id 1] - Store in: store the value 'Pre-transactions' in the variable 'executionStage'
2025-03-17 18:24:34.584 [DEBUG] [thread-id 1] - Executing function: 'unified.us.functions.authentication.signInInfo'
2025-03-17 18:24:34.585 [DEBUG] [thread-id 1] - conditionally execute a flow. condition: true
2025-03-17 18:24:35.886 [DEBUG] [thread-id 1] - Store in: store the value 'prod.ios.flow044@cloudtest.org' in the variable 'email'
2025-03-17 18:24:37.194 [DEBUG] [thread-id 1] - Store in: store the value 'E2epassword$' in the variable 'password'
2025-03-17 18:24:37.200 [DEBUG] [thread-id 1] - Executing function: 'unified.us.functions.global.authentication.signInAccount'
2025-03-17 18:24:37.201 [DEBUG] [thread-id 1] - conditionally execute a flow. condition: true
2025-03-17 18:24:51.254 [DEBUG] [thread-id 1] - Verify identifier: {TextFieldStackView.containerStackView=[true]}
2025-03-17 18:24:51.408 [DEBUG] [thread-id 1] - Enter text: 'prod.ios.flow044@cloudtest.org'
2025-03-17 18:24:56.193 [DEBUG] [thread-id 1] - Click element: 'WelcomeView.ctaButton'
2025-03-17 18:24:57.001 [DEBUG] [thread-id 1] - sleep:  2000 milliseconds
2025-03-17 18:24:59.708 [DEBUG] [thread-id 1] - conditionally execute a flow. condition: true
2025-03-17 18:25:01.081 [DEBUG] [thread-id 1] - Entered Email Successfully
2025-03-17 18:25:02.455 [DEBUG] [thread-id 1] - conditionally execute a flow. condition: true
2025-03-17 18:25:04.020 [DEBUG] [thread-id 1] - Click element: 'AuthChoiceView.passwordStackView'
2025-03-17 18:25:06.262 [DEBUG] [thread-id 1] - Selected Password Option to Login
2025-03-17 18:25:06.269 [DEBUG] [thread-id 1] - Verify identifier: {TextFieldStackView.textField=[true]}
2025-03-17 18:25:06.446 [DEBUG] [thread-id 1] - Enter text: 'E2epassword$'
2025-03-17 18:25:13.254 [DEBUG] [thread-id 1] - Click element: 'AuthChoiceView.ctaButton'
2025-03-17 18:25:34.872 [DEBUG] [thread-id 1] - conditionally execute a flow. condition: true
2025-03-17 18:25:35.568 [DEBUG] [thread-id 1] - sleep:  2000 milliseconds
2025-03-17 18:25:48.561 [DEBUG] [thread-id 1] - Executing function: 'unified.us.functions.utils.handleCartMergePopup'
2025-03-17 18:26:09.435 [DEBUG] [thread-id 1] - No Technical Error Page observed
2025-03-17 18:26:09.442 [DEBUG] [thread-id 1] - Executing function: 'unified.us.functions.home.toolTip'
2025-03-17 18:26:20.118 [DEBUG] [thread-id 1] - conditionally execute a flow. condition: false
2025-03-17 18:26:20.827 [DEBUG] [thread-id 1] - no tooltip displayed
2025-03-17 18:26:20.843 [DEBUG] [thread-id 1] - Executing function: 'unified.us.functions.global.navigation.accountToHome'
2025-03-17 18:26:20.844 [DEBUG] [thread-id 1] - Executing function: 'unified.us.functions.global.navigation.toTab'
2025-03-17 18:26:20.845 [DEBUG] [thread-id 1] - Executing function: 'us.functions.utils.scrollIfNotVisible'
2025-03-17 18:26:22.108 [DEBUG] [thread-id 1] - Verify identifier: {//XCUIElementTypeButton[contains(@name, "Shop")]=[true]}
2025-03-17 18:26:22.822 [DEBUG] [thread-id 1] - Element already visible, scrolling is skipped
2025-03-17 18:26:22.828 [DEBUG] [thread-id 1] - Resetting scrollPosition variable to default
2025-03-17 18:26:22.829 [DEBUG] [thread-id 1] - Store in: store the value 'null' in the variable 'scrollPosition'
2025-03-17 18:26:22.829 [DEBUG] [thread-id 1] - Store in: store the value 'null' in the variable 'identifierScope'
2025-03-17 18:26:22.830 [DEBUG] [thread-id 1] - Store in: store the value 'null' in the variable 'limit'
2025-03-17 18:26:23.294 [DEBUG] [thread-id 1] - Click element: '//XCUIElementTypeButton[contains(@name, "Shop")]'
2025-03-17 18:26:23.772 [DEBUG] [thread-id 1] - Executing function: 'unified.us.functions.home.closeWPlusPromotionPopUpIfDisplayed'
2025-03-17 18:26:23.777 [DEBUG] [thread-id 1] - conditionally execute a flow. condition: true
2025-03-17 18:26:28.616 [DEBUG] [thread-id 1] - conditionally execute a flow. condition: true
2025-03-17 18:26:33.158 [DEBUG] [thread-id 1] - Click element: '//XCUIElementTypeButton[@name="SplashPageViewController.closeButton" or contains(@label, "Close Walmart plus promotional pop up")] | //XCUIElementTypeNavigationBar[@name="WalmartPlus.SplashPageView"]/XCUIElementTypeButton | //XCUIElementTypeButton[@name="close" or @name="Close"] | //XCUIElementTypeButton[@name="SplashPageViewController.fullScreenCloseButton"] | //XCUIElementTypeButton[@name="MultiSplashViewController.fullScreenCloseButton"] | //XCUIElementTypeButton[@name="RepeatBenefitEngagementTopBarView.closeButton"] | //XCUIElementTypeButton[@name="Close"] | //XCUIElementTypeButton[@name="close"]'
2025-03-17 18:26:34.103 [DEBUG] [thread-id 1] - Executing function: 'unified.us.functions.global.navigation.toCartFromNavBar'
2025-03-17 18:26:34.104 [DEBUG] [thread-id 1] - Store in: store the value 'Transactions' in the variable 'executionStage'
2025-03-17 18:26:36.213 [DEBUG] [thread-id 1] - Verify identifier: {//XCUIElementTypeButton[contains(@label, "Your cart")] | //XCUIElementTypeButton[(@name="SearchResultsViewController.cartButton") or (contains(@label,"Your cart contains") and contains(@label,"The estimated total is")) or (@label="Your cart is empty")]=[true]}
2025-03-17 18:26:38.060 [DEBUG] [thread-id 1] - Click element: '//XCUIElementTypeButton[contains(@label, "Your cart")] | //XCUIElementTypeButton[(@name="SearchResultsViewController.cartButton") or (contains(@label,"Your cart contains") and contains(@label,"The estimated total is")) or (@label="Your cart is empty")]'
2025-03-17 18:26:38.918 [DEBUG] [thread-id 1] - Executing function: 'unified.us.functions.cart.storeChangePopUp'
2025-03-17 18:26:54.867 [DEBUG] [thread-id 1] - No Store Change pop up screen displayed
2025-03-17 18:27:05.112 [DEBUG] [thread-id 1] - conditionally execute a flow. condition: false
2025-03-17 18:27:20.719 [DEBUG] [thread-id 1] - conditionally execute a flow. condition: false
2025-03-17 18:27:25.880 [WARN] [thread-id 1] - variable skipValidation was used, but r2 could not find a value for this variable. returning default of null
2025-03-17 18:27:25.881 [DEBUG] [thread-id 1] - conditionally execute a flow. condition: true
2025-03-17 18:27:40.764 [DEBUG] [thread-id 1] - conditionally execute a flow. condition: true
2025-03-17 18:27:45.870 [DEBUG] [thread-id 1] - cart page loaded
2025-03-17 18:27:45.904 [DEBUG] [thread-id 1] - Executing function: 'unified.us.functions.cart.removeAllCartItems'
2025-03-17 18:27:45.904 [DEBUG] [thread-id 1] - Executing function: 'unified.us.functions.cart.storeChangePopUp'
2025-03-17 18:27:56.173 [DEBUG] [thread-id 1] - No Store Change pop up screen displayed
2025-03-17 18:27:56.188 [DEBUG] [thread-id 1] - Executing function: 'unified.us.functions.cart.removeAdonsNotAvailable'
2025-03-17 18:28:09.466 [DEBUG] [thread-id 1] - No remove Adons pop up screen displayed
2025-03-17 18:28:19.911 [DEBUG] [thread-id 1] - conditionally execute a flow. condition: false
2025-03-17 18:28:25.097 [DEBUG] [thread-id 1] - conditionally execute a flow. condition: true
2025-03-17 18:28:36.890 [DEBUG] [thread-id 1] - get number of child elements for //XCUIElementTypeScrollView[@name="ReviewOrderViewController.scrollView"] | //XCUIElementTypeOther[@name="CartDetailsViewController.stackView"]: 0
2025-03-17 18:28:54.342 [DEBUG] [thread-id 1] - get number of child elements for //XCUIElementTypeScrollView[@name="ReviewOrderViewController.scrollView"] | //XCUIElementTypeOther[@name="CartDetailsViewController.stackView"]: 1
2025-03-17 18:28:59.502 [DEBUG] [thread-id 1] - 1
2025-03-17 18:29:04.775 [WARN] [thread-id 1] - variable scrollDown was used, but r2 could not find a value for this variable. returning default of null
2025-03-17 18:29:09.926 [DEBUG] [thread-id 1] - loop: from 0 to 9
2025-03-17 18:29:15.109 [DEBUG] [thread-id 1] - 0
2025-03-17 18:29:30.197 [DEBUG] [thread-id 1] - Verify identifier: {//XCUIElementTypeButton[contains(@label, "Remove and continue")] | //XCUIElementTypeButton[@name="Remove" or @name = "CartItemTileView.remove"]=[true]}
2025-03-17 18:29:40.178 [DEBUG] [thread-id 1] - Click element: '//XCUIElementTypeButton[contains(@label, "Remove and continue")] | //XCUIElementTypeButton[@name="Remove" or @name = "CartItemTileView.remove"]'
2025-03-17 18:29:52.006 [DEBUG] [thread-id 1] - 1
2025-03-17 18:30:03.283 [DEBUG] [thread-id 1] - No Items in Cart to Remove
2025-03-17 18:30:09.000 [DEBUG] [thread-id 1] - Executing function: 'unified.us.functions.cart.removeUnavailableItemsFromCart'
2025-03-17 18:30:09.001 [DEBUG] [thread-id 1] - conditionally execute a flow. condition: true
2025-03-17 18:30:23.492 [DEBUG] [thread-id 1] - Executing function: 'unified.us.functions.global.navigation.backNavigation'
2025-03-17 18:30:23.493 [DEBUG] [thread-id 1] - Global Back navigation
2025-03-17 18:30:23.494 [DEBUG] [thread-id 1] - conditionally execute a flow. condition: true
2025-03-17 18:30:31.912 [DEBUG] [thread-id 1] - Click element: '//XCUIElementTypeButton[@name="Back" or @label="Back"] | //XCUIElementTypeNavigationBar[@name="Cart"]/XCUIElementTypeButton[contains(@name,"Search")] | //XCUIElementTypeNavigationBar/XCUIElementTypeButton[not(contains(@label,"cart"))]'
2025-03-17 18:30:32.966 [DEBUG] [thread-id 1] - Executing function: 'unified.us.functions.search.searchItem'
2025-03-17 18:30:36.965 [DEBUG] [thread-id 1] - Verify identifier: {//XCUIElementTypeButton[@name="Search"]=[true]}
2025-03-17 18:30:41.653 [DEBUG] [thread-id 1] - Click element: '//XCUIElementTypeButton[@name="Search"]'
2025-03-17 18:30:48.711 [DEBUG] [thread-id 1] - Click element: '//XCUIElementTypeButton[@name="Search"]'
2025-03-17 18:30:55.734 [DEBUG] [thread-id 1] - Click element: '//XCUIElementTypeButton[@name="Search"]'
2025-03-17 18:31:02.765 [DEBUG] [thread-id 1] - Click element: '//XCUIElementTypeButton[@name="Search"]'
2025-03-17 18:31:04.087 [DEBUG] [thread-id 1] - Main failed: Cannot click '//XCUIElementTypeButton[@name="Search"]'
2025-03-17 18:31:08.403 [DEBUG] [thread-id 1] - Executing scenario: 'After'
2025-03-17 18:31:08.404 [DEBUG] [thread-id 1] - Executing function: 'unified.us.functions.utils.afterSteps'
2025-03-17 18:31:08.405 [WARN] [thread-id 1] - variable testStatus was used, but r2 could not find a value for this variable. returning default of null
2025-03-17 18:31:08.405 [DEBUG] [thread-id 1] - conditionally execute a flow. condition: false
2025-03-17 18:31:10.443 [DEBUG] [thread-id 1] - Test failed
2025-03-17 18:31:18.319 [DEBUG] [thread-id 1] - Created report: /Users/m0k0a2f/glass-automation/report/index.html
2025-03-17 18:32:47.191 [DEBUG] [thread-id 1] - Executing R2 4.0.2: '/Users/m0k0a2f/glass-automation/us/unified-e2e-tests/test-scripts/ecomm-and-fulfillment-flows/mixed-fulfillment-flows/production/C2664854-fc+sc-delivery+mp.yaml' on device: 'iPhone 15'
2025-03-17 18:34:10.069 [DEBUG] [thread-id 1] - Executing scenario: 'Before'
2025-03-17 18:34:10.072 [DEBUG] [thread-id 1] - Executing function: 'us.function.utils.getEnvironmentValue'
2025-03-17 18:34:10.073 [DEBUG] [thread-id 1] - Store in: store the value 'Onboarding' in the variable 'executionStage'
2025-03-17 18:34:10.074 [DEBUG] [thread-id 1] - Store in: store the value 'production' in the variable 'env'
2025-03-17 18:34:10.074 [DEBUG] [thread-id 1] - Timestamp: 1742261650074
2025-03-17 18:34:10.075 [DEBUG] [thread-id 1] - Executing function: 'functions.utils.setPlatformInfo'
2025-03-17 18:34:10.075 [DEBUG] [thread-id 1] - Store in: store the value 'Onboarding' in the variable 'executionStage'
2025-03-17 18:34:10.078 [WARN] [thread-id 1] - variable dependencies.general.appPackage was used, but r2 could not find a value for this variable. returning default of null
2025-03-17 18:34:10.078 [DEBUG] [thread-id 1] - Store in: store the value 'null' in the variable 'appPackage'
2025-03-17 18:34:10.088 [DEBUG] [thread-id 1] - conditionally execute a flow. condition: true
2025-03-17 18:34:10.321 [DEBUG] [thread-id 1] - Store in: store the value 'iOS' in the variable 'platform'
2025-03-17 18:34:10.814 [DEBUG] [thread-id 1] - Using us-errors-helpers.yaml
2025-03-17 18:34:11.347 [DEBUG] [thread-id 1] - R2_SUBFLOW_PRE_TRANSACTION
2025-03-17 18:34:11.347 [DEBUG] [thread-id 1] - Start Main
2025-03-17 18:34:11.348 [DEBUG] [thread-id 1] - Executing function: 'unified.us.functions.global.onboarding.navigateOnboardingToHome'
2025-03-17 18:34:11.349 [DEBUG] [thread-id 1] - Store in: store the value 'onboarding' in the variable 'executionStage'
2025-03-17 18:34:11.349 [DEBUG] [thread-id 1] - Welcome screen loaded
2025-03-17 18:34:11.355 [DEBUG] [thread-id 1] - Verify identifier: {cta.cancel.welcome=[true]}
2025-03-17 18:34:11.356 [DEBUG] [thread-id 1] - Store in: store the value 'true' in the variable 'testStarted'
2025-03-17 18:34:11.410 [DEBUG] [thread-id 1] - Click element: 'cta.cancel.welcome'
2025-03-17 18:34:12.114 [DEBUG] [thread-id 1] - location screen loaded
2025-03-17 18:34:15.634 [DEBUG] [thread-id 1] - Verify identifier: {LocationPermissionViewController.titleLabel=[true]}
2025-03-17 18:34:15.679 [DEBUG] [thread-id 1] - Click element: 'Enter zip code'
2025-03-17 18:34:16.707 [DEBUG] [thread-id 1] - Verify identifier: {label.postal-code-entry=[true]}
2025-03-17 18:34:16.714 [DEBUG] [thread-id 1] - sleep:  2000 milliseconds
2025-03-17 18:34:18.782 [DEBUG] [thread-id 1] - Enter text: '95122'
2025-03-17 18:34:27.680 [DEBUG] [thread-id 1] - Click element: 'cta.continue'
2025-03-17 18:34:28.210 [DEBUG] [thread-id 1] - sleep:  3000 milliseconds
2025-03-17 18:34:44.548 [DEBUG] [thread-id 1] - conditionally execute a flow. condition: true
2025-03-17 18:34:46.821 [DEBUG] [thread-id 1] - Observed IDFA Screen
2025-03-17 18:34:59.791 [DEBUG] [thread-id 1] - conditionally execute a flow. condition: false
2025-03-17 18:35:01.991 [DEBUG] [thread-id 1] - idfa is not displayed
2025-03-17 18:35:02.020 [DEBUG] [thread-id 1] - Executing function: 'unified.us.functions.gic.collapseIfExpanded'
2025-03-17 18:35:08.319 [DEBUG] [thread-id 1] - GIC already collapsed
2025-03-17 18:35:10.449 [DEBUG] [thread-id 1] - Verify identifier: {Search Walmart=[true]}
2025-03-17 18:35:10.450 [DEBUG] [thread-id 1] - Executing function: 'unified.us.functions.home.navigateHomeToSignIn'
2025-03-17 18:35:10.451 [DEBUG] [thread-id 1] - Store in: store the value 'Pre-transactions' in the variable 'executionStage'
2025-03-17 18:35:12.012 [DEBUG] [thread-id 1] - Click element: '//XCUIElementTypeButton[@name="Account"] | Account'
2025-03-17 18:35:14.811 [DEBUG] [thread-id 1] - Verify identifier: {//XCUIElementTypeButton[@name="SignInYourAccountTableViewCell.signInButton"] | //XCUIElementTypeButton[@name="SignInYourAccountView.signInButton"]=[true]}
2025-03-17 18:35:15.144 [DEBUG] [thread-id 1] - Click element: '//XCUIElementTypeButton[@name="SignInYourAccountTableViewCell.signInButton"] | //XCUIElementTypeButton[@name="SignInYourAccountView.signInButton"]'
2025-03-17 18:35:17.521 [DEBUG] [thread-id 1] - conditionally execute a flow. condition: true
2025-03-17 18:35:18.850 [DEBUG] [thread-id 1] - Store in: store the value 'true' in the variable 'signInValidated'
2025-03-17 18:35:18.864 [DEBUG] [thread-id 1] - conditionally execute a flow. condition: true
2025-03-17 18:35:20.190 [DEBUG] [thread-id 1] - SignIn page loaded
2025-03-17 18:35:21.518 [DEBUG] [thread-id 1] - Store in: store the value 'false' in the variable 'signInValidated'
2025-03-17 18:35:21.527 [DEBUG] [thread-id 1] - Executing function: 'unified.us.functions.global.authentication.signInAccountWithParams'
2025-03-17 18:35:21.528 [DEBUG] [thread-id 1] - Store in: store the value 'Pre-transactions' in the variable 'executionStage'
2025-03-17 18:35:21.528 [DEBUG] [thread-id 1] - Executing function: 'unified.us.functions.authentication.signInInfo'
2025-03-17 18:35:21.530 [DEBUG] [thread-id 1] - conditionally execute a flow. condition: true
2025-03-17 18:35:22.850 [DEBUG] [thread-id 1] - Store in: store the value 'prod.ios.flow044@cloudtest.org' in the variable 'email'
2025-03-17 18:35:24.212 [DEBUG] [thread-id 1] - Store in: store the value 'E2epassword$' in the variable 'password'
2025-03-17 18:35:24.220 [DEBUG] [thread-id 1] - Executing function: 'unified.us.functions.global.authentication.signInAccount'
2025-03-17 18:35:24.221 [DEBUG] [thread-id 1] - conditionally execute a flow. condition: true
2025-03-17 18:35:37.236 [DEBUG] [thread-id 1] - Verify identifier: {TextFieldStackView.containerStackView=[true]}
2025-03-17 18:35:37.398 [DEBUG] [thread-id 1] - Enter text: 'prod.ios.flow044@cloudtest.org'
2025-03-17 18:35:42.225 [DEBUG] [thread-id 1] - Click element: 'WelcomeView.ctaButton'
2025-03-17 18:35:42.959 [DEBUG] [thread-id 1] - sleep:  2000 milliseconds
2025-03-17 18:35:45.669 [DEBUG] [thread-id 1] - conditionally execute a flow. condition: true
2025-03-17 18:35:47.036 [DEBUG] [thread-id 1] - Entered Email Successfully
2025-03-17 18:35:48.469 [DEBUG] [thread-id 1] - conditionally execute a flow. condition: true
2025-03-17 18:35:50.067 [DEBUG] [thread-id 1] - Click element: 'AuthChoiceView.passwordStackView'
2025-03-17 18:35:52.379 [DEBUG] [thread-id 1] - Selected Password Option to Login
2025-03-17 18:35:52.394 [DEBUG] [thread-id 1] - Verify identifier: {TextFieldStackView.textField=[true]}
2025-03-17 18:35:52.566 [DEBUG] [thread-id 1] - Enter text: 'E2epassword$'
2025-03-17 18:35:59.423 [DEBUG] [thread-id 1] - Click element: 'AuthChoiceView.ctaButton'
2025-03-17 18:36:21.336 [DEBUG] [thread-id 1] - conditionally execute a flow. condition: true
2025-03-17 18:36:22.091 [DEBUG] [thread-id 1] - sleep:  2000 milliseconds
2025-03-17 18:36:35.233 [DEBUG] [thread-id 1] - Executing function: 'unified.us.functions.utils.handleCartMergePopup'
2025-03-17 18:36:56.057 [DEBUG] [thread-id 1] - No Technical Error Page observed
2025-03-17 18:36:56.063 [DEBUG] [thread-id 1] - Executing function: 'unified.us.functions.home.toolTip'
2025-03-17 18:37:06.656 [DEBUG] [thread-id 1] - conditionally execute a flow. condition: false
2025-03-17 18:37:07.326 [DEBUG] [thread-id 1] - no tooltip displayed
2025-03-17 18:37:07.344 [DEBUG] [thread-id 1] - Executing function: 'unified.us.functions.global.navigation.accountToHome'
2025-03-17 18:37:07.345 [DEBUG] [thread-id 1] - Executing function: 'unified.us.functions.global.navigation.toTab'
2025-03-17 18:37:07.346 [DEBUG] [thread-id 1] - Executing function: 'us.functions.utils.scrollIfNotVisible'
2025-03-17 18:37:08.541 [DEBUG] [thread-id 1] - Verify identifier: {//XCUIElementTypeButton[contains(@name, "Shop")]=[true]}
2025-03-17 18:37:09.248 [DEBUG] [thread-id 1] - Element already visible, scrolling is skipped
2025-03-17 18:37:09.264 [DEBUG] [thread-id 1] - Resetting scrollPosition variable to default
2025-03-17 18:37:09.265 [DEBUG] [thread-id 1] - Store in: store the value 'null' in the variable 'scrollPosition'
2025-03-17 18:37:09.265 [DEBUG] [thread-id 1] - Store in: store the value 'null' in the variable 'identifierScope'
2025-03-17 18:37:09.266 [DEBUG] [thread-id 1] - Store in: store the value 'null' in the variable 'limit'
2025-03-17 18:37:09.737 [DEBUG] [thread-id 1] - Click element: '//XCUIElementTypeButton[contains(@name, "Shop")]'
2025-03-17 18:37:10.214 [DEBUG] [thread-id 1] - Executing function: 'unified.us.functions.home.closeWPlusPromotionPopUpIfDisplayed'
2025-03-17 18:37:10.218 [DEBUG] [thread-id 1] - conditionally execute a flow. condition: true
2025-03-17 18:37:25.172 [DEBUG] [thread-id 1] - Executing function: 'unified.us.functions.global.navigation.toCartFromNavBar'
2025-03-17 18:37:25.173 [DEBUG] [thread-id 1] - Store in: store the value 'Transactions' in the variable 'executionStage'
2025-03-17 18:37:27.033 [DEBUG] [thread-id 1] - Verify identifier: {//XCUIElementTypeButton[contains(@label, "Your cart")] | //XCUIElementTypeButton[(@name="SearchResultsViewController.cartButton") or (contains(@label,"Your cart contains") and contains(@label,"The estimated total is")) or (@label="Your cart is empty")]=[true]}
2025-03-17 18:37:28.895 [DEBUG] [thread-id 1] - Click element: '//XCUIElementTypeButton[contains(@label, "Your cart")] | //XCUIElementTypeButton[(@name="SearchResultsViewController.cartButton") or (contains(@label,"Your cart contains") and contains(@label,"The estimated total is")) or (@label="Your cart is empty")]'
2025-03-17 18:37:29.732 [DEBUG] [thread-id 1] - Executing function: 'unified.us.functions.cart.storeChangePopUp'
2025-03-17 18:37:39.225 [DEBUG] [thread-id 1] - No Store Change pop up screen displayed
2025-03-17 18:37:41.799 [DEBUG] [thread-id 1] - conditionally execute a flow. condition: true
2025-03-17 18:37:44.400 [DEBUG] [thread-id 1] - cart Page loaded
2025-03-17 18:37:44.420 [DEBUG] [thread-id 1] - Executing function: 'unified.us.functions.cart.removeAllCartItems'
2025-03-17 18:37:44.421 [DEBUG] [thread-id 1] - Executing function: 'unified.us.functions.cart.storeChangePopUp'
2025-03-17 18:37:49.654 [DEBUG] [thread-id 1] - No Store Change pop up screen displayed
2025-03-17 18:37:49.669 [DEBUG] [thread-id 1] - Executing function: 'unified.us.functions.cart.removeAdonsNotAvailable'
2025-03-17 18:37:56.234 [DEBUG] [thread-id 1] - No remove Adons pop up screen displayed
2025-03-17 18:37:58.819 [DEBUG] [thread-id 1] - conditionally execute a flow. condition: true
2025-03-17 18:38:01.442 [DEBUG] [thread-id 1] - No items in cart
2025-03-17 18:38:01.450 [DEBUG] [thread-id 1] - Executing function: 'unified.us.functions.cart.removeUnavailableItemsFromCart'
2025-03-17 18:38:01.450 [DEBUG] [thread-id 1] - conditionally execute a flow. condition: true
2025-03-17 18:38:14.839 [DEBUG] [thread-id 1] - Executing function: 'unified.us.functions.global.navigation.backNavigation'
2025-03-17 18:38:14.839 [DEBUG] [thread-id 1] - Global Back navigation
2025-03-17 18:38:14.840 [DEBUG] [thread-id 1] - conditionally execute a flow. condition: true
2025-03-17 18:38:23.229 [DEBUG] [thread-id 1] - Click element: '//XCUIElementTypeButton[@name="Back" or @label="Back"] | //XCUIElementTypeNavigationBar[@name="Cart"]/XCUIElementTypeButton[contains(@name,"Search")] | //XCUIElementTypeNavigationBar/XCUIElementTypeButton[not(contains(@label,"cart"))]'
2025-03-17 18:38:24.257 [DEBUG] [thread-id 1] - Executing function: 'unified.us.functions.search.searchItem'
2025-03-17 18:38:27.854 [DEBUG] [thread-id 1] - Verify identifier: {//XCUIElementTypeButton[@name="Search"]=[true]}
2025-03-17 18:38:32.526 [DEBUG] [thread-id 1] - Click element: '//XCUIElementTypeButton[@name="Search"]'
2025-03-17 18:38:39.496 [DEBUG] [thread-id 1] - Click element: '//XCUIElementTypeButton[@name="Search"]'
2025-03-17 18:38:46.406 [DEBUG] [thread-id 1] - Click element: '//XCUIElementTypeButton[@name="Search"]'
2025-03-17 18:38:52.205 [DEBUG] [thread-id 1] - Click element: '//XCUIElementTypeButton[@name="Search"]'
2025-03-17 18:38:58.650 [DEBUG] [thread-id 1] - Main failed: Cannot click '//XCUIElementTypeButton[@name="Search"]'
2025-03-17 18:39:00.292 [DEBUG] [thread-id 1] - Executing scenario: 'After'
2025-03-17 18:39:00.293 [DEBUG] [thread-id 1] - Executing function: 'unified.us.functions.utils.afterSteps'
2025-03-17 18:39:00.293 [WARN] [thread-id 1] - variable testStatus was used, but r2 could not find a value for this variable. returning default of null
2025-03-17 18:39:00.294 [DEBUG] [thread-id 1] - conditionally execute a flow. condition: false
2025-03-17 18:39:01.057 [DEBUG] [thread-id 1] - Test failed
2025-03-17 18:39:05.034 [DEBUG] [thread-id 1] - Created report: /Users/m0k0a2f/glass-automation/report/index.html
2025-03-17 21:12:57.292 [DEBUG] [thread-id 1] - Executing R2 4.0.2: '/Users/m0k0a2f/glass-automation/us/unified-e2e-tests/test-scripts/ecomm-and-fulfillment-flows/mixed-fulfillment-flows/production/C2664854-fc+sc-delivery+mp.yaml' on device: 'iPhone 15'
2025-03-17 21:15:41.631 [DEBUG] [thread-id 1] - Executing scenario: 'Before'
2025-03-17 21:15:41.634 [DEBUG] [thread-id 1] - Executing function: 'us.function.utils.getEnvironmentValue'
2025-03-17 21:15:41.635 [DEBUG] [thread-id 1] - Store in: store the value 'Onboarding' in the variable 'executionStage'
2025-03-17 21:15:41.636 [DEBUG] [thread-id 1] - Store in: store the value 'production' in the variable 'env'
2025-03-17 21:15:41.636 [DEBUG] [thread-id 1] - Timestamp: 1742271341636
2025-03-17 21:15:41.638 [DEBUG] [thread-id 1] - Executing function: 'functions.utils.setPlatformInfo'
2025-03-17 21:15:41.639 [DEBUG] [thread-id 1] - Store in: store the value 'Onboarding' in the variable 'executionStage'
2025-03-17 21:15:41.642 [WARN] [thread-id 1] - variable dependencies.general.appPackage was used, but r2 could not find a value for this variable. returning default of null
2025-03-17 21:15:41.643 [DEBUG] [thread-id 1] - Store in: store the value 'null' in the variable 'appPackage'
2025-03-17 21:15:41.655 [DEBUG] [thread-id 1] - conditionally execute a flow. condition: true
2025-03-17 21:15:41.896 [DEBUG] [thread-id 1] - Store in: store the value 'iOS' in the variable 'platform'
2025-03-17 21:15:42.382 [DEBUG] [thread-id 1] - Using us-errors-helpers.yaml
2025-03-17 21:15:42.871 [DEBUG] [thread-id 1] - R2_SUBFLOW_PRE_TRANSACTION
2025-03-17 21:15:42.872 [DEBUG] [thread-id 1] - Start Main
2025-03-17 21:15:42.873 [DEBUG] [thread-id 1] - Executing function: 'unified.us.functions.global.onboarding.navigateOnboardingToHome'
2025-03-17 21:15:42.873 [DEBUG] [thread-id 1] - Store in: store the value 'onboarding' in the variable 'executionStage'
2025-03-17 21:15:42.874 [DEBUG] [thread-id 1] - Welcome screen loaded
2025-03-17 21:15:42.878 [DEBUG] [thread-id 1] - Verify identifier: {cta.cancel.welcome=[true]}
2025-03-17 21:15:42.879 [DEBUG] [thread-id 1] - Store in: store the value 'true' in the variable 'testStarted'
2025-03-17 21:15:42.925 [DEBUG] [thread-id 1] - Click element: 'cta.cancel.welcome'
2025-03-17 21:15:43.408 [DEBUG] [thread-id 1] - location screen loaded
2025-03-17 21:15:52.427 [DEBUG] [thread-id 1] - Verify identifier: {LocationPermissionViewController.titleLabel=[true]}
2025-03-17 21:15:52.481 [DEBUG] [thread-id 1] - Click element: 'Enter zip code'
2025-03-17 21:15:53.230 [DEBUG] [thread-id 1] - Verify identifier: {label.postal-code-entry=[true]}
2025-03-17 21:15:53.230 [DEBUG] [thread-id 1] - sleep:  2000 milliseconds
2025-03-17 21:15:55.298 [DEBUG] [thread-id 1] - Enter text: '95122'
2025-03-17 21:15:58.624 [DEBUG] [thread-id 1] - Click element: 'cta.continue'
2025-03-17 21:15:59.141 [DEBUG] [thread-id 1] - sleep:  3000 milliseconds
2025-03-17 21:16:12.346 [DEBUG] [thread-id 1] - conditionally execute a flow. condition: true
2025-03-17 21:16:12.586 [DEBUG] [thread-id 1] - Observed IDFA Screen
2025-03-17 21:16:12.837 [DEBUG] [thread-id 1] - conditionally execute a flow. condition: true
2025-03-17 21:16:13.075 [DEBUG] [thread-id 1] - Verify identifier: {ATTPermissionViewController.titleLabel=[true], ATTPermissionViewController.bodyLabel=[true]}
2025-03-17 21:16:13.362 [DEBUG] [thread-id 1] - Click element: 'cta.continue.location'
2025-03-17 21:16:13.906 [DEBUG] [thread-id 1] - Executing function: 'unified.us.functions.gic.collapseIfExpanded'
2025-03-17 21:16:23.306 [DEBUG] [thread-id 1] - GIC already collapsed
2025-03-17 21:16:25.686 [DEBUG] [thread-id 1] - Verify identifier: {Search Walmart=[true]}
2025-03-17 21:16:25.687 [DEBUG] [thread-id 1] - Executing function: 'unified.us.functions.home.navigateHomeToSignIn'
2025-03-17 21:16:25.687 [DEBUG] [thread-id 1] - Store in: store the value 'Pre-transactions' in the variable 'executionStage'
2025-03-17 21:16:27.229 [DEBUG] [thread-id 1] - Click element: '//XCUIElementTypeButton[@name="Account"] | Account'
2025-03-17 21:16:42.372 [DEBUG] [thread-id 1] - Verify identifier: {//XCUIElementTypeButton[@name="SignInYourAccountTableViewCell.signInButton"] | //XCUIElementTypeButton[@name="SignInYourAccountView.signInButton"]=[true]}
2025-03-17 21:16:42.709 [DEBUG] [thread-id 1] - Click element: '//XCUIElementTypeButton[@name="SignInYourAccountTableViewCell.signInButton"] | //XCUIElementTypeButton[@name="SignInYourAccountView.signInButton"]'
2025-03-17 21:16:44.962 [DEBUG] [thread-id 1] - conditionally execute a flow. condition: true
2025-03-17 21:16:46.454 [DEBUG] [thread-id 1] - Store in: store the value 'true' in the variable 'signInValidated'
2025-03-17 21:16:46.466 [DEBUG] [thread-id 1] - conditionally execute a flow. condition: true
2025-03-17 21:16:47.828 [DEBUG] [thread-id 1] - SignIn page loaded
2025-03-17 21:16:49.215 [DEBUG] [thread-id 1] - Store in: store the value 'false' in the variable 'signInValidated'
2025-03-17 21:16:49.223 [DEBUG] [thread-id 1] - Executing function: 'unified.us.functions.global.authentication.signInAccountWithParams'
2025-03-17 21:16:49.223 [DEBUG] [thread-id 1] - Store in: store the value 'Pre-transactions' in the variable 'executionStage'
2025-03-17 21:16:49.224 [DEBUG] [thread-id 1] - Executing function: 'unified.us.functions.authentication.signInInfo'
2025-03-17 21:16:49.225 [DEBUG] [thread-id 1] - conditionally execute a flow. condition: true
2025-03-17 21:16:50.587 [DEBUG] [thread-id 1] - Store in: store the value 'prod.ios.flow044@cloudtest.org' in the variable 'email'
2025-03-17 21:16:51.936 [DEBUG] [thread-id 1] - Store in: store the value 'E2epassword$' in the variable 'password'
2025-03-17 21:16:51.943 [DEBUG] [thread-id 1] - Executing function: 'unified.us.functions.global.authentication.signInAccount'
2025-03-17 21:16:51.944 [DEBUG] [thread-id 1] - conditionally execute a flow. condition: true
2025-03-17 21:17:04.812 [DEBUG] [thread-id 1] - Verify identifier: {TextFieldStackView.containerStackView=[true]}
2025-03-17 21:17:05.017 [DEBUG] [thread-id 1] - Enter text: 'prod.ios.flow044@cloudtest.org'
2025-03-17 21:17:09.981 [DEBUG] [thread-id 1] - Click element: 'WelcomeView.ctaButton'
2025-03-17 21:17:10.758 [DEBUG] [thread-id 1] - sleep:  2000 milliseconds
2025-03-17 21:17:13.517 [DEBUG] [thread-id 1] - conditionally execute a flow. condition: true
2025-03-17 21:17:15.049 [DEBUG] [thread-id 1] - Entered Email Successfully
2025-03-17 21:17:16.572 [DEBUG] [thread-id 1] - conditionally execute a flow. condition: true
2025-03-17 21:17:18.303 [DEBUG] [thread-id 1] - Click element: 'AuthChoiceView.passwordStackView'
2025-03-17 21:17:20.787 [DEBUG] [thread-id 1] - Selected Password Option to Login
2025-03-17 21:17:20.794 [DEBUG] [thread-id 1] - Verify identifier: {TextFieldStackView.textField=[true]}
2025-03-17 21:17:20.981 [DEBUG] [thread-id 1] - Enter text: 'E2epassword$'
2025-03-17 21:17:28.113 [DEBUG] [thread-id 1] - Click element: 'AuthChoiceView.ctaButton'
2025-03-17 21:17:54.547 [DEBUG] [thread-id 1] - conditionally execute a flow. condition: true
2025-03-17 21:17:55.355 [DEBUG] [thread-id 1] - sleep:  2000 milliseconds
2025-03-17 21:18:09.149 [DEBUG] [thread-id 1] - Executing function: 'unified.us.functions.utils.handleCartMergePopup'
2025-03-17 21:18:29.962 [DEBUG] [thread-id 1] - No Technical Error Page observed
2025-03-17 21:18:29.968 [DEBUG] [thread-id 1] - Executing function: 'unified.us.functions.home.toolTip'
2025-03-17 21:18:40.076 [DEBUG] [thread-id 1] - conditionally execute a flow. condition: false
2025-03-17 21:18:40.835 [DEBUG] [thread-id 1] - no tooltip displayed
2025-03-17 21:18:40.859 [DEBUG] [thread-id 1] - Executing function: 'unified.us.functions.global.navigation.accountToHome'
2025-03-17 21:18:40.860 [DEBUG] [thread-id 1] - Executing function: 'unified.us.functions.global.navigation.toTab'
2025-03-17 21:18:40.861 [DEBUG] [thread-id 1] - Executing function: 'us.functions.utils.scrollIfNotVisible'
2025-03-17 21:18:42.159 [DEBUG] [thread-id 1] - Verify identifier: {//XCUIElementTypeButton[contains(@name, "Shop")]=[true]}
2025-03-17 21:18:42.941 [DEBUG] [thread-id 1] - Element already visible, scrolling is skipped
2025-03-17 21:18:42.956 [DEBUG] [thread-id 1] - Resetting scrollPosition variable to default
2025-03-17 21:18:42.956 [DEBUG] [thread-id 1] - Store in: store the value 'null' in the variable 'scrollPosition'
2025-03-17 21:18:42.957 [DEBUG] [thread-id 1] - Store in: store the value 'null' in the variable 'identifierScope'
2025-03-17 21:18:42.957 [DEBUG] [thread-id 1] - Store in: store the value 'null' in the variable 'limit'
2025-03-17 21:18:43.479 [DEBUG] [thread-id 1] - Click element: '//XCUIElementTypeButton[contains(@name, "Shop")]'
2025-03-17 21:18:43.997 [DEBUG] [thread-id 1] - Executing function: 'unified.us.functions.home.closeWPlusPromotionPopUpIfDisplayed'
2025-03-17 21:18:43.999 [DEBUG] [thread-id 1] - conditionally execute a flow. condition: true
2025-03-17 21:18:59.967 [DEBUG] [thread-id 1] - Executing function: 'unified.us.functions.global.navigation.toCartFromNavBar'
2025-03-17 21:18:59.970 [DEBUG] [thread-id 1] - Store in: store the value 'Transactions' in the variable 'executionStage'
2025-03-17 21:19:01.912 [DEBUG] [thread-id 1] - Verify identifier: {//XCUIElementTypeButton[contains(@label, "Your cart")] | //XCUIElementTypeButton[(@name="SearchResultsViewController.cartButton") or (contains(@label,"Your cart contains") and contains(@label,"The estimated total is")) or (@label="Your cart is empty")]=[true]}
2025-03-17 21:19:03.836 [DEBUG] [thread-id 1] - Click element: '//XCUIElementTypeButton[contains(@label, "Your cart")] | //XCUIElementTypeButton[(@name="SearchResultsViewController.cartButton") or (contains(@label,"Your cart contains") and contains(@label,"The estimated total is")) or (@label="Your cart is empty")]'
2025-03-17 21:19:04.877 [DEBUG] [thread-id 1] - Executing function: 'unified.us.functions.cart.storeChangePopUp'
2025-03-17 21:19:15.571 [DEBUG] [thread-id 1] - No Store Change pop up screen displayed
2025-03-17 21:19:18.610 [DEBUG] [thread-id 1] - conditionally execute a flow. condition: true
2025-03-17 21:19:21.594 [DEBUG] [thread-id 1] - cart Page loaded
2025-03-17 21:19:21.614 [DEBUG] [thread-id 1] - Executing function: 'unified.us.functions.cart.removeAllCartItems'
2025-03-17 21:19:21.615 [DEBUG] [thread-id 1] - Executing function: 'unified.us.functions.cart.storeChangePopUp'
2025-03-17 21:19:27.684 [DEBUG] [thread-id 1] - No Store Change pop up screen displayed
2025-03-17 21:19:27.702 [DEBUG] [thread-id 1] - Executing function: 'unified.us.functions.cart.removeAdonsNotAvailable'
2025-03-17 21:19:35.263 [DEBUG] [thread-id 1] - No remove Adons pop up screen displayed
2025-03-17 21:19:38.242 [DEBUG] [thread-id 1] - conditionally execute a flow. condition: true
2025-03-17 21:19:41.257 [DEBUG] [thread-id 1] - No items in cart
2025-03-17 21:19:41.264 [DEBUG] [thread-id 1] - Executing function: 'unified.us.functions.cart.removeUnavailableItemsFromCart'
2025-03-17 21:19:41.265 [DEBUG] [thread-id 1] - conditionally execute a flow. condition: true
2025-03-17 21:19:56.201 [DEBUG] [thread-id 1] - Executing function: 'unified.us.functions.global.navigation.backNavigation'
2025-03-17 21:19:56.202 [DEBUG] [thread-id 1] - Global Back navigation
2025-03-17 21:19:56.203 [DEBUG] [thread-id 1] - conditionally execute a flow. condition: true
2025-03-17 21:20:04.800 [DEBUG] [thread-id 1] - Click element: '//XCUIElementTypeButton[@name="Back" or @label="Back"] | //XCUIElementTypeNavigationBar[@name="Cart"]/XCUIElementTypeButton[contains(@name,"Search")] | //XCUIElementTypeNavigationBar/XCUIElementTypeButton[not(contains(@label,"cart"))]'
2025-03-17 21:20:05.909 [DEBUG] [thread-id 1] - Executing function: 'unified.us.functions.search.searchItem'
2025-03-17 21:20:09.710 [DEBUG] [thread-id 1] - Verify identifier: {//XCUIElementTypeButton[@name="Search"]=[true]}
2025-03-17 21:20:14.341 [DEBUG] [thread-id 1] - Click element: '//XCUIElementTypeButton[@name="Search"]'
2025-03-17 21:20:21.592 [DEBUG] [thread-id 1] - Click element: '//XCUIElementTypeButton[@name="Search"]'
2025-03-17 21:20:28.920 [DEBUG] [thread-id 1] - Click element: '//XCUIElementTypeButton[@name="Search"]'
2025-03-17 21:20:36.141 [DEBUG] [thread-id 1] - Click element: '//XCUIElementTypeButton[@name="Search"]'
2025-03-17 21:20:37.469 [DEBUG] [thread-id 1] - Main failed: Cannot click '//XCUIElementTypeButton[@name="Search"]'
2025-03-17 21:20:42.236 [DEBUG] [thread-id 1] - Executing scenario: 'After'
2025-03-17 21:20:42.237 [DEBUG] [thread-id 1] - Executing function: 'unified.us.functions.utils.afterSteps'
2025-03-17 21:20:42.238 [WARN] [thread-id 1] - variable testStatus was used, but r2 could not find a value for this variable. returning default of null
2025-03-17 21:20:42.238 [DEBUG] [thread-id 1] - conditionally execute a flow. condition: false
2025-03-17 21:20:43.008 [DEBUG] [thread-id 1] - Test failed
2025-03-17 21:20:47.281 [DEBUG] [thread-id 1] - Created report: /Users/m0k0a2f/glass-automation/report/index.html
2025-03-17 21:23:23.497 [DEBUG] [thread-id 1] - Executing R2 4.0.2: '/Users/m0k0a2f/glass-automation/us/unified-e2e-tests/test-scripts/ecomm-and-fulfillment-flows/mixed-fulfillment-flows/production/C2664854-fc+sc-delivery+mp.yaml' on device: 'iPhone 15'
2025-03-17 21:24:44.936 [DEBUG] [thread-id 1] - Executing scenario: 'Before'
2025-03-17 21:24:44.951 [DEBUG] [thread-id 1] - Executing function: 'us.function.utils.getEnvironmentValue'
2025-03-17 21:24:44.952 [DEBUG] [thread-id 1] - Store in: store the value 'Onboarding' in the variable 'executionStage'
2025-03-17 21:24:44.953 [DEBUG] [thread-id 1] - Store in: store the value 'production' in the variable 'env'
2025-03-17 21:24:44.954 [DEBUG] [thread-id 1] - Timestamp: 1742271884954
2025-03-17 21:24:44.955 [DEBUG] [thread-id 1] - Executing function: 'functions.utils.setPlatformInfo'
2025-03-17 21:24:44.956 [DEBUG] [thread-id 1] - Store in: store the value 'Onboarding' in the variable 'executionStage'
2025-03-17 21:24:44.958 [WARN] [thread-id 1] - variable dependencies.general.appPackage was used, but r2 could not find a value for this variable. returning default of null
2025-03-17 21:24:44.959 [DEBUG] [thread-id 1] - Store in: store the value 'null' in the variable 'appPackage'
2025-03-17 21:24:44.969 [DEBUG] [thread-id 1] - conditionally execute a flow. condition: true
2025-03-17 21:24:45.389 [DEBUG] [thread-id 1] - Store in: store the value 'iOS' in the variable 'platform'
2025-03-17 21:24:45.887 [DEBUG] [thread-id 1] - Using us-errors-helpers.yaml
2025-03-17 21:24:46.383 [DEBUG] [thread-id 1] - R2_SUBFLOW_PRE_TRANSACTION
2025-03-17 21:24:46.383 [DEBUG] [thread-id 1] - Start Main
2025-03-17 21:24:46.384 [DEBUG] [thread-id 1] - Executing function: 'unified.us.functions.global.onboarding.navigateOnboardingToHome'
2025-03-17 21:24:46.385 [DEBUG] [thread-id 1] - Store in: store the value 'onboarding' in the variable 'executionStage'
2025-03-17 21:24:46.385 [DEBUG] [thread-id 1] - Welcome screen loaded
2025-03-17 21:24:46.390 [DEBUG] [thread-id 1] - Verify identifier: {cta.cancel.welcome=[true]}
2025-03-17 21:24:46.390 [DEBUG] [thread-id 1] - Store in: store the value 'true' in the variable 'testStarted'
2025-03-17 21:24:46.438 [DEBUG] [thread-id 1] - Click element: 'cta.cancel.welcome'
2025-03-17 21:24:46.996 [DEBUG] [thread-id 1] - location screen loaded
2025-03-17 21:24:49.430 [DEBUG] [thread-id 1] - Verify identifier: {LocationPermissionViewController.titleLabel=[true]}
2025-03-17 21:24:49.480 [DEBUG] [thread-id 1] - Click element: 'Enter zip code'
2025-03-17 21:24:50.224 [DEBUG] [thread-id 1] - Verify identifier: {label.postal-code-entry=[true]}
2025-03-17 21:24:50.224 [DEBUG] [thread-id 1] - sleep:  2000 milliseconds
2025-03-17 21:24:52.284 [DEBUG] [thread-id 1] - Enter text: '95122'
2025-03-17 21:24:54.013 [DEBUG] [thread-id 1] - Click element: 'cta.continue'
2025-03-17 21:24:54.644 [DEBUG] [thread-id 1] - sleep:  3000 milliseconds
2025-03-17 21:25:07.862 [DEBUG] [thread-id 1] - conditionally execute a flow. condition: true
2025-03-17 21:25:08.102 [DEBUG] [thread-id 1] - Observed IDFA Screen
2025-03-17 21:25:08.370 [DEBUG] [thread-id 1] - conditionally execute a flow. condition: true
2025-03-17 21:25:08.617 [DEBUG] [thread-id 1] - Verify identifier: {ATTPermissionViewController.titleLabel=[true], ATTPermissionViewController.bodyLabel=[true]}
2025-03-17 21:25:08.916 [DEBUG] [thread-id 1] - Click element: 'cta.continue.location'
2025-03-17 21:25:09.352 [DEBUG] [thread-id 1] - Executing function: 'unified.us.functions.gic.collapseIfExpanded'
2025-03-17 21:25:18.546 [DEBUG] [thread-id 1] - GIC already collapsed
2025-03-17 21:25:20.986 [DEBUG] [thread-id 1] - Verify identifier: {Search Walmart=[true]}
2025-03-17 21:25:20.987 [DEBUG] [thread-id 1] - Executing function: 'unified.us.functions.home.navigateHomeToSignIn'
2025-03-17 21:25:20.988 [DEBUG] [thread-id 1] - Store in: store the value 'Pre-transactions' in the variable 'executionStage'
2025-03-17 21:25:22.687 [DEBUG] [thread-id 1] - Click element: '//XCUIElementTypeButton[@name="Account"] | Account'
2025-03-17 21:25:27.721 [DEBUG] [thread-id 1] - Verify identifier: {//XCUIElementTypeButton[@name="SignInYourAccountTableViewCell.signInButton"] | //XCUIElementTypeButton[@name="SignInYourAccountView.signInButton"]=[true]}
2025-03-17 21:25:28.056 [DEBUG] [thread-id 1] - Click element: '//XCUIElementTypeButton[@name="SignInYourAccountTableViewCell.signInButton"] | //XCUIElementTypeButton[@name="SignInYourAccountView.signInButton"]'
2025-03-17 21:25:30.243 [DEBUG] [thread-id 1] - conditionally execute a flow. condition: true
2025-03-17 21:25:31.613 [DEBUG] [thread-id 1] - Store in: store the value 'true' in the variable 'signInValidated'
2025-03-17 21:25:31.626 [DEBUG] [thread-id 1] - conditionally execute a flow. condition: true
2025-03-17 21:25:32.987 [DEBUG] [thread-id 1] - SignIn page loaded
2025-03-17 21:25:34.413 [DEBUG] [thread-id 1] - Store in: store the value 'false' in the variable 'signInValidated'
2025-03-17 21:25:34.420 [DEBUG] [thread-id 1] - Executing function: 'unified.us.functions.global.authentication.signInAccountWithParams'
2025-03-17 21:25:34.421 [DEBUG] [thread-id 1] - Store in: store the value 'Pre-transactions' in the variable 'executionStage'
2025-03-17 21:25:34.422 [DEBUG] [thread-id 1] - Executing function: 'unified.us.functions.authentication.signInInfo'
2025-03-17 21:25:34.423 [DEBUG] [thread-id 1] - conditionally execute a flow. condition: true
2025-03-17 21:25:35.791 [DEBUG] [thread-id 1] - Store in: store the value 'prod.ios.flow044@cloudtest.org' in the variable 'email'
2025-03-17 21:25:37.178 [DEBUG] [thread-id 1] - Store in: store the value 'E2epassword$' in the variable 'password'
2025-03-17 21:25:37.187 [DEBUG] [thread-id 1] - Executing function: 'unified.us.functions.global.authentication.signInAccount'
2025-03-17 21:25:37.188 [DEBUG] [thread-id 1] - conditionally execute a flow. condition: true
2025-03-17 21:25:49.989 [DEBUG] [thread-id 1] - Verify identifier: {TextFieldStackView.containerStackView=[true]}
2025-03-17 21:25:50.162 [DEBUG] [thread-id 1] - Enter text: 'prod.ios.flow044@cloudtest.org'
2025-03-17 21:25:55.015 [DEBUG] [thread-id 1] - Click element: 'WelcomeView.ctaButton'
2025-03-17 21:25:55.763 [DEBUG] [thread-id 1] - sleep:  2000 milliseconds
2025-03-17 21:25:58.486 [DEBUG] [thread-id 1] - conditionally execute a flow. condition: true
2025-03-17 21:25:59.964 [DEBUG] [thread-id 1] - Entered Email Successfully
2025-03-17 21:26:01.500 [DEBUG] [thread-id 1] - conditionally execute a flow. condition: true
2025-03-17 21:26:03.214 [DEBUG] [thread-id 1] - Click element: 'AuthChoiceView.passwordStackView'
2025-03-17 21:26:05.622 [DEBUG] [thread-id 1] - Selected Password Option to Login
2025-03-17 21:26:05.636 [DEBUG] [thread-id 1] - Verify identifier: {TextFieldStackView.textField=[true]}
2025-03-17 21:26:05.827 [DEBUG] [thread-id 1] - Enter text: 'E2epassword$'
2025-03-17 21:26:12.891 [DEBUG] [thread-id 1] - Click element: 'AuthChoiceView.ctaButton'
2025-03-17 21:26:34.144 [DEBUG] [thread-id 1] - conditionally execute a flow. condition: true
2025-03-17 21:26:34.917 [DEBUG] [thread-id 1] - sleep:  2000 milliseconds
2025-03-17 21:26:47.821 [DEBUG] [thread-id 1] - Executing function: 'unified.us.functions.utils.handleCartMergePopup'
2025-03-17 21:27:08.812 [DEBUG] [thread-id 1] - No Technical Error Page observed
2025-03-17 21:27:08.818 [DEBUG] [thread-id 1] - Executing function: 'unified.us.functions.home.toolTip'
2025-03-17 21:27:19.585 [DEBUG] [thread-id 1] - conditionally execute a flow. condition: false
2025-03-17 21:27:20.357 [DEBUG] [thread-id 1] - no tooltip displayed
2025-03-17 21:27:20.377 [DEBUG] [thread-id 1] - Executing function: 'unified.us.functions.global.navigation.accountToHome'
2025-03-17 21:27:20.378 [DEBUG] [thread-id 1] - Executing function: 'unified.us.functions.global.navigation.toTab'
2025-03-17 21:27:20.379 [DEBUG] [thread-id 1] - Executing function: 'us.functions.utils.scrollIfNotVisible'
2025-03-17 21:27:21.812 [DEBUG] [thread-id 1] - Verify identifier: {//XCUIElementTypeButton[contains(@name, "Shop")]=[true]}
2025-03-17 21:27:22.592 [DEBUG] [thread-id 1] - Element already visible, scrolling is skipped
2025-03-17 21:27:22.598 [DEBUG] [thread-id 1] - Resetting scrollPosition variable to default
2025-03-17 21:27:22.598 [DEBUG] [thread-id 1] - Store in: store the value 'null' in the variable 'scrollPosition'
2025-03-17 21:27:22.599 [DEBUG] [thread-id 1] - Store in: store the value 'null' in the variable 'identifierScope'
2025-03-17 21:27:22.599 [DEBUG] [thread-id 1] - Store in: store the value 'null' in the variable 'limit'
2025-03-17 21:27:23.097 [DEBUG] [thread-id 1] - Click element: '//XCUIElementTypeButton[contains(@name, "Shop")]'
2025-03-17 21:27:23.605 [DEBUG] [thread-id 1] - Executing function: 'unified.us.functions.home.closeWPlusPromotionPopUpIfDisplayed'
2025-03-17 21:27:23.606 [DEBUG] [thread-id 1] - conditionally execute a flow. condition: true
2025-03-17 21:27:39.904 [DEBUG] [thread-id 1] - Executing function: 'unified.us.functions.global.navigation.toCartFromNavBar'
2025-03-17 21:27:39.906 [DEBUG] [thread-id 1] - Store in: store the value 'Transactions' in the variable 'executionStage'
2025-03-17 21:27:41.913 [DEBUG] [thread-id 1] - Verify identifier: {//XCUIElementTypeButton[contains(@label, "Your cart")] | //XCUIElementTypeButton[(@name="SearchResultsViewController.cartButton") or (contains(@label,"Your cart contains") and contains(@label,"The estimated total is")) or (@label="Your cart is empty")]=[true]}
2025-03-17 21:27:43.843 [DEBUG] [thread-id 1] - Click element: '//XCUIElementTypeButton[contains(@label, "Your cart")] | //XCUIElementTypeButton[(@name="SearchResultsViewController.cartButton") or (contains(@label,"Your cart contains") and contains(@label,"The estimated total is")) or (@label="Your cart is empty")]'
2025-03-17 21:27:44.774 [DEBUG] [thread-id 1] - Executing function: 'unified.us.functions.cart.storeChangePopUp'
2025-03-17 21:27:55.448 [DEBUG] [thread-id 1] - No Store Change pop up screen displayed
2025-03-17 21:27:58.335 [DEBUG] [thread-id 1] - conditionally execute a flow. condition: true
2025-03-17 21:28:01.244 [DEBUG] [thread-id 1] - cart Page loaded
2025-03-17 21:28:01.262 [DEBUG] [thread-id 1] - Executing function: 'unified.us.functions.cart.removeAllCartItems'
2025-03-17 21:28:01.262 [DEBUG] [thread-id 1] - Executing function: 'unified.us.functions.cart.storeChangePopUp'
2025-03-17 21:28:07.100 [DEBUG] [thread-id 1] - No Store Change pop up screen displayed
2025-03-17 21:28:07.110 [DEBUG] [thread-id 1] - Executing function: 'unified.us.functions.cart.removeAdonsNotAvailable'
2025-03-17 21:28:14.576 [DEBUG] [thread-id 1] - No remove Adons pop up screen displayed
2025-03-17 21:28:17.482 [DEBUG] [thread-id 1] - conditionally execute a flow. condition: true
2025-03-17 21:28:20.377 [DEBUG] [thread-id 1] - No items in cart
2025-03-17 21:28:20.390 [DEBUG] [thread-id 1] - Executing function: 'unified.us.functions.cart.removeUnavailableItemsFromCart'
2025-03-17 21:28:20.391 [DEBUG] [thread-id 1] - conditionally execute a flow. condition: true
2025-03-17 21:28:34.914 [DEBUG] [thread-id 1] - Executing function: 'unified.us.functions.global.navigation.backNavigation'
2025-03-17 21:28:34.915 [DEBUG] [thread-id 1] - Global Back navigation
2025-03-17 21:28:34.917 [DEBUG] [thread-id 1] - conditionally execute a flow. condition: true
2025-03-17 21:28:43.036 [DEBUG] [thread-id 1] - Click element: '//XCUIElementTypeButton[@name="Back" or @label="Back"] | //XCUIElementTypeNavigationBar[@name="Cart"]/XCUIElementTypeButton[contains(@name,"Search")] | //XCUIElementTypeNavigationBar/XCUIElementTypeButton[not(contains(@label,"cart"))]'
2025-03-17 21:28:44.081 [DEBUG] [thread-id 1] - Executing function: 'unified.us.functions.search.searchItem'
2025-03-17 21:29:06.275 [DEBUG] [thread-id 1] - Main failed: Is not present: '//XCUIElementTypeButton[@name="Search Walmart"]'
2025-03-17 21:29:10.865 [DEBUG] [thread-id 1] - Executing scenario: 'After'
2025-03-17 21:29:10.866 [DEBUG] [thread-id 1] - Executing function: 'unified.us.functions.utils.afterSteps'
2025-03-17 21:29:10.866 [WARN] [thread-id 1] - variable testStatus was used, but r2 could not find a value for this variable. returning default of null
2025-03-17 21:29:10.867 [DEBUG] [thread-id 1] - conditionally execute a flow. condition: false
2025-03-17 21:29:13.125 [DEBUG] [thread-id 1] - Test failed
2025-03-17 21:29:21.780 [DEBUG] [thread-id 1] - Created report: /Users/m0k0a2f/glass-automation/report/index.html
2025-03-17 21:38:13.544 [DEBUG] [thread-id 1] - Executing R2 4.0.2: '/Users/m0k0a2f/glass-automation/us/unified-e2e-tests/test-scripts/ecomm-and-fulfillment-flows/mixed-fulfillment-flows/production/C2664854-fc+sc-delivery+mp.yaml' on device: 'iPhone 15'
2025-03-17 21:39:30.320 [DEBUG] [thread-id 1] - Executing scenario: 'Before'
2025-03-17 21:39:30.323 [DEBUG] [thread-id 1] - Executing function: 'us.function.utils.getEnvironmentValue'
2025-03-17 21:39:30.324 [DEBUG] [thread-id 1] - Store in: store the value 'Onboarding' in the variable 'executionStage'
2025-03-17 21:39:30.325 [DEBUG] [thread-id 1] - Store in: store the value 'production' in the variable 'env'
2025-03-17 21:39:30.325 [DEBUG] [thread-id 1] - Timestamp: 1742272770325
2025-03-17 21:39:30.327 [DEBUG] [thread-id 1] - Executing function: 'functions.utils.setPlatformInfo'
2025-03-17 21:39:30.327 [DEBUG] [thread-id 1] - Store in: store the value 'Onboarding' in the variable 'executionStage'
2025-03-17 21:39:30.330 [WARN] [thread-id 1] - variable dependencies.general.appPackage was used, but r2 could not find a value for this variable. returning default of null
2025-03-17 21:39:30.331 [DEBUG] [thread-id 1] - Store in: store the value 'null' in the variable 'appPackage'
2025-03-17 21:39:30.342 [DEBUG] [thread-id 1] - conditionally execute a flow. condition: true
2025-03-17 21:39:30.584 [DEBUG] [thread-id 1] - Store in: store the value 'iOS' in the variable 'platform'
2025-03-17 21:39:31.062 [DEBUG] [thread-id 1] - Using us-errors-helpers.yaml
2025-03-17 21:39:31.538 [DEBUG] [thread-id 1] - R2_SUBFLOW_PRE_TRANSACTION
2025-03-17 21:39:31.538 [DEBUG] [thread-id 1] - Start Main
2025-03-17 21:39:31.539 [DEBUG] [thread-id 1] - Executing function: 'unified.us.functions.global.onboarding.navigateOnboardingToHome'
2025-03-17 21:39:31.539 [DEBUG] [thread-id 1] - Store in: store the value 'onboarding' in the variable 'executionStage'
2025-03-17 21:39:31.540 [DEBUG] [thread-id 1] - Welcome screen loaded
2025-03-17 21:39:31.544 [DEBUG] [thread-id 1] - Verify identifier: {cta.cancel.welcome=[true]}
2025-03-17 21:39:31.546 [DEBUG] [thread-id 1] - Store in: store the value 'true' in the variable 'testStarted'
2025-03-17 21:39:31.592 [DEBUG] [thread-id 1] - Click element: 'cta.cancel.welcome'
2025-03-17 21:39:32.072 [DEBUG] [thread-id 1] - location screen loaded
2025-03-17 21:39:36.012 [DEBUG] [thread-id 1] - Verify identifier: {LocationPermissionViewController.titleLabel=[true]}
2025-03-17 21:39:36.068 [DEBUG] [thread-id 1] - Click element: 'Enter zip code'
2025-03-17 21:39:36.776 [DEBUG] [thread-id 1] - Verify identifier: {label.postal-code-entry=[true]}
2025-03-17 21:39:36.777 [DEBUG] [thread-id 1] - sleep:  2000 milliseconds
2025-03-17 21:39:38.847 [DEBUG] [thread-id 1] - Enter text: '95122'
2025-03-17 21:39:40.773 [DEBUG] [thread-id 1] - Click element: 'cta.continue'
2025-03-17 21:39:41.261 [DEBUG] [thread-id 1] - sleep:  3000 milliseconds
2025-03-17 21:39:54.483 [DEBUG] [thread-id 1] - conditionally execute a flow. condition: true
2025-03-17 21:39:54.712 [DEBUG] [thread-id 1] - Observed IDFA Screen
2025-03-17 21:39:54.950 [DEBUG] [thread-id 1] - conditionally execute a flow. condition: true
2025-03-17 21:39:55.275 [DEBUG] [thread-id 1] - Verify identifier: {ATTPermissionViewController.titleLabel=[true], ATTPermissionViewController.bodyLabel=[true]}
2025-03-17 21:39:55.542 [DEBUG] [thread-id 1] - Click element: 'cta.continue.location'
2025-03-17 21:39:55.991 [DEBUG] [thread-id 1] - Executing function: 'unified.us.functions.gic.collapseIfExpanded'
2025-03-17 21:40:03.153 [DEBUG] [thread-id 1] - GIC already collapsed
2025-03-17 21:40:05.330 [DEBUG] [thread-id 1] - Verify identifier: {Search Walmart=[true]}
2025-03-17 21:40:05.331 [DEBUG] [thread-id 1] - Executing function: 'unified.us.functions.home.navigateHomeToSignIn'
2025-03-17 21:40:05.332 [DEBUG] [thread-id 1] - Store in: store the value 'Pre-transactions' in the variable 'executionStage'
2025-03-17 21:40:06.856 [DEBUG] [thread-id 1] - Click element: '//XCUIElementTypeButton[@name="Account"] | Account'
2025-03-17 21:40:29.759 [DEBUG] [thread-id 1] - Main failed: Is not present: '//XCUIElementTypeButton[@name="SignInYourAccountTableViewCell.signInButton"] | //XCUIElementTypeButton[@name="SignInYourAccountView.signInButton"]'
2025-03-17 21:40:33.774 [DEBUG] [thread-id 1] - Executing scenario: 'After'
2025-03-17 21:40:33.775 [DEBUG] [thread-id 1] - Executing function: 'unified.us.functions.utils.afterSteps'
2025-03-17 21:40:33.775 [WARN] [thread-id 1] - variable testStatus was used, but r2 could not find a value for this variable. returning default of null
2025-03-17 21:40:33.776 [DEBUG] [thread-id 1] - conditionally execute a flow. condition: false
2025-03-17 21:40:35.775 [DEBUG] [thread-id 1] - Test failed
2025-03-17 21:40:49.660 [DEBUG] [thread-id 1] - Created report: /Users/m0k0a2f/glass-automation/report/index.html
2025-03-17 21:42:35.463 [DEBUG] [thread-id 1] - Executing R2 4.0.2: '/Users/m0k0a2f/glass-automation/us/unified-e2e-tests/test-scripts/ecomm-and-fulfillment-flows/mixed-fulfillment-flows/production/C2664854-fc+sc-delivery+mp.yaml' on device: 'iPhone 15'
2025-03-17 21:43:50.352 [DEBUG] [thread-id 1] - Executing scenario: 'Before'
2025-03-17 21:43:50.355 [DEBUG] [thread-id 1] - Executing function: 'us.function.utils.getEnvironmentValue'
2025-03-17 21:43:50.356 [DEBUG] [thread-id 1] - Store in: store the value 'Onboarding' in the variable 'executionStage'
2025-03-17 21:43:50.357 [DEBUG] [thread-id 1] - Store in: store the value 'production' in the variable 'env'
2025-03-17 21:43:50.357 [DEBUG] [thread-id 1] - Timestamp: 1742273030357
2025-03-17 21:43:50.358 [DEBUG] [thread-id 1] - Executing function: 'functions.utils.setPlatformInfo'
2025-03-17 21:43:50.359 [DEBUG] [thread-id 1] - Store in: store the value 'Onboarding' in the variable 'executionStage'
2025-03-17 21:43:50.362 [WARN] [thread-id 1] - variable dependencies.general.appPackage was used, but r2 could not find a value for this variable. returning default of null
2025-03-17 21:43:50.362 [DEBUG] [thread-id 1] - Store in: store the value 'null' in the variable 'appPackage'
2025-03-17 21:43:50.372 [DEBUG] [thread-id 1] - conditionally execute a flow. condition: true
2025-03-17 21:43:50.643 [DEBUG] [thread-id 1] - Store in: store the value 'iOS' in the variable 'platform'
2025-03-17 21:43:51.210 [DEBUG] [thread-id 1] - Using us-errors-helpers.yaml
2025-03-17 21:43:51.938 [DEBUG] [thread-id 1] - R2_SUBFLOW_PRE_TRANSACTION
2025-03-17 21:43:51.939 [DEBUG] [thread-id 1] - Start Main
2025-03-17 21:43:51.939 [DEBUG] [thread-id 1] - Executing function: 'unified.us.functions.global.onboarding.navigateOnboardingToHome'
2025-03-17 21:43:51.940 [DEBUG] [thread-id 1] - Store in: store the value 'onboarding' in the variable 'executionStage'
2025-03-17 21:43:51.940 [DEBUG] [thread-id 1] - Welcome screen loaded
2025-03-17 21:43:51.945 [DEBUG] [thread-id 1] - Verify identifier: {cta.cancel.welcome=[true]}
2025-03-17 21:43:51.945 [DEBUG] [thread-id 1] - Store in: store the value 'true' in the variable 'testStarted'
2025-03-17 21:43:52.001 [DEBUG] [thread-id 1] - Click element: 'cta.cancel.welcome'
2025-03-17 21:43:52.500 [DEBUG] [thread-id 1] - location screen loaded
2025-03-17 21:43:55.303 [DEBUG] [thread-id 1] - Verify identifier: {LocationPermissionViewController.titleLabel=[true]}
2025-03-17 21:43:55.360 [DEBUG] [thread-id 1] - Click element: 'Enter zip code'
2025-03-17 21:43:56.277 [DEBUG] [thread-id 1] - Verify identifier: {label.postal-code-entry=[true]}
2025-03-17 21:43:56.279 [DEBUG] [thread-id 1] - sleep:  2000 milliseconds
2025-03-17 21:43:58.364 [DEBUG] [thread-id 1] - Enter text: '95122'
2025-03-17 21:43:59.961 [DEBUG] [thread-id 1] - Click element: 'cta.continue'
2025-03-17 21:44:00.497 [DEBUG] [thread-id 1] - sleep:  3000 milliseconds
2025-03-17 21:44:13.850 [DEBUG] [thread-id 1] - conditionally execute a flow. condition: true
2025-03-17 21:44:14.128 [DEBUG] [thread-id 1] - Observed IDFA Screen
2025-03-17 21:44:14.410 [DEBUG] [thread-id 1] - conditionally execute a flow. condition: true
2025-03-17 21:44:14.678 [DEBUG] [thread-id 1] - Verify identifier: {ATTPermissionViewController.titleLabel=[true], ATTPermissionViewController.bodyLabel=[true]}
2025-03-17 21:44:15.000 [DEBUG] [thread-id 1] - Click element: 'cta.continue.location'
2025-03-17 21:44:15.445 [DEBUG] [thread-id 1] - Executing function: 'unified.us.functions.gic.collapseIfExpanded'
2025-03-17 21:44:26.707 [DEBUG] [thread-id 1] - GIC already collapsed
2025-03-17 21:44:48.057 [DEBUG] [thread-id 1] - Main failed: Is not present: 'Search Walmart || Buscar en Walmart'
2025-03-17 21:44:49.497 [DEBUG] [thread-id 1] - Executing scenario: 'After'
2025-03-17 21:44:49.498 [DEBUG] [thread-id 1] - Executing function: 'unified.us.functions.utils.afterSteps'
2025-03-17 21:44:49.499 [WARN] [thread-id 1] - variable testStatus was used, but r2 could not find a value for this variable. returning default of null
2025-03-17 21:44:49.499 [DEBUG] [thread-id 1] - conditionally execute a flow. condition: false
2025-03-17 21:44:50.188 [DEBUG] [thread-id 1] - Test failed
2025-03-17 21:44:53.906 [DEBUG] [thread-id 1] - Created report: /Users/m0k0a2f/glass-automation/report/index.html
2025-03-17 21:46:08.260 [DEBUG] [thread-id 1] - Executing R2 4.0.2: '/Users/m0k0a2f/glass-automation/us/unified-e2e-tests/test-scripts/ecomm-and-fulfillment-flows/mixed-fulfillment-flows/production/C2664854-fc+sc-delivery+mp.yaml' on device: 'iPhone 15'
2025-03-17 21:47:34.815 [DEBUG] [thread-id 1] - Executing scenario: 'Before'
2025-03-17 21:47:34.818 [DEBUG] [thread-id 1] - Executing function: 'us.function.utils.getEnvironmentValue'
2025-03-17 21:47:34.819 [DEBUG] [thread-id 1] - Store in: store the value 'Onboarding' in the variable 'executionStage'
2025-03-17 21:47:34.820 [DEBUG] [thread-id 1] - Store in: store the value 'production' in the variable 'env'
2025-03-17 21:47:34.820 [DEBUG] [thread-id 1] - Timestamp: 1742273254820
2025-03-17 21:47:34.821 [DEBUG] [thread-id 1] - Executing function: 'functions.utils.setPlatformInfo'
2025-03-17 21:47:34.822 [DEBUG] [thread-id 1] - Store in: store the value 'Onboarding' in the variable 'executionStage'
2025-03-17 21:47:34.824 [WARN] [thread-id 1] - variable dependencies.general.appPackage was used, but r2 could not find a value for this variable. returning default of null
2025-03-17 21:47:34.824 [DEBUG] [thread-id 1] - Store in: store the value 'null' in the variable 'appPackage'
2025-03-17 21:47:34.835 [DEBUG] [thread-id 1] - conditionally execute a flow. condition: true
2025-03-17 21:47:35.119 [DEBUG] [thread-id 1] - Store in: store the value 'iOS' in the variable 'platform'
2025-03-17 21:47:35.652 [DEBUG] [thread-id 1] - Using us-errors-helpers.yaml
2025-03-17 21:47:36.356 [DEBUG] [thread-id 1] - R2_SUBFLOW_PRE_TRANSACTION
2025-03-17 21:47:36.357 [DEBUG] [thread-id 1] - Start Main
2025-03-17 21:47:36.358 [DEBUG] [thread-id 1] - Executing function: 'unified.us.functions.global.onboarding.navigateOnboardingToHome'
2025-03-17 21:47:36.358 [DEBUG] [thread-id 1] - Store in: store the value 'onboarding' in the variable 'executionStage'
2025-03-17 21:47:36.359 [DEBUG] [thread-id 1] - Welcome screen loaded
2025-03-17 21:47:36.363 [DEBUG] [thread-id 1] - Verify identifier: {cta.cancel.welcome=[true]}
2025-03-17 21:47:36.364 [DEBUG] [thread-id 1] - Store in: store the value 'true' in the variable 'testStarted'
2025-03-17 21:47:36.417 [DEBUG] [thread-id 1] - Click element: 'cta.cancel.welcome'
2025-03-17 21:47:36.962 [DEBUG] [thread-id 1] - location screen loaded
2025-03-17 21:47:39.112 [DEBUG] [thread-id 1] - Verify identifier: {LocationPermissionViewController.titleLabel=[true]}
2025-03-17 21:47:39.171 [DEBUG] [thread-id 1] - Click element: 'Enter zip code'
2025-03-17 21:47:39.932 [DEBUG] [thread-id 1] - Verify identifier: {label.postal-code-entry=[true]}
2025-03-17 21:47:39.932 [DEBUG] [thread-id 1] - sleep:  2000 milliseconds
2025-03-17 21:47:42.018 [DEBUG] [thread-id 1] - Enter text: '95122'
2025-03-17 21:47:43.428 [DEBUG] [thread-id 1] - Click element: 'cta.continue'
2025-03-17 21:47:43.963 [DEBUG] [thread-id 1] - sleep:  3000 milliseconds
2025-03-17 21:47:57.004 [DEBUG] [thread-id 1] - conditionally execute a flow. condition: true
2025-03-17 21:47:57.250 [DEBUG] [thread-id 1] - Observed IDFA Screen
2025-03-17 21:47:57.508 [DEBUG] [thread-id 1] - conditionally execute a flow. condition: true
2025-03-17 21:47:57.754 [DEBUG] [thread-id 1] - Verify identifier: {ATTPermissionViewController.titleLabel=[true], ATTPermissionViewController.bodyLabel=[true]}
2025-03-17 21:47:58.045 [DEBUG] [thread-id 1] - Click element: 'cta.continue.location'
2025-03-17 21:47:58.489 [DEBUG] [thread-id 1] - Executing function: 'unified.us.functions.gic.collapseIfExpanded'
2025-03-17 21:48:08.465 [DEBUG] [thread-id 1] - GIC already collapsed
2025-03-17 21:48:11.199 [DEBUG] [thread-id 1] - Verify identifier: {Search Walmart=[true]}
2025-03-17 21:48:11.200 [DEBUG] [thread-id 1] - Executing function: 'unified.us.functions.home.navigateHomeToSignIn'
2025-03-17 21:48:11.201 [DEBUG] [thread-id 1] - Store in: store the value 'Pre-transactions' in the variable 'executionStage'
2025-03-17 21:48:12.790 [DEBUG] [thread-id 1] - Click element: '//XCUIElementTypeButton[@name="Account"] | Account'
2025-03-17 21:48:16.054 [DEBUG] [thread-id 1] - Verify identifier: {//XCUIElementTypeButton[@name="SignInYourAccountTableViewCell.signInButton"] | //XCUIElementTypeButton[@name="SignInYourAccountView.signInButton"]=[true]}
2025-03-17 21:48:16.400 [DEBUG] [thread-id 1] - Click element: '//XCUIElementTypeButton[@name="SignInYourAccountTableViewCell.signInButton"] | //XCUIElementTypeButton[@name="SignInYourAccountView.signInButton"]'
2025-03-17 21:48:18.863 [DEBUG] [thread-id 1] - conditionally execute a flow. condition: true
2025-03-17 21:48:20.429 [DEBUG] [thread-id 1] - Store in: store the value 'true' in the variable 'signInValidated'
2025-03-17 21:48:20.443 [DEBUG] [thread-id 1] - conditionally execute a flow. condition: true
2025-03-17 21:48:22.017 [DEBUG] [thread-id 1] - SignIn page loaded
2025-03-17 21:48:23.598 [DEBUG] [thread-id 1] - Store in: store the value 'false' in the variable 'signInValidated'
2025-03-17 21:48:23.608 [DEBUG] [thread-id 1] - Executing function: 'unified.us.functions.global.authentication.signInAccountWithParams'
2025-03-17 21:48:23.608 [DEBUG] [thread-id 1] - Store in: store the value 'Pre-transactions' in the variable 'executionStage'
2025-03-17 21:48:23.609 [DEBUG] [thread-id 1] - Executing function: 'unified.us.functions.authentication.signInInfo'
2025-03-17 21:48:23.610 [DEBUG] [thread-id 1] - conditionally execute a flow. condition: true
2025-03-17 21:48:25.180 [DEBUG] [thread-id 1] - Store in: store the value 'prod.ios.flow044@cloudtest.org' in the variable 'email'
2025-03-17 21:48:26.734 [DEBUG] [thread-id 1] - Store in: store the value 'E2epassword$' in the variable 'password'
2025-03-17 21:48:26.741 [DEBUG] [thread-id 1] - Executing function: 'unified.us.functions.global.authentication.signInAccount'
2025-03-17 21:48:26.742 [DEBUG] [thread-id 1] - conditionally execute a flow. condition: true
2025-03-17 21:48:41.017 [DEBUG] [thread-id 1] - Verify identifier: {TextFieldStackView.containerStackView=[true]}
2025-03-17 21:48:41.227 [DEBUG] [thread-id 1] - Enter text: 'prod.ios.flow044@cloudtest.org'
2025-03-17 21:48:46.232 [DEBUG] [thread-id 1] - Click element: 'WelcomeView.ctaButton'
2025-03-17 21:48:47.067 [DEBUG] [thread-id 1] - sleep:  2000 milliseconds
2025-03-17 21:48:49.859 [DEBUG] [thread-id 1] - conditionally execute a flow. condition: true
2025-03-17 21:48:51.582 [DEBUG] [thread-id 1] - Entered Email Successfully
2025-03-17 21:48:53.315 [DEBUG] [thread-id 1] - conditionally execute a flow. condition: true
2025-03-17 21:48:55.258 [DEBUG] [thread-id 1] - Click element: 'AuthChoiceView.passwordStackView'
2025-03-17 21:48:58.001 [DEBUG] [thread-id 1] - Selected Password Option to Login
2025-03-17 21:48:58.023 [DEBUG] [thread-id 1] - Verify identifier: {TextFieldStackView.textField=[true]}
2025-03-17 21:48:58.254 [DEBUG] [thread-id 1] - Enter text: 'E2epassword$'
2025-03-17 21:49:05.832 [DEBUG] [thread-id 1] - Click element: 'AuthChoiceView.ctaButton'
2025-03-17 21:49:27.513 [DEBUG] [thread-id 1] - conditionally execute a flow. condition: true
2025-03-17 21:49:28.407 [DEBUG] [thread-id 1] - sleep:  2000 milliseconds
2025-03-17 21:49:42.465 [DEBUG] [thread-id 1] - Executing function: 'unified.us.functions.utils.handleCartMergePopup'
2025-03-17 21:50:04.199 [DEBUG] [thread-id 1] - No Technical Error Page observed
2025-03-17 21:50:04.212 [DEBUG] [thread-id 1] - Executing function: 'unified.us.functions.home.toolTip'
2025-03-17 21:50:14.882 [DEBUG] [thread-id 1] - conditionally execute a flow. condition: false
2025-03-17 21:50:15.763 [DEBUG] [thread-id 1] - no tooltip displayed
2025-03-17 21:50:15.784 [DEBUG] [thread-id 1] - Executing function: 'unified.us.functions.global.navigation.accountToHome'
2025-03-17 21:50:15.784 [DEBUG] [thread-id 1] - Executing function: 'unified.us.functions.global.navigation.toTab'
2025-03-17 21:50:15.785 [DEBUG] [thread-id 1] - Executing function: 'us.functions.utils.scrollIfNotVisible'
2025-03-17 21:50:17.377 [DEBUG] [thread-id 1] - Verify identifier: {//XCUIElementTypeButton[contains(@name, "Shop")]=[true]}
2025-03-17 21:50:18.329 [DEBUG] [thread-id 1] - Element already visible, scrolling is skipped
2025-03-17 21:50:18.337 [DEBUG] [thread-id 1] - Resetting scrollPosition variable to default
2025-03-17 21:50:18.337 [DEBUG] [thread-id 1] - Store in: store the value 'null' in the variable 'scrollPosition'
2025-03-17 21:50:18.339 [DEBUG] [thread-id 1] - Store in: store the value 'null' in the variable 'identifierScope'
2025-03-17 21:50:18.340 [DEBUG] [thread-id 1] - Store in: store the value 'null' in the variable 'limit'
2025-03-17 21:50:18.875 [DEBUG] [thread-id 1] - Click element: '//XCUIElementTypeButton[contains(@name, "Shop")]'
2025-03-17 21:50:19.405 [DEBUG] [thread-id 1] - Executing function: 'unified.us.functions.home.closeWPlusPromotionPopUpIfDisplayed'
2025-03-17 21:50:19.406 [DEBUG] [thread-id 1] - conditionally execute a flow. condition: true
2025-03-17 21:50:33.227 [DEBUG] [thread-id 1] - Executing function: 'unified.us.functions.global.navigation.toCartFromNavBar'
2025-03-17 21:50:33.229 [DEBUG] [thread-id 1] - Store in: store the value 'Transactions' in the variable 'executionStage'
2025-03-17 21:50:35.247 [DEBUG] [thread-id 1] - Verify identifier: {//XCUIElementTypeButton[contains(@label, "Your cart")] | //XCUIElementTypeButton[(@name="SearchResultsViewController.cartButton") or (contains(@label,"Your cart contains") and contains(@label,"The estimated total is")) or (@label="Your cart is empty")]=[true]}
2025-03-17 21:50:37.274 [DEBUG] [thread-id 1] - Click element: '//XCUIElementTypeButton[contains(@label, "Your cart")] | //XCUIElementTypeButton[(@name="SearchResultsViewController.cartButton") or (contains(@label,"Your cart contains") and contains(@label,"The estimated total is")) or (@label="Your cart is empty")]'
2025-03-17 21:50:38.349 [DEBUG] [thread-id 1] - Executing function: 'unified.us.functions.cart.storeChangePopUp'
2025-03-17 21:51:00.187 [DEBUG] [thread-id 1] - No Store Change pop up screen displayed
2025-03-17 21:51:15.524 [DEBUG] [thread-id 1] - conditionally execute a flow. condition: false
2025-03-17 21:51:38.557 [DEBUG] [thread-id 1] - conditionally execute a flow. condition: false
2025-03-17 21:51:46.412 [WARN] [thread-id 1] - variable skipValidation was used, but r2 could not find a value for this variable. returning default of null
2025-03-17 21:51:46.412 [DEBUG] [thread-id 1] - conditionally execute a flow. condition: true
2025-03-17 21:52:07.615 [DEBUG] [thread-id 1] - conditionally execute a flow. condition: true
2025-03-17 21:52:15.368 [DEBUG] [thread-id 1] - cart page loaded
2025-03-17 21:52:15.399 [DEBUG] [thread-id 1] - Executing function: 'unified.us.functions.cart.removeAllCartItems'
2025-03-17 21:52:15.400 [DEBUG] [thread-id 1] - Executing function: 'unified.us.functions.cart.storeChangePopUp'
2025-03-17 21:52:31.187 [DEBUG] [thread-id 1] - No Store Change pop up screen displayed
2025-03-17 21:52:31.195 [DEBUG] [thread-id 1] - Executing function: 'unified.us.functions.cart.removeAdonsNotAvailable'
2025-03-17 21:52:50.222 [DEBUG] [thread-id 1] - No remove Adons pop up screen displayed
2025-03-17 21:53:05.911 [DEBUG] [thread-id 1] - conditionally execute a flow. condition: false
2025-03-17 21:53:13.669 [DEBUG] [thread-id 1] - conditionally execute a flow. condition: true
2025-03-17 21:53:30.186 [DEBUG] [thread-id 1] - get number of child elements for //XCUIElementTypeScrollView[@name="ReviewOrderViewController.scrollView"] | //XCUIElementTypeOther[@name="CartDetailsViewController.stackView"]: 1
2025-03-17 21:53:37.955 [DEBUG] [thread-id 1] - conditionally execute a flow. condition: true
2025-03-17 21:53:45.785 [DEBUG] [thread-id 1] - Executing function: 'unified.us.functions.cart.seeDetails'
2025-03-17 21:53:45.786 [DEBUG] [thread-id 1] - conditionally execute a flow. condition: true
2025-03-17 21:53:53.663 [DEBUG] [thread-id 1] - loop: from 0 to 5
2025-03-17 21:54:01.469 [DEBUG] [thread-id 1] - 0
2025-03-17 21:54:23.136 [DEBUG] [thread-id 1] - Verify identifier: {//XCUIElementTypeButton[contains(@label, "See details")] | //XCUIElementTypeButton[contains(@name,"CartCardViewController.expandCollapseView") and contains(@label, "collapsed")]=[true]}
2025-03-17 21:54:54.345 [DEBUG] [thread-id 1] - See details is present
2025-03-17 21:55:07.829 [DEBUG] [thread-id 1] - Click element: '//XCUIElementTypeButton[contains(@label, "See details")] | //XCUIElementTypeButton[contains(@name,"CartCardViewController.expandCollapseView") and contains(@label, "collapsed")]'
2025-03-17 21:55:24.542 [DEBUG] [thread-id 1] - 1
2025-03-17 21:55:56.881 [DEBUG] [thread-id 1] - No See details in Cart
2025-03-17 21:56:25.749 [DEBUG] [thread-id 1] - get number of child elements for //XCUIElementTypeScrollView[@name="ReviewOrderViewController.scrollView"] | //XCUIElementTypeOther[@name="CartDetailsViewController.stackView"]: 3
2025-03-17 21:56:34.599 [DEBUG] [thread-id 1] - 3
2025-03-17 21:56:43.391 [WARN] [thread-id 1] - variable scrollDown was used, but r2 could not find a value for this variable. returning default of null
2025-03-17 21:56:43.392 [DEBUG] [thread-id 1] - conditionally execute a flow. condition: true
2025-03-17 21:56:52.223 [DEBUG] [thread-id 1] - Scroll: down
2025-03-17 21:57:33.087 [DEBUG] [thread-id 1] - loop: from 0 to 9
2025-03-17 21:57:41.859 [DEBUG] [thread-id 1] - 0
2025-03-17 21:58:06.914 [DEBUG] [thread-id 1] - Verify identifier: {//XCUIElementTypeButton[contains(@label, "Remove and continue")] | //XCUIElementTypeButton[@name="Remove" or @name = "CartItemTileView.remove"]=[true]}
2025-03-17 21:58:23.089 [DEBUG] [thread-id 1] - Click element: '//XCUIElementTypeButton[contains(@label, "Remove and continue")] | //XCUIElementTypeButton[@name="Remove" or @name = "CartItemTileView.remove"]'
2025-03-17 21:58:40.398 [DEBUG] [thread-id 1] - 1
2025-03-17 21:59:03.397 [DEBUG] [thread-id 1] - Verify identifier: {//XCUIElementTypeButton[contains(@label, "Remove and continue")] | //XCUIElementTypeButton[@name="Remove" or @name = "CartItemTileView.remove"]=[true]}
2025-03-17 21:59:18.484 [DEBUG] [thread-id 1] - Click element: '//XCUIElementTypeButton[contains(@label, "Remove and continue")] | //XCUIElementTypeButton[@name="Remove" or @name = "CartItemTileView.remove"]'
2025-03-17 21:59:34.246 [DEBUG] [thread-id 1] - 2
2025-03-17 21:59:54.820 [DEBUG] [thread-id 1] - Verify identifier: {//XCUIElementTypeButton[contains(@label, "Remove and continue")] | //XCUIElementTypeButton[@name="Remove" or @name = "CartItemTileView.remove"]=[true]}
2025-03-17 22:00:08.295 [DEBUG] [thread-id 1] - Click element: '//XCUIElementTypeButton[contains(@label, "Remove and continue")] | //XCUIElementTypeButton[@name="Remove" or @name = "CartItemTileView.remove"]'
2025-03-17 22:00:16.865 [DEBUG] [thread-id 1] - 3
2025-03-17 22:00:30.771 [DEBUG] [thread-id 1] - No Items in Cart to Remove
2025-03-17 22:00:38.408 [DEBUG] [thread-id 1] - Executing function: 'unified.us.functions.cart.removeUnavailableItemsFromCart'
2025-03-17 22:00:38.409 [DEBUG] [thread-id 1] - conditionally execute a flow. condition: true
2025-03-17 22:00:53.665 [DEBUG] [thread-id 1] - Executing function: 'unified.us.functions.global.navigation.backNavigation'
2025-03-17 22:00:53.665 [DEBUG] [thread-id 1] - Global Back navigation
2025-03-17 22:00:53.665 [DEBUG] [thread-id 1] - conditionally execute a flow. condition: true
2025-03-17 22:01:03.367 [DEBUG] [thread-id 1] - Click element: '//XCUIElementTypeButton[@name="Back" or @label="Back"] | //XCUIElementTypeNavigationBar[@name="Cart"]/XCUIElementTypeButton[contains(@name,"Search")] | //XCUIElementTypeNavigationBar/XCUIElementTypeButton[not(contains(@label,"cart"))]'
2025-03-17 22:01:04.683 [DEBUG] [thread-id 1] - Executing function: 'unified.us.functions.search.searchItem'
2025-03-17 22:01:09.599 [DEBUG] [thread-id 1] - Verify identifier: {//XCUIElementTypeButton[@name="Search"]| //XCUIElementTypeSearchField[@name="Search Walmart"]=[true]}
2025-03-17 22:01:14.498 [DEBUG] [thread-id 1] - Click element: '//XCUIElementTypeButton[@name="Search"]| //XCUIElementTypeSearchField[@name="Search Walmart"]'
2025-03-17 22:01:22.820 [DEBUG] [thread-id 1] - Click element: '//XCUIElementTypeButton[@name="Search"]| //XCUIElementTypeSearchField[@name="Search Walmart"]'
2025-03-17 22:01:31.146 [DEBUG] [thread-id 1] - Click element: '//XCUIElementTypeButton[@name="Search"]| //XCUIElementTypeSearchField[@name="Search Walmart"]'
2025-03-17 22:01:32.437 [DEBUG] [thread-id 1] - Main failed: Cannot click '//XCUIElementTypeButton[@name="Search"]| //XCUIElementTypeSearchField[@name="Search Walmart"]'
2025-03-17 22:01:38.304 [DEBUG] [thread-id 1] - Executing scenario: 'After'
2025-03-17 22:01:38.305 [DEBUG] [thread-id 1] - Executing function: 'unified.us.functions.utils.afterSteps'
2025-03-17 22:01:38.305 [WARN] [thread-id 1] - variable testStatus was used, but r2 could not find a value for this variable. returning default of null
2025-03-17 22:01:38.306 [DEBUG] [thread-id 1] - conditionally execute a flow. condition: false
2025-03-17 22:01:41.265 [DEBUG] [thread-id 1] - Test failed
2025-03-17 22:01:51.746 [DEBUG] [thread-id 1] - Created report: /Users/m0k0a2f/glass-automation/report/index.html
