2025-04-28 21:27:17.025 [DEBUG] [thread-id 1] - Executing R2 4.0.2: '/Users/m0k0a2f/glass-automation/us/unified-e2e-tests/test-scripts/wlive-flows/production/C2713648-user-selects-video-and-add-items-from-browse-all-page.yaml' on device: 'iPhone 15'
2025-04-28 21:30:33.792 [DEBUG] [thread-id 1] - Executing scenario: 'Before'
2025-04-28 21:30:33.795 [DEBUG] [thread-id 1] - Executing function: 'us.function.utils.getEnvironmentValue'
2025-04-28 21:30:33.796 [DEBUG] [thread-id 1] - Store in: store the value 'Onboarding' in the variable 'executionStage'
2025-04-28 21:30:33.796 [DEBUG] [thread-id 1] - Store in: store the value 'production' in the variable 'env'
2025-04-28 21:30:33.797 [DEBUG] [thread-id 1] - Timestamp: 1745901033797
2025-04-28 21:30:33.798 [DEBUG] [thread-id 1] - Executing function: 'functions.utils.setPlatformInfo'
2025-04-28 21:30:33.799 [DEBUG] [thread-id 1] - Store in: store the value 'Onboarding' in the variable 'executionStage'
2025-04-28 21:30:33.801 [WARN] [thread-id 1] - variable dependencies.general.appPackage was used, but r2 could not find a value for this variable. returning default of null
2025-04-28 21:30:33.802 [DEBUG] [thread-id 1] - Store in: store the value 'null' in the variable 'appPackage'
2025-04-28 21:30:33.811 [DEBUG] [thread-id 1] - conditionally execute a flow. condition: true
2025-04-28 21:30:34.028 [DEBUG] [thread-id 1] - Store in: store the value 'iOS' in the variable 'platform'
2025-04-28 21:30:34.036 [DEBUG] [thread-id 1] - R2_SUBFLOW_PRE_TRANSACTION
2025-04-28 21:30:34.465 [DEBUG] [thread-id 1] - Using us-errors-helpers.yaml
2025-04-28 21:30:34.914 [DEBUG] [thread-id 1] - Start Main
2025-04-28 21:30:34.915 [DEBUG] [thread-id 1] - Executing function: 'unified.us.functions.global.onboarding.navigateOnboardingToHome'
2025-04-28 21:30:34.916 [DEBUG] [thread-id 1] - Store in: store the value 'onboarding' in the variable 'executionStage'
2025-04-28 21:30:34.916 [DEBUG] [thread-id 1] - Welcome screen loaded
2025-04-28 21:30:34.920 [DEBUG] [thread-id 1] - conditionally execute a flow. condition: true
2025-04-28 21:30:35.133 [DEBUG] [thread-id 1] - Verify identifier: {cta.cancel.welcome=[true]}
2025-04-28 21:30:35.350 [DEBUG] [thread-id 1] - Store in: store the value 'true' in the variable 'testStarted'
2025-04-28 21:30:35.603 [DEBUG] [thread-id 1] - Click element: 'cta.cancel.welcome'
2025-04-28 21:30:36.518 [DEBUG] [thread-id 1] - Notifiction Prompt screen loaded
2025-04-28 21:30:36.775 [DEBUG] [thread-id 1] - Verify identifier: {NotificationPermissionViewController.titleLabel=[true]}
2025-04-28 21:30:37.037 [WARN] [thread-id 1] - variable allowNotifications was used, but r2 could not find a value for this variable. returning default of null
2025-04-28 21:30:37.037 [DEBUG] [thread-id 1] - conditionally execute a flow. condition: false
2025-04-28 21:30:39.319 [DEBUG] [thread-id 1] - Click element: 'cta.cancel.notifications'
2025-04-28 21:30:39.762 [DEBUG] [thread-id 1] - location screen loaded
2025-04-28 21:30:40.026 [DEBUG] [thread-id 1] - Verify identifier: {LocationPermissionViewController.titleLabel=[true]}
2025-04-28 21:30:40.027 [DEBUG] [thread-id 1] - Store in: store the value 'true' in the variable 'testStarted'
2025-04-28 21:30:40.065 [DEBUG] [thread-id 1] - Click element: 'Enter zip code'
2025-04-28 21:30:40.750 [DEBUG] [thread-id 1] - Verify identifier: {label.postal-code-entry=[true]}
2025-04-28 21:30:40.750 [DEBUG] [thread-id 1] - sleep:  2000 milliseconds
2025-04-28 21:30:42.860 [DEBUG] [thread-id 1] - Enter text: '95122'
2025-04-28 21:30:44.618 [DEBUG] [thread-id 1] - Click element: 'cta.continue'
2025-04-28 21:30:45.101 [DEBUG] [thread-id 1] - sleep:  3000 milliseconds
2025-04-28 21:30:58.412 [DEBUG] [thread-id 1] - Executing function: 'unified.us.functions.home.handlePersonalizedScreen'
2025-04-28 21:30:58.625 [DEBUG] [thread-id 1] - conditionally execute a flow. condition: true
2025-04-28 21:30:58.841 [DEBUG] [thread-id 1] - Observed Personalize Shopping Screen
2025-04-28 21:30:59.066 [DEBUG] [thread-id 1] - Verify identifier: {ATTPermissionViewController.bodyLabel=[true]}
2025-04-28 21:30:59.548 [DEBUG] [thread-id 1] - conditionally execute a flow. condition: true
2025-04-28 21:30:59.803 [DEBUG] [thread-id 1] - Click element: 'cta.continue.location'
2025-04-28 21:31:01.686 [DEBUG] [thread-id 1] - Personalized Shopping Experience Screen Handled.
2025-04-28 21:31:15.871 [DEBUG] [thread-id 1] - Executing function: 'unified.us.functions.home.toolTip'
2025-04-28 21:31:17.348 [DEBUG] [thread-id 1] - conditionally execute a flow. condition: true
2025-04-28 21:31:19.590 [DEBUG] [thread-id 1] - tooltip displayed
2025-04-28 21:31:24.094 [DEBUG] [thread-id 1] - conditionally execute a flow. condition: true
2025-04-28 21:31:26.341 [DEBUG] [thread-id 1] - Tool close button displayed
2025-04-28 21:31:26.523 [DEBUG] [thread-id 1] - Executing function: 'unified.us.functions.gic.collapseIfExpanded'
2025-04-28 21:31:32.479 [DEBUG] [thread-id 1] - GIC already collapsed
2025-04-28 21:31:34.713 [DEBUG] [thread-id 1] - Verify identifier: {Search Walmart=[true]}
2025-04-28 21:31:34.714 [DEBUG] [thread-id 1] - Executing function: 'unified.us.functions.home.navigateHomeToSignIn'
2025-04-28 21:31:34.714 [DEBUG] [thread-id 1] - Store in: store the value 'Pre-transactions' in the variable 'executionStage'
2025-04-28 21:31:36.310 [DEBUG] [thread-id 1] - Click element: '//XCUIElementTypeButton[@name="Account"] | Account'
2025-04-28 21:31:38.226 [DEBUG] [thread-id 1] - Verify identifier: {//XCUIElementTypeButton[@name="SignInYourAccountTableViewCell.signInButton"] | //XCUIElementTypeButton[@name="SignInYourAccountView.signInButton"]=[true]}
2025-04-28 21:31:38.542 [DEBUG] [thread-id 1] - Click element: '//XCUIElementTypeButton[@name="SignInYourAccountTableViewCell.signInButton"] | //XCUIElementTypeButton[@name="SignInYourAccountView.signInButton"]'
2025-04-28 21:31:40.419 [DEBUG] [thread-id 1] - conditionally execute a flow. condition: true
2025-04-28 21:31:41.679 [DEBUG] [thread-id 1] - Store in: store the value 'true' in the variable 'signInValidated'
2025-04-28 21:31:41.701 [DEBUG] [thread-id 1] - conditionally execute a flow. condition: true
2025-04-28 21:31:42.884 [DEBUG] [thread-id 1] - SignIn page loaded
2025-04-28 21:31:44.119 [DEBUG] [thread-id 1] - Store in: store the value 'false' in the variable 'signInValidated'
2025-04-28 21:31:44.125 [DEBUG] [thread-id 1] - Executing function: 'unified.us.functions.global.authentication.signInAccountWithParams'
2025-04-28 21:31:44.125 [DEBUG] [thread-id 1] - Store in: store the value 'Pre-transactions' in the variable 'executionStage'
2025-04-28 21:31:44.126 [DEBUG] [thread-id 1] - Executing function: 'unified.us.functions.authentication.signInInfo'
2025-04-28 21:31:44.126 [DEBUG] [thread-id 1] - conditionally execute a flow. condition: true
2025-04-28 21:31:45.296 [DEBUG] [thread-id 1] - Store in: store the value 'e2e.ios.prod.browse.walmartlive@cloudtest.org' in the variable 'email'
2025-04-28 21:31:46.626 [DEBUG] [thread-id 1] - Store in: store the value 'E2epassword$' in the variable 'password'
2025-04-28 21:31:46.633 [DEBUG] [thread-id 1] - Executing function: 'unified.us.functions.global.authentication.signInAccount'
2025-04-28 21:31:46.633 [DEBUG] [thread-id 1] - conditionally execute a flow. condition: true
2025-04-28 21:31:59.745 [DEBUG] [thread-id 1] - Verify identifier: {TextFieldStackView.containerStackView=[true]}
2025-04-28 21:31:59.900 [DEBUG] [thread-id 1] - Enter text: 'e2e.ios.prod.browse.walmartlive@cloudtest.org'
2025-04-28 21:32:05.154 [DEBUG] [thread-id 1] - Click element: 'WelcomeView.ctaButton'
2025-04-28 21:32:05.969 [DEBUG] [thread-id 1] - sleep:  2000 milliseconds
2025-04-28 21:32:08.630 [DEBUG] [thread-id 1] - conditionally execute a flow. condition: true
2025-04-28 21:32:09.939 [DEBUG] [thread-id 1] - Entered Email Successfully
2025-04-28 21:32:11.304 [DEBUG] [thread-id 1] - conditionally execute a flow. condition: true
2025-04-28 21:32:12.843 [DEBUG] [thread-id 1] - Click element: 'AuthChoiceView.passwordStackView'
2025-04-28 21:32:14.988 [DEBUG] [thread-id 1] - Selected Password Option to Login
2025-04-28 21:32:15.055 [DEBUG] [thread-id 1] - Verify identifier: {TextFieldStackView.textField=[true]}
2025-04-28 21:32:15.221 [DEBUG] [thread-id 1] - Enter text: 'E2epassword$'
2025-04-28 21:32:22.028 [DEBUG] [thread-id 1] - Click element: 'AuthChoiceView.ctaButton'
2025-04-28 21:32:43.931 [DEBUG] [thread-id 1] - conditionally execute a flow. condition: true
2025-04-28 21:32:44.598 [DEBUG] [thread-id 1] - sleep:  2000 milliseconds
2025-04-28 21:32:58.071 [DEBUG] [thread-id 1] - Executing function: 'unified.us.functions.utils.handleCartMergePopup'
2025-04-28 21:33:19.506 [DEBUG] [thread-id 1] - No Technical Error Page observed
2025-04-28 21:33:19.515 [DEBUG] [thread-id 1] - Executing function: 'unified.us.functions.home.toolTip'
2025-04-28 21:33:29.837 [DEBUG] [thread-id 1] - Executing function: 'unified.us.functions.global.navigation.accountToHome'
2025-04-28 21:33:29.837 [DEBUG] [thread-id 1] - Executing function: 'unified.us.functions.global.navigation.toTab'
2025-04-28 21:33:29.838 [DEBUG] [thread-id 1] - Executing function: 'unified.us.functions.utils.scrollIfNotVisible'
2025-04-28 21:33:29.838 [WARN] [thread-id 1] - variable scrollLimit was used, but r2 could not find a value for this variable. returning default of null
2025-04-28 21:33:29.839 [DEBUG] [thread-id 1] - conditionally execute a flow. condition: true
2025-04-28 21:33:30.535 [DEBUG] [thread-id 1] - Store in: store the value '7' in the variable 'scrollLimit'
2025-04-28 21:33:30.559 [DEBUG] [thread-id 1] - Scroll limit set to - 7
2025-04-28 21:33:30.560 [DEBUG] [thread-id 1] - conditionally execute a flow. condition: true
2025-04-28 21:33:31.784 [DEBUG] [thread-id 1] - conditionally execute a flow. condition: true
2025-04-28 21:33:32.482 [DEBUG] [thread-id 1] - Element already visible, scrolling is skipped
2025-04-28 21:33:32.494 [WARN] [thread-id 1] - variable scrollNeeded was used, but r2 could not find a value for this variable. returning default of null
2025-04-28 21:33:32.495 [DEBUG] [thread-id 1] - Resetting scrollPosition variable to default
2025-04-28 21:33:32.495 [DEBUG] [thread-id 1] - Store in: store the value 'null' in the variable 'scrollPosition'
2025-04-28 21:33:32.495 [DEBUG] [thread-id 1] - Store in: store the value 'null' in the variable 'identifierScope'
2025-04-28 21:33:32.496 [DEBUG] [thread-id 1] - Store in: store the value 'null' in the variable 'scrollLimit'
2025-04-28 21:33:32.496 [DEBUG] [thread-id 1] - Store in: store the value 'false' in the variable 'scrollNeeded'
2025-04-28 21:33:32.978 [DEBUG] [thread-id 1] - Click element: '//XCUIElementTypeButton[contains(@name, "Shop")]'
2025-04-28 21:33:33.474 [DEBUG] [thread-id 1] - Executing function: 'unified.us.functions.home.closeWPlusPromotionPopUpIfDisplayed'
2025-04-28 21:33:33.477 [DEBUG] [thread-id 1] - conditionally execute a flow. condition: true
2025-04-28 21:33:49.402 [DEBUG] [thread-id 1] - Executing function: 'us.functions.global.navigation.toCartFromNavBar'
2025-04-28 21:33:49.403 [DEBUG] [thread-id 1] - Store in: store the value 'Transactions' in the variable 'executionStage'
2025-04-28 21:33:51.209 [DEBUG] [thread-id 1] - Verify identifier: {//XCUIElementTypeButton[contains(@label, "Your cart")] | //XCUIElementTypeButton[(@name="SearchResultsViewController.cartButton") or (contains(@label,"Your cart contains") and contains(@label,"The estimated total is")) or (@label="Your cart is empty")]=[true]}
2025-04-28 21:33:53.267 [DEBUG] [thread-id 1] - Click element: '//XCUIElementTypeButton[contains(@label, "Your cart")] | //XCUIElementTypeButton[(@name="SearchResultsViewController.cartButton") or (contains(@label,"Your cart contains") and contains(@label,"The estimated total is")) or (@label="Your cart is empty")]'
2025-04-28 21:34:02.159 [DEBUG] [thread-id 1] - Verify identifier: {//XCUIElementTypeStaticText[@name="CartDetailsViewController.headerCartLabel"] | //XCUIElementTypeStaticText[@name="CartEmptyStateViewController.titleLabel" and not(contains(@label,"We're sorry!"))] | //XCUIElementTypeStaticText[@name="CartHeaderCellContainer"]=[true]}
2025-04-28 21:34:02.198 [DEBUG] [thread-id 1] - Executing function: 'us.functions.cart.removeAllCartItems'
2025-04-28 21:34:02.200 [DEBUG] [thread-id 1] - Store in: store the value 'true' in the variable 'optimizeCart'
2025-04-28 21:34:02.201 [DEBUG] [thread-id 1] - conditionally execute a flow. condition: true
2025-04-28 21:34:04.204 [DEBUG] [thread-id 1] - Executing function: 'us.functions.cart.removeAllCartItemsOptimizedVersion'
2025-04-28 21:34:04.206 [DEBUG] [thread-id 1] - Executing function: 'us.functions.cart.storeChangePopUp'
2025-04-28 21:34:08.277 [DEBUG] [thread-id 1] - No Store Change pop up screen displayed
2025-04-28 21:34:08.465 [DEBUG] [thread-id 1] - Executing function: 'us.functions.cart.removeAdonsNotAvailable'
2025-04-28 21:34:13.646 [DEBUG] [thread-id 1] - No remove Adons pop up screen displayed
2025-04-28 21:34:14.786 [WARN] [thread-id 1] - no element found with name //XCUIElementTypeScrollView[@name="ReviewOrderViewController.scrollView"] | //XCUIElementTypeOther[@name="CartDetailsViewController.stackView"] | //XCUIElementTypeCollectionView[@name="CartCollectionViewController.collectionView"]
2025-04-28 21:34:14.786 [DEBUG] [thread-id 1] - get number of child elements for //XCUIElementTypeScrollView[@name="ReviewOrderViewController.scrollView"] | //XCUIElementTypeOther[@name="CartDetailsViewController.stackView"] | //XCUIElementTypeCollectionView[@name="CartCollectionViewController.collectionView"]: 0
2025-04-28 21:34:16.103 [WARN] [thread-id 1] - no element found with name //XCUIElementTypeScrollView[@name="ReviewOrderViewController.scrollView"] | //XCUIElementTypeOther[@name="CartDetailsViewController.stackView"] | //XCUIElementTypeCollectionView[@name="CartCollectionViewController.collectionView"]
2025-04-28 21:34:16.104 [DEBUG] [thread-id 1] - get number of child elements for //XCUIElementTypeScrollView[@name="ReviewOrderViewController.scrollView"] | //XCUIElementTypeOther[@name="CartDetailsViewController.stackView"] | //XCUIElementTypeCollectionView[@name="CartCollectionViewController.collectionView"]: 0
2025-04-28 21:34:16.104 [DEBUG] [thread-id 1] - 0
2025-04-28 21:34:16.105 [DEBUG] [thread-id 1] - conditionally execute a flow. condition: true
2025-04-28 21:34:18.066 [DEBUG] [thread-id 1] - No Items in Cart to Remove
2025-04-28 21:34:18.256 [DEBUG] [thread-id 1] - Executing function: 'us.functions.cart.removeUnavailableItemsFromCart'
2025-04-28 21:34:28.400 [DEBUG] [thread-id 1] - Executing function: 'unified.us.functions.global.navigation.backNavigation'
2025-04-28 21:34:28.401 [DEBUG] [thread-id 1] - Global Back navigation
2025-04-28 21:34:28.401 [DEBUG] [thread-id 1] - conditionally execute a flow. condition: true
2025-04-28 21:34:32.318 [DEBUG] [thread-id 1] - conditionally execute a flow. condition: true
2025-04-28 21:34:39.238 [DEBUG] [thread-id 1] - Click element: '//XCUIElementTypeButton[@name="Back" or @label="Back"] | //XCUIElementTypeNavigationBar[@name="Cart"]/XCUIElementTypeButton[contains(@name,"Search")] | //XCUIElementTypeNavigationBar/XCUIElementTypeButton[not(contains(@label,"cart"))]'
2025-04-28 21:34:40.264 [DEBUG] [thread-id 1] - R2_SUBFLOW_TRANSACTION
2025-04-28 21:34:40.265 [DEBUG] [thread-id 1] - Executing function: 'unified.us.functions.global.navigation.goToServicesFromTabBar'
2025-04-28 21:34:40.266 [DEBUG] [thread-id 1] - Store in: store the value 'Pre-transactions' in the variable 'executionStage'
2025-04-28 21:34:40.266 [DEBUG] [thread-id 1] - Navigate to service via tab bar
2025-04-28 21:34:43.333 [DEBUG] [thread-id 1] - Verify identifier: {Services=[true]}
2025-04-28 21:34:43.333 [WARN] [thread-id 1] - variable doubleClick was used, but r2 could not find a value for this variable. returning default of null
2025-04-28 21:34:43.333 [DEBUG] [thread-id 1] - conditionally execute a flow. condition: false
2025-04-28 21:34:46.133 [DEBUG] [thread-id 1] - Click element: 'Services'
2025-04-28 21:34:47.513 [DEBUG] [thread-id 1] - sleep:  5000 milliseconds
2025-04-28 21:34:52.520 [DEBUG] [thread-id 1] - Executing function: 'unified.us.functions.services.handleJoinOnePopup'
2025-04-28 21:34:58.623 [DEBUG] [thread-id 1] - No Join one popup displayed
2025-04-28 21:34:58.640 [DEBUG] [thread-id 1] - Executing function: 'unified.us.functions.services.goWalmartLive'
2025-04-28 21:34:58.640 [DEBUG] [thread-id 1] - Go to Walmart Live
2025-04-28 21:34:58.641 [DEBUG] [thread-id 1] - Executing function: 'unified.us.functions.global.navigation.goToDeepLink'
2025-04-28 21:34:58.641 [DEBUG] [thread-id 1] - Store in: store the value 'Post-transactions' in the variable 'executionStage'
2025-04-28 21:34:58.641 [DEBUG] [thread-id 1] - Open deep link
2025-04-28 21:34:58.641 [DEBUG] [thread-id 1] - walmart://live
2025-04-28 21:34:58.642 [DEBUG] [thread-id 1] - Verify value of: '$deepLinkUrl'
2025-04-28 21:34:58.642 [DEBUG] [thread-id 1] - Open link: 'walmart://live'
2025-04-28 21:35:01.928 [DEBUG] [thread-id 1] - conditionally execute a flow. condition: true
2025-04-28 21:35:02.625 [DEBUG] [thread-id 1] - Executing function: 'unified.us.functions.global.navigation.openDeepLink'
2025-04-28 21:35:04.038 [DEBUG] [thread-id 1] - Deeplink pop up not displayed
2025-04-28 21:35:04.048 [DEBUG] [thread-id 1] - sleep:  5000 milliseconds
2025-04-28 21:35:09.054 [DEBUG] [thread-id 1] - Executing function: 'unified.us.functions.walmartlive.browseAllFromRixbbonBar'
2025-04-28 21:35:09.057 [DEBUG] [thread-id 1] - click on browser all from top bar
2025-04-28 21:35:10.737 [DEBUG] [thread-id 1] - Verify identifier: {//XCUIElementTypeButton[@name="Share"]=[true], //XCUIElementTypeCollectionView[@name="LiveDiscoverViewController.collectionView"]//XCUIElementTypeImage=[true], //XCUIElementTypeCollectionView[@name="LiveDiscoverViewController.collectionView"]/XCUIElementTypeScrollView[1]/XCUIElementTypeCell/XCUIElementTypeOther[2]/XCUIElementTypeCollectionView=[true]}
2025-04-28 21:35:10.738 [DEBUG] [thread-id 1] - Scroll: left
2025-04-28 21:35:28.029 [DEBUG] [thread-id 1] - Verify identifier: {//XCUIElementTypeButton[@name="Browse all"]=[true]}
2025-04-28 21:35:28.577 [DEBUG] [thread-id 1] - Click element: '//XCUIElementTypeButton[@name="Browse all"]'
2025-04-28 21:35:30.570 [DEBUG] [thread-id 1] - Verify identifier: {//XCUIElementTypeCollectionView[@name="LiveBrowseAllViewController.collectionView"]/XCUIElementTypeScrollView=[true]}
2025-04-28 21:35:30.571 [DEBUG] [thread-id 1] - Executing function: 'unified.us.functions.walmartlive.selectViewAllForFirstCategorty'
2025-04-28 21:35:30.571 [DEBUG] [thread-id 1] - first view all
2025-04-28 21:35:30.993 [DEBUG] [thread-id 1] - Click element: '(//XCUIElementTypeStaticText[@name="View all"])[1]'
2025-04-28 21:35:33.524 [DEBUG] [thread-id 1] - conditionally execute a flow. condition: true
2025-04-28 21:35:34.282 [DEBUG] [thread-id 1] - Click element: '(//XCUIElementTypeButton[@name="Navigate to video player page"])[1]'
2025-04-28 21:35:34.737 [DEBUG] [thread-id 1] - Executing function: 'unified.us.function.walmartlive.findFirstItemUnderLiveVideoAndATC'
2025-04-28 21:35:36.070 [DEBUG] [thread-id 1] - Verify identifier: {//XCUIElementTypeOther[@name="LiveStreamVideoPlayerItemViewController.videoView"]=[true], LiveStreamVideoPlayerItemViewController.itemCarouselCollectionView=[true]}
2025-04-28 21:35:36.071 [DEBUG] [thread-id 1] - Verify Shows Page
2025-04-28 21:35:36.315 [DEBUG] [thread-id 1] - Verify identifier: {//XCUIElementTypeOther[@name="LiveStreamVideoPlayerItemViewController.videoView"]=[true]}
2025-04-28 21:35:36.315 [DEBUG] [thread-id 1] - verify unable to play video in shows page or not
2025-04-28 21:35:36.556 [DEBUG] [thread-id 1] - conditionally execute a flow. condition: true
2025-04-28 21:35:57.442 [DEBUG] [thread-id 1] - Main failed: ENV_FAILURE - production - Unable to load page
2025-04-28 21:35:58.390 [DEBUG] [thread-id 1] - Executing scenario: 'After'
2025-04-28 21:35:58.391 [DEBUG] [thread-id 1] - Executing function: 'unified.us.functions.utils.afterSteps'
2025-04-28 21:35:58.391 [WARN] [thread-id 1] - variable testStatus was used, but r2 could not find a value for this variable. returning default of null
2025-04-28 21:35:58.392 [DEBUG] [thread-id 1] - conditionally execute a flow. condition: false
2025-04-28 21:35:58.855 [DEBUG] [thread-id 1] - Test failed
2025-04-28 21:36:01.902 [DEBUG] [thread-id 1] - Created report: /Users/m0k0a2f/glass-automation/report/index.html
2025-04-28 21:38:18.231 [DEBUG] [thread-id 1] - Executing R2 4.0.2: '/Users/m0k0a2f/glass-automation/us/unified-e2e-tests/test-scripts/wlive-flows/production/C2713648-user-selects-video-and-add-items-from-browse-all-page.yaml' on device: 'iPhone 15'
2025-04-28 21:40:38.225 [DEBUG] [thread-id 1] - Executing scenario: 'Before'
2025-04-28 21:40:38.228 [DEBUG] [thread-id 1] - Executing function: 'us.function.utils.getEnvironmentValue'
2025-04-28 21:40:38.229 [DEBUG] [thread-id 1] - Store in: store the value 'Onboarding' in the variable 'executionStage'
2025-04-28 21:40:38.230 [DEBUG] [thread-id 1] - Store in: store the value 'production' in the variable 'env'
2025-04-28 21:40:38.230 [DEBUG] [thread-id 1] - Timestamp: 1745901638230
2025-04-28 21:40:38.231 [DEBUG] [thread-id 1] - Executing function: 'functions.utils.setPlatformInfo'
2025-04-28 21:40:38.232 [DEBUG] [thread-id 1] - Store in: store the value 'Onboarding' in the variable 'executionStage'
2025-04-28 21:40:38.234 [WARN] [thread-id 1] - variable dependencies.general.appPackage was used, but r2 could not find a value for this variable. returning default of null
2025-04-28 21:40:38.234 [DEBUG] [thread-id 1] - Store in: store the value 'null' in the variable 'appPackage'
2025-04-28 21:40:38.244 [DEBUG] [thread-id 1] - conditionally execute a flow. condition: true
2025-04-28 21:40:38.465 [DEBUG] [thread-id 1] - Store in: store the value 'iOS' in the variable 'platform'
2025-04-28 21:40:38.474 [DEBUG] [thread-id 1] - R2_SUBFLOW_PRE_TRANSACTION
2025-04-28 21:40:38.939 [DEBUG] [thread-id 1] - Using us-errors-helpers.yaml
2025-04-28 21:40:39.384 [DEBUG] [thread-id 1] - Start Main
2025-04-28 21:40:39.384 [DEBUG] [thread-id 1] - Executing function: 'unified.us.functions.global.onboarding.navigateOnboardingToHome'
2025-04-28 21:40:39.385 [DEBUG] [thread-id 1] - Store in: store the value 'onboarding' in the variable 'executionStage'
2025-04-28 21:40:39.385 [DEBUG] [thread-id 1] - Welcome screen loaded
2025-04-28 21:40:39.389 [DEBUG] [thread-id 1] - conditionally execute a flow. condition: true
2025-04-28 21:40:39.623 [DEBUG] [thread-id 1] - Verify identifier: {cta.cancel.welcome=[true]}
2025-04-28 21:40:39.848 [DEBUG] [thread-id 1] - Store in: store the value 'true' in the variable 'testStarted'
2025-04-28 21:40:40.295 [DEBUG] [thread-id 1] - Click element: 'cta.cancel.welcome'
2025-04-28 21:40:41.262 [DEBUG] [thread-id 1] - Notifiction Prompt screen loaded
2025-04-28 21:40:41.540 [DEBUG] [thread-id 1] - Verify identifier: {NotificationPermissionViewController.titleLabel=[true]}
2025-04-28 21:40:41.770 [WARN] [thread-id 1] - variable allowNotifications was used, but r2 could not find a value for this variable. returning default of null
2025-04-28 21:40:41.770 [DEBUG] [thread-id 1] - conditionally execute a flow. condition: false
2025-04-28 21:40:44.046 [DEBUG] [thread-id 1] - Click element: 'cta.cancel.notifications'
2025-04-28 21:40:44.489 [DEBUG] [thread-id 1] - location screen loaded
2025-04-28 21:40:44.787 [DEBUG] [thread-id 1] - Verify identifier: {LocationPermissionViewController.titleLabel=[true]}
2025-04-28 21:40:44.787 [DEBUG] [thread-id 1] - Store in: store the value 'true' in the variable 'testStarted'
2025-04-28 21:40:44.833 [DEBUG] [thread-id 1] - Click element: 'Enter zip code'
2025-04-28 21:40:45.585 [DEBUG] [thread-id 1] - Verify identifier: {label.postal-code-entry=[true]}
2025-04-28 21:40:45.585 [DEBUG] [thread-id 1] - sleep:  2000 milliseconds
2025-04-28 21:40:47.645 [DEBUG] [thread-id 1] - Enter text: '95122'
2025-04-28 21:40:49.849 [DEBUG] [thread-id 1] - Click element: 'cta.continue'
2025-04-28 21:40:50.398 [DEBUG] [thread-id 1] - sleep:  3000 milliseconds
2025-04-28 21:41:03.538 [DEBUG] [thread-id 1] - Executing function: 'unified.us.functions.home.handlePersonalizedScreen'
2025-04-28 21:41:03.756 [DEBUG] [thread-id 1] - conditionally execute a flow. condition: true
2025-04-28 21:41:03.982 [DEBUG] [thread-id 1] - Observed Personalize Shopping Screen
2025-04-28 21:41:04.219 [DEBUG] [thread-id 1] - Verify identifier: {ATTPermissionViewController.bodyLabel=[true]}
2025-04-28 21:41:04.786 [DEBUG] [thread-id 1] - conditionally execute a flow. condition: true
2025-04-28 21:41:05.068 [DEBUG] [thread-id 1] - Click element: 'cta.continue.location'
2025-04-28 21:41:10.840 [DEBUG] [thread-id 1] - Personalized Shopping Experience Screen Handled.
2025-04-28 21:41:23.682 [DEBUG] [thread-id 1] - Executing function: 'unified.us.functions.home.toolTip'
2025-04-28 21:41:25.096 [DEBUG] [thread-id 1] - conditionally execute a flow. condition: true
2025-04-28 21:41:27.460 [DEBUG] [thread-id 1] - tooltip displayed
2025-04-28 21:41:32.270 [DEBUG] [thread-id 1] - conditionally execute a flow. condition: true
2025-04-28 21:41:34.694 [DEBUG] [thread-id 1] - Tool close button displayed
2025-04-28 21:41:34.911 [DEBUG] [thread-id 1] - Executing function: 'unified.us.functions.gic.collapseIfExpanded'
2025-04-28 21:41:41.037 [DEBUG] [thread-id 1] - GIC already collapsed
2025-04-28 21:41:43.396 [DEBUG] [thread-id 1] - Verify identifier: {Search Walmart=[true]}
2025-04-28 21:41:43.396 [DEBUG] [thread-id 1] - Executing function: 'unified.us.functions.home.navigateHomeToSignIn'
2025-04-28 21:41:43.397 [DEBUG] [thread-id 1] - Store in: store the value 'Pre-transactions' in the variable 'executionStage'
2025-04-28 21:41:44.973 [DEBUG] [thread-id 1] - Click element: '//XCUIElementTypeButton[@name="Account"] | Account'
2025-04-28 21:41:46.993 [DEBUG] [thread-id 1] - Verify identifier: {//XCUIElementTypeButton[@name="SignInYourAccountTableViewCell.signInButton"] | //XCUIElementTypeButton[@name="SignInYourAccountView.signInButton"]=[true]}
2025-04-28 21:41:47.304 [DEBUG] [thread-id 1] - Click element: '//XCUIElementTypeButton[@name="SignInYourAccountTableViewCell.signInButton"] | //XCUIElementTypeButton[@name="SignInYourAccountView.signInButton"]'
2025-04-28 21:41:49.249 [DEBUG] [thread-id 1] - conditionally execute a flow. condition: true
2025-04-28 21:41:50.541 [DEBUG] [thread-id 1] - Store in: store the value 'true' in the variable 'signInValidated'
2025-04-28 21:41:50.554 [DEBUG] [thread-id 1] - conditionally execute a flow. condition: true
2025-04-28 21:41:51.783 [DEBUG] [thread-id 1] - SignIn page loaded
2025-04-28 21:41:53.077 [DEBUG] [thread-id 1] - Store in: store the value 'false' in the variable 'signInValidated'
2025-04-28 21:41:53.092 [DEBUG] [thread-id 1] - Executing function: 'unified.us.functions.global.authentication.signInAccountWithParams'
2025-04-28 21:41:53.092 [DEBUG] [thread-id 1] - Store in: store the value 'Pre-transactions' in the variable 'executionStage'
2025-04-28 21:41:53.093 [DEBUG] [thread-id 1] - Executing function: 'unified.us.functions.authentication.signInInfo'
2025-04-28 21:41:53.094 [DEBUG] [thread-id 1] - conditionally execute a flow. condition: true
2025-04-28 21:41:54.335 [DEBUG] [thread-id 1] - Store in: store the value 'e2e.ios.prod.browse.walmartlive@cloudtest.org' in the variable 'email'
2025-04-28 21:41:55.635 [DEBUG] [thread-id 1] - Store in: store the value 'E2epassword$' in the variable 'password'
2025-04-28 21:41:55.645 [DEBUG] [thread-id 1] - Executing function: 'unified.us.functions.global.authentication.signInAccount'
2025-04-28 21:41:55.645 [DEBUG] [thread-id 1] - conditionally execute a flow. condition: true
2025-04-28 21:42:09.378 [DEBUG] [thread-id 1] - Verify identifier: {TextFieldStackView.containerStackView=[true]}
2025-04-28 21:42:09.539 [DEBUG] [thread-id 1] - Enter text: 'e2e.ios.prod.browse.walmartlive@cloudtest.org'
2025-04-28 21:42:14.715 [DEBUG] [thread-id 1] - Click element: 'WelcomeView.ctaButton'
2025-04-28 21:42:15.542 [DEBUG] [thread-id 1] - sleep:  2000 milliseconds
2025-04-28 21:42:18.217 [DEBUG] [thread-id 1] - conditionally execute a flow. condition: true
2025-04-28 21:42:19.580 [DEBUG] [thread-id 1] - Entered Email Successfully
2025-04-28 21:42:21.031 [DEBUG] [thread-id 1] - conditionally execute a flow. condition: true
2025-04-28 21:42:22.668 [DEBUG] [thread-id 1] - Click element: 'AuthChoiceView.passwordStackView'
2025-04-28 21:42:24.891 [DEBUG] [thread-id 1] - Selected Password Option to Login
2025-04-28 21:42:24.969 [DEBUG] [thread-id 1] - Verify identifier: {TextFieldStackView.textField=[true]}
2025-04-28 21:42:25.145 [DEBUG] [thread-id 1] - Enter text: 'E2epassword$'
2025-04-28 21:42:32.170 [DEBUG] [thread-id 1] - Click element: 'AuthChoiceView.ctaButton'
2025-04-28 21:42:53.777 [DEBUG] [thread-id 1] - conditionally execute a flow. condition: true
2025-04-28 21:42:54.511 [DEBUG] [thread-id 1] - sleep:  2000 milliseconds
2025-04-28 21:43:07.669 [DEBUG] [thread-id 1] - Executing function: 'unified.us.functions.utils.handleCartMergePopup'
2025-04-28 21:43:28.528 [DEBUG] [thread-id 1] - No Technical Error Page observed
2025-04-28 21:43:28.537 [DEBUG] [thread-id 1] - Executing function: 'unified.us.functions.home.toolTip'
2025-04-28 21:43:38.829 [DEBUG] [thread-id 1] - Executing function: 'unified.us.functions.global.navigation.accountToHome'
2025-04-28 21:43:38.831 [DEBUG] [thread-id 1] - Executing function: 'unified.us.functions.global.navigation.toTab'
2025-04-28 21:43:38.831 [DEBUG] [thread-id 1] - Executing function: 'unified.us.functions.utils.scrollIfNotVisible'
2025-04-28 21:43:38.832 [WARN] [thread-id 1] - variable scrollLimit was used, but r2 could not find a value for this variable. returning default of null
2025-04-28 21:43:38.832 [DEBUG] [thread-id 1] - conditionally execute a flow. condition: true
2025-04-28 21:43:39.590 [DEBUG] [thread-id 1] - Store in: store the value '7' in the variable 'scrollLimit'
2025-04-28 21:43:39.604 [DEBUG] [thread-id 1] - Scroll limit set to - 7
2025-04-28 21:43:39.604 [DEBUG] [thread-id 1] - conditionally execute a flow. condition: true
2025-04-28 21:43:40.838 [DEBUG] [thread-id 1] - conditionally execute a flow. condition: true
2025-04-28 21:43:41.549 [DEBUG] [thread-id 1] - Element already visible, scrolling is skipped
2025-04-28 21:43:41.592 [WARN] [thread-id 1] - variable scrollNeeded was used, but r2 could not find a value for this variable. returning default of null
2025-04-28 21:43:41.592 [DEBUG] [thread-id 1] - Resetting scrollPosition variable to default
2025-04-28 21:43:41.593 [DEBUG] [thread-id 1] - Store in: store the value 'null' in the variable 'scrollPosition'
2025-04-28 21:43:41.594 [DEBUG] [thread-id 1] - Store in: store the value 'null' in the variable 'identifierScope'
2025-04-28 21:43:41.595 [DEBUG] [thread-id 1] - Store in: store the value 'null' in the variable 'scrollLimit'
2025-04-28 21:43:41.596 [DEBUG] [thread-id 1] - Store in: store the value 'false' in the variable 'scrollNeeded'
2025-04-28 21:43:42.050 [DEBUG] [thread-id 1] - Click element: '//XCUIElementTypeButton[contains(@name, "Shop")]'
2025-04-28 21:43:42.534 [DEBUG] [thread-id 1] - Executing function: 'unified.us.functions.home.closeWPlusPromotionPopUpIfDisplayed'
2025-04-28 21:43:42.536 [DEBUG] [thread-id 1] - conditionally execute a flow. condition: true
2025-04-28 21:43:58.112 [DEBUG] [thread-id 1] - Executing function: 'us.functions.global.navigation.toCartFromNavBar'
2025-04-28 21:43:58.113 [DEBUG] [thread-id 1] - Store in: store the value 'Transactions' in the variable 'executionStage'
2025-04-28 21:43:59.866 [DEBUG] [thread-id 1] - Verify identifier: {//XCUIElementTypeButton[contains(@label, "Your cart")] | //XCUIElementTypeButton[(@name="SearchResultsViewController.cartButton") or (contains(@label,"Your cart contains") and contains(@label,"The estimated total is")) or (@label="Your cart is empty")]=[true]}
2025-04-28 21:44:01.863 [DEBUG] [thread-id 1] - Click element: '//XCUIElementTypeButton[contains(@label, "Your cart")] | //XCUIElementTypeButton[(@name="SearchResultsViewController.cartButton") or (contains(@label,"Your cart contains") and contains(@label,"The estimated total is")) or (@label="Your cart is empty")]'
2025-04-28 21:44:10.917 [DEBUG] [thread-id 1] - Verify identifier: {//XCUIElementTypeStaticText[@name="CartDetailsViewController.headerCartLabel"] | //XCUIElementTypeStaticText[@name="CartEmptyStateViewController.titleLabel" and not(contains(@label,"We're sorry!"))] | //XCUIElementTypeStaticText[@name="CartHeaderCellContainer"]=[true]}
2025-04-28 21:44:10.951 [DEBUG] [thread-id 1] - Executing function: 'us.functions.cart.removeAllCartItems'
2025-04-28 21:44:10.953 [DEBUG] [thread-id 1] - Store in: store the value 'true' in the variable 'optimizeCart'
2025-04-28 21:44:10.953 [DEBUG] [thread-id 1] - conditionally execute a flow. condition: true
2025-04-28 21:44:12.955 [DEBUG] [thread-id 1] - Executing function: 'us.functions.cart.removeAllCartItemsOptimizedVersion'
2025-04-28 21:44:12.955 [DEBUG] [thread-id 1] - Executing function: 'us.functions.cart.storeChangePopUp'
2025-04-28 21:44:17.096 [DEBUG] [thread-id 1] - No Store Change pop up screen displayed
2025-04-28 21:44:17.276 [DEBUG] [thread-id 1] - Executing function: 'us.functions.cart.removeAdonsNotAvailable'
2025-04-28 21:44:22.492 [DEBUG] [thread-id 1] - No remove Adons pop up screen displayed
2025-04-28 21:44:23.822 [WARN] [thread-id 1] - no element found with name //XCUIElementTypeScrollView[@name="ReviewOrderViewController.scrollView"] | //XCUIElementTypeOther[@name="CartDetailsViewController.stackView"] | //XCUIElementTypeCollectionView[@name="CartCollectionViewController.collectionView"]
2025-04-28 21:44:23.822 [DEBUG] [thread-id 1] - get number of child elements for //XCUIElementTypeScrollView[@name="ReviewOrderViewController.scrollView"] | //XCUIElementTypeOther[@name="CartDetailsViewController.stackView"] | //XCUIElementTypeCollectionView[@name="CartCollectionViewController.collectionView"]: 0
2025-04-28 21:44:24.968 [WARN] [thread-id 1] - no element found with name //XCUIElementTypeScrollView[@name="ReviewOrderViewController.scrollView"] | //XCUIElementTypeOther[@name="CartDetailsViewController.stackView"] | //XCUIElementTypeCollectionView[@name="CartCollectionViewController.collectionView"]
2025-04-28 21:44:24.968 [DEBUG] [thread-id 1] - get number of child elements for //XCUIElementTypeScrollView[@name="ReviewOrderViewController.scrollView"] | //XCUIElementTypeOther[@name="CartDetailsViewController.stackView"] | //XCUIElementTypeCollectionView[@name="CartCollectionViewController.collectionView"]: 0
2025-04-28 21:44:24.969 [DEBUG] [thread-id 1] - 0
2025-04-28 21:44:24.970 [DEBUG] [thread-id 1] - conditionally execute a flow. condition: true
2025-04-28 21:44:27.189 [DEBUG] [thread-id 1] - No Items in Cart to Remove
2025-04-28 21:44:27.422 [DEBUG] [thread-id 1] - Executing function: 'us.functions.cart.removeUnavailableItemsFromCart'
2025-04-28 21:44:37.912 [DEBUG] [thread-id 1] - Executing function: 'unified.us.functions.global.navigation.backNavigation'
2025-04-28 21:44:37.912 [DEBUG] [thread-id 1] - Global Back navigation
2025-04-28 21:44:37.913 [DEBUG] [thread-id 1] - conditionally execute a flow. condition: true
2025-04-28 21:44:41.880 [DEBUG] [thread-id 1] - conditionally execute a flow. condition: true
2025-04-28 21:44:48.850 [DEBUG] [thread-id 1] - Click element: '//XCUIElementTypeButton[@name="Back" or @label="Back"] | //XCUIElementTypeNavigationBar[@name="Cart"]/XCUIElementTypeButton[contains(@name,"Search")] | //XCUIElementTypeNavigationBar/XCUIElementTypeButton[not(contains(@label,"cart"))]'
2025-04-28 21:44:49.886 [DEBUG] [thread-id 1] - R2_SUBFLOW_TRANSACTION
2025-04-28 21:44:49.887 [DEBUG] [thread-id 1] - Executing function: 'unified.us.functions.global.navigation.goToServicesFromTabBar'
2025-04-28 21:44:49.887 [DEBUG] [thread-id 1] - Store in: store the value 'Pre-transactions' in the variable 'executionStage'
2025-04-28 21:44:49.888 [DEBUG] [thread-id 1] - Navigate to service via tab bar
2025-04-28 21:44:52.801 [DEBUG] [thread-id 1] - Verify identifier: {Services=[true]}
2025-04-28 21:44:52.802 [WARN] [thread-id 1] - variable doubleClick was used, but r2 could not find a value for this variable. returning default of null
2025-04-28 21:44:52.802 [DEBUG] [thread-id 1] - conditionally execute a flow. condition: false
2025-04-28 21:44:55.766 [DEBUG] [thread-id 1] - Click element: 'Services'
2025-04-28 21:44:57.166 [DEBUG] [thread-id 1] - sleep:  5000 milliseconds
2025-04-28 21:45:02.177 [DEBUG] [thread-id 1] - Executing function: 'unified.us.functions.services.handleJoinOnePopup'
2025-04-28 21:45:08.534 [DEBUG] [thread-id 1] - No Join one popup displayed
2025-04-28 21:45:08.568 [DEBUG] [thread-id 1] - Executing function: 'unified.us.functions.services.goWalmartLive'
2025-04-28 21:45:08.571 [DEBUG] [thread-id 1] - Go to Walmart Live
2025-04-28 21:45:08.572 [DEBUG] [thread-id 1] - Executing function: 'unified.us.functions.global.navigation.goToDeepLink'
2025-04-28 21:45:08.573 [DEBUG] [thread-id 1] - Store in: store the value 'Post-transactions' in the variable 'executionStage'
2025-04-28 21:45:08.573 [DEBUG] [thread-id 1] - Open deep link
2025-04-28 21:45:08.574 [DEBUG] [thread-id 1] - walmart://live
2025-04-28 21:45:08.574 [DEBUG] [thread-id 1] - Verify value of: '$deepLinkUrl'
2025-04-28 21:45:08.574 [DEBUG] [thread-id 1] - Open link: 'walmart://live'
2025-04-28 21:45:10.480 [DEBUG] [thread-id 1] - conditionally execute a flow. condition: true
2025-04-28 21:45:11.471 [DEBUG] [thread-id 1] - Executing function: 'unified.us.functions.global.navigation.openDeepLink'
2025-04-28 21:45:13.022 [DEBUG] [thread-id 1] - Deeplink pop up not displayed
2025-04-28 21:45:13.038 [DEBUG] [thread-id 1] - sleep:  5000 milliseconds
2025-04-28 21:45:18.051 [DEBUG] [thread-id 1] - Executing function: 'unified.us.functions.walmartlive.browseAllFromRixbbonBar'
2025-04-28 21:45:18.052 [DEBUG] [thread-id 1] - click on browser all from top bar
2025-04-28 21:45:19.642 [DEBUG] [thread-id 1] - Verify identifier: {//XCUIElementTypeButton[@name="Share"]=[true], //XCUIElementTypeCollectionView[@name="LiveDiscoverViewController.collectionView"]//XCUIElementTypeImage=[true], //XCUIElementTypeCollectionView[@name="LiveDiscoverViewController.collectionView"]/XCUIElementTypeScrollView[1]/XCUIElementTypeCell/XCUIElementTypeOther[2]/XCUIElementTypeCollectionView=[true]}
2025-04-28 21:45:19.643 [DEBUG] [thread-id 1] - Scroll: left
2025-04-28 21:45:36.775 [DEBUG] [thread-id 1] - Verify identifier: {//XCUIElementTypeButton[@name="Browse all"]=[true]}
2025-04-28 21:45:37.210 [DEBUG] [thread-id 1] - Click element: '//XCUIElementTypeButton[@name="Browse all"]'
2025-04-28 21:45:39.286 [DEBUG] [thread-id 1] - Verify identifier: {//XCUIElementTypeCollectionView[@name="LiveBrowseAllViewController.collectionView"]/XCUIElementTypeScrollView=[true]}
2025-04-28 21:45:39.287 [DEBUG] [thread-id 1] - Executing function: 'unified.us.functions.walmartlive.selectViewAllForFirstCategorty'
2025-04-28 21:45:39.287 [DEBUG] [thread-id 1] - first view all
2025-04-28 21:45:39.694 [DEBUG] [thread-id 1] - Click element: '(//XCUIElementTypeStaticText[@name="View all"])[1]'
2025-04-28 21:45:42.099 [DEBUG] [thread-id 1] - conditionally execute a flow. condition: true
2025-04-28 21:45:42.877 [DEBUG] [thread-id 1] - Click element: '(//XCUIElementTypeButton[@name="Navigate to video player page"])[1]'
2025-04-28 21:45:43.335 [DEBUG] [thread-id 1] - Executing function: 'unified.us.function.walmartlive.findFirstItemUnderLiveVideoAndATC'
2025-04-28 21:45:44.803 [DEBUG] [thread-id 1] - Verify identifier: {//XCUIElementTypeOther[@name="LiveStreamVideoPlayerItemViewController.videoView"]=[true], LiveStreamVideoPlayerItemViewController.itemCarouselCollectionView=[true]}
2025-04-28 21:45:44.804 [DEBUG] [thread-id 1] - Verify Shows Page
2025-04-28 21:45:45.047 [DEBUG] [thread-id 1] - Verify identifier: {//XCUIElementTypeOther[@name="LiveStreamVideoPlayerItemViewController.videoView"]=[true]}
2025-04-28 21:45:45.047 [DEBUG] [thread-id 1] - verify unable to play video in shows page or not
2025-04-28 21:45:45.291 [DEBUG] [thread-id 1] - conditionally execute a flow. condition: true
2025-04-28 21:46:05.994 [DEBUG] [thread-id 1] - Main failed: ENV_FAILURE - production - Unable to load page
2025-04-28 21:46:06.971 [DEBUG] [thread-id 1] - Executing scenario: 'After'
2025-04-28 21:46:06.972 [DEBUG] [thread-id 1] - Executing function: 'unified.us.functions.utils.afterSteps'
2025-04-28 21:46:06.972 [WARN] [thread-id 1] - variable testStatus was used, but r2 could not find a value for this variable. returning default of null
2025-04-28 21:46:06.972 [DEBUG] [thread-id 1] - conditionally execute a flow. condition: false
2025-04-28 21:46:07.447 [DEBUG] [thread-id 1] - Test failed
2025-04-28 21:46:10.506 [DEBUG] [thread-id 1] - Created report: /Users/m0k0a2f/glass-automation/report/index.html
