2024-09-09 16:42:17.540 [ERROR] [thread-id 1] - com.walmartlabs.exception.TestsNotExecutedException: Cannot find tags or tests with name: C2657237
2024-09-09 16:51:05.181 [ERROR] [thread-id 1] - com.walmartlabs.exception.TestsNotExecutedException: Cannot find tags or tests with name: C2657237
