2025-03-24 07:00:33.171 [DEBUG] [thread-id 1] - Executing R2 4.0.2: '/Users/m0k0a2f/glass-automation/us/unified-e2e-tests/test-scripts/vision-flows/production/C2707320-multiple-prescription-and-patients-with-same-lense-and-frame.yaml' on device: 'iPhone 15'
2025-03-24 07:04:27.908 [DEBUG] [thread-id 1] - Executing scenario: 'Before'
2025-03-24 07:04:27.911 [DEBUG] [thread-id 1] - Execute before steps
2025-03-24 07:04:27.916 [DEBUG] [thread-id 1] - Executing function: 'us.function.utils.getEnvironmentValue'
2025-03-24 07:04:27.917 [DEBUG] [thread-id 1] - Store in: store the value 'Onboarding' in the variable 'executionStage'
2025-03-24 07:04:27.918 [DEBUG] [thread-id 1] - Store in: store the value 'production' in the variable 'env'
2025-03-24 07:04:27.919 [DEBUG] [thread-id 1] - Timestamp: 1742825067919
2025-03-24 07:04:27.920 [DEBUG] [thread-id 1] - Executing function: 'functions.utils.setPlatformInfo'
2025-03-24 07:04:27.920 [DEBUG] [thread-id 1] - Store in: store the value 'Onboarding' in the variable 'executionStage'
2025-03-24 07:04:27.923 [WARN] [thread-id 1] - variable dependencies.general.appPackage was used, but r2 could not find a value for this variable. returning default of null
2025-03-24 07:04:27.924 [DEBUG] [thread-id 1] - Store in: store the value 'null' in the variable 'appPackage'
2025-03-24 07:04:27.943 [DEBUG] [thread-id 1] - conditionally execute a flow. condition: true
2025-03-24 07:04:28.211 [DEBUG] [thread-id 1] - Store in: store the value 'iOS' in the variable 'platform'
2025-03-24 07:04:28.221 [DEBUG] [thread-id 1] - R2_SUBFLOW_PRE_TRANSACTION
2025-03-24 07:04:28.775 [DEBUG] [thread-id 1] - Using us-errors-helpers.yaml
2025-03-24 07:04:29.302 [DEBUG] [thread-id 1] - Start main
2025-03-24 07:04:29.303 [DEBUG] [thread-id 1] - Executing function: 'unified.us.functions.global.onboarding.navigateOnboardingToHome'
2025-03-24 07:04:29.304 [DEBUG] [thread-id 1] - Store in: store the value 'onboarding' in the variable 'executionStage'
2025-03-24 07:04:29.305 [DEBUG] [thread-id 1] - Welcome screen loaded
2025-03-24 07:04:29.310 [DEBUG] [thread-id 1] - conditionally execute a flow. condition: true
2025-03-24 07:04:29.572 [DEBUG] [thread-id 1] - Verify identifier: {cta.cancel.welcome=[true]}
2025-03-24 07:04:29.840 [DEBUG] [thread-id 1] - Store in: store the value 'true' in the variable 'testStarted'
2025-03-24 07:04:30.351 [DEBUG] [thread-id 1] - Click element: 'cta.cancel.welcome'
2025-03-24 07:04:31.443 [DEBUG] [thread-id 1] - Notifiction Prompt screen loaded
2025-03-24 07:04:31.763 [DEBUG] [thread-id 1] - Verify identifier: {NotificationPermissionViewController.titleLabel=[true]}
2025-03-24 07:04:32.033 [WARN] [thread-id 1] - variable allowNotifications was used, but r2 could not find a value for this variable. returning default of null
2025-03-24 07:04:32.034 [DEBUG] [thread-id 1] - conditionally execute a flow. condition: false
2025-03-24 07:04:34.364 [DEBUG] [thread-id 1] - Click element: 'cta.cancel.notifications'
2025-03-24 07:04:34.870 [DEBUG] [thread-id 1] - location screen loaded
2025-03-24 07:04:35.188 [DEBUG] [thread-id 1] - Verify identifier: {LocationPermissionViewController.titleLabel=[true]}
2025-03-24 07:04:35.188 [DEBUG] [thread-id 1] - Store in: store the value 'true' in the variable 'testStarted'
2025-03-24 07:04:35.258 [DEBUG] [thread-id 1] - Click element: 'Enter zip code'
2025-03-24 07:04:36.056 [DEBUG] [thread-id 1] - Verify identifier: {label.postal-code-entry=[true]}
2025-03-24 07:04:36.057 [DEBUG] [thread-id 1] - sleep:  2000 milliseconds
2025-03-24 07:04:38.131 [DEBUG] [thread-id 1] - Enter text: '95122'
2025-03-24 07:04:42.754 [DEBUG] [thread-id 1] - Click element: 'cta.continue'
2025-03-24 07:04:43.303 [DEBUG] [thread-id 1] - sleep:  3000 milliseconds
2025-03-24 07:04:56.439 [DEBUG] [thread-id 1] - Executing function: 'unified.us.functions.home.handlePersonalizedScreen'
2025-03-24 07:04:56.705 [DEBUG] [thread-id 1] - conditionally execute a flow. condition: true
2025-03-24 07:04:56.974 [DEBUG] [thread-id 1] - Observed Personalize Shopping Screen
2025-03-24 07:04:57.252 [DEBUG] [thread-id 1] - Verify identifier: {ATTPermissionViewController.bodyLabel=[true]}
2025-03-24 07:04:57.809 [DEBUG] [thread-id 1] - conditionally execute a flow. condition: true
2025-03-24 07:04:58.123 [DEBUG] [thread-id 1] - Click element: 'cta.continue.location'
2025-03-24 07:05:04.894 [DEBUG] [thread-id 1] - Personalized Shopping Experience Screen Handled.
2025-03-24 07:05:16.503 [DEBUG] [thread-id 1] - Executing function: 'unified.us.functions.gic.collapseIfExpanded'
2025-03-24 07:05:24.224 [DEBUG] [thread-id 1] - GIC already collapsed
2025-03-24 07:05:27.338 [DEBUG] [thread-id 1] - Verify identifier: {Search Walmart=[true]}
2025-03-24 07:05:27.339 [DEBUG] [thread-id 1] - Executing function: 'unified.us.functions.home.navigateHomeToSignIn'
2025-03-24 07:05:27.339 [DEBUG] [thread-id 1] - Store in: store the value 'Pre-transactions' in the variable 'executionStage'
2025-03-24 07:05:29.254 [DEBUG] [thread-id 1] - Click element: '//XCUIElementTypeButton[@name="Account"] | Account'
2025-03-24 07:05:32.272 [DEBUG] [thread-id 1] - Verify identifier: {//XCUIElementTypeButton[@name="SignInYourAccountTableViewCell.signInButton"] | //XCUIElementTypeButton[@name="SignInYourAccountView.signInButton"]=[true]}
2025-03-24 07:05:32.710 [DEBUG] [thread-id 1] - Click element: '//XCUIElementTypeButton[@name="SignInYourAccountTableViewCell.signInButton"] | //XCUIElementTypeButton[@name="SignInYourAccountView.signInButton"]'
2025-03-24 07:05:35.269 [DEBUG] [thread-id 1] - conditionally execute a flow. condition: true
2025-03-24 07:05:36.989 [DEBUG] [thread-id 1] - Store in: store the value 'true' in the variable 'signInValidated'
2025-03-24 07:05:37.000 [DEBUG] [thread-id 1] - conditionally execute a flow. condition: true
2025-03-24 07:05:38.669 [DEBUG] [thread-id 1] - SignIn page loaded
2025-03-24 07:05:40.377 [DEBUG] [thread-id 1] - Store in: store the value 'false' in the variable 'signInValidated'
2025-03-24 07:05:40.385 [DEBUG] [thread-id 1] - Executing function: 'unified.us.functions.authentication.signInInfo'
2025-03-24 07:05:40.386 [DEBUG] [thread-id 1] - conditionally execute a flow. condition: true
2025-03-24 07:05:42.029 [DEBUG] [thread-id 1] - Store in: store the value 'vision-e2e-prod1820@cloudtest.org' in the variable 'email'
2025-03-24 07:05:43.771 [DEBUG] [thread-id 1] - Store in: store the value 'E2epassword$' in the variable 'password'
2025-03-24 07:05:43.787 [DEBUG] [thread-id 1] - Executing function: 'unified.us.functions.global.authentication.signInAccount'
2025-03-24 07:05:43.787 [DEBUG] [thread-id 1] - conditionally execute a flow. condition: true
2025-03-24 07:05:58.970 [DEBUG] [thread-id 1] - Verify identifier: {TextFieldStackView.containerStackView=[true]}
2025-03-24 07:05:59.267 [DEBUG] [thread-id 1] - Enter text: 'vision-e2e-prod1820@cloudtest.org'
2025-03-24 07:06:04.409 [DEBUG] [thread-id 1] - Click element: 'WelcomeView.ctaButton'
2025-03-24 07:06:05.262 [DEBUG] [thread-id 1] - sleep:  2000 milliseconds
2025-03-24 07:06:08.054 [DEBUG] [thread-id 1] - conditionally execute a flow. condition: true
2025-03-24 07:06:09.925 [DEBUG] [thread-id 1] - Entered Email Successfully
2025-03-24 07:06:11.697 [DEBUG] [thread-id 1] - conditionally execute a flow. condition: true
2025-03-24 07:06:13.854 [DEBUG] [thread-id 1] - Click element: 'AuthChoiceView.passwordStackView'
2025-03-24 07:06:16.858 [DEBUG] [thread-id 1] - Selected Password Option to Login
2025-03-24 07:06:16.955 [DEBUG] [thread-id 1] - Verify identifier: {TextFieldStackView.textField=[true]}
2025-03-24 07:06:17.191 [DEBUG] [thread-id 1] - Enter text: 'E2epassword$'
2025-03-24 07:06:24.809 [DEBUG] [thread-id 1] - Click element: 'AuthChoiceView.ctaButton'
2025-03-24 07:06:51.374 [DEBUG] [thread-id 1] - conditionally execute a flow. condition: true
2025-03-24 07:06:52.350 [DEBUG] [thread-id 1] - sleep:  2000 milliseconds
2025-03-24 07:07:05.430 [DEBUG] [thread-id 1] - Executing function: 'unified.us.functions.utils.handleCartMergePopup'
2025-03-24 07:07:27.146 [DEBUG] [thread-id 1] - No Technical Error Page observed
2025-03-24 07:07:27.153 [DEBUG] [thread-id 1] - Executing function: 'unified.us.functions.home.toolTip'
2025-03-24 07:07:37.530 [DEBUG] [thread-id 1] - conditionally execute a flow. condition: false
2025-03-24 07:07:38.449 [DEBUG] [thread-id 1] - no tooltip displayed
2025-03-24 07:07:38.467 [DEBUG] [thread-id 1] - Executing function: 'unified.us.functions.global.navigation.accountToHome'
2025-03-24 07:07:38.468 [DEBUG] [thread-id 1] - Executing function: 'unified.us.functions.global.navigation.toTab'
2025-03-24 07:07:38.468 [DEBUG] [thread-id 1] - Executing function: 'unified.us.functions.utils.scrollIfNotVisible'
2025-03-24 07:07:38.469 [WARN] [thread-id 1] - variable scrollLimit was used, but r2 could not find a value for this variable. returning default of null
2025-03-24 07:07:38.469 [DEBUG] [thread-id 1] - conditionally execute a flow. condition: true
2025-03-24 07:07:39.396 [DEBUG] [thread-id 1] - Store in: store the value '7' in the variable 'scrollLimit'
2025-03-24 07:07:39.428 [DEBUG] [thread-id 1] - Scroll limit set to - 7
2025-03-24 07:07:39.428 [DEBUG] [thread-id 1] - conditionally execute a flow. condition: true
2025-03-24 07:07:40.987 [DEBUG] [thread-id 1] - conditionally execute a flow. condition: true
2025-03-24 07:07:41.920 [DEBUG] [thread-id 1] - Element already visible, scrolling is skipped
2025-03-24 07:07:41.955 [WARN] [thread-id 1] - variable scrollNeeded was used, but r2 could not find a value for this variable. returning default of null
2025-03-24 07:07:41.955 [DEBUG] [thread-id 1] - Resetting scrollPosition variable to default
2025-03-24 07:07:41.956 [DEBUG] [thread-id 1] - Store in: store the value 'null' in the variable 'scrollPosition'
2025-03-24 07:07:41.956 [DEBUG] [thread-id 1] - Store in: store the value 'null' in the variable 'identifierScope'
2025-03-24 07:07:41.956 [DEBUG] [thread-id 1] - Store in: store the value 'null' in the variable 'scrollLimit'
2025-03-24 07:07:41.957 [DEBUG] [thread-id 1] - Store in: store the value 'false' in the variable 'scrollNeeded'
2025-03-24 07:07:42.512 [DEBUG] [thread-id 1] - Click element: '//XCUIElementTypeButton[contains(@name, "Shop")]'
2025-03-24 07:07:43.069 [DEBUG] [thread-id 1] - Executing function: 'unified.us.functions.home.closeWPlusPromotionPopUpIfDisplayed'
2025-03-24 07:07:43.071 [DEBUG] [thread-id 1] - conditionally execute a flow. condition: true
2025-03-24 07:07:58.661 [DEBUG] [thread-id 1] - Executing function: 'unified.us.functions.global.navigation.toCartFromNavBar'
2025-03-24 07:07:58.662 [DEBUG] [thread-id 1] - Store in: store the value 'Transactions' in the variable 'executionStage'
2025-03-24 07:08:00.822 [DEBUG] [thread-id 1] - Verify identifier: {//XCUIElementTypeButton[contains(@label, "Your cart")] | //XCUIElementTypeButton[(@name="SearchResultsViewController.cartButton") or (contains(@label,"Your cart contains") and contains(@label,"The estimated total is")) or (@label="Your cart is empty")]=[true]}
2025-03-24 07:08:03.310 [DEBUG] [thread-id 1] - Click element: '//XCUIElementTypeButton[contains(@label, "Your cart")] | //XCUIElementTypeButton[(@name="SearchResultsViewController.cartButton") or (contains(@label,"Your cart contains") and contains(@label,"The estimated total is")) or (@label="Your cart is empty")]'
2025-03-24 07:08:04.746 [DEBUG] [thread-id 1] - Executing function: 'unified.us.functions.cart.storeChangePopUp'
2025-03-24 07:08:15.456 [DEBUG] [thread-id 1] - No Store Change pop up screen displayed
2025-03-24 07:08:18.517 [DEBUG] [thread-id 1] - conditionally execute a flow. condition: true
2025-03-24 07:08:21.610 [DEBUG] [thread-id 1] - cart Page loaded
2025-03-24 07:08:21.887 [DEBUG] [thread-id 1] - Executing function: 'unified.us.functions.cart.removeAllCartItems'
2025-03-24 07:08:21.888 [DEBUG] [thread-id 1] - Executing function: 'unified.us.functions.cart.storeChangePopUp'
2025-03-24 07:08:27.803 [DEBUG] [thread-id 1] - No Store Change pop up screen displayed
2025-03-24 07:08:28.077 [DEBUG] [thread-id 1] - Executing function: 'unified.us.functions.cart.removeAdonsNotAvailable'
2025-03-24 07:08:35.318 [DEBUG] [thread-id 1] - No remove Adons pop up screen displayed
2025-03-24 07:08:38.485 [DEBUG] [thread-id 1] - conditionally execute a flow. condition: true
2025-03-24 07:08:41.633 [DEBUG] [thread-id 1] - No items in cart
2025-03-24 07:08:41.901 [DEBUG] [thread-id 1] - Executing function: 'unified.us.functions.cart.removeUnavailableItemsFromCart'
2025-03-24 07:08:41.903 [DEBUG] [thread-id 1] - conditionally execute a flow. condition: true
2025-03-24 07:08:57.510 [DEBUG] [thread-id 1] - Executing function: 'unified.us.functions.global.navigation.backNavigation'
2025-03-24 07:08:57.513 [DEBUG] [thread-id 1] - Global Back navigation
2025-03-24 07:08:57.514 [DEBUG] [thread-id 1] - conditionally execute a flow. condition: true
2025-03-24 07:09:05.667 [DEBUG] [thread-id 1] - Click element: '//XCUIElementTypeButton[@name="Back" or @label="Back"] | //XCUIElementTypeNavigationBar[@name="Cart"]/XCUIElementTypeButton[contains(@name,"Search")] | //XCUIElementTypeNavigationBar/XCUIElementTypeButton[not(contains(@label,"cart"))]'
2025-03-24 07:09:07.007 [DEBUG] [thread-id 1] - Executing function: 'unified.us.functions.gic.expandIfCollapsed'
2025-03-24 07:09:13.569 [DEBUG] [thread-id 1] - Verify identifier: {//*[contains(@label,"Collapsed")] | //*[contains(@name,"Collapsed")]=[true]}
2025-03-24 07:09:19.696 [DEBUG] [thread-id 1] - Click element: '//*[contains(@label,"Collapsed")] | //*[contains(@name,"Collapsed")]'
2025-03-24 07:09:21.153 [DEBUG] [thread-id 1] - Executing function: 'unified.us.functions.gic.setFulfillment'
2025-03-24 07:09:21.153 [DEBUG] [thread-id 1] - conditionally execute a flow. condition: true
2025-03-24 07:09:32.498 [DEBUG] [thread-id 1] - conditionally execute a flow. condition: false
2025-03-24 07:09:35.846 [DEBUG] [thread-id 1] - Click element: '//XCUIElementTypeButton[@name="GlobalIntentCenter.Shipping"] | //XCUIElementTypeButton[contains(@name, "Shipping") ] | //XCUIElementTypeButton[@name="HoTIntentOptionsView" or @name="HoTIntentOptionsPhase2View" and contains(@label,"Shipping")]'
2025-03-24 07:09:37.122 [DEBUG] [thread-id 1] - Shipping intent selected
2025-03-24 07:09:37.850 [DEBUG] [thread-id 1] - sleep:  3000 milliseconds
2025-03-24 07:09:40.900 [DEBUG] [thread-id 1] - sleep:  8000 milliseconds
2025-03-24 07:09:48.906 [DEBUG] [thread-id 1] - Executing function: 'unified.us.functions.global.navigation.goToDeepLink'
2025-03-24 07:09:48.907 [DEBUG] [thread-id 1] - Store in: store the value 'Post-transactions' in the variable 'executionStage'
2025-03-24 07:09:48.908 [DEBUG] [thread-id 1] - Open deep link
2025-03-24 07:09:48.908 [DEBUG] [thread-id 1] - walmart://ip/279062625
2025-03-24 07:09:48.909 [DEBUG] [thread-id 1] - Verify value of: '$deepLinkUrl'
2025-03-24 07:09:48.909 [DEBUG] [thread-id 1] - Open link: 'walmart://ip/279062625'
2025-03-24 07:09:51.637 [DEBUG] [thread-id 1] - conditionally execute a flow. condition: true
2025-03-24 07:09:53.165 [DEBUG] [thread-id 1] - Executing function: 'unified.us.functions.global.navigation.openDeepLink'
2025-03-24 07:09:56.902 [DEBUG] [thread-id 1] - Deeplink pop up not displayed
2025-03-24 07:10:03.536 [DEBUG] [thread-id 1] - sleep:  3000 milliseconds
2025-03-24 07:10:06.546 [DEBUG] [thread-id 1] - Executing function: 'unified.us.functions.item.visionItem.verifySelectLenses'
2025-03-24 07:10:06.548 [DEBUG] [thread-id 1] - Scroll: down
2025-03-24 07:11:18.557 [DEBUG] [thread-id 1] - Verify identifier: {//XCUIElementTypeButton[@name="Select lenses"]=[true]}
2025-03-24 07:11:29.022 [DEBUG] [thread-id 1] - Click element: '//XCUIElementTypeButton[@name="Select lenses"]'
2025-03-24 07:12:08.512 [DEBUG] [thread-id 1] - Verify identifier: {//XCUIElementTypeStaticText[@name="Select your lenses"]=[true], //XCUIElementTypeStaticText[@name="Single vision"]=[true], //XCUIElementTypeStaticText[@name="Whatâ€™s your prescription type?"]=[true]}
2025-03-24 07:12:19.362 [DEBUG] [thread-id 1] - Click element: '//XCUIElementTypeStaticText[@name="Single vision"]'
2025-03-24 07:12:35.479 [DEBUG] [thread-id 1] - Click element: '//XCUIElementTypeButton[@label="Continue"] |  //XCUIElementTypeButton[@label="Done"]'
2025-03-24 07:12:42.699 [DEBUG] [thread-id 1] - sleep:  2000 milliseconds
2025-03-24 07:12:44.710 [DEBUG] [thread-id 1] - conditionally execute a flow. condition: true
2025-03-24 07:12:58.908 [DEBUG] [thread-id 1] - Selecting Lense
2025-03-24 07:13:58.535 [DEBUG] [thread-id 1] - Verify identifier: {//XCUIElementTypeCell[contains(@name,"Clear")] | //XCUIElementTypeCell[@name="Clear, Included, Classic lenses that are great for all purposes."]/XCUIElementTypeOther[2]=[true], //XCUIElementTypeButton[@label="Continue"] |  //XCUIElementTypeButton[@label="Done"]=[true], //XCUIElementTypeButton[@name="Close"]=[true], What type of lenses do you need?=[true], //XCUIElementTypeStaticText[@name="Sunglasses"]=[true]}
2025-03-24 07:14:14.602 [DEBUG] [thread-id 1] - conditionally execute a flow. condition: true
2025-03-24 07:14:30.701 [DEBUG] [thread-id 1] - Selecting 'Clear' option
2025-03-24 07:14:58.918 [DEBUG] [thread-id 1] - Click element: '//XCUIElementTypeCell[contains(@name,"Clear")] | //XCUIElementTypeCell[@name="Clear, Included, Classic lenses that are great for all purposes."]/XCUIElementTypeOther[2]'
2025-03-24 07:16:08.851 [DEBUG] [thread-id 1] - Click element: '//XCUIElementTypeButton[@label="Continue"] |  //XCUIElementTypeButton[@label="Done"]'
2025-03-24 07:16:18.327 [DEBUG] [thread-id 1] - sleep:  2000 milliseconds
2025-03-24 07:16:43.987 [DEBUG] [thread-id 1] - Verify identifier: {//XCUIElementTypeCell[contains(@name,"Standard")]=[true], //XCUIElementTypeStaticText[@name="Polycarbonate"] | //XCUIElementTypeCell[contains(@name,"Standard")]=[true]}
2025-03-24 07:16:43.989 [DEBUG] [thread-id 1] - conditionally execute a flow. condition: true
2025-03-24 07:17:00.184 [DEBUG] [thread-id 1] - Selecting 'Standard' option
2025-03-24 07:17:27.706 [DEBUG] [thread-id 1] - Click element: '//XCUIElementTypeCell[contains(@name,"Standard")]'
2025-03-24 07:17:44.322 [DEBUG] [thread-id 1] - Click element: '//XCUIElementTypeButton[@label="Continue"] |  //XCUIElementTypeButton[@label="Done"]'
2025-03-24 07:17:51.925 [DEBUG] [thread-id 1] - sleep:  2000 milliseconds
2025-03-24 07:17:53.929 [WARN] [thread-id 1] - variable LenseColor was used, but r2 could not find a value for this variable. returning default of null
2025-03-24 07:17:53.934 [WARN] [thread-id 1] - variable LenseColor was used, but r2 could not find a value for this variable. returning default of null
2025-03-24 07:18:08.585 [DEBUG] [thread-id 1] - sleep:  2000 milliseconds
2025-03-24 07:18:32.503 [DEBUG] [thread-id 1] - Verify identifier: {//XCUIElementTypeStaticText[contains(@name,"Is there anything you want to add")]=[true], //XCUIElementTypeCell[contains(@name,"No add-ons")]=[true]}
2025-03-24 07:18:32.507 [DEBUG] [thread-id 1] - conditionally execute a flow. condition: true
2025-03-24 07:18:48.713 [DEBUG] [thread-id 1] - Selecting 'No add-ons'
2025-03-24 07:19:16.530 [DEBUG] [thread-id 1] - Click element: '//XCUIElementTypeCell[contains(@name,"No add-ons")]'
2025-03-24 07:19:32.994 [DEBUG] [thread-id 1] - Click element: '//XCUIElementTypeButton[@label="Continue"] |  //XCUIElementTypeButton[@label="Done"]'
2025-03-24 07:19:40.523 [DEBUG] [thread-id 1] - sleep:  2000 milliseconds
2025-03-24 07:20:24.517 [DEBUG] [thread-id 1] - Verify identifier: {//XCUIElementTypeOther[contains(@label,"Lenses")]=[true], //XCUIElementTypeOther[contains(@label,"Subtotal")]=[true], //XCUIElementTypeStaticText[@name="Review your selections"]=[true], //XCUIElementTypeOther[contains(@label,"Frames")]=[true]}
2025-03-24 07:20:24.530 [DEBUG] [thread-id 1] - Executing function: 'us.functions.item.visionItem.AddPrescription'
2025-03-24 07:20:24.531 [DEBUG] [thread-id 1] - Store in: store the value 'Transactions' in the variable 'executionStage'
2025-03-24 07:21:05.602 [DEBUG] [thread-id 1] - No smart Nudge View pop up
2025-03-24 07:21:43.914 [DEBUG] [thread-id 1] - Click element: '//XCUIElementTypeButton[@label="Add prescription"] | //XCUIElementTypeButton[@name="CartItemTileView.addVisionCTAButton" and @accessible ="true"] | //XCUIElementTypeButton[@name="PrescriptionOrderFooter.addPrescriptionButton"]'
2025-03-24 07:21:55.827 [DEBUG] [thread-id 1] - sleep:  3000 milliseconds
2025-03-24 07:21:58.835 [DEBUG] [thread-id 1] - conditionally execute a flow. condition: true
2025-03-24 07:22:12.358 [DEBUG] [thread-id 1] - Selecting 'PatientA - Native Test'
2025-03-24 07:22:43.005 [DEBUG] [thread-id 1] - conditionally execute a flow. condition: false
2025-03-24 07:23:08.167 [DEBUG] [thread-id 1] - Enter text: 'VisionA'
2025-03-24 07:23:48.880 [DEBUG] [thread-id 1] - Enter text: 'Test'
2025-03-24 07:24:17.508 [DEBUG] [thread-id 1] - conditionally execute a flow. condition: true
2025-03-24 07:24:44.742 [DEBUG] [thread-id 1] - Click element: 'Done'
2025-03-24 07:25:21.701 [DEBUG] [thread-id 1] - Enter text: '08/30/1991'
2025-03-24 07:25:50.563 [DEBUG] [thread-id 1] - conditionally execute a flow. condition: true
2025-03-24 07:26:17.921 [DEBUG] [thread-id 1] - Click element: 'Done'
2025-03-24 07:26:49.889 [DEBUG] [thread-id 1] - Click element: 'AcknowledgementLabel.checkbox'
2025-03-24 07:27:27.586 [DEBUG] [thread-id 1] - Click element: '//XCUIElementTypeButton[@label="Continue"] |  //XCUIElementTypeButton[@label="Done"]'
2025-03-24 07:27:35.072 [DEBUG] [thread-id 1] - Executing function: 'us.functions.item.addVisionPDImage'
2025-03-24 07:28:10.943 [DEBUG] [thread-id 1] - Click element: 'ImageGrid.selectSquare'
2025-03-24 07:28:33.609 [DEBUG] [thread-id 1] - Verify identifier: {//XCUIElementTypeOther[@name="AddPrescriptionFooter.continueButton.bottomSheet"]=[true]}
2025-03-24 07:28:44.482 [DEBUG] [thread-id 1] - Click element: '//XCUIElementTypeOther[@name="AddPrescriptionFooter.continueButton.bottomSheet"]'
2025-03-24 07:29:06.345 [DEBUG] [thread-id 1] - Verify identifier: {Choose existing=[true]}
2025-03-24 07:29:11.045 [DEBUG] [thread-id 1] - Click element: 'Choose existing'
2025-03-24 07:29:38.332 [DEBUG] [thread-id 1] - conditionally execute a flow. condition: true
2025-03-24 07:29:58.716 [DEBUG] [thread-id 1] - Click element: 'PermissionPromptViewController.primaryActionButton'
2025-03-24 07:30:11.833 [DEBUG] [thread-id 1] - sleep:  3000 milliseconds
2025-03-24 07:32:31.762 [DEBUG] [thread-id 1] - Main failed: Is not present: '(//XCUIElementTypeImage[contains(@name, "Photo")])[1] | (//XCUIElementTypeImage[contains(@name,"Screenshot")])[1]'
2025-03-24 07:32:36.757 [DEBUG] [thread-id 1] - Executing scenario: 'After'
2025-03-24 07:32:36.758 [DEBUG] [thread-id 1] - Executing function: 'unified.us.functions.utils.afterSteps'
2025-03-24 07:32:36.758 [WARN] [thread-id 1] - variable testStatus was used, but r2 could not find a value for this variable. returning default of null
2025-03-24 07:32:36.758 [DEBUG] [thread-id 1] - conditionally execute a flow. condition: false
2025-03-24 07:32:38.977 [DEBUG] [thread-id 1] - Test failed
2025-03-24 07:32:47.806 [DEBUG] [thread-id 1] - Created report: /Users/m0k0a2f/glass-automation/report/index.html
2025-03-24 08:53:42.194 [ERROR] [thread-id 1] - Cannot parse: /Users/m0k0a2f/glass-automation/us/e2e-tests/modules/item/item-types-verify-present/functions.yaml
2025-03-24 08:53:42.217 [ERROR] [thread-id 1] - org.yaml.snakeyaml.error.YAMLException: Cannot create property=functions for JavaBean=com.walmartlabs.data.functions.Functions@51c54e43
 in 'reader', line 1, column 1:
    functions:  
    ^
Cannot create property=flow for JavaBean=com.walmartlabs.data.config.scenarios.StepBlocks@14b548da
 in 'reader', line 5674, column 5:
      - name: us.functions.item.addVisio ... 
        ^
Cannot create property=if for JavaBean=com.walmartlabs.data.config.scenarios.Flow@3f6e772f
 in 'reader', line 5714, column 9:
          - if: 
            ^
Cannot create property=then for JavaBean=com.walmartlabs.data.config.scenarios.If@69aac6cb
 in 'reader', line 5715, column 11:
              identifier:
              ^
Cannot create property=tap for JavaBean=com.walmartlabs.data.config.scenarios.Flow@338d1ae
 in 'reader', line 5719, column 15:
                - tap:
                  ^
Unable to find property 'tap' on class: com.walmartlabs.data.config.scenarios.Flow
 in 'reader', line 5720, column 17:
                    x: 200  # Replace with the actua ... 
                    ^

 in 'reader', line 5719, column 13:
                - tap:
                ^

 in 'reader', line 5715, column 11:
              identifier:
              ^

 in 'reader', line 5677, column 7:
          - click:
          ^

 in 'reader', line 6, column 3:
      - name: us.functions.item.petrxI ... 
      ^

2025-03-24 09:23:08.480 [DEBUG] [thread-id 1] - Executing R2 4.0.2: '/Users/m0k0a2f/glass-automation/us/unified-e2e-tests/test-scripts/vision-flows/production/C2707320-multiple-prescription-and-patients-with-same-lense-and-frame.yaml' on device: 'iPhone 15'
2025-03-24 09:24:16.638 [DEBUG] [thread-id 1] - Executing scenario: 'Before'
2025-03-24 09:24:16.640 [DEBUG] [thread-id 1] - Execute before steps
2025-03-24 09:24:16.649 [DEBUG] [thread-id 1] - Executing function: 'us.function.utils.getEnvironmentValue'
2025-03-24 09:24:16.650 [DEBUG] [thread-id 1] - Store in: store the value 'Onboarding' in the variable 'executionStage'
2025-03-24 09:24:16.650 [DEBUG] [thread-id 1] - Store in: store the value 'production' in the variable 'env'
2025-03-24 09:24:16.651 [DEBUG] [thread-id 1] - Timestamp: 1742833456651
2025-03-24 09:24:16.652 [DEBUG] [thread-id 1] - Executing function: 'functions.utils.setPlatformInfo'
2025-03-24 09:24:16.653 [DEBUG] [thread-id 1] - Store in: store the value 'Onboarding' in the variable 'executionStage'
2025-03-24 09:24:16.657 [WARN] [thread-id 1] - variable dependencies.general.appPackage was used, but r2 could not find a value for this variable. returning default of null
2025-03-24 09:24:16.657 [DEBUG] [thread-id 1] - Store in: store the value 'null' in the variable 'appPackage'
2025-03-24 09:24:16.667 [DEBUG] [thread-id 1] - conditionally execute a flow. condition: true
2025-03-24 09:24:16.915 [DEBUG] [thread-id 1] - Store in: store the value 'iOS' in the variable 'platform'
2025-03-24 09:24:16.923 [DEBUG] [thread-id 1] - R2_SUBFLOW_PRE_TRANSACTION
2025-03-24 09:24:17.457 [DEBUG] [thread-id 1] - Using us-errors-helpers.yaml
2025-03-24 09:24:18.067 [DEBUG] [thread-id 1] - Start main
2025-03-24 09:24:18.068 [DEBUG] [thread-id 1] - Executing function: 'unified.us.functions.global.onboarding.navigateOnboardingToHome'
2025-03-24 09:24:18.069 [DEBUG] [thread-id 1] - Store in: store the value 'onboarding' in the variable 'executionStage'
2025-03-24 09:24:18.069 [DEBUG] [thread-id 1] - Welcome screen loaded
2025-03-24 09:24:18.073 [DEBUG] [thread-id 1] - conditionally execute a flow. condition: true
2025-03-24 09:24:18.333 [DEBUG] [thread-id 1] - Verify identifier: {cta.cancel.welcome=[true]}
2025-03-24 09:24:18.579 [DEBUG] [thread-id 1] - Store in: store the value 'true' in the variable 'testStarted'
2025-03-24 09:24:19.085 [DEBUG] [thread-id 1] - Click element: 'cta.cancel.welcome'
2025-03-24 09:24:19.972 [DEBUG] [thread-id 1] - Notifiction Prompt screen loaded
2025-03-24 09:24:20.291 [DEBUG] [thread-id 1] - Verify identifier: {NotificationPermissionViewController.titleLabel=[true]}
2025-03-24 09:24:20.565 [WARN] [thread-id 1] - variable allowNotifications was used, but r2 could not find a value for this variable. returning default of null
2025-03-24 09:24:20.565 [DEBUG] [thread-id 1] - conditionally execute a flow. condition: false
2025-03-24 09:24:22.866 [DEBUG] [thread-id 1] - Click element: 'cta.cancel.notifications'
2025-03-24 09:24:23.293 [DEBUG] [thread-id 1] - location screen loaded
2025-03-24 09:24:23.570 [DEBUG] [thread-id 1] - Verify identifier: {LocationPermissionViewController.titleLabel=[true]}
2025-03-24 09:24:23.570 [DEBUG] [thread-id 1] - Store in: store the value 'true' in the variable 'testStarted'
2025-03-24 09:24:23.611 [DEBUG] [thread-id 1] - Click element: 'Enter zip code'
2025-03-24 09:24:24.321 [DEBUG] [thread-id 1] - Verify identifier: {label.postal-code-entry=[true]}
2025-03-24 09:24:24.321 [DEBUG] [thread-id 1] - sleep:  2000 milliseconds
2025-03-24 09:24:26.385 [DEBUG] [thread-id 1] - Enter text: '95122'
2025-03-24 09:24:28.030 [DEBUG] [thread-id 1] - Click element: 'cta.continue'
2025-03-24 09:24:28.528 [DEBUG] [thread-id 1] - sleep:  3000 milliseconds
2025-03-24 09:24:41.840 [DEBUG] [thread-id 1] - Executing function: 'unified.us.functions.home.handlePersonalizedScreen'
2025-03-24 09:24:42.083 [DEBUG] [thread-id 1] - conditionally execute a flow. condition: true
2025-03-24 09:24:42.319 [DEBUG] [thread-id 1] - Observed Personalize Shopping Screen
2025-03-24 09:24:42.569 [DEBUG] [thread-id 1] - Verify identifier: {ATTPermissionViewController.bodyLabel=[true]}
2025-03-24 09:24:43.053 [DEBUG] [thread-id 1] - conditionally execute a flow. condition: true
2025-03-24 09:24:43.357 [DEBUG] [thread-id 1] - Click element: 'cta.continue.location'
2025-03-24 09:24:46.463 [DEBUG] [thread-id 1] - Personalized Shopping Experience Screen Handled.
2025-03-24 09:24:58.306 [DEBUG] [thread-id 1] - Executing function: 'unified.us.functions.gic.collapseIfExpanded'
2025-03-24 09:25:04.883 [DEBUG] [thread-id 1] - GIC already collapsed
2025-03-24 09:25:07.495 [DEBUG] [thread-id 1] - Verify identifier: {Search Walmart=[true]}
2025-03-24 09:25:07.496 [DEBUG] [thread-id 1] - Executing function: 'unified.us.functions.home.navigateHomeToSignIn'
2025-03-24 09:25:07.496 [DEBUG] [thread-id 1] - Store in: store the value 'Pre-transactions' in the variable 'executionStage'
2025-03-24 09:25:09.195 [DEBUG] [thread-id 1] - Click element: '//XCUIElementTypeButton[@name="Account"] | Account'
2025-03-24 09:25:12.181 [DEBUG] [thread-id 1] - Verify identifier: {//XCUIElementTypeButton[@name="SignInYourAccountTableViewCell.signInButton"] | //XCUIElementTypeButton[@name="SignInYourAccountView.signInButton"]=[true]}
2025-03-24 09:25:12.533 [DEBUG] [thread-id 1] - Click element: '//XCUIElementTypeButton[@name="SignInYourAccountTableViewCell.signInButton"] | //XCUIElementTypeButton[@name="SignInYourAccountView.signInButton"]'
2025-03-24 09:25:14.737 [DEBUG] [thread-id 1] - conditionally execute a flow. condition: true
2025-03-24 09:25:16.372 [DEBUG] [thread-id 1] - Store in: store the value 'true' in the variable 'signInValidated'
2025-03-24 09:25:16.386 [DEBUG] [thread-id 1] - conditionally execute a flow. condition: true
2025-03-24 09:25:17.831 [DEBUG] [thread-id 1] - SignIn page loaded
2025-03-24 09:25:19.338 [DEBUG] [thread-id 1] - Store in: store the value 'false' in the variable 'signInValidated'
2025-03-24 09:25:19.353 [DEBUG] [thread-id 1] - Executing function: 'unified.us.functions.authentication.signInInfo'
2025-03-24 09:25:19.354 [DEBUG] [thread-id 1] - conditionally execute a flow. condition: true
2025-03-24 09:25:20.751 [DEBUG] [thread-id 1] - Store in: store the value 'vision-e2e-prod1820@cloudtest.org' in the variable 'email'
2025-03-24 09:25:22.272 [DEBUG] [thread-id 1] - Store in: store the value 'E2epassword$' in the variable 'password'
2025-03-24 09:25:22.278 [DEBUG] [thread-id 1] - Executing function: 'unified.us.functions.global.authentication.signInAccount'
2025-03-24 09:25:22.279 [DEBUG] [thread-id 1] - conditionally execute a flow. condition: true
2025-03-24 09:25:35.525 [DEBUG] [thread-id 1] - Verify identifier: {TextFieldStackView.containerStackView=[true]}
2025-03-24 09:25:35.778 [DEBUG] [thread-id 1] - Enter text: 'vision-e2e-prod1820@cloudtest.org'
2025-03-24 09:25:40.602 [DEBUG] [thread-id 1] - Click element: 'WelcomeView.ctaButton'
2025-03-24 09:25:41.346 [DEBUG] [thread-id 1] - sleep:  2000 milliseconds
2025-03-24 09:25:53.693 [DEBUG] [thread-id 1] - conditionally execute a flow. condition: false
2025-03-24 09:26:04.546 [DEBUG] [thread-id 1] - Main failed: ENV_FAILURE - production - SIGN-IN ERROR
2025-03-24 09:26:07.473 [DEBUG] [thread-id 1] - Executing scenario: 'After'
2025-03-24 09:26:07.474 [DEBUG] [thread-id 1] - Executing function: 'unified.us.functions.utils.afterSteps'
2025-03-24 09:26:07.475 [WARN] [thread-id 1] - variable testStatus was used, but r2 could not find a value for this variable. returning default of null
2025-03-24 09:26:07.475 [DEBUG] [thread-id 1] - conditionally execute a flow. condition: false
2025-03-24 09:26:08.851 [DEBUG] [thread-id 1] - Test failed
2025-03-24 09:26:14.767 [DEBUG] [thread-id 1] - Created report: /Users/m0k0a2f/glass-automation/report/index.html
2025-03-24 09:30:11.538 [DEBUG] [thread-id 1] - Executing R2 4.0.2: '/Users/m0k0a2f/glass-automation/us/unified-e2e-tests/test-scripts/vision-flows/production/C2707320-multiple-prescription-and-patients-with-same-lense-and-frame.yaml' on device: 'iPhone 15'
2025-03-24 09:31:17.693 [DEBUG] [thread-id 1] - Executing scenario: 'Before'
2025-03-24 09:31:17.695 [DEBUG] [thread-id 1] - Execute before steps
2025-03-24 09:31:17.697 [DEBUG] [thread-id 1] - Executing function: 'us.function.utils.getEnvironmentValue'
2025-03-24 09:31:17.698 [DEBUG] [thread-id 1] - Store in: store the value 'Onboarding' in the variable 'executionStage'
2025-03-24 09:31:17.698 [DEBUG] [thread-id 1] - Store in: store the value 'production' in the variable 'env'
2025-03-24 09:31:17.699 [DEBUG] [thread-id 1] - Timestamp: 1742833877699
2025-03-24 09:31:17.700 [DEBUG] [thread-id 1] - Executing function: 'functions.utils.setPlatformInfo'
2025-03-24 09:31:17.700 [DEBUG] [thread-id 1] - Store in: store the value 'Onboarding' in the variable 'executionStage'
2025-03-24 09:31:17.703 [WARN] [thread-id 1] - variable dependencies.general.appPackage was used, but r2 could not find a value for this variable. returning default of null
2025-03-24 09:31:17.703 [DEBUG] [thread-id 1] - Store in: store the value 'null' in the variable 'appPackage'
2025-03-24 09:31:17.715 [DEBUG] [thread-id 1] - conditionally execute a flow. condition: true
2025-03-24 09:31:17.962 [DEBUG] [thread-id 1] - Store in: store the value 'iOS' in the variable 'platform'
2025-03-24 09:31:17.969 [DEBUG] [thread-id 1] - R2_SUBFLOW_PRE_TRANSACTION
2025-03-24 09:31:18.507 [DEBUG] [thread-id 1] - Using us-errors-helpers.yaml
2025-03-24 09:31:19.009 [DEBUG] [thread-id 1] - Start main
2025-03-24 09:31:19.010 [DEBUG] [thread-id 1] - Executing function: 'unified.us.functions.global.onboarding.navigateOnboardingToHome'
2025-03-24 09:31:19.010 [DEBUG] [thread-id 1] - Store in: store the value 'onboarding' in the variable 'executionStage'
2025-03-24 09:31:19.011 [DEBUG] [thread-id 1] - Welcome screen loaded
2025-03-24 09:31:19.015 [DEBUG] [thread-id 1] - conditionally execute a flow. condition: true
2025-03-24 09:31:19.264 [DEBUG] [thread-id 1] - Verify identifier: {cta.cancel.welcome=[true]}
2025-03-24 09:31:19.508 [DEBUG] [thread-id 1] - Store in: store the value 'true' in the variable 'testStarted'
2025-03-24 09:31:20.032 [DEBUG] [thread-id 1] - Click element: 'cta.cancel.welcome'
2025-03-24 09:31:20.939 [DEBUG] [thread-id 1] - Notifiction Prompt screen loaded
2025-03-24 09:31:21.243 [DEBUG] [thread-id 1] - Verify identifier: {NotificationPermissionViewController.titleLabel=[true]}
2025-03-24 09:31:21.504 [WARN] [thread-id 1] - variable allowNotifications was used, but r2 could not find a value for this variable. returning default of null
2025-03-24 09:31:21.504 [DEBUG] [thread-id 1] - conditionally execute a flow. condition: false
2025-03-24 09:31:23.814 [DEBUG] [thread-id 1] - Click element: 'cta.cancel.notifications'
2025-03-24 09:31:24.276 [DEBUG] [thread-id 1] - location screen loaded
2025-03-24 09:31:24.556 [DEBUG] [thread-id 1] - Verify identifier: {LocationPermissionViewController.titleLabel=[true]}
2025-03-24 09:31:24.556 [DEBUG] [thread-id 1] - Store in: store the value 'true' in the variable 'testStarted'
2025-03-24 09:31:24.599 [DEBUG] [thread-id 1] - Click element: 'Enter zip code'
2025-03-24 09:31:25.353 [DEBUG] [thread-id 1] - Verify identifier: {label.postal-code-entry=[true]}
2025-03-24 09:31:25.354 [DEBUG] [thread-id 1] - sleep:  2000 milliseconds
2025-03-24 09:31:27.426 [DEBUG] [thread-id 1] - Enter text: '95122'
2025-03-24 09:31:28.939 [DEBUG] [thread-id 1] - Click element: 'cta.continue'
2025-03-24 09:31:29.429 [DEBUG] [thread-id 1] - sleep:  3000 milliseconds
2025-03-24 09:31:42.501 [DEBUG] [thread-id 1] - Executing function: 'unified.us.functions.home.handlePersonalizedScreen'
2025-03-24 09:31:42.731 [DEBUG] [thread-id 1] - conditionally execute a flow. condition: true
2025-03-24 09:31:42.962 [DEBUG] [thread-id 1] - Observed Personalize Shopping Screen
2025-03-24 09:31:43.204 [DEBUG] [thread-id 1] - Verify identifier: {ATTPermissionViewController.bodyLabel=[true]}
2025-03-24 09:31:43.679 [DEBUG] [thread-id 1] - conditionally execute a flow. condition: true
2025-03-24 09:31:43.977 [DEBUG] [thread-id 1] - Click element: 'cta.continue.location'
2025-03-24 09:31:46.269 [DEBUG] [thread-id 1] - Personalized Shopping Experience Screen Handled.
2025-03-24 09:31:59.192 [DEBUG] [thread-id 1] - Executing function: 'unified.us.functions.gic.collapseIfExpanded'
2025-03-24 09:32:05.936 [DEBUG] [thread-id 1] - GIC already collapsed
2025-03-24 09:32:08.532 [DEBUG] [thread-id 1] - Verify identifier: {Search Walmart=[true]}
2025-03-24 09:32:08.533 [DEBUG] [thread-id 1] - Executing function: 'unified.us.functions.home.navigateHomeToSignIn'
2025-03-24 09:32:08.533 [DEBUG] [thread-id 1] - Store in: store the value 'Pre-transactions' in the variable 'executionStage'
2025-03-24 09:32:10.272 [DEBUG] [thread-id 1] - Click element: '//XCUIElementTypeButton[@name="Account"] | Account'
2025-03-24 09:32:13.100 [DEBUG] [thread-id 1] - Verify identifier: {//XCUIElementTypeButton[@name="SignInYourAccountTableViewCell.signInButton"] | //XCUIElementTypeButton[@name="SignInYourAccountView.signInButton"]=[true]}
2025-03-24 09:32:13.442 [DEBUG] [thread-id 1] - Click element: '//XCUIElementTypeButton[@name="SignInYourAccountTableViewCell.signInButton"] | //XCUIElementTypeButton[@name="SignInYourAccountView.signInButton"]'
2025-03-24 09:32:15.724 [DEBUG] [thread-id 1] - conditionally execute a flow. condition: true
2025-03-24 09:32:17.178 [DEBUG] [thread-id 1] - Store in: store the value 'true' in the variable 'signInValidated'
2025-03-24 09:32:17.191 [DEBUG] [thread-id 1] - conditionally execute a flow. condition: true
2025-03-24 09:32:18.542 [DEBUG] [thread-id 1] - SignIn page loaded
2025-03-24 09:32:20.000 [DEBUG] [thread-id 1] - Store in: store the value 'false' in the variable 'signInValidated'
2025-03-24 09:32:20.006 [DEBUG] [thread-id 1] - Executing function: 'unified.us.functions.authentication.signInInfo'
2025-03-24 09:32:20.008 [DEBUG] [thread-id 1] - conditionally execute a flow. condition: true
2025-03-24 09:32:21.340 [DEBUG] [thread-id 1] - Store in: store the value 'vision-e2e-prod1820@cloudtest.org' in the variable 'email'
2025-03-24 09:32:22.774 [DEBUG] [thread-id 1] - Store in: store the value 'E2epassword$' in the variable 'password'
2025-03-24 09:32:22.780 [DEBUG] [thread-id 1] - Executing function: 'unified.us.functions.global.authentication.signInAccount'
2025-03-24 09:32:22.781 [DEBUG] [thread-id 1] - conditionally execute a flow. condition: true
2025-03-24 09:32:35.847 [DEBUG] [thread-id 1] - Verify identifier: {TextFieldStackView.containerStackView=[true]}
2025-03-24 09:32:36.098 [DEBUG] [thread-id 1] - Enter text: 'vision-e2e-prod1820@cloudtest.org'
2025-03-24 09:32:40.945 [DEBUG] [thread-id 1] - Click element: 'WelcomeView.ctaButton'
2025-03-24 09:32:41.706 [DEBUG] [thread-id 1] - sleep:  2000 milliseconds
2025-03-24 09:32:54.063 [DEBUG] [thread-id 1] - conditionally execute a flow. condition: false
2025-03-24 09:33:04.822 [DEBUG] [thread-id 1] - Main failed: ENV_FAILURE - production - SIGN-IN ERROR
2025-03-24 09:33:07.763 [DEBUG] [thread-id 1] - Executing scenario: 'After'
2025-03-24 09:33:07.764 [DEBUG] [thread-id 1] - Executing function: 'unified.us.functions.utils.afterSteps'
2025-03-24 09:33:07.764 [WARN] [thread-id 1] - variable testStatus was used, but r2 could not find a value for this variable. returning default of null
2025-03-24 09:33:07.765 [DEBUG] [thread-id 1] - conditionally execute a flow. condition: false
2025-03-24 09:33:09.149 [DEBUG] [thread-id 1] - Test failed
2025-03-24 09:33:14.998 [DEBUG] [thread-id 1] - Created report: /Users/m0k0a2f/glass-automation/report/index.html
2025-03-24 09:35:33.351 [DEBUG] [thread-id 1] - Executing R2 4.0.2: '/Users/m0k0a2f/glass-automation/us/unified-e2e-tests/test-scripts/vision-flows/production/C2707320-multiple-prescription-and-patients-with-same-lense-and-frame.yaml' on device: 'iPhone 15'
2025-03-24 09:36:43.748 [DEBUG] [thread-id 1] - Executing scenario: 'Before'
2025-03-24 09:36:43.750 [DEBUG] [thread-id 1] - Execute before steps
2025-03-24 09:36:43.757 [DEBUG] [thread-id 1] - Executing function: 'us.function.utils.getEnvironmentValue'
2025-03-24 09:36:43.758 [DEBUG] [thread-id 1] - Store in: store the value 'Onboarding' in the variable 'executionStage'
2025-03-24 09:36:43.759 [DEBUG] [thread-id 1] - Store in: store the value 'production' in the variable 'env'
2025-03-24 09:36:43.759 [DEBUG] [thread-id 1] - Timestamp: 1742834203759
2025-03-24 09:36:43.760 [DEBUG] [thread-id 1] - Executing function: 'functions.utils.setPlatformInfo'
2025-03-24 09:36:43.761 [DEBUG] [thread-id 1] - Store in: store the value 'Onboarding' in the variable 'executionStage'
2025-03-24 09:36:43.764 [WARN] [thread-id 1] - variable dependencies.general.appPackage was used, but r2 could not find a value for this variable. returning default of null
2025-03-24 09:36:43.795 [DEBUG] [thread-id 1] - Store in: store the value 'null' in the variable 'appPackage'
2025-03-24 09:36:43.807 [DEBUG] [thread-id 1] - conditionally execute a flow. condition: true
2025-03-24 09:36:44.043 [DEBUG] [thread-id 1] - Store in: store the value 'iOS' in the variable 'platform'
2025-03-24 09:36:44.050 [DEBUG] [thread-id 1] - R2_SUBFLOW_PRE_TRANSACTION
2025-03-24 09:36:44.541 [DEBUG] [thread-id 1] - Using us-errors-helpers.yaml
2025-03-24 09:36:45.022 [DEBUG] [thread-id 1] - Start main
2025-03-24 09:36:45.023 [DEBUG] [thread-id 1] - Executing function: 'unified.us.functions.global.onboarding.navigateOnboardingToHome'
2025-03-24 09:36:45.024 [DEBUG] [thread-id 1] - Store in: store the value 'onboarding' in the variable 'executionStage'
2025-03-24 09:36:45.024 [DEBUG] [thread-id 1] - Welcome screen loaded
2025-03-24 09:36:45.027 [DEBUG] [thread-id 1] - conditionally execute a flow. condition: true
2025-03-24 09:36:45.266 [DEBUG] [thread-id 1] - Verify identifier: {cta.cancel.welcome=[true]}
2025-03-24 09:36:45.506 [DEBUG] [thread-id 1] - Store in: store the value 'true' in the variable 'testStarted'
2025-03-24 09:36:45.796 [DEBUG] [thread-id 1] - Click element: 'cta.cancel.welcome'
2025-03-24 09:36:46.789 [DEBUG] [thread-id 1] - Notifiction Prompt screen loaded
2025-03-24 09:36:49.065 [DEBUG] [thread-id 1] - Verify identifier: {NotificationPermissionViewController.titleLabel=[true]}
2025-03-24 09:36:49.317 [WARN] [thread-id 1] - variable allowNotifications was used, but r2 could not find a value for this variable. returning default of null
2025-03-24 09:36:49.318 [DEBUG] [thread-id 1] - conditionally execute a flow. condition: false
2025-03-24 09:36:51.637 [DEBUG] [thread-id 1] - Click element: 'cta.cancel.notifications'
2025-03-24 09:36:52.106 [DEBUG] [thread-id 1] - location screen loaded
2025-03-24 09:36:52.395 [DEBUG] [thread-id 1] - Verify identifier: {LocationPermissionViewController.titleLabel=[true]}
2025-03-24 09:36:52.395 [DEBUG] [thread-id 1] - Store in: store the value 'true' in the variable 'testStarted'
2025-03-24 09:36:52.441 [DEBUG] [thread-id 1] - Click element: 'Enter zip code'
2025-03-24 09:36:53.211 [DEBUG] [thread-id 1] - Verify identifier: {label.postal-code-entry=[true]}
2025-03-24 09:36:53.211 [DEBUG] [thread-id 1] - sleep:  2000 milliseconds
2025-03-24 09:36:55.298 [DEBUG] [thread-id 1] - Enter text: '95122'
2025-03-24 09:36:57.370 [DEBUG] [thread-id 1] - Click element: 'cta.continue'
2025-03-24 09:36:57.904 [DEBUG] [thread-id 1] - sleep:  3000 milliseconds
2025-03-24 09:37:11.222 [DEBUG] [thread-id 1] - Executing function: 'unified.us.functions.home.handlePersonalizedScreen'
2025-03-24 09:37:11.459 [DEBUG] [thread-id 1] - conditionally execute a flow. condition: true
2025-03-24 09:37:11.703 [DEBUG] [thread-id 1] - Observed Personalize Shopping Screen
2025-03-24 09:37:11.951 [DEBUG] [thread-id 1] - Verify identifier: {ATTPermissionViewController.bodyLabel=[true]}
2025-03-24 09:37:12.463 [DEBUG] [thread-id 1] - conditionally execute a flow. condition: true
2025-03-24 09:37:12.773 [DEBUG] [thread-id 1] - Click element: 'cta.continue.location'
2025-03-24 09:37:15.229 [DEBUG] [thread-id 1] - Personalized Shopping Experience Screen Handled.
2025-03-24 09:37:28.127 [DEBUG] [thread-id 1] - Executing function: 'unified.us.functions.gic.collapseIfExpanded'
2025-03-24 09:37:34.825 [DEBUG] [thread-id 1] - GIC already collapsed
2025-03-24 09:37:37.373 [DEBUG] [thread-id 1] - Verify identifier: {Search Walmart=[true]}
2025-03-24 09:37:37.374 [DEBUG] [thread-id 1] - Executing function: 'unified.us.functions.home.navigateHomeToSignIn'
2025-03-24 09:37:37.374 [DEBUG] [thread-id 1] - Store in: store the value 'Pre-transactions' in the variable 'executionStage'
2025-03-24 09:37:39.092 [DEBUG] [thread-id 1] - Click element: '//XCUIElementTypeButton[@name="Account"] | Account'
2025-03-24 09:37:42.007 [DEBUG] [thread-id 1] - Verify identifier: {//XCUIElementTypeButton[@name="SignInYourAccountTableViewCell.signInButton"] | //XCUIElementTypeButton[@name="SignInYourAccountView.signInButton"]=[true]}
2025-03-24 09:37:42.383 [DEBUG] [thread-id 1] - Click element: '//XCUIElementTypeButton[@name="SignInYourAccountTableViewCell.signInButton"] | //XCUIElementTypeButton[@name="SignInYourAccountView.signInButton"]'
2025-03-24 09:37:44.675 [DEBUG] [thread-id 1] - conditionally execute a flow. condition: true
2025-03-24 09:37:46.147 [DEBUG] [thread-id 1] - Store in: store the value 'true' in the variable 'signInValidated'
2025-03-24 09:37:46.163 [DEBUG] [thread-id 1] - conditionally execute a flow. condition: true
2025-03-24 09:37:47.540 [DEBUG] [thread-id 1] - SignIn page loaded
2025-03-24 09:37:49.106 [DEBUG] [thread-id 1] - Store in: store the value 'false' in the variable 'signInValidated'
2025-03-24 09:37:49.124 [DEBUG] [thread-id 1] - Executing function: 'unified.us.functions.authentication.signInInfo'
2025-03-24 09:37:49.125 [DEBUG] [thread-id 1] - conditionally execute a flow. condition: true
2025-03-24 09:37:50.491 [DEBUG] [thread-id 1] - Store in: store the value 'vision-e2e-prod1820@cloudtest.org' in the variable 'email'
2025-03-24 09:37:51.939 [DEBUG] [thread-id 1] - Store in: store the value 'E2epassword$' in the variable 'password'
2025-03-24 09:37:51.946 [DEBUG] [thread-id 1] - Executing function: 'unified.us.functions.global.authentication.signInAccount'
2025-03-24 09:37:51.947 [DEBUG] [thread-id 1] - conditionally execute a flow. condition: true
2025-03-24 09:38:05.007 [DEBUG] [thread-id 1] - Verify identifier: {TextFieldStackView.containerStackView=[true]}
2025-03-24 09:38:05.247 [DEBUG] [thread-id 1] - Enter text: 'vision-e2e-prod1820@cloudtest.org'
2025-03-24 09:38:10.258 [DEBUG] [thread-id 1] - Click element: 'WelcomeView.ctaButton'
2025-03-24 09:38:11.023 [DEBUG] [thread-id 1] - sleep:  2000 milliseconds
2025-03-24 09:38:13.771 [DEBUG] [thread-id 1] - conditionally execute a flow. condition: true
2025-03-24 09:38:15.279 [DEBUG] [thread-id 1] - Entered Email Successfully
2025-03-24 09:38:16.872 [DEBUG] [thread-id 1] - conditionally execute a flow. condition: true
2025-03-24 09:38:18.716 [DEBUG] [thread-id 1] - Click element: 'AuthChoiceView.passwordStackView'
2025-03-24 09:38:21.178 [DEBUG] [thread-id 1] - Selected Password Option to Login
2025-03-24 09:38:21.262 [DEBUG] [thread-id 1] - Verify identifier: {TextFieldStackView.textField=[true]}
2025-03-24 09:38:21.454 [DEBUG] [thread-id 1] - Enter text: 'E2epassword$'
2025-03-24 09:38:28.646 [DEBUG] [thread-id 1] - Click element: 'AuthChoiceView.ctaButton'
2025-03-24 09:38:50.184 [DEBUG] [thread-id 1] - conditionally execute a flow. condition: true
2025-03-24 09:38:50.973 [DEBUG] [thread-id 1] - sleep:  2000 milliseconds
2025-03-24 09:39:04.915 [DEBUG] [thread-id 1] - Executing function: 'unified.us.functions.utils.handleCartMergePopup'
2025-03-24 09:39:26.665 [DEBUG] [thread-id 1] - No Technical Error Page observed
2025-03-24 09:39:26.693 [DEBUG] [thread-id 1] - Executing function: 'unified.us.functions.home.toolTip'
2025-03-24 09:39:37.198 [DEBUG] [thread-id 1] - conditionally execute a flow. condition: false
2025-03-24 09:39:38.007 [DEBUG] [thread-id 1] - no tooltip displayed
2025-03-24 09:39:38.022 [DEBUG] [thread-id 1] - Executing function: 'unified.us.functions.global.navigation.accountToHome'
2025-03-24 09:39:38.022 [DEBUG] [thread-id 1] - Executing function: 'unified.us.functions.global.navigation.toTab'
2025-03-24 09:39:38.023 [DEBUG] [thread-id 1] - Executing function: 'unified.us.functions.utils.scrollIfNotVisible'
2025-03-24 09:39:38.024 [WARN] [thread-id 1] - variable scrollLimit was used, but r2 could not find a value for this variable. returning default of null
2025-03-24 09:39:38.024 [DEBUG] [thread-id 1] - conditionally execute a flow. condition: true
2025-03-24 09:39:38.799 [DEBUG] [thread-id 1] - Store in: store the value '7' in the variable 'scrollLimit'
2025-03-24 09:39:38.843 [DEBUG] [thread-id 1] - Scroll limit set to - 7
2025-03-24 09:39:38.844 [DEBUG] [thread-id 1] - conditionally execute a flow. condition: true
2025-03-24 09:39:40.181 [DEBUG] [thread-id 1] - conditionally execute a flow. condition: true
2025-03-24 09:39:40.987 [DEBUG] [thread-id 1] - Element already visible, scrolling is skipped
2025-03-24 09:39:41.020 [WARN] [thread-id 1] - variable scrollNeeded was used, but r2 could not find a value for this variable. returning default of null
2025-03-24 09:39:41.021 [DEBUG] [thread-id 1] - Resetting scrollPosition variable to default
2025-03-24 09:39:41.021 [DEBUG] [thread-id 1] - Store in: store the value 'null' in the variable 'scrollPosition'
2025-03-24 09:39:41.021 [DEBUG] [thread-id 1] - Store in: store the value 'null' in the variable 'identifierScope'
2025-03-24 09:39:41.022 [DEBUG] [thread-id 1] - Store in: store the value 'null' in the variable 'scrollLimit'
2025-03-24 09:39:41.022 [DEBUG] [thread-id 1] - Store in: store the value 'false' in the variable 'scrollNeeded'
2025-03-24 09:39:41.557 [DEBUG] [thread-id 1] - Click element: '//XCUIElementTypeButton[contains(@name, "Shop")]'
2025-03-24 09:39:42.081 [DEBUG] [thread-id 1] - Executing function: 'unified.us.functions.home.closeWPlusPromotionPopUpIfDisplayed'
2025-03-24 09:39:42.083 [DEBUG] [thread-id 1] - conditionally execute a flow. condition: true
2025-03-24 09:39:56.738 [DEBUG] [thread-id 1] - Executing function: 'unified.us.functions.global.navigation.toCartFromNavBar'
2025-03-24 09:39:56.739 [DEBUG] [thread-id 1] - Store in: store the value 'Transactions' in the variable 'executionStage'
2025-03-24 09:39:58.914 [DEBUG] [thread-id 1] - Verify identifier: {//XCUIElementTypeButton[contains(@label, "Your cart")] | //XCUIElementTypeButton[(@name="SearchResultsViewController.cartButton") or (contains(@label,"Your cart contains") and contains(@label,"The estimated total is")) or (@label="Your cart is empty")]=[true]}
2025-03-24 09:40:01.395 [DEBUG] [thread-id 1] - Click element: '//XCUIElementTypeButton[contains(@label, "Your cart")] | //XCUIElementTypeButton[(@name="SearchResultsViewController.cartButton") or (contains(@label,"Your cart contains") and contains(@label,"The estimated total is")) or (@label="Your cart is empty")]'
2025-03-24 09:40:02.614 [DEBUG] [thread-id 1] - Executing function: 'unified.us.functions.cart.storeChangePopUp'
2025-03-24 09:40:11.812 [DEBUG] [thread-id 1] - No Store Change pop up screen displayed
2025-03-24 09:40:14.191 [DEBUG] [thread-id 1] - conditionally execute a flow. condition: true
2025-03-24 09:40:16.654 [DEBUG] [thread-id 1] - cart Page loaded
2025-03-24 09:40:16.850 [DEBUG] [thread-id 1] - Executing function: 'unified.us.functions.cart.removeAllCartItems'
2025-03-24 09:40:16.852 [DEBUG] [thread-id 1] - Executing function: 'unified.us.functions.cart.storeChangePopUp'
2025-03-24 09:40:21.581 [DEBUG] [thread-id 1] - No Store Change pop up screen displayed
2025-03-24 09:40:21.792 [DEBUG] [thread-id 1] - Executing function: 'unified.us.functions.cart.removeAdonsNotAvailable'
2025-03-24 09:40:27.524 [DEBUG] [thread-id 1] - No remove Adons pop up screen displayed
2025-03-24 09:40:29.879 [DEBUG] [thread-id 1] - conditionally execute a flow. condition: true
2025-03-24 09:40:32.152 [DEBUG] [thread-id 1] - No items in cart
2025-03-24 09:40:32.355 [DEBUG] [thread-id 1] - Executing function: 'unified.us.functions.cart.removeUnavailableItemsFromCart'
2025-03-24 09:40:32.356 [DEBUG] [thread-id 1] - conditionally execute a flow. condition: true
2025-03-24 09:40:46.303 [DEBUG] [thread-id 1] - Executing function: 'unified.us.functions.global.navigation.backNavigation'
2025-03-24 09:40:46.306 [DEBUG] [thread-id 1] - Global Back navigation
2025-03-24 09:40:46.308 [DEBUG] [thread-id 1] - conditionally execute a flow. condition: true
2025-03-24 09:40:53.313 [DEBUG] [thread-id 1] - Click element: '//XCUIElementTypeButton[@name="Back" or @label="Back"] | //XCUIElementTypeNavigationBar[@name="Cart"]/XCUIElementTypeButton[contains(@name,"Search")] | //XCUIElementTypeNavigationBar/XCUIElementTypeButton[not(contains(@label,"cart"))]'
2025-03-24 09:40:54.382 [DEBUG] [thread-id 1] - Executing function: 'unified.us.functions.gic.expandIfCollapsed'
2025-03-24 09:41:00.252 [DEBUG] [thread-id 1] - Verify identifier: {//*[contains(@label,"Collapsed")] | //*[contains(@name,"Collapsed")]=[true]}
2025-03-24 09:41:05.402 [DEBUG] [thread-id 1] - Click element: '//*[contains(@label,"Collapsed")] | //*[contains(@name,"Collapsed")]'
2025-03-24 09:41:06.621 [DEBUG] [thread-id 1] - Executing function: 'unified.us.functions.gic.setFulfillment'
2025-03-24 09:41:06.622 [DEBUG] [thread-id 1] - conditionally execute a flow. condition: true
2025-03-24 09:41:17.312 [DEBUG] [thread-id 1] - conditionally execute a flow. condition: false
2025-03-24 09:41:20.300 [DEBUG] [thread-id 1] - Click element: '//XCUIElementTypeButton[@name="GlobalIntentCenter.Shipping"] | //XCUIElementTypeButton[contains(@name, "Shipping") ] | //XCUIElementTypeButton[@name="HoTIntentOptionsView" or @name="HoTIntentOptionsPhase2View" and contains(@label,"Shipping")]'
2025-03-24 09:41:21.482 [DEBUG] [thread-id 1] - Shipping intent selected
2025-03-24 09:41:22.068 [DEBUG] [thread-id 1] - sleep:  3000 milliseconds
2025-03-24 09:41:25.108 [DEBUG] [thread-id 1] - sleep:  8000 milliseconds
2025-03-24 09:41:33.113 [DEBUG] [thread-id 1] - Executing function: 'unified.us.functions.global.navigation.goToDeepLink'
2025-03-24 09:41:33.115 [DEBUG] [thread-id 1] - Store in: store the value 'Post-transactions' in the variable 'executionStage'
2025-03-24 09:41:33.117 [DEBUG] [thread-id 1] - Open deep link
2025-03-24 09:41:33.119 [DEBUG] [thread-id 1] - walmart://ip/279062625
2025-03-24 09:41:33.120 [DEBUG] [thread-id 1] - Verify value of: '$deepLinkUrl'
2025-03-24 09:41:33.122 [DEBUG] [thread-id 1] - Open link: 'walmart://ip/279062625'
2025-03-24 09:41:33.896 [DEBUG] [thread-id 1] - conditionally execute a flow. condition: true
2025-03-24 09:41:35.213 [DEBUG] [thread-id 1] - Executing function: 'unified.us.functions.global.navigation.openDeepLink'
2025-03-24 09:41:36.031 [DEBUG] [thread-id 1] - Deeplink pop up not displayed
2025-03-24 09:41:36.042 [DEBUG] [thread-id 1] - sleep:  3000 milliseconds
2025-03-24 09:41:39.050 [DEBUG] [thread-id 1] - Executing function: 'unified.us.functions.item.visionItem.verifySelectLenses'
2025-03-24 09:41:39.056 [DEBUG] [thread-id 1] - Scroll: down
2025-03-24 09:42:48.782 [DEBUG] [thread-id 1] - Verify identifier: {//XCUIElementTypeButton[@name="Select lenses"]=[true]}
2025-03-24 09:42:59.569 [DEBUG] [thread-id 1] - Click element: '//XCUIElementTypeButton[@name="Select lenses"]'
2025-03-24 09:43:38.233 [DEBUG] [thread-id 1] - Verify identifier: {//XCUIElementTypeStaticText[@name="Select your lenses"]=[true], //XCUIElementTypeStaticText[@name="Single vision"]=[true], //XCUIElementTypeStaticText[@name="Whatâ€™s your prescription type?"]=[true]}
2025-03-24 09:43:49.291 [DEBUG] [thread-id 1] - Click element: '//XCUIElementTypeStaticText[@name="Single vision"]'
2025-03-24 09:44:04.865 [DEBUG] [thread-id 1] - Click element: '//XCUIElementTypeButton[@label="Continue"] |  //XCUIElementTypeButton[@label="Done"]'
2025-03-24 09:44:11.284 [DEBUG] [thread-id 1] - sleep:  2000 milliseconds
2025-03-24 09:44:13.292 [DEBUG] [thread-id 1] - conditionally execute a flow. condition: true
2025-03-24 09:44:26.028 [DEBUG] [thread-id 1] - Selecting Lense
2025-03-24 09:45:24.801 [DEBUG] [thread-id 1] - Verify identifier: {//XCUIElementTypeCell[contains(@name,"Clear")] | //XCUIElementTypeCell[@name="Clear, Included, Classic lenses that are great for all purposes."]/XCUIElementTypeOther[2]=[true], //XCUIElementTypeButton[@label="Continue"] |  //XCUIElementTypeButton[@label="Done"]=[true], //XCUIElementTypeButton[@name="Close"]=[true], What type of lenses do you need?=[true], //XCUIElementTypeStaticText[@name="Sunglasses"]=[true]}
2025-03-24 09:45:38.699 [DEBUG] [thread-id 1] - conditionally execute a flow. condition: true
2025-03-24 09:45:52.518 [DEBUG] [thread-id 1] - Selecting 'Clear' option
2025-03-24 09:46:18.295 [DEBUG] [thread-id 1] - Click element: '//XCUIElementTypeCell[contains(@name,"Clear")] | //XCUIElementTypeCell[@name="Clear, Included, Classic lenses that are great for all purposes."]/XCUIElementTypeOther[2]'
2025-03-24 09:47:19.148 [DEBUG] [thread-id 1] - Click element: '//XCUIElementTypeButton[@label="Continue"] |  //XCUIElementTypeButton[@label="Done"]'
2025-03-24 09:47:25.501 [DEBUG] [thread-id 1] - sleep:  2000 milliseconds
2025-03-24 09:47:49.345 [DEBUG] [thread-id 1] - Verify identifier: {//XCUIElementTypeCell[contains(@name,"Standard")]=[true], //XCUIElementTypeStaticText[@name="Polycarbonate"] | //XCUIElementTypeCell[contains(@name,"Standard")]=[true]}
2025-03-24 09:47:49.351 [DEBUG] [thread-id 1] - conditionally execute a flow. condition: true
2025-03-24 09:48:03.663 [DEBUG] [thread-id 1] - Selecting 'Standard' option
2025-03-24 09:48:28.953 [DEBUG] [thread-id 1] - Click element: '//XCUIElementTypeCell[contains(@name,"Standard")]'
2025-03-24 09:48:44.843 [DEBUG] [thread-id 1] - Click element: '//XCUIElementTypeButton[@label="Continue"] |  //XCUIElementTypeButton[@label="Done"]'
2025-03-24 09:48:51.671 [DEBUG] [thread-id 1] - sleep:  2000 milliseconds
2025-03-24 09:48:53.675 [WARN] [thread-id 1] - variable LenseColor was used, but r2 could not find a value for this variable. returning default of null
2025-03-24 09:48:53.682 [WARN] [thread-id 1] - variable LenseColor was used, but r2 could not find a value for this variable. returning default of null
2025-03-24 09:49:07.506 [DEBUG] [thread-id 1] - sleep:  2000 milliseconds
2025-03-24 09:49:32.182 [DEBUG] [thread-id 1] - Verify identifier: {//XCUIElementTypeStaticText[contains(@name,"Is there anything you want to add")]=[true], //XCUIElementTypeCell[contains(@name,"No add-ons")]=[true]}
2025-03-24 09:49:32.187 [DEBUG] [thread-id 1] - conditionally execute a flow. condition: true
2025-03-24 09:49:46.069 [DEBUG] [thread-id 1] - Selecting 'No add-ons'
2025-03-24 09:50:11.829 [DEBUG] [thread-id 1] - Click element: '//XCUIElementTypeCell[contains(@name,"No add-ons")]'
2025-03-24 09:50:28.008 [DEBUG] [thread-id 1] - Click element: '//XCUIElementTypeButton[@label="Continue"] |  //XCUIElementTypeButton[@label="Done"]'
2025-03-24 09:50:34.591 [DEBUG] [thread-id 1] - sleep:  2000 milliseconds
2025-03-24 09:51:19.954 [DEBUG] [thread-id 1] - Verify identifier: {//XCUIElementTypeOther[contains(@label,"Lenses")]=[true], //XCUIElementTypeOther[contains(@label,"Subtotal")]=[true], //XCUIElementTypeStaticText[@name="Review your selections"]=[true], //XCUIElementTypeOther[contains(@label,"Frames")]=[true]}
2025-03-24 09:51:19.963 [DEBUG] [thread-id 1] - Executing function: 'us.functions.item.visionItem.AddPrescription'
2025-03-24 09:51:19.963 [DEBUG] [thread-id 1] - Store in: store the value 'Transactions' in the variable 'executionStage'
2025-03-24 09:51:57.535 [DEBUG] [thread-id 1] - No smart Nudge View pop up
2025-03-24 09:52:38.736 [DEBUG] [thread-id 1] - Click element: '//XCUIElementTypeButton[@label="Add prescription"] | //XCUIElementTypeButton[@name="CartItemTileView.addVisionCTAButton" and @accessible ="true"] | //XCUIElementTypeButton[@name="PrescriptionOrderFooter.addPrescriptionButton"]'
2025-03-24 09:52:48.258 [DEBUG] [thread-id 1] - sleep:  3000 milliseconds
2025-03-24 09:52:51.266 [DEBUG] [thread-id 1] - conditionally execute a flow. condition: true
2025-03-24 09:53:03.303 [DEBUG] [thread-id 1] - Selecting 'PatientA - Native Test'
2025-03-24 09:53:30.238 [DEBUG] [thread-id 1] - conditionally execute a flow. condition: false
2025-03-24 09:53:53.679 [DEBUG] [thread-id 1] - Enter text: 'VisionA'
2025-03-24 09:54:29.419 [DEBUG] [thread-id 1] - Enter text: 'Test'
2025-03-24 09:54:54.494 [DEBUG] [thread-id 1] - conditionally execute a flow. condition: true
2025-03-24 09:55:17.584 [DEBUG] [thread-id 1] - Click element: 'Done'
2025-03-24 09:55:51.148 [DEBUG] [thread-id 1] - Enter text: '08/30/1991'
2025-03-24 09:56:16.011 [DEBUG] [thread-id 1] - conditionally execute a flow. condition: true
2025-03-24 09:56:38.876 [DEBUG] [thread-id 1] - Click element: 'Done'
2025-03-24 09:57:06.849 [DEBUG] [thread-id 1] - Click element: 'AcknowledgementLabel.checkbox'
2025-03-24 09:57:41.029 [DEBUG] [thread-id 1] - Click element: '//XCUIElementTypeButton[@label="Continue"] |  //XCUIElementTypeButton[@label="Done"]'
2025-03-24 09:57:47.397 [DEBUG] [thread-id 1] - Executing function: 'us.functions.item.addVisionPDImage'
2025-03-24 09:58:17.856 [DEBUG] [thread-id 1] - Click element: 'ImageGrid.selectSquare'
2025-03-24 09:58:39.280 [DEBUG] [thread-id 1] - Verify identifier: {//XCUIElementTypeOther[@name="AddPrescriptionFooter.continueButton.bottomSheet"]=[true]}
2025-03-24 09:58:50.461 [DEBUG] [thread-id 1] - Click element: '//XCUIElementTypeOther[@name="AddPrescriptionFooter.continueButton.bottomSheet"]'
2025-03-24 09:59:09.794 [DEBUG] [thread-id 1] - Verify identifier: {Choose existing=[true]}
2025-03-24 09:59:13.925 [DEBUG] [thread-id 1] - Click element: 'Choose existing'
2025-03-24 09:59:38.165 [DEBUG] [thread-id 1] - conditionally execute a flow. condition: true
2025-03-24 09:59:56.128 [DEBUG] [thread-id 1] - Click element: 'PermissionPromptViewController.primaryActionButton'
2025-03-24 10:00:08.103 [DEBUG] [thread-id 1] - sleep:  3000 milliseconds
2025-03-24 10:00:57.777 [DEBUG] [thread-id 1] - sleep:  3000 milliseconds
2025-03-24 10:01:13.598 [DEBUG] [thread-id 1] - conditionally execute a flow. condition: true
2025-03-24 10:01:31.731 [DEBUG] [thread-id 1] - Click element: 'Go to settings'
2025-03-24 10:03:15.760 [DEBUG] [thread-id 1] - sleep:  2000 milliseconds
2025-03-24 10:03:17.979 [DEBUG] [thread-id 1] - conditionally execute a flow. condition: true
2025-03-24 10:03:18.499 [DEBUG] [thread-id 1] - Inside settings
2025-03-24 10:03:19.002 [DEBUG] [thread-id 1] - sleep:  2000 milliseconds
2025-03-24 10:03:22.571 [DEBUG] [thread-id 1] - Click element: '110,202'
2025-03-24 10:03:24.153 [DEBUG] [thread-id 1] - Click element: '110,202'
2025-03-24 10:03:25.778 [DEBUG] [thread-id 1] - Click element: '110,202'
2025-03-24 10:03:27.376 [DEBUG] [thread-id 1] - Click element: '110,202'
2025-03-24 10:03:28.939 [DEBUG] [thread-id 1] - Click element: '110,202'
2025-03-24 10:03:30.486 [DEBUG] [thread-id 1] - Click element: '110,202'
2025-03-24 10:03:32.046 [DEBUG] [thread-id 1] - Click element: '110,202'
2025-03-24 10:03:33.607 [DEBUG] [thread-id 1] - Click element: '110,202'
2025-03-24 10:03:35.156 [DEBUG] [thread-id 1] - Click element: '110,202'
2025-03-24 10:03:36.713 [DEBUG] [thread-id 1] - Click element: '110,202'
2025-03-24 10:03:38.269 [DEBUG] [thread-id 1] - Click element: '110,202'
2025-03-24 10:03:39.841 [DEBUG] [thread-id 1] - Click element: '110,202'
2025-03-24 10:03:41.398 [DEBUG] [thread-id 1] - Click element: '110,202'
2025-03-24 10:03:42.406 [DEBUG] [thread-id 1] - Main failed: Cannot click 'null'
2025-03-24 10:03:43.484 [DEBUG] [thread-id 1] - Executing scenario: 'After'
2025-03-24 10:03:43.485 [DEBUG] [thread-id 1] - Executing function: 'unified.us.functions.utils.afterSteps'
2025-03-24 10:03:43.485 [WARN] [thread-id 1] - variable testStatus was used, but r2 could not find a value for this variable. returning default of null
2025-03-24 10:03:43.486 [DEBUG] [thread-id 1] - conditionally execute a flow. condition: false
2025-03-24 10:03:43.993 [DEBUG] [thread-id 1] - Test failed
2025-03-24 10:04:46.113 [DEBUG] [thread-id 1] - Created report: /Users/m0k0a2f/glass-automation/report/index.html
2025-03-24 10:32:58.349 [ERROR] [thread-id 1] - org.yaml.snakeyaml.constructor.ConstructorException: Cannot create property=permissions for JavaBean=com.walmartlabs.data.dependencies.Dependencies@1d035be3
 in 'reader', line 1, column 1:
    general:
    ^
Unable to find property 'permissions' on class: com.walmartlabs.data.dependencies.Dependencies
 in 'reader', line 23, column 5:
        com.walmart.beta.electronics:
        ^

2025-03-24 10:35:07.543 [ERROR] [thread-id 1] - org.yaml.snakeyaml.constructor.ConstructorException: Cannot create property=general for JavaBean=com.walmartlabs.data.dependencies.Dependencies@4a60ee36
 in 'reader', line 1, column 1:
    general:
    ^
Cannot create property=permissions for JavaBean=com.walmartlabs.data.dependencies.General@1d035be3
 in 'reader', line 2, column 3:
      automationName: XCUITest
      ^
Unable to find property 'permissions' on class: com.walmartlabs.data.dependencies.General
 in 'reader', line 23, column 5:
        com.walmart.beta.electronics:
        ^

 in 'reader', line 2, column 3:
      automationName: XCUITest
      ^

2025-03-24 10:37:02.233 [ERROR] [thread-id 1] - org.yaml.snakeyaml.constructor.ConstructorException: Cannot create property=general for JavaBean=com.walmartlabs.data.dependencies.Dependencies@4a60ee36
 in 'reader', line 1, column 1:
    general:
    ^
Cannot create property=permissions for JavaBean=com.walmartlabs.data.dependencies.General@1d035be3
 in 'reader', line 2, column 3:
      automationName: XCUITest
      ^
Unable to find property 'permissions' on class: com.walmartlabs.data.dependencies.General
 in 'reader', line 22, column 5:
        com.walmart.beta.electronics:
        ^

 in 'reader', line 2, column 3:
      automationName: XCUITest
      ^

2025-03-24 10:39:27.129 [DEBUG] [thread-id 1] - Executing R2 4.0.2: '/Users/m0k0a2f/glass-automation/us/unified-e2e-tests/test-scripts/vision-flows/production/C2707320-multiple-prescription-and-patients-with-same-lense-and-frame.yaml' on device: 'iPhone 15'
2025-03-24 10:40:24.377 [DEBUG] [thread-id 1] - Executing scenario: 'Before'
2025-03-24 10:40:24.381 [DEBUG] [thread-id 1] - Execute before steps
2025-03-24 10:40:24.384 [DEBUG] [thread-id 1] - Executing function: 'us.function.utils.getEnvironmentValue'
2025-03-24 10:40:24.385 [DEBUG] [thread-id 1] - Store in: store the value 'Onboarding' in the variable 'executionStage'
2025-03-24 10:40:24.385 [DEBUG] [thread-id 1] - Store in: store the value 'production' in the variable 'env'
2025-03-24 10:40:24.386 [DEBUG] [thread-id 1] - Timestamp: 1742838024386
2025-03-24 10:40:24.388 [DEBUG] [thread-id 1] - Executing function: 'functions.utils.setPlatformInfo'
2025-03-24 10:40:24.389 [DEBUG] [thread-id 1] - Store in: store the value 'Onboarding' in the variable 'executionStage'
2025-03-24 10:40:24.392 [WARN] [thread-id 1] - variable dependencies.general.appPackage was used, but r2 could not find a value for this variable. returning default of null
2025-03-24 10:40:24.393 [DEBUG] [thread-id 1] - Store in: store the value 'null' in the variable 'appPackage'
2025-03-24 10:40:24.405 [DEBUG] [thread-id 1] - conditionally execute a flow. condition: true
2025-03-24 10:40:27.569 [DEBUG] [thread-id 1] - Store in: store the value 'iOS' in the variable 'platform'
2025-03-24 10:40:27.597 [DEBUG] [thread-id 1] - R2_SUBFLOW_PRE_TRANSACTION
2025-03-24 10:40:28.362 [DEBUG] [thread-id 1] - Using us-errors-helpers.yaml
2025-03-24 10:40:29.048 [DEBUG] [thread-id 1] - Start main
2025-03-24 10:40:29.049 [DEBUG] [thread-id 1] - Executing function: 'unified.us.functions.global.onboarding.navigateOnboardingToHome'
2025-03-24 10:40:29.050 [DEBUG] [thread-id 1] - Store in: store the value 'onboarding' in the variable 'executionStage'
2025-03-24 10:40:29.050 [DEBUG] [thread-id 1] - Welcome screen loaded
2025-03-24 10:40:29.054 [DEBUG] [thread-id 1] - conditionally execute a flow. condition: true
2025-03-24 10:40:29.377 [DEBUG] [thread-id 1] - Verify identifier: {cta.cancel.welcome=[true]}
2025-03-24 10:40:29.619 [DEBUG] [thread-id 1] - Store in: store the value 'true' in the variable 'testStarted'
2025-03-24 10:40:29.928 [DEBUG] [thread-id 1] - Click element: 'cta.cancel.welcome'
2025-03-24 10:40:30.769 [DEBUG] [thread-id 1] - Notifiction Prompt screen loaded
2025-03-24 10:40:31.023 [DEBUG] [thread-id 1] - Verify identifier: {NotificationPermissionViewController.titleLabel=[true]}
2025-03-24 10:40:31.257 [WARN] [thread-id 1] - variable allowNotifications was used, but r2 could not find a value for this variable. returning default of null
2025-03-24 10:40:31.257 [DEBUG] [thread-id 1] - conditionally execute a flow. condition: false
2025-03-24 10:40:33.539 [DEBUG] [thread-id 1] - Click element: 'cta.cancel.notifications'
2025-03-24 10:40:34.002 [DEBUG] [thread-id 1] - location screen loaded
2025-03-24 10:40:34.251 [DEBUG] [thread-id 1] - Verify identifier: {LocationPermissionViewController.titleLabel=[true]}
2025-03-24 10:40:34.251 [DEBUG] [thread-id 1] - Store in: store the value 'true' in the variable 'testStarted'
2025-03-24 10:40:34.289 [DEBUG] [thread-id 1] - Click element: 'Enter zip code'
2025-03-24 10:40:34.978 [DEBUG] [thread-id 1] - Verify identifier: {label.postal-code-entry=[true]}
2025-03-24 10:40:34.978 [DEBUG] [thread-id 1] - sleep:  2000 milliseconds
2025-03-24 10:40:37.032 [DEBUG] [thread-id 1] - Enter text: '95122'
2025-03-24 10:40:38.455 [DEBUG] [thread-id 1] - Click element: 'cta.continue'
2025-03-24 10:40:38.945 [DEBUG] [thread-id 1] - sleep:  3000 milliseconds
2025-03-24 10:40:51.960 [DEBUG] [thread-id 1] - Executing function: 'unified.us.functions.home.handlePersonalizedScreen'
2025-03-24 10:40:52.162 [DEBUG] [thread-id 1] - conditionally execute a flow. condition: true
2025-03-24 10:40:52.392 [DEBUG] [thread-id 1] - Observed Personalize Shopping Screen
2025-03-24 10:40:52.620 [DEBUG] [thread-id 1] - Verify identifier: {ATTPermissionViewController.bodyLabel=[true]}
2025-03-24 10:40:53.047 [DEBUG] [thread-id 1] - conditionally execute a flow. condition: true
2025-03-24 10:40:53.331 [DEBUG] [thread-id 1] - Click element: 'cta.continue.location'
2025-03-24 10:40:55.607 [DEBUG] [thread-id 1] - Personalized Shopping Experience Screen Handled.
2025-03-24 10:41:07.884 [DEBUG] [thread-id 1] - Executing function: 'unified.us.functions.gic.collapseIfExpanded'
2025-03-24 10:41:12.970 [DEBUG] [thread-id 1] - GIC already collapsed
2025-03-24 10:41:15.334 [DEBUG] [thread-id 1] - Verify identifier: {Search Walmart=[true]}
2025-03-24 10:41:15.335 [DEBUG] [thread-id 1] - Executing function: 'unified.us.functions.home.navigateHomeToSignIn'
2025-03-24 10:41:15.336 [DEBUG] [thread-id 1] - Store in: store the value 'Pre-transactions' in the variable 'executionStage'
2025-03-24 10:41:37.285 [DEBUG] [thread-id 1] - Main failed: Cannot click '//XCUIElementTypeButton[@name="Account"] | Account'
2025-03-24 10:41:42.108 [DEBUG] [thread-id 1] - Executing scenario: 'After'
2025-03-24 10:41:42.114 [DEBUG] [thread-id 1] - Executing function: 'unified.us.functions.utils.afterSteps'
2025-03-24 10:41:42.120 [WARN] [thread-id 1] - variable testStatus was used, but r2 could not find a value for this variable. returning default of null
2025-03-24 10:41:42.121 [DEBUG] [thread-id 1] - conditionally execute a flow. condition: false
2025-03-24 10:41:44.267 [DEBUG] [thread-id 1] - Test failed
2025-03-24 10:41:53.030 [DEBUG] [thread-id 1] - Created report: /Users/m0k0a2f/glass-automation/report/index.html
2025-03-24 10:43:04.808 [DEBUG] [thread-id 1] - Executing R2 4.0.2: '/Users/m0k0a2f/glass-automation/us/unified-e2e-tests/test-scripts/vision-flows/production/C2707320-multiple-prescription-and-patients-with-same-lense-and-frame.yaml' on device: 'iPhone 15'
2025-03-24 10:44:13.810 [DEBUG] [thread-id 1] - Executing scenario: 'Before'
2025-03-24 10:44:13.813 [DEBUG] [thread-id 1] - Execute before steps
2025-03-24 10:44:13.820 [DEBUG] [thread-id 1] - Executing function: 'us.function.utils.getEnvironmentValue'
2025-03-24 10:44:13.821 [DEBUG] [thread-id 1] - Store in: store the value 'Onboarding' in the variable 'executionStage'
2025-03-24 10:44:13.821 [DEBUG] [thread-id 1] - Store in: store the value 'production' in the variable 'env'
2025-03-24 10:44:13.822 [DEBUG] [thread-id 1] - Timestamp: 1742838253822
2025-03-24 10:44:13.823 [DEBUG] [thread-id 1] - Executing function: 'functions.utils.setPlatformInfo'
2025-03-24 10:44:13.823 [DEBUG] [thread-id 1] - Store in: store the value 'Onboarding' in the variable 'executionStage'
2025-03-24 10:44:13.826 [WARN] [thread-id 1] - variable dependencies.general.appPackage was used, but r2 could not find a value for this variable. returning default of null
2025-03-24 10:44:13.827 [DEBUG] [thread-id 1] - Store in: store the value 'null' in the variable 'appPackage'
2025-03-24 10:44:13.837 [DEBUG] [thread-id 1] - conditionally execute a flow. condition: true
2025-03-24 10:44:14.124 [DEBUG] [thread-id 1] - Store in: store the value 'iOS' in the variable 'platform'
2025-03-24 10:44:14.132 [DEBUG] [thread-id 1] - R2_SUBFLOW_PRE_TRANSACTION
2025-03-24 10:44:14.712 [DEBUG] [thread-id 1] - Using us-errors-helpers.yaml
2025-03-24 10:44:15.296 [DEBUG] [thread-id 1] - Start main
2025-03-24 10:44:15.297 [DEBUG] [thread-id 1] - Executing function: 'unified.us.functions.global.onboarding.navigateOnboardingToHome'
2025-03-24 10:44:15.298 [DEBUG] [thread-id 1] - Store in: store the value 'onboarding' in the variable 'executionStage'
2025-03-24 10:44:15.298 [DEBUG] [thread-id 1] - Welcome screen loaded
2025-03-24 10:44:15.302 [DEBUG] [thread-id 1] - conditionally execute a flow. condition: true
2025-03-24 10:44:15.585 [DEBUG] [thread-id 1] - Verify identifier: {cta.cancel.welcome=[true]}
2025-03-24 10:44:16.028 [DEBUG] [thread-id 1] - Store in: store the value 'true' in the variable 'testStarted'
2025-03-24 10:44:16.364 [DEBUG] [thread-id 1] - Click element: 'cta.cancel.welcome'
2025-03-24 10:44:17.308 [DEBUG] [thread-id 1] - Notifiction Prompt screen loaded
2025-03-24 10:44:18.437 [DEBUG] [thread-id 1] - Verify identifier: {NotificationPermissionViewController.titleLabel=[true]}
2025-03-24 10:44:18.724 [WARN] [thread-id 1] - variable allowNotifications was used, but r2 could not find a value for this variable. returning default of null
2025-03-24 10:44:18.725 [DEBUG] [thread-id 1] - conditionally execute a flow. condition: false
2025-03-24 10:44:21.059 [DEBUG] [thread-id 1] - Click element: 'cta.cancel.notifications'
2025-03-24 10:44:21.571 [DEBUG] [thread-id 1] - location screen loaded
2025-03-24 10:44:21.882 [DEBUG] [thread-id 1] - Verify identifier: {LocationPermissionViewController.titleLabel=[true]}
2025-03-24 10:44:21.882 [DEBUG] [thread-id 1] - Store in: store the value 'true' in the variable 'testStarted'
2025-03-24 10:44:21.929 [DEBUG] [thread-id 1] - Click element: 'Enter zip code'
2025-03-24 10:44:22.728 [DEBUG] [thread-id 1] - Verify identifier: {label.postal-code-entry=[true]}
2025-03-24 10:44:22.728 [DEBUG] [thread-id 1] - sleep:  2000 milliseconds
2025-03-24 10:44:24.797 [DEBUG] [thread-id 1] - Enter text: '95122'
2025-03-24 10:44:26.539 [DEBUG] [thread-id 1] - Click element: 'cta.continue'
2025-03-24 10:44:27.063 [DEBUG] [thread-id 1] - sleep:  3000 milliseconds
2025-03-24 10:44:40.329 [DEBUG] [thread-id 1] - Executing function: 'unified.us.functions.home.handlePersonalizedScreen'
2025-03-24 10:44:40.585 [DEBUG] [thread-id 1] - conditionally execute a flow. condition: true
2025-03-24 10:44:40.843 [DEBUG] [thread-id 1] - Observed Personalize Shopping Screen
2025-03-24 10:44:41.191 [DEBUG] [thread-id 1] - Verify identifier: {ATTPermissionViewController.bodyLabel=[true]}
2025-03-24 10:44:41.774 [DEBUG] [thread-id 1] - conditionally execute a flow. condition: true
2025-03-24 10:44:42.079 [DEBUG] [thread-id 1] - Click element: 'cta.continue.location'
2025-03-24 10:44:48.515 [DEBUG] [thread-id 1] - Personalized Shopping Experience Screen Handled.
2025-03-24 10:44:59.711 [DEBUG] [thread-id 1] - Executing function: 'unified.us.functions.gic.collapseIfExpanded'
2025-03-24 10:45:07.845 [DEBUG] [thread-id 1] - GIC already collapsed
2025-03-24 10:45:11.042 [DEBUG] [thread-id 1] - Verify identifier: {Search Walmart=[true]}
2025-03-24 10:45:11.043 [DEBUG] [thread-id 1] - Executing function: 'unified.us.functions.home.navigateHomeToSignIn'
2025-03-24 10:45:11.044 [DEBUG] [thread-id 1] - Store in: store the value 'Pre-transactions' in the variable 'executionStage'
2025-03-24 10:45:13.021 [DEBUG] [thread-id 1] - Click element: '//XCUIElementTypeButton[@name="Account"] | Account'
2025-03-24 10:45:16.858 [DEBUG] [thread-id 1] - Verify identifier: {//XCUIElementTypeButton[@name="SignInYourAccountTableViewCell.signInButton"] | //XCUIElementTypeButton[@name="SignInYourAccountView.signInButton"]=[true]}
2025-03-24 10:45:17.235 [DEBUG] [thread-id 1] - Click element: '//XCUIElementTypeButton[@name="SignInYourAccountTableViewCell.signInButton"] | //XCUIElementTypeButton[@name="SignInYourAccountView.signInButton"]'
2025-03-24 10:45:20.073 [DEBUG] [thread-id 1] - conditionally execute a flow. condition: true
2025-03-24 10:45:21.720 [DEBUG] [thread-id 1] - Store in: store the value 'true' in the variable 'signInValidated'
2025-03-24 10:45:21.809 [DEBUG] [thread-id 1] - conditionally execute a flow. condition: true
2025-03-24 10:45:23.446 [DEBUG] [thread-id 1] - SignIn page loaded
2025-03-24 10:45:25.159 [DEBUG] [thread-id 1] - Store in: store the value 'false' in the variable 'signInValidated'
2025-03-24 10:45:25.259 [DEBUG] [thread-id 1] - Executing function: 'unified.us.functions.authentication.signInInfo'
2025-03-24 10:45:25.260 [DEBUG] [thread-id 1] - conditionally execute a flow. condition: true
2025-03-24 10:45:26.959 [DEBUG] [thread-id 1] - Store in: store the value 'vision-e2e-prod1820@cloudtest.org' in the variable 'email'
2025-03-24 10:45:28.566 [DEBUG] [thread-id 1] - Store in: store the value 'E2epassword$' in the variable 'password'
2025-03-24 10:45:28.660 [DEBUG] [thread-id 1] - Executing function: 'unified.us.functions.global.authentication.signInAccount'
2025-03-24 10:45:28.661 [DEBUG] [thread-id 1] - conditionally execute a flow. condition: true
2025-03-24 10:45:43.919 [DEBUG] [thread-id 1] - Verify identifier: {TextFieldStackView.containerStackView=[true]}
2025-03-24 10:45:44.128 [DEBUG] [thread-id 1] - Enter text: 'vision-e2e-prod1820@cloudtest.org'
2025-03-24 10:45:49.410 [DEBUG] [thread-id 1] - Click element: 'WelcomeView.ctaButton'
2025-03-24 10:45:50.259 [DEBUG] [thread-id 1] - sleep:  2000 milliseconds
2025-03-24 10:45:53.041 [DEBUG] [thread-id 1] - conditionally execute a flow. condition: true
2025-03-24 10:45:54.818 [DEBUG] [thread-id 1] - Entered Email Successfully
2025-03-24 10:45:56.719 [DEBUG] [thread-id 1] - conditionally execute a flow. condition: true
2025-03-24 10:45:58.841 [DEBUG] [thread-id 1] - Click element: 'AuthChoiceView.passwordStackView'
2025-03-24 10:46:01.636 [DEBUG] [thread-id 1] - Selected Password Option to Login
2025-03-24 10:46:01.742 [DEBUG] [thread-id 1] - Verify identifier: {TextFieldStackView.textField=[true]}
2025-03-24 10:46:01.978 [DEBUG] [thread-id 1] - Enter text: 'E2epassword$'
2025-03-24 10:46:09.599 [DEBUG] [thread-id 1] - Click element: 'AuthChoiceView.ctaButton'
2025-03-24 10:46:31.077 [DEBUG] [thread-id 1] - conditionally execute a flow. condition: true
2025-03-24 10:46:31.998 [DEBUG] [thread-id 1] - sleep:  2000 milliseconds
2025-03-24 10:46:45.556 [DEBUG] [thread-id 1] - Executing function: 'unified.us.functions.utils.handleCartMergePopup'
2025-03-24 10:47:07.095 [DEBUG] [thread-id 1] - No Technical Error Page observed
2025-03-24 10:47:07.106 [DEBUG] [thread-id 1] - Executing function: 'unified.us.functions.home.toolTip'
2025-03-24 10:47:17.881 [DEBUG] [thread-id 1] - conditionally execute a flow. condition: false
2025-03-24 10:47:18.758 [DEBUG] [thread-id 1] - no tooltip displayed
2025-03-24 10:47:18.801 [DEBUG] [thread-id 1] - Executing function: 'unified.us.functions.global.navigation.accountToHome'
2025-03-24 10:47:18.802 [DEBUG] [thread-id 1] - Executing function: 'unified.us.functions.global.navigation.toTab'
2025-03-24 10:47:18.802 [DEBUG] [thread-id 1] - Executing function: 'unified.us.functions.utils.scrollIfNotVisible'
2025-03-24 10:47:18.802 [WARN] [thread-id 1] - variable scrollLimit was used, but r2 could not find a value for this variable. returning default of null
2025-03-24 10:47:18.803 [DEBUG] [thread-id 1] - conditionally execute a flow. condition: true
2025-03-24 10:47:19.678 [DEBUG] [thread-id 1] - Store in: store the value '7' in the variable 'scrollLimit'
2025-03-24 10:47:19.692 [DEBUG] [thread-id 1] - Scroll limit set to - 7
2025-03-24 10:47:19.692 [DEBUG] [thread-id 1] - conditionally execute a flow. condition: true
2025-03-24 10:47:21.154 [DEBUG] [thread-id 1] - conditionally execute a flow. condition: true
2025-03-24 10:47:22.038 [DEBUG] [thread-id 1] - Element already visible, scrolling is skipped
2025-03-24 10:47:22.060 [WARN] [thread-id 1] - variable scrollNeeded was used, but r2 could not find a value for this variable. returning default of null
2025-03-24 10:47:22.061 [DEBUG] [thread-id 1] - Resetting scrollPosition variable to default
2025-03-24 10:47:22.061 [DEBUG] [thread-id 1] - Store in: store the value 'null' in the variable 'scrollPosition'
2025-03-24 10:47:22.062 [DEBUG] [thread-id 1] - Store in: store the value 'null' in the variable 'identifierScope'
2025-03-24 10:47:22.063 [DEBUG] [thread-id 1] - Store in: store the value 'null' in the variable 'scrollLimit'
2025-03-24 10:47:22.063 [DEBUG] [thread-id 1] - Store in: store the value 'false' in the variable 'scrollNeeded'
2025-03-24 10:47:22.577 [DEBUG] [thread-id 1] - Click element: '//XCUIElementTypeButton[contains(@name, "Shop")]'
2025-03-24 10:47:23.132 [DEBUG] [thread-id 1] - Executing function: 'unified.us.functions.home.closeWPlusPromotionPopUpIfDisplayed'
2025-03-24 10:47:23.135 [DEBUG] [thread-id 1] - conditionally execute a flow. condition: true
2025-03-24 10:47:37.989 [DEBUG] [thread-id 1] - Executing function: 'unified.us.functions.global.navigation.toCartFromNavBar'
2025-03-24 10:47:37.989 [DEBUG] [thread-id 1] - Store in: store the value 'Transactions' in the variable 'executionStage'
2025-03-24 10:47:40.035 [DEBUG] [thread-id 1] - Verify identifier: {//XCUIElementTypeButton[contains(@label, "Your cart")] | //XCUIElementTypeButton[(@name="SearchResultsViewController.cartButton") or (contains(@label,"Your cart contains") and contains(@label,"The estimated total is")) or (@label="Your cart is empty")]=[true]}
2025-03-24 10:47:42.309 [DEBUG] [thread-id 1] - Click element: '//XCUIElementTypeButton[contains(@label, "Your cart")] | //XCUIElementTypeButton[(@name="SearchResultsViewController.cartButton") or (contains(@label,"Your cart contains") and contains(@label,"The estimated total is")) or (@label="Your cart is empty")]'
2025-03-24 10:47:43.668 [DEBUG] [thread-id 1] - Executing function: 'unified.us.functions.cart.storeChangePopUp'
2025-03-24 10:47:53.738 [DEBUG] [thread-id 1] - No Store Change pop up screen displayed
2025-03-24 10:47:56.582 [DEBUG] [thread-id 1] - conditionally execute a flow. condition: true
2025-03-24 10:47:59.386 [DEBUG] [thread-id 1] - cart Page loaded
2025-03-24 10:47:59.645 [DEBUG] [thread-id 1] - Executing function: 'unified.us.functions.cart.removeAllCartItems'
2025-03-24 10:47:59.647 [DEBUG] [thread-id 1] - Executing function: 'unified.us.functions.cart.storeChangePopUp'
2025-03-24 10:48:05.092 [DEBUG] [thread-id 1] - No Store Change pop up screen displayed
2025-03-24 10:48:05.343 [DEBUG] [thread-id 1] - Executing function: 'unified.us.functions.cart.removeAdonsNotAvailable'
2025-03-24 10:48:11.926 [DEBUG] [thread-id 1] - No remove Adons pop up screen displayed
2025-03-24 10:48:14.712 [DEBUG] [thread-id 1] - conditionally execute a flow. condition: true
2025-03-24 10:48:17.547 [DEBUG] [thread-id 1] - No items in cart
2025-03-24 10:48:17.785 [DEBUG] [thread-id 1] - Executing function: 'unified.us.functions.cart.removeUnavailableItemsFromCart'
2025-03-24 10:48:17.788 [DEBUG] [thread-id 1] - conditionally execute a flow. condition: true
2025-03-24 10:48:31.900 [DEBUG] [thread-id 1] - Executing function: 'unified.us.functions.global.navigation.backNavigation'
2025-03-24 10:48:31.902 [DEBUG] [thread-id 1] - Global Back navigation
2025-03-24 10:48:31.903 [DEBUG] [thread-id 1] - conditionally execute a flow. condition: true
2025-03-24 10:48:39.442 [DEBUG] [thread-id 1] - Click element: '//XCUIElementTypeButton[@name="Back" or @label="Back"] | //XCUIElementTypeNavigationBar[@name="Cart"]/XCUIElementTypeButton[contains(@name,"Search")] | //XCUIElementTypeNavigationBar/XCUIElementTypeButton[not(contains(@label,"cart"))]'
2025-03-24 10:48:40.713 [DEBUG] [thread-id 1] - Executing function: 'unified.us.functions.gic.expandIfCollapsed'
2025-03-24 10:48:46.977 [DEBUG] [thread-id 1] - Verify identifier: {//*[contains(@label,"Collapsed")] | //*[contains(@name,"Collapsed")]=[true]}
2025-03-24 10:48:52.509 [DEBUG] [thread-id 1] - Click element: '//*[contains(@label,"Collapsed")] | //*[contains(@name,"Collapsed")]'
2025-03-24 10:48:53.873 [DEBUG] [thread-id 1] - Executing function: 'unified.us.functions.gic.setFulfillment'
2025-03-24 10:48:53.874 [DEBUG] [thread-id 1] - conditionally execute a flow. condition: true
2025-03-24 10:49:05.382 [DEBUG] [thread-id 1] - conditionally execute a flow. condition: false
2025-03-24 10:49:08.545 [DEBUG] [thread-id 1] - Click element: '//XCUIElementTypeButton[@name="GlobalIntentCenter.Shipping"] | //XCUIElementTypeButton[contains(@name, "Shipping") ] | //XCUIElementTypeButton[@name="HoTIntentOptionsView" or @name="HoTIntentOptionsPhase2View" and contains(@label,"Shipping")]'
2025-03-24 10:49:09.801 [DEBUG] [thread-id 1] - Shipping intent selected
2025-03-24 10:49:10.529 [DEBUG] [thread-id 1] - sleep:  3000 milliseconds
2025-03-24 10:49:13.579 [DEBUG] [thread-id 1] - sleep:  8000 milliseconds
2025-03-24 10:49:21.588 [DEBUG] [thread-id 1] - Executing function: 'unified.us.functions.global.navigation.goToDeepLink'
2025-03-24 10:49:21.592 [DEBUG] [thread-id 1] - Store in: store the value 'Post-transactions' in the variable 'executionStage'
2025-03-24 10:49:21.594 [DEBUG] [thread-id 1] - Open deep link
2025-03-24 10:49:21.595 [DEBUG] [thread-id 1] - walmart://ip/279062625
2025-03-24 10:49:21.597 [DEBUG] [thread-id 1] - Verify value of: '$deepLinkUrl'
2025-03-24 10:49:21.598 [DEBUG] [thread-id 1] - Open link: 'walmart://ip/279062625'
2025-03-24 10:49:24.601 [DEBUG] [thread-id 1] - conditionally execute a flow. condition: true
2025-03-24 10:49:26.167 [DEBUG] [thread-id 1] - Executing function: 'unified.us.functions.global.navigation.openDeepLink'
2025-03-24 10:49:27.057 [DEBUG] [thread-id 1] - Deeplink pop up not displayed
2025-03-24 10:49:27.067 [DEBUG] [thread-id 1] - sleep:  3000 milliseconds
2025-03-24 10:49:30.074 [DEBUG] [thread-id 1] - Executing function: 'unified.us.functions.item.visionItem.verifySelectLenses'
2025-03-24 10:49:30.077 [DEBUG] [thread-id 1] - Scroll: down
2025-03-24 10:50:49.004 [DEBUG] [thread-id 1] - Verify identifier: {//XCUIElementTypeButton[@name="Select lenses"]=[true]}
2025-03-24 10:51:00.653 [DEBUG] [thread-id 1] - Click element: '//XCUIElementTypeButton[@name="Select lenses"]'
2025-03-24 10:51:43.643 [DEBUG] [thread-id 1] - Verify identifier: {//XCUIElementTypeStaticText[@name="Select your lenses"]=[true], //XCUIElementTypeStaticText[@name="Single vision"]=[true], //XCUIElementTypeStaticText[@name="Whatâ€™s your prescription type?"]=[true]}
2025-03-24 10:51:55.876 [DEBUG] [thread-id 1] - Click element: '//XCUIElementTypeStaticText[@name="Single vision"]'
2025-03-24 10:52:15.830 [DEBUG] [thread-id 1] - Click element: '//XCUIElementTypeButton[@label="Continue"] |  //XCUIElementTypeButton[@label="Done"]'
2025-03-24 10:52:24.096 [DEBUG] [thread-id 1] - sleep:  2000 milliseconds
2025-03-24 10:52:26.107 [DEBUG] [thread-id 1] - conditionally execute a flow. condition: true
2025-03-24 10:52:42.339 [DEBUG] [thread-id 1] - Selecting Lense
2025-03-24 10:53:50.544 [DEBUG] [thread-id 1] - Verify identifier: {//XCUIElementTypeCell[contains(@name,"Clear")] | //XCUIElementTypeCell[@name="Clear, Included, Classic lenses that are great for all purposes."]/XCUIElementTypeOther[2]=[true], //XCUIElementTypeButton[@label="Continue"] |  //XCUIElementTypeButton[@label="Done"]=[true], //XCUIElementTypeButton[@name="Close"]=[true], What type of lenses do you need?=[true], //XCUIElementTypeStaticText[@name="Sunglasses"]=[true]}
2025-03-24 10:54:08.765 [DEBUG] [thread-id 1] - conditionally execute a flow. condition: true
2025-03-24 10:54:26.798 [DEBUG] [thread-id 1] - Selecting 'Clear' option
2025-03-24 10:54:59.098 [DEBUG] [thread-id 1] - Click element: '//XCUIElementTypeCell[contains(@name,"Clear")] | //XCUIElementTypeCell[@name="Clear, Included, Classic lenses that are great for all purposes."]/XCUIElementTypeOther[2]'
2025-03-24 10:56:23.981 [DEBUG] [thread-id 1] - Click element: '//XCUIElementTypeButton[@label="Continue"] |  //XCUIElementTypeButton[@label="Done"]'
2025-03-24 10:56:34.949 [DEBUG] [thread-id 1] - sleep:  2000 milliseconds
2025-03-24 10:57:06.051 [DEBUG] [thread-id 1] - Verify identifier: {//XCUIElementTypeCell[contains(@name,"Standard")]=[true], //XCUIElementTypeStaticText[@name="Polycarbonate"] | //XCUIElementTypeCell[contains(@name,"Standard")]=[true]}
2025-03-24 10:57:06.053 [DEBUG] [thread-id 1] - conditionally execute a flow. condition: true
2025-03-24 10:57:26.330 [DEBUG] [thread-id 1] - Selecting 'Standard' option
2025-03-24 10:57:58.791 [DEBUG] [thread-id 1] - Click element: '//XCUIElementTypeCell[contains(@name,"Standard")]'
2025-03-24 10:58:20.759 [DEBUG] [thread-id 1] - Click element: '//XCUIElementTypeButton[@label="Continue"] |  //XCUIElementTypeButton[@label="Done"]'
2025-03-24 10:58:29.674 [DEBUG] [thread-id 1] - sleep:  2000 milliseconds
2025-03-24 10:58:31.683 [WARN] [thread-id 1] - variable LenseColor was used, but r2 could not find a value for this variable. returning default of null
2025-03-24 10:58:31.685 [WARN] [thread-id 1] - variable LenseColor was used, but r2 could not find a value for this variable. returning default of null
2025-03-24 10:58:48.896 [DEBUG] [thread-id 1] - sleep:  2000 milliseconds
2025-03-24 10:59:15.285 [DEBUG] [thread-id 1] - Verify identifier: {//XCUIElementTypeStaticText[contains(@name,"Is there anything you want to add")]=[true], //XCUIElementTypeCell[contains(@name,"No add-ons")]=[true]}
2025-03-24 10:59:15.287 [DEBUG] [thread-id 1] - conditionally execute a flow. condition: true
2025-03-24 10:59:33.748 [DEBUG] [thread-id 1] - Selecting 'No add-ons'
2025-03-24 11:00:07.459 [DEBUG] [thread-id 1] - Click element: '//XCUIElementTypeCell[contains(@name,"No add-ons")]'
2025-03-24 11:00:28.026 [DEBUG] [thread-id 1] - Click element: '//XCUIElementTypeButton[@label="Continue"] |  //XCUIElementTypeButton[@label="Done"]'
2025-03-24 11:00:36.461 [DEBUG] [thread-id 1] - sleep:  2000 milliseconds
2025-03-24 11:01:26.336 [DEBUG] [thread-id 1] - Verify identifier: {//XCUIElementTypeOther[contains(@label,"Lenses")]=[true], //XCUIElementTypeOther[contains(@label,"Subtotal")]=[true], //XCUIElementTypeStaticText[@name="Review your selections"]=[true], //XCUIElementTypeOther[contains(@label,"Frames")]=[true]}
2025-03-24 11:01:26.363 [DEBUG] [thread-id 1] - Executing function: 'us.functions.item.visionItem.AddPrescription'
2025-03-24 11:01:26.365 [DEBUG] [thread-id 1] - Store in: store the value 'Transactions' in the variable 'executionStage'
2025-03-24 11:02:13.060 [DEBUG] [thread-id 1] - No smart Nudge View pop up
2025-03-24 11:02:56.765 [DEBUG] [thread-id 1] - Click element: '//XCUIElementTypeButton[@label="Add prescription"] | //XCUIElementTypeButton[@name="CartItemTileView.addVisionCTAButton" and @accessible ="true"] | //XCUIElementTypeButton[@name="PrescriptionOrderFooter.addPrescriptionButton"]'
2025-03-24 11:03:09.359 [DEBUG] [thread-id 1] - sleep:  3000 milliseconds
2025-03-24 11:03:12.368 [DEBUG] [thread-id 1] - conditionally execute a flow. condition: true
2025-03-24 11:03:28.361 [DEBUG] [thread-id 1] - Selecting 'PatientA - Native Test'
2025-03-24 11:04:02.727 [DEBUG] [thread-id 1] - conditionally execute a flow. condition: false
2025-03-24 11:04:30.685 [DEBUG] [thread-id 1] - Enter text: 'VisionA'
2025-03-24 11:05:15.399 [DEBUG] [thread-id 1] - Enter text: 'Test'
2025-03-24 11:05:49.387 [DEBUG] [thread-id 1] - conditionally execute a flow. condition: true
2025-03-24 11:06:20.044 [DEBUG] [thread-id 1] - Click element: 'Done'
2025-03-24 11:07:03.045 [DEBUG] [thread-id 1] - Enter text: '08/30/1991'
2025-03-24 11:07:36.179 [DEBUG] [thread-id 1] - conditionally execute a flow. condition: true
2025-03-24 11:08:05.936 [DEBUG] [thread-id 1] - Click element: 'Done'
2025-03-24 11:08:42.069 [DEBUG] [thread-id 1] - Click element: 'AcknowledgementLabel.checkbox'
2025-03-24 11:09:26.157 [DEBUG] [thread-id 1] - Click element: '//XCUIElementTypeButton[@label="Continue"] |  //XCUIElementTypeButton[@label="Done"]'
2025-03-24 11:09:36.222 [DEBUG] [thread-id 1] - Executing function: 'us.functions.item.addVisionPDImage'
2025-03-24 11:09:57.940 [DEBUG] [thread-id 1] - Click element: 'ImageGrid.selectSquare'
2025-03-24 11:10:23.894 [DEBUG] [thread-id 1] - Verify identifier: {//XCUIElementTypeOther[@name="AddPrescriptionFooter.continueButton.bottomSheet"]=[true]}
2025-03-24 11:10:36.585 [DEBUG] [thread-id 1] - Click element: '//XCUIElementTypeOther[@name="AddPrescriptionFooter.continueButton.bottomSheet"]'
2025-03-24 11:11:03.380 [DEBUG] [thread-id 1] - Verify identifier: {Choose existing=[true]}
2025-03-24 11:11:08.851 [DEBUG] [thread-id 1] - Click element: 'Choose existing'
2025-03-24 11:11:40.335 [DEBUG] [thread-id 1] - conditionally execute a flow. condition: true
2025-03-24 11:12:03.822 [DEBUG] [thread-id 1] - Click element: 'PermissionPromptViewController.primaryActionButton'
2025-03-24 11:12:18.842 [DEBUG] [thread-id 1] - sleep:  3000 milliseconds
2025-03-24 11:13:18.197 [DEBUG] [thread-id 1] - sleep:  3000 milliseconds
2025-03-24 11:13:37.641 [DEBUG] [thread-id 1] - conditionally execute a flow. condition: true
2025-03-24 11:14:02.064 [DEBUG] [thread-id 1] - Click element: 'Go to settings'
2025-03-24 11:17:19.694 [DEBUG] [thread-id 1] - sleep:  2000 milliseconds
2025-03-24 11:17:21.940 [DEBUG] [thread-id 1] - conditionally execute a flow. condition: true
2025-03-24 11:17:22.499 [DEBUG] [thread-id 1] - Inside settings
2025-03-24 11:17:23.017 [DEBUG] [thread-id 1] - sleep:  2000 milliseconds
2025-03-24 11:17:26.578 [DEBUG] [thread-id 1] - Click element: '110,202'
2025-03-24 11:17:28.135 [DEBUG] [thread-id 1] - Click element: '110,202'
2025-03-24 11:17:29.734 [DEBUG] [thread-id 1] - Click element: '110,202'
2025-03-24 11:17:31.298 [DEBUG] [thread-id 1] - Click element: '110,202'
2025-03-24 11:17:32.853 [DEBUG] [thread-id 1] - Click element: '110,202'
2025-03-24 11:17:34.458 [DEBUG] [thread-id 1] - Click element: '110,202'
2025-03-24 11:17:35.999 [DEBUG] [thread-id 1] - Click element: '110,202'
2025-03-24 11:17:37.618 [DEBUG] [thread-id 1] - Click element: '110,202'
2025-03-24 11:17:38.986 [DEBUG] [thread-id 1] - Click element: '110,202'
2025-03-24 11:17:40.341 [DEBUG] [thread-id 1] - Click element: '110,202'
2025-03-24 11:17:41.701 [DEBUG] [thread-id 1] - Click element: '110,202'
2025-03-24 11:17:43.070 [DEBUG] [thread-id 1] - Click element: '110,202'
2025-03-24 11:17:44.426 [DEBUG] [thread-id 1] - Click element: '110,202'
2025-03-24 11:17:45.775 [DEBUG] [thread-id 1] - Click element: '110,202'
2025-03-24 11:17:46.967 [DEBUG] [thread-id 1] - Main failed: Cannot click 'null'
2025-03-24 11:17:47.639 [DEBUG] [thread-id 1] - Executing scenario: 'After'
2025-03-24 11:17:47.640 [DEBUG] [thread-id 1] - Executing function: 'unified.us.functions.utils.afterSteps'
2025-03-24 11:17:47.641 [WARN] [thread-id 1] - variable testStatus was used, but r2 could not find a value for this variable. returning default of null
2025-03-24 11:17:47.641 [DEBUG] [thread-id 1] - conditionally execute a flow. condition: false
2025-03-24 11:17:47.970 [DEBUG] [thread-id 1] - Test failed
2025-03-24 11:17:50.640 [DEBUG] [thread-id 1] - Created report: /Users/m0k0a2f/glass-automation/report/index.html
2025-03-24 16:13:56.389 [DEBUG] [thread-id 1] - [0;34mExecuting R2 5.5.0: '/Users/m0k0a2f/glass-automation/us/unified-e2e-tests/test-scripts/vision-flows/production/C2707320-multiple-prescription-and-patients-with-same-lense-and-frame.yaml' on device: 'iPhone 15'
2025-03-24 16:15:34.972 [DEBUG] [thread-id 1] - [0;34mExecuting scenario: 'Before'
2025-03-24 16:15:34.975 [DEBUG] [thread-id 1] - [38;5;202mExecute before steps
2025-03-24 16:15:34.983 [DEBUG] [thread-id 1] - [0;34mExecuting function: 'us.function.utils.getEnvironmentValue'
2025-03-24 16:15:34.984 [DEBUG] [thread-id 1] - Store in: store the value 'Onboarding' in the variable 'executionStage'
2025-03-24 16:15:34.984 [DEBUG] [thread-id 1] - Store in: store the value 'production' in the variable 'env'
2025-03-24 16:15:34.984 [DEBUG] [thread-id 1] - Timestamp: 1742858134984
2025-03-24 16:15:34.986 [DEBUG] [thread-id 1] - [0;34mExecuting function: 'functions.utils.setPlatformInfo'
2025-03-24 16:15:34.986 [DEBUG] [thread-id 1] - Store in: store the value 'Onboarding' in the variable 'executionStage'
2025-03-24 16:15:34.989 [WARN] [thread-id 1] - variable dependencies.general.appPackage was used, but r2 could not find a value for this variable. returning default of null
2025-03-24 16:15:34.989 [DEBUG] [thread-id 1] - Store in: store the value 'null' in the variable 'appPackage'
2025-03-24 16:15:35.001 [DEBUG] [thread-id 1] - conditionally execute a flow. condition: true
2025-03-24 16:15:35.311 [DEBUG] [thread-id 1] - Store in: store the value 'iOS' in the variable 'platform'
2025-03-24 16:15:35.317 [DEBUG] [thread-id 1] - [38;5;202mR2_SUBFLOW_PRE_TRANSACTION
2025-03-24 16:15:35.812 [DEBUG] [thread-id 1] - [38;5;202mUsing us-errors-helpers.yaml
2025-03-24 16:15:36.276 [DEBUG] [thread-id 1] - [38;5;202mStart main
2025-03-24 16:15:36.277 [DEBUG] [thread-id 1] - [0;34mExecuting function: 'unified.us.functions.global.onboarding.navigateOnboardingToHome'
2025-03-24 16:15:36.277 [DEBUG] [thread-id 1] - Store in: store the value 'onboarding' in the variable 'executionStage'
2025-03-24 16:15:36.277 [DEBUG] [thread-id 1] - [38;5;202mWelcome screen loaded
2025-03-24 16:15:36.281 [DEBUG] [thread-id 1] - conditionally execute a flow. condition: true
2025-03-24 16:15:36.530 [DEBUG] [thread-id 1] - Verify identifier: {cta.cancel.welcome=[true]}
2025-03-24 16:15:36.772 [DEBUG] [thread-id 1] - Store in: store the value 'true' in the variable 'testStarted'
2025-03-24 16:15:37.053 [DEBUG] [thread-id 1] - Click element: 'cta.cancel.welcome'
2025-03-24 16:15:37.975 [DEBUG] [thread-id 1] - [38;5;202mNotifiction Prompt screen loaded
2025-03-24 16:15:38.264 [DEBUG] [thread-id 1] - Verify identifier: {NotificationPermissionViewController.titleLabel=[true]}
2025-03-24 16:15:38.528 [WARN] [thread-id 1] - variable allowNotifications was used, but r2 could not find a value for this variable. returning default of null
2025-03-24 16:15:38.529 [DEBUG] [thread-id 1] - conditionally execute a flow. condition: false
2025-03-24 16:15:40.820 [DEBUG] [thread-id 1] - Click element: 'cta.cancel.notifications'
2025-03-24 16:15:41.259 [DEBUG] [thread-id 1] - [38;5;202mlocation screen loaded
2025-03-24 16:15:41.519 [DEBUG] [thread-id 1] - Verify identifier: {LocationPermissionViewController.titleLabel=[true]}
2025-03-24 16:15:41.519 [DEBUG] [thread-id 1] - Store in: store the value 'true' in the variable 'testStarted'
2025-03-24 16:15:41.559 [DEBUG] [thread-id 1] - Click element: 'Enter zip code'
2025-03-24 16:15:42.248 [DEBUG] [thread-id 1] - Verify identifier: {label.postal-code-entry=[true]}
2025-03-24 16:15:42.248 [DEBUG] [thread-id 1] - sleep:  2000 milliseconds
2025-03-24 16:15:44.317 [DEBUG] [thread-id 1] - Enter text: '95122'
2025-03-24 16:15:46.683 [DEBUG] [thread-id 1] - Click element: 'cta.continue'
2025-03-24 16:15:47.179 [DEBUG] [thread-id 1] - sleep:  3000 milliseconds
2025-03-24 16:16:00.428 [DEBUG] [thread-id 1] - [0;34mExecuting function: 'unified.us.functions.home.handlePersonalizedScreen'
2025-03-24 16:16:00.649 [DEBUG] [thread-id 1] - conditionally execute a flow. condition: true
2025-03-24 16:16:00.868 [DEBUG] [thread-id 1] - [38;5;202mObserved Personalize Shopping Screen
2025-03-24 16:16:01.106 [DEBUG] [thread-id 1] - Verify identifier: {ATTPermissionViewController.bodyLabel=[true]}
2025-03-24 16:16:01.583 [DEBUG] [thread-id 1] - conditionally execute a flow. condition: true
2025-03-24 16:16:01.869 [DEBUG] [thread-id 1] - Click element: 'cta.continue.location'
2025-03-24 16:16:04.315 [DEBUG] [thread-id 1] - [38;5;28mPersonalized Shopping Experience Screen Handled.
2025-03-24 16:16:16.475 [DEBUG] [thread-id 1] - [0;34mExecuting function: 'unified.us.functions.gic.collapseIfExpanded'
2025-03-24 16:16:22.884 [DEBUG] [thread-id 1] - [38;5;202mGIC already collapsed
2025-03-24 16:16:25.224 [DEBUG] [thread-id 1] - Verify identifier: {Search Walmart=[true]}
2025-03-24 16:16:25.226 [DEBUG] [thread-id 1] - [0;34mExecuting function: 'unified.us.functions.home.navigateHomeToSignIn'
2025-03-24 16:16:25.226 [DEBUG] [thread-id 1] - Store in: store the value 'Pre-transactions' in the variable 'executionStage'
2025-03-24 16:16:26.993 [DEBUG] [thread-id 1] - Click element: '//XCUIElementTypeButton[@name="Account"] | Account'
2025-03-24 16:16:30.305 [DEBUG] [thread-id 1] - Verify identifier: {//XCUIElementTypeButton[@name="SignInYourAccountTableViewCell.signInButton"] | //XCUIElementTypeButton[@name="SignInYourAccountView.signInButton"]=[true]}
2025-03-24 16:16:30.677 [DEBUG] [thread-id 1] - Click element: '//XCUIElementTypeButton[@name="SignInYourAccountTableViewCell.signInButton"] | //XCUIElementTypeButton[@name="SignInYourAccountView.signInButton"]'
2025-03-24 16:16:33.284 [DEBUG] [thread-id 1] - conditionally execute a flow. condition: true
2025-03-24 16:16:34.763 [DEBUG] [thread-id 1] - Store in: store the value 'true' in the variable 'signInValidated'
2025-03-24 16:16:34.778 [DEBUG] [thread-id 1] - conditionally execute a flow. condition: true
2025-03-24 16:16:36.052 [DEBUG] [thread-id 1] - [38;5;202mSignIn page loaded
2025-03-24 16:16:37.407 [DEBUG] [thread-id 1] - Store in: store the value 'false' in the variable 'signInValidated'
2025-03-24 16:16:37.413 [DEBUG] [thread-id 1] - [0;34mExecuting function: 'unified.us.functions.authentication.signInInfo'
2025-03-24 16:16:37.414 [DEBUG] [thread-id 1] - conditionally execute a flow. condition: true
2025-03-24 16:16:38.682 [DEBUG] [thread-id 1] - Store in: store the value 'vision-e2e-prod1820@cloudtest.org' in the variable 'email'
2025-03-24 16:16:40.008 [DEBUG] [thread-id 1] - Store in: store the value 'E2epassword$' in the variable 'password'
2025-03-24 16:16:40.014 [DEBUG] [thread-id 1] - [0;34mExecuting function: 'unified.us.functions.global.authentication.signInAccount'
2025-03-24 16:16:40.014 [DEBUG] [thread-id 1] - conditionally execute a flow. condition: true
2025-03-24 16:16:54.182 [DEBUG] [thread-id 1] - Verify identifier: {TextFieldStackView.containerStackView=[true]}
2025-03-24 16:16:54.343 [DEBUG] [thread-id 1] - Enter text: 'vision-e2e-prod1820@cloudtest.org'
2025-03-24 16:16:59.218 [DEBUG] [thread-id 1] - Click element: 'WelcomeView.ctaButton'
2025-03-24 16:16:59.951 [DEBUG] [thread-id 1] - sleep:  2000 milliseconds
2025-03-24 16:17:13.522 [DEBUG] [thread-id 1] - conditionally execute a flow. condition: false
2025-03-24 16:17:23.538 [DEBUG] [thread-id 1] - [0;31mMain failed: ENV_FAILURE - production - SIGN-IN ERROR
2025-03-24 16:17:26.231 [DEBUG] [thread-id 1] - [0;34mExecuting scenario: 'After'
2025-03-24 16:17:26.231 [DEBUG] [thread-id 1] - [0;34mExecuting function: 'unified.us.functions.utils.afterSteps'
2025-03-24 16:17:26.231 [WARN] [thread-id 1] - variable testStatus was used, but r2 could not find a value for this variable. returning default of null
2025-03-24 16:17:26.232 [DEBUG] [thread-id 1] - conditionally execute a flow. condition: false
2025-03-24 16:17:27.502 [DEBUG] [thread-id 1] - [38;5;202mTest failed
2025-03-24 16:17:32.948 [DEBUG] [thread-id 1] - Created report: /Users/m0k0a2f/glass-automation/report/index.html
2025-03-24 16:18:29.435 [DEBUG] [thread-id 1] - [0;34mExecuting R2 5.5.0: '/Users/m0k0a2f/glass-automation/us/unified-e2e-tests/test-scripts/vision-flows/production/C2707320-multiple-prescription-and-patients-with-same-lense-and-frame.yaml' on device: 'iPhone 15'
2025-03-24 16:19:31.139 [DEBUG] [thread-id 1] - [0;34mExecuting scenario: 'Before'
2025-03-24 16:19:31.141 [DEBUG] [thread-id 1] - [38;5;202mExecute before steps
2025-03-24 16:19:31.146 [DEBUG] [thread-id 1] - [0;34mExecuting function: 'us.function.utils.getEnvironmentValue'
2025-03-24 16:19:31.146 [DEBUG] [thread-id 1] - Store in: store the value 'Onboarding' in the variable 'executionStage'
2025-03-24 16:19:31.146 [DEBUG] [thread-id 1] - Store in: store the value 'production' in the variable 'env'
2025-03-24 16:19:31.147 [DEBUG] [thread-id 1] - Timestamp: 1742858371147
2025-03-24 16:19:31.148 [DEBUG] [thread-id 1] - [0;34mExecuting function: 'functions.utils.setPlatformInfo'
2025-03-24 16:19:31.149 [DEBUG] [thread-id 1] - Store in: store the value 'Onboarding' in the variable 'executionStage'
2025-03-24 16:19:31.151 [WARN] [thread-id 1] - variable dependencies.general.appPackage was used, but r2 could not find a value for this variable. returning default of null
2025-03-24 16:19:31.151 [DEBUG] [thread-id 1] - Store in: store the value 'null' in the variable 'appPackage'
2025-03-24 16:19:31.162 [DEBUG] [thread-id 1] - conditionally execute a flow. condition: true
2025-03-24 16:19:31.399 [DEBUG] [thread-id 1] - Store in: store the value 'iOS' in the variable 'platform'
2025-03-24 16:19:31.405 [DEBUG] [thread-id 1] - [38;5;202mR2_SUBFLOW_PRE_TRANSACTION
2025-03-24 16:19:31.843 [DEBUG] [thread-id 1] - [38;5;202mUsing us-errors-helpers.yaml
2025-03-24 16:19:32.300 [DEBUG] [thread-id 1] - [38;5;202mStart main
2025-03-24 16:19:32.301 [DEBUG] [thread-id 1] - [0;34mExecuting function: 'unified.us.functions.global.onboarding.navigateOnboardingToHome'
2025-03-24 16:19:32.302 [DEBUG] [thread-id 1] - Store in: store the value 'onboarding' in the variable 'executionStage'
2025-03-24 16:19:32.302 [DEBUG] [thread-id 1] - [38;5;202mWelcome screen loaded
2025-03-24 16:19:32.306 [DEBUG] [thread-id 1] - conditionally execute a flow. condition: true
2025-03-24 16:19:32.520 [DEBUG] [thread-id 1] - Verify identifier: {cta.cancel.welcome=[true]}
2025-03-24 16:19:32.757 [DEBUG] [thread-id 1] - Store in: store the value 'true' in the variable 'testStarted'
2025-03-24 16:19:33.011 [DEBUG] [thread-id 1] - Click element: 'cta.cancel.welcome'
2025-03-24 16:19:33.898 [DEBUG] [thread-id 1] - [38;5;202mNotifiction Prompt screen loaded
2025-03-24 16:19:34.190 [DEBUG] [thread-id 1] - Verify identifier: {NotificationPermissionViewController.titleLabel=[true]}
2025-03-24 16:19:34.431 [WARN] [thread-id 1] - variable allowNotifications was used, but r2 could not find a value for this variable. returning default of null
2025-03-24 16:19:34.432 [DEBUG] [thread-id 1] - conditionally execute a flow. condition: false
2025-03-24 16:19:36.733 [DEBUG] [thread-id 1] - Click element: 'cta.cancel.notifications'
2025-03-24 16:19:37.188 [DEBUG] [thread-id 1] - [38;5;202mlocation screen loaded
2025-03-24 16:19:37.458 [DEBUG] [thread-id 1] - Verify identifier: {LocationPermissionViewController.titleLabel=[true]}
2025-03-24 16:19:37.458 [DEBUG] [thread-id 1] - Store in: store the value 'true' in the variable 'testStarted'
2025-03-24 16:19:37.496 [DEBUG] [thread-id 1] - Click element: 'Enter zip code'
2025-03-24 16:19:38.192 [DEBUG] [thread-id 1] - Verify identifier: {label.postal-code-entry=[true]}
2025-03-24 16:19:38.193 [DEBUG] [thread-id 1] - sleep:  2000 milliseconds
2025-03-24 16:19:40.277 [DEBUG] [thread-id 1] - Enter text: '95122'
2025-03-24 16:19:41.752 [DEBUG] [thread-id 1] - Click element: 'cta.continue'
2025-03-24 16:19:42.229 [DEBUG] [thread-id 1] - sleep:  3000 milliseconds
2025-03-24 16:19:55.540 [DEBUG] [thread-id 1] - [0;34mExecuting function: 'unified.us.functions.home.handlePersonalizedScreen'
2025-03-24 16:19:55.748 [DEBUG] [thread-id 1] - conditionally execute a flow. condition: true
2025-03-24 16:19:55.956 [DEBUG] [thread-id 1] - [38;5;202mObserved Personalize Shopping Screen
2025-03-24 16:19:56.178 [DEBUG] [thread-id 1] - Verify identifier: {ATTPermissionViewController.bodyLabel=[true]}
2025-03-24 16:19:56.633 [DEBUG] [thread-id 1] - conditionally execute a flow. condition: true
2025-03-24 16:19:56.881 [DEBUG] [thread-id 1] - Click element: 'cta.continue.location'
2025-03-24 16:19:58.903 [DEBUG] [thread-id 1] - [38;5;28mPersonalized Shopping Experience Screen Handled.
2025-03-24 16:20:10.307 [DEBUG] [thread-id 1] - [0;34mExecuting function: 'unified.us.functions.gic.collapseIfExpanded'
2025-03-24 16:20:16.183 [DEBUG] [thread-id 1] - [38;5;202mGIC already collapsed
2025-03-24 16:20:18.327 [DEBUG] [thread-id 1] - Verify identifier: {Search Walmart=[true]}
2025-03-24 16:20:18.327 [DEBUG] [thread-id 1] - [0;34mExecuting function: 'unified.us.functions.home.navigateHomeToSignIn'
2025-03-24 16:20:18.327 [DEBUG] [thread-id 1] - Store in: store the value 'Pre-transactions' in the variable 'executionStage'
2025-03-24 16:20:19.848 [DEBUG] [thread-id 1] - Click element: '//XCUIElementTypeButton[@name="Account"] | Account'
2025-03-24 16:20:22.808 [DEBUG] [thread-id 1] - Verify identifier: {//XCUIElementTypeButton[@name="SignInYourAccountTableViewCell.signInButton"] | //XCUIElementTypeButton[@name="SignInYourAccountView.signInButton"]=[true]}
2025-03-24 16:20:23.125 [DEBUG] [thread-id 1] - Click element: '//XCUIElementTypeButton[@name="SignInYourAccountTableViewCell.signInButton"] | //XCUIElementTypeButton[@name="SignInYourAccountView.signInButton"]'
2025-03-24 16:20:25.335 [DEBUG] [thread-id 1] - conditionally execute a flow. condition: true
2025-03-24 16:20:26.644 [DEBUG] [thread-id 1] - Store in: store the value 'true' in the variable 'signInValidated'
2025-03-24 16:20:26.660 [DEBUG] [thread-id 1] - conditionally execute a flow. condition: true
2025-03-24 16:20:27.903 [DEBUG] [thread-id 1] - [38;5;202mSignIn page loaded
2025-03-24 16:20:29.185 [DEBUG] [thread-id 1] - Store in: store the value 'false' in the variable 'signInValidated'
2025-03-24 16:20:29.191 [DEBUG] [thread-id 1] - [0;34mExecuting function: 'unified.us.functions.authentication.signInInfo'
2025-03-24 16:20:29.191 [DEBUG] [thread-id 1] - conditionally execute a flow. condition: true
2025-03-24 16:20:30.407 [DEBUG] [thread-id 1] - Store in: store the value 'vision-e2e-prod1820@cloudtest.org' in the variable 'email'
2025-03-24 16:20:31.683 [DEBUG] [thread-id 1] - Store in: store the value 'E2epassword$' in the variable 'password'
2025-03-24 16:20:31.692 [DEBUG] [thread-id 1] - [0;34mExecuting function: 'unified.us.functions.global.authentication.signInAccount'
2025-03-24 16:20:31.692 [DEBUG] [thread-id 1] - conditionally execute a flow. condition: true
2025-03-24 16:20:45.762 [DEBUG] [thread-id 1] - Verify identifier: {TextFieldStackView.containerStackView=[true]}
2025-03-24 16:20:45.915 [DEBUG] [thread-id 1] - Enter text: 'vision-e2e-prod1820@cloudtest.org'
2025-03-24 16:20:50.933 [DEBUG] [thread-id 1] - Click element: 'WelcomeView.ctaButton'
2025-03-24 16:20:51.648 [DEBUG] [thread-id 1] - sleep:  2000 milliseconds
2025-03-24 16:20:54.380 [DEBUG] [thread-id 1] - conditionally execute a flow. condition: true
2025-03-24 16:20:55.787 [DEBUG] [thread-id 1] - [38;5;202mEntered Email Successfully
2025-03-24 16:20:57.289 [DEBUG] [thread-id 1] - conditionally execute a flow. condition: true
2025-03-24 16:20:58.943 [DEBUG] [thread-id 1] - Click element: 'AuthChoiceView.passwordStackView'
2025-03-24 16:21:01.127 [DEBUG] [thread-id 1] - [38;5;202mSelected Password Option to Login
2025-03-24 16:21:01.209 [DEBUG] [thread-id 1] - Verify identifier: {TextFieldStackView.textField=[true]}
2025-03-24 16:21:01.376 [DEBUG] [thread-id 1] - Enter text: 'E2epassword$'
2025-03-24 16:21:08.234 [DEBUG] [thread-id 1] - Click element: 'AuthChoiceView.ctaButton'
2025-03-24 16:21:29.890 [DEBUG] [thread-id 1] - conditionally execute a flow. condition: true
2025-03-24 16:21:30.640 [DEBUG] [thread-id 1] - sleep:  2000 milliseconds
2025-03-24 16:21:44.451 [DEBUG] [thread-id 1] - [0;34mExecuting function: 'unified.us.functions.utils.handleCartMergePopup'
2025-03-24 16:22:05.766 [DEBUG] [thread-id 1] - [38;5;202mNo Technical Error Page observed
2025-03-24 16:22:05.772 [DEBUG] [thread-id 1] - [0;34mExecuting function: 'unified.us.functions.home.toolTip'
2025-03-24 16:22:16.062 [DEBUG] [thread-id 1] - conditionally execute a flow. condition: false
2025-03-24 16:22:16.740 [DEBUG] [thread-id 1] - [38;5;202mno tooltip displayed
2025-03-24 16:22:16.770 [DEBUG] [thread-id 1] - [0;34mExecuting function: 'unified.us.functions.global.navigation.accountToHome'
2025-03-24 16:22:16.770 [DEBUG] [thread-id 1] - [0;34mExecuting function: 'unified.us.functions.global.navigation.toTab'
2025-03-24 16:22:16.770 [DEBUG] [thread-id 1] - [0;34mExecuting function: 'unified.us.functions.utils.scrollIfNotVisible'
2025-03-24 16:22:16.771 [WARN] [thread-id 1] - variable scrollLimit was used, but r2 could not find a value for this variable. returning default of null
2025-03-24 16:22:16.771 [DEBUG] [thread-id 1] - conditionally execute a flow. condition: true
2025-03-24 16:22:17.454 [DEBUG] [thread-id 1] - Store in: store the value '7' in the variable 'scrollLimit'
2025-03-24 16:22:17.473 [DEBUG] [thread-id 1] - [38;5;202mScroll limit set to - 7
2025-03-24 16:22:17.474 [DEBUG] [thread-id 1] - conditionally execute a flow. condition: true
2025-03-24 16:22:18.631 [DEBUG] [thread-id 1] - conditionally execute a flow. condition: true
2025-03-24 16:22:19.302 [DEBUG] [thread-id 1] - [38;5;202mElement already visible, scrolling is skipped
2025-03-24 16:22:19.317 [WARN] [thread-id 1] - variable scrollNeeded was used, but r2 could not find a value for this variable. returning default of null
2025-03-24 16:22:19.317 [DEBUG] [thread-id 1] - [38;5;202mResetting scrollPosition variable to default
2025-03-24 16:22:19.317 [DEBUG] [thread-id 1] - Store in: store the value 'null' in the variable 'scrollPosition'
2025-03-24 16:22:19.318 [DEBUG] [thread-id 1] - Store in: store the value 'null' in the variable 'identifierScope'
2025-03-24 16:22:19.318 [DEBUG] [thread-id 1] - Store in: store the value 'null' in the variable 'scrollLimit'
2025-03-24 16:22:19.318 [DEBUG] [thread-id 1] - Store in: store the value 'false' in the variable 'scrollNeeded'
2025-03-24 16:22:19.779 [DEBUG] [thread-id 1] - Click element: '//XCUIElementTypeButton[contains(@name, "Shop")]'
2025-03-24 16:22:20.304 [DEBUG] [thread-id 1] - [0;34mExecuting function: 'unified.us.functions.home.closeWPlusPromotionPopUpIfDisplayed'
2025-03-24 16:22:20.307 [DEBUG] [thread-id 1] - conditionally execute a flow. condition: true
2025-03-24 16:22:35.281 [DEBUG] [thread-id 1] - [0;34mExecuting function: 'unified.us.functions.global.navigation.toCartFromNavBar'
2025-03-24 16:22:35.282 [DEBUG] [thread-id 1] - Store in: store the value 'Transactions' in the variable 'executionStage'
2025-03-24 16:22:37.056 [DEBUG] [thread-id 1] - Verify identifier: {//XCUIElementTypeButton[contains(@label, "Your cart")] | //XCUIElementTypeButton[(@name="SearchResultsViewController.cartButton") or (contains(@label,"Your cart contains") and contains(@label,"The estimated total is")) or (@label="Your cart is empty")]=[true]}
2025-03-24 16:22:39.008 [DEBUG] [thread-id 1] - Click element: '//XCUIElementTypeButton[contains(@label, "Your cart")] | //XCUIElementTypeButton[(@name="SearchResultsViewController.cartButton") or (contains(@label,"Your cart contains") and contains(@label,"The estimated total is")) or (@label="Your cart is empty")]'
2025-03-24 16:22:40.111 [DEBUG] [thread-id 1] - [0;34mExecuting function: 'unified.us.functions.cart.storeChangePopUp'
2025-03-24 16:22:48.045 [DEBUG] [thread-id 1] - [38;5;202mNo Store Change pop up screen displayed
2025-03-24 16:22:50.245 [DEBUG] [thread-id 1] - conditionally execute a flow. condition: true
2025-03-24 16:22:52.463 [DEBUG] [thread-id 1] - [38;5;202mcart Page loaded
2025-03-24 16:22:52.646 [DEBUG] [thread-id 1] - [0;34mExecuting function: 'unified.us.functions.cart.removeAllCartItems'
2025-03-24 16:22:52.648 [DEBUG] [thread-id 1] - [0;34mExecuting function: 'unified.us.functions.cart.storeChangePopUp'
2025-03-24 16:22:56.814 [DEBUG] [thread-id 1] - [38;5;202mNo Store Change pop up screen displayed
2025-03-24 16:22:56.822 [DEBUG] [thread-id 1] - [0;34mExecuting function: 'unified.us.functions.cart.removeAdonsNotAvailable'
2025-03-24 16:23:02.095 [DEBUG] [thread-id 1] - [38;5;202mNo remove Adons pop up screen displayed
2025-03-24 16:23:04.266 [DEBUG] [thread-id 1] - conditionally execute a flow. condition: true
2025-03-24 16:23:06.488 [DEBUG] [thread-id 1] - [38;5;202mNo items in cart
2025-03-24 16:23:06.686 [DEBUG] [thread-id 1] - [0;34mExecuting function: 'unified.us.functions.cart.removeUnavailableItemsFromCart'
2025-03-24 16:23:06.687 [DEBUG] [thread-id 1] - conditionally execute a flow. condition: true
2025-03-24 16:23:19.343 [DEBUG] [thread-id 1] - [0;34mExecuting function: 'unified.us.functions.global.navigation.backNavigation'
2025-03-24 16:23:19.344 [DEBUG] [thread-id 1] - [38;5;202mGlobal Back navigation
2025-03-24 16:23:19.345 [DEBUG] [thread-id 1] - conditionally execute a flow. condition: true
2025-03-24 16:23:26.215 [DEBUG] [thread-id 1] - Click element: '//XCUIElementTypeButton[@name="Back" or @label="Back"] | //XCUIElementTypeNavigationBar[@name="Cart"]/XCUIElementTypeButton[contains(@name,"Search")] | //XCUIElementTypeNavigationBar/XCUIElementTypeButton[not(contains(@label,"cart"))]'
2025-03-24 16:23:27.306 [DEBUG] [thread-id 1] - [0;34mExecuting function: 'unified.us.functions.gic.expandIfCollapsed'
2025-03-24 16:23:32.207 [DEBUG] [thread-id 1] - Verify identifier: {//*[contains(@label,"Collapsed")] | //*[contains(@name,"Collapsed")]=[true]}
2025-03-24 16:23:36.523 [DEBUG] [thread-id 1] - Click element: '//*[contains(@label,"Collapsed")] | //*[contains(@name,"Collapsed")]'
2025-03-24 16:23:37.666 [DEBUG] [thread-id 1] - [0;34mExecuting function: 'unified.us.functions.gic.setFulfillment'
2025-03-24 16:23:37.667 [DEBUG] [thread-id 1] - conditionally execute a flow. condition: true
2025-03-24 16:23:48.292 [DEBUG] [thread-id 1] - conditionally execute a flow. condition: false
2025-03-24 16:23:50.872 [DEBUG] [thread-id 1] - Click element: '//XCUIElementTypeButton[@name="GlobalIntentCenter.Shipping"] | //XCUIElementTypeButton[contains(@name, "Shipping") ] | //XCUIElementTypeButton[@name="HoTIntentOptionsView" or @name="HoTIntentOptionsPhase2View" and contains(@label,"Shipping")]'
2025-03-24 16:23:51.916 [DEBUG] [thread-id 1] - [38;5;202mShipping intent selected
2025-03-24 16:23:52.448 [DEBUG] [thread-id 1] - sleep:  3000 milliseconds
2025-03-24 16:23:55.489 [DEBUG] [thread-id 1] - sleep:  8000 milliseconds
2025-03-24 16:24:03.498 [DEBUG] [thread-id 1] - [0;34mExecuting function: 'unified.us.functions.global.navigation.goToDeepLink'
2025-03-24 16:24:03.499 [DEBUG] [thread-id 1] - Store in: store the value 'Post-transactions' in the variable 'executionStage'
2025-03-24 16:24:03.499 [DEBUG] [thread-id 1] - [38;5;202mOpen deep link
2025-03-24 16:24:03.501 [DEBUG] [thread-id 1] - [38;5;202mwalmart://ip/279062625
2025-03-24 16:24:03.503 [DEBUG] [thread-id 1] - Verify value of: '$deepLinkUrl'
2025-03-24 16:24:03.504 [DEBUG] [thread-id 1] - Open link: 'walmart://ip/279062625'
2025-03-24 16:24:05.627 [DEBUG] [thread-id 1] - conditionally execute a flow. condition: true
2025-03-24 16:24:06.888 [DEBUG] [thread-id 1] - [0;34mExecuting function: 'unified.us.functions.global.navigation.openDeepLink'
2025-03-24 16:24:07.638 [DEBUG] [thread-id 1] - [38;5;202mDeeplink pop up not displayed
2025-03-24 16:24:07.662 [DEBUG] [thread-id 1] - sleep:  3000 milliseconds
2025-03-24 16:24:10.668 [DEBUG] [thread-id 1] - [0;34mExecuting function: 'unified.us.functions.item.visionItem.verifySelectLenses'
2025-03-24 16:24:10.669 [DEBUG] [thread-id 1] - Scroll: down
2025-03-24 16:25:15.038 [DEBUG] [thread-id 1] - Verify identifier: {//XCUIElementTypeButton[@name="Select lenses"]=[true]}
2025-03-24 16:25:25.585 [DEBUG] [thread-id 1] - Click element: '//XCUIElementTypeButton[@name="Select lenses"]'
2025-03-24 16:26:03.786 [DEBUG] [thread-id 1] - Verify identifier: {//XCUIElementTypeStaticText[@name="Select your lenses"]=[true], //XCUIElementTypeStaticText[@name="Single vision"]=[true], //XCUIElementTypeStaticText[@name="Whatâ€™s your prescription type?"]=[true]}
2025-03-24 16:26:14.795 [DEBUG] [thread-id 1] - Click element: '//XCUIElementTypeStaticText[@name="Single vision"]'
2025-03-24 16:26:30.378 [DEBUG] [thread-id 1] - Click element: '//XCUIElementTypeButton[@label="Continue"] |  //XCUIElementTypeButton[@label="Done"]'
2025-03-24 16:26:36.770 [DEBUG] [thread-id 1] - sleep:  2000 milliseconds
2025-03-24 16:26:38.779 [DEBUG] [thread-id 1] - conditionally execute a flow. condition: true
2025-03-24 16:26:50.219 [DEBUG] [thread-id 1] - [38;5;202mSelecting Lense
2025-03-24 16:27:46.978 [DEBUG] [thread-id 1] - Verify identifier: {//XCUIElementTypeCell[contains(@name,"Clear")] | //XCUIElementTypeCell[@name="Clear, Included, Classic lenses that are great for all purposes."]/XCUIElementTypeOther[2]=[true], //XCUIElementTypeButton[@label="Continue"] |  //XCUIElementTypeButton[@label="Done"]=[true], //XCUIElementTypeButton[@name="Close"]=[true], What type of lenses do you need?=[true], //XCUIElementTypeStaticText[@name="Sunglasses"]=[true]}
2025-03-24 16:27:59.538 [DEBUG] [thread-id 1] - conditionally execute a flow. condition: true
2025-03-24 16:28:11.913 [DEBUG] [thread-id 1] - [38;5;202mSelecting 'Clear' option
2025-03-24 16:28:35.923 [DEBUG] [thread-id 1] - Click element: '//XCUIElementTypeCell[contains(@name,"Clear")] | //XCUIElementTypeCell[@name="Clear, Included, Classic lenses that are great for all purposes."]/XCUIElementTypeOther[2]'
2025-03-24 16:29:32.053 [DEBUG] [thread-id 1] - Click element: '//XCUIElementTypeButton[@label="Continue"] |  //XCUIElementTypeButton[@label="Done"]'
2025-03-24 16:29:38.380 [DEBUG] [thread-id 1] - sleep:  2000 milliseconds
2025-03-24 16:30:01.377 [DEBUG] [thread-id 1] - Verify identifier: {//XCUIElementTypeCell[contains(@name,"Standard")]=[true], //XCUIElementTypeStaticText[@name="Polycarbonate"] | //XCUIElementTypeCell[contains(@name,"Standard")]=[true]}
2025-03-24 16:30:01.379 [DEBUG] [thread-id 1] - conditionally execute a flow. condition: true
2025-03-24 16:30:14.076 [DEBUG] [thread-id 1] - [38;5;202mSelecting 'Standard' option
2025-03-24 16:30:37.414 [DEBUG] [thread-id 1] - Click element: '//XCUIElementTypeCell[contains(@name,"Standard")]'
2025-03-24 16:30:54.986 [DEBUG] [thread-id 1] - Click element: '//XCUIElementTypeButton[@label="Continue"] |  //XCUIElementTypeButton[@label="Done"]'
2025-03-24 16:31:01.462 [DEBUG] [thread-id 1] - sleep:  2000 milliseconds
2025-03-24 16:31:03.468 [WARN] [thread-id 1] - variable LenseColor was used, but r2 could not find a value for this variable. returning default of null
2025-03-24 16:31:03.469 [WARN] [thread-id 1] - variable LenseColor was used, but r2 could not find a value for this variable. returning default of null
2025-03-24 16:31:14.777 [DEBUG] [thread-id 1] - sleep:  2000 milliseconds
2025-03-24 16:31:38.434 [DEBUG] [thread-id 1] - Verify identifier: {//XCUIElementTypeStaticText[contains(@name,"Is there anything you want to add")]=[true], //XCUIElementTypeCell[contains(@name,"No add-ons")]=[true]}
2025-03-24 16:31:38.435 [DEBUG] [thread-id 1] - conditionally execute a flow. condition: true
2025-03-24 16:31:50.603 [DEBUG] [thread-id 1] - [38;5;202mSelecting 'No add-ons'
2025-03-24 16:32:13.256 [DEBUG] [thread-id 1] - Click element: '//XCUIElementTypeCell[contains(@name,"No add-ons")]'
2025-03-24 16:32:28.476 [DEBUG] [thread-id 1] - Click element: '//XCUIElementTypeButton[@label="Continue"] |  //XCUIElementTypeButton[@label="Done"]'
2025-03-24 16:32:34.688 [DEBUG] [thread-id 1] - sleep:  2000 milliseconds
2025-03-24 16:33:16.856 [DEBUG] [thread-id 1] - Verify identifier: {//XCUIElementTypeOther[contains(@label,"Lenses")]=[true], //XCUIElementTypeOther[contains(@label,"Subtotal")]=[true], //XCUIElementTypeStaticText[@name="Review your selections"]=[true], //XCUIElementTypeOther[contains(@label,"Frames")]=[true]}
2025-03-24 16:33:16.873 [DEBUG] [thread-id 1] - [0;34mExecuting function: 'us.functions.item.visionItem.AddPrescription'
2025-03-24 16:33:16.873 [DEBUG] [thread-id 1] - Store in: store the value 'Transactions' in the variable 'executionStage'
2025-03-24 16:33:50.736 [DEBUG] [thread-id 1] - [38;5;202mNo smart Nudge View pop up
2025-03-24 16:34:31.461 [DEBUG] [thread-id 1] - Click element: '//XCUIElementTypeButton[@label="Add prescription"] | //XCUIElementTypeButton[@name="CartItemTileView.addVisionCTAButton" and @accessible ="true"] | //XCUIElementTypeButton[@name="PrescriptionOrderFooter.addPrescriptionButton"]'
2025-03-24 16:34:41.846 [DEBUG] [thread-id 1] - sleep:  3000 milliseconds
2025-03-24 16:34:44.852 [DEBUG] [thread-id 1] - conditionally execute a flow. condition: true
2025-03-24 16:34:55.686 [DEBUG] [thread-id 1] - [38;5;202mSelecting 'PatientA - Native Test'
2025-03-24 16:35:19.251 [DEBUG] [thread-id 1] - conditionally execute a flow. condition: false
2025-03-24 16:35:40.626 [DEBUG] [thread-id 1] - Enter text: 'VisionA'
2025-03-24 16:36:11.763 [DEBUG] [thread-id 1] - Enter text: 'Test'
2025-03-24 16:36:33.311 [DEBUG] [thread-id 1] - conditionally execute a flow. condition: true
2025-03-24 16:36:53.220 [DEBUG] [thread-id 1] - Click element: 'Done'
2025-03-24 16:37:23.319 [DEBUG] [thread-id 1] - Enter text: '08/30/1991'
2025-03-24 16:37:44.679 [DEBUG] [thread-id 1] - conditionally execute a flow. condition: true
2025-03-24 16:38:04.170 [DEBUG] [thread-id 1] - Click element: 'Done'
2025-03-24 16:38:27.418 [DEBUG] [thread-id 1] - Click element: 'AcknowledgementLabel.checkbox'
2025-03-24 16:38:56.453 [DEBUG] [thread-id 1] - Click element: '//XCUIElementTypeButton[@label="Continue"] |  //XCUIElementTypeButton[@label="Done"]'
2025-03-24 16:39:02.334 [DEBUG] [thread-id 1] - [0;34mExecuting function: 'us.functions.item.addVisionPDImage'
2025-03-24 16:39:27.586 [DEBUG] [thread-id 1] - Click element: 'ImageGrid.selectSquare'
2025-03-24 16:39:45.903 [DEBUG] [thread-id 1] - Verify identifier: {//XCUIElementTypeOther[@name="AddPrescriptionFooter.continueButton.bottomSheet"]=[true]}
2025-03-24 16:39:56.137 [DEBUG] [thread-id 1] - Click element: '//XCUIElementTypeOther[@name="AddPrescriptionFooter.continueButton.bottomSheet"]'
2025-03-24 16:40:12.874 [DEBUG] [thread-id 1] - Verify identifier: {Choose existing=[true]}
2025-03-24 16:40:16.251 [DEBUG] [thread-id 1] - Click element: 'Choose existing'
2025-03-24 16:40:36.350 [DEBUG] [thread-id 1] - conditionally execute a flow. condition: true
2025-03-24 16:40:51.744 [DEBUG] [thread-id 1] - Click element: 'PermissionPromptViewController.primaryActionButton'
2025-03-24 16:41:01.567 [DEBUG] [thread-id 1] - sleep:  3000 milliseconds
2025-03-24 16:41:45.934 [DEBUG] [thread-id 1] - sleep:  3000 milliseconds
2025-03-24 16:41:59.894 [DEBUG] [thread-id 1] - conditionally execute a flow. condition: true
2025-03-24 16:42:15.399 [DEBUG] [thread-id 1] - Click element: 'Go to settings'
2025-03-24 16:42:57.639 [DEBUG] [thread-id 1] - sleep:  2000 milliseconds
2025-03-24 16:42:59.866 [DEBUG] [thread-id 1] - conditionally execute a flow. condition: true
2025-03-24 16:43:00.407 [DEBUG] [thread-id 1] - [38;5;202mInside settings
2025-03-24 16:43:00.939 [DEBUG] [thread-id 1] - sleep:  2000 milliseconds
2025-03-24 16:43:04.481 [DEBUG] [thread-id 1] - Click element: '110,202'
2025-03-24 16:43:06.095 [DEBUG] [thread-id 1] - Click element: '110,202'
2025-03-24 16:43:07.635 [DEBUG] [thread-id 1] - Click element: '110,202'
2025-03-24 16:43:09.173 [DEBUG] [thread-id 1] - Click element: '110,202'
2025-03-24 16:43:10.735 [DEBUG] [thread-id 1] - Click element: '110,202'
2025-03-24 16:43:12.286 [DEBUG] [thread-id 1] - Click element: '110,202'
2025-03-24 16:43:13.881 [DEBUG] [thread-id 1] - Click element: '110,202'
2025-03-24 16:43:15.416 [DEBUG] [thread-id 1] - Click element: '110,202'
2025-03-24 16:43:16.971 [DEBUG] [thread-id 1] - Click element: '110,202'
2025-03-24 16:43:18.507 [DEBUG] [thread-id 1] - Click element: '110,202'
2025-03-24 16:43:20.042 [DEBUG] [thread-id 1] - Click element: '110,202'
2025-03-24 16:43:21.562 [DEBUG] [thread-id 1] - Click element: '110,202'
2025-03-24 16:43:23.123 [DEBUG] [thread-id 1] - Click element: '110,202'
2025-03-24 16:43:23.832 [DEBUG] [thread-id 1] - [0;31mMain failed: Cannot click 'null'
2025-03-24 16:43:24.870 [DEBUG] [thread-id 1] - [0;34mExecuting scenario: 'After'
2025-03-24 16:43:24.870 [DEBUG] [thread-id 1] - [0;34mExecuting function: 'unified.us.functions.utils.afterSteps'
2025-03-24 16:43:24.871 [WARN] [thread-id 1] - variable testStatus was used, but r2 could not find a value for this variable. returning default of null
2025-03-24 16:43:24.871 [DEBUG] [thread-id 1] - conditionally execute a flow. condition: false
2025-03-24 16:43:25.364 [DEBUG] [thread-id 1] - [38;5;202mTest failed
2025-03-24 16:43:28.567 [DEBUG] [thread-id 1] - Created report: /Users/m0k0a2f/glass-automation/report/index.html
2025-03-24 16:49:19.985 [DEBUG] [thread-id 1] - [0;34mExecuting R2 5.5.0: '/Users/m0k0a2f/glass-automation/us/unified-e2e-tests/test-scripts/vision-flows/production/C2707320-multiple-prescription-and-patients-with-same-lense-and-frame.yaml' on device: 'iPhone 15'
2025-03-24 16:50:28.385 [DEBUG] [thread-id 1] - [0;34mExecuting scenario: 'Before'
2025-03-24 16:50:28.386 [DEBUG] [thread-id 1] - [38;5;202mExecute before steps
2025-03-24 16:50:28.391 [DEBUG] [thread-id 1] - [0;34mExecuting function: 'us.function.utils.getEnvironmentValue'
2025-03-24 16:50:28.391 [DEBUG] [thread-id 1] - Store in: store the value 'Onboarding' in the variable 'executionStage'
2025-03-24 16:50:28.391 [DEBUG] [thread-id 1] - Store in: store the value 'production' in the variable 'env'
2025-03-24 16:50:28.391 [DEBUG] [thread-id 1] - Timestamp: 1742860228391
2025-03-24 16:50:28.393 [DEBUG] [thread-id 1] - [0;34mExecuting function: 'functions.utils.setPlatformInfo'
2025-03-24 16:50:28.393 [DEBUG] [thread-id 1] - Store in: store the value 'Onboarding' in the variable 'executionStage'
2025-03-24 16:50:28.396 [WARN] [thread-id 1] - variable dependencies.general.appPackage was used, but r2 could not find a value for this variable. returning default of null
2025-03-24 16:50:28.396 [DEBUG] [thread-id 1] - Store in: store the value 'null' in the variable 'appPackage'
2025-03-24 16:50:28.405 [DEBUG] [thread-id 1] - conditionally execute a flow. condition: true
2025-03-24 16:50:28.677 [DEBUG] [thread-id 1] - Store in: store the value 'iOS' in the variable 'platform'
2025-03-24 16:50:28.683 [DEBUG] [thread-id 1] - [38;5;202mR2_SUBFLOW_PRE_TRANSACTION
2025-03-24 16:50:29.241 [DEBUG] [thread-id 1] - [38;5;202mUsing us-errors-helpers.yaml
2025-03-24 16:50:29.766 [DEBUG] [thread-id 1] - [38;5;202mStart main
2025-03-24 16:50:29.767 [DEBUG] [thread-id 1] - [0;34mExecuting function: 'unified.us.functions.global.onboarding.navigateOnboardingToHome'
2025-03-24 16:50:29.767 [DEBUG] [thread-id 1] - Store in: store the value 'onboarding' in the variable 'executionStage'
2025-03-24 16:50:29.767 [DEBUG] [thread-id 1] - [38;5;202mWelcome screen loaded
2025-03-24 16:50:29.771 [DEBUG] [thread-id 1] - conditionally execute a flow. condition: true
2025-03-24 16:50:30.047 [DEBUG] [thread-id 1] - Verify identifier: {cta.cancel.welcome=[true]}
2025-03-24 16:50:30.308 [DEBUG] [thread-id 1] - Store in: store the value 'true' in the variable 'testStarted'
2025-03-24 16:50:30.624 [DEBUG] [thread-id 1] - Click element: 'cta.cancel.welcome'
2025-03-24 16:50:31.797 [DEBUG] [thread-id 1] - [38;5;202mNotifiction Prompt screen loaded
2025-03-24 16:50:32.137 [DEBUG] [thread-id 1] - Verify identifier: {NotificationPermissionViewController.titleLabel=[true]}
2025-03-24 16:50:32.407 [WARN] [thread-id 1] - variable allowNotifications was used, but r2 could not find a value for this variable. returning default of null
2025-03-24 16:50:32.407 [DEBUG] [thread-id 1] - conditionally execute a flow. condition: false
2025-03-24 16:50:34.734 [DEBUG] [thread-id 1] - Click element: 'cta.cancel.notifications'
2025-03-24 16:50:35.172 [DEBUG] [thread-id 1] - [38;5;202mlocation screen loaded
2025-03-24 16:50:35.475 [DEBUG] [thread-id 1] - Verify identifier: {LocationPermissionViewController.titleLabel=[true]}
2025-03-24 16:50:35.475 [DEBUG] [thread-id 1] - Store in: store the value 'true' in the variable 'testStarted'
2025-03-24 16:50:35.544 [DEBUG] [thread-id 1] - Click element: 'Enter zip code'
2025-03-24 16:50:36.301 [DEBUG] [thread-id 1] - Verify identifier: {label.postal-code-entry=[true]}
2025-03-24 16:50:36.301 [DEBUG] [thread-id 1] - sleep:  2000 milliseconds
2025-03-24 16:50:38.356 [DEBUG] [thread-id 1] - Enter text: '95122'
2025-03-24 16:50:39.875 [DEBUG] [thread-id 1] - Click element: 'cta.continue'
2025-03-24 16:50:40.391 [DEBUG] [thread-id 1] - sleep:  3000 milliseconds
2025-03-24 16:50:53.531 [DEBUG] [thread-id 1] - [0;34mExecuting function: 'unified.us.functions.home.handlePersonalizedScreen'
2025-03-24 16:50:53.787 [DEBUG] [thread-id 1] - conditionally execute a flow. condition: true
2025-03-24 16:50:54.041 [DEBUG] [thread-id 1] - [38;5;202mObserved Personalize Shopping Screen
2025-03-24 16:50:54.307 [DEBUG] [thread-id 1] - Verify identifier: {ATTPermissionViewController.bodyLabel=[true]}
2025-03-24 16:50:54.853 [DEBUG] [thread-id 1] - conditionally execute a flow. condition: true
2025-03-24 16:50:55.153 [DEBUG] [thread-id 1] - Click element: 'cta.continue.location'
2025-03-24 16:51:01.559 [DEBUG] [thread-id 1] - [38;5;28mPersonalized Shopping Experience Screen Handled.
2025-03-24 16:51:12.844 [DEBUG] [thread-id 1] - [0;34mExecuting function: 'unified.us.functions.gic.collapseIfExpanded'
2025-03-24 16:51:20.653 [DEBUG] [thread-id 1] - [38;5;202mGIC already collapsed
2025-03-24 16:51:23.838 [DEBUG] [thread-id 1] - Verify identifier: {Search Walmart=[true]}
2025-03-24 16:51:23.839 [DEBUG] [thread-id 1] - [0;34mExecuting function: 'unified.us.functions.home.navigateHomeToSignIn'
2025-03-24 16:51:23.839 [DEBUG] [thread-id 1] - Store in: store the value 'Pre-transactions' in the variable 'executionStage'
2025-03-24 16:51:25.795 [DEBUG] [thread-id 1] - Click element: '//XCUIElementTypeButton[@name="Account"] | Account'
2025-03-24 16:51:29.646 [DEBUG] [thread-id 1] - Verify identifier: {//XCUIElementTypeButton[@name="SignInYourAccountTableViewCell.signInButton"] | //XCUIElementTypeButton[@name="SignInYourAccountView.signInButton"]=[true]}
2025-03-24 16:51:30.010 [DEBUG] [thread-id 1] - Click element: '//XCUIElementTypeButton[@name="SignInYourAccountTableViewCell.signInButton"] | //XCUIElementTypeButton[@name="SignInYourAccountView.signInButton"]'
2025-03-24 16:51:32.730 [DEBUG] [thread-id 1] - conditionally execute a flow. condition: true
2025-03-24 16:51:34.440 [DEBUG] [thread-id 1] - Store in: store the value 'true' in the variable 'signInValidated'
2025-03-24 16:51:34.452 [DEBUG] [thread-id 1] - conditionally execute a flow. condition: true
2025-03-24 16:51:36.078 [DEBUG] [thread-id 1] - [38;5;202mSignIn page loaded
2025-03-24 16:51:37.862 [DEBUG] [thread-id 1] - Store in: store the value 'false' in the variable 'signInValidated'
2025-03-24 16:51:37.869 [DEBUG] [thread-id 1] - [0;34mExecuting function: 'unified.us.functions.authentication.signInInfo'
2025-03-24 16:51:37.869 [DEBUG] [thread-id 1] - conditionally execute a flow. condition: true
2025-03-24 16:51:39.496 [DEBUG] [thread-id 1] - Store in: store the value 'vision-e2e-prod1820@cloudtest.org' in the variable 'email'
2025-03-24 16:51:41.270 [DEBUG] [thread-id 1] - Store in: store the value 'E2epassword$' in the variable 'password'
2025-03-24 16:51:41.277 [DEBUG] [thread-id 1] - [0;34mExecuting function: 'unified.us.functions.global.authentication.signInAccount'
2025-03-24 16:51:41.278 [DEBUG] [thread-id 1] - conditionally execute a flow. condition: true
2025-03-24 16:53:17.989 [DEBUG] [thread-id 1] - [0;34mExecuting R2 5.5.0: '/Users/m0k0a2f/glass-automation/us/unified-e2e-tests/test-scripts/vision-flows/production/C2707320-multiple-prescription-and-patients-with-same-lense-and-frame.yaml' on device: 'iPhone 15'
2025-03-24 16:54:32.835 [DEBUG] [thread-id 1] - [0;34mExecuting scenario: 'Before'
2025-03-24 16:54:32.837 [DEBUG] [thread-id 1] - [38;5;202mExecute before steps
2025-03-24 16:54:32.841 [DEBUG] [thread-id 1] - [0;34mExecuting function: 'us.function.utils.getEnvironmentValue'
2025-03-24 16:54:32.842 [DEBUG] [thread-id 1] - Store in: store the value 'Onboarding' in the variable 'executionStage'
2025-03-24 16:54:32.842 [DEBUG] [thread-id 1] - Store in: store the value 'production' in the variable 'env'
2025-03-24 16:54:32.842 [DEBUG] [thread-id 1] - Timestamp: 1742860472842
2025-03-24 16:54:32.844 [DEBUG] [thread-id 1] - [0;34mExecuting function: 'functions.utils.setPlatformInfo'
2025-03-24 16:54:32.845 [DEBUG] [thread-id 1] - Store in: store the value 'Onboarding' in the variable 'executionStage'
2025-03-24 16:54:32.847 [WARN] [thread-id 1] - variable dependencies.general.appPackage was used, but r2 could not find a value for this variable. returning default of null
2025-03-24 16:54:32.847 [DEBUG] [thread-id 1] - Store in: store the value 'null' in the variable 'appPackage'
2025-03-24 16:54:32.860 [DEBUG] [thread-id 1] - conditionally execute a flow. condition: true
2025-03-24 16:54:33.202 [DEBUG] [thread-id 1] - Store in: store the value 'iOS' in the variable 'platform'
2025-03-24 16:54:33.209 [DEBUG] [thread-id 1] - [38;5;202mR2_SUBFLOW_PRE_TRANSACTION
2025-03-24 16:54:33.796 [DEBUG] [thread-id 1] - [38;5;202mUsing us-errors-helpers.yaml
2025-03-24 16:54:34.346 [DEBUG] [thread-id 1] - [38;5;202mStart main
2025-03-24 16:54:34.347 [DEBUG] [thread-id 1] - [0;34mExecuting function: 'unified.us.functions.global.onboarding.navigateOnboardingToHome'
2025-03-24 16:54:34.347 [DEBUG] [thread-id 1] - Store in: store the value 'onboarding' in the variable 'executionStage'
2025-03-24 16:54:34.347 [DEBUG] [thread-id 1] - [38;5;202mWelcome screen loaded
2025-03-24 16:54:34.350 [DEBUG] [thread-id 1] - conditionally execute a flow. condition: true
2025-03-24 16:54:34.610 [DEBUG] [thread-id 1] - Verify identifier: {cta.cancel.welcome=[true]}
2025-03-24 16:54:34.896 [DEBUG] [thread-id 1] - Store in: store the value 'true' in the variable 'testStarted'
2025-03-24 16:54:35.367 [DEBUG] [thread-id 1] - Click element: 'cta.cancel.welcome'
2025-03-24 16:54:36.366 [DEBUG] [thread-id 1] - [38;5;202mNotifiction Prompt screen loaded
2025-03-24 16:54:36.698 [DEBUG] [thread-id 1] - Verify identifier: {NotificationPermissionViewController.titleLabel=[true]}
2025-03-24 16:54:36.975 [WARN] [thread-id 1] - variable allowNotifications was used, but r2 could not find a value for this variable. returning default of null
2025-03-24 16:54:36.975 [DEBUG] [thread-id 1] - conditionally execute a flow. condition: false
2025-03-24 16:54:39.316 [DEBUG] [thread-id 1] - Click element: 'cta.cancel.notifications'
2025-03-24 16:54:39.775 [DEBUG] [thread-id 1] - [38;5;202mlocation screen loaded
2025-03-24 16:54:40.117 [DEBUG] [thread-id 1] - Verify identifier: {LocationPermissionViewController.titleLabel=[true]}
2025-03-24 16:54:40.118 [DEBUG] [thread-id 1] - Store in: store the value 'true' in the variable 'testStarted'
2025-03-24 16:54:40.194 [DEBUG] [thread-id 1] - Click element: 'Enter zip code'
2025-03-24 16:54:40.991 [DEBUG] [thread-id 1] - Verify identifier: {label.postal-code-entry=[true]}
2025-03-24 16:54:40.992 [DEBUG] [thread-id 1] - sleep:  2000 milliseconds
2025-03-24 16:54:43.076 [DEBUG] [thread-id 1] - Enter text: '95122'
2025-03-24 16:54:47.747 [DEBUG] [thread-id 1] - Click element: 'cta.continue'
2025-03-24 16:54:48.280 [DEBUG] [thread-id 1] - sleep:  3000 milliseconds
2025-03-24 16:55:01.471 [DEBUG] [thread-id 1] - [0;34mExecuting function: 'unified.us.functions.home.handlePersonalizedScreen'
2025-03-24 16:55:01.737 [DEBUG] [thread-id 1] - conditionally execute a flow. condition: true
2025-03-24 16:55:02.006 [DEBUG] [thread-id 1] - [38;5;202mObserved Personalize Shopping Screen
2025-03-24 16:55:02.305 [DEBUG] [thread-id 1] - Verify identifier: {ATTPermissionViewController.bodyLabel=[true]}
2025-03-24 16:55:02.857 [DEBUG] [thread-id 1] - conditionally execute a flow. condition: true
2025-03-24 16:55:03.170 [DEBUG] [thread-id 1] - Click element: 'cta.continue.location'
2025-03-24 16:55:10.655 [DEBUG] [thread-id 1] - [38;5;28mPersonalized Shopping Experience Screen Handled.
2025-03-24 16:55:22.241 [DEBUG] [thread-id 1] - [0;34mExecuting function: 'unified.us.functions.gic.collapseIfExpanded'
2025-03-24 16:55:30.239 [DEBUG] [thread-id 1] - [38;5;202mGIC already collapsed
2025-03-24 16:55:33.367 [DEBUG] [thread-id 1] - Verify identifier: {Search Walmart=[true]}
2025-03-24 16:55:33.368 [DEBUG] [thread-id 1] - [0;34mExecuting function: 'unified.us.functions.home.navigateHomeToSignIn'
2025-03-24 16:55:33.368 [DEBUG] [thread-id 1] - Store in: store the value 'Pre-transactions' in the variable 'executionStage'
2025-03-24 16:55:35.320 [DEBUG] [thread-id 1] - Click element: '//XCUIElementTypeButton[@name="Account"] | Account'
2025-03-24 16:55:39.102 [DEBUG] [thread-id 1] - Verify identifier: {//XCUIElementTypeButton[@name="SignInYourAccountTableViewCell.signInButton"] | //XCUIElementTypeButton[@name="SignInYourAccountView.signInButton"]=[true]}
2025-03-24 16:55:39.465 [DEBUG] [thread-id 1] - Click element: '//XCUIElementTypeButton[@name="SignInYourAccountTableViewCell.signInButton"] | //XCUIElementTypeButton[@name="SignInYourAccountView.signInButton"]'
2025-03-24 16:55:42.019 [DEBUG] [thread-id 1] - conditionally execute a flow. condition: true
2025-03-24 16:55:43.728 [DEBUG] [thread-id 1] - Store in: store the value 'true' in the variable 'signInValidated'
2025-03-24 16:55:43.740 [DEBUG] [thread-id 1] - conditionally execute a flow. condition: true
2025-03-24 16:55:45.415 [DEBUG] [thread-id 1] - [38;5;202mSignIn page loaded
2025-03-24 16:55:47.177 [DEBUG] [thread-id 1] - Store in: store the value 'false' in the variable 'signInValidated'
2025-03-24 16:55:47.189 [DEBUG] [thread-id 1] - [0;34mExecuting function: 'unified.us.functions.authentication.signInInfo'
2025-03-24 16:55:47.189 [DEBUG] [thread-id 1] - conditionally execute a flow. condition: true
2025-03-24 16:55:48.803 [DEBUG] [thread-id 1] - Store in: store the value 'vision-e2e-prod1820@cloudtest.org' in the variable 'email'
2025-03-24 16:55:50.508 [DEBUG] [thread-id 1] - Store in: store the value 'E2epassword$' in the variable 'password'
2025-03-24 16:55:50.514 [DEBUG] [thread-id 1] - [0;34mExecuting function: 'unified.us.functions.global.authentication.signInAccount'
2025-03-24 16:55:50.515 [DEBUG] [thread-id 1] - conditionally execute a flow. condition: true
2025-03-24 16:56:05.793 [DEBUG] [thread-id 1] - Verify identifier: {TextFieldStackView.containerStackView=[true]}
2025-03-24 16:56:06.103 [DEBUG] [thread-id 1] - Enter text: 'vision-e2e-prod1820@cloudtest.org'
2025-03-24 16:56:11.204 [DEBUG] [thread-id 1] - Click element: 'WelcomeView.ctaButton'
2025-03-24 16:56:12.034 [DEBUG] [thread-id 1] - sleep:  2000 milliseconds
2025-03-24 16:56:14.848 [DEBUG] [thread-id 1] - conditionally execute a flow. condition: true
2025-03-24 16:56:16.755 [DEBUG] [thread-id 1] - [38;5;202mEntered Email Successfully
2025-03-24 16:56:18.562 [DEBUG] [thread-id 1] - conditionally execute a flow. condition: true
2025-03-24 16:56:20.721 [DEBUG] [thread-id 1] - Click element: 'AuthChoiceView.passwordStackView'
2025-03-24 16:56:23.585 [DEBUG] [thread-id 1] - [38;5;202mSelected Password Option to Login
2025-03-24 16:56:23.700 [DEBUG] [thread-id 1] - Verify identifier: {TextFieldStackView.textField=[true]}
2025-03-24 16:56:23.934 [DEBUG] [thread-id 1] - Enter text: 'E2epassword$'
2025-03-24 16:56:31.452 [DEBUG] [thread-id 1] - Click element: 'AuthChoiceView.ctaButton'
2025-03-24 16:56:52.905 [DEBUG] [thread-id 1] - conditionally execute a flow. condition: true
2025-03-24 16:56:53.869 [DEBUG] [thread-id 1] - sleep:  2000 milliseconds
2025-03-24 16:57:06.935 [DEBUG] [thread-id 1] - [0;34mExecuting function: 'unified.us.functions.utils.handleCartMergePopup'
2025-03-24 16:57:23.033 [ERROR] [thread-id 1] - org.yaml.snakeyaml.constructor.ConstructorException: Cannot create property=general for JavaBean=com.walmartlabs.data.dependencies.Dependencies@5d05ef57
 in 'reader', line 1, column 1:
    general:
    ^
Cannot create property=permissions for JavaBean=com.walmartlabs.data.dependencies.General@4a183d02
 in 'reader', line 2, column 3:
      automationName: XCUITest
      ^
Unable to find property 'permissions' on class: com.walmartlabs.data.dependencies.General
 in 'reader', line 23, column 5:
        com.walmart.beta.electronics:
        ^

 in 'reader', line 2, column 3:
      automationName: XCUITest
      ^

2025-03-24 16:58:27.798 [DEBUG] [thread-id 1] - [0;34mExecuting R2 5.5.0: '/Users/m0k0a2f/glass-automation/us/unified-e2e-tests/test-scripts/vision-flows/production/C2707320-multiple-prescription-and-patients-with-same-lense-and-frame.yaml' on device: 'iPhone 15'
2025-03-24 16:59:47.963 [DEBUG] [thread-id 1] - [0;34mExecuting scenario: 'Before'
2025-03-24 16:59:47.965 [DEBUG] [thread-id 1] - [38;5;202mExecute before steps
2025-03-24 16:59:47.970 [DEBUG] [thread-id 1] - [0;34mExecuting function: 'us.function.utils.getEnvironmentValue'
2025-03-24 16:59:47.970 [DEBUG] [thread-id 1] - Store in: store the value 'Onboarding' in the variable 'executionStage'
2025-03-24 16:59:47.970 [DEBUG] [thread-id 1] - Store in: store the value 'production' in the variable 'env'
2025-03-24 16:59:47.970 [DEBUG] [thread-id 1] - Timestamp: 1742860787970
2025-03-24 16:59:47.971 [DEBUG] [thread-id 1] - [0;34mExecuting function: 'functions.utils.setPlatformInfo'
2025-03-24 16:59:47.972 [DEBUG] [thread-id 1] - Store in: store the value 'Onboarding' in the variable 'executionStage'
2025-03-24 16:59:47.974 [WARN] [thread-id 1] - variable dependencies.general.appPackage was used, but r2 could not find a value for this variable. returning default of null
2025-03-24 16:59:47.974 [DEBUG] [thread-id 1] - Store in: store the value 'null' in the variable 'appPackage'
2025-03-24 16:59:48.034 [DEBUG] [thread-id 1] - conditionally execute a flow. condition: true
2025-03-24 16:59:48.280 [DEBUG] [thread-id 1] - Store in: store the value 'iOS' in the variable 'platform'
2025-03-24 16:59:48.294 [DEBUG] [thread-id 1] - [38;5;202mR2_SUBFLOW_PRE_TRANSACTION
2025-03-24 16:59:48.820 [DEBUG] [thread-id 1] - [38;5;202mUsing us-errors-helpers.yaml
2025-03-24 16:59:49.354 [DEBUG] [thread-id 1] - [38;5;202mStart main
2025-03-24 16:59:49.355 [DEBUG] [thread-id 1] - [0;34mExecuting function: 'unified.us.functions.global.onboarding.navigateOnboardingToHome'
2025-03-24 16:59:49.355 [DEBUG] [thread-id 1] - Store in: store the value 'onboarding' in the variable 'executionStage'
2025-03-24 16:59:49.355 [DEBUG] [thread-id 1] - [38;5;202mWelcome screen loaded
2025-03-24 16:59:49.359 [DEBUG] [thread-id 1] - conditionally execute a flow. condition: true
2025-03-24 16:59:49.615 [DEBUG] [thread-id 1] - Verify identifier: {cta.cancel.welcome=[true]}
2025-03-24 16:59:49.886 [DEBUG] [thread-id 1] - Store in: store the value 'true' in the variable 'testStarted'
2025-03-24 16:59:50.224 [DEBUG] [thread-id 1] - Click element: 'cta.cancel.welcome'
2025-03-24 16:59:51.913 [DEBUG] [thread-id 1] - [38;5;202mNotifiction Prompt screen loaded
2025-03-24 16:59:52.183 [DEBUG] [thread-id 1] - Verify identifier: {NotificationPermissionViewController.titleLabel=[true]}
2025-03-24 16:59:52.435 [WARN] [thread-id 1] - variable allowNotifications was used, but r2 could not find a value for this variable. returning default of null
2025-03-24 16:59:52.435 [DEBUG] [thread-id 1] - conditionally execute a flow. condition: false
2025-03-24 16:59:54.726 [DEBUG] [thread-id 1] - Click element: 'cta.cancel.notifications'
2025-03-24 16:59:55.173 [DEBUG] [thread-id 1] - [38;5;202mlocation screen loaded
2025-03-24 16:59:55.425 [DEBUG] [thread-id 1] - Verify identifier: {LocationPermissionViewController.titleLabel=[true]}
2025-03-24 16:59:55.425 [DEBUG] [thread-id 1] - Store in: store the value 'true' in the variable 'testStarted'
2025-03-24 16:59:55.463 [DEBUG] [thread-id 1] - Click element: 'Enter zip code'
2025-03-24 16:59:56.272 [DEBUG] [thread-id 1] - Verify identifier: {label.postal-code-entry=[true]}
2025-03-24 16:59:56.272 [DEBUG] [thread-id 1] - sleep:  2000 milliseconds
2025-03-24 16:59:58.343 [DEBUG] [thread-id 1] - Enter text: '95122'
2025-03-24 17:00:00.639 [DEBUG] [thread-id 1] - Click element: 'cta.continue'
2025-03-24 17:00:01.143 [DEBUG] [thread-id 1] - sleep:  3000 milliseconds
2025-03-24 17:00:14.191 [DEBUG] [thread-id 1] - [0;34mExecuting function: 'unified.us.functions.home.handlePersonalizedScreen'
2025-03-24 17:00:14.413 [DEBUG] [thread-id 1] - conditionally execute a flow. condition: true
2025-03-24 17:00:14.635 [DEBUG] [thread-id 1] - [38;5;202mObserved Personalize Shopping Screen
2025-03-24 17:00:14.866 [DEBUG] [thread-id 1] - Verify identifier: {ATTPermissionViewController.bodyLabel=[true]}
2025-03-24 17:00:15.321 [DEBUG] [thread-id 1] - conditionally execute a flow. condition: true
2025-03-24 17:00:15.620 [DEBUG] [thread-id 1] - Click element: 'cta.continue.location'
2025-03-24 17:00:17.986 [DEBUG] [thread-id 1] - [38;5;28mPersonalized Shopping Experience Screen Handled.
2025-03-24 17:00:31.961 [DEBUG] [thread-id 1] - [0;34mExecuting function: 'unified.us.functions.gic.collapseIfExpanded'
2025-03-24 17:00:38.181 [DEBUG] [thread-id 1] - [38;5;202mGIC already collapsed
2025-03-24 17:00:40.643 [DEBUG] [thread-id 1] - Verify identifier: {Search Walmart=[true]}
2025-03-24 17:00:40.643 [DEBUG] [thread-id 1] - [0;34mExecuting function: 'unified.us.functions.home.navigateHomeToSignIn'
2025-03-24 17:00:40.644 [DEBUG] [thread-id 1] - Store in: store the value 'Pre-transactions' in the variable 'executionStage'
2025-03-24 17:00:42.482 [DEBUG] [thread-id 1] - Click element: '//XCUIElementTypeButton[@name="Account"] | Account'
2025-03-24 17:00:45.821 [DEBUG] [thread-id 1] - Verify identifier: {//XCUIElementTypeButton[@name="SignInYourAccountTableViewCell.signInButton"] | //XCUIElementTypeButton[@name="SignInYourAccountView.signInButton"]=[true]}
2025-03-24 17:00:46.200 [DEBUG] [thread-id 1] - Click element: '//XCUIElementTypeButton[@name="SignInYourAccountTableViewCell.signInButton"] | //XCUIElementTypeButton[@name="SignInYourAccountView.signInButton"]'
2025-03-24 17:00:48.831 [DEBUG] [thread-id 1] - conditionally execute a flow. condition: true
2025-03-24 17:00:50.272 [DEBUG] [thread-id 1] - Store in: store the value 'true' in the variable 'signInValidated'
2025-03-24 17:00:50.283 [DEBUG] [thread-id 1] - conditionally execute a flow. condition: true
2025-03-24 17:00:51.628 [DEBUG] [thread-id 1] - [38;5;202mSignIn page loaded
2025-03-24 17:00:53.045 [DEBUG] [thread-id 1] - Store in: store the value 'false' in the variable 'signInValidated'
2025-03-24 17:00:53.053 [DEBUG] [thread-id 1] - [0;34mExecuting function: 'unified.us.functions.authentication.signInInfo'
2025-03-24 17:00:53.054 [DEBUG] [thread-id 1] - conditionally execute a flow. condition: true
2025-03-24 17:00:54.333 [DEBUG] [thread-id 1] - Store in: store the value 'vision-e2e-prod1820@cloudtest.org' in the variable 'email'
2025-03-24 17:00:55.683 [DEBUG] [thread-id 1] - Store in: store the value 'E2epassword$' in the variable 'password'
2025-03-24 17:00:55.689 [DEBUG] [thread-id 1] - [0;34mExecuting function: 'unified.us.functions.global.authentication.signInAccount'
2025-03-24 17:00:55.690 [DEBUG] [thread-id 1] - conditionally execute a flow. condition: true
2025-03-24 17:01:08.605 [DEBUG] [thread-id 1] - Verify identifier: {TextFieldStackView.containerStackView=[true]}
2025-03-24 17:01:08.879 [DEBUG] [thread-id 1] - Enter text: 'vision-e2e-prod1820@cloudtest.org'
2025-03-24 17:01:13.741 [DEBUG] [thread-id 1] - Click element: 'WelcomeView.ctaButton'
2025-03-24 17:01:14.467 [DEBUG] [thread-id 1] - sleep:  2000 milliseconds
2025-03-24 17:01:26.563 [DEBUG] [thread-id 1] - conditionally execute a flow. condition: false
2025-03-24 17:01:38.528 [DEBUG] [thread-id 1] - [0;31mMain failed: ENV_FAILURE - production - SIGN-IN ERROR
2025-03-24 17:01:41.281 [DEBUG] [thread-id 1] - [0;34mExecuting scenario: 'After'
2025-03-24 17:01:41.281 [DEBUG] [thread-id 1] - [0;34mExecuting function: 'unified.us.functions.utils.afterSteps'
2025-03-24 17:01:41.281 [WARN] [thread-id 1] - variable testStatus was used, but r2 could not find a value for this variable. returning default of null
2025-03-24 17:01:41.282 [DEBUG] [thread-id 1] - conditionally execute a flow. condition: false
2025-03-24 17:01:42.592 [DEBUG] [thread-id 1] - [38;5;202mTest failed
2025-03-24 17:01:48.637 [DEBUG] [thread-id 1] - Created report: /Users/m0k0a2f/glass-automation/report/index.html
2025-03-24 20:22:59.922 [ERROR] [thread-id 1] - org.yaml.snakeyaml.constructor.ConstructorException: Cannot create property=general for JavaBean=com.walmartlabs.data.dependencies.Dependencies@5d05ef57
 in 'reader', line 1, column 1:
    general:
    ^
Cannot create property=permissions for JavaBean=com.walmartlabs.data.dependencies.General@4a183d02
 in 'reader', line 2, column 3:
      automationName: XCUITest
      ^
Unable to find property 'permissions' on class: com.walmartlabs.data.dependencies.General
 in 'reader', line 23, column 5:
        com.walmart.beta.electronics:
        ^

 in 'reader', line 2, column 3:
      automationName: XCUITest
      ^

2025-03-24 20:24:21.199 [ERROR] [thread-id 1] - org.yaml.snakeyaml.constructor.ConstructorException: Cannot create property=general for JavaBean=com.walmartlabs.data.dependencies.Dependencies@3044e9c7
 in 'reader', line 1, column 1:
    general:
    ^
Cannot create property=permissions for JavaBean=com.walmartlabs.data.dependencies.General@6b7d1df8
 in 'reader', line 2, column 3:
      automationName: XCUITest
      ^
Unable to find property 'permissions' on class: com.walmartlabs.data.dependencies.General
 in 'reader', line 23, column 5:
        com.walmart.beta.electronics:
        ^

 in 'reader', line 2, column 3:
      automationName: XCUITest
      ^

2025-03-24 21:36:45.475 [ERROR] [thread-id 1] - org.yaml.snakeyaml.constructor.ConstructorException: Cannot create property=general for JavaBean=com.walmartlabs.data.dependencies.Dependencies@59d2103b
 in 'reader', line 1, column 1:
    general:
    ^
Cannot create property=permissions for JavaBean=com.walmartlabs.data.dependencies.General@9bd0fa6
 in 'reader', line 2, column 3:
      automationName: XCUITest
      ^
Unable to find property 'permissions' on class: com.walmartlabs.data.dependencies.General
 in 'reader', line 23, column 5:
        com.walmart.beta.electronics:
        ^

 in 'reader', line 2, column 3:
      automationName: XCUITest
      ^

2025-03-24 21:39:17.181 [DEBUG] [thread-id 1] - [0;34mExecuting R2 5.5.0: '/Users/m0k0a2f/glass-automation/us/unified-e2e-tests/test-scripts/vision-flows/production/C2707320-multiple-prescription-and-patients-with-same-lense-and-frame.yaml' on device: 'iPhone 15'
2025-03-24 21:39:47.504 [ERROR] [thread-id 1] - error setting up appium session: 
org.openqa.selenium.SessionNotCreatedException: Could not start a new session. Response code 500. Message: An unknown server-side error occurred while processing the command. Original error: Could not find a driver for automationName 'XCUITest' and platformName 'IOS'. Have you installed a driver that supports those capabilities? Run 'appium driver list --installed' to see. (Lower-level error: Could not find installed driver to support given caps) 
Host info: host: 'm-xqkh4fwq5j', ip: 'fd00:f85b:3b8e:a30b:0:0:0:12bb%en0'
Build info: version: '4.25.0', revision: '8a8aea2337'
System info: os.name: 'Mac OS X', os.arch: 'aarch64', os.version: '15.3.2', java.version: '20.0.1'
Driver info: io.appium.java_client.ios.IOSDriver
Command: [null, newSession {capabilities=[Capabilities {appium:app: /Users/m0k0a2f/glass-automa..., appium:appiumVersion: 2.0.0, appium:autoAcceptAlerts: true, appium:autoGrantPermissions: true, appium:automationName: XCUITest, appium:bundleId: com.walmart.beta.electronics, appium:commandTimeout: 600, appium:deviceName: iPhone 15, appium:fullReset: false, appium:idleTimeout: 1000, appium:iosInstallPause: 20000, appium:launchTimeout: 6000000, appium:name: C2707320-multiple-prescript..., appium:newCommandTimeout: 90000, appium:noReset: false, appium:orientation: PORTRAIT, appium:permissions: true, appium:platformVersion: 17.4, appium:processArguments: {"env":{"config":"{\"enviro..., appium:public: share, appium:waitForQuiescence: false, platformName: IOS}]}]
Capabilities {appium:app: /Users/m0k0a2f/glass-automa..., appium:appiumVersion: 2.0.0, appium:autoAcceptAlerts: true, appium:autoGrantPermissions: true, appium:automationName: XCUITest, appium:bundleId: com.walmart.beta.electronics, appium:commandTimeout: 600, appium:deviceName: iPhone 15, appium:fullReset: false, appium:idleTimeout: 1000, appium:iosInstallPause: 20000, appium:launchTimeout: 6000000, appium:name: C2707320-multiple-prescript..., appium:newCommandTimeout: 90000, appium:noReset: false, appium:orientation: PORTRAIT, appium:permissions: true, appium:platformVersion: 17.4, appium:processArguments: {"env":{"config":"{\"enviro..., appium:public: share, appium:waitForQuiescence: false, platformName: IOS}
	at org.openqa.selenium.remote.ProtocolHandshake.createSession(ProtocolHandshake.java:114) ~[r2-5.5.0.jar:5.5.0]
	at org.openqa.selenium.remote.ProtocolHandshake.createSession(ProtocolHandshake.java:75) ~[r2-5.5.0.jar:5.5.0]
	at org.openqa.selenium.remote.ProtocolHandshake.createSession(ProtocolHandshake.java:61) ~[r2-5.5.0.jar:5.5.0]
	at io.appium.java_client.remote.AppiumCommandExecutor.createSession(AppiumCommandExecutor.java:176) ~[r2-5.5.0.jar:5.5.0]
	at io.appium.java_client.remote.AppiumCommandExecutor.execute(AppiumCommandExecutor.java:237) ~[r2-5.5.0.jar:5.5.0]
	at org.openqa.selenium.remote.RemoteWebDriver.execute(RemoteWebDriver.java:545) ~[r2-5.5.0.jar:5.5.0]
	at io.appium.java_client.AppiumDriver.startSession(AppiumDriver.java:270) ~[r2-5.5.0.jar:5.5.0]
	at org.openqa.selenium.remote.RemoteWebDriver.<init>(RemoteWebDriver.java:174) ~[r2-5.5.0.jar:5.5.0]
	at io.appium.java_client.AppiumDriver.<init>(AppiumDriver.java:91) ~[r2-5.5.0.jar:5.5.0]
	at io.appium.java_client.AppiumDriver.<init>(AppiumDriver.java:103) ~[r2-5.5.0.jar:5.5.0]
	at io.appium.java_client.ios.IOSDriver.<init>(IOSDriver.java:101) ~[r2-5.5.0.jar:5.5.0]
	at com.walmartlabs.executor.Appium.setupDriver(Appium.java:711) ~[r2-5.5.0.jar:5.5.0]
	at com.walmartlabs.executor.Appium.setupAppium(Appium.java:636) ~[r2-5.5.0.jar:5.5.0]
	at com.walmartlabs.executor.Executor.start(Executor.java:368) [r2-5.5.0.jar:5.5.0]
	at com.walmartlabs.executor.Executor.startExecution(Executor.java:195) [r2-5.5.0.jar:5.5.0]
	at com.walmartlabs.executor.MultipleConfigExecutor.executeConfig(MultipleConfigExecutor.java:319) [r2-5.5.0.jar:5.5.0]
	at com.walmartlabs.executor.MultipleConfigExecutor.start(MultipleConfigExecutor.java:146) [r2-5.5.0.jar:5.5.0]
	at com.walmartlabs.R2.start(R2.java:88) [r2-5.5.0.jar:5.5.0]
	at com.walmartlabs.R2.main(R2.java:133) [r2-5.5.0.jar:5.5.0]
2025-03-24 21:39:47.884 [DEBUG] [thread-id 1] - Created report: /Users/m0k0a2f/glass-automation/report/index.html
2025-03-24 21:54:42.865 [DEBUG] [thread-id 1] - [0;34mExecuting R2 5.5.0: '/Users/m0k0a2f/glass-automation/us/unified-e2e-tests/test-scripts/vision-flows/production/C2707320-multiple-prescription-and-patients-with-same-lense-and-frame.yaml' on device: 'iPhone 15'
2025-03-24 21:57:41.886 [DEBUG] [thread-id 1] - [0;34mExecuting scenario: 'Before'
2025-03-24 21:57:41.888 [DEBUG] [thread-id 1] - [38;5;202mExecute before steps
2025-03-24 21:57:41.892 [DEBUG] [thread-id 1] - [0;34mExecuting function: 'us.function.utils.getEnvironmentValue'
2025-03-24 21:57:41.892 [DEBUG] [thread-id 1] - Store in: store the value 'Onboarding' in the variable 'executionStage'
2025-03-24 21:57:41.892 [DEBUG] [thread-id 1] - Store in: store the value 'production' in the variable 'env'
2025-03-24 21:57:41.892 [DEBUG] [thread-id 1] - Timestamp: 1742878661892
2025-03-24 21:57:41.894 [DEBUG] [thread-id 1] - [0;34mExecuting function: 'functions.utils.setPlatformInfo'
2025-03-24 21:57:41.894 [DEBUG] [thread-id 1] - Store in: store the value 'Onboarding' in the variable 'executionStage'
2025-03-24 21:57:41.896 [WARN] [thread-id 1] - variable dependencies.general.appPackage was used, but r2 could not find a value for this variable. returning default of null
2025-03-24 21:57:41.896 [DEBUG] [thread-id 1] - Store in: store the value 'null' in the variable 'appPackage'
2025-03-24 21:57:41.905 [DEBUG] [thread-id 1] - conditionally execute a flow. condition: true
2025-03-24 21:57:42.120 [DEBUG] [thread-id 1] - Store in: store the value 'iOS' in the variable 'platform'
2025-03-24 21:57:42.129 [DEBUG] [thread-id 1] - [38;5;202mR2_SUBFLOW_PRE_TRANSACTION
2025-03-24 21:57:42.561 [DEBUG] [thread-id 1] - [38;5;202mUsing us-errors-helpers.yaml
2025-03-24 21:57:43.015 [DEBUG] [thread-id 1] - [38;5;202mStart main
2025-03-24 21:57:43.016 [DEBUG] [thread-id 1] - [0;34mExecuting function: 'unified.us.functions.global.onboarding.navigateOnboardingToHome'
2025-03-24 21:57:43.016 [DEBUG] [thread-id 1] - Store in: store the value 'onboarding' in the variable 'executionStage'
2025-03-24 21:57:43.016 [DEBUG] [thread-id 1] - [38;5;202mWelcome screen loaded
2025-03-24 21:57:43.019 [DEBUG] [thread-id 1] - conditionally execute a flow. condition: true
2025-03-24 21:57:43.233 [DEBUG] [thread-id 1] - Verify identifier: {cta.cancel.welcome=[true]}
2025-03-24 21:57:43.449 [DEBUG] [thread-id 1] - Store in: store the value 'true' in the variable 'testStarted'
2025-03-24 21:57:43.712 [DEBUG] [thread-id 1] - Click element: 'cta.cancel.welcome'
2025-03-24 21:57:44.583 [DEBUG] [thread-id 1] - [38;5;202mNotifiction Prompt screen loaded
2025-03-24 21:57:44.833 [DEBUG] [thread-id 1] - Verify identifier: {NotificationPermissionViewController.titleLabel=[true]}
2025-03-24 21:57:45.062 [WARN] [thread-id 1] - variable allowNotifications was used, but r2 could not find a value for this variable. returning default of null
2025-03-24 21:57:45.063 [DEBUG] [thread-id 1] - conditionally execute a flow. condition: false
2025-03-24 21:57:47.409 [DEBUG] [thread-id 1] - Click element: 'cta.cancel.notifications'
2025-03-24 21:57:47.850 [DEBUG] [thread-id 1] - [38;5;202mlocation screen loaded
2025-03-24 21:57:48.102 [DEBUG] [thread-id 1] - Verify identifier: {LocationPermissionViewController.titleLabel=[true]}
2025-03-24 21:57:48.102 [DEBUG] [thread-id 1] - Store in: store the value 'true' in the variable 'testStarted'
2025-03-24 21:57:48.146 [DEBUG] [thread-id 1] - Click element: 'Enter zip code'
2025-03-24 21:57:48.832 [DEBUG] [thread-id 1] - Verify identifier: {label.postal-code-entry=[true]}
2025-03-24 21:57:48.832 [DEBUG] [thread-id 1] - sleep:  2000 milliseconds
2025-03-24 21:57:50.920 [DEBUG] [thread-id 1] - Enter text: '95122'
2025-03-24 21:57:52.815 [DEBUG] [thread-id 1] - Click element: 'cta.continue'
2025-03-24 21:57:53.283 [DEBUG] [thread-id 1] - sleep:  3000 milliseconds
2025-03-24 21:58:06.541 [DEBUG] [thread-id 1] - [0;34mExecuting function: 'unified.us.functions.home.handlePersonalizedScreen'
2025-03-24 21:58:06.755 [DEBUG] [thread-id 1] - conditionally execute a flow. condition: true
2025-03-24 21:58:06.967 [DEBUG] [thread-id 1] - [38;5;202mObserved Personalize Shopping Screen
2025-03-24 21:58:07.194 [DEBUG] [thread-id 1] - Verify identifier: {ATTPermissionViewController.bodyLabel=[true]}
2025-03-24 21:58:07.650 [DEBUG] [thread-id 1] - conditionally execute a flow. condition: true
2025-03-24 21:58:07.902 [DEBUG] [thread-id 1] - Click element: 'cta.continue.location'
2025-03-24 21:58:09.715 [DEBUG] [thread-id 1] - [38;5;28mPersonalized Shopping Experience Screen Handled.
2025-03-24 21:58:24.225 [DEBUG] [thread-id 1] - [0;34mExecuting function: 'unified.us.functions.gic.collapseIfExpanded'
2025-03-24 21:58:30.330 [DEBUG] [thread-id 1] - [38;5;202mGIC already collapsed
2025-03-24 21:58:32.669 [DEBUG] [thread-id 1] - Verify identifier: {Search Walmart=[true]}
2025-03-24 21:58:32.670 [DEBUG] [thread-id 1] - [0;34mExecuting function: 'unified.us.functions.home.navigateHomeToSignIn'
2025-03-24 21:58:32.670 [DEBUG] [thread-id 1] - Store in: store the value 'Pre-transactions' in the variable 'executionStage'
2025-03-24 21:58:34.392 [DEBUG] [thread-id 1] - Click element: '//XCUIElementTypeButton[@name="Account"] | Account'
2025-03-24 21:58:37.172 [DEBUG] [thread-id 1] - Verify identifier: {//XCUIElementTypeButton[@name="SignInYourAccountTableViewCell.signInButton"] | //XCUIElementTypeButton[@name="SignInYourAccountView.signInButton"]=[true]}
2025-03-24 21:58:37.490 [DEBUG] [thread-id 1] - Click element: '//XCUIElementTypeButton[@name="SignInYourAccountTableViewCell.signInButton"] | //XCUIElementTypeButton[@name="SignInYourAccountView.signInButton"]'
2025-03-24 21:58:39.478 [DEBUG] [thread-id 1] - conditionally execute a flow. condition: true
2025-03-24 21:58:40.774 [DEBUG] [thread-id 1] - Store in: store the value 'true' in the variable 'signInValidated'
2025-03-24 21:58:40.881 [DEBUG] [thread-id 1] - conditionally execute a flow. condition: true
2025-03-24 21:58:42.096 [DEBUG] [thread-id 1] - [38;5;202mSignIn page loaded
2025-03-24 21:58:43.334 [DEBUG] [thread-id 1] - Store in: store the value 'false' in the variable 'signInValidated'
2025-03-24 21:58:43.421 [DEBUG] [thread-id 1] - [0;34mExecuting function: 'unified.us.functions.authentication.signInInfo'
2025-03-24 21:58:43.422 [DEBUG] [thread-id 1] - conditionally execute a flow. condition: true
2025-03-24 21:58:44.652 [DEBUG] [thread-id 1] - Store in: store the value 'vision-e2e-prod1820@cloudtest.org' in the variable 'email'
2025-03-24 21:58:45.887 [DEBUG] [thread-id 1] - Store in: store the value 'E2epassword$' in the variable 'password'
2025-03-24 21:58:45.973 [DEBUG] [thread-id 1] - [0;34mExecuting function: 'unified.us.functions.global.authentication.signInAccount'
2025-03-24 21:58:45.973 [DEBUG] [thread-id 1] - conditionally execute a flow. condition: true
2025-03-24 21:58:59.609 [DEBUG] [thread-id 1] - Verify identifier: {TextFieldStackView.containerStackView=[true]}
2025-03-24 21:58:59.837 [DEBUG] [thread-id 1] - Enter text: 'vision-e2e-prod1820@cloudtest.org'
2025-03-24 21:59:04.793 [DEBUG] [thread-id 1] - Click element: 'WelcomeView.ctaButton'
2025-03-24 21:59:05.486 [DEBUG] [thread-id 1] - sleep:  2000 milliseconds
2025-03-24 21:59:18.481 [DEBUG] [thread-id 1] - conditionally execute a flow. condition: false
2025-03-24 21:59:29.375 [DEBUG] [thread-id 1] - [0;31mMain failed: ENV_FAILURE - production - SIGN-IN ERROR
2025-03-24 21:59:31.954 [DEBUG] [thread-id 1] - [0;34mExecuting scenario: 'After'
2025-03-24 21:59:31.954 [DEBUG] [thread-id 1] - [0;34mExecuting function: 'unified.us.functions.utils.afterSteps'
2025-03-24 21:59:31.954 [WARN] [thread-id 1] - variable testStatus was used, but r2 could not find a value for this variable. returning default of null
2025-03-24 21:59:31.955 [DEBUG] [thread-id 1] - conditionally execute a flow. condition: false
2025-03-24 21:59:33.190 [DEBUG] [thread-id 1] - [38;5;202mTest failed
2025-03-24 21:59:38.501 [DEBUG] [thread-id 1] - Created report: /Users/m0k0a2f/glass-automation/report/index.html
2025-03-24 22:03:56.583 [DEBUG] [thread-id 1] - [0;34mExecuting R2 5.5.0: '/Users/m0k0a2f/glass-automation/us/unified-e2e-tests/test-scripts/vision-flows/production/C2707320-multiple-prescription-and-patients-with-same-lense-and-frame.yaml' on device: 'iPhone 15'
2025-03-24 22:04:55.900 [DEBUG] [thread-id 1] - [0;34mExecuting scenario: 'Before'
2025-03-24 22:04:55.902 [DEBUG] [thread-id 1] - [38;5;202mExecute before steps
2025-03-24 22:04:55.906 [DEBUG] [thread-id 1] - [0;34mExecuting function: 'us.function.utils.getEnvironmentValue'
2025-03-24 22:04:55.906 [DEBUG] [thread-id 1] - Store in: store the value 'Onboarding' in the variable 'executionStage'
2025-03-24 22:04:55.907 [DEBUG] [thread-id 1] - Store in: store the value 'production' in the variable 'env'
2025-03-24 22:04:55.907 [DEBUG] [thread-id 1] - Timestamp: 1742879095907
2025-03-24 22:04:55.909 [DEBUG] [thread-id 1] - [0;34mExecuting function: 'functions.utils.setPlatformInfo'
2025-03-24 22:04:55.909 [DEBUG] [thread-id 1] - Store in: store the value 'Onboarding' in the variable 'executionStage'
2025-03-24 22:04:55.911 [WARN] [thread-id 1] - variable dependencies.general.appPackage was used, but r2 could not find a value for this variable. returning default of null
2025-03-24 22:04:55.912 [DEBUG] [thread-id 1] - Store in: store the value 'null' in the variable 'appPackage'
2025-03-24 22:04:55.921 [DEBUG] [thread-id 1] - conditionally execute a flow. condition: true
2025-03-24 22:04:56.149 [DEBUG] [thread-id 1] - Store in: store the value 'iOS' in the variable 'platform'
2025-03-24 22:04:56.156 [DEBUG] [thread-id 1] - [38;5;202mR2_SUBFLOW_PRE_TRANSACTION
2025-03-24 22:04:56.613 [DEBUG] [thread-id 1] - [38;5;202mUsing us-errors-helpers.yaml
2025-03-24 22:04:57.067 [DEBUG] [thread-id 1] - [38;5;202mStart main
2025-03-24 22:04:57.068 [DEBUG] [thread-id 1] - [0;34mExecuting function: 'unified.us.functions.global.onboarding.navigateOnboardingToHome'
2025-03-24 22:04:57.068 [DEBUG] [thread-id 1] - Store in: store the value 'onboarding' in the variable 'executionStage'
2025-03-24 22:04:57.068 [DEBUG] [thread-id 1] - [38;5;202mWelcome screen loaded
2025-03-24 22:04:57.071 [DEBUG] [thread-id 1] - conditionally execute a flow. condition: true
2025-03-24 22:04:57.288 [DEBUG] [thread-id 1] - Verify identifier: {cta.cancel.welcome=[true]}
2025-03-24 22:04:57.508 [DEBUG] [thread-id 1] - Store in: store the value 'true' in the variable 'testStarted'
2025-03-24 22:04:57.768 [DEBUG] [thread-id 1] - Click element: 'cta.cancel.welcome'
2025-03-24 22:04:58.558 [DEBUG] [thread-id 1] - [38;5;202mNotifiction Prompt screen loaded
2025-03-24 22:04:58.825 [DEBUG] [thread-id 1] - Verify identifier: {NotificationPermissionViewController.titleLabel=[true]}
2025-03-24 22:04:59.064 [WARN] [thread-id 1] - variable allowNotifications was used, but r2 could not find a value for this variable. returning default of null
2025-03-24 22:04:59.064 [DEBUG] [thread-id 1] - conditionally execute a flow. condition: false
2025-03-24 22:05:01.364 [DEBUG] [thread-id 1] - Click element: 'cta.cancel.notifications'
2025-03-24 22:05:01.796 [DEBUG] [thread-id 1] - [38;5;202mlocation screen loaded
2025-03-24 22:05:02.043 [DEBUG] [thread-id 1] - Verify identifier: {LocationPermissionViewController.titleLabel=[true]}
2025-03-24 22:05:02.043 [DEBUG] [thread-id 1] - Store in: store the value 'true' in the variable 'testStarted'
2025-03-24 22:05:02.087 [DEBUG] [thread-id 1] - Click element: 'Enter zip code'
2025-03-24 22:05:02.804 [DEBUG] [thread-id 1] - Verify identifier: {label.postal-code-entry=[true]}
2025-03-24 22:05:02.805 [DEBUG] [thread-id 1] - sleep:  2000 milliseconds
2025-03-24 22:05:04.870 [DEBUG] [thread-id 1] - Enter text: '95122'
2025-03-24 22:05:06.262 [DEBUG] [thread-id 1] - Click element: 'cta.continue'
2025-03-24 22:05:06.744 [DEBUG] [thread-id 1] - sleep:  3000 milliseconds
2025-03-24 22:05:19.897 [DEBUG] [thread-id 1] - [0;34mExecuting function: 'unified.us.functions.home.handlePersonalizedScreen'
2025-03-24 22:05:20.112 [DEBUG] [thread-id 1] - conditionally execute a flow. condition: true
2025-03-24 22:05:20.324 [DEBUG] [thread-id 1] - [38;5;202mObserved Personalize Shopping Screen
2025-03-24 22:05:20.549 [DEBUG] [thread-id 1] - Verify identifier: {ATTPermissionViewController.bodyLabel=[true]}
2025-03-24 22:05:20.980 [DEBUG] [thread-id 1] - conditionally execute a flow. condition: true
2025-03-24 22:05:21.253 [DEBUG] [thread-id 1] - Click element: 'cta.continue.location'
2025-03-24 22:05:23.044 [DEBUG] [thread-id 1] - [38;5;28mPersonalized Shopping Experience Screen Handled.
2025-03-24 22:05:37.073 [DEBUG] [thread-id 1] - [0;34mExecuting function: 'unified.us.functions.gic.collapseIfExpanded'
2025-03-24 22:05:42.989 [DEBUG] [thread-id 1] - [38;5;202mGIC already collapsed
2025-03-24 22:05:45.027 [DEBUG] [thread-id 1] - Verify identifier: {Search Walmart=[true]}
2025-03-24 22:05:45.028 [DEBUG] [thread-id 1] - [0;34mExecuting function: 'unified.us.functions.home.navigateHomeToSignIn'
2025-03-24 22:05:45.028 [DEBUG] [thread-id 1] - Store in: store the value 'Pre-transactions' in the variable 'executionStage'
2025-03-24 22:05:46.561 [DEBUG] [thread-id 1] - Click element: '//XCUIElementTypeButton[@name="Account"] | Account'
2025-03-24 22:05:49.298 [DEBUG] [thread-id 1] - Verify identifier: {//XCUIElementTypeButton[@name="SignInYourAccountTableViewCell.signInButton"] | //XCUIElementTypeButton[@name="SignInYourAccountView.signInButton"]=[true]}
2025-03-24 22:05:49.607 [DEBUG] [thread-id 1] - Click element: '//XCUIElementTypeButton[@name="SignInYourAccountTableViewCell.signInButton"] | //XCUIElementTypeButton[@name="SignInYourAccountView.signInButton"]'
2025-03-24 22:05:51.613 [DEBUG] [thread-id 1] - conditionally execute a flow. condition: true
2025-03-24 22:05:52.826 [DEBUG] [thread-id 1] - Store in: store the value 'true' in the variable 'signInValidated'
2025-03-24 22:05:52.917 [DEBUG] [thread-id 1] - conditionally execute a flow. condition: true
2025-03-24 22:05:54.188 [DEBUG] [thread-id 1] - [38;5;202mSignIn page loaded
2025-03-24 22:05:55.421 [DEBUG] [thread-id 1] - Store in: store the value 'false' in the variable 'signInValidated'
2025-03-24 22:05:55.497 [DEBUG] [thread-id 1] - [0;34mExecuting function: 'unified.us.functions.authentication.signInInfo'
2025-03-24 22:05:55.498 [DEBUG] [thread-id 1] - conditionally execute a flow. condition: true
2025-03-24 22:05:56.703 [DEBUG] [thread-id 1] - Store in: store the value 'vision-e2e-prod1820@cloudtest.org' in the variable 'email'
2025-03-24 22:05:57.921 [DEBUG] [thread-id 1] - Store in: store the value 'E2epassword$' in the variable 'password'
2025-03-24 22:05:57.993 [DEBUG] [thread-id 1] - [0;34mExecuting function: 'unified.us.functions.global.authentication.signInAccount'
2025-03-24 22:05:57.993 [DEBUG] [thread-id 1] - conditionally execute a flow. condition: true
2025-03-24 22:06:11.529 [DEBUG] [thread-id 1] - Verify identifier: {TextFieldStackView.containerStackView=[true]}
2025-03-24 22:06:11.743 [DEBUG] [thread-id 1] - Enter text: 'vision-e2e-prod1820@cloudtest.org'
2025-03-24 22:06:16.781 [DEBUG] [thread-id 1] - Click element: 'WelcomeView.ctaButton'
2025-03-24 22:06:17.473 [DEBUG] [thread-id 1] - sleep:  2000 milliseconds
2025-03-24 22:06:20.165 [DEBUG] [thread-id 1] - conditionally execute a flow. condition: true
2025-03-24 22:06:21.549 [DEBUG] [thread-id 1] - [38;5;202mEntered Email Successfully
2025-03-24 22:06:22.886 [DEBUG] [thread-id 1] - conditionally execute a flow. condition: true
2025-03-24 22:06:24.426 [DEBUG] [thread-id 1] - Click element: 'AuthChoiceView.passwordStackView'
2025-03-24 22:06:26.651 [DEBUG] [thread-id 1] - [38;5;202mSelected Password Option to Login
2025-03-24 22:06:26.665 [DEBUG] [thread-id 1] - Verify identifier: {TextFieldStackView.textField=[true]}
2025-03-24 22:06:26.841 [DEBUG] [thread-id 1] - Enter text: 'E2epassword$'
2025-03-24 22:06:33.847 [DEBUG] [thread-id 1] - Click element: 'AuthChoiceView.ctaButton'
2025-03-24 22:06:55.582 [DEBUG] [thread-id 1] - conditionally execute a flow. condition: true
2025-03-24 22:06:56.269 [DEBUG] [thread-id 1] - sleep:  2000 milliseconds
2025-03-24 22:07:09.631 [DEBUG] [thread-id 1] - [0;34mExecuting function: 'unified.us.functions.utils.handleCartMergePopup'
2025-03-24 22:07:30.858 [DEBUG] [thread-id 1] - [38;5;202mNo Technical Error Page observed
2025-03-24 22:07:30.872 [DEBUG] [thread-id 1] - [0;34mExecuting function: 'unified.us.functions.home.toolTip'
2025-03-24 22:07:41.462 [DEBUG] [thread-id 1] - conditionally execute a flow. condition: false
2025-03-24 22:07:42.112 [DEBUG] [thread-id 1] - [38;5;202mno tooltip displayed
2025-03-24 22:07:42.126 [DEBUG] [thread-id 1] - [0;34mExecuting function: 'unified.us.functions.global.navigation.accountToHome'
2025-03-24 22:07:42.126 [DEBUG] [thread-id 1] - [0;34mExecuting function: 'unified.us.functions.global.navigation.toTab'
2025-03-24 22:07:42.126 [DEBUG] [thread-id 1] - [0;34mExecuting function: 'unified.us.functions.utils.scrollIfNotVisible'
2025-03-24 22:07:42.127 [WARN] [thread-id 1] - variable scrollLimit was used, but r2 could not find a value for this variable. returning default of null
2025-03-24 22:07:42.127 [DEBUG] [thread-id 1] - conditionally execute a flow. condition: true
2025-03-24 22:07:42.780 [DEBUG] [thread-id 1] - Store in: store the value '7' in the variable 'scrollLimit'
2025-03-24 22:07:42.792 [DEBUG] [thread-id 1] - [38;5;202mScroll limit set to - 7
2025-03-24 22:07:42.792 [DEBUG] [thread-id 1] - conditionally execute a flow. condition: true
2025-03-24 22:07:43.959 [DEBUG] [thread-id 1] - conditionally execute a flow. condition: true
2025-03-24 22:07:44.628 [DEBUG] [thread-id 1] - [38;5;202mElement already visible, scrolling is skipped
2025-03-24 22:07:44.644 [WARN] [thread-id 1] - variable scrollNeeded was used, but r2 could not find a value for this variable. returning default of null
2025-03-24 22:07:44.644 [DEBUG] [thread-id 1] - [38;5;202mResetting scrollPosition variable to default
2025-03-24 22:07:44.644 [DEBUG] [thread-id 1] - Store in: store the value 'null' in the variable 'scrollPosition'
2025-03-24 22:07:44.644 [DEBUG] [thread-id 1] - Store in: store the value 'null' in the variable 'identifierScope'
2025-03-24 22:07:44.644 [DEBUG] [thread-id 1] - Store in: store the value 'null' in the variable 'scrollLimit'
2025-03-24 22:07:44.645 [DEBUG] [thread-id 1] - Store in: store the value 'false' in the variable 'scrollNeeded'
2025-03-24 22:07:45.103 [DEBUG] [thread-id 1] - Click element: '//XCUIElementTypeButton[contains(@name, "Shop")]'
2025-03-24 22:07:45.623 [DEBUG] [thread-id 1] - [0;34mExecuting function: 'unified.us.functions.home.closeWPlusPromotionPopUpIfDisplayed'
2025-03-24 22:07:45.624 [DEBUG] [thread-id 1] - conditionally execute a flow. condition: true
2025-03-24 22:07:57.041 [DEBUG] [thread-id 1] - [0;34mExecuting function: 'unified.us.functions.global.navigation.toCartFromNavBar'
2025-03-24 22:07:57.042 [DEBUG] [thread-id 1] - Store in: store the value 'Transactions' in the variable 'executionStage'
2025-03-24 22:07:57.584 [DEBUG] [thread-id 1] - Verify identifier: {//XCUIElementTypeButton[contains(@label, "Your cart")] | //XCUIElementTypeButton[(@name="SearchResultsViewController.cartButton") or (contains(@label,"Your cart contains") and contains(@label,"The estimated total is")) or (@label="Your cart is empty")]=[true]}
2025-03-24 22:07:58.207 [DEBUG] [thread-id 1] - Click element: '//XCUIElementTypeButton[contains(@label, "Your cart")] | //XCUIElementTypeButton[(@name="SearchResultsViewController.cartButton") or (contains(@label,"Your cart contains") and contains(@label,"The estimated total is")) or (@label="Your cart is empty")]'
2025-03-24 22:07:58.776 [DEBUG] [thread-id 1] - [0;34mExecuting function: 'unified.us.functions.cart.storeChangePopUp'
2025-03-24 22:08:06.332 [DEBUG] [thread-id 1] - [38;5;202mNo Store Change pop up screen displayed
2025-03-24 22:08:08.127 [DEBUG] [thread-id 1] - conditionally execute a flow. condition: true
2025-03-24 22:08:10.044 [DEBUG] [thread-id 1] - [38;5;202mcart Page loaded
2025-03-24 22:08:10.073 [DEBUG] [thread-id 1] - [0;34mExecuting function: 'unified.us.functions.cart.removeAllCartItems'
2025-03-24 22:08:10.073 [DEBUG] [thread-id 1] - [0;34mExecuting function: 'unified.us.functions.cart.storeChangePopUp'
2025-03-24 22:08:13.791 [DEBUG] [thread-id 1] - [38;5;202mNo Store Change pop up screen displayed
2025-03-24 22:08:13.799 [DEBUG] [thread-id 1] - [0;34mExecuting function: 'unified.us.functions.cart.removeAdonsNotAvailable'
2025-03-24 22:08:18.495 [DEBUG] [thread-id 1] - [38;5;202mNo remove Adons pop up screen displayed
2025-03-24 22:08:20.462 [DEBUG] [thread-id 1] - conditionally execute a flow. condition: true
2025-03-24 22:08:22.235 [DEBUG] [thread-id 1] - [38;5;202mNo items in cart
2025-03-24 22:08:22.389 [DEBUG] [thread-id 1] - [0;34mExecuting function: 'unified.us.functions.cart.removeUnavailableItemsFromCart'
2025-03-24 22:08:22.391 [DEBUG] [thread-id 1] - conditionally execute a flow. condition: true
2025-03-24 22:08:35.214 [DEBUG] [thread-id 1] - [0;34mExecuting function: 'unified.us.functions.global.navigation.backNavigation'
2025-03-24 22:08:35.214 [DEBUG] [thread-id 1] - [38;5;202mGlobal Back navigation
2025-03-24 22:08:35.214 [DEBUG] [thread-id 1] - conditionally execute a flow. condition: true
2025-03-24 22:08:41.700 [DEBUG] [thread-id 1] - Click element: '//XCUIElementTypeButton[@name="Back" or @label="Back"] | //XCUIElementTypeNavigationBar[@name="Cart"]/XCUIElementTypeButton[contains(@name,"Search")] | //XCUIElementTypeNavigationBar/XCUIElementTypeButton[not(contains(@label,"cart"))]'
2025-03-24 22:08:42.751 [DEBUG] [thread-id 1] - [0;34mExecuting function: 'unified.us.functions.gic.expandIfCollapsed'
2025-03-24 22:08:44.730 [DEBUG] [thread-id 1] - Verify identifier: {//*[contains(@label,"Collapsed")] | //*[contains(@name,"Collapsed")]=[true]}
2025-03-24 22:08:45.983 [DEBUG] [thread-id 1] - Click element: '//*[contains(@label,"Collapsed")] | //*[contains(@name,"Collapsed")]'
2025-03-24 22:08:46.568 [DEBUG] [thread-id 1] - [0;34mExecuting function: 'unified.us.functions.gic.setFulfillment'
2025-03-24 22:08:46.568 [DEBUG] [thread-id 1] - conditionally execute a flow. condition: true
2025-03-24 22:08:57.666 [DEBUG] [thread-id 1] - conditionally execute a flow. condition: false
2025-03-24 22:09:00.101 [DEBUG] [thread-id 1] - Click element: '//XCUIElementTypeButton[@name="GlobalIntentCenter.Shipping"] | //XCUIElementTypeButton[contains(@name, "Shipping") ] | //XCUIElementTypeButton[@name="HoTIntentOptionsView" or @name="HoTIntentOptionsPhase2View" and contains(@label,"Shipping")]'
2025-03-24 22:09:01.128 [DEBUG] [thread-id 1] - [38;5;202mShipping intent selected
2025-03-24 22:09:01.666 [DEBUG] [thread-id 1] - sleep:  3000 milliseconds
2025-03-24 22:09:04.687 [DEBUG] [thread-id 1] - sleep:  8000 milliseconds
2025-03-24 22:09:12.695 [DEBUG] [thread-id 1] - [0;34mExecuting function: 'unified.us.functions.global.navigation.goToDeepLink'
2025-03-24 22:09:12.696 [DEBUG] [thread-id 1] - Store in: store the value 'Post-transactions' in the variable 'executionStage'
2025-03-24 22:09:12.697 [DEBUG] [thread-id 1] - [38;5;202mOpen deep link
2025-03-24 22:09:12.697 [DEBUG] [thread-id 1] - [38;5;202mwalmart://ip/279062625
2025-03-24 22:09:12.698 [DEBUG] [thread-id 1] - Verify value of: '$deepLinkUrl'
2025-03-24 22:09:12.699 [DEBUG] [thread-id 1] - Open link: 'walmart://ip/279062625'
2025-03-24 22:09:15.352 [DEBUG] [thread-id 1] - conditionally execute a flow. condition: true
2025-03-24 22:09:16.403 [DEBUG] [thread-id 1] - [0;34mExecuting function: 'unified.us.functions.global.navigation.openDeepLink'
2025-03-24 22:09:17.125 [DEBUG] [thread-id 1] - [38;5;202mDeeplink pop up not displayed
2025-03-24 22:09:17.137 [DEBUG] [thread-id 1] - sleep:  3000 milliseconds
2025-03-24 22:09:20.145 [DEBUG] [thread-id 1] - [0;34mExecuting function: 'unified.us.functions.item.visionItem.verifySelectLenses'
2025-03-24 22:09:20.146 [DEBUG] [thread-id 1] - Scroll: down
2025-03-24 22:10:25.669 [DEBUG] [thread-id 1] - Verify identifier: {//XCUIElementTypeButton[@name="Select lenses"]=[true]}
2025-03-24 22:10:35.208 [DEBUG] [thread-id 1] - Click element: '//XCUIElementTypeButton[@name="Select lenses"]'
2025-03-24 22:11:09.122 [DEBUG] [thread-id 1] - Verify identifier: {//XCUIElementTypeStaticText[@name="Select your lenses"]=[true], //XCUIElementTypeStaticText[@name="Single vision"]=[true], //XCUIElementTypeStaticText[@name="Whatâ€™s your prescription type?"]=[true]}
2025-03-24 22:11:18.924 [DEBUG] [thread-id 1] - Click element: '//XCUIElementTypeStaticText[@name="Single vision"]'
2025-03-24 22:11:32.716 [DEBUG] [thread-id 1] - Click element: '//XCUIElementTypeButton[@label="Continue"] |  //XCUIElementTypeButton[@label="Done"]'
2025-03-24 22:11:38.410 [DEBUG] [thread-id 1] - sleep:  2000 milliseconds
2025-03-24 22:11:40.418 [DEBUG] [thread-id 1] - conditionally execute a flow. condition: true
2025-03-24 22:11:50.537 [DEBUG] [thread-id 1] - [38;5;202mSelecting Lense
2025-03-24 22:12:40.742 [DEBUG] [thread-id 1] - Verify identifier: {//XCUIElementTypeCell[contains(@name,"Clear")] | //XCUIElementTypeCell[@name="Clear, Included, Classic lenses that are great for all purposes."]/XCUIElementTypeOther[2]=[true], //XCUIElementTypeButton[@label="Continue"] |  //XCUIElementTypeButton[@label="Done"]=[true], //XCUIElementTypeButton[@name="Close"]=[true], What type of lenses do you need?=[true], //XCUIElementTypeStaticText[@name="Sunglasses"]=[true]}
2025-03-24 22:12:51.874 [DEBUG] [thread-id 1] - conditionally execute a flow. condition: true
2025-03-24 22:13:02.998 [DEBUG] [thread-id 1] - [38;5;202mSelecting 'Clear' option
2025-03-24 22:13:25.199 [DEBUG] [thread-id 1] - Click element: '//XCUIElementTypeCell[contains(@name,"Clear")] | //XCUIElementTypeCell[@name="Clear, Included, Classic lenses that are great for all purposes."]/XCUIElementTypeOther[2]'
2025-03-24 22:14:18.092 [DEBUG] [thread-id 1] - Click element: '//XCUIElementTypeButton[@label="Continue"] |  //XCUIElementTypeButton[@label="Done"]'
2025-03-24 22:14:23.981 [DEBUG] [thread-id 1] - sleep:  2000 milliseconds
2025-03-24 22:14:45.709 [DEBUG] [thread-id 1] - Verify identifier: {//XCUIElementTypeCell[contains(@name,"Standard")]=[true], //XCUIElementTypeStaticText[@name="Polycarbonate"] | //XCUIElementTypeCell[contains(@name,"Standard")]=[true]}
2025-03-24 22:14:45.711 [DEBUG] [thread-id 1] - conditionally execute a flow. condition: true
2025-03-24 22:14:57.325 [DEBUG] [thread-id 1] - [38;5;202mSelecting 'Standard' option
2025-03-24 22:15:19.290 [DEBUG] [thread-id 1] - Click element: '//XCUIElementTypeCell[contains(@name,"Standard")]'
2025-03-24 22:15:33.572 [DEBUG] [thread-id 1] - Click element: '//XCUIElementTypeButton[@label="Continue"] |  //XCUIElementTypeButton[@label="Done"]'
2025-03-24 22:15:39.525 [DEBUG] [thread-id 1] - sleep:  2000 milliseconds
2025-03-24 22:15:41.531 [WARN] [thread-id 1] - variable LenseColor was used, but r2 could not find a value for this variable. returning default of null
2025-03-24 22:15:41.532 [WARN] [thread-id 1] - variable LenseColor was used, but r2 could not find a value for this variable. returning default of null
2025-03-24 22:15:51.980 [DEBUG] [thread-id 1] - sleep:  2000 milliseconds
2025-03-24 22:16:13.293 [DEBUG] [thread-id 1] - Verify identifier: {//XCUIElementTypeStaticText[contains(@name,"Is there anything you want to add")]=[true], //XCUIElementTypeCell[contains(@name,"No add-ons")]=[true]}
2025-03-24 22:16:13.293 [DEBUG] [thread-id 1] - conditionally execute a flow. condition: true
2025-03-24 22:16:24.934 [DEBUG] [thread-id 1] - [38;5;202mSelecting 'No add-ons'
2025-03-24 22:16:46.526 [DEBUG] [thread-id 1] - Click element: '//XCUIElementTypeCell[contains(@name,"No add-ons")]'
2025-03-24 22:17:00.903 [DEBUG] [thread-id 1] - Click element: '//XCUIElementTypeButton[@label="Continue"] |  //XCUIElementTypeButton[@label="Done"]'
2025-03-24 22:17:06.856 [DEBUG] [thread-id 1] - sleep:  2000 milliseconds
2025-03-24 22:17:47.015 [DEBUG] [thread-id 1] - Verify identifier: {//XCUIElementTypeOther[contains(@label,"Lenses")]=[true], //XCUIElementTypeOther[contains(@label,"Subtotal")]=[true], //XCUIElementTypeStaticText[@name="Review your selections"]=[true], //XCUIElementTypeOther[contains(@label,"Frames")]=[true]}
2025-03-24 22:17:47.017 [DEBUG] [thread-id 1] - [0;34mExecuting function: 'us.functions.item.visionItem.AddPrescription'
2025-03-24 22:17:47.018 [DEBUG] [thread-id 1] - Store in: store the value 'Transactions' in the variable 'executionStage'
2025-03-24 22:18:19.409 [DEBUG] [thread-id 1] - [38;5;202mNo smart Nudge View pop up
2025-03-24 22:18:50.650 [DEBUG] [thread-id 1] - Click element: '//XCUIElementTypeButton[@label="Add prescription"] | //XCUIElementTypeButton[@name="CartItemTileView.addVisionCTAButton" and @accessible ="true"] | //XCUIElementTypeButton[@name="PrescriptionOrderFooter.addPrescriptionButton"]'
2025-03-24 22:19:00.873 [DEBUG] [thread-id 1] - sleep:  3000 milliseconds
2025-03-24 22:19:03.878 [DEBUG] [thread-id 1] - conditionally execute a flow. condition: true
2025-03-24 22:19:14.281 [DEBUG] [thread-id 1] - [38;5;202mSelecting 'PatientA - Native Test'
2025-03-24 22:19:37.029 [DEBUG] [thread-id 1] - conditionally execute a flow. condition: false
2025-03-24 22:19:57.990 [DEBUG] [thread-id 1] - Enter text: 'VisionA'
2025-03-24 22:20:31.257 [DEBUG] [thread-id 1] - Enter text: 'Test'
2025-03-24 22:20:54.820 [DEBUG] [thread-id 1] - conditionally execute a flow. condition: true
2025-03-24 22:21:14.586 [DEBUG] [thread-id 1] - Click element: 'Done'
2025-03-24 22:21:43.743 [DEBUG] [thread-id 1] - Enter text: '08/30/1991'
2025-03-24 22:22:07.241 [DEBUG] [thread-id 1] - conditionally execute a flow. condition: true
2025-03-24 22:22:26.488 [DEBUG] [thread-id 1] - Click element: 'Done'
2025-03-24 22:22:49.898 [DEBUG] [thread-id 1] - Click element: 'AcknowledgementLabel.checkbox'
2025-03-24 22:23:18.792 [DEBUG] [thread-id 1] - Click element: '//XCUIElementTypeButton[@label="Continue"] |  //XCUIElementTypeButton[@label="Done"]'
2025-03-24 22:23:24.745 [DEBUG] [thread-id 1] - [0;34mExecuting function: 'us.functions.item.addVisionPDImage'
2025-03-24 22:23:49.798 [DEBUG] [thread-id 1] - Click element: 'ImageGrid.selectSquare'
2025-03-24 22:24:08.129 [DEBUG] [thread-id 1] - Verify identifier: {//XCUIElementTypeOther[@name="AddPrescriptionFooter.continueButton.bottomSheet"]=[true]}
2025-03-24 22:24:18.338 [DEBUG] [thread-id 1] - Click element: '//XCUIElementTypeOther[@name="AddPrescriptionFooter.continueButton.bottomSheet"]'
2025-03-24 22:24:34.787 [DEBUG] [thread-id 1] - Verify identifier: {Choose existing=[true]}
2025-03-24 22:24:38.278 [DEBUG] [thread-id 1] - Click element: 'Choose existing'
2025-03-24 22:24:58.504 [DEBUG] [thread-id 1] - conditionally execute a flow. condition: true
2025-03-24 22:25:13.385 [DEBUG] [thread-id 1] - Click element: 'PermissionPromptViewController.primaryActionButton'
2025-03-24 22:25:23.058 [DEBUG] [thread-id 1] - sleep:  3000 milliseconds
2025-03-24 22:26:06.258 [DEBUG] [thread-id 1] - sleep:  3000 milliseconds
2025-03-24 22:26:19.662 [DEBUG] [thread-id 1] - conditionally execute a flow. condition: true
2025-03-24 22:26:34.013 [DEBUG] [thread-id 1] - Click element: 'Go to settings'
2025-03-24 22:27:14.004 [DEBUG] [thread-id 1] - sleep:  2000 milliseconds
2025-03-24 22:27:16.257 [DEBUG] [thread-id 1] - conditionally execute a flow. condition: true
2025-03-24 22:27:16.870 [DEBUG] [thread-id 1] - [38;5;202mInside settings
2025-03-24 22:27:17.358 [DEBUG] [thread-id 1] - sleep:  2000 milliseconds
2025-03-24 22:27:20.907 [DEBUG] [thread-id 1] - Click element: '110,202'
2025-03-24 22:27:22.462 [DEBUG] [thread-id 1] - Click element: '110,202'
2025-03-24 22:27:23.986 [DEBUG] [thread-id 1] - Click element: '110,202'
2025-03-24 22:27:25.548 [DEBUG] [thread-id 1] - Click element: '110,202'
2025-03-24 22:27:27.103 [DEBUG] [thread-id 1] - Click element: '110,202'
2025-03-24 22:27:28.650 [DEBUG] [thread-id 1] - Click element: '110,202'
2025-03-24 22:27:30.223 [DEBUG] [thread-id 1] - Click element: '110,202'
2025-03-24 22:27:31.759 [DEBUG] [thread-id 1] - Click element: '110,202'
2025-03-24 22:27:33.299 [DEBUG] [thread-id 1] - Click element: '110,202'
2025-03-24 22:27:34.842 [DEBUG] [thread-id 1] - Click element: '110,202'
2025-03-24 22:27:36.390 [DEBUG] [thread-id 1] - Click element: '110,202'
2025-03-24 22:27:37.906 [DEBUG] [thread-id 1] - Click element: '110,202'
2025-03-24 22:27:39.412 [DEBUG] [thread-id 1] - Click element: '110,202'
2025-03-24 22:27:40.065 [DEBUG] [thread-id 1] - [0;31mMain failed: Cannot click 'null'
2025-03-24 22:27:41.031 [DEBUG] [thread-id 1] - [0;34mExecuting scenario: 'After'
2025-03-24 22:27:41.032 [DEBUG] [thread-id 1] - [0;34mExecuting function: 'unified.us.functions.utils.afterSteps'
2025-03-24 22:27:41.032 [WARN] [thread-id 1] - variable testStatus was used, but r2 could not find a value for this variable. returning default of null
2025-03-24 22:27:41.032 [DEBUG] [thread-id 1] - conditionally execute a flow. condition: false
2025-03-24 22:27:41.501 [DEBUG] [thread-id 1] - [38;5;202mTest failed
2025-03-24 22:27:44.653 [DEBUG] [thread-id 1] - Created report: /Users/m0k0a2f/glass-automation/report/index.html
