2022-12-15 15:32:51.962 [DEBUG] [thread-id 1] - Executing R2 3.29.0: '/Users/m0k0a2f/glass-automation/./us/test/test-scripts/ios/golden-flows/multi-fulfillment-flows/PetRX-multi-fulfilment-Shipping-mixed-order.yaml' on device: 'iPhone 13'
2022-12-15 15:33:37.686 [DEBUG] [thread-id 1] - Executing scenario: 'Before'
2022-12-15 15:33:37.694 [DEBUG] [thread-id 1] - Execute before steps
2022-12-15 15:33:37.698 [DEBUG] [thread-id 1] - R2_SUBFLOW_PRE_TRANSACTION
2022-12-15 15:33:37.703 [DEBUG] [thread-id 1] - Executing function: 'us.functions.utils.astro.clearCart'
2022-12-15 15:33:37.823 [DEBUG] [thread-id 1] - Call API: 'http://astro.walmart.com/api/v2/teflon/customer/walp@gmail.com/clearcart'
2022-12-15 15:33:50.903 [DEBUG] [thread-id 1] - Response code is: '200'. Response body is: '{"astroStatus":"SUCCESS","astroDescription":"CART_CLEARED","astroDetails":{"dbSessionMap":{"CXO_CART_ST":"{\"mtoken\":\"1:14#147210703#2=157506610#8=72277356\"}"},"checkoutable":false,"cart":{"id":"83994d90-d44b-4948-ab70-e56b42c8256c","buyer":{"id":"70c68aba-a7ca-49ca-9daf-3eec75e8f609","type":"CUSTOMER"},"storeIds":[],"itemCount":0,"entityErrors":[],"shipping":{"id":"affb32a1-6828-4f98-8af1-de5510d5f51b","dbLockVersion":0,"dbSessionMap":{},"dbLockMap":{},"postalCode":"95122","city":"San Jose","state":"CA","countryCode":"USA","latitude":37.606689,"longitude":-122.426362,"isPOBox":false,"isAPOFPO":false},"currencyCode":"USD","preview":false,"tenantId":0,"verticalId":0,"checkoutableErrors":[],"intent":"PICKUP","pickupStore":{"city":"San Jose","stateOrProvinceCode":"CA","countryCode":"USA","postalCode":"95122","storeId":"32144","services":[]},"deliveryStore":{"city":"San Jose","stateOrProvinceCode":"CA","countryCode":"USA","postalCode":"95122","storeId":"32144","services":[]},"mpStores":[],"fulfillmentPlans":[],"accessPoints":[],"reservations":[],"isExplicitIntent":false,"hasGiftEligibleItem":false,"warnings":[],"restrictions":[]},"isOmniPromiseResponse":true}}'
2022-12-15 15:33:51.009 [DEBUG] [thread-id 1] - Cart cleared for walp@gmail.com
2022-12-15 15:33:51.113 [DEBUG] [thread-id 1] - Using us-errors-helpers.yaml
2022-12-15 15:33:51.213 [DEBUG] [thread-id 1] - Start Main
2022-12-15 15:33:51.216 [DEBUG] [thread-id 1] - Executing function: 'us.functions.global.onboarding.navigateOnboardingToHome'
2022-12-15 15:33:51.219 [DEBUG] [thread-id 1] - Executing function: 'us.function.utils.getEnvironmentValue'
2022-12-15 15:33:51.240 [DEBUG] [thread-id 1] - Store in: store the value 'teflon' in the variable 'env'
2022-12-15 15:33:51.368 [DEBUG] [thread-id 1] - Verify identifier: {//XCUIElementTypeStaticText[@name="WelcomeViewController.titleLabel"] | //XCUIElementTypeStaticText[@name="SignUpNudgeWelcomeViewController.titleLabel"]=[true]}
2022-12-15 15:34:01.406 [DEBUG] [thread-id 1] - conditionally execute a flow. condition: false
2022-12-15 15:34:01.610 [DEBUG] [thread-id 1] - Click element: '//XCUIElementTypeStaticText[@name="Continue"] | //XCUIElementTypeStaticText[@name="Next"] | //XCUIElementTypeStaticText[@name="Continue as guest"]'
2022-12-15 15:34:02.424 [DEBUG] [thread-id 1] - Verify identifier: {NotificationPermissionViewController.titleLabel=[true]}
2022-12-15 15:34:02.555 [DEBUG] [thread-id 1] - Click element: '//XCUIElementTypeStaticText[@name="Not now"] | //XCUIElementTypeButton[@name="cta.cancel.notifications"]'
2022-12-15 15:34:02.878 [DEBUG] [thread-id 1] - Verify identifier: {Share your location=[true]}
2022-12-15 15:34:02.918 [DEBUG] [thread-id 1] - Click element: 'Enter zip code'
2022-12-15 15:34:03.636 [DEBUG] [thread-id 1] - conditionally execute a flow. condition: true
2022-12-15 15:34:03.873 [DEBUG] [thread-id 1] - Enter text: '95122'
2022-12-15 15:34:16.461 [DEBUG] [thread-id 1] - Click element: '//XCUIElementTypeStaticText[@name="Search"]'
2022-12-15 15:34:18.152 [DEBUG] [thread-id 1] - conditionally execute a flow. condition: true
2022-12-15 15:34:28.879 [DEBUG] [thread-id 1] - conditionally execute a flow. condition: true
2022-12-15 15:34:29.093 [DEBUG] [thread-id 1] - Click element: 'Continue'
2022-12-15 15:34:30.432 [DEBUG] [thread-id 1] - conditionally execute a flow. condition: true
2022-12-15 15:34:31.598 [DEBUG] [thread-id 1] - Click element: 'Allow'
2022-12-15 15:35:03.816 [DEBUG] [thread-id 1] - Executing function: 'us.functions.utils.tryAgainWhenThereIsError'
2022-12-15 15:35:03.828 [DEBUG] [thread-id 1] - loop: from 0 to 2
2022-12-15 15:35:04.147 [DEBUG] [thread-id 1] - 0
2022-12-15 15:35:14.517 [DEBUG] [thread-id 1] - conditionally execute a flow. condition: false
2022-12-15 15:35:14.829 [DEBUG] [thread-id 1] - Executing function: 'us.functions.onboarding.handleTechnicalErrorPage'
2022-12-15 15:35:14.830 [DEBUG] [thread-id 1] - sleep:  5000 milliseconds
2022-12-15 15:35:19.838 [DEBUG] [thread-id 1] - loop: from 0 to 4
2022-12-15 15:35:20.132 [DEBUG] [thread-id 1] - 0
2022-12-15 15:35:30.648 [DEBUG] [thread-id 1] - conditionally execute a flow. condition: false
2022-12-15 15:35:30.948 [DEBUG] [thread-id 1] - No Technical Error Page observed
2022-12-15 15:35:31.266 [DEBUG] [thread-id 1] - Executing function: 'us.functions.gic.collapseIfExpanded'
2022-12-15 15:35:31.466 [DEBUG] [thread-id 1] - conditionally execute a flow. condition: true
2022-12-15 15:35:31.959 [DEBUG] [thread-id 1] - Click element: '//*[contains(@label,"Expanded")]'
2022-12-15 15:35:32.190 [DEBUG] [thread-id 1] - Executing function: 'us.functions.home.navigateHomeToSignIn'
2022-12-15 15:35:32.984 [DEBUG] [thread-id 1] - Click element: 'Account'
2022-12-15 15:35:33.326 [DEBUG] [thread-id 1] - sleep:  3000 milliseconds
2022-12-15 15:35:36.865 [DEBUG] [thread-id 1] - Verify identifier: {//XCUIElementTypeButton[@name="Account.SignInButton"] | //XCUIElementTypeButton[@name="HeaderView.loginButton"] | //XCUIElementTypeButton[@label="SignInYourAccountTableViewCell.signInButton"] | //XCUIElementTypeButton[@label="Sign in"] | //XCUIElementTypeButton[@label="Sign in or create an account"]=[true]}
2022-12-15 15:35:36.867 [DEBUG] [thread-id 1] - loop: from 1 to 3
2022-12-15 15:35:37.820 [DEBUG] [thread-id 1] - conditionally execute a flow. condition: true
2022-12-15 15:35:38.744 [DEBUG] [thread-id 1] - Click element: '//XCUIElementTypeButton[@name="Account.SignInButton"] | //XCUIElementTypeButton[@name="HeaderView.loginButton"] | //XCUIElementTypeButton[@label="SignInYourAccountTableViewCell.signInButton"] | //XCUIElementTypeButton[@label="Sign in"] | //XCUIElementTypeButton[@label="Sign in or create an account"]'
2022-12-15 15:35:39.788 [DEBUG] [thread-id 1] - sleep:  3000 milliseconds
2022-12-15 15:35:43.633 [DEBUG] [thread-id 1] - conditionally execute a flow. condition: true
2022-12-15 15:35:44.227 [DEBUG] [thread-id 1] - Store in: store the value 'true' in the variable 'signInValidated'
2022-12-15 15:35:44.869 [DEBUG] [thread-id 1] - conditionally execute a flow. condition: true
2022-12-15 15:35:45.450 [DEBUG] [thread-id 1] - SignIn page loaded
2022-12-15 15:35:46.034 [DEBUG] [thread-id 1] - Store in: store the value 'false' in the variable 'signInValidated'
2022-12-15 15:35:46.041 [DEBUG] [thread-id 1] - Executing function: 'us.functions.global.authentication.signInAccount'
2022-12-15 15:35:46.049 [WARN] [thread-id 1] - variable validateSignInPage was used, but r2 could not find a value for this variable. returning default of null
2022-12-15 15:35:46.058 [DEBUG] [thread-id 1] - Executing function: 'us.functions.global.authentication.dismissSelectSavedPasswordDialog'
2022-12-15 15:35:56.400 [DEBUG] [thread-id 1] - Verify identifier: {//XCUIElementTypeTextField=[true]}
2022-12-15 15:35:56.652 [DEBUG] [thread-id 1] - Enter text: 'walp@gmail.com'
2022-12-15 15:35:59.947 [DEBUG] [thread-id 1] - loop: from 1 to 3
2022-12-15 15:36:00.991 [DEBUG] [thread-id 1] - sleep:  3000 milliseconds
2022-12-15 15:36:05.069 [DEBUG] [thread-id 1] - conditionally execute a flow. condition: true
2022-12-15 15:36:06.228 [DEBUG] [thread-id 1] - Click element: 'SignInView.ctaButton'
2022-12-15 15:36:08.127 [DEBUG] [thread-id 1] - conditionally execute a flow. condition: true
2022-12-15 15:36:09.022 [DEBUG] [thread-id 1] - Store in: store the value 'true' in the variable 'signInValidated'
2022-12-15 15:36:09.921 [DEBUG] [thread-id 1] - conditionally execute a flow. condition: true
2022-12-15 15:36:10.802 [DEBUG] [thread-id 1] - Store in: store the value 'false' in the variable 'signInValidated'
2022-12-15 15:36:11.684 [DEBUG] [thread-id 1] - Email entered
2022-12-15 15:36:11.697 [WARN] [thread-id 1] - variable validateSignInPage was used, but r2 could not find a value for this variable. returning default of null
2022-12-15 15:36:11.698 [DEBUG] [thread-id 1] - loop: from 1 to 3
2022-12-15 15:36:12.570 [DEBUG] [thread-id 1] - sleep:  2000 milliseconds
2022-12-15 15:36:15.728 [DEBUG] [thread-id 1] - conditionally execute a flow. condition: true
2022-12-15 15:36:16.945 [DEBUG] [thread-id 1] - Enter text: 'Testing@123'
2022-12-15 15:36:20.115 [DEBUG] [thread-id 1] - sleep:  1000 milliseconds
2022-12-15 15:36:22.310 [DEBUG] [thread-id 1] - Click element: '//XCUIElementTypeStaticText[@name="Sign in"] | //XCUIElementTypeButton[@label="Sign In" or @label="Sign in"] | //XCUIElementTypeButton[@name="OtpView.ctaButton"] | //XCUIElementTypeButton[@label="Sign in or create an account"]'
2022-12-15 15:36:23.251 [DEBUG] [thread-id 1] - sleep:  2000 milliseconds
2022-12-15 15:36:38.611 [DEBUG] [thread-id 1] - Hide keyboard: 'true'
2022-12-15 15:36:39.978 [DEBUG] [thread-id 1] - conditionally execute a flow. condition: true
2022-12-15 15:36:41.066 [DEBUG] [thread-id 1] - Store in: store the value 'true' in the variable 'signInValidated'
2022-12-15 15:36:42.180 [DEBUG] [thread-id 1] - conditionally execute a flow. condition: true
2022-12-15 15:36:43.241 [DEBUG] [thread-id 1] - Account signed in
2022-12-15 15:36:43.566 [DEBUG] [thread-id 1] - conditionally execute a flow. condition: true
2022-12-15 15:36:44.991 [DEBUG] [thread-id 1] - Click element: '//XCUIElementTypeButton[@name="Don’t Allow"] | //XCUIElementTypeButton[@name="Don’t Allow"]'
2022-12-15 15:36:45.608 [DEBUG] [thread-id 1] - Executing function: 'us.functions.utils.handleCartMergePopup'
2022-12-15 15:36:45.609 [DEBUG] [thread-id 1] - sleep:  7000 milliseconds
2022-12-15 15:36:52.617 [DEBUG] [thread-id 1] - loop: from 0 to 4
2022-12-15 15:36:53.485 [DEBUG] [thread-id 1] - 0
2022-12-15 15:37:04.690 [DEBUG] [thread-id 1] - conditionally execute a flow. condition: false
2022-12-15 15:37:05.437 [DEBUG] [thread-id 1] - No Technical Error Page observed
2022-12-15 15:37:06.180 [DEBUG] [thread-id 1] - Executing function: 'us.functions.global.navigation.accountToHome'
2022-12-15 15:37:06.790 [DEBUG] [thread-id 1] - Click element: '//XCUIElementTypeButton[@name="Shop"] |  //XCUIElementTypeButton[@name="Home"]'
2022-12-15 15:37:07.321 [DEBUG] [thread-id 1] - Executing function: 'us.functions.home.closeWPlusPromotionPopUpIfDisplayed'
2022-12-15 15:37:07.321 [DEBUG] [thread-id 1] - sleep:  5000 milliseconds
2022-12-15 15:37:12.952 [DEBUG] [thread-id 1] - conditionally execute a flow. condition: true
2022-12-15 15:37:14.269 [DEBUG] [thread-id 1] - Click element: '//XCUIElementTypeButton[@name="SplashPageViewController.closeButton" or contains(@label, "Close Walmart plus promotional pop up")] | //XCUIElementTypeNavigationBar[@name="WalmartPlus.SplashPageView"]/XCUIElementTypeButton|//XCUIElementTypeButton[@name="close"]'
2022-12-15 15:37:15.208 [DEBUG] [thread-id 1] - Verify identifier: {//XCUIElementTypeSearchField[@name="Search Walmart"] | //XCUIElementTypeOther[@name="Search Walmart"]/XCUIElementTypeOther | //XCUIElementTypeOther[@name="Search Walmart"]=[true]}
2022-12-15 15:37:15.211 [DEBUG] [thread-id 1] - Executing function: 'us.functions.home.rateDriverPopup'
2022-12-15 15:37:15.214 [DEBUG] [thread-id 1] - loop: from 1 to 6
2022-12-15 15:37:15.737 [DEBUG] [thread-id 1] - 1
2022-12-15 15:37:26.618 [DEBUG] [thread-id 1] - conditionally execute a flow. condition: false
2022-12-15 15:37:27.102 [DEBUG] [thread-id 1] - Executing function: 'us.functions.home.setStore'
2022-12-15 15:37:27.121 [DEBUG] [thread-id 1] - Executing function: 'us.functions.utils.getSearchableItem'
2022-12-15 15:37:27.122 [DEBUG] [thread-id 1] - Store in: store the value 'null' in the variable 'itemFetched'
2022-12-15 15:37:27.123 [DEBUG] [thread-id 1] - Store in: store the value 'null' in the variable 'deeplinkURL'
2022-12-15 15:37:27.128 [DEBUG] [thread-id 1] - conditionally execute a flow. condition: false
2022-12-15 15:37:27.628 [DEBUG] [thread-id 1] - Item fetched by Astro API
2022-12-15 15:37:28.127 [DEBUG] [thread-id 1] - Executing function: 'us.functions.utils.fetchAstroAvailableItem'
2022-12-15 15:37:28.131 [DEBUG] [thread-id 1] - Fetching Item available in stock using Astro API for Item type FC_DELIVERY
2022-12-15 15:37:28.132 [WARN] [thread-id 1] - variable storeId was used, but r2 could not find a value for this variable. returning default of null
2022-12-15 15:37:28.146 [DEBUG] [thread-id 1] - conditionally execute a flow. condition: true
2022-12-15 15:37:28.636 [DEBUG] [thread-id 1] - Store in: store the value '32144' in the variable 'storeId'
2022-12-15 15:37:28.648 [WARN] [thread-id 1] - variable itemStatusHeader was used, but r2 could not find a value for this variable. returning default of null
2022-12-15 15:37:28.653 [DEBUG] [thread-id 1] - conditionally execute a flow. condition: true
2022-12-15 15:37:29.138 [DEBUG] [thread-id 1] - Store in: store the value 'SUCCESS' in the variable 'itemStatusHeader'
2022-12-15 15:37:29.156 [DEBUG] [thread-id 1] - conditionally execute a flow. condition: true
2022-12-15 15:37:29.675 [DEBUG] [thread-id 1] - Store in: store the value 'nextgen' in the variable 'version'
2022-12-15 15:37:29.694 [DEBUG] [thread-id 1] - Store in: store the value 'null' in the variable 'itemDetails'
2022-12-15 15:37:30.227 [DEBUG] [thread-id 1] - conditionally execute a flow. condition: true
2022-12-15 15:37:30.742 [DEBUG] [thread-id 1] - NextGen API
2022-12-15 15:37:31.254 [DEBUG] [thread-id 1] - Call API: 'http://astro.walmart.com/api/v3/teflon/internal/getItemHealth/32144/FC_DELIVERY'
2022-12-15 15:37:36.762 [DEBUG] [thread-id 1] - Response code is: '200'. Response body is: '{"astroStatus":"SUCCESS","astroDescription":"Item Health details found in itemHealth Collection","astroDetails":[{"itemId":"1997114544","astroStatus":"SUCCESS","astroDescription":"FC_DELIVERY (1997114544), ORDER CREATED","orderType":"FC_DELIVERY","storeId":"32144","orderNumber":null,"eligiblePaths":[],"inEligiblePaths":[],"_id":"636578ea1578f257accfb429","__v":0,"createdAt":"2022-11-04T20:41:14.289Z","updatedAt":"2022-11-16T18:51:14.999Z"},{"itemId":"1957219003","astroStatus":"SUCCESS","astroDescription":"FC_DELIVERY (1957219003), ORDER CREATED","orderType":"FC_DELIVERY","storeId":"32144","orderNumber":null,"eligiblePaths":[],"inEligiblePaths":[],"_id":"636578eaf6ee0e3bf813a259","__v":0,"createdAt":"2022-11-04T20:41:14.559Z","updatedAt":"2022-11-16T18:51:15.092Z"},{"itemId":"1912173572","astroStatus":"SUCCESS","astroDescription":"FC_DELIVERY (1912173572), ORDER CREATED","orderType":"FC_DELIVERY","storeId":"32144","orderNumber":null,"eligiblePaths":[],"inEligiblePaths":[],"_id":"636578ea1578f257accfb42a","__v":0,"createdAt":"2022-11-04T20:41:14.595Z","updatedAt":"2022-11-16T18:51:15.047Z"}]}'
2022-12-15 15:37:37.265 [DEBUG] [thread-id 1] - conditionally execute a flow. condition: false
2022-12-15 15:37:37.748 [DEBUG] [thread-id 1] - SUCCESSFUL item fetched from astro API.
2022-12-15 15:37:38.244 [DEBUG] [thread-id 1] - loop: over '[{"itemId":"1997114544","astroStatus":"SUCCESS","astroDescription":"FC_DELIVERY (1997114544), ORDER CREATED","orderType":"FC_DELIVERY","storeId":"32144","orderNumber":null,"eligiblePaths":[],"inEligiblePaths":[],"_id":"636578ea1578f257accfb429","__v":0,"createdAt":"2022-11-04T20:41:14.289Z","updatedAt":"2022-11-16T18:51:14.999Z"},{"itemId":"1957219003","astroStatus":"SUCCESS","astroDescription":"FC_DELIVERY (1957219003), ORDER CREATED","orderType":"FC_DELIVERY","storeId":"32144","orderNumber":null,"eligiblePaths":[],"inEligiblePaths":[],"_id":"636578eaf6ee0e3bf813a259","__v":0,"createdAt":"2022-11-04T20:41:14.559Z","updatedAt":"2022-11-16T18:51:15.092Z"},{"itemId":"1912173572","astroStatus":"SUCCESS","astroDescription":"FC_DELIVERY (1912173572), ORDER CREATED","orderType":"FC_DELIVERY","storeId":"32144","orderNumber":null,"eligiblePaths":[],"inEligiblePaths":[],"_id":"636578ea1578f257accfb42a","__v":0,"createdAt":"2022-11-04T20:41:14.595Z","updatedAt":"2022-11-16T18:51:15.047Z"}]'
2022-12-15 15:37:38.742 [DEBUG] [thread-id 1] - Store in: store the value 'null' in the variable 'itemDetails'
2022-12-15 15:37:39.241 [DEBUG] [thread-id 1] - {"itemId":"1997114544","astroStatus":"SUCCESS","astroDescription":"FC_DELIVERY (1997114544), ORDER CREATED","orderType":"FC_DELIVERY","storeId":"32144","orderNumber":null,"eligiblePaths":[],"inEligiblePaths":[],"_id":"636578ea1578f257accfb429","__v":0,"createdAt":"2022-11-04T20:41:14.289Z","updatedAt":"2022-11-16T18:51:14.999Z"}
2022-12-15 15:37:39.734 [DEBUG] [thread-id 1] - Store in: store the value '1997114544' in the variable 'itemFetched'
2022-12-15 15:37:40.224 [DEBUG] [thread-id 1] - Store in: store the value 'SUCCESS' in the variable 'itemStatus'
2022-12-15 15:37:40.716 [WARN] [thread-id 1] - variable healthCheck was used, but r2 could not find a value for this variable. returning default of null
2022-12-15 15:37:41.229 [DEBUG] [thread-id 1] - conditionally execute a flow. condition: true
2022-12-15 15:37:41.715 [WARN] [thread-id 1] - variable skipForNext was used, but r2 could not find a value for this variable. returning default of null
2022-12-15 15:37:42.197 [WARN] [thread-id 1] - variable excludeFetchedItem was used, but r2 could not find a value for this variable. returning default of null
2022-12-15 15:37:42.198 [DEBUG] [thread-id 1] - conditionally execute a flow. condition: false
2022-12-15 15:37:42.668 [DEBUG] [thread-id 1] - Executing function: 'us.functions.utils.itemHealthCheck'
2022-12-15 15:37:42.669 [DEBUG] [thread-id 1] - Checking item eligibility before proceeding
2022-12-15 15:37:42.671 [DEBUG] [thread-id 1] - Store in: store the value 'false' in the variable 'itemEligiblity'
2022-12-15 15:37:42.672 [DEBUG] [thread-id 1] - Store in: store the value 'false' in the variable 'ignoreItem'
2022-12-15 15:37:42.674 [DEBUG] [thread-id 1] - loop: over '["158353031","669597065","446886409", "803629599", "888307914"]'
2022-12-15 15:37:45.175 [DEBUG] [thread-id 1] - conditionally execute a flow. condition: false
2022-12-15 15:37:45.655 [DEBUG] [thread-id 1] - conditionally execute a flow. condition: true
2022-12-15 15:37:46.627 [DEBUG] [thread-id 1] - Call API: 'http://astro.walmart.com/api/v2/teflon/itemHealthCheck?shippingNode=32144&orderType=FC_DELIVERY&itemId=1997114544'
2022-12-15 15:37:52.022 [DEBUG] [thread-id 1] - Response code is: '404'. Response body is: '{"astroStatus":"FAIL","astroDescription":"SOMETHING_WENT_WRONG","astroDetails":{}}'
2022-12-15 15:37:52.553 [DEBUG] [thread-id 1] - Call API: 'http://astro.walmart.com/api/v2/teflon/itemHealthCheck?shippingNode=32144&orderType=FC_DELIVERY&itemId=1997114544'
2022-12-15 15:38:01.356 [DEBUG] [thread-id 1] - Response code is: '200'. Response body is: '{"status":"FAIL","offerId":"CF77632CDD1B41A386CFD14580D38F96","eligibility":{"orderType":"FC_DELIVERY","shipNode":"32144","preferredDeliveryRoute":{"nodeType":"FC","shipNode":"618501","carrierType":"GROUND"},"errors":{"IQS":["Error while invoking IQS API:IQS - CF77632CDD1B41A386CFD14580D38F96 offer query returned an incomplete reponse."],"MCSE":["NO_FULFILLMENT_DETAILS_FOUND"]},"isEligible":false}}'
2022-12-15 15:38:01.863 [DEBUG] [thread-id 1] - Unable to get item eligibility data
2022-12-15 15:38:02.860 [DEBUG] [thread-id 1] - Store in: store the value 'null' in the variable 'itemDetails'
2022-12-15 15:38:03.344 [DEBUG] [thread-id 1] - {"itemId":"1957219003","astroStatus":"SUCCESS","astroDescription":"FC_DELIVERY (1957219003), ORDER CREATED","orderType":"FC_DELIVERY","storeId":"32144","orderNumber":null,"eligiblePaths":[],"inEligiblePaths":[],"_id":"636578eaf6ee0e3bf813a259","__v":0,"createdAt":"2022-11-04T20:41:14.559Z","updatedAt":"2022-11-16T18:51:15.092Z"}
2022-12-15 15:38:03.840 [DEBUG] [thread-id 1] - Store in: store the value '1957219003' in the variable 'itemFetched'
2022-12-15 15:38:04.323 [DEBUG] [thread-id 1] - Store in: store the value 'SUCCESS' in the variable 'itemStatus'
2022-12-15 15:38:04.804 [WARN] [thread-id 1] - variable healthCheck was used, but r2 could not find a value for this variable. returning default of null
2022-12-15 15:38:05.287 [DEBUG] [thread-id 1] - conditionally execute a flow. condition: true
2022-12-15 15:38:05.759 [WARN] [thread-id 1] - variable skipForNext was used, but r2 could not find a value for this variable. returning default of null
2022-12-15 15:38:06.246 [WARN] [thread-id 1] - variable excludeFetchedItem was used, but r2 could not find a value for this variable. returning default of null
2022-12-15 15:38:06.247 [DEBUG] [thread-id 1] - conditionally execute a flow. condition: false
2022-12-15 15:38:06.717 [DEBUG] [thread-id 1] - Checking item eligibility before proceeding
2022-12-15 15:38:06.718 [DEBUG] [thread-id 1] - Store in: store the value 'false' in the variable 'itemEligiblity'
2022-12-15 15:38:06.718 [DEBUG] [thread-id 1] - Store in: store the value 'false' in the variable 'ignoreItem'
2022-12-15 15:38:06.721 [DEBUG] [thread-id 1] - loop: over '["158353031","669597065","446886409", "803629599", "888307914"]'
2022-12-15 15:38:09.165 [DEBUG] [thread-id 1] - conditionally execute a flow. condition: false
2022-12-15 15:38:09.639 [DEBUG] [thread-id 1] - conditionally execute a flow. condition: true
2022-12-15 15:38:10.583 [DEBUG] [thread-id 1] - Call API: 'http://astro.walmart.com/api/v2/teflon/itemHealthCheck?shippingNode=32144&orderType=FC_DELIVERY&itemId=1957219003'
2022-12-15 15:38:18.550 [DEBUG] [thread-id 1] - Response code is: '200'. Response body is: '{"status":"FAIL","offerId":"DDD594A661864D60805888F9A3403886","eligibility":{"orderType":"FC_DELIVERY","shipNode":"32144","preferredDeliveryRoute":{"nodeType":"FC","shipNode":"618501","carrierType":"GROUND"},"errors":{"IQS":["Error while invoking IQS API:IQS - DDD594A661864D60805888F9A3403886 offer query returned an incomplete reponse."],"MCSE":["NO_FULFILLMENT_DETAILS_FOUND"]},"isEligible":false}}'
2022-12-15 15:38:19.583 [DEBUG] [thread-id 1] - Store in: store the value 'null' in the variable 'itemDetails'
2022-12-15 15:38:20.069 [DEBUG] [thread-id 1] - {"itemId":"1912173572","astroStatus":"SUCCESS","astroDescription":"FC_DELIVERY (1912173572), ORDER CREATED","orderType":"FC_DELIVERY","storeId":"32144","orderNumber":null,"eligiblePaths":[],"inEligiblePaths":[],"_id":"636578ea1578f257accfb42a","__v":0,"createdAt":"2022-11-04T20:41:14.595Z","updatedAt":"2022-11-16T18:51:15.047Z"}
2022-12-15 15:38:20.554 [DEBUG] [thread-id 1] - Store in: store the value '1912173572' in the variable 'itemFetched'
2022-12-15 15:38:21.036 [DEBUG] [thread-id 1] - Store in: store the value 'SUCCESS' in the variable 'itemStatus'
2022-12-15 15:38:21.532 [WARN] [thread-id 1] - variable healthCheck was used, but r2 could not find a value for this variable. returning default of null
2022-12-15 15:38:22.005 [DEBUG] [thread-id 1] - conditionally execute a flow. condition: true
2022-12-15 15:38:22.471 [WARN] [thread-id 1] - variable skipForNext was used, but r2 could not find a value for this variable. returning default of null
2022-12-15 15:38:22.956 [WARN] [thread-id 1] - variable excludeFetchedItem was used, but r2 could not find a value for this variable. returning default of null
2022-12-15 15:38:22.956 [DEBUG] [thread-id 1] - conditionally execute a flow. condition: false
2022-12-15 15:38:23.431 [DEBUG] [thread-id 1] - Checking item eligibility before proceeding
2022-12-15 15:38:23.434 [DEBUG] [thread-id 1] - Store in: store the value 'false' in the variable 'itemEligiblity'
2022-12-15 15:38:23.435 [DEBUG] [thread-id 1] - Store in: store the value 'false' in the variable 'ignoreItem'
2022-12-15 15:38:23.436 [DEBUG] [thread-id 1] - loop: over '["158353031","669597065","446886409", "803629599", "888307914"]'
2022-12-15 15:38:25.879 [DEBUG] [thread-id 1] - conditionally execute a flow. condition: false
2022-12-15 15:38:26.352 [DEBUG] [thread-id 1] - conditionally execute a flow. condition: true
2022-12-15 15:38:27.299 [DEBUG] [thread-id 1] - Call API: 'http://astro.walmart.com/api/v2/teflon/itemHealthCheck?shippingNode=32144&orderType=FC_DELIVERY&itemId=1912173572'
2022-12-15 15:38:32.533 [DEBUG] [thread-id 1] - Response code is: '404'. Response body is: '{"astroStatus":"FAIL","astroDescription":"SOMETHING_WENT_WRONG","astroDetails":{}}'
2022-12-15 15:38:33.026 [DEBUG] [thread-id 1] - Call API: 'http://astro.walmart.com/api/v2/teflon/itemHealthCheck?shippingNode=32144&orderType=FC_DELIVERY&itemId=1912173572'
2022-12-15 15:38:40.401 [DEBUG] [thread-id 1] - Response code is: '200'. Response body is: '{"status":"FAIL","eligibility":{"orderType":"FC_DELIVERY","shipNode":"32144","isEligible":true}}'
2022-12-15 15:38:40.951 [DEBUG] [thread-id 1] - Unable to get item eligibility data
2022-12-15 15:38:41.444 [DEBUG] [thread-id 1] - conditionally execute a flow. condition: true
2022-12-15 15:38:42.463 [DEBUG] [thread-id 1] - Stock available Item Id 1912173572 for type FC_DELIVERY
2022-12-15 15:38:42.979 [DEBUG] [thread-id 1] - Store in: store the value 'false' in the variable 'skipForNext'
2022-12-15 15:38:43.511 [DEBUG] [thread-id 1] - Store in: store the value 'false' in the variable 'excludeFetchedItem'
2022-12-15 15:38:43.520 [DEBUG] [thread-id 1] - Store in: store the value 'null' in the variable 'storeId'
2022-12-15 15:38:43.521 [DEBUG] [thread-id 1] - Store in: store the value 'null' in the variable 'itemStatusHeader'
2022-12-15 15:38:43.521 [DEBUG] [thread-id 1] - Store in: store the value 'false' in the variable 'healthCheck'
2022-12-15 15:38:43.522 [DEBUG] [thread-id 1] - Store in: store the value 'null' in the variable 'version'
2022-12-15 15:38:43.535 [DEBUG] [thread-id 1] - Store in: store the value 'null' in the variable 'backupItem'
2022-12-15 15:38:43.538 [DEBUG] [thread-id 1] - Store in: store the value 'null' in the variable 'source'
2022-12-15 15:38:43.540 [DEBUG] [thread-id 1] - Store in: store the value 'walmart://item/1912173572' in the variable 'deeplinkURl'
2022-12-15 15:38:43.545 [DEBUG] [thread-id 1] - Item:1912173572
2022-12-15 15:38:43.546 [DEBUG] [thread-id 1] - deeplinkURL:walmart://item/1912173572
2022-12-15 15:38:43.547 [DEBUG] [thread-id 1] - Executing function: 'us.functions.global.navigation.goToDeepLink'
2022-12-15 15:38:43.548 [DEBUG] [thread-id 1] - Verify value of: '$deepLinkUrl'
2022-12-15 15:38:43.549 [DEBUG] [thread-id 1] - Open link: 'walmart://item/1912173572'
2022-12-15 15:38:44.525 [DEBUG] [thread-id 1] - Executing function: 'us.functions.global.navigation.openDeepLink'
2022-12-15 15:38:54.782 [DEBUG] [thread-id 1] - Executing function: 'us.functions.utils.handleTechnicalErrorPopup'
2022-12-15 15:38:54.784 [DEBUG] [thread-id 1] - Store in: store the value 'false' in the variable 'errorRemoved'
2022-12-15 15:38:54.785 [DEBUG] [thread-id 1] - sleep:  10000 milliseconds
2022-12-15 15:39:04.792 [DEBUG] [thread-id 1] - loop: from 0 to 3
2022-12-15 15:39:05.858 [DEBUG] [thread-id 1] - 0
2022-12-15 15:39:17.145 [DEBUG] [thread-id 1] - conditionally execute a flow. condition: false
2022-12-15 15:39:18.255 [DEBUG] [thread-id 1] - Store in: store the value 'true' in the variable 'errorRemoved'
2022-12-15 15:39:19.405 [DEBUG] [thread-id 1] - No Technical Error Pop up observed
2022-12-15 15:39:20.492 [DEBUG] [thread-id 1] - Executing function: 'us.functions.item.addItemToCart'
2022-12-15 15:39:21.544 [DEBUG] [thread-id 1] - sleep:  2000 milliseconds
2022-12-15 15:39:28.400 [DEBUG] [thread-id 1] - Item wasn't Added initially, continuing with scenario
2022-12-15 15:39:38.517 [DEBUG] [thread-id 1] - conditionally execute a flow. condition: false
2022-12-15 15:39:50.423 [DEBUG] [thread-id 1] - Main failed: DATA_FAILURE - teflon ADD TO CART button not displayed
2022-12-15 15:39:51.561 [DEBUG] [thread-id 1] - Executing scenario: 'After'
2022-12-15 15:39:51.562 [DEBUG] [thread-id 1] - Executing function: 'us.functions.utils.afterSteps'
2022-12-15 15:39:51.569 [WARN] [thread-id 1] - variable testStatus was used, but r2 could not find a value for this variable. returning default of null
2022-12-15 15:39:51.572 [DEBUG] [thread-id 1] - conditionally execute a flow. condition: false
2022-12-15 15:39:52.640 [DEBUG] [thread-id 1] - Test failed
2022-12-15 15:39:53.725 [DEBUG] [thread-id 1] - Executing function: 'us.functions.utils.closeErrorAlertIfExists'
2022-12-15 15:40:10.187 [DEBUG] [thread-id 1] - Created report: /Users/m0k0a2f/glass-automation/report/index.html
2022-12-15 15:55:35.049 [DEBUG] [thread-id 1] - Executing R2 3.29.0: '/Users/m0k0a2f/glass-automation/./us/test/test-scripts/ios/golden-flows/multi-fulfillment-flows/PetRX-multi-fulfilment-Shipping-mixed-order.yaml' on device: 'iPhone 13'
2022-12-15 15:56:15.083 [DEBUG] [thread-id 1] - Executing scenario: 'Before'
2022-12-15 15:56:15.089 [DEBUG] [thread-id 1] - Execute before steps
2022-12-15 15:56:15.092 [DEBUG] [thread-id 1] - R2_SUBFLOW_PRE_TRANSACTION
2022-12-15 15:56:15.094 [DEBUG] [thread-id 1] - Executing function: 'us.functions.utils.astro.clearCart'
2022-12-15 15:56:15.206 [DEBUG] [thread-id 1] - Call API: 'http://astro.walmart.com/api/v2/teflon/customer/walp@gmail.com/clearcart'
2022-12-15 15:56:27.940 [DEBUG] [thread-id 1] - Response code is: '200'. Response body is: '{"astroStatus":"SUCCESS","astroDescription":"CART_CLEARED","astroDetails":{"dbSessionMap":{"CXO_CART_ST":"{\"mtoken\":\"1:14#147219359#2=157513541#8=72291833\"}"},"checkoutable":false,"cart":{"id":"83994d90-d44b-4948-ab70-e56b42c8256c","buyer":{"id":"70c68aba-a7ca-49ca-9daf-3eec75e8f609","type":"CUSTOMER"},"storeIds":[],"itemCount":0,"entityErrors":[],"shipping":{"id":"e93f8741-fbee-40a4-b3a1-3d2940051399","dbLockVersion":0,"dbSessionMap":{},"dbLockMap":{},"postalCode":"95122","city":"San Jose","state":"CA","countryCode":"USA","latitude":37.606689,"longitude":-122.426362,"isPOBox":false,"isAPOFPO":false},"currencyCode":"USD","preview":false,"tenantId":0,"verticalId":0,"checkoutableErrors":[],"intent":"PICKUP","pickupStore":{"city":"San Jose","stateOrProvinceCode":"CA","countryCode":"USA","postalCode":"95122","storeId":"32144","services":[]},"deliveryStore":{"city":"San Jose","stateOrProvinceCode":"CA","countryCode":"USA","postalCode":"95122","storeId":"32144","services":[]},"fulfillmentPlans":[],"accessPoints":[],"reservations":[],"isExplicitIntent":false,"hasGiftEligibleItem":false,"warnings":[],"restrictions":[]},"isOmniPromiseResponse":true}}'
2022-12-15 15:56:28.059 [DEBUG] [thread-id 1] - Cart cleared for walp@gmail.com
2022-12-15 15:56:28.164 [DEBUG] [thread-id 1] - Using us-errors-helpers.yaml
2022-12-15 15:56:28.259 [DEBUG] [thread-id 1] - Start Main
2022-12-15 15:56:28.262 [DEBUG] [thread-id 1] - Executing function: 'us.functions.global.onboarding.navigateOnboardingToHome'
2022-12-15 15:56:28.265 [DEBUG] [thread-id 1] - Executing function: 'us.function.utils.getEnvironmentValue'
2022-12-15 15:56:28.287 [DEBUG] [thread-id 1] - Store in: store the value 'teflon' in the variable 'env'
2022-12-15 15:56:28.435 [DEBUG] [thread-id 1] - Verify identifier: {//XCUIElementTypeStaticText[@name="WelcomeViewController.titleLabel"] | //XCUIElementTypeStaticText[@name="SignUpNudgeWelcomeViewController.titleLabel"]=[true]}
2022-12-15 15:56:38.515 [DEBUG] [thread-id 1] - conditionally execute a flow. condition: false
2022-12-15 15:56:38.717 [DEBUG] [thread-id 1] - Click element: '//XCUIElementTypeStaticText[@name="Continue"] | //XCUIElementTypeStaticText[@name="Next"] | //XCUIElementTypeStaticText[@name="Continue as guest"]'
2022-12-15 15:56:39.438 [DEBUG] [thread-id 1] - Verify identifier: {NotificationPermissionViewController.titleLabel=[true]}
2022-12-15 15:56:39.578 [DEBUG] [thread-id 1] - Click element: '//XCUIElementTypeStaticText[@name="Not now"] | //XCUIElementTypeButton[@name="cta.cancel.notifications"]'
2022-12-15 15:57:00.485 [DEBUG] [thread-id 1] - Main failed: Is not present: 'Share your location'
2022-12-15 15:57:00.592 [DEBUG] [thread-id 1] - Executing scenario: 'After'
2022-12-15 15:57:00.599 [DEBUG] [thread-id 1] - Executing function: 'us.functions.utils.afterSteps'
2022-12-15 15:57:00.611 [WARN] [thread-id 1] - variable testStatus was used, but r2 could not find a value for this variable. returning default of null
2022-12-15 15:57:00.648 [DEBUG] [thread-id 1] - conditionally execute a flow. condition: false
2022-12-15 15:57:00.740 [DEBUG] [thread-id 1] - Test failed
2022-12-15 15:57:00.833 [DEBUG] [thread-id 1] - Executing function: 'us.functions.utils.closeErrorAlertIfExists'
2022-12-15 15:57:49.093 [DEBUG] [thread-id 1] - Executing R2 3.29.0: '/Users/m0k0a2f/glass-automation/./us/test/test-scripts/ios/golden-flows/multi-fulfillment-flows/PetRX-multi-fulfilment-Shipping-mixed-order.yaml' on device: 'iPhone 13'
2022-12-15 15:58:28.495 [DEBUG] [thread-id 1] - Executing scenario: 'Before'
2022-12-15 15:58:28.503 [DEBUG] [thread-id 1] - Execute before steps
2022-12-15 15:58:28.505 [DEBUG] [thread-id 1] - R2_SUBFLOW_PRE_TRANSACTION
2022-12-15 15:58:28.508 [DEBUG] [thread-id 1] - Executing function: 'us.functions.utils.astro.clearCart'
2022-12-15 15:58:28.617 [DEBUG] [thread-id 1] - Call API: 'http://astro.walmart.com/api/v2/teflon/customer/walp@gmail.com/clearcart'
2022-12-15 15:58:41.602 [DEBUG] [thread-id 1] - Response code is: '200'. Response body is: '{"astroStatus":"SUCCESS","astroDescription":"CART_CLEARED","astroDetails":{"dbSessionMap":{"CXO_CART_ST":"{\"mtoken\":\"1:14#147219892#2=157513541#8=72292853\"}"},"checkoutable":false,"cart":{"id":"83994d90-d44b-4948-ab70-e56b42c8256c","buyer":{"id":"70c68aba-a7ca-49ca-9daf-3eec75e8f609","type":"CUSTOMER"},"storeIds":[],"itemCount":0,"entityErrors":[],"shipping":{"id":"a01a3a58-8404-4792-aabe-06c8342b4abf","dbLockVersion":0,"dbSessionMap":{},"dbLockMap":{},"postalCode":"95122","city":"San Jose","state":"CA","countryCode":"USA","latitude":37.606689,"longitude":-122.426362,"isPOBox":false,"isAPOFPO":false},"currencyCode":"USD","preview":false,"tenantId":0,"verticalId":0,"checkoutableErrors":[],"intent":"PICKUP","pickupStore":{"city":"San Jose","stateOrProvinceCode":"CA","countryCode":"USA","postalCode":"95122","storeId":"32144","services":[]},"deliveryStore":{"city":"San Jose","stateOrProvinceCode":"CA","countryCode":"USA","postalCode":"95122","storeId":"32144","services":[]},"fulfillmentPlans":[],"accessPoints":[],"reservations":[],"isExplicitIntent":false,"hasGiftEligibleItem":false,"warnings":[],"restrictions":[]},"isOmniPromiseResponse":true}}'
2022-12-15 15:58:41.723 [DEBUG] [thread-id 1] - Cart cleared for walp@gmail.com
2022-12-15 15:58:41.830 [DEBUG] [thread-id 1] - Using us-errors-helpers.yaml
2022-12-15 15:58:41.922 [DEBUG] [thread-id 1] - Start Main
2022-12-15 15:58:41.926 [DEBUG] [thread-id 1] - Executing function: 'us.functions.global.onboarding.navigateOnboardingToHome'
2022-12-15 15:58:41.929 [DEBUG] [thread-id 1] - Executing function: 'us.function.utils.getEnvironmentValue'
2022-12-15 15:58:41.947 [DEBUG] [thread-id 1] - Store in: store the value 'teflon' in the variable 'env'
2022-12-15 15:58:42.085 [DEBUG] [thread-id 1] - Verify identifier: {//XCUIElementTypeStaticText[@name="WelcomeViewController.titleLabel"] | //XCUIElementTypeStaticText[@name="SignUpNudgeWelcomeViewController.titleLabel"]=[true]}
2022-12-15 15:58:52.121 [DEBUG] [thread-id 1] - conditionally execute a flow. condition: false
2022-12-15 15:58:52.326 [DEBUG] [thread-id 1] - Click element: '//XCUIElementTypeStaticText[@name="Continue"] | //XCUIElementTypeStaticText[@name="Next"] | //XCUIElementTypeStaticText[@name="Continue as guest"]'
2022-12-15 15:58:53.123 [DEBUG] [thread-id 1] - Verify identifier: {NotificationPermissionViewController.titleLabel=[true]}
2022-12-15 15:58:53.254 [DEBUG] [thread-id 1] - Click element: '//XCUIElementTypeStaticText[@name="Not now"] | //XCUIElementTypeButton[@name="cta.cancel.notifications"]'
2022-12-15 15:58:53.565 [DEBUG] [thread-id 1] - Verify identifier: {Share your location=[true]}
2022-12-15 15:58:53.606 [DEBUG] [thread-id 1] - Click element: 'Enter zip code'
2022-12-15 15:59:03.842 [DEBUG] [thread-id 1] - conditionally execute a flow. condition: false
2022-12-15 15:59:03.935 [DEBUG] [thread-id 1] - Observed personalizedScreen
2022-12-15 15:59:04.036 [DEBUG] [thread-id 1] - conditionally execute a flow. condition: true
2022-12-15 15:59:04.175 [DEBUG] [thread-id 1] - Click element: 'Continue'
2022-12-15 15:59:48.723 [DEBUG] [thread-id 1] - Executing function: 'us.functions.utils.tryAgainWhenThereIsError'
2022-12-15 15:59:48.733 [DEBUG] [thread-id 1] - loop: from 0 to 2
2022-12-15 15:59:50.275 [DEBUG] [thread-id 1] - 0
2022-12-15 16:00:03.036 [DEBUG] [thread-id 1] - conditionally execute a flow. condition: false
2022-12-15 16:00:04.607 [DEBUG] [thread-id 1] - Executing function: 'us.functions.onboarding.handleTechnicalErrorPage'
2022-12-15 16:00:04.607 [DEBUG] [thread-id 1] - sleep:  5000 milliseconds
2022-12-15 16:00:09.626 [DEBUG] [thread-id 1] - loop: from 0 to 4
2022-12-15 16:00:11.139 [DEBUG] [thread-id 1] - 0
2022-12-15 16:00:24.120 [DEBUG] [thread-id 1] - conditionally execute a flow. condition: false
2022-12-15 16:00:25.666 [DEBUG] [thread-id 1] - No Technical Error Page observed
2022-12-15 16:00:27.246 [DEBUG] [thread-id 1] - Executing function: 'us.functions.gic.collapseIfExpanded'
2022-12-15 16:00:38.320 [DEBUG] [thread-id 1] - conditionally execute a flow. condition: false
2022-12-15 16:00:39.858 [DEBUG] [thread-id 1] - gic is collapsed
2022-12-15 16:00:39.868 [DEBUG] [thread-id 1] - Executing function: 'us.functions.home.navigateHomeToSignIn'
2022-12-15 16:01:00.627 [DEBUG] [thread-id 1] - Main failed: Cannot click 'Account'
2022-12-15 16:01:00.754 [DEBUG] [thread-id 1] - Executing scenario: 'After'
2022-12-15 16:01:00.774 [DEBUG] [thread-id 1] - Executing function: 'us.functions.utils.afterSteps'
2022-12-15 16:01:00.782 [WARN] [thread-id 1] - variable testStatus was used, but r2 could not find a value for this variable. returning default of null
2022-12-15 16:01:00.824 [DEBUG] [thread-id 1] - conditionally execute a flow. condition: false
2022-12-15 16:01:00.911 [DEBUG] [thread-id 1] - Test failed
2022-12-15 16:01:00.999 [DEBUG] [thread-id 1] - Executing function: 'us.functions.utils.closeErrorAlertIfExists'
2022-12-15 16:01:16.319 [DEBUG] [thread-id 1] - Created report: /Users/m0k0a2f/glass-automation/report/index.html
2022-12-15 16:02:22.255 [DEBUG] [thread-id 1] - Executing R2 3.29.0: '/Users/m0k0a2f/glass-automation/./us/test/test-scripts/ios/golden-flows/multi-fulfillment-flows/PetRX-multi-fulfilment-Shipping-mixed-order.yaml' on device: 'iPhone 13'
2022-12-15 16:03:01.334 [DEBUG] [thread-id 1] - Executing scenario: 'Before'
2022-12-15 16:03:01.341 [DEBUG] [thread-id 1] - Execute before steps
2022-12-15 16:03:01.343 [DEBUG] [thread-id 1] - R2_SUBFLOW_PRE_TRANSACTION
2022-12-15 16:03:01.345 [DEBUG] [thread-id 1] - Executing function: 'us.functions.utils.astro.clearCart'
2022-12-15 16:03:01.448 [DEBUG] [thread-id 1] - Call API: 'http://astro.walmart.com/api/v2/teflon/customer/walp@gmail.com/clearcart'
2022-12-15 16:03:14.172 [DEBUG] [thread-id 1] - Response code is: '200'. Response body is: '{"astroStatus":"SUCCESS","astroDescription":"CART_CLEARED","astroDetails":{"dbSessionMap":{"CXO_CART_ST":"{\"mtoken\":\"1:14#147222204#2=157518975#8=72296098\"}"},"checkoutable":false,"cart":{"id":"83994d90-d44b-4948-ab70-e56b42c8256c","buyer":{"id":"70c68aba-a7ca-49ca-9daf-3eec75e8f609","type":"CUSTOMER"},"storeIds":[],"itemCount":0,"entityErrors":[],"shipping":{"id":"f0df5541-660e-4b37-8a37-10fa80879cc3","dbLockVersion":0,"dbSessionMap":{},"dbLockMap":{},"postalCode":"95122","city":"San Jose","state":"CA","countryCode":"USA","latitude":37.606689,"longitude":-122.426362,"isPOBox":false,"isAPOFPO":false},"currencyCode":"USD","preview":false,"tenantId":0,"verticalId":0,"checkoutableErrors":[],"intent":"PICKUP","pickupStore":{"city":"San Jose","stateOrProvinceCode":"CA","countryCode":"USA","postalCode":"95122","storeId":"32144","services":[]},"deliveryStore":{"city":"San Jose","stateOrProvinceCode":"CA","countryCode":"USA","postalCode":"95122","storeId":"32144","services":[]},"fulfillmentPlans":[],"accessPoints":[],"reservations":[],"isExplicitIntent":false,"hasGiftEligibleItem":false,"warnings":[],"restrictions":[]},"isOmniPromiseResponse":true}}'
2022-12-15 16:03:14.303 [DEBUG] [thread-id 1] - Cart cleared for walp@gmail.com
2022-12-15 16:03:14.421 [DEBUG] [thread-id 1] - Using us-errors-helpers.yaml
2022-12-15 16:03:14.516 [DEBUG] [thread-id 1] - Start Main
2022-12-15 16:03:14.518 [DEBUG] [thread-id 1] - Executing function: 'us.functions.global.onboarding.navigateOnboardingToHome'
2022-12-15 16:03:14.521 [DEBUG] [thread-id 1] - Executing function: 'us.function.utils.getEnvironmentValue'
2022-12-15 16:03:14.526 [DEBUG] [thread-id 1] - Store in: store the value 'teflon' in the variable 'env'
2022-12-15 16:03:14.671 [DEBUG] [thread-id 1] - Verify identifier: {//XCUIElementTypeStaticText[@name="WelcomeViewController.titleLabel"] | //XCUIElementTypeStaticText[@name="SignUpNudgeWelcomeViewController.titleLabel"]=[true]}
2022-12-15 16:03:24.708 [DEBUG] [thread-id 1] - conditionally execute a flow. condition: false
2022-12-15 16:03:24.903 [DEBUG] [thread-id 1] - Click element: '//XCUIElementTypeStaticText[@name="Continue"] | //XCUIElementTypeStaticText[@name="Next"] | //XCUIElementTypeStaticText[@name="Continue as guest"]'
2022-12-15 16:03:25.610 [DEBUG] [thread-id 1] - Verify identifier: {NotificationPermissionViewController.titleLabel=[true]}
2022-12-15 16:03:25.746 [DEBUG] [thread-id 1] - Click element: '//XCUIElementTypeStaticText[@name="Not now"] | //XCUIElementTypeButton[@name="cta.cancel.notifications"]'
2022-12-15 16:03:39.017 [DEBUG] [thread-id 1] - Verify identifier: {Share your location=[true]}
2022-12-15 16:03:39.059 [DEBUG] [thread-id 1] - Click element: 'Enter zip code'
2022-12-15 16:03:49.237 [DEBUG] [thread-id 1] - conditionally execute a flow. condition: false
2022-12-15 16:03:49.332 [DEBUG] [thread-id 1] - Observed personalizedScreen
2022-12-15 16:03:49.428 [DEBUG] [thread-id 1] - conditionally execute a flow. condition: true
2022-12-15 16:03:49.551 [DEBUG] [thread-id 1] - Click element: 'Continue'
2022-12-15 16:04:30.088 [DEBUG] [thread-id 1] - Executing function: 'us.functions.utils.tryAgainWhenThereIsError'
2022-12-15 16:04:30.114 [DEBUG] [thread-id 1] - loop: from 0 to 2
2022-12-15 16:04:30.225 [DEBUG] [thread-id 1] - 0
2022-12-15 16:04:40.369 [DEBUG] [thread-id 1] - conditionally execute a flow. condition: false
2022-12-15 16:04:40.467 [DEBUG] [thread-id 1] - Executing function: 'us.functions.onboarding.handleTechnicalErrorPage'
2022-12-15 16:04:40.468 [DEBUG] [thread-id 1] - sleep:  5000 milliseconds
2022-12-15 16:04:45.483 [DEBUG] [thread-id 1] - loop: from 0 to 4
2022-12-15 16:04:45.606 [DEBUG] [thread-id 1] - 0
2022-12-15 16:04:55.803 [DEBUG] [thread-id 1] - conditionally execute a flow. condition: false
2022-12-15 16:04:55.895 [DEBUG] [thread-id 1] - No Technical Error Page observed
2022-12-15 16:04:56.011 [DEBUG] [thread-id 1] - Executing function: 'us.functions.gic.collapseIfExpanded'
2022-12-15 16:05:06.076 [DEBUG] [thread-id 1] - conditionally execute a flow. condition: false
2022-12-15 16:05:06.156 [DEBUG] [thread-id 1] - gic is collapsed
2022-12-15 16:05:06.166 [DEBUG] [thread-id 1] - Executing function: 'us.functions.home.navigateHomeToSignIn'
2022-12-15 16:05:26.972 [DEBUG] [thread-id 1] - Main failed: Cannot click 'Account'
2022-12-15 16:05:27.131 [DEBUG] [thread-id 1] - Executing scenario: 'After'
2022-12-15 16:05:27.144 [DEBUG] [thread-id 1] - Executing function: 'us.functions.utils.afterSteps'
2022-12-15 16:05:27.154 [WARN] [thread-id 1] - variable testStatus was used, but r2 could not find a value for this variable. returning default of null
2022-12-15 16:05:27.191 [DEBUG] [thread-id 1] - conditionally execute a flow. condition: false
2022-12-15 16:05:27.292 [DEBUG] [thread-id 1] - Test failed
2022-12-15 16:05:27.385 [DEBUG] [thread-id 1] - Executing function: 'us.functions.utils.closeErrorAlertIfExists'
2022-12-15 16:05:42.666 [DEBUG] [thread-id 1] - Created report: /Users/m0k0a2f/glass-automation/report/index.html
2022-12-15 16:06:21.647 [DEBUG] [thread-id 1] - Executing R2 3.29.0: '/Users/m0k0a2f/glass-automation/./us/test/test-scripts/ios/golden-flows/multi-fulfillment-flows/PetRX-multi-fulfilment-Shipping-mixed-order.yaml' on device: 'iPhone 13'
2022-12-15 16:07:03.306 [DEBUG] [thread-id 1] - Executing scenario: 'Before'
2022-12-15 16:07:03.312 [DEBUG] [thread-id 1] - Execute before steps
2022-12-15 16:07:03.315 [DEBUG] [thread-id 1] - R2_SUBFLOW_PRE_TRANSACTION
2022-12-15 16:07:03.317 [DEBUG] [thread-id 1] - Executing function: 'us.functions.utils.astro.clearCart'
2022-12-15 16:07:03.428 [DEBUG] [thread-id 1] - Call API: 'http://astro.walmart.com/api/v2/teflon/customer/walp@gmail.com/clearcart'
2022-12-15 16:07:16.178 [DEBUG] [thread-id 1] - Response code is: '200'. Response body is: '{"astroStatus":"SUCCESS","astroDescription":"CART_CLEARED","astroDetails":{"dbSessionMap":{"CXO_CART_ST":"{\"mtoken\":\"1:14#147223921#2=157520762#8=72298581\"}"},"checkoutable":false,"cart":{"id":"83994d90-d44b-4948-ab70-e56b42c8256c","buyer":{"id":"70c68aba-a7ca-49ca-9daf-3eec75e8f609","type":"CUSTOMER"},"storeIds":[],"itemCount":0,"entityErrors":[],"shipping":{"id":"47217367-e4b0-4069-bef5-f304f9bd8e3b","dbLockVersion":0,"dbSessionMap":{},"dbLockMap":{},"postalCode":"95122","city":"San Jose","state":"CA","countryCode":"USA","latitude":37.606689,"longitude":-122.426362,"isPOBox":false,"isAPOFPO":false},"currencyCode":"USD","preview":false,"tenantId":0,"verticalId":0,"checkoutableErrors":[],"intent":"PICKUP","pickupStore":{"city":"San Jose","stateOrProvinceCode":"CA","countryCode":"USA","postalCode":"95122","storeId":"32144","services":[]},"deliveryStore":{"city":"San Jose","stateOrProvinceCode":"CA","countryCode":"USA","postalCode":"95122","storeId":"32144","services":[]},"fulfillmentPlans":[],"accessPoints":[],"reservations":[],"isExplicitIntent":false,"hasGiftEligibleItem":false,"warnings":[],"restrictions":[]},"isOmniPromiseResponse":true}}'
2022-12-15 16:07:16.317 [DEBUG] [thread-id 1] - Cart cleared for walp@gmail.com
2022-12-15 16:07:16.421 [DEBUG] [thread-id 1] - Using us-errors-helpers.yaml
2022-12-15 16:07:16.514 [DEBUG] [thread-id 1] - Start Main
2022-12-15 16:07:16.517 [DEBUG] [thread-id 1] - Executing function: 'us.functions.global.onboarding.navigateOnboardingToHome'
2022-12-15 16:07:16.521 [DEBUG] [thread-id 1] - Executing function: 'us.function.utils.getEnvironmentValue'
2022-12-15 16:07:16.527 [DEBUG] [thread-id 1] - Store in: store the value 'teflon' in the variable 'env'
2022-12-15 16:07:16.657 [DEBUG] [thread-id 1] - Verify identifier: {//XCUIElementTypeStaticText[@name="WelcomeViewController.titleLabel"] | //XCUIElementTypeStaticText[@name="SignUpNudgeWelcomeViewController.titleLabel"]=[true]}
2022-12-15 16:07:26.667 [DEBUG] [thread-id 1] - conditionally execute a flow. condition: false
2022-12-15 16:07:26.851 [DEBUG] [thread-id 1] - Click element: '//XCUIElementTypeStaticText[@name="Continue"] | //XCUIElementTypeStaticText[@name="Next"] | //XCUIElementTypeStaticText[@name="Continue as guest"]'
2022-12-15 16:07:27.577 [DEBUG] [thread-id 1] - Verify identifier: {NotificationPermissionViewController.titleLabel=[true]}
2022-12-15 16:07:27.698 [DEBUG] [thread-id 1] - Click element: '//XCUIElementTypeStaticText[@name="Not now"] | //XCUIElementTypeButton[@name="cta.cancel.notifications"]'
2022-12-15 16:07:33.348 [DEBUG] [thread-id 1] - Verify identifier: {Share your location=[true]}
2022-12-15 16:07:33.391 [DEBUG] [thread-id 1] - Click element: 'Enter zip code'
2022-12-15 16:07:43.639 [DEBUG] [thread-id 1] - conditionally execute a flow. condition: false
2022-12-15 16:07:43.740 [DEBUG] [thread-id 1] - Observed personalizedScreen
2022-12-15 16:07:43.833 [DEBUG] [thread-id 1] - conditionally execute a flow. condition: true
2022-12-15 16:07:43.950 [DEBUG] [thread-id 1] - Click element: 'Continue'
2022-12-15 16:07:54.390 [DEBUG] [thread-id 1] - conditionally execute a flow. condition: true
2022-12-15 16:08:04.626 [DEBUG] [thread-id 1] - conditionally execute a flow. condition: true
2022-12-15 16:08:04.746 [DEBUG] [thread-id 1] - Click element: 'Continue'
2022-12-15 16:08:06.133 [DEBUG] [thread-id 1] - conditionally execute a flow. condition: true
2022-12-15 16:08:07.350 [DEBUG] [thread-id 1] - Click element: 'Allow'
2022-12-15 16:08:38.950 [DEBUG] [thread-id 1] - Executing function: 'us.functions.utils.tryAgainWhenThereIsError'
2022-12-15 16:08:38.968 [DEBUG] [thread-id 1] - loop: from 0 to 2
2022-12-15 16:08:39.126 [DEBUG] [thread-id 1] - 0
2022-12-15 16:08:49.486 [DEBUG] [thread-id 1] - conditionally execute a flow. condition: false
2022-12-15 16:08:49.645 [DEBUG] [thread-id 1] - Executing function: 'us.functions.onboarding.handleTechnicalErrorPage'
2022-12-15 16:08:49.645 [DEBUG] [thread-id 1] - sleep:  5000 milliseconds
2022-12-15 16:08:54.673 [DEBUG] [thread-id 1] - loop: from 0 to 4
2022-12-15 16:08:54.837 [DEBUG] [thread-id 1] - 0
2022-12-15 16:09:05.038 [DEBUG] [thread-id 1] - conditionally execute a flow. condition: false
2022-12-15 16:09:05.191 [DEBUG] [thread-id 1] - No Technical Error Page observed
2022-12-15 16:09:05.359 [DEBUG] [thread-id 1] - Executing function: 'us.functions.gic.collapseIfExpanded'
2022-12-15 16:09:05.528 [DEBUG] [thread-id 1] - conditionally execute a flow. condition: true
2022-12-15 16:09:05.833 [DEBUG] [thread-id 1] - Click element: '//*[contains(@label,"Expanded")]'
2022-12-15 16:09:06.019 [DEBUG] [thread-id 1] - Executing function: 'us.functions.home.navigateHomeToSignIn'
2022-12-15 16:09:06.529 [DEBUG] [thread-id 1] - Click element: 'Account'
2022-12-15 16:09:06.832 [DEBUG] [thread-id 1] - sleep:  3000 milliseconds
2022-12-15 16:09:10.317 [DEBUG] [thread-id 1] - Verify identifier: {//XCUIElementTypeButton[@name="Account.SignInButton"] | //XCUIElementTypeButton[@name="HeaderView.loginButton"] | //XCUIElementTypeButton[@label="SignInYourAccountTableViewCell.signInButton"] | //XCUIElementTypeButton[@label="Sign in"] | //XCUIElementTypeButton[@label="Sign in or create an account"]=[true]}
2022-12-15 16:09:10.318 [DEBUG] [thread-id 1] - loop: from 1 to 3
2022-12-15 16:09:10.929 [DEBUG] [thread-id 1] - conditionally execute a flow. condition: true
2022-12-15 16:09:11.549 [DEBUG] [thread-id 1] - Click element: '//XCUIElementTypeButton[@name="Account.SignInButton"] | //XCUIElementTypeButton[@name="HeaderView.loginButton"] | //XCUIElementTypeButton[@label="SignInYourAccountTableViewCell.signInButton"] | //XCUIElementTypeButton[@label="Sign in"] | //XCUIElementTypeButton[@label="Sign in or create an account"]'
2022-12-15 16:09:12.325 [DEBUG] [thread-id 1] - sleep:  3000 milliseconds
2022-12-15 16:09:15.873 [DEBUG] [thread-id 1] - conditionally execute a flow. condition: true
2022-12-15 16:09:16.174 [DEBUG] [thread-id 1] - Store in: store the value 'true' in the variable 'signInValidated'
2022-12-15 16:09:16.546 [DEBUG] [thread-id 1] - conditionally execute a flow. condition: true
2022-12-15 16:09:16.881 [DEBUG] [thread-id 1] - SignIn page loaded
2022-12-15 16:09:17.198 [DEBUG] [thread-id 1] - Store in: store the value 'false' in the variable 'signInValidated'
2022-12-15 16:09:17.207 [DEBUG] [thread-id 1] - Executing function: 'us.functions.global.authentication.signInAccount'
2022-12-15 16:09:17.211 [WARN] [thread-id 1] - variable validateSignInPage was used, but r2 could not find a value for this variable. returning default of null
2022-12-15 16:09:17.216 [DEBUG] [thread-id 1] - Executing function: 'us.functions.global.authentication.dismissSelectSavedPasswordDialog'
2022-12-15 16:09:27.607 [DEBUG] [thread-id 1] - Verify identifier: {//XCUIElementTypeTextField=[true]}
2022-12-15 16:09:27.845 [DEBUG] [thread-id 1] - Enter text: 'walp@gmail.com'
2022-12-15 16:09:31.198 [DEBUG] [thread-id 1] - loop: from 1 to 3
2022-12-15 16:09:32.243 [DEBUG] [thread-id 1] - sleep:  3000 milliseconds
2022-12-15 16:09:36.306 [DEBUG] [thread-id 1] - conditionally execute a flow. condition: true
2022-12-15 16:09:37.474 [DEBUG] [thread-id 1] - Click element: 'SignInView.ctaButton'
2022-12-15 16:09:40.448 [DEBUG] [thread-id 1] - conditionally execute a flow. condition: true
2022-12-15 16:09:41.465 [DEBUG] [thread-id 1] - Store in: store the value 'true' in the variable 'signInValidated'
2022-12-15 16:09:42.554 [DEBUG] [thread-id 1] - conditionally execute a flow. condition: true
2022-12-15 16:09:43.572 [DEBUG] [thread-id 1] - Store in: store the value 'false' in the variable 'signInValidated'
2022-12-15 16:09:44.589 [DEBUG] [thread-id 1] - Email entered
2022-12-15 16:09:44.602 [WARN] [thread-id 1] - variable validateSignInPage was used, but r2 could not find a value for this variable. returning default of null
2022-12-15 16:09:44.603 [DEBUG] [thread-id 1] - loop: from 1 to 3
2022-12-15 16:09:45.627 [DEBUG] [thread-id 1] - sleep:  2000 milliseconds
2022-12-15 16:09:48.975 [DEBUG] [thread-id 1] - conditionally execute a flow. condition: true
2022-12-15 16:09:50.321 [DEBUG] [thread-id 1] - Enter text: 'Testing@123'
2022-12-15 16:09:53.980 [DEBUG] [thread-id 1] - sleep:  1000 milliseconds
2022-12-15 16:09:56.741 [DEBUG] [thread-id 1] - Click element: '//XCUIElementTypeStaticText[@name="Sign in"] | //XCUIElementTypeButton[@label="Sign In" or @label="Sign in"] | //XCUIElementTypeButton[@name="OtpView.ctaButton"] | //XCUIElementTypeButton[@label="Sign in or create an account"]'
2022-12-15 16:09:58.121 [DEBUG] [thread-id 1] - sleep:  2000 milliseconds
2022-12-15 16:10:12.526 [DEBUG] [thread-id 1] - Hide keyboard: 'true'
2022-12-15 16:10:13.837 [DEBUG] [thread-id 1] - conditionally execute a flow. condition: true
2022-12-15 16:10:14.887 [DEBUG] [thread-id 1] - Store in: store the value 'true' in the variable 'signInValidated'
2022-12-15 16:10:15.952 [DEBUG] [thread-id 1] - conditionally execute a flow. condition: true
2022-12-15 16:10:16.984 [DEBUG] [thread-id 1] - Account signed in
2022-12-15 16:10:17.256 [DEBUG] [thread-id 1] - conditionally execute a flow. condition: true
2022-12-15 16:10:18.572 [DEBUG] [thread-id 1] - Click element: '//XCUIElementTypeButton[@name="Don’t Allow"] | //XCUIElementTypeButton[@name="Don’t Allow"]'
2022-12-15 16:10:19.210 [DEBUG] [thread-id 1] - Executing function: 'us.functions.utils.handleCartMergePopup'
2022-12-15 16:10:19.211 [DEBUG] [thread-id 1] - sleep:  7000 milliseconds
2022-12-15 16:10:26.225 [DEBUG] [thread-id 1] - loop: from 0 to 4
2022-12-15 16:10:27.074 [DEBUG] [thread-id 1] - 0
2022-12-15 16:10:38.858 [DEBUG] [thread-id 1] - conditionally execute a flow. condition: false
2022-12-15 16:10:39.611 [DEBUG] [thread-id 1] - No Technical Error Page observed
2022-12-15 16:10:40.369 [DEBUG] [thread-id 1] - Executing function: 'us.functions.global.navigation.accountToHome'
2022-12-15 16:10:40.941 [DEBUG] [thread-id 1] - Click element: '//XCUIElementTypeButton[@name="Shop"] |  //XCUIElementTypeButton[@name="Home"]'
2022-12-15 16:10:41.273 [DEBUG] [thread-id 1] - Executing function: 'us.functions.home.closeWPlusPromotionPopUpIfDisplayed'
2022-12-15 16:10:41.274 [DEBUG] [thread-id 1] - sleep:  5000 milliseconds
2022-12-15 16:10:46.871 [DEBUG] [thread-id 1] - conditionally execute a flow. condition: true
2022-12-15 16:10:48.158 [DEBUG] [thread-id 1] - Click element: '//XCUIElementTypeButton[@name="SplashPageViewController.closeButton" or contains(@label, "Close Walmart plus promotional pop up")] | //XCUIElementTypeNavigationBar[@name="WalmartPlus.SplashPageView"]/XCUIElementTypeButton|//XCUIElementTypeButton[@name="close"]'
2022-12-15 16:10:49.005 [DEBUG] [thread-id 1] - Verify identifier: {//XCUIElementTypeSearchField[@name="Search Walmart"] | //XCUIElementTypeOther[@name="Search Walmart"]/XCUIElementTypeOther | //XCUIElementTypeOther[@name="Search Walmart"]=[true]}
2022-12-15 16:10:49.005 [DEBUG] [thread-id 1] - Executing function: 'us.functions.home.rateDriverPopup'
2022-12-15 16:10:49.009 [DEBUG] [thread-id 1] - loop: from 1 to 6
2022-12-15 16:10:49.514 [DEBUG] [thread-id 1] - 1
2022-12-15 16:11:00.355 [DEBUG] [thread-id 1] - conditionally execute a flow. condition: false
2022-12-15 16:11:00.842 [DEBUG] [thread-id 1] - Executing function: 'us.functions.home.setStore'
2022-12-15 16:11:00.863 [DEBUG] [thread-id 1] - Executing function: 'us.functions.utils.getSearchableItem'
2022-12-15 16:11:00.867 [DEBUG] [thread-id 1] - Store in: store the value 'null' in the variable 'itemFetched'
2022-12-15 16:11:00.868 [DEBUG] [thread-id 1] - Store in: store the value 'null' in the variable 'deeplinkURL'
2022-12-15 16:11:00.872 [DEBUG] [thread-id 1] - conditionally execute a flow. condition: false
2022-12-15 16:11:01.375 [DEBUG] [thread-id 1] - Item fetched by Astro API
2022-12-15 16:11:01.870 [DEBUG] [thread-id 1] - Executing function: 'us.functions.utils.fetchAstroAvailableItem'
2022-12-15 16:11:01.875 [DEBUG] [thread-id 1] - Fetching Item available in stock using Astro API for Item type FC_DELIVERY
2022-12-15 16:11:01.878 [WARN] [thread-id 1] - variable storeId was used, but r2 could not find a value for this variable. returning default of null
2022-12-15 16:11:01.892 [DEBUG] [thread-id 1] - conditionally execute a flow. condition: true
2022-12-15 16:11:02.373 [DEBUG] [thread-id 1] - Store in: store the value '32144' in the variable 'storeId'
2022-12-15 16:11:02.387 [WARN] [thread-id 1] - variable itemStatusHeader was used, but r2 could not find a value for this variable. returning default of null
2022-12-15 16:11:02.393 [DEBUG] [thread-id 1] - conditionally execute a flow. condition: true
2022-12-15 16:11:02.869 [DEBUG] [thread-id 1] - Store in: store the value 'SUCCESS' in the variable 'itemStatusHeader'
2022-12-15 16:11:02.883 [DEBUG] [thread-id 1] - conditionally execute a flow. condition: true
2022-12-15 16:11:03.387 [DEBUG] [thread-id 1] - Store in: store the value 'nextgen' in the variable 'version'
2022-12-15 16:11:03.403 [DEBUG] [thread-id 1] - Store in: store the value 'null' in the variable 'itemDetails'
2022-12-15 16:11:03.911 [DEBUG] [thread-id 1] - conditionally execute a flow. condition: true
2022-12-15 16:11:04.383 [DEBUG] [thread-id 1] - NextGen API
2022-12-15 16:11:04.859 [DEBUG] [thread-id 1] - Call API: 'http://astro.walmart.com/api/v3/teflon/internal/getItemHealth/32144/FC_DELIVERY'
2022-12-15 16:11:10.356 [DEBUG] [thread-id 1] - Response code is: '200'. Response body is: '{"astroStatus":"SUCCESS","astroDescription":"Item Health details found in itemHealth Collection","astroDetails":[{"itemId":"1997114544","astroStatus":"SUCCESS","astroDescription":"FC_DELIVERY (1997114544), ORDER CREATED","orderType":"FC_DELIVERY","storeId":"32144","orderNumber":null,"eligiblePaths":[],"inEligiblePaths":[],"_id":"636578ea1578f257accfb429","__v":0,"createdAt":"2022-11-04T20:41:14.289Z","updatedAt":"2022-11-16T18:51:14.999Z"},{"itemId":"1957219003","astroStatus":"SUCCESS","astroDescription":"FC_DELIVERY (1957219003), ORDER CREATED","orderType":"FC_DELIVERY","storeId":"32144","orderNumber":null,"eligiblePaths":[],"inEligiblePaths":[],"_id":"636578eaf6ee0e3bf813a259","__v":0,"createdAt":"2022-11-04T20:41:14.559Z","updatedAt":"2022-11-16T18:51:15.092Z"},{"itemId":"1912173572","astroStatus":"SUCCESS","astroDescription":"FC_DELIVERY (1912173572), ORDER CREATED","orderType":"FC_DELIVERY","storeId":"32144","orderNumber":null,"eligiblePaths":[],"inEligiblePaths":[],"_id":"636578ea1578f257accfb42a","__v":0,"createdAt":"2022-11-04T20:41:14.595Z","updatedAt":"2022-11-16T18:51:15.047Z"}]}'
2022-12-15 16:11:10.875 [DEBUG] [thread-id 1] - conditionally execute a flow. condition: false
2022-12-15 16:11:11.367 [DEBUG] [thread-id 1] - SUCCESSFUL item fetched from astro API.
2022-12-15 16:11:11.858 [DEBUG] [thread-id 1] - loop: over '[{"itemId":"1997114544","astroStatus":"SUCCESS","astroDescription":"FC_DELIVERY (1997114544), ORDER CREATED","orderType":"FC_DELIVERY","storeId":"32144","orderNumber":null,"eligiblePaths":[],"inEligiblePaths":[],"_id":"636578ea1578f257accfb429","__v":0,"createdAt":"2022-11-04T20:41:14.289Z","updatedAt":"2022-11-16T18:51:14.999Z"},{"itemId":"1957219003","astroStatus":"SUCCESS","astroDescription":"FC_DELIVERY (1957219003), ORDER CREATED","orderType":"FC_DELIVERY","storeId":"32144","orderNumber":null,"eligiblePaths":[],"inEligiblePaths":[],"_id":"636578eaf6ee0e3bf813a259","__v":0,"createdAt":"2022-11-04T20:41:14.559Z","updatedAt":"2022-11-16T18:51:15.092Z"},{"itemId":"1912173572","astroStatus":"SUCCESS","astroDescription":"FC_DELIVERY (1912173572), ORDER CREATED","orderType":"FC_DELIVERY","storeId":"32144","orderNumber":null,"eligiblePaths":[],"inEligiblePaths":[],"_id":"636578ea1578f257accfb42a","__v":0,"createdAt":"2022-11-04T20:41:14.595Z","updatedAt":"2022-11-16T18:51:15.047Z"}]'
2022-12-15 16:11:12.343 [DEBUG] [thread-id 1] - Store in: store the value 'null' in the variable 'itemDetails'
2022-12-15 16:11:12.840 [DEBUG] [thread-id 1] - {"itemId":"1997114544","astroStatus":"SUCCESS","astroDescription":"FC_DELIVERY (1997114544), ORDER CREATED","orderType":"FC_DELIVERY","storeId":"32144","orderNumber":null,"eligiblePaths":[],"inEligiblePaths":[],"_id":"636578ea1578f257accfb429","__v":0,"createdAt":"2022-11-04T20:41:14.289Z","updatedAt":"2022-11-16T18:51:14.999Z"}
2022-12-15 16:11:13.344 [DEBUG] [thread-id 1] - Store in: store the value '1997114544' in the variable 'itemFetched'
2022-12-15 16:11:13.858 [DEBUG] [thread-id 1] - Store in: store the value 'SUCCESS' in the variable 'itemStatus'
2022-12-15 16:11:14.336 [WARN] [thread-id 1] - variable healthCheck was used, but r2 could not find a value for this variable. returning default of null
2022-12-15 16:11:14.816 [DEBUG] [thread-id 1] - conditionally execute a flow. condition: true
2022-12-15 16:11:15.293 [WARN] [thread-id 1] - variable skipForNext was used, but r2 could not find a value for this variable. returning default of null
2022-12-15 16:11:15.779 [WARN] [thread-id 1] - variable excludeFetchedItem was used, but r2 could not find a value for this variable. returning default of null
2022-12-15 16:11:15.780 [DEBUG] [thread-id 1] - conditionally execute a flow. condition: false
2022-12-15 16:11:16.258 [DEBUG] [thread-id 1] - Executing function: 'us.functions.utils.itemHealthCheck'
2022-12-15 16:11:16.259 [DEBUG] [thread-id 1] - Checking item eligibility before proceeding
2022-12-15 16:11:16.260 [DEBUG] [thread-id 1] - Store in: store the value 'false' in the variable 'itemEligiblity'
2022-12-15 16:11:16.261 [DEBUG] [thread-id 1] - Store in: store the value 'false' in the variable 'ignoreItem'
2022-12-15 16:11:16.262 [DEBUG] [thread-id 1] - loop: over '["158353031","669597065","446886409", "803629599", "888307914"]'
2022-12-15 16:11:18.676 [DEBUG] [thread-id 1] - conditionally execute a flow. condition: false
2022-12-15 16:11:19.156 [DEBUG] [thread-id 1] - conditionally execute a flow. condition: true
2022-12-15 16:11:20.110 [DEBUG] [thread-id 1] - Call API: 'http://astro.walmart.com/api/v2/teflon/itemHealthCheck?shippingNode=32144&orderType=FC_DELIVERY&itemId=1997114544'
2022-12-15 16:11:27.839 [DEBUG] [thread-id 1] - Response code is: '200'. Response body is: '{"status":"FAIL","offerId":"CF77632CDD1B41A386CFD14580D38F96","eligibility":{"orderType":"FC_DELIVERY","shipNode":"32144","preferredDeliveryRoute":{"nodeType":"FC","shipNode":"618501","carrierType":"GROUND"},"errors":{"IQS":["Error while invoking IQS API:IQS - CF77632CDD1B41A386CFD14580D38F96 offer query returned an incomplete reponse."],"MCSE":["NO_FULFILLMENT_DETAILS_FOUND"]},"isEligible":false}}'
2022-12-15 16:11:28.921 [DEBUG] [thread-id 1] - Store in: store the value 'null' in the variable 'itemDetails'
2022-12-15 16:11:29.405 [DEBUG] [thread-id 1] - {"itemId":"1957219003","astroStatus":"SUCCESS","astroDescription":"FC_DELIVERY (1957219003), ORDER CREATED","orderType":"FC_DELIVERY","storeId":"32144","orderNumber":null,"eligiblePaths":[],"inEligiblePaths":[],"_id":"636578eaf6ee0e3bf813a259","__v":0,"createdAt":"2022-11-04T20:41:14.559Z","updatedAt":"2022-11-16T18:51:15.092Z"}
2022-12-15 16:11:29.880 [DEBUG] [thread-id 1] - Store in: store the value '1957219003' in the variable 'itemFetched'
2022-12-15 16:11:30.356 [DEBUG] [thread-id 1] - Store in: store the value 'SUCCESS' in the variable 'itemStatus'
2022-12-15 16:11:30.831 [WARN] [thread-id 1] - variable healthCheck was used, but r2 could not find a value for this variable. returning default of null
2022-12-15 16:11:31.311 [DEBUG] [thread-id 1] - conditionally execute a flow. condition: true
2022-12-15 16:11:31.774 [WARN] [thread-id 1] - variable skipForNext was used, but r2 could not find a value for this variable. returning default of null
2022-12-15 16:11:32.256 [WARN] [thread-id 1] - variable excludeFetchedItem was used, but r2 could not find a value for this variable. returning default of null
2022-12-15 16:11:32.257 [DEBUG] [thread-id 1] - conditionally execute a flow. condition: false
2022-12-15 16:11:32.725 [DEBUG] [thread-id 1] - Checking item eligibility before proceeding
2022-12-15 16:11:32.725 [DEBUG] [thread-id 1] - Store in: store the value 'false' in the variable 'itemEligiblity'
2022-12-15 16:11:32.726 [DEBUG] [thread-id 1] - Store in: store the value 'false' in the variable 'ignoreItem'
2022-12-15 16:11:32.730 [DEBUG] [thread-id 1] - loop: over '["158353031","669597065","446886409", "803629599", "888307914"]'
2022-12-15 16:11:35.114 [DEBUG] [thread-id 1] - conditionally execute a flow. condition: false
2022-12-15 16:11:35.584 [DEBUG] [thread-id 1] - conditionally execute a flow. condition: true
2022-12-15 16:11:36.520 [DEBUG] [thread-id 1] - Call API: 'http://astro.walmart.com/api/v2/teflon/itemHealthCheck?shippingNode=32144&orderType=FC_DELIVERY&itemId=1957219003'
2022-12-15 16:11:44.254 [DEBUG] [thread-id 1] - Response code is: '200'. Response body is: '{"status":"FAIL","offerId":"DDD594A661864D60805888F9A3403886","eligibility":{"orderType":"FC_DELIVERY","shipNode":"32144","preferredDeliveryRoute":{"nodeType":"FC","shipNode":"618501","carrierType":"GROUND"},"errors":{"IQS":["Error while invoking IQS API:IQS - DDD594A661864D60805888F9A3403886 offer query returned an incomplete reponse."],"MCSE":["NO_FULFILLMENT_DETAILS_FOUND"]},"isEligible":false}}'
2022-12-15 16:11:45.291 [DEBUG] [thread-id 1] - Store in: store the value 'null' in the variable 'itemDetails'
2022-12-15 16:11:45.766 [DEBUG] [thread-id 1] - {"itemId":"1912173572","astroStatus":"SUCCESS","astroDescription":"FC_DELIVERY (1912173572), ORDER CREATED","orderType":"FC_DELIVERY","storeId":"32144","orderNumber":null,"eligiblePaths":[],"inEligiblePaths":[],"_id":"636578ea1578f257accfb42a","__v":0,"createdAt":"2022-11-04T20:41:14.595Z","updatedAt":"2022-11-16T18:51:15.047Z"}
2022-12-15 16:11:46.244 [DEBUG] [thread-id 1] - Store in: store the value '1912173572' in the variable 'itemFetched'
2022-12-15 16:11:46.723 [DEBUG] [thread-id 1] - Store in: store the value 'SUCCESS' in the variable 'itemStatus'
2022-12-15 16:11:47.208 [WARN] [thread-id 1] - variable healthCheck was used, but r2 could not find a value for this variable. returning default of null
2022-12-15 16:11:47.680 [DEBUG] [thread-id 1] - conditionally execute a flow. condition: true
2022-12-15 16:11:48.153 [WARN] [thread-id 1] - variable skipForNext was used, but r2 could not find a value for this variable. returning default of null
2022-12-15 16:11:48.632 [WARN] [thread-id 1] - variable excludeFetchedItem was used, but r2 could not find a value for this variable. returning default of null
2022-12-15 16:11:48.633 [DEBUG] [thread-id 1] - conditionally execute a flow. condition: false
2022-12-15 16:11:49.109 [DEBUG] [thread-id 1] - Checking item eligibility before proceeding
2022-12-15 16:11:49.109 [DEBUG] [thread-id 1] - Store in: store the value 'false' in the variable 'itemEligiblity'
2022-12-15 16:11:49.110 [DEBUG] [thread-id 1] - Store in: store the value 'false' in the variable 'ignoreItem'
2022-12-15 16:11:49.111 [DEBUG] [thread-id 1] - loop: over '["158353031","669597065","446886409", "803629599", "888307914"]'
2022-12-15 16:11:51.492 [DEBUG] [thread-id 1] - conditionally execute a flow. condition: false
2022-12-15 16:11:51.975 [DEBUG] [thread-id 1] - conditionally execute a flow. condition: true
2022-12-15 16:11:52.922 [DEBUG] [thread-id 1] - Call API: 'http://astro.walmart.com/api/v2/teflon/itemHealthCheck?shippingNode=32144&orderType=FC_DELIVERY&itemId=1912173572'
2022-12-15 16:11:58.574 [DEBUG] [thread-id 1] - Response code is: '200'. Response body is: '{"status":"FAIL","eligibility":{"orderType":"FC_DELIVERY","shipNode":"32144","isEligible":true}}'
2022-12-15 16:11:59.088 [DEBUG] [thread-id 1] - conditionally execute a flow. condition: true
2022-12-15 16:12:00.083 [DEBUG] [thread-id 1] - Stock available Item Id 1912173572 for type FC_DELIVERY
2022-12-15 16:12:00.568 [DEBUG] [thread-id 1] - Store in: store the value 'false' in the variable 'skipForNext'
2022-12-15 16:12:01.058 [DEBUG] [thread-id 1] - Store in: store the value 'false' in the variable 'excludeFetchedItem'
2022-12-15 16:12:01.070 [DEBUG] [thread-id 1] - Store in: store the value 'null' in the variable 'storeId'
2022-12-15 16:12:01.070 [DEBUG] [thread-id 1] - Store in: store the value 'null' in the variable 'itemStatusHeader'
2022-12-15 16:12:01.071 [DEBUG] [thread-id 1] - Store in: store the value 'false' in the variable 'healthCheck'
2022-12-15 16:12:01.071 [DEBUG] [thread-id 1] - Store in: store the value 'null' in the variable 'version'
2022-12-15 16:12:01.083 [DEBUG] [thread-id 1] - Store in: store the value 'null' in the variable 'backupItem'
2022-12-15 16:12:01.085 [DEBUG] [thread-id 1] - Store in: store the value 'null' in the variable 'source'
2022-12-15 16:12:01.089 [DEBUG] [thread-id 1] - Store in: store the value 'walmart://item/1912173572' in the variable 'deeplinkURl'
2022-12-15 16:12:01.091 [DEBUG] [thread-id 1] - Item:1912173572
2022-12-15 16:12:01.093 [DEBUG] [thread-id 1] - deeplinkURL:walmart://item/1912173572
2022-12-15 16:12:01.093 [DEBUG] [thread-id 1] - Executing function: 'us.functions.global.navigation.goToDeepLink'
2022-12-15 16:12:01.100 [DEBUG] [thread-id 1] - Verify value of: '$deepLinkUrl'
2022-12-15 16:12:01.103 [DEBUG] [thread-id 1] - Open link: 'walmart://item/1912173572'
2022-12-15 16:12:01.674 [DEBUG] [thread-id 1] - Executing function: 'us.functions.global.navigation.openDeepLink'
2022-12-15 16:12:12.693 [DEBUG] [thread-id 1] - Executing function: 'us.functions.utils.handleTechnicalErrorPopup'
2022-12-15 16:12:12.695 [DEBUG] [thread-id 1] - Store in: store the value 'false' in the variable 'errorRemoved'
2022-12-15 16:12:12.695 [DEBUG] [thread-id 1] - sleep:  10000 milliseconds
2022-12-15 16:12:22.710 [DEBUG] [thread-id 1] - loop: from 0 to 3
2022-12-15 16:12:23.802 [DEBUG] [thread-id 1] - 0
2022-12-15 16:12:35.039 [DEBUG] [thread-id 1] - conditionally execute a flow. condition: false
2022-12-15 16:12:36.136 [DEBUG] [thread-id 1] - Store in: store the value 'true' in the variable 'errorRemoved'
2022-12-15 16:12:37.192 [DEBUG] [thread-id 1] - No Technical Error Pop up observed
2022-12-15 16:12:38.260 [DEBUG] [thread-id 1] - Executing function: 'us.functions.item.addItemToCart'
2022-12-15 16:12:39.315 [DEBUG] [thread-id 1] - sleep:  2000 milliseconds
2022-12-15 16:12:46.140 [DEBUG] [thread-id 1] - Item wasn't Added initially, continuing with scenario
2022-12-15 16:12:56.198 [DEBUG] [thread-id 1] - conditionally execute a flow. condition: false
2022-12-15 16:13:07.606 [DEBUG] [thread-id 1] - Main failed: DATA_FAILURE - teflon ADD TO CART button not displayed
2022-12-15 16:13:08.699 [DEBUG] [thread-id 1] - Executing scenario: 'After'
2022-12-15 16:13:08.701 [DEBUG] [thread-id 1] - Executing function: 'us.functions.utils.afterSteps'
2022-12-15 16:13:08.703 [WARN] [thread-id 1] - variable testStatus was used, but r2 could not find a value for this variable. returning default of null
2022-12-15 16:13:08.704 [DEBUG] [thread-id 1] - conditionally execute a flow. condition: false
2022-12-15 16:13:09.761 [DEBUG] [thread-id 1] - Test failed
2022-12-15 16:13:10.838 [DEBUG] [thread-id 1] - Executing function: 'us.functions.utils.closeErrorAlertIfExists'
2022-12-15 16:13:27.412 [DEBUG] [thread-id 1] - Created report: /Users/m0k0a2f/glass-automation/report/index.html
2022-12-15 16:14:54.761 [DEBUG] [thread-id 1] - Executing R2 3.29.0: '/Users/m0k0a2f/glass-automation/./us/test/test-scripts/ios/golden-flows/multi-fulfillment-flows/PetRX-multi-fulfilment-Shipping-mixed-order.yaml' on device: 'iPhone 13'
2022-12-15 16:15:33.780 [DEBUG] [thread-id 1] - Executing scenario: 'Before'
2022-12-15 16:15:33.786 [DEBUG] [thread-id 1] - Execute before steps
2022-12-15 16:15:33.788 [DEBUG] [thread-id 1] - R2_SUBFLOW_PRE_TRANSACTION
2022-12-15 16:15:33.790 [DEBUG] [thread-id 1] - Executing function: 'us.functions.utils.astro.clearCart'
2022-12-15 16:15:33.893 [DEBUG] [thread-id 1] - Call API: 'http://astro.walmart.com/api/v2/teflon/customer/walp@gmail.com/clearcart'
2022-12-15 16:15:46.617 [DEBUG] [thread-id 1] - Response code is: '200'. Response body is: '{"astroStatus":"SUCCESS","astroDescription":"CART_CLEARED","astroDetails":{"dbSessionMap":{"CXO_CART_ST":"{\"mtoken\":\"1:14#147226319#2=157522036#8=72302311\"}"},"checkoutable":false,"cart":{"id":"83994d90-d44b-4948-ab70-e56b42c8256c","buyer":{"id":"70c68aba-a7ca-49ca-9daf-3eec75e8f609","type":"CUSTOMER"},"storeIds":[],"itemCount":0,"entityErrors":[],"shipping":{"id":"4094b0c2-a446-46d8-8769-df301d291f93","dbLockVersion":0,"dbSessionMap":{},"dbLockMap":{},"postalCode":"95122","city":"San Jose","state":"CA","countryCode":"USA","latitude":37.606689,"longitude":-122.426362,"isPOBox":false,"isAPOFPO":false},"currencyCode":"USD","preview":false,"tenantId":0,"verticalId":0,"checkoutableErrors":[],"intent":"PICKUP","pickupStore":{"city":"San Jose","stateOrProvinceCode":"CA","countryCode":"USA","postalCode":"95122","storeId":"32144","services":[]},"deliveryStore":{"city":"San Jose","stateOrProvinceCode":"CA","countryCode":"USA","postalCode":"95122","storeId":"32144","services":[]},"fulfillmentPlans":[],"accessPoints":[],"reservations":[],"isExplicitIntent":false,"hasGiftEligibleItem":false,"warnings":[],"restrictions":[]},"isOmniPromiseResponse":true}}'
2022-12-15 16:15:46.739 [DEBUG] [thread-id 1] - Cart cleared for walp@gmail.com
2022-12-15 16:15:46.866 [DEBUG] [thread-id 1] - Using us-errors-helpers.yaml
2022-12-15 16:15:46.971 [DEBUG] [thread-id 1] - Start Main
2022-12-15 16:15:46.974 [DEBUG] [thread-id 1] - Executing function: 'us.functions.global.onboarding.navigateOnboardingToHome'
2022-12-15 16:15:46.976 [DEBUG] [thread-id 1] - Executing function: 'us.function.utils.getEnvironmentValue'
2022-12-15 16:15:46.985 [DEBUG] [thread-id 1] - Store in: store the value 'teflon' in the variable 'env'
2022-12-15 16:15:47.111 [DEBUG] [thread-id 1] - Verify identifier: {//XCUIElementTypeStaticText[@name="WelcomeViewController.titleLabel"] | //XCUIElementTypeStaticText[@name="SignUpNudgeWelcomeViewController.titleLabel"]=[true]}
2022-12-15 16:15:57.167 [DEBUG] [thread-id 1] - conditionally execute a flow. condition: false
2022-12-15 16:15:57.365 [DEBUG] [thread-id 1] - Click element: '//XCUIElementTypeStaticText[@name="Continue"] | //XCUIElementTypeStaticText[@name="Next"] | //XCUIElementTypeStaticText[@name="Continue as guest"]'
2022-12-15 16:15:58.173 [DEBUG] [thread-id 1] - Verify identifier: {NotificationPermissionViewController.titleLabel=[true]}
2022-12-15 16:15:58.297 [DEBUG] [thread-id 1] - Click element: '//XCUIElementTypeStaticText[@name="Not now"] | //XCUIElementTypeButton[@name="cta.cancel.notifications"]'
2022-12-15 16:16:17.925 [DEBUG] [thread-id 1] - Verify identifier: {Share your location=[true]}
2022-12-15 16:16:17.967 [DEBUG] [thread-id 1] - Click element: 'Enter zip code'
2022-12-15 16:16:28.165 [DEBUG] [thread-id 1] - conditionally execute a flow. condition: false
2022-12-15 16:16:28.266 [DEBUG] [thread-id 1] - Observed personalizedScreen
2022-12-15 16:16:28.364 [DEBUG] [thread-id 1] - conditionally execute a flow. condition: true
2022-12-15 16:16:28.490 [DEBUG] [thread-id 1] - Click element: 'Continue'
2022-12-15 16:16:38.897 [DEBUG] [thread-id 1] - conditionally execute a flow. condition: true
2022-12-15 16:16:49.100 [DEBUG] [thread-id 1] - conditionally execute a flow. condition: true
2022-12-15 16:16:49.235 [DEBUG] [thread-id 1] - Click element: 'Continue'
2022-12-15 16:16:50.628 [DEBUG] [thread-id 1] - conditionally execute a flow. condition: true
2022-12-15 16:16:51.870 [DEBUG] [thread-id 1] - Click element: 'Allow'
2022-12-15 16:17:23.469 [DEBUG] [thread-id 1] - Executing function: 'us.functions.utils.tryAgainWhenThereIsError'
2022-12-15 16:17:23.484 [DEBUG] [thread-id 1] - loop: from 0 to 2
2022-12-15 16:17:23.663 [DEBUG] [thread-id 1] - 0
2022-12-15 16:17:33.930 [DEBUG] [thread-id 1] - conditionally execute a flow. condition: false
2022-12-15 16:17:34.096 [DEBUG] [thread-id 1] - Executing function: 'us.functions.onboarding.handleTechnicalErrorPage'
2022-12-15 16:17:34.096 [DEBUG] [thread-id 1] - sleep:  5000 milliseconds
2022-12-15 16:17:39.108 [DEBUG] [thread-id 1] - loop: from 0 to 4
2022-12-15 16:17:39.258 [DEBUG] [thread-id 1] - 0
2022-12-15 16:17:49.695 [DEBUG] [thread-id 1] - conditionally execute a flow. condition: false
2022-12-15 16:17:49.851 [DEBUG] [thread-id 1] - No Technical Error Page observed
2022-12-15 16:17:50.024 [DEBUG] [thread-id 1] - Executing function: 'us.functions.gic.collapseIfExpanded'
2022-12-15 16:17:50.200 [DEBUG] [thread-id 1] - conditionally execute a flow. condition: true
2022-12-15 16:17:50.537 [DEBUG] [thread-id 1] - Click element: '//*[contains(@label,"Expanded")]'
2022-12-15 16:17:50.733 [DEBUG] [thread-id 1] - Executing function: 'us.functions.home.navigateHomeToSignIn'
2022-12-15 16:17:51.260 [DEBUG] [thread-id 1] - Click element: 'Account'
2022-12-15 16:17:51.557 [DEBUG] [thread-id 1] - sleep:  3000 milliseconds
2022-12-15 16:17:55.079 [DEBUG] [thread-id 1] - Verify identifier: {//XCUIElementTypeButton[@name="Account.SignInButton"] | //XCUIElementTypeButton[@name="HeaderView.loginButton"] | //XCUIElementTypeButton[@label="SignInYourAccountTableViewCell.signInButton"] | //XCUIElementTypeButton[@label="Sign in"] | //XCUIElementTypeButton[@label="Sign in or create an account"]=[true]}
2022-12-15 16:17:55.079 [DEBUG] [thread-id 1] - loop: from 1 to 3
2022-12-15 16:17:55.771 [DEBUG] [thread-id 1] - conditionally execute a flow. condition: true
2022-12-15 16:17:56.452 [DEBUG] [thread-id 1] - Click element: '//XCUIElementTypeButton[@name="Account.SignInButton"] | //XCUIElementTypeButton[@name="HeaderView.loginButton"] | //XCUIElementTypeButton[@label="SignInYourAccountTableViewCell.signInButton"] | //XCUIElementTypeButton[@label="Sign in"] | //XCUIElementTypeButton[@label="Sign in or create an account"]'
2022-12-15 16:17:57.268 [DEBUG] [thread-id 1] - sleep:  3000 milliseconds
2022-12-15 16:18:00.848 [DEBUG] [thread-id 1] - conditionally execute a flow. condition: true
2022-12-15 16:18:01.170 [DEBUG] [thread-id 1] - Store in: store the value 'true' in the variable 'signInValidated'
2022-12-15 16:18:01.557 [DEBUG] [thread-id 1] - conditionally execute a flow. condition: true
2022-12-15 16:18:01.880 [DEBUG] [thread-id 1] - SignIn page loaded
2022-12-15 16:18:02.198 [DEBUG] [thread-id 1] - Store in: store the value 'false' in the variable 'signInValidated'
2022-12-15 16:18:02.205 [DEBUG] [thread-id 1] - Executing function: 'us.functions.global.authentication.signInAccount'
2022-12-15 16:18:02.213 [WARN] [thread-id 1] - variable validateSignInPage was used, but r2 could not find a value for this variable. returning default of null
2022-12-15 16:18:02.223 [DEBUG] [thread-id 1] - Executing function: 'us.functions.global.authentication.dismissSelectSavedPasswordDialog'
2022-12-15 16:18:12.951 [DEBUG] [thread-id 1] - Verify identifier: {//XCUIElementTypeTextField=[true]}
2022-12-15 16:18:13.226 [DEBUG] [thread-id 1] - Enter text: 'walp@gmail.com'
2022-12-15 16:18:16.603 [DEBUG] [thread-id 1] - loop: from 1 to 3
2022-12-15 16:18:17.671 [DEBUG] [thread-id 1] - sleep:  3000 milliseconds
2022-12-15 16:18:21.737 [DEBUG] [thread-id 1] - conditionally execute a flow. condition: true
2022-12-15 16:18:22.893 [DEBUG] [thread-id 1] - Click element: 'SignInView.ctaButton'
2022-12-15 16:18:24.707 [DEBUG] [thread-id 1] - conditionally execute a flow. condition: true
2022-12-15 16:18:25.651 [DEBUG] [thread-id 1] - Store in: store the value 'true' in the variable 'signInValidated'
2022-12-15 16:18:26.589 [DEBUG] [thread-id 1] - conditionally execute a flow. condition: true
2022-12-15 16:18:27.463 [DEBUG] [thread-id 1] - Store in: store the value 'false' in the variable 'signInValidated'
2022-12-15 16:18:28.342 [DEBUG] [thread-id 1] - Email entered
2022-12-15 16:18:28.354 [WARN] [thread-id 1] - variable validateSignInPage was used, but r2 could not find a value for this variable. returning default of null
2022-12-15 16:18:28.359 [DEBUG] [thread-id 1] - loop: from 1 to 3
2022-12-15 16:18:29.254 [DEBUG] [thread-id 1] - sleep:  2000 milliseconds
2022-12-15 16:18:32.445 [DEBUG] [thread-id 1] - conditionally execute a flow. condition: true
2022-12-15 16:18:33.642 [DEBUG] [thread-id 1] - Enter text: 'Testing@123'
2022-12-15 16:18:36.822 [DEBUG] [thread-id 1] - sleep:  1000 milliseconds
2022-12-15 16:18:39.039 [DEBUG] [thread-id 1] - Click element: '//XCUIElementTypeStaticText[@name="Sign in"] | //XCUIElementTypeButton[@label="Sign In" or @label="Sign in"] | //XCUIElementTypeButton[@name="OtpView.ctaButton"] | //XCUIElementTypeButton[@label="Sign in or create an account"]'
2022-12-15 16:18:39.963 [DEBUG] [thread-id 1] - sleep:  2000 milliseconds
2022-12-15 16:18:54.968 [DEBUG] [thread-id 1] - Hide keyboard: 'true'
2022-12-15 16:18:56.333 [DEBUG] [thread-id 1] - conditionally execute a flow. condition: true
2022-12-15 16:18:57.410 [DEBUG] [thread-id 1] - Store in: store the value 'true' in the variable 'signInValidated'
2022-12-15 16:18:58.501 [DEBUG] [thread-id 1] - conditionally execute a flow. condition: true
2022-12-15 16:18:59.570 [DEBUG] [thread-id 1] - Account signed in
2022-12-15 16:18:59.877 [DEBUG] [thread-id 1] - conditionally execute a flow. condition: true
2022-12-15 16:19:01.253 [DEBUG] [thread-id 1] - Click element: '//XCUIElementTypeButton[@name="Don’t Allow"] | //XCUIElementTypeButton[@name="Don’t Allow"]'
2022-12-15 16:19:01.877 [DEBUG] [thread-id 1] - Executing function: 'us.functions.utils.handleCartMergePopup'
2022-12-15 16:19:01.878 [DEBUG] [thread-id 1] - sleep:  7000 milliseconds
2022-12-15 16:19:08.896 [DEBUG] [thread-id 1] - loop: from 0 to 4
2022-12-15 16:19:09.799 [DEBUG] [thread-id 1] - 0
2022-12-15 16:19:20.796 [DEBUG] [thread-id 1] - conditionally execute a flow. condition: false
2022-12-15 16:19:21.546 [DEBUG] [thread-id 1] - No Technical Error Page observed
2022-12-15 16:19:22.292 [DEBUG] [thread-id 1] - Executing function: 'us.functions.global.navigation.accountToHome'
2022-12-15 16:19:22.859 [DEBUG] [thread-id 1] - Click element: '//XCUIElementTypeButton[@name="Shop"] |  //XCUIElementTypeButton[@name="Home"]'
2022-12-15 16:19:23.184 [DEBUG] [thread-id 1] - Executing function: 'us.functions.home.closeWPlusPromotionPopUpIfDisplayed'
2022-12-15 16:19:23.185 [DEBUG] [thread-id 1] - sleep:  5000 milliseconds
2022-12-15 16:19:28.785 [DEBUG] [thread-id 1] - conditionally execute a flow. condition: true
2022-12-15 16:19:29.992 [DEBUG] [thread-id 1] - Click element: '//XCUIElementTypeButton[@name="SplashPageViewController.closeButton" or contains(@label, "Close Walmart plus promotional pop up")] | //XCUIElementTypeNavigationBar[@name="WalmartPlus.SplashPageView"]/XCUIElementTypeButton|//XCUIElementTypeButton[@name="close"]'
2022-12-15 16:19:30.815 [DEBUG] [thread-id 1] - Verify identifier: {//XCUIElementTypeSearchField[@name="Search Walmart"] | //XCUIElementTypeOther[@name="Search Walmart"]/XCUIElementTypeOther | //XCUIElementTypeOther[@name="Search Walmart"]=[true]}
2022-12-15 16:19:30.816 [DEBUG] [thread-id 1] - Executing function: 'us.functions.home.rateDriverPopup'
2022-12-15 16:19:30.817 [DEBUG] [thread-id 1] - loop: from 1 to 6
2022-12-15 16:19:31.326 [DEBUG] [thread-id 1] - 1
2022-12-15 16:19:42.151 [DEBUG] [thread-id 1] - conditionally execute a flow. condition: false
2022-12-15 16:19:42.636 [DEBUG] [thread-id 1] - Executing function: 'us.functions.home.setStore'
2022-12-15 16:19:42.658 [DEBUG] [thread-id 1] - Executing function: 'us.functions.global.navigation.goToDeepLink'
2022-12-15 16:19:42.666 [DEBUG] [thread-id 1] - Verify value of: '$deepLinkUrl'
2022-12-15 16:19:42.667 [DEBUG] [thread-id 1] - Open link: 'walmart://ip/894010516'
2022-12-15 16:19:43.262 [DEBUG] [thread-id 1] - Executing function: 'us.functions.global.navigation.openDeepLink'
2022-12-15 16:19:53.931 [DEBUG] [thread-id 1] - Executing function: 'us.functions.utils.handleTechnicalErrorPopup'
2022-12-15 16:19:53.935 [DEBUG] [thread-id 1] - Store in: store the value 'false' in the variable 'errorRemoved'
2022-12-15 16:19:53.936 [DEBUG] [thread-id 1] - sleep:  10000 milliseconds
2022-12-15 16:20:03.964 [DEBUG] [thread-id 1] - loop: from 0 to 3
2022-12-15 16:20:05.017 [DEBUG] [thread-id 1] - 0
2022-12-15 16:20:17.546 [DEBUG] [thread-id 1] - conditionally execute a flow. condition: false
2022-12-15 16:20:18.621 [DEBUG] [thread-id 1] - Store in: store the value 'true' in the variable 'errorRemoved'
2022-12-15 16:20:19.688 [DEBUG] [thread-id 1] - No Technical Error Pop up observed
2022-12-15 16:20:20.730 [DEBUG] [thread-id 1] - Executing function: 'us.functions.item.petrxItem.verifyPresent'
2022-12-15 16:20:23.536 [DEBUG] [thread-id 1] - Verify identifier: {TitleView_productTitle=[true], //XCUIElementTypeStaticText[@name="PriceView_primaryProductPrice"]=[true], Prescription required=[true]}
2022-12-15 16:20:23.537 [DEBUG] [thread-id 1] - Scroll: down
2022-12-15 16:20:30.786 [DEBUG] [thread-id 1] - Verify identifier: {Pickup not available at Carrollton Pharmacy Check availability nearby=[true]}
2022-12-15 16:20:30.789 [DEBUG] [thread-id 1] - Executing function: 'us.functions.item.addItemToCart'
2022-12-15 16:20:31.768 [DEBUG] [thread-id 1] - sleep:  2000 milliseconds
2022-12-15 16:20:38.659 [DEBUG] [thread-id 1] - Item wasn't Added initially, continuing with scenario
2022-12-15 16:20:39.527 [DEBUG] [thread-id 1] - conditionally execute a flow. condition: true
2022-12-15 16:20:40.555 [DEBUG] [thread-id 1] - ATC button present
2022-12-15 16:20:41.520 [DEBUG] [thread-id 1] - Click element: '(//XCUIElementTypeButton[@name="stepper.mainButton"])[1] | //XCUIElementTypeOther[@name="stepper.addToCartButton"] | (//XCUIElementTypeOther[contains(@name,"GlassStepperView.inner")]) | //XCUIElementTypeButton[@name="stepper.mainButton"]'
2022-12-15 16:20:41.950 [DEBUG] [thread-id 1] - sleep:  3000 milliseconds
2022-12-15 16:20:56.215 [WARN] [thread-id 1] - variable closeButtonNotDisplayed was used, but r2 could not find a value for this variable. returning default of null
2022-12-15 16:20:56.217 [DEBUG] [thread-id 1] - conditionally execute a flow. condition: false
2022-12-15 16:20:57.245 [DEBUG] [thread-id 1] - Executing function: 'us.functions.item.handlePAC'
2022-12-15 16:20:57.246 [DEBUG] [thread-id 1] - sleep:  5000 milliseconds
2022-12-15 16:21:14.576 [DEBUG] [thread-id 1] - sleep:  1000 milliseconds
2022-12-15 16:21:16.583 [WARN] [thread-id 1] - variable qty was used, but r2 could not find a value for this variable. returning default of null
2022-12-15 16:21:16.585 [WARN] [thread-id 1] - variable qty was used, but r2 could not find a value for this variable. returning default of null
2022-12-15 16:21:17.387 [DEBUG] [thread-id 1] - Verify identifier: {//XCUIElementTypeStaticText[@name="1 added"]| //XCUIElementTypeOther[@name="add-to-cart-button"] | //XCUIElementTypeStaticText[@label="null"] | Max 1=[true]}
2022-12-15 16:21:33.878 [DEBUG] [thread-id 1] - Click element: 'ItemDetailsViewController_itemDetailCloseButton'
2022-12-15 16:21:35.594 [DEBUG] [thread-id 1] - Verify identifier: {TitleView_productTitle=[true]}
2022-12-15 16:21:35.597 [DEBUG] [thread-id 1] - sleep:  3000 milliseconds
2022-12-15 16:21:38.604 [DEBUG] [thread-id 1] - Verify identifier: {Your cart is empty=[true]}
2022-12-15 16:21:38.604 [DEBUG] [thread-id 1] - Store in: store the value 'false' in the variable 'closeButtonNotDisplayed'
2022-12-15 16:21:38.607 [DEBUG] [thread-id 1] - R2_SUBFLOW_TRANSACTION
2022-12-15 16:21:38.617 [DEBUG] [thread-id 1] - Executing function: 'us.functions.global.navigation.toCartFromNavBar'
2022-12-15 16:21:39.081 [DEBUG] [thread-id 1] - Verify identifier: {//XCUIElementTypeNavigationBar[@name="Shop"]/XCUIElementTypeButton | //XCUIElementTypeButton[contains(@label, "Your cart")] | //XCUIElementTypeButton[(@name="SearchResultsViewController.cartButton") or (contains(@label,"Your cart contains") and contains(@label,"The estimated total is")) or (@label="Your cart is empty")]=[true]}
2022-12-15 16:21:39.549 [DEBUG] [thread-id 1] - Click element: '//XCUIElementTypeNavigationBar[@name="Shop"]/XCUIElementTypeButton | //XCUIElementTypeButton[contains(@label, "Your cart")] | //XCUIElementTypeButton[(@name="SearchResultsViewController.cartButton") or (contains(@label,"Your cart contains") and contains(@label,"The estimated total is")) or (@label="Your cart is empty")]'
2022-12-15 16:21:41.437 [DEBUG] [thread-id 1] - Verify identifier: {Cart=[true]}
2022-12-15 16:21:41.437 [DEBUG] [thread-id 1] - Executing function: 'us.functions.utils.handleTechnicalErrorPageInCart'
2022-12-15 16:21:41.437 [DEBUG] [thread-id 1] - sleep:  15000 milliseconds
2022-12-15 16:21:56.443 [DEBUG] [thread-id 1] - Store in: store the value 'false' in the variable 'cartPageLoaded'
2022-12-15 16:21:56.450 [DEBUG] [thread-id 1] - loop: from 0 to 7
2022-12-15 16:21:57.240 [DEBUG] [thread-id 1] - 0
2022-12-15 16:21:57.865 [DEBUG] [thread-id 1] - conditionally execute a flow. condition: true
2022-12-15 16:21:58.947 [DEBUG] [thread-id 1] - conditionally execute a flow. condition: true
2022-12-15 16:21:59.594 [DEBUG] [thread-id 1] - Store in: store the value 'true' in the variable 'cartPageLoaded'
2022-12-15 16:22:10.483 [DEBUG] [thread-id 1] - conditionally execute a flow. condition: false
2022-12-15 16:22:11.627 [DEBUG] [thread-id 1] - conditionally execute a flow. condition: true
2022-12-15 16:22:12.251 [DEBUG] [thread-id 1] - Store in: store the value 'true' in the variable 'cartPageLoaded'
2022-12-15 16:22:12.897 [DEBUG] [thread-id 1] - conditionally execute a flow. condition: false
2022-12-15 16:22:13.503 [DEBUG] [thread-id 1] - conditionally execute a flow. condition: true
2022-12-15 16:22:14.105 [DEBUG] [thread-id 1] - Cart page loaded successfully
2022-12-15 16:22:14.118 [DEBUG] [thread-id 1] - Executing function: 'us.functions.cart.verifyCardDetails'
2022-12-15 16:22:14.119 [DEBUG] [thread-id 1] - Executing function: 'us.functions.utils.getFulfillmentTextsToCompare'
2022-12-15 16:22:14.126 [DEBUG] [thread-id 1] - conditionally execute a flow. condition: true
2022-12-15 16:22:14.731 [DEBUG] [thread-id 1] - Store in: store the value 'shipping' in the variable 'altFulfillmentText'
2022-12-15 16:22:14.742 [DEBUG] [thread-id 1] - -------Validate Shipping cart details function start-------
2022-12-15 16:22:14.743 [WARN] [thread-id 1] - variable initialCartDataSetup was used, but r2 could not find a value for this variable. returning default of null
2022-12-15 16:22:14.761 [DEBUG] [thread-id 1] - conditionally execute a flow. condition: true
2022-12-15 16:22:15.369 [DEBUG] [thread-id 1] - sleep:  5000 milliseconds
2022-12-15 16:22:20.997 [DEBUG] [thread-id 1] - conditionally execute a flow. condition: true
2022-12-15 16:22:21.605 [DEBUG] [thread-id 1] - Cart page displayed
2022-12-15 16:22:22.229 [WARN] [thread-id 1] - variable validationScope was used, but r2 could not find a value for this variable. returning default of null
2022-12-15 16:22:22.849 [DEBUG] [thread-id 1] - Store in: store the value 'complete' in the variable 'initialCartDataSetup'
2022-12-15 16:22:24.035 [DEBUG] [thread-id 1] - Verify identifier: {//XCUIElementTypeStaticText[@name="FulfillmentSummaryView.titlePrefixLabel" and (contains(@label,"Shipping") or contains(@label,"shipping"))]=[true]}
2022-12-15 16:22:24.051 [WARN] [thread-id 1] - variable validationScope was used, but r2 could not find a value for this variable. returning default of null
2022-12-15 16:22:24.052 [DEBUG] [thread-id 1] - conditionally execute a flow. condition: false
2022-12-15 16:22:24.706 [DEBUG] [thread-id 1] - Basic Shipping fulfillment section validation done
2022-12-15 16:22:24.721 [WARN] [thread-id 1] - variable unscheduled was used, but r2 could not find a value for this variable. returning default of null
2022-12-15 16:22:24.723 [WARN] [thread-id 1] - variable partialCheckout was used, but r2 could not find a value for this variable. returning default of null
2022-12-15 16:22:24.728 [DEBUG] [thread-id 1] - Store in: store the value 'null' in the variable 'altFulfillmentText'
2022-12-15 16:22:24.733 [DEBUG] [thread-id 1] - Store in: store the value 'null' in the variable 'validationScope'
2022-12-15 16:22:24.736 [DEBUG] [thread-id 1] - Store in: store the value 'false' in the variable 'unscheduled'
2022-12-15 16:22:24.738 [DEBUG] [thread-id 1] - Store in: store the value 'false' in the variable 'partialCheckout'
2022-12-15 16:22:24.740 [DEBUG] [thread-id 1] - -------Validate Shipping cart details function end-------
2022-12-15 16:22:24.744 [DEBUG] [thread-id 1] - Executing function: 'us.functions.cart.continueToCheckout'
2022-12-15 16:22:25.237 [DEBUG] [thread-id 1] - Verify identifier: {//XCUIElementTypeStaticText[@name="Continue to checkout"] | //XCUIElementTypeStaticText[@name="Checkout all items"]=[true]}
2022-12-15 16:22:32.746 [DEBUG] [thread-id 1] - Click element: '//XCUIElementTypeStaticText[@name="Continue to checkout"] | //XCUIElementTypeStaticText[@name="Checkout all items"]'
2022-12-15 16:22:33.051 [DEBUG] [thread-id 1] - sleep:  3000 milliseconds
2022-12-15 16:22:36.078 [DEBUG] [thread-id 1] - Executing function: 'us.functions.home.closeWPlusPromotionPopUpIfDisplayed'
2022-12-15 16:22:36.081 [DEBUG] [thread-id 1] - sleep:  5000 milliseconds
2022-12-15 16:22:42.013 [DEBUG] [thread-id 1] - conditionally execute a flow. condition: true
2022-12-15 16:22:43.777 [DEBUG] [thread-id 1] - Click element: '//XCUIElementTypeButton[@name="SplashPageViewController.closeButton" or contains(@label, "Close Walmart plus promotional pop up")] | //XCUIElementTypeNavigationBar[@name="WalmartPlus.SplashPageView"]/XCUIElementTypeButton|//XCUIElementTypeButton[@name="close"]'
2022-12-15 16:23:05.352 [DEBUG] [thread-id 1] - Executing function: 'us.functions.utils.handleTechnicalErrorPopup'
2022-12-15 16:23:05.352 [DEBUG] [thread-id 1] - Store in: store the value 'false' in the variable 'errorRemoved'
2022-12-15 16:23:05.353 [DEBUG] [thread-id 1] - sleep:  10000 milliseconds
2022-12-15 16:23:15.360 [DEBUG] [thread-id 1] - loop: from 0 to 3
2022-12-15 16:23:16.131 [DEBUG] [thread-id 1] - 0
2022-12-15 16:23:27.460 [DEBUG] [thread-id 1] - conditionally execute a flow. condition: false
2022-12-15 16:23:28.250 [DEBUG] [thread-id 1] - Store in: store the value 'true' in the variable 'errorRemoved'
2022-12-15 16:23:29.008 [DEBUG] [thread-id 1] - No Technical Error Pop up observed
2022-12-15 16:23:30.206 [DEBUG] [thread-id 1] - conditionally execute a flow. condition: true
2022-12-15 16:23:30.988 [DEBUG] [thread-id 1] - Clicked on Checkout button successfully
2022-12-15 16:23:30.999 [DEBUG] [thread-id 1] - Executing function: 'us.functions.checkout.AddPetVet'
2022-12-15 16:23:31.000 [DEBUG] [thread-id 1] - Scroll: down
2022-12-15 16:23:33.188 [DEBUG] [thread-id 1] - conditionally execute a flow. condition: true
2022-12-15 16:23:34.055 [DEBUG] [thread-id 1] - Click element: 'PetRxFulfillmentView.addPetVetButton'
2022-12-15 16:23:34.495 [DEBUG] [thread-id 1] - Executing function: 'us.functions.checkout.SelectPetVet'
2022-12-15 16:23:55.281 [DEBUG] [thread-id 1] - Main failed: Is not present: 'Pet * Select a pet'
2022-12-15 16:23:55.575 [DEBUG] [thread-id 1] - Executing scenario: 'After'
2022-12-15 16:23:55.591 [DEBUG] [thread-id 1] - Executing function: 'us.functions.utils.afterSteps'
2022-12-15 16:23:55.598 [WARN] [thread-id 1] - variable testStatus was used, but r2 could not find a value for this variable. returning default of null
2022-12-15 16:23:55.599 [DEBUG] [thread-id 1] - conditionally execute a flow. condition: false
2022-12-15 16:23:55.881 [DEBUG] [thread-id 1] - Test failed
2022-12-15 16:23:56.168 [DEBUG] [thread-id 1] - Executing function: 'us.functions.utils.closeErrorAlertIfExists'
2022-12-15 16:24:12.236 [DEBUG] [thread-id 1] - Created report: /Users/m0k0a2f/glass-automation/report/index.html
2022-12-15 16:47:39.811 [DEBUG] [thread-id 1] - Executing R2 3.29.0: '/Users/m0k0a2f/glass-automation/./us/test/test-scripts/ios/golden-flows/multi-fulfillment-flows/PetRX-multi-fulfilment-Shipping-mixed-order.yaml' on device: 'iPhone 13'
2022-12-15 16:48:32.035 [DEBUG] [thread-id 1] - Executing scenario: 'Before'
2022-12-15 16:48:32.044 [DEBUG] [thread-id 1] - Execute before steps
2022-12-15 16:48:32.049 [DEBUG] [thread-id 1] - R2_SUBFLOW_PRE_TRANSACTION
2022-12-15 16:48:32.054 [DEBUG] [thread-id 1] - Executing function: 'us.functions.utils.astro.clearCart'
2022-12-15 16:48:32.175 [DEBUG] [thread-id 1] - Call API: 'http://astro.walmart.com/api/v2/teflon/customer/walp@gmail.com/clearcart'
2022-12-15 16:48:46.186 [DEBUG] [thread-id 1] - Response code is: '200'. Response body is: '{"astroStatus":"SUCCESS","astroDescription":"CART_CLEARED","astroDetails":{"dbSessionMap":{"CXO_CART_ST":"{\"mtoken\":\"1:14#147235131#2=157531949#8=72314378\"}"},"checkoutable":false,"cart":{"id":"83994d90-d44b-4948-ab70-e56b42c8256c","buyer":{"id":"70c68aba-a7ca-49ca-9daf-3eec75e8f609","type":"CUSTOMER"},"storeIds":[],"itemCount":0,"entityErrors":[],"shipping":{"id":"6f3ff3d4-6628-45ea-8065-cac384fbd5b9","dbLockVersion":0,"dbSessionMap":{},"dbLockMap":{},"postalCode":"95122","city":"San Jose","state":"CA","countryCode":"USA","latitude":37.606689,"longitude":-122.426362,"isPOBox":false,"isAPOFPO":false},"currencyCode":"USD","preview":false,"tenantId":0,"verticalId":0,"checkoutableErrors":[],"intent":"PICKUP","pickupStore":{"city":"San Jose","stateOrProvinceCode":"CA","countryCode":"USA","postalCode":"95122","storeId":"32144","services":[]},"deliveryStore":{"city":"San Jose","stateOrProvinceCode":"CA","countryCode":"USA","postalCode":"95122","storeId":"32144","services":[]},"mpStores":[],"fulfillmentPlans":[],"accessPoints":[{"id":"f681d48a-7be4-43ea-8e10-229a1f00db37","name":"32144 - Home Delivery","storeId":32144,"fulfillmentType":"DELIVERY","fulfillmentOption":"DELIVERY","supportedTimeZone":"US/Pacific","locationInstruction":"[{\"type\":\"CHECKIN_DEFAULT\",\"value\":\"<div> <p> In order to protect the safety of our customers & associates, we've temporarily moved to a no-contact pickup in store process. </p> <br /> <br /><b>Please bring your government-issued ID</b><br /> <ol> <li>Check in with the app to let us know you're on the way.</li> <li> Park in a designated pickup spot, stay in your vehicle and keep your windows rolled up. </li> <li> A Walmart associate will request access to your trunk or back seat, then they'll load your order. </li> <li>You're all set! The associate will sign for the order.</li> </ol> </div>\"},{\"type\":\"EMAIL_DEFAULT\",\"value\":\"<div> <p> In order to protect the safety of our customers & associates, we've temporarily moved to a no-contact pickup in store process. </p> <br /> <br /><b>Please bring your government-issued ID</b><br /> <ol> <li>Check in with the app to let us know you're on the way.</li> <li> Park in a designated pickup spot, stay in your vehicle and keep your windows rolled up. </li> <li> A Walmart associate will request access to your trunk or back seat, then they'll load your order. </li> <li>You're all set! The associate will sign for the order.</li> </ol> </div>\"}]","isStoreEbtEligible":false,"allowAlcohol":false,"restrictions":[],"accessType":"DELIVERY_ADDRESS","storeCategory":"Supercenter","nodeType":"STORE","allowBagFee":true,"isBagFeeMandatory":false,"address":{"postalCode":"95122","addressLineOne":"777 Story Rd","city":"San Jose","state":"CA","addressTypeName":"OFFICE","isPOBox":false,"countryCode":"USA"}},{"id":"6168c2e3-fc36-4827-98e6-d717d10af1d6","name":"Walmart San Jose Store #32144","storeId":32144,"fulfillmentType":"INSTORE_PICKUP","fulfillmentOption":"PICKUP","supportedTimeZone":"US/Pacific","locationInstruction":"[{\"type\":\"CHECKIN_DEFAULT\",\"value\":\"<div> <p> In order to protect the safety of our customers & associates, we've temporarily moved to a no-contact pickup in store process or curbside. </p> <br /> <br /><b>Please bring your government-issued ID</b><br /> <ol> <li>Check in with the app to let us know you're on the way.</li> <li> Park in a designated pickup spot, stay in your vehicle and keep your windows rolled up. </li> <li> A Walmart associate will request access to your trunk or back seat, then they'll load your order. </li> <li>You're all set! The associate will sign for the order.</li> </ol> </div>\"},{\"type\":\"EMAIL_DEFAULT\",\"value\":\"NA\"},{\"type\":\"CHECKIN_1\",\"value\":\"Next, tell us when you’ve parked. Park by the pickup sign and enter your parking info so we can find you faster.\"}]","isStoreEbtEligible":true,"allowAlcohol":true,"restrictions":[],"accessType":"PICKUP_CURBSIDE","storeCategory":"Supercenter","nodeType":"STORE","allowBagFee":true,"isBagFeeMandatory":false,"address":{"postalCode":"95122","addressLineOne":"777 Story Rd","city":"San Jose","state":"CA","addressTypeName":"OFFICE","isPOBox":false,"countryCode":"USA"}}],"reservations":[],"isExplicitIntent":false,"hasGiftEligibleItem":false,"warnings":[],"restrictions":[]},"isOmniPromiseResponse":true}}'
2022-12-15 16:48:46.314 [DEBUG] [thread-id 1] - Cart cleared for walp@gmail.com
2022-12-15 16:48:46.415 [DEBUG] [thread-id 1] - Using us-errors-helpers.yaml
2022-12-15 16:48:46.512 [DEBUG] [thread-id 1] - Start Main
2022-12-15 16:48:46.515 [DEBUG] [thread-id 1] - Executing function: 'us.functions.global.onboarding.navigateOnboardingToHome'
2022-12-15 16:48:46.517 [DEBUG] [thread-id 1] - Executing function: 'us.function.utils.getEnvironmentValue'
2022-12-15 16:48:46.538 [DEBUG] [thread-id 1] - Store in: store the value 'teflon' in the variable 'env'
2022-12-15 16:48:46.658 [DEBUG] [thread-id 1] - Verify identifier: {//XCUIElementTypeStaticText[@name="WelcomeViewController.titleLabel"] | //XCUIElementTypeStaticText[@name="SignUpNudgeWelcomeViewController.titleLabel"]=[true]}
2022-12-15 16:48:56.728 [DEBUG] [thread-id 1] - conditionally execute a flow. condition: false
2022-12-15 16:48:56.904 [DEBUG] [thread-id 1] - Click element: '//XCUIElementTypeStaticText[@name="Continue"] | //XCUIElementTypeStaticText[@name="Next"] | //XCUIElementTypeStaticText[@name="Continue as guest"]'
2022-12-15 16:48:57.661 [DEBUG] [thread-id 1] - Verify identifier: {NotificationPermissionViewController.titleLabel=[true]}
2022-12-15 16:48:57.781 [DEBUG] [thread-id 1] - Click element: '//XCUIElementTypeStaticText[@name="Not now"] | //XCUIElementTypeButton[@name="cta.cancel.notifications"]'
2022-12-15 16:49:08.631 [DEBUG] [thread-id 1] - Verify identifier: {Share your location=[true]}
2022-12-15 16:49:08.667 [DEBUG] [thread-id 1] - Click element: 'Enter zip code'
2022-12-15 16:49:09.158 [DEBUG] [thread-id 1] - conditionally execute a flow. condition: true
2022-12-15 16:49:09.390 [DEBUG] [thread-id 1] - Enter text: '95122'
2022-12-15 16:49:21.757 [DEBUG] [thread-id 1] - Click element: '//XCUIElementTypeStaticText[@name="Search"]'
2022-12-15 16:49:23.716 [DEBUG] [thread-id 1] - conditionally execute a flow. condition: true
2022-12-15 16:49:34.325 [DEBUG] [thread-id 1] - conditionally execute a flow. condition: true
2022-12-15 16:49:34.511 [DEBUG] [thread-id 1] - Click element: 'Continue'
2022-12-15 16:49:35.736 [DEBUG] [thread-id 1] - conditionally execute a flow. condition: true
2022-12-15 16:49:36.799 [DEBUG] [thread-id 1] - Click element: 'Allow'
2022-12-15 16:50:08.987 [DEBUG] [thread-id 1] - Executing function: 'us.functions.utils.tryAgainWhenThereIsError'
2022-12-15 16:50:09.003 [DEBUG] [thread-id 1] - loop: from 0 to 2
2022-12-15 16:50:09.309 [DEBUG] [thread-id 1] - 0
2022-12-15 16:50:19.961 [DEBUG] [thread-id 1] - conditionally execute a flow. condition: false
2022-12-15 16:50:20.273 [DEBUG] [thread-id 1] - Executing function: 'us.functions.onboarding.handleTechnicalErrorPage'
2022-12-15 16:50:20.274 [DEBUG] [thread-id 1] - sleep:  5000 milliseconds
2022-12-15 16:50:25.303 [DEBUG] [thread-id 1] - loop: from 0 to 4
2022-12-15 16:50:25.609 [DEBUG] [thread-id 1] - 0
2022-12-15 16:50:36.040 [DEBUG] [thread-id 1] - conditionally execute a flow. condition: false
2022-12-15 16:50:36.339 [DEBUG] [thread-id 1] - No Technical Error Page observed
2022-12-15 16:50:36.660 [DEBUG] [thread-id 1] - Executing function: 'us.functions.gic.collapseIfExpanded'
2022-12-15 16:50:36.848 [DEBUG] [thread-id 1] - conditionally execute a flow. condition: true
2022-12-15 16:50:37.332 [DEBUG] [thread-id 1] - Click element: '//*[contains(@label,"Expanded")]'
2022-12-15 16:50:37.536 [DEBUG] [thread-id 1] - Executing function: 'us.functions.home.navigateHomeToSignIn'
2022-12-15 16:50:38.272 [DEBUG] [thread-id 1] - Click element: 'Account'
2022-12-15 16:50:38.602 [DEBUG] [thread-id 1] - sleep:  3000 milliseconds
2022-12-15 16:50:42.121 [DEBUG] [thread-id 1] - Verify identifier: {//XCUIElementTypeButton[@name="Account.SignInButton"] | //XCUIElementTypeButton[@name="HeaderView.loginButton"] | //XCUIElementTypeButton[@label="SignInYourAccountTableViewCell.signInButton"] | //XCUIElementTypeButton[@label="Sign in"] | //XCUIElementTypeButton[@label="Sign in or create an account"]=[true]}
2022-12-15 16:50:42.123 [DEBUG] [thread-id 1] - loop: from 1 to 3
2022-12-15 16:50:43.034 [DEBUG] [thread-id 1] - conditionally execute a flow. condition: true
2022-12-15 16:50:43.947 [DEBUG] [thread-id 1] - Click element: '//XCUIElementTypeButton[@name="Account.SignInButton"] | //XCUIElementTypeButton[@name="HeaderView.loginButton"] | //XCUIElementTypeButton[@label="SignInYourAccountTableViewCell.signInButton"] | //XCUIElementTypeButton[@label="Sign in"] | //XCUIElementTypeButton[@label="Sign in or create an account"]'
2022-12-15 16:50:44.974 [DEBUG] [thread-id 1] - sleep:  3000 milliseconds
2022-12-15 16:50:48.811 [DEBUG] [thread-id 1] - conditionally execute a flow. condition: true
2022-12-15 16:50:49.385 [DEBUG] [thread-id 1] - Store in: store the value 'true' in the variable 'signInValidated'
2022-12-15 16:50:50.043 [DEBUG] [thread-id 1] - conditionally execute a flow. condition: true
2022-12-15 16:50:50.648 [DEBUG] [thread-id 1] - SignIn page loaded
2022-12-15 16:50:51.230 [DEBUG] [thread-id 1] - Store in: store the value 'false' in the variable 'signInValidated'
2022-12-15 16:50:51.238 [DEBUG] [thread-id 1] - Executing function: 'us.functions.global.authentication.signInAccount'
2022-12-15 16:50:51.244 [WARN] [thread-id 1] - variable validateSignInPage was used, but r2 could not find a value for this variable. returning default of null
2022-12-15 16:50:51.247 [DEBUG] [thread-id 1] - Executing function: 'us.functions.global.authentication.dismissSelectSavedPasswordDialog'
2022-12-15 16:51:01.855 [DEBUG] [thread-id 1] - Verify identifier: {//XCUIElementTypeTextField=[true]}
2022-12-15 16:51:02.095 [DEBUG] [thread-id 1] - Enter text: 'walp@gmail.com'
2022-12-15 16:51:05.399 [DEBUG] [thread-id 1] - loop: from 1 to 3
2022-12-15 16:51:06.449 [DEBUG] [thread-id 1] - sleep:  3000 milliseconds
2022-12-15 16:51:10.533 [DEBUG] [thread-id 1] - conditionally execute a flow. condition: true
2022-12-15 16:51:11.690 [DEBUG] [thread-id 1] - Click element: 'SignInView.ctaButton'
2022-12-15 16:51:14.736 [DEBUG] [thread-id 1] - conditionally execute a flow. condition: true
2022-12-15 16:51:15.798 [DEBUG] [thread-id 1] - Store in: store the value 'true' in the variable 'signInValidated'
2022-12-15 16:51:16.853 [DEBUG] [thread-id 1] - conditionally execute a flow. condition: true
2022-12-15 16:51:17.871 [DEBUG] [thread-id 1] - Store in: store the value 'false' in the variable 'signInValidated'
2022-12-15 16:51:18.915 [DEBUG] [thread-id 1] - Email entered
2022-12-15 16:51:18.927 [WARN] [thread-id 1] - variable validateSignInPage was used, but r2 could not find a value for this variable. returning default of null
2022-12-15 16:51:18.928 [DEBUG] [thread-id 1] - loop: from 1 to 3
2022-12-15 16:51:19.965 [DEBUG] [thread-id 1] - sleep:  2000 milliseconds
2022-12-15 16:51:23.358 [DEBUG] [thread-id 1] - conditionally execute a flow. condition: true
2022-12-15 16:51:24.715 [DEBUG] [thread-id 1] - Enter text: 'Testing@123'
2022-12-15 16:51:28.385 [DEBUG] [thread-id 1] - sleep:  1000 milliseconds
2022-12-15 16:51:31.221 [DEBUG] [thread-id 1] - Click element: '//XCUIElementTypeStaticText[@name="Sign in"] | //XCUIElementTypeButton[@label="Sign In" or @label="Sign in"] | //XCUIElementTypeButton[@name="OtpView.ctaButton"] | //XCUIElementTypeButton[@label="Sign in or create an account"]'
2022-12-15 16:51:32.665 [DEBUG] [thread-id 1] - sleep:  2000 milliseconds
2022-12-15 16:51:47.460 [DEBUG] [thread-id 1] - Hide keyboard: 'true'
2022-12-15 16:51:48.754 [DEBUG] [thread-id 1] - conditionally execute a flow. condition: true
2022-12-15 16:51:49.768 [DEBUG] [thread-id 1] - Store in: store the value 'true' in the variable 'signInValidated'
2022-12-15 16:51:50.809 [DEBUG] [thread-id 1] - conditionally execute a flow. condition: true
2022-12-15 16:51:51.816 [DEBUG] [thread-id 1] - Account signed in
2022-12-15 16:51:52.082 [DEBUG] [thread-id 1] - conditionally execute a flow. condition: true
2022-12-15 16:51:53.383 [DEBUG] [thread-id 1] - Click element: '//XCUIElementTypeButton[@name="Don’t Allow"] | //XCUIElementTypeButton[@name="Don’t Allow"]'
2022-12-15 16:51:54.020 [DEBUG] [thread-id 1] - Executing function: 'us.functions.utils.handleCartMergePopup'
2022-12-15 16:51:54.021 [DEBUG] [thread-id 1] - sleep:  7000 milliseconds
2022-12-15 16:52:01.032 [DEBUG] [thread-id 1] - loop: from 0 to 4
2022-12-15 16:52:01.894 [DEBUG] [thread-id 1] - 0
2022-12-15 16:52:13.378 [DEBUG] [thread-id 1] - conditionally execute a flow. condition: false
2022-12-15 16:52:14.100 [DEBUG] [thread-id 1] - No Technical Error Page observed
2022-12-15 16:52:14.841 [DEBUG] [thread-id 1] - Executing function: 'us.functions.global.navigation.accountToHome'
2022-12-15 16:52:15.366 [DEBUG] [thread-id 1] - Click element: '//XCUIElementTypeButton[@name="Shop"] |  //XCUIElementTypeButton[@name="Home"]'
2022-12-15 16:52:15.695 [DEBUG] [thread-id 1] - Executing function: 'us.functions.home.closeWPlusPromotionPopUpIfDisplayed'
2022-12-15 16:52:15.697 [DEBUG] [thread-id 1] - sleep:  5000 milliseconds
2022-12-15 16:52:21.248 [DEBUG] [thread-id 1] - conditionally execute a flow. condition: true
2022-12-15 16:52:22.440 [DEBUG] [thread-id 1] - Click element: '//XCUIElementTypeButton[@name="SplashPageViewController.closeButton" or contains(@label, "Close Walmart plus promotional pop up")] | //XCUIElementTypeNavigationBar[@name="WalmartPlus.SplashPageView"]/XCUIElementTypeButton|//XCUIElementTypeButton[@name="close"]'
2022-12-15 16:52:23.249 [DEBUG] [thread-id 1] - Verify identifier: {//XCUIElementTypeSearchField[@name="Search Walmart"] | //XCUIElementTypeOther[@name="Search Walmart"]/XCUIElementTypeOther | //XCUIElementTypeOther[@name="Search Walmart"]=[true]}
2022-12-15 16:52:23.249 [DEBUG] [thread-id 1] - Executing function: 'us.functions.home.rateDriverPopup'
2022-12-15 16:52:23.251 [DEBUG] [thread-id 1] - loop: from 1 to 6
2022-12-15 16:52:23.738 [DEBUG] [thread-id 1] - 1
2022-12-15 16:52:34.485 [DEBUG] [thread-id 1] - conditionally execute a flow. condition: false
2022-12-15 16:52:34.970 [DEBUG] [thread-id 1] - Executing function: 'us.functions.home.setStore'
2022-12-15 16:52:35.008 [DEBUG] [thread-id 1] - Executing function: 'us.functions.global.navigation.goToDeepLink'
2022-12-15 16:52:35.017 [DEBUG] [thread-id 1] - Verify value of: '$deepLinkUrl'
2022-12-15 16:52:35.020 [DEBUG] [thread-id 1] - Open link: 'walmart://ip/894010516'
2022-12-15 16:52:35.739 [DEBUG] [thread-id 1] - Executing function: 'us.functions.global.navigation.openDeepLink'
2022-12-15 16:52:46.508 [DEBUG] [thread-id 1] - Executing function: 'us.functions.utils.handleTechnicalErrorPopup'
2022-12-15 16:52:46.510 [DEBUG] [thread-id 1] - Store in: store the value 'false' in the variable 'errorRemoved'
2022-12-15 16:52:46.510 [DEBUG] [thread-id 1] - sleep:  10000 milliseconds
2022-12-15 16:52:56.519 [DEBUG] [thread-id 1] - loop: from 0 to 3
2022-12-15 16:52:57.583 [DEBUG] [thread-id 1] - 0
2022-12-15 16:53:09.319 [DEBUG] [thread-id 1] - conditionally execute a flow. condition: false
2022-12-15 16:53:10.344 [DEBUG] [thread-id 1] - Store in: store the value 'true' in the variable 'errorRemoved'
2022-12-15 16:53:11.369 [DEBUG] [thread-id 1] - No Technical Error Pop up observed
2022-12-15 16:53:12.417 [DEBUG] [thread-id 1] - Executing function: 'us.functions.item.petrxItem.verifyPresent'
2022-12-15 16:53:14.973 [DEBUG] [thread-id 1] - Verify identifier: {TitleView_productTitle=[true], //XCUIElementTypeStaticText[@name="PriceView_primaryProductPrice"]=[true], Prescription required=[true]}
2022-12-15 16:53:14.973 [DEBUG] [thread-id 1] - Scroll: down
2022-12-15 16:55:23.476 [DEBUG] [thread-id 1] - Main failed: Is not present: 'Pickup not available at Carrollton Pharmacy Check availability nearby'
2022-12-15 16:55:24.534 [DEBUG] [thread-id 1] - Executing scenario: 'After'
2022-12-15 16:55:24.547 [DEBUG] [thread-id 1] - Executing function: 'us.functions.utils.afterSteps'
2022-12-15 16:55:24.558 [WARN] [thread-id 1] - variable testStatus was used, but r2 could not find a value for this variable. returning default of null
2022-12-15 16:55:24.562 [DEBUG] [thread-id 1] - conditionally execute a flow. condition: false
2022-12-15 16:55:25.581 [DEBUG] [thread-id 1] - Test failed
2022-12-15 16:55:26.612 [DEBUG] [thread-id 1] - Executing function: 'us.functions.utils.closeErrorAlertIfExists'
2022-12-15 16:55:42.592 [DEBUG] [thread-id 1] - Created report: /Users/m0k0a2f/glass-automation/report/index.html
2022-12-15 17:19:02.869 [DEBUG] [thread-id 1] - Executing R2 3.29.0: '/Users/m0k0a2f/glass-automation/./us/test/test-scripts/ios/golden-flows/multi-fulfillment-flows/PetRX-multi-fulfilment-Shipping-mixed-order.yaml' on device: 'iPhone 13'
2022-12-15 17:19:46.341 [DEBUG] [thread-id 1] - Executing scenario: 'Before'
2022-12-15 17:19:46.347 [DEBUG] [thread-id 1] - Execute before steps
2022-12-15 17:19:46.348 [DEBUG] [thread-id 1] - R2_SUBFLOW_PRE_TRANSACTION
2022-12-15 17:19:46.350 [DEBUG] [thread-id 1] - Executing function: 'us.functions.utils.astro.clearCart'
2022-12-15 17:19:46.460 [DEBUG] [thread-id 1] - Call API: 'http://astro.walmart.com/api/v2/teflon/customer/walp@gmail.com/clearcart'
2022-12-15 17:19:59.259 [DEBUG] [thread-id 1] - Response code is: '200'. Response body is: '{"astroStatus":"SUCCESS","astroDescription":"CART_CLEARED","astroDetails":{"dbSessionMap":{"CXO_CART_ST":"{\"mtoken\":\"1:14#147238700#2=157536152#8=72318471\"}"},"checkoutable":false,"cart":{"id":"83994d90-d44b-4948-ab70-e56b42c8256c","buyer":{"id":"70c68aba-a7ca-49ca-9daf-3eec75e8f609","type":"CUSTOMER"},"storeIds":[],"itemCount":0,"entityErrors":[],"shipping":{"id":"54b6470b-7992-4935-b64c-31e19716ede6","dbLockVersion":0,"dbSessionMap":{},"dbLockMap":{},"postalCode":"95122","city":"San Jose","state":"CA","countryCode":"USA","latitude":37.606689,"longitude":-122.426362,"isPOBox":false,"isAPOFPO":false},"currencyCode":"USD","preview":false,"tenantId":0,"verticalId":0,"checkoutableErrors":[],"intent":"PICKUP","pickupStore":{"city":"San Jose","stateOrProvinceCode":"CA","countryCode":"USA","postalCode":"95122","storeId":"32144","services":[]},"deliveryStore":{"city":"San Jose","stateOrProvinceCode":"CA","countryCode":"USA","postalCode":"95122","storeId":"32144","services":[]},"fulfillmentPlans":[],"accessPoints":[{"id":"6168c2e3-fc36-4827-98e6-d717d10af1d6","name":"Walmart San Jose Store #32144","storeId":32144,"fulfillmentType":"INSTORE_PICKUP","fulfillmentOption":"PICKUP","supportedTimeZone":"US/Pacific","locationInstruction":"[{\"type\":\"CHECKIN_DEFAULT\",\"value\":\"<div> <p> In order to protect the safety of our customers & associates, we've temporarily moved to a no-contact pickup in store process or curbside. </p> <br /> <br /><b>Please bring your government-issued ID</b><br /> <ol> <li>Check in with the app to let us know you're on the way.</li> <li> Park in a designated pickup spot, stay in your vehicle and keep your windows rolled up. </li> <li> A Walmart associate will request access to your trunk or back seat, then they'll load your order. </li> <li>You're all set! The associate will sign for the order.</li> </ol> </div>\"},{\"type\":\"EMAIL_DEFAULT\",\"value\":\"NA\"},{\"type\":\"CHECKIN_1\",\"value\":\"Next, tell us when you’ve parked. Park by the pickup sign and enter your parking info so we can find you faster.\"}]","isStoreEbtEligible":true,"allowAlcohol":true,"restrictions":[],"accessType":"PICKUP_CURBSIDE","storeCategory":"Supercenter","nodeType":"STORE","allowBagFee":true,"isBagFeeMandatory":false,"address":{"postalCode":"95122","addressLineOne":"777 Story Rd","city":"San Jose","state":"CA","addressTypeName":"OFFICE","isPOBox":false,"countryCode":"USA"}}],"reservations":[],"isExplicitIntent":false,"hasGiftEligibleItem":false,"warnings":[],"restrictions":[]},"isOmniPromiseResponse":true}}'
2022-12-15 17:19:59.408 [DEBUG] [thread-id 1] - Cart cleared for walp@gmail.com
2022-12-15 17:19:59.512 [DEBUG] [thread-id 1] - Using us-errors-helpers.yaml
2022-12-15 17:19:59.599 [DEBUG] [thread-id 1] - Start Main
2022-12-15 17:19:59.604 [DEBUG] [thread-id 1] - Executing function: 'us.functions.global.onboarding.navigateOnboardingToHome'
2022-12-15 17:19:59.607 [DEBUG] [thread-id 1] - Executing function: 'us.function.utils.getEnvironmentValue'
2022-12-15 17:19:59.615 [DEBUG] [thread-id 1] - Store in: store the value 'teflon' in the variable 'env'
2022-12-15 17:19:59.747 [DEBUG] [thread-id 1] - Verify identifier: {//XCUIElementTypeStaticText[@name="WelcomeViewController.titleLabel"] | //XCUIElementTypeStaticText[@name="SignUpNudgeWelcomeViewController.titleLabel"]=[true]}
2022-12-15 17:20:09.762 [DEBUG] [thread-id 1] - conditionally execute a flow. condition: false
2022-12-15 17:20:09.960 [DEBUG] [thread-id 1] - Click element: '//XCUIElementTypeStaticText[@name="Continue"] | //XCUIElementTypeStaticText[@name="Next"] | //XCUIElementTypeStaticText[@name="Continue as guest"]'
2022-12-15 17:20:10.724 [DEBUG] [thread-id 1] - Verify identifier: {NotificationPermissionViewController.titleLabel=[true]}
2022-12-15 17:20:10.846 [DEBUG] [thread-id 1] - Click element: '//XCUIElementTypeStaticText[@name="Not now"] | //XCUIElementTypeButton[@name="cta.cancel.notifications"]'
2022-12-15 17:20:19.972 [DEBUG] [thread-id 1] - Verify identifier: {Share your location=[true]}
2022-12-15 17:20:20.032 [DEBUG] [thread-id 1] - Click element: 'Enter zip code'
2022-12-15 17:20:23.102 [DEBUG] [thread-id 1] - conditionally execute a flow. condition: true
2022-12-15 17:20:23.337 [DEBUG] [thread-id 1] - Enter text: '95122'
2022-12-15 17:20:35.884 [DEBUG] [thread-id 1] - Click element: '//XCUIElementTypeStaticText[@name="Search"]'
2022-12-15 17:20:37.470 [DEBUG] [thread-id 1] - conditionally execute a flow. condition: true
2022-12-15 17:20:48.088 [DEBUG] [thread-id 1] - conditionally execute a flow. condition: true
2022-12-15 17:20:48.288 [DEBUG] [thread-id 1] - Click element: 'Continue'
2022-12-15 17:20:49.687 [DEBUG] [thread-id 1] - conditionally execute a flow. condition: true
2022-12-15 17:20:50.822 [DEBUG] [thread-id 1] - Click element: 'Allow'
2022-12-15 17:21:22.773 [DEBUG] [thread-id 1] - Executing function: 'us.functions.utils.tryAgainWhenThereIsError'
2022-12-15 17:21:22.788 [DEBUG] [thread-id 1] - loop: from 0 to 2
2022-12-15 17:21:23.086 [DEBUG] [thread-id 1] - 0
2022-12-15 17:21:33.628 [DEBUG] [thread-id 1] - conditionally execute a flow. condition: false
2022-12-15 17:21:33.939 [DEBUG] [thread-id 1] - Executing function: 'us.functions.onboarding.handleTechnicalErrorPage'
2022-12-15 17:21:33.940 [DEBUG] [thread-id 1] - sleep:  5000 milliseconds
2022-12-15 17:21:38.972 [DEBUG] [thread-id 1] - loop: from 0 to 4
2022-12-15 17:21:39.336 [DEBUG] [thread-id 1] - 0
2022-12-15 17:21:49.682 [DEBUG] [thread-id 1] - conditionally execute a flow. condition: false
2022-12-15 17:21:50.008 [DEBUG] [thread-id 1] - No Technical Error Page observed
2022-12-15 17:21:50.351 [DEBUG] [thread-id 1] - Executing function: 'us.functions.gic.collapseIfExpanded'
2022-12-15 17:21:50.557 [DEBUG] [thread-id 1] - conditionally execute a flow. condition: true
2022-12-15 17:21:51.035 [DEBUG] [thread-id 1] - Click element: '//*[contains(@label,"Expanded")]'
2022-12-15 17:21:51.239 [DEBUG] [thread-id 1] - Executing function: 'us.functions.home.navigateHomeToSignIn'
2022-12-15 17:21:52.017 [DEBUG] [thread-id 1] - Click element: 'Account'
2022-12-15 17:21:52.347 [DEBUG] [thread-id 1] - sleep:  3000 milliseconds
2022-12-15 17:21:55.869 [DEBUG] [thread-id 1] - Verify identifier: {//XCUIElementTypeButton[@name="Account.SignInButton"] | //XCUIElementTypeButton[@name="HeaderView.loginButton"] | //XCUIElementTypeButton[@label="SignInYourAccountTableViewCell.signInButton"] | //XCUIElementTypeButton[@label="Sign in"] | //XCUIElementTypeButton[@label="Sign in or create an account"]=[true]}
2022-12-15 17:21:55.871 [DEBUG] [thread-id 1] - loop: from 1 to 3
2022-12-15 17:21:56.795 [DEBUG] [thread-id 1] - conditionally execute a flow. condition: true
2022-12-15 17:21:57.674 [DEBUG] [thread-id 1] - Click element: '//XCUIElementTypeButton[@name="Account.SignInButton"] | //XCUIElementTypeButton[@name="HeaderView.loginButton"] | //XCUIElementTypeButton[@label="SignInYourAccountTableViewCell.signInButton"] | //XCUIElementTypeButton[@label="Sign in"] | //XCUIElementTypeButton[@label="Sign in or create an account"]'
2022-12-15 17:21:58.757 [DEBUG] [thread-id 1] - sleep:  3000 milliseconds
2022-12-15 17:22:02.610 [DEBUG] [thread-id 1] - conditionally execute a flow. condition: true
2022-12-15 17:22:03.183 [DEBUG] [thread-id 1] - Store in: store the value 'true' in the variable 'signInValidated'
2022-12-15 17:22:03.837 [DEBUG] [thread-id 1] - conditionally execute a flow. condition: true
2022-12-15 17:22:04.448 [DEBUG] [thread-id 1] - SignIn page loaded
2022-12-15 17:22:05.053 [DEBUG] [thread-id 1] - Store in: store the value 'false' in the variable 'signInValidated'
2022-12-15 17:22:05.069 [DEBUG] [thread-id 1] - Executing function: 'us.functions.global.authentication.signInAccount'
2022-12-15 17:22:05.091 [WARN] [thread-id 1] - variable validateSignInPage was used, but r2 could not find a value for this variable. returning default of null
2022-12-15 17:22:05.101 [DEBUG] [thread-id 1] - Executing function: 'us.functions.global.authentication.dismissSelectSavedPasswordDialog'
2022-12-15 17:22:16.005 [DEBUG] [thread-id 1] - Verify identifier: {//XCUIElementTypeTextField=[true]}
2022-12-15 17:22:16.245 [DEBUG] [thread-id 1] - Enter text: 'walp@gmail.com'
2022-12-15 17:22:19.580 [DEBUG] [thread-id 1] - loop: from 1 to 3
2022-12-15 17:22:20.659 [DEBUG] [thread-id 1] - sleep:  3000 milliseconds
2022-12-15 17:22:24.776 [DEBUG] [thread-id 1] - conditionally execute a flow. condition: true
2022-12-15 17:22:26.067 [DEBUG] [thread-id 1] - Click element: 'SignInView.ctaButton'
2022-12-15 17:22:27.965 [DEBUG] [thread-id 1] - conditionally execute a flow. condition: true
2022-12-15 17:22:29.080 [DEBUG] [thread-id 1] - Store in: store the value 'true' in the variable 'signInValidated'
2022-12-15 17:22:30.155 [DEBUG] [thread-id 1] - conditionally execute a flow. condition: true
2022-12-15 17:22:31.221 [DEBUG] [thread-id 1] - Store in: store the value 'false' in the variable 'signInValidated'
2022-12-15 17:22:32.271 [DEBUG] [thread-id 1] - Email entered
2022-12-15 17:22:32.291 [WARN] [thread-id 1] - variable validateSignInPage was used, but r2 could not find a value for this variable. returning default of null
2022-12-15 17:22:32.295 [DEBUG] [thread-id 1] - loop: from 1 to 3
2022-12-15 17:22:33.363 [DEBUG] [thread-id 1] - sleep:  2000 milliseconds
2022-12-15 17:22:36.782 [DEBUG] [thread-id 1] - conditionally execute a flow. condition: true
2022-12-15 17:22:38.166 [DEBUG] [thread-id 1] - Enter text: 'Testing@123'
2022-12-15 17:22:42.013 [DEBUG] [thread-id 1] - sleep:  1000 milliseconds
2022-12-15 17:22:44.834 [DEBUG] [thread-id 1] - Click element: '//XCUIElementTypeStaticText[@name="Sign in"] | //XCUIElementTypeButton[@label="Sign In" or @label="Sign in"] | //XCUIElementTypeButton[@name="OtpView.ctaButton"] | //XCUIElementTypeButton[@label="Sign in or create an account"]'
2022-12-15 17:22:46.271 [DEBUG] [thread-id 1] - sleep:  2000 milliseconds
2022-12-15 17:23:01.585 [DEBUG] [thread-id 1] - Hide keyboard: 'true'
2022-12-15 17:23:02.900 [DEBUG] [thread-id 1] - conditionally execute a flow. condition: true
2022-12-15 17:23:03.951 [DEBUG] [thread-id 1] - Store in: store the value 'true' in the variable 'signInValidated'
2022-12-15 17:23:05.016 [DEBUG] [thread-id 1] - conditionally execute a flow. condition: true
2022-12-15 17:23:06.079 [DEBUG] [thread-id 1] - Account signed in
2022-12-15 17:23:06.349 [DEBUG] [thread-id 1] - conditionally execute a flow. condition: true
2022-12-15 17:23:07.640 [DEBUG] [thread-id 1] - Click element: '//XCUIElementTypeButton[@name="Don’t Allow"] | //XCUIElementTypeButton[@name="Don’t Allow"]'
2022-12-15 17:23:08.284 [DEBUG] [thread-id 1] - Executing function: 'us.functions.utils.handleCartMergePopup'
2022-12-15 17:23:08.286 [DEBUG] [thread-id 1] - sleep:  7000 milliseconds
2022-12-15 17:23:15.309 [DEBUG] [thread-id 1] - loop: from 0 to 4
2022-12-15 17:23:16.211 [DEBUG] [thread-id 1] - 0
2022-12-15 17:23:27.749 [DEBUG] [thread-id 1] - conditionally execute a flow. condition: false
2022-12-15 17:23:28.468 [DEBUG] [thread-id 1] - No Technical Error Page observed
2022-12-15 17:23:29.186 [DEBUG] [thread-id 1] - Executing function: 'us.functions.global.navigation.accountToHome'
2022-12-15 17:23:29.706 [DEBUG] [thread-id 1] - Click element: '//XCUIElementTypeButton[@name="Shop"] |  //XCUIElementTypeButton[@name="Home"]'
2022-12-15 17:23:30.030 [DEBUG] [thread-id 1] - Executing function: 'us.functions.home.closeWPlusPromotionPopUpIfDisplayed'
2022-12-15 17:23:30.030 [DEBUG] [thread-id 1] - sleep:  5000 milliseconds
2022-12-15 17:23:35.643 [DEBUG] [thread-id 1] - conditionally execute a flow. condition: true
2022-12-15 17:23:36.830 [DEBUG] [thread-id 1] - Click element: '//XCUIElementTypeButton[@name="SplashPageViewController.closeButton" or contains(@label, "Close Walmart plus promotional pop up")] | //XCUIElementTypeNavigationBar[@name="WalmartPlus.SplashPageView"]/XCUIElementTypeButton|//XCUIElementTypeButton[@name="close"]'
2022-12-15 17:23:37.659 [DEBUG] [thread-id 1] - Verify identifier: {//XCUIElementTypeSearchField[@name="Search Walmart"] | //XCUIElementTypeOther[@name="Search Walmart"]/XCUIElementTypeOther | //XCUIElementTypeOther[@name="Search Walmart"]=[true]}
2022-12-15 17:23:37.660 [DEBUG] [thread-id 1] - Executing function: 'us.functions.home.rateDriverPopup'
2022-12-15 17:23:37.662 [DEBUG] [thread-id 1] - loop: from 1 to 6
2022-12-15 17:23:38.163 [DEBUG] [thread-id 1] - 1
2022-12-15 17:23:48.716 [DEBUG] [thread-id 1] - conditionally execute a flow. condition: false
2022-12-15 17:23:49.211 [DEBUG] [thread-id 1] - Executing function: 'us.functions.home.setStore'
2022-12-15 17:23:49.238 [DEBUG] [thread-id 1] - Executing function: 'us.functions.global.navigation.goToDeepLink'
2022-12-15 17:23:49.241 [DEBUG] [thread-id 1] - Verify value of: '$deepLinkUrl'
2022-12-15 17:23:49.242 [DEBUG] [thread-id 1] - Open link: 'walmart://ip/894010516'
2022-12-15 17:23:50.599 [DEBUG] [thread-id 1] - Executing function: 'us.functions.global.navigation.openDeepLink'
2022-12-15 17:24:01.484 [DEBUG] [thread-id 1] - Executing function: 'us.functions.utils.handleTechnicalErrorPopup'
2022-12-15 17:24:01.487 [DEBUG] [thread-id 1] - Store in: store the value 'false' in the variable 'errorRemoved'
2022-12-15 17:24:01.487 [DEBUG] [thread-id 1] - sleep:  10000 milliseconds
2022-12-15 17:24:11.510 [DEBUG] [thread-id 1] - loop: from 0 to 3
2022-12-15 17:24:12.557 [DEBUG] [thread-id 1] - 0
2022-12-15 17:24:24.277 [DEBUG] [thread-id 1] - conditionally execute a flow. condition: false
2022-12-15 17:24:25.314 [DEBUG] [thread-id 1] - Store in: store the value 'true' in the variable 'errorRemoved'
2022-12-15 17:24:26.357 [DEBUG] [thread-id 1] - No Technical Error Pop up observed
2022-12-15 17:24:27.419 [DEBUG] [thread-id 1] - Executing function: 'us.functions.item.petrxItem.verifyPresent'
2022-12-15 17:24:30.024 [DEBUG] [thread-id 1] - Verify identifier: {TitleView_productTitle=[true], //XCUIElementTypeStaticText[@name="PriceView_primaryProductPrice"]=[true], Prescription required=[true]}
2022-12-15 17:24:30.025 [DEBUG] [thread-id 1] - Scroll: down
2022-12-15 17:26:06.673 [DEBUG] [thread-id 1] - Main failed: Is not present: 'Pickup not available at Carrollton Pharmacy Check availability nearby'
2022-12-15 17:26:07.094 [DEBUG] [thread-id 1] - Executing scenario: 'After'
2022-12-15 17:26:07.109 [DEBUG] [thread-id 1] - Executing function: 'us.functions.utils.afterSteps'
2022-12-15 17:26:07.121 [WARN] [thread-id 1] - variable testStatus was used, but r2 could not find a value for this variable. returning default of null
2022-12-15 17:26:07.128 [DEBUG] [thread-id 1] - conditionally execute a flow. condition: false
2022-12-15 17:26:07.492 [DEBUG] [thread-id 1] - Test failed
2022-12-15 17:26:07.869 [DEBUG] [thread-id 1] - Executing function: 'us.functions.utils.closeErrorAlertIfExists'
2022-12-15 17:26:26.126 [DEBUG] [thread-id 1] - Created report: /Users/m0k0a2f/glass-automation/report/index.html
2022-12-15 17:42:58.273 [DEBUG] [thread-id 1] - Executing R2 3.29.0: '/Users/m0k0a2f/glass-automation/./us/test/test-scripts/ios/golden-flows/multi-fulfillment-flows/PetRX-multi-fulfilment-Shipping-mixed-order.yaml' on device: 'iPhone 13'
2022-12-15 17:43:41.627 [DEBUG] [thread-id 1] - Executing scenario: 'Before'
2022-12-15 17:43:41.638 [DEBUG] [thread-id 1] - Execute before steps
2022-12-15 17:43:41.640 [DEBUG] [thread-id 1] - R2_SUBFLOW_PRE_TRANSACTION
2022-12-15 17:43:41.642 [DEBUG] [thread-id 1] - Executing function: 'us.functions.utils.astro.clearCart'
2022-12-15 17:43:41.772 [DEBUG] [thread-id 1] - Call API: 'http://astro.walmart.com/api/v2/teflon/customer/walp@gmail.com/clearcart'
2022-12-15 17:43:54.667 [DEBUG] [thread-id 1] - Response code is: '200'. Response body is: '{"astroStatus":"SUCCESS","astroDescription":"CART_CLEARED","astroDetails":{"dbSessionMap":{"CXO_CART_ST":"{\"mtoken\":\"1:14#147241760#2=157540015#8=72322465\"}"},"checkoutable":false,"cart":{"id":"83994d90-d44b-4948-ab70-e56b42c8256c","buyer":{"id":"70c68aba-a7ca-49ca-9daf-3eec75e8f609","type":"CUSTOMER"},"storeIds":[],"itemCount":0,"entityErrors":[],"shipping":{"id":"4459af62-be00-4628-aa66-05a597681785","dbLockVersion":0,"dbSessionMap":{},"dbLockMap":{},"postalCode":"95122","city":"San Jose","state":"CA","countryCode":"USA","latitude":37.606689,"longitude":-122.426362,"isPOBox":false,"isAPOFPO":false},"currencyCode":"USD","preview":false,"tenantId":0,"verticalId":0,"checkoutableErrors":[],"intent":"PICKUP","pickupStore":{"city":"San Jose","stateOrProvinceCode":"CA","countryCode":"USA","postalCode":"95122","storeId":"32144","services":[]},"deliveryStore":{"city":"San Jose","stateOrProvinceCode":"CA","countryCode":"USA","postalCode":"95122","storeId":"32144","services":[]},"fulfillmentPlans":[],"accessPoints":[],"reservations":[],"isExplicitIntent":false,"hasGiftEligibleItem":false,"warnings":[],"restrictions":[]},"isOmniPromiseResponse":true}}'
2022-12-15 17:43:54.791 [DEBUG] [thread-id 1] - Cart cleared for walp@gmail.com
2022-12-15 17:43:54.901 [DEBUG] [thread-id 1] - Using us-errors-helpers.yaml
2022-12-15 17:43:54.996 [DEBUG] [thread-id 1] - Start Main
2022-12-15 17:43:55.000 [DEBUG] [thread-id 1] - Executing function: 'us.functions.global.onboarding.navigateOnboardingToHome'
2022-12-15 17:43:55.006 [DEBUG] [thread-id 1] - Executing function: 'us.function.utils.getEnvironmentValue'
2022-12-15 17:43:55.023 [DEBUG] [thread-id 1] - Store in: store the value 'teflon' in the variable 'env'
2022-12-15 17:43:55.159 [DEBUG] [thread-id 1] - Verify identifier: {//XCUIElementTypeStaticText[@name="WelcomeViewController.titleLabel"] | //XCUIElementTypeStaticText[@name="SignUpNudgeWelcomeViewController.titleLabel"]=[true]}
2022-12-15 17:44:05.166 [DEBUG] [thread-id 1] - conditionally execute a flow. condition: false
2022-12-15 17:44:05.353 [DEBUG] [thread-id 1] - Click element: '//XCUIElementTypeStaticText[@name="Continue"] | //XCUIElementTypeStaticText[@name="Next"] | //XCUIElementTypeStaticText[@name="Continue as guest"]'
2022-12-15 17:44:06.092 [DEBUG] [thread-id 1] - Verify identifier: {NotificationPermissionViewController.titleLabel=[true]}
2022-12-15 17:44:06.213 [DEBUG] [thread-id 1] - Click element: '//XCUIElementTypeStaticText[@name="Not now"] | //XCUIElementTypeButton[@name="cta.cancel.notifications"]'
2022-12-15 17:44:19.015 [DEBUG] [thread-id 1] - Verify identifier: {Share your location=[true]}
2022-12-15 17:44:19.065 [DEBUG] [thread-id 1] - Click element: 'Enter zip code'
2022-12-15 17:44:23.019 [DEBUG] [thread-id 1] - conditionally execute a flow. condition: true
2022-12-15 17:44:23.270 [DEBUG] [thread-id 1] - Enter text: '95122'
2022-12-15 17:44:35.710 [DEBUG] [thread-id 1] - Click element: '//XCUIElementTypeStaticText[@name="Search"]'
2022-12-15 17:44:37.214 [DEBUG] [thread-id 1] - conditionally execute a flow. condition: true
2022-12-15 17:44:47.760 [DEBUG] [thread-id 1] - conditionally execute a flow. condition: true
2022-12-15 17:44:47.964 [DEBUG] [thread-id 1] - Click element: 'Continue'
2022-12-15 17:44:49.413 [DEBUG] [thread-id 1] - conditionally execute a flow. condition: true
2022-12-15 17:44:50.535 [DEBUG] [thread-id 1] - Click element: 'Allow'
2022-12-15 17:45:22.439 [DEBUG] [thread-id 1] - Executing function: 'us.functions.utils.tryAgainWhenThereIsError'
2022-12-15 17:45:22.458 [DEBUG] [thread-id 1] - loop: from 0 to 2
2022-12-15 17:45:22.755 [DEBUG] [thread-id 1] - 0
2022-12-15 17:45:33.133 [DEBUG] [thread-id 1] - conditionally execute a flow. condition: false
2022-12-15 17:45:33.442 [DEBUG] [thread-id 1] - Executing function: 'us.functions.onboarding.handleTechnicalErrorPage'
2022-12-15 17:45:33.443 [DEBUG] [thread-id 1] - sleep:  5000 milliseconds
2022-12-15 17:45:38.462 [DEBUG] [thread-id 1] - loop: from 0 to 4
2022-12-15 17:45:38.827 [DEBUG] [thread-id 1] - 0
2022-12-15 17:45:49.533 [DEBUG] [thread-id 1] - conditionally execute a flow. condition: false
2022-12-15 17:45:49.835 [DEBUG] [thread-id 1] - No Technical Error Page observed
2022-12-15 17:45:50.175 [DEBUG] [thread-id 1] - Executing function: 'us.functions.gic.collapseIfExpanded'
2022-12-15 17:45:50.373 [DEBUG] [thread-id 1] - conditionally execute a flow. condition: true
2022-12-15 17:45:50.885 [DEBUG] [thread-id 1] - Click element: '//*[contains(@label,"Expanded")]'
2022-12-15 17:45:51.088 [DEBUG] [thread-id 1] - Executing function: 'us.functions.home.navigateHomeToSignIn'
2022-12-15 17:45:51.881 [DEBUG] [thread-id 1] - Click element: 'Account'
2022-12-15 17:45:52.214 [DEBUG] [thread-id 1] - sleep:  3000 milliseconds
2022-12-15 17:45:55.753 [DEBUG] [thread-id 1] - Verify identifier: {//XCUIElementTypeButton[@name="Account.SignInButton"] | //XCUIElementTypeButton[@name="HeaderView.loginButton"] | //XCUIElementTypeButton[@label="SignInYourAccountTableViewCell.signInButton"] | //XCUIElementTypeButton[@label="Sign in"] | //XCUIElementTypeButton[@label="Sign in or create an account"]=[true]}
2022-12-15 17:45:55.754 [DEBUG] [thread-id 1] - loop: from 1 to 3
2022-12-15 17:45:56.622 [DEBUG] [thread-id 1] - conditionally execute a flow. condition: true
2022-12-15 17:45:57.474 [DEBUG] [thread-id 1] - Click element: '//XCUIElementTypeButton[@name="Account.SignInButton"] | //XCUIElementTypeButton[@name="HeaderView.loginButton"] | //XCUIElementTypeButton[@label="SignInYourAccountTableViewCell.signInButton"] | //XCUIElementTypeButton[@label="Sign in"] | //XCUIElementTypeButton[@label="Sign in or create an account"]'
2022-12-15 17:45:58.480 [DEBUG] [thread-id 1] - sleep:  3000 milliseconds
2022-12-15 17:46:02.351 [DEBUG] [thread-id 1] - conditionally execute a flow. condition: true
2022-12-15 17:46:02.929 [DEBUG] [thread-id 1] - Store in: store the value 'true' in the variable 'signInValidated'
2022-12-15 17:46:03.571 [DEBUG] [thread-id 1] - conditionally execute a flow. condition: true
2022-12-15 17:46:04.154 [DEBUG] [thread-id 1] - SignIn page loaded
2022-12-15 17:46:04.727 [DEBUG] [thread-id 1] - Store in: store the value 'false' in the variable 'signInValidated'
2022-12-15 17:46:04.736 [DEBUG] [thread-id 1] - Executing function: 'us.functions.global.authentication.signInAccount'
2022-12-15 17:46:04.747 [WARN] [thread-id 1] - variable validateSignInPage was used, but r2 could not find a value for this variable. returning default of null
2022-12-15 17:46:04.753 [DEBUG] [thread-id 1] - Executing function: 'us.functions.global.authentication.dismissSelectSavedPasswordDialog'
2022-12-15 17:46:15.429 [DEBUG] [thread-id 1] - Verify identifier: {//XCUIElementTypeTextField=[true]}
2022-12-15 17:46:15.679 [DEBUG] [thread-id 1] - Enter text: 'walp@gmail.com'
2022-12-15 17:46:18.971 [DEBUG] [thread-id 1] - loop: from 1 to 3
2022-12-15 17:46:20.041 [DEBUG] [thread-id 1] - sleep:  3000 milliseconds
2022-12-15 17:46:24.181 [DEBUG] [thread-id 1] - conditionally execute a flow. condition: true
2022-12-15 17:46:25.360 [DEBUG] [thread-id 1] - Click element: 'SignInView.ctaButton'
2022-12-15 17:46:27.272 [DEBUG] [thread-id 1] - conditionally execute a flow. condition: true
2022-12-15 17:46:28.331 [DEBUG] [thread-id 1] - Store in: store the value 'true' in the variable 'signInValidated'
2022-12-15 17:46:29.402 [DEBUG] [thread-id 1] - conditionally execute a flow. condition: true
2022-12-15 17:46:30.438 [DEBUG] [thread-id 1] - Store in: store the value 'false' in the variable 'signInValidated'
2022-12-15 17:46:31.494 [DEBUG] [thread-id 1] - Email entered
2022-12-15 17:46:31.505 [WARN] [thread-id 1] - variable validateSignInPage was used, but r2 could not find a value for this variable. returning default of null
2022-12-15 17:46:31.506 [DEBUG] [thread-id 1] - loop: from 1 to 3
2022-12-15 17:46:32.533 [DEBUG] [thread-id 1] - sleep:  2000 milliseconds
2022-12-15 17:46:35.943 [DEBUG] [thread-id 1] - conditionally execute a flow. condition: true
2022-12-15 17:46:37.311 [DEBUG] [thread-id 1] - Enter text: 'Testing@123'
2022-12-15 17:46:41.004 [DEBUG] [thread-id 1] - sleep:  1000 milliseconds
2022-12-15 17:46:43.790 [DEBUG] [thread-id 1] - Click element: '//XCUIElementTypeStaticText[@name="Sign in"] | //XCUIElementTypeButton[@label="Sign In" or @label="Sign in"] | //XCUIElementTypeButton[@name="OtpView.ctaButton"] | //XCUIElementTypeButton[@label="Sign in or create an account"]'
2022-12-15 17:46:45.430 [DEBUG] [thread-id 1] - sleep:  2000 milliseconds
2022-12-15 17:47:00.787 [DEBUG] [thread-id 1] - Hide keyboard: 'true'
2022-12-15 17:47:02.086 [DEBUG] [thread-id 1] - conditionally execute a flow. condition: true
2022-12-15 17:47:03.138 [DEBUG] [thread-id 1] - Store in: store the value 'true' in the variable 'signInValidated'
2022-12-15 17:47:04.219 [DEBUG] [thread-id 1] - conditionally execute a flow. condition: true
2022-12-15 17:47:05.272 [DEBUG] [thread-id 1] - Account signed in
2022-12-15 17:47:05.515 [DEBUG] [thread-id 1] - conditionally execute a flow. condition: true
2022-12-15 17:47:06.810 [DEBUG] [thread-id 1] - Click element: '//XCUIElementTypeButton[@name="Don’t Allow"] | //XCUIElementTypeButton[@name="Don’t Allow"]'
2022-12-15 17:47:07.442 [DEBUG] [thread-id 1] - Executing function: 'us.functions.utils.handleCartMergePopup'
2022-12-15 17:47:07.443 [DEBUG] [thread-id 1] - sleep:  7000 milliseconds
2022-12-15 17:47:14.459 [DEBUG] [thread-id 1] - loop: from 0 to 4
2022-12-15 17:47:15.381 [DEBUG] [thread-id 1] - 0
2022-12-15 17:47:26.892 [DEBUG] [thread-id 1] - conditionally execute a flow. condition: false
2022-12-15 17:47:27.605 [DEBUG] [thread-id 1] - No Technical Error Page observed
2022-12-15 17:47:28.323 [DEBUG] [thread-id 1] - Executing function: 'us.functions.global.navigation.accountToHome'
2022-12-15 17:47:28.849 [DEBUG] [thread-id 1] - Click element: '//XCUIElementTypeButton[@name="Shop"] |  //XCUIElementTypeButton[@name="Home"]'
2022-12-15 17:47:29.168 [DEBUG] [thread-id 1] - Executing function: 'us.functions.home.closeWPlusPromotionPopUpIfDisplayed'
2022-12-15 17:47:29.168 [DEBUG] [thread-id 1] - sleep:  5000 milliseconds
2022-12-15 17:47:34.757 [DEBUG] [thread-id 1] - conditionally execute a flow. condition: true
2022-12-15 17:47:35.986 [DEBUG] [thread-id 1] - Click element: '//XCUIElementTypeButton[@name="SplashPageViewController.closeButton" or contains(@label, "Close Walmart plus promotional pop up")] | //XCUIElementTypeNavigationBar[@name="WalmartPlus.SplashPageView"]/XCUIElementTypeButton|//XCUIElementTypeButton[@name="close"]'
2022-12-15 17:47:36.823 [DEBUG] [thread-id 1] - Verify identifier: {//XCUIElementTypeSearchField[@name="Search Walmart"] | //XCUIElementTypeOther[@name="Search Walmart"]/XCUIElementTypeOther | //XCUIElementTypeOther[@name="Search Walmart"]=[true]}
2022-12-15 17:47:36.824 [DEBUG] [thread-id 1] - Executing function: 'us.functions.home.rateDriverPopup'
2022-12-15 17:47:36.826 [DEBUG] [thread-id 1] - loop: from 1 to 6
2022-12-15 17:47:37.328 [DEBUG] [thread-id 1] - 1
2022-12-15 17:47:48.076 [DEBUG] [thread-id 1] - conditionally execute a flow. condition: false
2022-12-15 17:47:48.586 [DEBUG] [thread-id 1] - Executing function: 'us.functions.home.setStore'
2022-12-15 17:47:48.612 [DEBUG] [thread-id 1] - Executing function: 'us.functions.global.navigation.goToDeepLink'
2022-12-15 17:47:48.616 [DEBUG] [thread-id 1] - Verify value of: '$deepLinkUrl'
2022-12-15 17:47:48.618 [DEBUG] [thread-id 1] - Open link: 'walmart://ip/894010516'
2022-12-15 17:47:49.821 [DEBUG] [thread-id 1] - Executing function: 'us.functions.global.navigation.openDeepLink'
2022-12-15 17:48:00.474 [DEBUG] [thread-id 1] - Executing function: 'us.functions.utils.handleTechnicalErrorPopup'
2022-12-15 17:48:00.475 [DEBUG] [thread-id 1] - Store in: store the value 'false' in the variable 'errorRemoved'
2022-12-15 17:48:00.476 [DEBUG] [thread-id 1] - sleep:  10000 milliseconds
2022-12-15 17:48:10.493 [DEBUG] [thread-id 1] - loop: from 0 to 3
2022-12-15 17:48:11.547 [DEBUG] [thread-id 1] - 0
2022-12-15 17:48:23.522 [DEBUG] [thread-id 1] - conditionally execute a flow. condition: false
2022-12-15 17:48:24.589 [DEBUG] [thread-id 1] - Store in: store the value 'true' in the variable 'errorRemoved'
2022-12-15 17:48:25.652 [DEBUG] [thread-id 1] - No Technical Error Pop up observed
2022-12-15 17:48:26.725 [DEBUG] [thread-id 1] - Executing function: 'us.functions.item.petrxItem.verifyPresent'
2022-12-15 17:48:29.420 [DEBUG] [thread-id 1] - Verify identifier: {TitleView_productTitle=[true], //XCUIElementTypeStaticText[@name="PriceView_primaryProductPrice"]=[true], Prescription required=[true]}
2022-12-15 17:48:29.421 [DEBUG] [thread-id 1] - Scroll: down
2022-12-15 17:49:18.574 [DEBUG] [thread-id 1] - Verify identifier: {Pickup not available at Carrollton Pharmacy Check availability nearby=[true]}
2022-12-15 17:49:18.576 [DEBUG] [thread-id 1] - Executing function: 'us.functions.item.addItemToCart'
2022-12-15 17:49:19.598 [DEBUG] [thread-id 1] - sleep:  2000 milliseconds
2022-12-15 17:49:26.438 [DEBUG] [thread-id 1] - Item wasn't Added initially, continuing with scenario
2022-12-15 17:49:27.345 [DEBUG] [thread-id 1] - conditionally execute a flow. condition: true
2022-12-15 17:49:28.382 [DEBUG] [thread-id 1] - ATC button present
2022-12-15 17:49:29.318 [DEBUG] [thread-id 1] - Click element: '(//XCUIElementTypeButton[@name="stepper.mainButton"])[1] | //XCUIElementTypeOther[@name="stepper.addToCartButton"] | (//XCUIElementTypeOther[contains(@name,"GlassStepperView.inner")]) | //XCUIElementTypeButton[@name="stepper.mainButton"]'
2022-12-15 17:49:29.789 [DEBUG] [thread-id 1] - sleep:  3000 milliseconds
2022-12-15 17:49:43.370 [WARN] [thread-id 1] - variable closeButtonNotDisplayed was used, but r2 could not find a value for this variable. returning default of null
2022-12-15 17:49:43.374 [DEBUG] [thread-id 1] - conditionally execute a flow. condition: false
2022-12-15 17:49:44.392 [DEBUG] [thread-id 1] - Executing function: 'us.functions.item.handlePAC'
2022-12-15 17:49:44.394 [DEBUG] [thread-id 1] - sleep:  5000 milliseconds
2022-12-15 17:50:01.507 [DEBUG] [thread-id 1] - sleep:  1000 milliseconds
2022-12-15 17:50:03.585 [WARN] [thread-id 1] - variable qty was used, but r2 could not find a value for this variable. returning default of null
2022-12-15 17:50:03.588 [WARN] [thread-id 1] - variable qty was used, but r2 could not find a value for this variable. returning default of null
2022-12-15 17:50:04.318 [DEBUG] [thread-id 1] - Verify identifier: {//XCUIElementTypeStaticText[@name="1 added"]| //XCUIElementTypeOther[@name="add-to-cart-button"] | //XCUIElementTypeStaticText[@label="null"] | Max 1=[true]}
2022-12-15 17:50:20.314 [DEBUG] [thread-id 1] - Click element: 'ItemDetailsViewController_itemDetailCloseButton'
2022-12-15 17:50:22.049 [DEBUG] [thread-id 1] - Verify identifier: {TitleView_productTitle=[true]}
2022-12-15 17:50:22.049 [DEBUG] [thread-id 1] - sleep:  3000 milliseconds
2022-12-15 17:50:25.055 [DEBUG] [thread-id 1] - Verify identifier: {Your cart is empty=[true]}
2022-12-15 17:50:25.056 [DEBUG] [thread-id 1] - Store in: store the value 'false' in the variable 'closeButtonNotDisplayed'
2022-12-15 17:50:25.057 [DEBUG] [thread-id 1] - R2_SUBFLOW_TRANSACTION
2022-12-15 17:50:25.069 [DEBUG] [thread-id 1] - Executing function: 'us.functions.global.navigation.toCartFromNavBar'
2022-12-15 17:50:25.484 [DEBUG] [thread-id 1] - Verify identifier: {//XCUIElementTypeNavigationBar[@name="Shop"]/XCUIElementTypeButton | //XCUIElementTypeButton[contains(@label, "Your cart")] | //XCUIElementTypeButton[(@name="SearchResultsViewController.cartButton") or (contains(@label,"Your cart contains") and contains(@label,"The estimated total is")) or (@label="Your cart is empty")]=[true]}
2022-12-15 17:50:25.878 [DEBUG] [thread-id 1] - Click element: '//XCUIElementTypeNavigationBar[@name="Shop"]/XCUIElementTypeButton | //XCUIElementTypeButton[contains(@label, "Your cart")] | //XCUIElementTypeButton[(@name="SearchResultsViewController.cartButton") or (contains(@label,"Your cart contains") and contains(@label,"The estimated total is")) or (@label="Your cart is empty")]'
2022-12-15 17:50:27.786 [DEBUG] [thread-id 1] - Verify identifier: {Cart=[true]}
2022-12-15 17:50:27.786 [DEBUG] [thread-id 1] - Executing function: 'us.functions.utils.handleTechnicalErrorPageInCart'
2022-12-15 17:50:27.786 [DEBUG] [thread-id 1] - sleep:  15000 milliseconds
2022-12-15 17:50:42.796 [DEBUG] [thread-id 1] - Store in: store the value 'false' in the variable 'cartPageLoaded'
2022-12-15 17:50:42.798 [DEBUG] [thread-id 1] - loop: from 0 to 7
2022-12-15 17:50:43.613 [DEBUG] [thread-id 1] - 0
2022-12-15 17:50:44.241 [DEBUG] [thread-id 1] - conditionally execute a flow. condition: true
2022-12-15 17:50:45.244 [DEBUG] [thread-id 1] - conditionally execute a flow. condition: true
2022-12-15 17:50:45.867 [DEBUG] [thread-id 1] - Store in: store the value 'true' in the variable 'cartPageLoaded'
2022-12-15 17:50:56.748 [DEBUG] [thread-id 1] - conditionally execute a flow. condition: false
2022-12-15 17:50:57.896 [DEBUG] [thread-id 1] - conditionally execute a flow. condition: true
2022-12-15 17:50:58.522 [DEBUG] [thread-id 1] - Store in: store the value 'true' in the variable 'cartPageLoaded'
2022-12-15 17:50:59.165 [DEBUG] [thread-id 1] - conditionally execute a flow. condition: false
2022-12-15 17:50:59.796 [DEBUG] [thread-id 1] - conditionally execute a flow. condition: true
2022-12-15 17:51:00.414 [DEBUG] [thread-id 1] - Cart page loaded successfully
2022-12-15 17:51:00.423 [DEBUG] [thread-id 1] - Executing function: 'us.functions.cart.verifyCardDetails'
2022-12-15 17:51:00.425 [DEBUG] [thread-id 1] - Executing function: 'us.functions.utils.getFulfillmentTextsToCompare'
2022-12-15 17:51:00.431 [DEBUG] [thread-id 1] - conditionally execute a flow. condition: true
2022-12-15 17:51:01.051 [DEBUG] [thread-id 1] - Store in: store the value 'shipping' in the variable 'altFulfillmentText'
2022-12-15 17:51:01.066 [DEBUG] [thread-id 1] - -------Validate Shipping cart details function start-------
2022-12-15 17:51:01.071 [WARN] [thread-id 1] - variable initialCartDataSetup was used, but r2 could not find a value for this variable. returning default of null
2022-12-15 17:51:01.083 [DEBUG] [thread-id 1] - conditionally execute a flow. condition: true
2022-12-15 17:51:01.717 [DEBUG] [thread-id 1] - sleep:  5000 milliseconds
2022-12-15 17:51:07.400 [DEBUG] [thread-id 1] - conditionally execute a flow. condition: true
2022-12-15 17:51:08.075 [DEBUG] [thread-id 1] - Cart page displayed
2022-12-15 17:51:08.775 [WARN] [thread-id 1] - variable validationScope was used, but r2 could not find a value for this variable. returning default of null
2022-12-15 17:51:09.467 [DEBUG] [thread-id 1] - Store in: store the value 'complete' in the variable 'initialCartDataSetup'
2022-12-15 17:51:10.656 [DEBUG] [thread-id 1] - Verify identifier: {//XCUIElementTypeStaticText[@name="FulfillmentSummaryView.titlePrefixLabel" and (contains(@label,"Shipping") or contains(@label,"shipping"))]=[true]}
2022-12-15 17:51:10.664 [WARN] [thread-id 1] - variable validationScope was used, but r2 could not find a value for this variable. returning default of null
2022-12-15 17:51:10.665 [DEBUG] [thread-id 1] - conditionally execute a flow. condition: false
2022-12-15 17:51:11.316 [DEBUG] [thread-id 1] - Basic Shipping fulfillment section validation done
2022-12-15 17:51:11.329 [WARN] [thread-id 1] - variable unscheduled was used, but r2 could not find a value for this variable. returning default of null
2022-12-15 17:51:11.334 [WARN] [thread-id 1] - variable partialCheckout was used, but r2 could not find a value for this variable. returning default of null
2022-12-15 17:51:11.343 [DEBUG] [thread-id 1] - Store in: store the value 'null' in the variable 'altFulfillmentText'
2022-12-15 17:51:11.344 [DEBUG] [thread-id 1] - Store in: store the value 'null' in the variable 'validationScope'
2022-12-15 17:51:11.345 [DEBUG] [thread-id 1] - Store in: store the value 'false' in the variable 'unscheduled'
2022-12-15 17:51:11.346 [DEBUG] [thread-id 1] - Store in: store the value 'false' in the variable 'partialCheckout'
2022-12-15 17:51:11.347 [DEBUG] [thread-id 1] - -------Validate Shipping cart details function end-------
2022-12-15 17:51:11.350 [DEBUG] [thread-id 1] - Executing function: 'us.functions.cart.continueToCheckout'
2022-12-15 17:51:11.811 [DEBUG] [thread-id 1] - Verify identifier: {//XCUIElementTypeStaticText[@name="Continue to checkout"] | //XCUIElementTypeStaticText[@name="Checkout all items"]=[true]}
2022-12-15 17:51:19.287 [DEBUG] [thread-id 1] - Click element: '//XCUIElementTypeStaticText[@name="Continue to checkout"] | //XCUIElementTypeStaticText[@name="Checkout all items"]'
2022-12-15 17:51:19.609 [DEBUG] [thread-id 1] - sleep:  3000 milliseconds
2022-12-15 17:51:22.623 [DEBUG] [thread-id 1] - Executing function: 'us.functions.home.closeWPlusPromotionPopUpIfDisplayed'
2022-12-15 17:51:22.624 [DEBUG] [thread-id 1] - sleep:  5000 milliseconds
2022-12-15 17:51:28.593 [DEBUG] [thread-id 1] - conditionally execute a flow. condition: true
2022-12-15 17:51:30.275 [DEBUG] [thread-id 1] - Click element: '//XCUIElementTypeButton[@name="SplashPageViewController.closeButton" or contains(@label, "Close Walmart plus promotional pop up")] | //XCUIElementTypeNavigationBar[@name="WalmartPlus.SplashPageView"]/XCUIElementTypeButton|//XCUIElementTypeButton[@name="close"]'
2022-12-15 17:51:52.878 [DEBUG] [thread-id 1] - Executing function: 'us.functions.utils.handleTechnicalErrorPopup'
2022-12-15 17:51:52.878 [DEBUG] [thread-id 1] - Store in: store the value 'false' in the variable 'errorRemoved'
2022-12-15 17:51:52.878 [DEBUG] [thread-id 1] - sleep:  10000 milliseconds
2022-12-15 17:52:02.881 [DEBUG] [thread-id 1] - loop: from 0 to 3
2022-12-15 17:52:03.647 [DEBUG] [thread-id 1] - 0
2022-12-15 17:52:15.390 [DEBUG] [thread-id 1] - conditionally execute a flow. condition: false
2022-12-15 17:52:16.141 [DEBUG] [thread-id 1] - Store in: store the value 'true' in the variable 'errorRemoved'
2022-12-15 17:52:16.874 [DEBUG] [thread-id 1] - No Technical Error Pop up observed
2022-12-15 17:52:18.069 [DEBUG] [thread-id 1] - conditionally execute a flow. condition: true
2022-12-15 17:52:18.861 [DEBUG] [thread-id 1] - Clicked on Checkout button successfully
2022-12-15 17:52:18.874 [DEBUG] [thread-id 1] - Executing function: 'us.functions.checkout.AddPetVet'
2022-12-15 17:52:18.882 [DEBUG] [thread-id 1] - Scroll: down
2022-12-15 17:52:21.186 [DEBUG] [thread-id 1] - conditionally execute a flow. condition: true
2022-12-15 17:52:22.099 [DEBUG] [thread-id 1] - Click element: 'PetRxFulfillmentView.addPetVetButton'
2022-12-15 17:52:22.563 [DEBUG] [thread-id 1] - Executing function: 'us.functions.checkout.SelectPetVet'
2022-12-15 17:52:43.401 [DEBUG] [thread-id 1] - Main failed: Is not present: 'Pet *'
2022-12-15 17:52:43.693 [DEBUG] [thread-id 1] - Executing scenario: 'After'
2022-12-15 17:52:43.705 [DEBUG] [thread-id 1] - Executing function: 'us.functions.utils.afterSteps'
2022-12-15 17:52:43.716 [WARN] [thread-id 1] - variable testStatus was used, but r2 could not find a value for this variable. returning default of null
2022-12-15 17:52:43.717 [DEBUG] [thread-id 1] - conditionally execute a flow. condition: false
2022-12-15 17:52:44.011 [DEBUG] [thread-id 1] - Test failed
2022-12-15 17:52:44.292 [DEBUG] [thread-id 1] - Executing function: 'us.functions.utils.closeErrorAlertIfExists'
2022-12-15 17:53:01.225 [DEBUG] [thread-id 1] - Created report: /Users/m0k0a2f/glass-automation/report/index.html
2022-12-15 18:01:55.801 [DEBUG] [thread-id 1] - Executing R2 3.29.0: '/Users/m0k0a2f/glass-automation/./us/test/test-scripts/ios/golden-flows/multi-fulfillment-flows/PetRX-multi-fulfilment-Shipping-mixed-order.yaml' on device: 'iPhone 13'
2022-12-15 18:02:44.398 [DEBUG] [thread-id 1] - Executing scenario: 'Before'
2022-12-15 18:02:44.406 [DEBUG] [thread-id 1] - Execute before steps
2022-12-15 18:02:44.408 [DEBUG] [thread-id 1] - R2_SUBFLOW_PRE_TRANSACTION
2022-12-15 18:02:44.410 [DEBUG] [thread-id 1] - Executing function: 'us.functions.utils.astro.clearCart'
2022-12-15 18:02:44.522 [DEBUG] [thread-id 1] - Call API: 'http://astro.walmart.com/api/v2/teflon/customer/walp@gmail.com/clearcart'
2022-12-15 18:02:59.459 [DEBUG] [thread-id 1] - Response code is: '200'. Response body is: '{"astroStatus":"SUCCESS","astroDescription":"CART_CLEARED","astroDetails":{"dbSessionMap":{"CXO_CART_ST":"{\"mtoken\":\"1:14#147242595#2=157540883#8=72323283\"}"},"checkoutable":false,"cart":{"id":"83994d90-d44b-4948-ab70-e56b42c8256c","buyer":{"id":"70c68aba-a7ca-49ca-9daf-3eec75e8f609","type":"CUSTOMER"},"storeIds":[],"itemCount":0,"entityErrors":[],"shipping":{"id":"e44df337-4281-464b-b6b5-82b12dc8f38d","dbLockVersion":0,"dbSessionMap":{},"dbLockMap":{},"postalCode":"95122","city":"San Jose","state":"CA","countryCode":"USA","latitude":37.606689,"longitude":-122.426362,"isPOBox":false,"isAPOFPO":false},"currencyCode":"USD","preview":false,"tenantId":0,"verticalId":0,"checkoutableErrors":[],"intent":"PICKUP","pickupStore":{"city":"San Jose","stateOrProvinceCode":"CA","countryCode":"USA","postalCode":"95122","storeId":"32144","services":[]},"deliveryStore":{"city":"San Jose","stateOrProvinceCode":"CA","countryCode":"USA","postalCode":"95122","storeId":"32144","services":[]},"mpStores":[],"fulfillmentPlans":[],"accessPoints":[{"id":"f681d48a-7be4-43ea-8e10-229a1f00db37","name":"32144 - Home Delivery","storeId":32144,"fulfillmentType":"DELIVERY","fulfillmentOption":"DELIVERY","supportedTimeZone":"US/Pacific","locationInstruction":"[{\"type\":\"CHECKIN_DEFAULT\",\"value\":\"<div> <p> In order to protect the safety of our customers & associates, we've temporarily moved to a no-contact pickup in store process. </p> <br /> <br /><b>Please bring your government-issued ID</b><br /> <ol> <li>Check in with the app to let us know you're on the way.</li> <li> Park in a designated pickup spot, stay in your vehicle and keep your windows rolled up. </li> <li> A Walmart associate will request access to your trunk or back seat, then they'll load your order. </li> <li>You're all set! The associate will sign for the order.</li> </ol> </div>\"},{\"type\":\"EMAIL_DEFAULT\",\"value\":\"<div> <p> In order to protect the safety of our customers & associates, we've temporarily moved to a no-contact pickup in store process. </p> <br /> <br /><b>Please bring your government-issued ID</b><br /> <ol> <li>Check in with the app to let us know you're on the way.</li> <li> Park in a designated pickup spot, stay in your vehicle and keep your windows rolled up. </li> <li> A Walmart associate will request access to your trunk or back seat, then they'll load your order. </li> <li>You're all set! The associate will sign for the order.</li> </ol> </div>\"}]","isStoreEbtEligible":false,"allowAlcohol":false,"restrictions":[],"accessType":"DELIVERY_ADDRESS","storeCategory":"Supercenter","nodeType":"STORE","allowBagFee":true,"isBagFeeMandatory":false,"address":{"postalCode":"95122","addressLineOne":"777 Story Rd","city":"San Jose","state":"CA","addressTypeName":"OFFICE","isPOBox":false,"countryCode":"USA"}},{"id":"6168c2e3-fc36-4827-98e6-d717d10af1d6","name":"Walmart San Jose Store #32144","storeId":32144,"fulfillmentType":"INSTORE_PICKUP","fulfillmentOption":"PICKUP","supportedTimeZone":"US/Pacific","locationInstruction":"[{\"type\":\"CHECKIN_DEFAULT\",\"value\":\"<div> <p> In order to protect the safety of our customers & associates, we've temporarily moved to a no-contact pickup in store process or curbside. </p> <br /> <br /><b>Please bring your government-issued ID</b><br /> <ol> <li>Check in with the app to let us know you're on the way.</li> <li> Park in a designated pickup spot, stay in your vehicle and keep your windows rolled up. </li> <li> A Walmart associate will request access to your trunk or back seat, then they'll load your order. </li> <li>You're all set! The associate will sign for the order.</li> </ol> </div>\"},{\"type\":\"EMAIL_DEFAULT\",\"value\":\"NA\"},{\"type\":\"CHECKIN_1\",\"value\":\"Next, tell us when you’ve parked. Park by the pickup sign and enter your parking info so we can find you faster.\"}]","isStoreEbtEligible":true,"allowAlcohol":true,"restrictions":[],"accessType":"PICKUP_CURBSIDE","storeCategory":"Supercenter","nodeType":"STORE","allowBagFee":true,"isBagFeeMandatory":false,"address":{"postalCode":"95122","addressLineOne":"777 Story Rd","city":"San Jose","state":"CA","addressTypeName":"OFFICE","isPOBox":false,"countryCode":"USA"}}],"reservations":[],"isExplicitIntent":false,"hasGiftEligibleItem":false,"warnings":[],"restrictions":[]},"isOmniPromiseResponse":true}}'
2022-12-15 18:02:59.618 [DEBUG] [thread-id 1] - Cart cleared for walp@gmail.com
2022-12-15 18:02:59.725 [DEBUG] [thread-id 1] - Using us-errors-helpers.yaml
2022-12-15 18:02:59.820 [DEBUG] [thread-id 1] - Start Main
2022-12-15 18:02:59.823 [DEBUG] [thread-id 1] - Executing function: 'us.functions.global.onboarding.navigateOnboardingToHome'
2022-12-15 18:02:59.827 [DEBUG] [thread-id 1] - Executing function: 'us.function.utils.getEnvironmentValue'
2022-12-15 18:02:59.831 [DEBUG] [thread-id 1] - Store in: store the value 'teflon' in the variable 'env'
2022-12-15 18:02:59.965 [DEBUG] [thread-id 1] - Verify identifier: {//XCUIElementTypeStaticText[@name="WelcomeViewController.titleLabel"] | //XCUIElementTypeStaticText[@name="SignUpNudgeWelcomeViewController.titleLabel"]=[true]}
2022-12-15 18:03:10.008 [DEBUG] [thread-id 1] - conditionally execute a flow. condition: false
2022-12-15 18:03:10.219 [DEBUG] [thread-id 1] - Click element: '//XCUIElementTypeStaticText[@name="Continue"] | //XCUIElementTypeStaticText[@name="Next"] | //XCUIElementTypeStaticText[@name="Continue as guest"]'
2022-12-15 18:03:10.976 [DEBUG] [thread-id 1] - Verify identifier: {NotificationPermissionViewController.titleLabel=[true]}
2022-12-15 18:03:11.103 [DEBUG] [thread-id 1] - Click element: '//XCUIElementTypeStaticText[@name="Not now"] | //XCUIElementTypeButton[@name="cta.cancel.notifications"]'
2022-12-15 18:03:28.590 [DEBUG] [thread-id 1] - Verify identifier: {Share your location=[true]}
2022-12-15 18:03:28.638 [DEBUG] [thread-id 1] - Click element: 'Enter zip code'
2022-12-15 18:03:30.568 [DEBUG] [thread-id 1] - conditionally execute a flow. condition: true
2022-12-15 18:03:30.779 [DEBUG] [thread-id 1] - Enter text: '95122'
2022-12-15 18:03:43.689 [DEBUG] [thread-id 1] - Click element: '//XCUIElementTypeStaticText[@name="Search"]'
2022-12-15 18:03:45.207 [DEBUG] [thread-id 1] - conditionally execute a flow. condition: true
2022-12-15 18:03:55.860 [DEBUG] [thread-id 1] - conditionally execute a flow. condition: true
2022-12-15 18:03:56.083 [DEBUG] [thread-id 1] - Click element: 'Continue'
2022-12-15 18:03:57.381 [DEBUG] [thread-id 1] - conditionally execute a flow. condition: true
2022-12-15 18:03:58.479 [DEBUG] [thread-id 1] - Click element: 'Allow'
2022-12-15 18:04:30.569 [DEBUG] [thread-id 1] - Executing function: 'us.functions.utils.tryAgainWhenThereIsError'
2022-12-15 18:04:30.584 [DEBUG] [thread-id 1] - loop: from 0 to 2
2022-12-15 18:04:30.890 [DEBUG] [thread-id 1] - 0
2022-12-15 18:04:41.553 [DEBUG] [thread-id 1] - conditionally execute a flow. condition: false
2022-12-15 18:04:41.864 [DEBUG] [thread-id 1] - Executing function: 'us.functions.onboarding.handleTechnicalErrorPage'
2022-12-15 18:04:41.864 [DEBUG] [thread-id 1] - sleep:  5000 milliseconds
2022-12-15 18:04:46.887 [DEBUG] [thread-id 1] - loop: from 0 to 4
2022-12-15 18:04:47.213 [DEBUG] [thread-id 1] - 0
2022-12-15 18:04:57.841 [DEBUG] [thread-id 1] - conditionally execute a flow. condition: false
2022-12-15 18:04:58.125 [DEBUG] [thread-id 1] - No Technical Error Page observed
2022-12-15 18:04:58.430 [DEBUG] [thread-id 1] - Executing function: 'us.functions.gic.collapseIfExpanded'
2022-12-15 18:04:58.607 [DEBUG] [thread-id 1] - conditionally execute a flow. condition: true
2022-12-15 18:04:59.066 [DEBUG] [thread-id 1] - Click element: '//*[contains(@label,"Expanded")]'
2022-12-15 18:04:59.269 [DEBUG] [thread-id 1] - Executing function: 'us.functions.home.navigateHomeToSignIn'
2022-12-15 18:05:00.017 [DEBUG] [thread-id 1] - Click element: 'Account'
2022-12-15 18:05:00.347 [DEBUG] [thread-id 1] - sleep:  3000 milliseconds
2022-12-15 18:05:03.885 [DEBUG] [thread-id 1] - Verify identifier: {//XCUIElementTypeButton[@name="Account.SignInButton"] | //XCUIElementTypeButton[@name="HeaderView.loginButton"] | //XCUIElementTypeButton[@label="SignInYourAccountTableViewCell.signInButton"] | //XCUIElementTypeButton[@label="Sign in"] | //XCUIElementTypeButton[@label="Sign in or create an account"]=[true]}
2022-12-15 18:05:03.886 [DEBUG] [thread-id 1] - loop: from 1 to 3
2022-12-15 18:05:04.780 [DEBUG] [thread-id 1] - conditionally execute a flow. condition: true
2022-12-15 18:05:05.639 [DEBUG] [thread-id 1] - Click element: '//XCUIElementTypeButton[@name="Account.SignInButton"] | //XCUIElementTypeButton[@name="HeaderView.loginButton"] | //XCUIElementTypeButton[@label="SignInYourAccountTableViewCell.signInButton"] | //XCUIElementTypeButton[@label="Sign in"] | //XCUIElementTypeButton[@label="Sign in or create an account"]'
2022-12-15 18:05:06.662 [DEBUG] [thread-id 1] - sleep:  3000 milliseconds
2022-12-15 18:05:10.516 [DEBUG] [thread-id 1] - conditionally execute a flow. condition: true
2022-12-15 18:05:11.100 [DEBUG] [thread-id 1] - Store in: store the value 'true' in the variable 'signInValidated'
2022-12-15 18:05:11.743 [DEBUG] [thread-id 1] - conditionally execute a flow. condition: true
2022-12-15 18:05:12.342 [DEBUG] [thread-id 1] - SignIn page loaded
2022-12-15 18:05:12.973 [DEBUG] [thread-id 1] - Store in: store the value 'false' in the variable 'signInValidated'
2022-12-15 18:05:12.990 [DEBUG] [thread-id 1] - Executing function: 'us.functions.global.authentication.signInAccount'
2022-12-15 18:05:13.004 [WARN] [thread-id 1] - variable validateSignInPage was used, but r2 could not find a value for this variable. returning default of null
2022-12-15 18:05:13.017 [DEBUG] [thread-id 1] - Executing function: 'us.functions.global.authentication.dismissSelectSavedPasswordDialog'
2022-12-15 18:05:23.478 [DEBUG] [thread-id 1] - Verify identifier: {//XCUIElementTypeTextField=[true]}
2022-12-15 18:05:23.741 [DEBUG] [thread-id 1] - Enter text: 'walp@gmail.com'
2022-12-15 18:05:27.307 [DEBUG] [thread-id 1] - loop: from 1 to 3
2022-12-15 18:05:28.403 [DEBUG] [thread-id 1] - sleep:  3000 milliseconds
2022-12-15 18:05:32.524 [DEBUG] [thread-id 1] - conditionally execute a flow. condition: true
2022-12-15 18:05:33.719 [DEBUG] [thread-id 1] - Click element: 'SignInView.ctaButton'
2022-12-15 18:05:36.537 [DEBUG] [thread-id 1] - conditionally execute a flow. condition: true
2022-12-15 18:05:37.645 [DEBUG] [thread-id 1] - Store in: store the value 'true' in the variable 'signInValidated'
2022-12-15 18:05:38.757 [DEBUG] [thread-id 1] - conditionally execute a flow. condition: true
2022-12-15 18:05:39.817 [DEBUG] [thread-id 1] - Store in: store the value 'false' in the variable 'signInValidated'
2022-12-15 18:05:40.904 [DEBUG] [thread-id 1] - Email entered
2022-12-15 18:05:40.922 [WARN] [thread-id 1] - variable validateSignInPage was used, but r2 could not find a value for this variable. returning default of null
2022-12-15 18:05:40.923 [DEBUG] [thread-id 1] - loop: from 1 to 3
2022-12-15 18:05:41.977 [DEBUG] [thread-id 1] - sleep:  2000 milliseconds
2022-12-15 18:05:45.380 [DEBUG] [thread-id 1] - conditionally execute a flow. condition: true
2022-12-15 18:05:46.783 [DEBUG] [thread-id 1] - Enter text: 'Testing@123'
2022-12-15 18:05:50.525 [DEBUG] [thread-id 1] - sleep:  1000 milliseconds
2022-12-15 18:05:53.406 [DEBUG] [thread-id 1] - Click element: '//XCUIElementTypeStaticText[@name="Sign in"] | //XCUIElementTypeButton[@label="Sign In" or @label="Sign in"] | //XCUIElementTypeButton[@name="OtpView.ctaButton"] | //XCUIElementTypeButton[@label="Sign in or create an account"]'
2022-12-15 18:05:54.849 [DEBUG] [thread-id 1] - sleep:  2000 milliseconds
2022-12-15 18:06:10.476 [DEBUG] [thread-id 1] - Hide keyboard: 'true'
2022-12-15 18:06:11.785 [DEBUG] [thread-id 1] - conditionally execute a flow. condition: true
2022-12-15 18:06:12.839 [DEBUG] [thread-id 1] - Store in: store the value 'true' in the variable 'signInValidated'
2022-12-15 18:06:13.974 [DEBUG] [thread-id 1] - conditionally execute a flow. condition: true
2022-12-15 18:06:15.076 [DEBUG] [thread-id 1] - Account signed in
2022-12-15 18:06:15.345 [DEBUG] [thread-id 1] - conditionally execute a flow. condition: true
2022-12-15 18:06:16.704 [DEBUG] [thread-id 1] - Click element: '//XCUIElementTypeButton[@name="Don’t Allow"] | //XCUIElementTypeButton[@name="Don’t Allow"]'
2022-12-15 18:06:17.328 [DEBUG] [thread-id 1] - Executing function: 'us.functions.utils.handleCartMergePopup'
2022-12-15 18:06:17.329 [DEBUG] [thread-id 1] - sleep:  7000 milliseconds
2022-12-15 18:06:24.340 [DEBUG] [thread-id 1] - loop: from 0 to 4
2022-12-15 18:06:25.204 [DEBUG] [thread-id 1] - 0
2022-12-15 18:06:36.656 [DEBUG] [thread-id 1] - conditionally execute a flow. condition: false
2022-12-15 18:06:37.405 [DEBUG] [thread-id 1] - No Technical Error Page observed
2022-12-15 18:06:38.128 [DEBUG] [thread-id 1] - Executing function: 'us.functions.global.navigation.accountToHome'
2022-12-15 18:06:38.655 [DEBUG] [thread-id 1] - Click element: '//XCUIElementTypeButton[@name="Shop"] |  //XCUIElementTypeButton[@name="Home"]'
2022-12-15 18:06:38.982 [DEBUG] [thread-id 1] - Executing function: 'us.functions.home.closeWPlusPromotionPopUpIfDisplayed'
2022-12-15 18:06:38.983 [DEBUG] [thread-id 1] - sleep:  5000 milliseconds
2022-12-15 18:06:44.618 [DEBUG] [thread-id 1] - conditionally execute a flow. condition: true
2022-12-15 18:06:45.887 [DEBUG] [thread-id 1] - Click element: '//XCUIElementTypeButton[@name="SplashPageViewController.closeButton" or contains(@label, "Close Walmart plus promotional pop up")] | //XCUIElementTypeNavigationBar[@name="WalmartPlus.SplashPageView"]/XCUIElementTypeButton|//XCUIElementTypeButton[@name="close"]'
2022-12-15 18:06:46.724 [DEBUG] [thread-id 1] - Verify identifier: {//XCUIElementTypeSearchField[@name="Search Walmart"] | //XCUIElementTypeOther[@name="Search Walmart"]/XCUIElementTypeOther | //XCUIElementTypeOther[@name="Search Walmart"]=[true]}
2022-12-15 18:06:46.725 [DEBUG] [thread-id 1] - Executing function: 'us.functions.home.rateDriverPopup'
2022-12-15 18:06:46.728 [DEBUG] [thread-id 1] - loop: from 1 to 6
2022-12-15 18:06:47.229 [DEBUG] [thread-id 1] - 1
2022-12-15 18:06:57.735 [DEBUG] [thread-id 1] - conditionally execute a flow. condition: false
2022-12-15 18:06:58.228 [DEBUG] [thread-id 1] - Executing function: 'us.functions.home.setStore'
2022-12-15 18:06:58.260 [DEBUG] [thread-id 1] - Executing function: 'us.functions.global.navigation.goToDeepLink'
2022-12-15 18:06:58.268 [DEBUG] [thread-id 1] - Verify value of: '$deepLinkUrl'
2022-12-15 18:06:58.271 [DEBUG] [thread-id 1] - Open link: 'walmart://ip/894010516'
2022-12-15 18:06:59.141 [DEBUG] [thread-id 1] - Executing function: 'us.functions.global.navigation.openDeepLink'
2022-12-15 18:07:09.362 [DEBUG] [thread-id 1] - Executing function: 'us.functions.utils.handleTechnicalErrorPopup'
2022-12-15 18:07:09.364 [DEBUG] [thread-id 1] - Store in: store the value 'false' in the variable 'errorRemoved'
2022-12-15 18:07:09.365 [DEBUG] [thread-id 1] - sleep:  10000 milliseconds
2022-12-15 18:07:19.382 [DEBUG] [thread-id 1] - loop: from 0 to 3
2022-12-15 18:07:20.435 [DEBUG] [thread-id 1] - 0
2022-12-15 18:07:32.163 [DEBUG] [thread-id 1] - conditionally execute a flow. condition: false
2022-12-15 18:07:33.186 [DEBUG] [thread-id 1] - Store in: store the value 'true' in the variable 'errorRemoved'
2022-12-15 18:07:34.207 [DEBUG] [thread-id 1] - No Technical Error Pop up observed
2022-12-15 18:07:35.246 [DEBUG] [thread-id 1] - Executing function: 'us.functions.item.petrxItem.verifyPresent'
2022-12-15 18:07:37.870 [DEBUG] [thread-id 1] - Verify identifier: {TitleView_productTitle=[true], //XCUIElementTypeStaticText[@name="PriceView_primaryProductPrice"]=[true], Prescription required=[true]}
2022-12-15 18:07:37.871 [DEBUG] [thread-id 1] - Scroll: down
2022-12-15 18:09:51.955 [DEBUG] [thread-id 1] - Verify identifier: {Pickup not available at Carrollton Pharmacy Check availability nearby=[true]}
2022-12-15 18:09:51.956 [DEBUG] [thread-id 1] - Executing function: 'us.functions.item.addItemToCart'
2022-12-15 18:09:53.002 [DEBUG] [thread-id 1] - sleep:  2000 milliseconds
2022-12-15 18:09:59.940 [DEBUG] [thread-id 1] - Item wasn't Added initially, continuing with scenario
2022-12-15 18:10:00.796 [DEBUG] [thread-id 1] - conditionally execute a flow. condition: true
2022-12-15 18:10:01.923 [DEBUG] [thread-id 1] - ATC button present
2022-12-15 18:10:02.909 [DEBUG] [thread-id 1] - Click element: '(//XCUIElementTypeButton[@name="stepper.mainButton"])[1] | //XCUIElementTypeOther[@name="stepper.addToCartButton"] | (//XCUIElementTypeOther[contains(@name,"GlassStepperView.inner")]) | //XCUIElementTypeButton[@name="stepper.mainButton"]'
2022-12-15 18:10:03.376 [DEBUG] [thread-id 1] - sleep:  3000 milliseconds
2022-12-15 18:10:17.370 [WARN] [thread-id 1] - variable closeButtonNotDisplayed was used, but r2 could not find a value for this variable. returning default of null
2022-12-15 18:10:17.378 [DEBUG] [thread-id 1] - conditionally execute a flow. condition: false
2022-12-15 18:10:18.466 [DEBUG] [thread-id 1] - Executing function: 'us.functions.item.handlePAC'
2022-12-15 18:10:18.467 [DEBUG] [thread-id 1] - sleep:  5000 milliseconds
2022-12-15 18:10:35.953 [DEBUG] [thread-id 1] - sleep:  1000 milliseconds
2022-12-15 18:10:38.099 [WARN] [thread-id 1] - variable qty was used, but r2 could not find a value for this variable. returning default of null
2022-12-15 18:10:38.101 [WARN] [thread-id 1] - variable qty was used, but r2 could not find a value for this variable. returning default of null
2022-12-15 18:10:39.063 [DEBUG] [thread-id 1] - Verify identifier: {//XCUIElementTypeStaticText[@name="1 added"]| //XCUIElementTypeOther[@name="add-to-cart-button"] | //XCUIElementTypeStaticText[@label="null"] | Max 1=[true]}
2022-12-15 18:10:55.534 [DEBUG] [thread-id 1] - Click element: 'ItemDetailsViewController_itemDetailCloseButton'
2022-12-15 18:10:57.315 [DEBUG] [thread-id 1] - Verify identifier: {TitleView_productTitle=[true]}
2022-12-15 18:10:57.316 [DEBUG] [thread-id 1] - sleep:  3000 milliseconds
2022-12-15 18:11:00.325 [DEBUG] [thread-id 1] - Verify identifier: {Your cart is empty=[true]}
2022-12-15 18:11:00.326 [DEBUG] [thread-id 1] - Store in: store the value 'false' in the variable 'closeButtonNotDisplayed'
2022-12-15 18:11:00.329 [DEBUG] [thread-id 1] - R2_SUBFLOW_TRANSACTION
2022-12-15 18:11:00.342 [DEBUG] [thread-id 1] - Executing function: 'us.functions.global.navigation.toCartFromNavBar'
2022-12-15 18:11:00.764 [DEBUG] [thread-id 1] - Verify identifier: {//XCUIElementTypeNavigationBar[@name="Shop"]/XCUIElementTypeButton | //XCUIElementTypeButton[contains(@label, "Your cart")] | //XCUIElementTypeButton[(@name="SearchResultsViewController.cartButton") or (contains(@label,"Your cart contains") and contains(@label,"The estimated total is")) or (@label="Your cart is empty")]=[true]}
2022-12-15 18:11:01.166 [DEBUG] [thread-id 1] - Click element: '//XCUIElementTypeNavigationBar[@name="Shop"]/XCUIElementTypeButton | //XCUIElementTypeButton[contains(@label, "Your cart")] | //XCUIElementTypeButton[(@name="SearchResultsViewController.cartButton") or (contains(@label,"Your cart contains") and contains(@label,"The estimated total is")) or (@label="Your cart is empty")]'
2022-12-15 18:11:03.113 [DEBUG] [thread-id 1] - Verify identifier: {Cart=[true]}
2022-12-15 18:11:03.113 [DEBUG] [thread-id 1] - Executing function: 'us.functions.utils.handleTechnicalErrorPageInCart'
2022-12-15 18:11:03.113 [DEBUG] [thread-id 1] - sleep:  15000 milliseconds
2022-12-15 18:11:18.118 [DEBUG] [thread-id 1] - Store in: store the value 'false' in the variable 'cartPageLoaded'
2022-12-15 18:11:18.122 [DEBUG] [thread-id 1] - loop: from 0 to 7
2022-12-15 18:11:18.931 [DEBUG] [thread-id 1] - 0
2022-12-15 18:11:19.549 [DEBUG] [thread-id 1] - conditionally execute a flow. condition: true
2022-12-15 18:11:20.618 [DEBUG] [thread-id 1] - conditionally execute a flow. condition: true
2022-12-15 18:11:21.258 [DEBUG] [thread-id 1] - Store in: store the value 'true' in the variable 'cartPageLoaded'
2022-12-15 18:11:32.267 [DEBUG] [thread-id 1] - conditionally execute a flow. condition: false
2022-12-15 18:11:33.407 [DEBUG] [thread-id 1] - conditionally execute a flow. condition: true
2022-12-15 18:11:34.011 [DEBUG] [thread-id 1] - Store in: store the value 'true' in the variable 'cartPageLoaded'
2022-12-15 18:11:34.671 [DEBUG] [thread-id 1] - conditionally execute a flow. condition: false
2022-12-15 18:11:35.304 [DEBUG] [thread-id 1] - conditionally execute a flow. condition: true
2022-12-15 18:11:35.927 [DEBUG] [thread-id 1] - Cart page loaded successfully
2022-12-15 18:11:35.938 [DEBUG] [thread-id 1] - Executing function: 'us.functions.cart.verifyCardDetails'
2022-12-15 18:11:35.939 [DEBUG] [thread-id 1] - Executing function: 'us.functions.utils.getFulfillmentTextsToCompare'
2022-12-15 18:11:35.947 [DEBUG] [thread-id 1] - conditionally execute a flow. condition: true
2022-12-15 18:11:36.561 [DEBUG] [thread-id 1] - Store in: store the value 'shipping' in the variable 'altFulfillmentText'
2022-12-15 18:11:36.583 [DEBUG] [thread-id 1] - -------Validate Shipping cart details function start-------
2022-12-15 18:11:36.586 [WARN] [thread-id 1] - variable initialCartDataSetup was used, but r2 could not find a value for this variable. returning default of null
2022-12-15 18:11:36.600 [DEBUG] [thread-id 1] - conditionally execute a flow. condition: true
2022-12-15 18:11:37.223 [DEBUG] [thread-id 1] - sleep:  5000 milliseconds
2022-12-15 18:11:42.895 [DEBUG] [thread-id 1] - conditionally execute a flow. condition: true
2022-12-15 18:11:43.509 [DEBUG] [thread-id 1] - Cart page displayed
2022-12-15 18:11:44.140 [WARN] [thread-id 1] - variable validationScope was used, but r2 could not find a value for this variable. returning default of null
2022-12-15 18:11:44.771 [DEBUG] [thread-id 1] - Store in: store the value 'complete' in the variable 'initialCartDataSetup'
2022-12-15 18:11:45.868 [DEBUG] [thread-id 1] - Verify identifier: {//XCUIElementTypeStaticText[@name="FulfillmentSummaryView.titlePrefixLabel" and (contains(@label,"Shipping") or contains(@label,"shipping"))]=[true]}
2022-12-15 18:11:45.875 [WARN] [thread-id 1] - variable validationScope was used, but r2 could not find a value for this variable. returning default of null
2022-12-15 18:11:45.875 [DEBUG] [thread-id 1] - conditionally execute a flow. condition: false
2022-12-15 18:11:46.486 [DEBUG] [thread-id 1] - Basic Shipping fulfillment section validation done
2022-12-15 18:11:46.504 [WARN] [thread-id 1] - variable unscheduled was used, but r2 could not find a value for this variable. returning default of null
2022-12-15 18:11:46.508 [WARN] [thread-id 1] - variable partialCheckout was used, but r2 could not find a value for this variable. returning default of null
2022-12-15 18:11:46.522 [DEBUG] [thread-id 1] - Store in: store the value 'null' in the variable 'altFulfillmentText'
2022-12-15 18:11:46.527 [DEBUG] [thread-id 1] - Store in: store the value 'null' in the variable 'validationScope'
2022-12-15 18:11:46.529 [DEBUG] [thread-id 1] - Store in: store the value 'false' in the variable 'unscheduled'
2022-12-15 18:11:46.531 [DEBUG] [thread-id 1] - Store in: store the value 'false' in the variable 'partialCheckout'
2022-12-15 18:11:46.535 [DEBUG] [thread-id 1] - -------Validate Shipping cart details function end-------
2022-12-15 18:11:46.538 [DEBUG] [thread-id 1] - Executing function: 'us.functions.cart.continueToCheckout'
2022-12-15 18:11:46.965 [DEBUG] [thread-id 1] - Verify identifier: {//XCUIElementTypeStaticText[@name="Continue to checkout"] | //XCUIElementTypeStaticText[@name="Checkout all items"]=[true]}
2022-12-15 18:11:54.449 [DEBUG] [thread-id 1] - Click element: '//XCUIElementTypeStaticText[@name="Continue to checkout"] | //XCUIElementTypeStaticText[@name="Checkout all items"]'
2022-12-15 18:11:54.744 [DEBUG] [thread-id 1] - sleep:  3000 milliseconds
2022-12-15 18:11:57.756 [DEBUG] [thread-id 1] - Executing function: 'us.functions.home.closeWPlusPromotionPopUpIfDisplayed'
2022-12-15 18:11:57.759 [DEBUG] [thread-id 1] - sleep:  5000 milliseconds
2022-12-15 18:12:03.727 [DEBUG] [thread-id 1] - conditionally execute a flow. condition: true
2022-12-15 18:12:05.437 [DEBUG] [thread-id 1] - Click element: '//XCUIElementTypeButton[@name="SplashPageViewController.closeButton" or contains(@label, "Close Walmart plus promotional pop up")] | //XCUIElementTypeNavigationBar[@name="WalmartPlus.SplashPageView"]/XCUIElementTypeButton|//XCUIElementTypeButton[@name="close"]'
2022-12-15 18:12:28.024 [DEBUG] [thread-id 1] - Executing function: 'us.functions.utils.handleTechnicalErrorPopup'
2022-12-15 18:12:28.026 [DEBUG] [thread-id 1] - Store in: store the value 'false' in the variable 'errorRemoved'
2022-12-15 18:12:28.026 [DEBUG] [thread-id 1] - sleep:  10000 milliseconds
2022-12-15 18:12:38.032 [DEBUG] [thread-id 1] - loop: from 0 to 3
2022-12-15 18:12:38.810 [DEBUG] [thread-id 1] - 0
2022-12-15 18:12:50.447 [DEBUG] [thread-id 1] - conditionally execute a flow. condition: false
2022-12-15 18:12:51.205 [DEBUG] [thread-id 1] - Store in: store the value 'true' in the variable 'errorRemoved'
2022-12-15 18:12:51.970 [DEBUG] [thread-id 1] - No Technical Error Pop up observed
2022-12-15 18:12:53.155 [DEBUG] [thread-id 1] - conditionally execute a flow. condition: true
2022-12-15 18:12:53.909 [DEBUG] [thread-id 1] - Clicked on Checkout button successfully
2022-12-15 18:12:53.925 [DEBUG] [thread-id 1] - Executing function: 'us.functions.checkout.AddPetVet'
2022-12-15 18:12:53.926 [DEBUG] [thread-id 1] - Scroll: down
2022-12-15 18:12:56.151 [DEBUG] [thread-id 1] - conditionally execute a flow. condition: true
2022-12-15 18:12:57.006 [DEBUG] [thread-id 1] - Click element: 'PetRxFulfillmentView.addPetVetButton'
2022-12-15 18:12:57.465 [DEBUG] [thread-id 1] - Executing function: 'us.functions.checkout.SelectPetVet'
2022-12-15 18:12:57.963 [DEBUG] [thread-id 1] - Verify identifier: {Select a pet=[true]}
2022-12-15 18:12:58.021 [DEBUG] [thread-id 1] - Click element: 'Select a pet'
2022-12-15 18:12:59.342 [DEBUG] [thread-id 1] - conditionally execute a flow. condition: true
2022-12-15 18:12:59.974 [DEBUG] [thread-id 1] - loop: from 1 to 3
2022-12-15 18:13:00.362 [DEBUG] [thread-id 1] - Click element: 'Select a pet'
2022-12-15 18:13:12.042 [DEBUG] [thread-id 1] - Click element: 'Select a pet'
2022-12-15 18:13:23.400 [DEBUG] [thread-id 1] - conditionally execute a flow. condition: true
2022-12-15 18:13:23.881 [DEBUG] [thread-id 1] - is the pickerwheel up ?cordinates tap
2022-12-15 18:13:35.411 [DEBUG] [thread-id 1] - Click element: '200,768'
2022-12-15 18:13:56.703 [DEBUG] [thread-id 1] - Main failed: Is not present: 'Vet *'
2022-12-15 18:13:57.229 [DEBUG] [thread-id 1] - Executing scenario: 'After'
2022-12-15 18:13:57.244 [DEBUG] [thread-id 1] - Executing function: 'us.functions.utils.afterSteps'
2022-12-15 18:13:57.254 [WARN] [thread-id 1] - variable testStatus was used, but r2 could not find a value for this variable. returning default of null
2022-12-15 18:13:57.255 [DEBUG] [thread-id 1] - conditionally execute a flow. condition: false
2022-12-15 18:13:57.732 [DEBUG] [thread-id 1] - Test failed
2022-12-15 18:13:58.215 [DEBUG] [thread-id 1] - Executing function: 'us.functions.utils.closeErrorAlertIfExists'
2022-12-15 18:14:15.252 [DEBUG] [thread-id 1] - Created report: /Users/m0k0a2f/glass-automation/report/index.html
2022-12-15 18:54:29.290 [DEBUG] [thread-id 1] - Executing R2 3.29.0: '/Users/m0k0a2f/glass-automation/./us/test/test-scripts/ios/golden-flows/multi-fulfillment-flows/PetRX-multi-fulfilment-Shipping-mixed-order.yaml' on device: 'iPhone 13'
2022-12-15 18:55:16.613 [DEBUG] [thread-id 1] - Executing scenario: 'Before'
2022-12-15 18:55:16.620 [DEBUG] [thread-id 1] - Execute before steps
2022-12-15 18:55:16.622 [DEBUG] [thread-id 1] - R2_SUBFLOW_PRE_TRANSACTION
2022-12-15 18:55:16.625 [DEBUG] [thread-id 1] - Executing function: 'us.functions.utils.astro.clearCart'
2022-12-15 18:55:16.730 [DEBUG] [thread-id 1] - Call API: 'http://astro.walmart.com/api/v2/teflon/customer/walp@gmail.com/clearcart'
2022-12-15 18:55:30.571 [DEBUG] [thread-id 1] - Response code is: '200'. Response body is: '{"astroStatus":"SUCCESS","astroDescription":"CART_CLEARED","astroDetails":{"dbSessionMap":{"CXO_CART_ST":"{\"mtoken\":\"1:14#147247421#2=157546646#8=72329264\"}"},"checkoutable":false,"cart":{"id":"83994d90-d44b-4948-ab70-e56b42c8256c","buyer":{"id":"70c68aba-a7ca-49ca-9daf-3eec75e8f609","type":"CUSTOMER"},"storeIds":[],"itemCount":0,"entityErrors":[],"shipping":{"id":"28216638-423b-4fb1-8743-9718c7900e82","dbLockVersion":0,"dbSessionMap":{},"dbLockMap":{},"postalCode":"95122","city":"San Jose","state":"CA","countryCode":"USA","latitude":37.606689,"longitude":-122.426362,"isPOBox":false,"isAPOFPO":false},"currencyCode":"USD","preview":false,"tenantId":0,"verticalId":0,"checkoutableErrors":[],"intent":"PICKUP","pickupStore":{"city":"San Jose","stateOrProvinceCode":"CA","countryCode":"USA","postalCode":"95122","storeId":"32144","services":[]},"deliveryStore":{"city":"San Jose","stateOrProvinceCode":"CA","countryCode":"USA","postalCode":"95122","storeId":"32144","services":[]},"mpStores":[],"fulfillmentPlans":[],"accessPoints":[{"id":"f681d48a-7be4-43ea-8e10-229a1f00db37","name":"32144 - Home Delivery","storeId":32144,"fulfillmentType":"DELIVERY","fulfillmentOption":"DELIVERY","supportedTimeZone":"US/Pacific","locationInstruction":"[{\"type\":\"CHECKIN_DEFAULT\",\"value\":\"<div> <p> In order to protect the safety of our customers & associates, we've temporarily moved to a no-contact pickup in store process. </p> <br /> <br /><b>Please bring your government-issued ID</b><br /> <ol> <li>Check in with the app to let us know you're on the way.</li> <li> Park in a designated pickup spot, stay in your vehicle and keep your windows rolled up. </li> <li> A Walmart associate will request access to your trunk or back seat, then they'll load your order. </li> <li>You're all set! The associate will sign for the order.</li> </ol> </div>\"},{\"type\":\"EMAIL_DEFAULT\",\"value\":\"<div> <p> In order to protect the safety of our customers & associates, we've temporarily moved to a no-contact pickup in store process. </p> <br /> <br /><b>Please bring your government-issued ID</b><br /> <ol> <li>Check in with the app to let us know you're on the way.</li> <li> Park in a designated pickup spot, stay in your vehicle and keep your windows rolled up. </li> <li> A Walmart associate will request access to your trunk or back seat, then they'll load your order. </li> <li>You're all set! The associate will sign for the order.</li> </ol> </div>\"}]","isStoreEbtEligible":false,"allowAlcohol":false,"restrictions":[],"accessType":"DELIVERY_ADDRESS","storeCategory":"Supercenter","nodeType":"STORE","allowBagFee":true,"isBagFeeMandatory":false,"address":{"postalCode":"95122","addressLineOne":"777 Story Rd","city":"San Jose","state":"CA","addressTypeName":"OFFICE","isPOBox":false,"countryCode":"USA"}},{"id":"6168c2e3-fc36-4827-98e6-d717d10af1d6","name":"Walmart San Jose Store #32144","storeId":32144,"fulfillmentType":"INSTORE_PICKUP","fulfillmentOption":"PICKUP","supportedTimeZone":"US/Pacific","locationInstruction":"[{\"type\":\"CHECKIN_DEFAULT\",\"value\":\"<div> <p> In order to protect the safety of our customers & associates, we've temporarily moved to a no-contact pickup in store process or curbside. </p> <br /> <br /><b>Please bring your government-issued ID</b><br /> <ol> <li>Check in with the app to let us know you're on the way.</li> <li> Park in a designated pickup spot, stay in your vehicle and keep your windows rolled up. </li> <li> A Walmart associate will request access to your trunk or back seat, then they'll load your order. </li> <li>You're all set! The associate will sign for the order.</li> </ol> </div>\"},{\"type\":\"EMAIL_DEFAULT\",\"value\":\"NA\"},{\"type\":\"CHECKIN_1\",\"value\":\"Next, tell us when you’ve parked. Park by the pickup sign and enter your parking info so we can find you faster.\"}]","isStoreEbtEligible":true,"allowAlcohol":true,"restrictions":[],"accessType":"PICKUP_CURBSIDE","storeCategory":"Supercenter","nodeType":"STORE","allowBagFee":true,"isBagFeeMandatory":false,"address":{"postalCode":"95122","addressLineOne":"777 Story Rd","city":"San Jose","state":"CA","addressTypeName":"OFFICE","isPOBox":false,"countryCode":"USA"}}],"reservations":[],"isExplicitIntent":false,"hasGiftEligibleItem":false,"warnings":[],"restrictions":[]},"isOmniPromiseResponse":true}}'
2022-12-15 18:55:30.698 [DEBUG] [thread-id 1] - Cart cleared for walp@gmail.com
2022-12-15 18:55:30.805 [DEBUG] [thread-id 1] - Using us-errors-helpers.yaml
2022-12-15 18:55:30.897 [DEBUG] [thread-id 1] - Start Main
2022-12-15 18:55:30.901 [DEBUG] [thread-id 1] - Executing function: 'us.functions.global.onboarding.navigateOnboardingToHome'
2022-12-15 18:55:30.903 [DEBUG] [thread-id 1] - Executing function: 'us.function.utils.getEnvironmentValue'
2022-12-15 18:55:30.921 [DEBUG] [thread-id 1] - Store in: store the value 'teflon' in the variable 'env'
2022-12-15 18:55:31.056 [DEBUG] [thread-id 1] - Verify identifier: {//XCUIElementTypeStaticText[@name="WelcomeViewController.titleLabel"] | //XCUIElementTypeStaticText[@name="SignUpNudgeWelcomeViewController.titleLabel"]=[true]}
2022-12-15 18:55:41.081 [DEBUG] [thread-id 1] - conditionally execute a flow. condition: false
2022-12-15 18:55:41.272 [DEBUG] [thread-id 1] - Click element: '//XCUIElementTypeStaticText[@name="Continue"] | //XCUIElementTypeStaticText[@name="Next"] | //XCUIElementTypeStaticText[@name="Continue as guest"]'
2022-12-15 18:55:42.052 [DEBUG] [thread-id 1] - Verify identifier: {NotificationPermissionViewController.titleLabel=[true]}
2022-12-15 18:55:42.170 [DEBUG] [thread-id 1] - Click element: '//XCUIElementTypeStaticText[@name="Not now"] | //XCUIElementTypeButton[@name="cta.cancel.notifications"]'
2022-12-15 18:55:55.256 [DEBUG] [thread-id 1] - Verify identifier: {Share your location=[true]}
2022-12-15 18:55:55.302 [DEBUG] [thread-id 1] - Click element: 'Enter zip code'
2022-12-15 18:56:05.524 [DEBUG] [thread-id 1] - conditionally execute a flow. condition: false
2022-12-15 18:56:05.622 [DEBUG] [thread-id 1] - Observed personalizedScreen
2022-12-15 18:56:05.723 [DEBUG] [thread-id 1] - conditionally execute a flow. condition: true
2022-12-15 18:56:05.874 [DEBUG] [thread-id 1] - Click element: 'Continue'
2022-12-15 18:56:08.068 [DEBUG] [thread-id 1] - Click element: 'Continue'
2022-12-15 18:56:09.717 [DEBUG] [thread-id 1] - conditionally execute a flow. condition: true
2022-12-15 18:56:10.976 [DEBUG] [thread-id 1] - Click element: 'Ask App Not to Track'
2022-12-15 18:56:42.041 [DEBUG] [thread-id 1] - Executing function: 'us.functions.utils.tryAgainWhenThereIsError'
2022-12-15 18:56:42.059 [DEBUG] [thread-id 1] - loop: from 0 to 2
2022-12-15 18:56:42.221 [DEBUG] [thread-id 1] - 0
2022-12-15 18:56:52.560 [DEBUG] [thread-id 1] - conditionally execute a flow. condition: false
2022-12-15 18:56:52.711 [DEBUG] [thread-id 1] - Executing function: 'us.functions.onboarding.handleTechnicalErrorPage'
2022-12-15 18:56:52.714 [DEBUG] [thread-id 1] - sleep:  5000 milliseconds
2022-12-15 18:56:57.728 [DEBUG] [thread-id 1] - loop: from 0 to 4
2022-12-15 18:56:57.927 [DEBUG] [thread-id 1] - 0
2022-12-15 18:57:08.214 [DEBUG] [thread-id 1] - conditionally execute a flow. condition: false
2022-12-15 18:57:08.372 [DEBUG] [thread-id 1] - No Technical Error Page observed
2022-12-15 18:57:08.548 [DEBUG] [thread-id 1] - Executing function: 'us.functions.gic.collapseIfExpanded'
2022-12-15 18:57:08.754 [DEBUG] [thread-id 1] - conditionally execute a flow. condition: true
2022-12-15 18:57:09.092 [DEBUG] [thread-id 1] - Click element: '//*[contains(@label,"Expanded")]'
2022-12-15 18:57:09.293 [DEBUG] [thread-id 1] - Executing function: 'us.functions.home.navigateHomeToSignIn'
2022-12-15 18:57:09.815 [DEBUG] [thread-id 1] - Click element: 'Account'
2022-12-15 18:57:10.147 [DEBUG] [thread-id 1] - sleep:  3000 milliseconds
2022-12-15 18:57:13.706 [DEBUG] [thread-id 1] - Verify identifier: {//XCUIElementTypeButton[@name="Account.SignInButton"] | //XCUIElementTypeButton[@name="HeaderView.loginButton"] | //XCUIElementTypeButton[@label="SignInYourAccountTableViewCell.signInButton"] | //XCUIElementTypeButton[@label="Sign in"] | //XCUIElementTypeButton[@label="Sign in or create an account"]=[true]}
2022-12-15 18:57:13.708 [DEBUG] [thread-id 1] - loop: from 1 to 3
2022-12-15 18:57:14.400 [DEBUG] [thread-id 1] - conditionally execute a flow. condition: true
2022-12-15 18:57:15.070 [DEBUG] [thread-id 1] - Click element: '//XCUIElementTypeButton[@name="Account.SignInButton"] | //XCUIElementTypeButton[@name="HeaderView.loginButton"] | //XCUIElementTypeButton[@label="SignInYourAccountTableViewCell.signInButton"] | //XCUIElementTypeButton[@label="Sign in"] | //XCUIElementTypeButton[@label="Sign in or create an account"]'
2022-12-15 18:57:15.852 [DEBUG] [thread-id 1] - sleep:  3000 milliseconds
2022-12-15 18:57:19.426 [DEBUG] [thread-id 1] - conditionally execute a flow. condition: true
2022-12-15 18:57:19.743 [DEBUG] [thread-id 1] - Store in: store the value 'true' in the variable 'signInValidated'
2022-12-15 18:57:20.116 [DEBUG] [thread-id 1] - conditionally execute a flow. condition: true
2022-12-15 18:57:20.433 [DEBUG] [thread-id 1] - SignIn page loaded
2022-12-15 18:57:20.743 [DEBUG] [thread-id 1] - Store in: store the value 'false' in the variable 'signInValidated'
2022-12-15 18:57:20.750 [DEBUG] [thread-id 1] - Executing function: 'us.functions.global.authentication.signInAccount'
2022-12-15 18:57:20.756 [WARN] [thread-id 1] - variable validateSignInPage was used, but r2 could not find a value for this variable. returning default of null
2022-12-15 18:57:20.764 [DEBUG] [thread-id 1] - Executing function: 'us.functions.global.authentication.dismissSelectSavedPasswordDialog'
2022-12-15 18:57:31.373 [DEBUG] [thread-id 1] - Verify identifier: {//XCUIElementTypeTextField=[true]}
2022-12-15 18:57:31.640 [DEBUG] [thread-id 1] - Enter text: 'walp@gmail.com'
2022-12-15 18:57:35.301 [DEBUG] [thread-id 1] - loop: from 1 to 3
2022-12-15 18:57:36.368 [DEBUG] [thread-id 1] - sleep:  3000 milliseconds
2022-12-15 18:57:40.432 [DEBUG] [thread-id 1] - conditionally execute a flow. condition: true
2022-12-15 18:57:41.574 [DEBUG] [thread-id 1] - Click element: 'SignInView.ctaButton'
2022-12-15 18:57:44.682 [DEBUG] [thread-id 1] - conditionally execute a flow. condition: true
2022-12-15 18:57:45.766 [DEBUG] [thread-id 1] - Store in: store the value 'true' in the variable 'signInValidated'
2022-12-15 18:57:46.857 [DEBUG] [thread-id 1] - conditionally execute a flow. condition: true
2022-12-15 18:57:47.874 [DEBUG] [thread-id 1] - Store in: store the value 'false' in the variable 'signInValidated'
2022-12-15 18:57:48.901 [DEBUG] [thread-id 1] - Email entered
2022-12-15 18:57:48.914 [WARN] [thread-id 1] - variable validateSignInPage was used, but r2 could not find a value for this variable. returning default of null
2022-12-15 18:57:48.915 [DEBUG] [thread-id 1] - loop: from 1 to 3
2022-12-15 18:57:49.935 [DEBUG] [thread-id 1] - sleep:  2000 milliseconds
2022-12-15 18:57:53.325 [DEBUG] [thread-id 1] - conditionally execute a flow. condition: true
2022-12-15 18:57:54.718 [DEBUG] [thread-id 1] - Enter text: 'Testing@123'
2022-12-15 18:57:58.389 [DEBUG] [thread-id 1] - sleep:  1000 milliseconds
2022-12-15 18:58:01.189 [DEBUG] [thread-id 1] - Click element: '//XCUIElementTypeStaticText[@name="Sign in"] | //XCUIElementTypeButton[@label="Sign In" or @label="Sign in"] | //XCUIElementTypeButton[@name="OtpView.ctaButton"] | //XCUIElementTypeButton[@label="Sign in or create an account"]'
2022-12-15 18:58:02.620 [DEBUG] [thread-id 1] - sleep:  2000 milliseconds
2022-12-15 18:58:17.509 [DEBUG] [thread-id 1] - Hide keyboard: 'true'
2022-12-15 18:58:18.841 [DEBUG] [thread-id 1] - conditionally execute a flow. condition: true
2022-12-15 18:58:19.883 [DEBUG] [thread-id 1] - Store in: store the value 'true' in the variable 'signInValidated'
2022-12-15 18:58:20.939 [DEBUG] [thread-id 1] - conditionally execute a flow. condition: true
2022-12-15 18:58:21.950 [DEBUG] [thread-id 1] - Account signed in
2022-12-15 18:58:22.227 [DEBUG] [thread-id 1] - conditionally execute a flow. condition: true
2022-12-15 18:58:23.552 [DEBUG] [thread-id 1] - Click element: '//XCUIElementTypeButton[@name="Don’t Allow"] | //XCUIElementTypeButton[@name="Don’t Allow"]'
2022-12-15 18:58:24.177 [DEBUG] [thread-id 1] - Executing function: 'us.functions.utils.handleCartMergePopup'
2022-12-15 18:58:24.179 [DEBUG] [thread-id 1] - sleep:  7000 milliseconds
2022-12-15 18:58:31.188 [DEBUG] [thread-id 1] - loop: from 0 to 4
2022-12-15 18:58:32.054 [DEBUG] [thread-id 1] - 0
2022-12-15 18:58:42.866 [DEBUG] [thread-id 1] - conditionally execute a flow. condition: false
2022-12-15 18:58:43.615 [DEBUG] [thread-id 1] - No Technical Error Page observed
2022-12-15 18:58:44.368 [DEBUG] [thread-id 1] - Executing function: 'us.functions.global.navigation.accountToHome'
2022-12-15 18:58:44.929 [DEBUG] [thread-id 1] - Click element: '//XCUIElementTypeButton[@name="Shop"] |  //XCUIElementTypeButton[@name="Home"]'
2022-12-15 18:58:45.264 [DEBUG] [thread-id 1] - Executing function: 'us.functions.home.closeWPlusPromotionPopUpIfDisplayed'
2022-12-15 18:58:45.265 [DEBUG] [thread-id 1] - sleep:  5000 milliseconds
2022-12-15 18:58:50.851 [DEBUG] [thread-id 1] - conditionally execute a flow. condition: true
2022-12-15 18:58:52.099 [DEBUG] [thread-id 1] - Click element: '//XCUIElementTypeButton[@name="SplashPageViewController.closeButton" or contains(@label, "Close Walmart plus promotional pop up")] | //XCUIElementTypeNavigationBar[@name="WalmartPlus.SplashPageView"]/XCUIElementTypeButton|//XCUIElementTypeButton[@name="close"]'
2022-12-15 18:58:52.902 [DEBUG] [thread-id 1] - Verify identifier: {//XCUIElementTypeSearchField[@name="Search Walmart"] | //XCUIElementTypeOther[@name="Search Walmart"]/XCUIElementTypeOther | //XCUIElementTypeOther[@name="Search Walmart"]=[true]}
2022-12-15 18:58:52.903 [DEBUG] [thread-id 1] - Executing function: 'us.functions.home.rateDriverPopup'
2022-12-15 18:58:52.905 [DEBUG] [thread-id 1] - loop: from 1 to 6
2022-12-15 18:58:53.404 [DEBUG] [thread-id 1] - 1
2022-12-15 18:59:04.045 [DEBUG] [thread-id 1] - conditionally execute a flow. condition: false
2022-12-15 18:59:04.524 [DEBUG] [thread-id 1] - Executing function: 'us.functions.home.setStore'
2022-12-15 18:59:04.555 [DEBUG] [thread-id 1] - Executing function: 'us.functions.global.navigation.goToDeepLink'
2022-12-15 18:59:04.562 [DEBUG] [thread-id 1] - Verify value of: '$deepLinkUrl'
2022-12-15 18:59:04.565 [DEBUG] [thread-id 1] - Open link: 'walmart://ip/894010516'
2022-12-15 18:59:05.394 [DEBUG] [thread-id 1] - Executing function: 'us.functions.global.navigation.openDeepLink'
2022-12-15 18:59:15.490 [DEBUG] [thread-id 1] - Executing function: 'us.functions.utils.handleTechnicalErrorPopup'
2022-12-15 18:59:15.492 [DEBUG] [thread-id 1] - Store in: store the value 'false' in the variable 'errorRemoved'
2022-12-15 18:59:15.493 [DEBUG] [thread-id 1] - sleep:  10000 milliseconds
2022-12-15 18:59:25.515 [DEBUG] [thread-id 1] - loop: from 0 to 3
2022-12-15 18:59:26.517 [DEBUG] [thread-id 1] - 0
2022-12-15 18:59:38.468 [DEBUG] [thread-id 1] - conditionally execute a flow. condition: false
2022-12-15 18:59:39.507 [DEBUG] [thread-id 1] - Store in: store the value 'true' in the variable 'errorRemoved'
2022-12-15 18:59:40.569 [DEBUG] [thread-id 1] - No Technical Error Pop up observed
2022-12-15 18:59:41.563 [DEBUG] [thread-id 1] - Executing function: 'us.functions.item.petrxItem.verifyPresent'
2022-12-15 18:59:44.213 [DEBUG] [thread-id 1] - Verify identifier: {TitleView_productTitle=[true], //XCUIElementTypeStaticText[@name="PriceView_primaryProductPrice"]=[true], Prescription required=[true]}
2022-12-15 18:59:44.214 [DEBUG] [thread-id 1] - Scroll: down
2022-12-15 19:00:42.534 [DEBUG] [thread-id 1] - Verify identifier: {Pickup not available at Carrollton Pharmacy Check availability nearby=[true]}
2022-12-15 19:00:42.537 [DEBUG] [thread-id 1] - Executing function: 'us.functions.item.addItemToCart'
2022-12-15 19:00:43.478 [DEBUG] [thread-id 1] - sleep:  2000 milliseconds
2022-12-15 19:00:50.212 [DEBUG] [thread-id 1] - Item wasn't Added initially, continuing with scenario
2022-12-15 19:00:51.021 [DEBUG] [thread-id 1] - conditionally execute a flow. condition: true
2022-12-15 19:00:52.029 [DEBUG] [thread-id 1] - ATC button present
2022-12-15 19:00:52.987 [DEBUG] [thread-id 1] - Click element: '(//XCUIElementTypeButton[@name="stepper.mainButton"])[1] | //XCUIElementTypeOther[@name="stepper.addToCartButton"] | (//XCUIElementTypeOther[contains(@name,"GlassStepperView.inner")]) | //XCUIElementTypeButton[@name="stepper.mainButton"]'
2022-12-15 19:00:53.413 [DEBUG] [thread-id 1] - sleep:  3000 milliseconds
2022-12-15 19:01:07.270 [WARN] [thread-id 1] - variable closeButtonNotDisplayed was used, but r2 could not find a value for this variable. returning default of null
2022-12-15 19:01:07.274 [DEBUG] [thread-id 1] - conditionally execute a flow. condition: false
2022-12-15 19:01:08.305 [DEBUG] [thread-id 1] - Executing function: 'us.functions.item.handlePAC'
2022-12-15 19:01:08.306 [DEBUG] [thread-id 1] - sleep:  5000 milliseconds
2022-12-15 19:01:25.249 [DEBUG] [thread-id 1] - sleep:  1000 milliseconds
2022-12-15 19:01:27.283 [WARN] [thread-id 1] - variable qty was used, but r2 could not find a value for this variable. returning default of null
2022-12-15 19:01:27.284 [WARN] [thread-id 1] - variable qty was used, but r2 could not find a value for this variable. returning default of null
2022-12-15 19:01:28.042 [DEBUG] [thread-id 1] - Verify identifier: {//XCUIElementTypeStaticText[@name="1 added"]| //XCUIElementTypeOther[@name="add-to-cart-button"] | //XCUIElementTypeStaticText[@label="null"] | Max 1=[true]}
2022-12-15 19:01:43.853 [DEBUG] [thread-id 1] - Click element: 'ItemDetailsViewController_itemDetailCloseButton'
2022-12-15 19:01:45.532 [DEBUG] [thread-id 1] - Verify identifier: {TitleView_productTitle=[true]}
2022-12-15 19:01:45.532 [DEBUG] [thread-id 1] - sleep:  3000 milliseconds
2022-12-15 19:01:48.537 [DEBUG] [thread-id 1] - Verify identifier: {Your cart is empty=[true]}
2022-12-15 19:01:48.538 [DEBUG] [thread-id 1] - Store in: store the value 'false' in the variable 'closeButtonNotDisplayed'
2022-12-15 19:01:48.539 [DEBUG] [thread-id 1] - R2_SUBFLOW_TRANSACTION
2022-12-15 19:01:48.549 [DEBUG] [thread-id 1] - Executing function: 'us.functions.global.navigation.toCartFromNavBar'
2022-12-15 19:01:48.994 [DEBUG] [thread-id 1] - Verify identifier: {//XCUIElementTypeNavigationBar[@name="Shop"]/XCUIElementTypeButton | //XCUIElementTypeButton[contains(@label, "Your cart")] | //XCUIElementTypeButton[(@name="SearchResultsViewController.cartButton") or (contains(@label,"Your cart contains") and contains(@label,"The estimated total is")) or (@label="Your cart is empty")]=[true]}
2022-12-15 19:01:49.436 [DEBUG] [thread-id 1] - Click element: '//XCUIElementTypeNavigationBar[@name="Shop"]/XCUIElementTypeButton | //XCUIElementTypeButton[contains(@label, "Your cart")] | //XCUIElementTypeButton[(@name="SearchResultsViewController.cartButton") or (contains(@label,"Your cart contains") and contains(@label,"The estimated total is")) or (@label="Your cart is empty")]'
2022-12-15 19:01:51.294 [DEBUG] [thread-id 1] - Verify identifier: {Cart=[true]}
2022-12-15 19:01:51.294 [DEBUG] [thread-id 1] - Executing function: 'us.functions.utils.handleTechnicalErrorPageInCart'
2022-12-15 19:01:51.294 [DEBUG] [thread-id 1] - sleep:  15000 milliseconds
2022-12-15 19:02:06.309 [DEBUG] [thread-id 1] - Store in: store the value 'false' in the variable 'cartPageLoaded'
2022-12-15 19:02:06.316 [DEBUG] [thread-id 1] - loop: from 0 to 7
2022-12-15 19:02:07.113 [DEBUG] [thread-id 1] - 0
2022-12-15 19:02:07.713 [DEBUG] [thread-id 1] - conditionally execute a flow. condition: true
2022-12-15 19:02:08.739 [DEBUG] [thread-id 1] - conditionally execute a flow. condition: true
2022-12-15 19:02:09.378 [DEBUG] [thread-id 1] - Store in: store the value 'true' in the variable 'cartPageLoaded'
2022-12-15 19:02:20.587 [DEBUG] [thread-id 1] - conditionally execute a flow. condition: false
2022-12-15 19:02:21.717 [DEBUG] [thread-id 1] - conditionally execute a flow. condition: true
2022-12-15 19:02:22.329 [DEBUG] [thread-id 1] - Store in: store the value 'true' in the variable 'cartPageLoaded'
2022-12-15 19:02:22.959 [DEBUG] [thread-id 1] - conditionally execute a flow. condition: false
2022-12-15 19:02:23.567 [DEBUG] [thread-id 1] - conditionally execute a flow. condition: true
2022-12-15 19:02:24.168 [DEBUG] [thread-id 1] - Cart page loaded successfully
2022-12-15 19:02:24.184 [DEBUG] [thread-id 1] - Executing function: 'us.functions.cart.verifyCardDetails'
2022-12-15 19:02:24.186 [DEBUG] [thread-id 1] - Executing function: 'us.functions.utils.getFulfillmentTextsToCompare'
2022-12-15 19:02:24.192 [DEBUG] [thread-id 1] - conditionally execute a flow. condition: true
2022-12-15 19:02:24.807 [DEBUG] [thread-id 1] - Store in: store the value 'shipping' in the variable 'altFulfillmentText'
2022-12-15 19:02:24.818 [DEBUG] [thread-id 1] - -------Validate Shipping cart details function start-------
2022-12-15 19:02:24.819 [WARN] [thread-id 1] - variable initialCartDataSetup was used, but r2 could not find a value for this variable. returning default of null
2022-12-15 19:02:24.844 [DEBUG] [thread-id 1] - conditionally execute a flow. condition: true
2022-12-15 19:02:25.431 [DEBUG] [thread-id 1] - sleep:  5000 milliseconds
2022-12-15 19:02:31.070 [DEBUG] [thread-id 1] - conditionally execute a flow. condition: true
2022-12-15 19:02:31.662 [DEBUG] [thread-id 1] - Cart page displayed
2022-12-15 19:02:32.272 [WARN] [thread-id 1] - variable validationScope was used, but r2 could not find a value for this variable. returning default of null
2022-12-15 19:02:32.886 [DEBUG] [thread-id 1] - Store in: store the value 'complete' in the variable 'initialCartDataSetup'
2022-12-15 19:02:33.949 [DEBUG] [thread-id 1] - Verify identifier: {//XCUIElementTypeStaticText[@name="FulfillmentSummaryView.titlePrefixLabel" and (contains(@label,"Shipping") or contains(@label,"shipping"))]=[true]}
2022-12-15 19:02:33.964 [WARN] [thread-id 1] - variable validationScope was used, but r2 could not find a value for this variable. returning default of null
2022-12-15 19:02:33.965 [DEBUG] [thread-id 1] - conditionally execute a flow. condition: false
2022-12-15 19:02:34.566 [DEBUG] [thread-id 1] - Basic Shipping fulfillment section validation done
2022-12-15 19:02:34.584 [WARN] [thread-id 1] - variable unscheduled was used, but r2 could not find a value for this variable. returning default of null
2022-12-15 19:02:34.587 [WARN] [thread-id 1] - variable partialCheckout was used, but r2 could not find a value for this variable. returning default of null
2022-12-15 19:02:34.593 [DEBUG] [thread-id 1] - Store in: store the value 'null' in the variable 'altFulfillmentText'
2022-12-15 19:02:34.597 [DEBUG] [thread-id 1] - Store in: store the value 'null' in the variable 'validationScope'
2022-12-15 19:02:34.599 [DEBUG] [thread-id 1] - Store in: store the value 'false' in the variable 'unscheduled'
2022-12-15 19:02:34.601 [DEBUG] [thread-id 1] - Store in: store the value 'false' in the variable 'partialCheckout'
2022-12-15 19:02:34.604 [DEBUG] [thread-id 1] - -------Validate Shipping cart details function end-------
2022-12-15 19:02:34.609 [DEBUG] [thread-id 1] - Executing function: 'us.functions.cart.continueToCheckout'
2022-12-15 19:02:35.033 [DEBUG] [thread-id 1] - Verify identifier: {//XCUIElementTypeStaticText[@name="Continue to checkout"] | //XCUIElementTypeStaticText[@name="Checkout all items"]=[true]}
2022-12-15 19:02:42.484 [DEBUG] [thread-id 1] - Click element: '//XCUIElementTypeStaticText[@name="Continue to checkout"] | //XCUIElementTypeStaticText[@name="Checkout all items"]'
2022-12-15 19:02:42.778 [DEBUG] [thread-id 1] - sleep:  3000 milliseconds
2022-12-15 19:02:45.797 [DEBUG] [thread-id 1] - Executing function: 'us.functions.home.closeWPlusPromotionPopUpIfDisplayed'
2022-12-15 19:02:45.798 [DEBUG] [thread-id 1] - sleep:  5000 milliseconds
2022-12-15 19:02:51.744 [DEBUG] [thread-id 1] - conditionally execute a flow. condition: true
2022-12-15 19:02:53.412 [DEBUG] [thread-id 1] - Click element: '//XCUIElementTypeButton[@name="SplashPageViewController.closeButton" or contains(@label, "Close Walmart plus promotional pop up")] | //XCUIElementTypeNavigationBar[@name="WalmartPlus.SplashPageView"]/XCUIElementTypeButton|//XCUIElementTypeButton[@name="close"]'
2022-12-15 19:03:15.050 [DEBUG] [thread-id 1] - Executing function: 'us.functions.utils.handleTechnicalErrorPopup'
2022-12-15 19:03:15.052 [DEBUG] [thread-id 1] - Store in: store the value 'false' in the variable 'errorRemoved'
2022-12-15 19:03:15.052 [DEBUG] [thread-id 1] - sleep:  10000 milliseconds
2022-12-15 19:03:25.058 [DEBUG] [thread-id 1] - loop: from 0 to 3
2022-12-15 19:03:25.803 [DEBUG] [thread-id 1] - 0
2022-12-15 19:03:36.767 [DEBUG] [thread-id 1] - conditionally execute a flow. condition: false
2022-12-15 19:03:37.527 [DEBUG] [thread-id 1] - Store in: store the value 'true' in the variable 'errorRemoved'
2022-12-15 19:03:38.259 [DEBUG] [thread-id 1] - No Technical Error Pop up observed
2022-12-15 19:03:39.394 [DEBUG] [thread-id 1] - conditionally execute a flow. condition: true
2022-12-15 19:03:40.154 [DEBUG] [thread-id 1] - Clicked on Checkout button successfully
2022-12-15 19:03:40.163 [DEBUG] [thread-id 1] - Executing function: 'us.functions.checkout.AddPetVet'
2022-12-15 19:03:40.170 [DEBUG] [thread-id 1] - Scroll: down
2022-12-15 19:03:42.428 [DEBUG] [thread-id 1] - conditionally execute a flow. condition: true
2022-12-15 19:03:43.280 [DEBUG] [thread-id 1] - Click element: 'PetRxFulfillmentView.addPetVetButton'
2022-12-15 19:03:43.715 [DEBUG] [thread-id 1] - Executing function: 'us.functions.checkout.SelectPetVet'
2022-12-15 19:03:44.160 [DEBUG] [thread-id 1] - Verify identifier: {Select a pet=[true]}
2022-12-15 19:03:44.214 [DEBUG] [thread-id 1] - Click element: 'Select a pet'
2022-12-15 19:03:45.447 [DEBUG] [thread-id 1] - conditionally execute a flow. condition: true
2022-12-15 19:04:05.506 [DEBUG] [thread-id 1] - Main failed: Cannot click '//XCUIElementTypeButton[`label == "Done"`]'
2022-12-15 19:04:05.804 [DEBUG] [thread-id 1] - Executing scenario: 'After'
2022-12-15 19:04:05.809 [DEBUG] [thread-id 1] - Executing function: 'us.functions.utils.afterSteps'
2022-12-15 19:04:05.815 [WARN] [thread-id 1] - variable testStatus was used, but r2 could not find a value for this variable. returning default of null
2022-12-15 19:04:05.816 [DEBUG] [thread-id 1] - conditionally execute a flow. condition: false
2022-12-15 19:04:06.096 [DEBUG] [thread-id 1] - Test failed
2022-12-15 19:04:06.378 [DEBUG] [thread-id 1] - Executing function: 'us.functions.utils.closeErrorAlertIfExists'
2022-12-15 19:04:22.077 [DEBUG] [thread-id 1] - Created report: /Users/m0k0a2f/glass-automation/report/index.html
2022-12-15 19:06:45.770 [DEBUG] [thread-id 1] - Executing R2 3.29.0: '/Users/m0k0a2f/glass-automation/./us/test/test-scripts/ios/golden-flows/multi-fulfillment-flows/PetRX-multi-fulfilment-Shipping-mixed-order.yaml' on device: 'iPhone 13'
2022-12-15 19:07:24.873 [DEBUG] [thread-id 1] - Executing scenario: 'Before'
2022-12-15 19:07:24.879 [DEBUG] [thread-id 1] - Execute before steps
2022-12-15 19:07:24.881 [DEBUG] [thread-id 1] - R2_SUBFLOW_PRE_TRANSACTION
2022-12-15 19:07:24.884 [DEBUG] [thread-id 1] - Executing function: 'us.functions.utils.astro.clearCart'
2022-12-15 19:07:25.002 [DEBUG] [thread-id 1] - Call API: 'http://astro.walmart.com/api/v2/teflon/customer/walp@gmail.com/clearcart'
2022-12-15 19:07:38.820 [DEBUG] [thread-id 1] - Response code is: '200'. Response body is: '{"astroStatus":"SUCCESS","astroDescription":"CART_CLEARED","astroDetails":{"dbSessionMap":{"CXO_CART_ST":"{\"mtoken\":\"1:14#147250521#2=157550151#8=72333133\"}"},"checkoutable":false,"cart":{"id":"83994d90-d44b-4948-ab70-e56b42c8256c","buyer":{"id":"70c68aba-a7ca-49ca-9daf-3eec75e8f609","type":"CUSTOMER"},"storeIds":[],"itemCount":0,"entityErrors":[],"shipping":{"id":"933dbd77-ce85-4c6c-bc84-0f3155817f58","dbLockVersion":0,"dbSessionMap":{},"dbLockMap":{},"postalCode":"95122","city":"San Jose","state":"CA","countryCode":"USA","latitude":37.606689,"longitude":-122.426362,"isPOBox":false,"isAPOFPO":false},"currencyCode":"USD","preview":false,"tenantId":0,"verticalId":0,"checkoutableErrors":[],"intent":"PICKUP","pickupStore":{"city":"San Jose","stateOrProvinceCode":"CA","countryCode":"USA","postalCode":"95122","storeId":"32144","services":[]},"deliveryStore":{"city":"San Jose","stateOrProvinceCode":"CA","countryCode":"USA","postalCode":"95122","storeId":"32144","services":[]},"mpStores":[],"fulfillmentPlans":[],"accessPoints":[{"id":"f681d48a-7be4-43ea-8e10-229a1f00db37","name":"32144 - Home Delivery","storeId":32144,"fulfillmentType":"DELIVERY","fulfillmentOption":"DELIVERY","supportedTimeZone":"US/Pacific","locationInstruction":"[{\"type\":\"CHECKIN_DEFAULT\",\"value\":\"<div> <p> In order to protect the safety of our customers & associates, we've temporarily moved to a no-contact pickup in store process. </p> <br /> <br /><b>Please bring your government-issued ID</b><br /> <ol> <li>Check in with the app to let us know you're on the way.</li> <li> Park in a designated pickup spot, stay in your vehicle and keep your windows rolled up. </li> <li> A Walmart associate will request access to your trunk or back seat, then they'll load your order. </li> <li>You're all set! The associate will sign for the order.</li> </ol> </div>\"},{\"type\":\"EMAIL_DEFAULT\",\"value\":\"<div> <p> In order to protect the safety of our customers & associates, we've temporarily moved to a no-contact pickup in store process. </p> <br /> <br /><b>Please bring your government-issued ID</b><br /> <ol> <li>Check in with the app to let us know you're on the way.</li> <li> Park in a designated pickup spot, stay in your vehicle and keep your windows rolled up. </li> <li> A Walmart associate will request access to your trunk or back seat, then they'll load your order. </li> <li>You're all set! The associate will sign for the order.</li> </ol> </div>\"}]","isStoreEbtEligible":false,"allowAlcohol":false,"restrictions":[],"accessType":"DELIVERY_ADDRESS","storeCategory":"Supercenter","nodeType":"STORE","allowBagFee":true,"isBagFeeMandatory":false,"address":{"postalCode":"95122","addressLineOne":"777 Story Rd","city":"San Jose","state":"CA","addressTypeName":"OFFICE","isPOBox":false,"countryCode":"USA"}},{"id":"6168c2e3-fc36-4827-98e6-d717d10af1d6","name":"Walmart San Jose Store #32144","storeId":32144,"fulfillmentType":"INSTORE_PICKUP","fulfillmentOption":"PICKUP","supportedTimeZone":"US/Pacific","locationInstruction":"[{\"type\":\"CHECKIN_DEFAULT\",\"value\":\"<div> <p> In order to protect the safety of our customers & associates, we've temporarily moved to a no-contact pickup in store process or curbside. </p> <br /> <br /><b>Please bring your government-issued ID</b><br /> <ol> <li>Check in with the app to let us know you're on the way.</li> <li> Park in a designated pickup spot, stay in your vehicle and keep your windows rolled up. </li> <li> A Walmart associate will request access to your trunk or back seat, then they'll load your order. </li> <li>You're all set! The associate will sign for the order.</li> </ol> </div>\"},{\"type\":\"EMAIL_DEFAULT\",\"value\":\"NA\"},{\"type\":\"CHECKIN_1\",\"value\":\"Next, tell us when you’ve parked. Park by the pickup sign and enter your parking info so we can find you faster.\"}]","isStoreEbtEligible":true,"allowAlcohol":true,"restrictions":[],"accessType":"PICKUP_CURBSIDE","storeCategory":"Supercenter","nodeType":"STORE","allowBagFee":true,"isBagFeeMandatory":false,"address":{"postalCode":"95122","addressLineOne":"777 Story Rd","city":"San Jose","state":"CA","addressTypeName":"OFFICE","isPOBox":false,"countryCode":"USA"}}],"reservations":[],"isExplicitIntent":false,"hasGiftEligibleItem":false,"warnings":[],"restrictions":[]},"isOmniPromiseResponse":true}}'
2022-12-15 19:07:38.950 [DEBUG] [thread-id 1] - Cart cleared for walp@gmail.com
2022-12-15 19:07:39.053 [DEBUG] [thread-id 1] - Using us-errors-helpers.yaml
2022-12-15 19:07:39.139 [DEBUG] [thread-id 1] - Start Main
2022-12-15 19:07:39.142 [DEBUG] [thread-id 1] - Executing function: 'us.functions.global.onboarding.navigateOnboardingToHome'
2022-12-15 19:07:39.144 [DEBUG] [thread-id 1] - Executing function: 'us.function.utils.getEnvironmentValue'
2022-12-15 19:07:39.151 [DEBUG] [thread-id 1] - Store in: store the value 'teflon' in the variable 'env'
2022-12-15 19:07:39.280 [DEBUG] [thread-id 1] - Verify identifier: {//XCUIElementTypeStaticText[@name="WelcomeViewController.titleLabel"] | //XCUIElementTypeStaticText[@name="SignUpNudgeWelcomeViewController.titleLabel"]=[true]}
2022-12-15 19:07:49.304 [DEBUG] [thread-id 1] - conditionally execute a flow. condition: false
2022-12-15 19:07:49.478 [DEBUG] [thread-id 1] - Click element: '//XCUIElementTypeStaticText[@name="Continue"] | //XCUIElementTypeStaticText[@name="Next"] | //XCUIElementTypeStaticText[@name="Continue as guest"]'
2022-12-15 19:07:50.221 [DEBUG] [thread-id 1] - Verify identifier: {NotificationPermissionViewController.titleLabel=[true]}
2022-12-15 19:07:50.338 [DEBUG] [thread-id 1] - Click element: '//XCUIElementTypeStaticText[@name="Not now"] | //XCUIElementTypeButton[@name="cta.cancel.notifications"]'
2022-12-15 19:08:02.032 [DEBUG] [thread-id 1] - Verify identifier: {Share your location=[true]}
2022-12-15 19:08:02.072 [DEBUG] [thread-id 1] - Click element: 'Enter zip code'
2022-12-15 19:08:12.280 [DEBUG] [thread-id 1] - conditionally execute a flow. condition: false
2022-12-15 19:08:12.367 [DEBUG] [thread-id 1] - Observed personalizedScreen
2022-12-15 19:08:12.458 [DEBUG] [thread-id 1] - conditionally execute a flow. condition: true
2022-12-15 19:08:12.570 [DEBUG] [thread-id 1] - Click element: 'Continue'
2022-12-15 19:08:13.964 [DEBUG] [thread-id 1] - conditionally execute a flow. condition: true
2022-12-15 19:08:15.155 [DEBUG] [thread-id 1] - Click element: 'Ask App Not to Track'
2022-12-15 19:08:46.186 [DEBUG] [thread-id 1] - Executing function: 'us.functions.utils.tryAgainWhenThereIsError'
2022-12-15 19:08:46.208 [DEBUG] [thread-id 1] - loop: from 0 to 2
2022-12-15 19:08:46.373 [DEBUG] [thread-id 1] - 0
2022-12-15 19:08:56.804 [DEBUG] [thread-id 1] - conditionally execute a flow. condition: false
2022-12-15 19:08:56.969 [DEBUG] [thread-id 1] - Executing function: 'us.functions.onboarding.handleTechnicalErrorPage'
2022-12-15 19:08:56.970 [DEBUG] [thread-id 1] - sleep:  5000 milliseconds
2022-12-15 19:09:01.981 [DEBUG] [thread-id 1] - loop: from 0 to 4
2022-12-15 19:09:02.197 [DEBUG] [thread-id 1] - 0
2022-12-15 19:09:12.397 [DEBUG] [thread-id 1] - conditionally execute a flow. condition: false
2022-12-15 19:09:12.560 [DEBUG] [thread-id 1] - No Technical Error Page observed
2022-12-15 19:09:12.728 [DEBUG] [thread-id 1] - Executing function: 'us.functions.gic.collapseIfExpanded'
2022-12-15 19:09:12.911 [DEBUG] [thread-id 1] - conditionally execute a flow. condition: true
2022-12-15 19:09:13.236 [DEBUG] [thread-id 1] - Click element: '//*[contains(@label,"Expanded")]'
2022-12-15 19:09:13.431 [DEBUG] [thread-id 1] - Executing function: 'us.functions.home.navigateHomeToSignIn'
2022-12-15 19:09:13.946 [DEBUG] [thread-id 1] - Click element: 'Account'
2022-12-15 19:09:14.245 [DEBUG] [thread-id 1] - sleep:  3000 milliseconds
2022-12-15 19:09:17.760 [DEBUG] [thread-id 1] - Verify identifier: {//XCUIElementTypeButton[@name="Account.SignInButton"] | //XCUIElementTypeButton[@name="HeaderView.loginButton"] | //XCUIElementTypeButton[@label="SignInYourAccountTableViewCell.signInButton"] | //XCUIElementTypeButton[@label="Sign in"] | //XCUIElementTypeButton[@label="Sign in or create an account"]=[true]}
2022-12-15 19:09:17.762 [DEBUG] [thread-id 1] - loop: from 1 to 3
2022-12-15 19:09:18.395 [DEBUG] [thread-id 1] - conditionally execute a flow. condition: true
2022-12-15 19:09:19.039 [DEBUG] [thread-id 1] - Click element: '//XCUIElementTypeButton[@name="Account.SignInButton"] | //XCUIElementTypeButton[@name="HeaderView.loginButton"] | //XCUIElementTypeButton[@label="SignInYourAccountTableViewCell.signInButton"] | //XCUIElementTypeButton[@label="Sign in"] | //XCUIElementTypeButton[@label="Sign in or create an account"]'
2022-12-15 19:09:19.835 [DEBUG] [thread-id 1] - sleep:  3000 milliseconds
2022-12-15 19:09:23.383 [DEBUG] [thread-id 1] - conditionally execute a flow. condition: true
2022-12-15 19:09:23.702 [DEBUG] [thread-id 1] - Store in: store the value 'true' in the variable 'signInValidated'
2022-12-15 19:09:24.062 [DEBUG] [thread-id 1] - conditionally execute a flow. condition: true
2022-12-15 19:09:24.371 [DEBUG] [thread-id 1] - SignIn page loaded
2022-12-15 19:09:24.684 [DEBUG] [thread-id 1] - Store in: store the value 'false' in the variable 'signInValidated'
2022-12-15 19:09:24.694 [DEBUG] [thread-id 1] - Executing function: 'us.functions.global.authentication.signInAccount'
2022-12-15 19:09:24.707 [WARN] [thread-id 1] - variable validateSignInPage was used, but r2 could not find a value for this variable. returning default of null
2022-12-15 19:09:24.718 [DEBUG] [thread-id 1] - Executing function: 'us.functions.global.authentication.dismissSelectSavedPasswordDialog'
2022-12-15 19:09:35.100 [DEBUG] [thread-id 1] - Verify identifier: {//XCUIElementTypeTextField=[true]}
2022-12-15 19:09:35.354 [DEBUG] [thread-id 1] - Enter text: 'walp@gmail.com'
2022-12-15 19:09:38.841 [DEBUG] [thread-id 1] - loop: from 1 to 3
2022-12-15 19:09:39.914 [DEBUG] [thread-id 1] - sleep:  3000 milliseconds
2022-12-15 19:09:43.983 [DEBUG] [thread-id 1] - conditionally execute a flow. condition: true
2022-12-15 19:09:45.167 [DEBUG] [thread-id 1] - Click element: 'SignInView.ctaButton'
2022-12-15 19:09:48.228 [DEBUG] [thread-id 1] - conditionally execute a flow. condition: true
2022-12-15 19:09:49.284 [DEBUG] [thread-id 1] - Store in: store the value 'true' in the variable 'signInValidated'
2022-12-15 19:09:50.388 [DEBUG] [thread-id 1] - conditionally execute a flow. condition: true
2022-12-15 19:09:51.427 [DEBUG] [thread-id 1] - Store in: store the value 'false' in the variable 'signInValidated'
2022-12-15 19:09:52.464 [DEBUG] [thread-id 1] - Email entered
2022-12-15 19:09:52.475 [WARN] [thread-id 1] - variable validateSignInPage was used, but r2 could not find a value for this variable. returning default of null
2022-12-15 19:09:52.476 [DEBUG] [thread-id 1] - loop: from 1 to 3
2022-12-15 19:09:53.513 [DEBUG] [thread-id 1] - sleep:  2000 milliseconds
2022-12-15 19:09:56.920 [DEBUG] [thread-id 1] - conditionally execute a flow. condition: true
2022-12-15 19:09:58.261 [DEBUG] [thread-id 1] - Enter text: 'Testing@123'
2022-12-15 19:10:01.963 [DEBUG] [thread-id 1] - sleep:  1000 milliseconds
2022-12-15 19:10:04.765 [DEBUG] [thread-id 1] - Click element: '//XCUIElementTypeStaticText[@name="Sign in"] | //XCUIElementTypeButton[@label="Sign In" or @label="Sign in"] | //XCUIElementTypeButton[@name="OtpView.ctaButton"] | //XCUIElementTypeButton[@label="Sign in or create an account"]'
2022-12-15 19:10:06.171 [DEBUG] [thread-id 1] - sleep:  2000 milliseconds
2022-12-15 19:10:21.202 [DEBUG] [thread-id 1] - Hide keyboard: 'true'
2022-12-15 19:10:22.544 [DEBUG] [thread-id 1] - conditionally execute a flow. condition: true
2022-12-15 19:10:23.613 [DEBUG] [thread-id 1] - Store in: store the value 'true' in the variable 'signInValidated'
2022-12-15 19:10:24.682 [DEBUG] [thread-id 1] - conditionally execute a flow. condition: true
2022-12-15 19:10:25.706 [DEBUG] [thread-id 1] - Account signed in
2022-12-15 19:10:25.991 [DEBUG] [thread-id 1] - conditionally execute a flow. condition: true
2022-12-15 19:10:27.363 [DEBUG] [thread-id 1] - Click element: '//XCUIElementTypeButton[@name="Don’t Allow"] | //XCUIElementTypeButton[@name="Don’t Allow"]'
2022-12-15 19:10:27.554 [DEBUG] [thread-id 1] - Executing function: 'us.functions.utils.handleCartMergePopup'
2022-12-15 19:10:27.555 [DEBUG] [thread-id 1] - sleep:  7000 milliseconds
2022-12-15 19:10:34.565 [DEBUG] [thread-id 1] - loop: from 0 to 4
2022-12-15 19:10:35.437 [DEBUG] [thread-id 1] - 0
2022-12-15 19:10:46.264 [DEBUG] [thread-id 1] - conditionally execute a flow. condition: false
2022-12-15 19:10:47.019 [DEBUG] [thread-id 1] - No Technical Error Page observed
2022-12-15 19:10:47.790 [DEBUG] [thread-id 1] - Executing function: 'us.functions.global.navigation.accountToHome'
2022-12-15 19:10:48.339 [DEBUG] [thread-id 1] - Click element: '//XCUIElementTypeButton[@name="Shop"] |  //XCUIElementTypeButton[@name="Home"]'
2022-12-15 19:10:48.671 [DEBUG] [thread-id 1] - Executing function: 'us.functions.home.closeWPlusPromotionPopUpIfDisplayed'
2022-12-15 19:10:48.672 [DEBUG] [thread-id 1] - sleep:  5000 milliseconds
2022-12-15 19:10:54.263 [DEBUG] [thread-id 1] - conditionally execute a flow. condition: true
2022-12-15 19:10:55.520 [DEBUG] [thread-id 1] - Click element: '//XCUIElementTypeButton[@name="SplashPageViewController.closeButton" or contains(@label, "Close Walmart plus promotional pop up")] | //XCUIElementTypeNavigationBar[@name="WalmartPlus.SplashPageView"]/XCUIElementTypeButton|//XCUIElementTypeButton[@name="close"]'
2022-12-15 19:10:56.345 [DEBUG] [thread-id 1] - Verify identifier: {//XCUIElementTypeSearchField[@name="Search Walmart"] | //XCUIElementTypeOther[@name="Search Walmart"]/XCUIElementTypeOther | //XCUIElementTypeOther[@name="Search Walmart"]=[true]}
2022-12-15 19:10:56.346 [DEBUG] [thread-id 1] - Executing function: 'us.functions.home.rateDriverPopup'
2022-12-15 19:10:56.347 [DEBUG] [thread-id 1] - loop: from 1 to 6
2022-12-15 19:10:56.846 [DEBUG] [thread-id 1] - 1
2022-12-15 19:11:07.555 [DEBUG] [thread-id 1] - conditionally execute a flow. condition: false
2022-12-15 19:11:08.045 [DEBUG] [thread-id 1] - Executing function: 'us.functions.home.setStore'
2022-12-15 19:11:08.085 [DEBUG] [thread-id 1] - Executing function: 'us.functions.global.navigation.goToDeepLink'
2022-12-15 19:11:08.094 [DEBUG] [thread-id 1] - Verify value of: '$deepLinkUrl'
2022-12-15 19:11:08.098 [DEBUG] [thread-id 1] - Open link: 'walmart://ip/894010516'
2022-12-15 19:11:08.740 [DEBUG] [thread-id 1] - Executing function: 'us.functions.global.navigation.openDeepLink'
2022-12-15 19:11:19.269 [DEBUG] [thread-id 1] - Executing function: 'us.functions.utils.handleTechnicalErrorPopup'
2022-12-15 19:11:19.270 [DEBUG] [thread-id 1] - Store in: store the value 'false' in the variable 'errorRemoved'
2022-12-15 19:11:19.270 [DEBUG] [thread-id 1] - sleep:  10000 milliseconds
2022-12-15 19:11:29.288 [DEBUG] [thread-id 1] - loop: from 0 to 3
2022-12-15 19:11:30.294 [DEBUG] [thread-id 1] - 0
2022-12-15 19:11:42.417 [DEBUG] [thread-id 1] - conditionally execute a flow. condition: false
2022-12-15 19:11:43.558 [DEBUG] [thread-id 1] - Store in: store the value 'true' in the variable 'errorRemoved'
2022-12-15 19:11:44.657 [DEBUG] [thread-id 1] - No Technical Error Pop up observed
2022-12-15 19:11:45.705 [DEBUG] [thread-id 1] - Executing function: 'us.functions.item.petrxItem.verifyPresent'
2022-12-15 19:11:53.417 [DEBUG] [thread-id 1] - Verify identifier: {TitleView_productTitle=[true], //XCUIElementTypeStaticText[@name="PriceView_primaryProductPrice"]=[true], Prescription required=[true]}
2022-12-15 19:11:53.418 [DEBUG] [thread-id 1] - Scroll: down
2022-12-15 19:12:00.750 [DEBUG] [thread-id 1] - Verify identifier: {Pickup not available at Carrollton Pharmacy Check availability nearby=[true]}
2022-12-15 19:12:00.754 [DEBUG] [thread-id 1] - Executing function: 'us.functions.item.addItemToCart'
2022-12-15 19:12:01.693 [DEBUG] [thread-id 1] - sleep:  2000 milliseconds
2022-12-15 19:12:08.328 [DEBUG] [thread-id 1] - Item wasn't Added initially, continuing with scenario
2022-12-15 19:12:09.107 [DEBUG] [thread-id 1] - conditionally execute a flow. condition: true
2022-12-15 19:12:10.111 [DEBUG] [thread-id 1] - ATC button present
2022-12-15 19:12:10.972 [DEBUG] [thread-id 1] - Click element: '(//XCUIElementTypeButton[@name="stepper.mainButton"])[1] | //XCUIElementTypeOther[@name="stepper.addToCartButton"] | (//XCUIElementTypeOther[contains(@name,"GlassStepperView.inner")]) | //XCUIElementTypeButton[@name="stepper.mainButton"]'
2022-12-15 19:12:11.387 [DEBUG] [thread-id 1] - sleep:  3000 milliseconds
2022-12-15 19:12:24.656 [WARN] [thread-id 1] - variable closeButtonNotDisplayed was used, but r2 could not find a value for this variable. returning default of null
2022-12-15 19:12:24.661 [DEBUG] [thread-id 1] - conditionally execute a flow. condition: false
2022-12-15 19:12:25.664 [DEBUG] [thread-id 1] - Executing function: 'us.functions.item.handlePAC'
2022-12-15 19:12:25.665 [DEBUG] [thread-id 1] - sleep:  5000 milliseconds
2022-12-15 19:12:42.266 [DEBUG] [thread-id 1] - sleep:  1000 milliseconds
2022-12-15 19:12:44.251 [WARN] [thread-id 1] - variable qty was used, but r2 could not find a value for this variable. returning default of null
2022-12-15 19:12:44.252 [WARN] [thread-id 1] - variable qty was used, but r2 could not find a value for this variable. returning default of null
2022-12-15 19:12:44.999 [DEBUG] [thread-id 1] - Verify identifier: {//XCUIElementTypeStaticText[@name="1 added"]| //XCUIElementTypeOther[@name="add-to-cart-button"] | //XCUIElementTypeStaticText[@label="null"] | Max 1=[true]}
2022-12-15 19:13:01.084 [DEBUG] [thread-id 1] - Click element: 'ItemDetailsViewController_itemDetailCloseButton'
2022-12-15 19:13:02.744 [DEBUG] [thread-id 1] - Verify identifier: {TitleView_productTitle=[true]}
2022-12-15 19:13:02.745 [DEBUG] [thread-id 1] - sleep:  3000 milliseconds
2022-12-15 19:13:05.750 [DEBUG] [thread-id 1] - Verify identifier: {Your cart is empty=[true]}
2022-12-15 19:13:05.751 [DEBUG] [thread-id 1] - Store in: store the value 'false' in the variable 'closeButtonNotDisplayed'
2022-12-15 19:13:05.752 [DEBUG] [thread-id 1] - R2_SUBFLOW_TRANSACTION
2022-12-15 19:13:05.764 [DEBUG] [thread-id 1] - Executing function: 'us.functions.global.navigation.toCartFromNavBar'
2022-12-15 19:13:06.218 [DEBUG] [thread-id 1] - Verify identifier: {//XCUIElementTypeNavigationBar[@name="Shop"]/XCUIElementTypeButton | //XCUIElementTypeButton[contains(@label, "Your cart")] | //XCUIElementTypeButton[(@name="SearchResultsViewController.cartButton") or (contains(@label,"Your cart contains") and contains(@label,"The estimated total is")) or (@label="Your cart is empty")]=[true]}
2022-12-15 19:13:06.637 [DEBUG] [thread-id 1] - Click element: '//XCUIElementTypeNavigationBar[@name="Shop"]/XCUIElementTypeButton | //XCUIElementTypeButton[contains(@label, "Your cart")] | //XCUIElementTypeButton[(@name="SearchResultsViewController.cartButton") or (contains(@label,"Your cart contains") and contains(@label,"The estimated total is")) or (@label="Your cart is empty")]'
2022-12-15 19:13:08.525 [DEBUG] [thread-id 1] - Verify identifier: {Cart=[true]}
2022-12-15 19:13:08.526 [DEBUG] [thread-id 1] - Executing function: 'us.functions.utils.handleTechnicalErrorPageInCart'
2022-12-15 19:13:08.526 [DEBUG] [thread-id 1] - sleep:  15000 milliseconds
2022-12-15 19:13:23.536 [DEBUG] [thread-id 1] - Store in: store the value 'false' in the variable 'cartPageLoaded'
2022-12-15 19:13:23.538 [DEBUG] [thread-id 1] - loop: from 0 to 7
2022-12-15 19:13:24.327 [DEBUG] [thread-id 1] - 0
2022-12-15 19:13:24.935 [DEBUG] [thread-id 1] - conditionally execute a flow. condition: true
2022-12-15 19:13:25.989 [DEBUG] [thread-id 1] - conditionally execute a flow. condition: true
2022-12-15 19:13:26.634 [DEBUG] [thread-id 1] - Store in: store the value 'true' in the variable 'cartPageLoaded'
2022-12-15 19:13:37.338 [DEBUG] [thread-id 1] - conditionally execute a flow. condition: false
2022-12-15 19:13:38.480 [DEBUG] [thread-id 1] - conditionally execute a flow. condition: true
2022-12-15 19:13:39.138 [DEBUG] [thread-id 1] - Store in: store the value 'true' in the variable 'cartPageLoaded'
2022-12-15 19:13:39.812 [DEBUG] [thread-id 1] - conditionally execute a flow. condition: false
2022-12-15 19:13:40.435 [DEBUG] [thread-id 1] - conditionally execute a flow. condition: true
2022-12-15 19:13:41.030 [DEBUG] [thread-id 1] - Cart page loaded successfully
2022-12-15 19:13:41.040 [DEBUG] [thread-id 1] - Executing function: 'us.functions.cart.verifyCardDetails'
2022-12-15 19:13:41.040 [DEBUG] [thread-id 1] - Executing function: 'us.functions.utils.getFulfillmentTextsToCompare'
2022-12-15 19:13:41.046 [DEBUG] [thread-id 1] - conditionally execute a flow. condition: true
2022-12-15 19:13:41.643 [DEBUG] [thread-id 1] - Store in: store the value 'shipping' in the variable 'altFulfillmentText'
2022-12-15 19:13:41.651 [DEBUG] [thread-id 1] - -------Validate Shipping cart details function start-------
2022-12-15 19:13:41.653 [WARN] [thread-id 1] - variable initialCartDataSetup was used, but r2 could not find a value for this variable. returning default of null
2022-12-15 19:13:41.666 [DEBUG] [thread-id 1] - conditionally execute a flow. condition: true
2022-12-15 19:13:42.257 [DEBUG] [thread-id 1] - sleep:  5000 milliseconds
2022-12-15 19:13:47.904 [DEBUG] [thread-id 1] - conditionally execute a flow. condition: true
2022-12-15 19:13:48.499 [DEBUG] [thread-id 1] - Cart page displayed
2022-12-15 19:13:49.122 [WARN] [thread-id 1] - variable validationScope was used, but r2 could not find a value for this variable. returning default of null
2022-12-15 19:13:49.743 [DEBUG] [thread-id 1] - Store in: store the value 'complete' in the variable 'initialCartDataSetup'
2022-12-15 19:13:50.881 [DEBUG] [thread-id 1] - Verify identifier: {//XCUIElementTypeStaticText[@name="FulfillmentSummaryView.titlePrefixLabel" and (contains(@label,"Shipping") or contains(@label,"shipping"))]=[true]}
2022-12-15 19:13:50.888 [WARN] [thread-id 1] - variable validationScope was used, but r2 could not find a value for this variable. returning default of null
2022-12-15 19:13:50.890 [DEBUG] [thread-id 1] - conditionally execute a flow. condition: false
2022-12-15 19:13:51.534 [DEBUG] [thread-id 1] - Basic Shipping fulfillment section validation done
2022-12-15 19:13:51.547 [WARN] [thread-id 1] - variable unscheduled was used, but r2 could not find a value for this variable. returning default of null
2022-12-15 19:13:51.549 [WARN] [thread-id 1] - variable partialCheckout was used, but r2 could not find a value for this variable. returning default of null
2022-12-15 19:13:51.550 [DEBUG] [thread-id 1] - Store in: store the value 'null' in the variable 'altFulfillmentText'
2022-12-15 19:13:51.551 [DEBUG] [thread-id 1] - Store in: store the value 'null' in the variable 'validationScope'
2022-12-15 19:13:51.553 [DEBUG] [thread-id 1] - Store in: store the value 'false' in the variable 'unscheduled'
2022-12-15 19:13:51.555 [DEBUG] [thread-id 1] - Store in: store the value 'false' in the variable 'partialCheckout'
2022-12-15 19:13:51.556 [DEBUG] [thread-id 1] - -------Validate Shipping cart details function end-------
2022-12-15 19:13:51.560 [DEBUG] [thread-id 1] - Executing function: 'us.functions.cart.continueToCheckout'
2022-12-15 19:13:52.021 [DEBUG] [thread-id 1] - Verify identifier: {//XCUIElementTypeStaticText[@name="Continue to checkout"] | //XCUIElementTypeStaticText[@name="Checkout all items"]=[true]}
2022-12-15 19:13:59.506 [DEBUG] [thread-id 1] - Click element: '//XCUIElementTypeStaticText[@name="Continue to checkout"] | //XCUIElementTypeStaticText[@name="Checkout all items"]'
2022-12-15 19:13:59.803 [DEBUG] [thread-id 1] - sleep:  3000 milliseconds
2022-12-15 19:14:02.840 [DEBUG] [thread-id 1] - Executing function: 'us.functions.home.closeWPlusPromotionPopUpIfDisplayed'
2022-12-15 19:14:02.842 [DEBUG] [thread-id 1] - sleep:  5000 milliseconds
2022-12-15 19:14:08.805 [DEBUG] [thread-id 1] - conditionally execute a flow. condition: true
2022-12-15 19:14:10.494 [DEBUG] [thread-id 1] - Click element: '//XCUIElementTypeButton[@name="SplashPageViewController.closeButton" or contains(@label, "Close Walmart plus promotional pop up")] | //XCUIElementTypeNavigationBar[@name="WalmartPlus.SplashPageView"]/XCUIElementTypeButton|//XCUIElementTypeButton[@name="close"]'
2022-12-15 19:14:31.328 [DEBUG] [thread-id 1] - Executing function: 'us.functions.utils.handleTechnicalErrorPopup'
2022-12-15 19:14:31.329 [DEBUG] [thread-id 1] - Store in: store the value 'false' in the variable 'errorRemoved'
2022-12-15 19:14:31.330 [DEBUG] [thread-id 1] - sleep:  10000 milliseconds
2022-12-15 19:14:41.336 [DEBUG] [thread-id 1] - loop: from 0 to 3
2022-12-15 19:14:42.085 [DEBUG] [thread-id 1] - 0
2022-12-15 19:14:52.941 [DEBUG] [thread-id 1] - conditionally execute a flow. condition: false
2022-12-15 19:14:53.719 [DEBUG] [thread-id 1] - Store in: store the value 'true' in the variable 'errorRemoved'
2022-12-15 19:14:54.492 [DEBUG] [thread-id 1] - No Technical Error Pop up observed
2022-12-15 19:14:55.694 [DEBUG] [thread-id 1] - conditionally execute a flow. condition: true
2022-12-15 19:14:56.466 [DEBUG] [thread-id 1] - Clicked on Checkout button successfully
2022-12-15 19:14:56.476 [DEBUG] [thread-id 1] - Executing function: 'us.functions.checkout.AddPetVet'
2022-12-15 19:14:56.481 [DEBUG] [thread-id 1] - Scroll: down
2022-12-15 19:14:58.648 [DEBUG] [thread-id 1] - conditionally execute a flow. condition: true
2022-12-15 19:14:59.500 [DEBUG] [thread-id 1] - Click element: 'PetRxFulfillmentView.addPetVetButton'
2022-12-15 19:14:59.928 [DEBUG] [thread-id 1] - Executing function: 'us.functions.checkout.SelectPetVet'
2022-12-15 19:15:00.415 [DEBUG] [thread-id 1] - Verify identifier: {Select a pet=[true]}
2022-12-15 19:15:00.469 [DEBUG] [thread-id 1] - Click element: 'Select a pet'
2022-12-15 19:15:01.965 [DEBUG] [thread-id 1] - conditionally execute a flow. condition: true
2022-12-15 19:15:21.538 [DEBUG] [thread-id 1] - Main failed: Cannot click 'Done'
2022-12-15 19:15:21.849 [DEBUG] [thread-id 1] - Executing scenario: 'After'
2022-12-15 19:15:21.858 [DEBUG] [thread-id 1] - Executing function: 'us.functions.utils.afterSteps'
2022-12-15 19:15:21.861 [WARN] [thread-id 1] - variable testStatus was used, but r2 could not find a value for this variable. returning default of null
2022-12-15 19:15:21.862 [DEBUG] [thread-id 1] - conditionally execute a flow. condition: false
2022-12-15 19:15:22.147 [DEBUG] [thread-id 1] - Test failed
2022-12-15 19:15:22.426 [DEBUG] [thread-id 1] - Executing function: 'us.functions.utils.closeErrorAlertIfExists'
2022-12-15 19:15:37.677 [DEBUG] [thread-id 1] - Created report: /Users/m0k0a2f/glass-automation/report/index.html
