2024-03-12 12:33:57.074 [DEBUG] [thread-id 1] - Executing R2 3.38.1: '/Users/m0k0a2f/glass-automation/./us/test/test-scripts/ios/golden-flows/vision-flows/C2699282-multiple-prescription.yaml' on device: 'iPhone 14'
2024-03-12 12:34:56.803 [DEBUG] [thread-id 1] - Executing scenario: 'Before'
2024-03-12 12:34:56.805 [DEBUG] [thread-id 1] - Execute before steps
2024-03-12 12:34:56.806 [DEBUG] [thread-id 1] - R2_SUBFLOW_PRE_TRANSACTION
2024-03-12 12:34:56.965 [DEBUG] [thread-id 1] - Using us-errors-helpers.yaml
2024-03-12 12:34:57.118 [DEBUG] [thread-id 1] - Start main
2024-03-12 12:34:57.120 [DEBUG] [thread-id 1] - Executing function: 'us.functions.global.onboarding.navigateOnboardingToHome'
2024-03-12 12:34:57.122 [DEBUG] [thread-id 1] - Executing function: 'us.function.utils.getEnvironmentValue'
2024-03-12 12:34:57.122 [DEBUG] [thread-id 1] - Store in: store the value 'teflon' in the variable 'env'
2024-03-12 12:34:57.123 [DEBUG] [thread-id 1] - Timestamp: 1710272097123
2024-03-12 12:34:57.135 [DEBUG] [thread-id 1] - Welcome screen loaded
2024-03-12 12:34:57.262 [DEBUG] [thread-id 1] - Verify identifier: {//XCUIElementTypeButton[@name="SignUpNudgeWelcomeViewController.bodyLabel"]=[true]}
2024-03-12 12:35:07.381 [DEBUG] [thread-id 1] - conditionally execute a flow. condition: false
2024-03-12 12:35:07.569 [DEBUG] [thread-id 1] - Click element: 'cta.cancel.welcome'
2024-03-12 12:35:08.049 [DEBUG] [thread-id 1] - Notifiction Prompt screen loaded
2024-03-12 12:35:08.529 [DEBUG] [thread-id 1] - Verify identifier: {NotificationPermissionViewController.titleLabel=[true]}
2024-03-12 12:35:08.591 [DEBUG] [thread-id 1] - Click element: 'cta.cancel.notifications'
2024-03-12 12:35:09.038 [DEBUG] [thread-id 1] - location screen loaded
2024-03-12 12:35:09.228 [DEBUG] [thread-id 1] - Verify identifier: {LocationPermissionViewController.titleLabel=[true], LocationPermissionViewController.bodyLabel=[true]}
2024-03-12 12:35:09.287 [DEBUG] [thread-id 1] - Click element: 'cta.cancel.location'
2024-03-12 12:35:10.016 [DEBUG] [thread-id 1] - Verify identifier: {label.postal-code-entry=[true]}
2024-03-12 12:35:10.077 [DEBUG] [thread-id 1] - Enter text: '95122'
2024-03-12 12:35:11.837 [DEBUG] [thread-id 1] - Click element: 'cta.continue'
2024-03-12 12:35:12.409 [DEBUG] [thread-id 1] - sleep:  3000 milliseconds
2024-03-12 12:35:15.417 [DEBUG] [thread-id 1] - loop: from 0 to 3
2024-03-12 12:35:15.714 [DEBUG] [thread-id 1] - 0
2024-03-12 12:35:26.313 [DEBUG] [thread-id 1] - conditionally execute a flow. condition: false
2024-03-12 12:35:36.918 [DEBUG] [thread-id 1] - Observed IDFA Sscreen
2024-03-12 12:35:37.177 [DEBUG] [thread-id 1] - conditionally execute a flow. condition: true
2024-03-12 12:35:37.446 [DEBUG] [thread-id 1] - Verify identifier: {ATTPermissionViewController.titleLabel=[true], ATTPermissionViewController.bodyLabel=[true]}
2024-03-12 12:35:37.797 [DEBUG] [thread-id 1] - Click element: 'cta.continue.location'
2024-03-12 12:35:41.119 [DEBUG] [thread-id 1] - Click element: '//XCUIElementTypeButton[@name="Ask App Not to Track"] | //XCUIElementTypeButton[@name="Solicitar a la app no rastrear"]'
2024-03-12 12:35:51.885 [DEBUG] [thread-id 1] - conditionally execute a flow. condition: false
2024-03-12 12:35:52.539 [DEBUG] [thread-id 1] - modal is not displayed
2024-03-12 12:36:03.231 [DEBUG] [thread-id 1] - Executing function: 'us.functions.gic.collapseIfExpanded'
2024-03-12 12:36:04.333 [DEBUG] [thread-id 1] - Verify identifier: {//*[contains(@label,"Expanded")] | //*[contains(@name,"Expanded")]=[true]}
2024-03-12 12:36:05.042 [DEBUG] [thread-id 1] - Collapsing GIC screen
2024-03-12 12:36:06.152 [DEBUG] [thread-id 1] - Click element: '//*[contains(@label,"Expanded")] | //*[contains(@name,"Expanded")]'
2024-03-12 12:36:06.667 [DEBUG] [thread-id 1] - Timestamp: 1710272166667
2024-03-12 12:36:06.669 [DEBUG] [thread-id 1] - Store in: store the value 'wplususer1710272166667@walmarttest.com' in the variable 'customerEmail'
2024-03-12 12:36:06.670 [DEBUG] [thread-id 1] - Store in: store the value 'E2epassword$' in the variable 'password'
2024-03-12 12:36:06.676 [DEBUG] [thread-id 1] - Executing function: 'us.functions.utils.astro.createAccount'
2024-03-12 12:36:06.678 [DEBUG] [thread-id 1] - Create Account
2024-03-12 12:36:06.680 [DEBUG] [thread-id 1] - {"firstName": "Native","lastName": "Test","emailAddress": "wplususer1710272166667@walmarttest.com","phoneNumber": "4088968104","paymentMethods": ["VISA"],"postalAddress": {"address": "2609 S Walton Blvd","city": "Bentonville","country": "USA","postalCode": "72712","state": "AR"},"password": "E2epassword$"}
2024-03-12 12:36:06.681 [DEBUG] [thread-id 1] - loop: from 1 to 4
2024-03-12 12:36:07.503 [DEBUG] [thread-id 1] - Call API: 'http://astro.walmart.com/api/v2/teflon/customer'
2024-03-12 12:36:22.373 [DEBUG] [thread-id 1] - Response code is: '200'. Response body is: '{"astroStatus":"SUCCESS","astroDescription":"SIGNUP_SUCCESS","astroDetails":{"status":"OK","statusCode":200,"customerAccountId":"428f77f3-6c04-4a38-b6ff-e66d85ded7c3","customerDetails":{"firstName":"Native","lastName":"Test","emailAddress":"wplususer1710272166667@walmarttest.com","phoneNumber":"4088968104","paymentMethods":["VISA"],"postalAddress":{"address":"2609 S Walton Blvd","city":"Bentonville","country":"USA","postalCode":"72712","state":"AR"},"password":"E2epassword$"},"addDeliveryPreference":"OK","addPaymentPreference":"OK","addPaymentPreferenceId":"e160d4c4-b74f-490b-8a94-def4c9f9cb2d","customerPatch":"OK"}}'
2024-03-12 12:36:23.211 [DEBUG] [thread-id 1] - conditionally execute a flow. condition: true
2024-03-12 12:36:24.033 [DEBUG] [thread-id 1] - conditionally execute a flow. condition: true
2024-03-12 12:36:24.850 [DEBUG] [thread-id 1] - e160d4c4-b74f-490b-8a94-def4c9f9cb2d
2024-03-12 12:36:25.673 [WARN] [thread-id 1] - variable withoutPayment was used, but r2 could not find a value for this variable. returning default of null
2024-03-12 12:36:25.674 [DEBUG] [thread-id 1] - conditionally execute a flow. condition: false
2024-03-12 12:36:26.497 [DEBUG] [thread-id 1] - Account created successfully
2024-03-12 12:36:27.347 [DEBUG] [thread-id 1] - ------- Account created Successfully -------
2024-03-12 12:36:28.211 [DEBUG] [thread-id 1] - Executing function: 'us.functions.home.navigateHomeToSignIn'
2024-03-12 12:36:28.211 [DEBUG] [thread-id 1] - sleep:  3000 milliseconds
2024-03-12 12:36:42.740 [DEBUG] [thread-id 1] - Click element: 'tab-account-unselected'
2024-03-12 12:36:44.199 [DEBUG] [thread-id 1] - Verify identifier: {SignInYourAccountTableViewCell.signInButton=[true]}
2024-03-12 12:36:44.200 [DEBUG] [thread-id 1] - loop: from 1 to 3
2024-03-12 12:36:44.873 [DEBUG] [thread-id 1] - conditionally execute a flow. condition: true
2024-03-12 12:36:45.681 [DEBUG] [thread-id 1] - Click element: 'SignInYourAccountTableViewCell.signInButton'
2024-03-12 12:36:49.988 [DEBUG] [thread-id 1] - Verify identifier: {TextFieldStackView.containerStackView=[true]}
2024-03-12 12:36:51.606 [DEBUG] [thread-id 1] - Store in: store the value 'true' in the variable 'signInValidated'
2024-03-12 12:36:53.232 [DEBUG] [thread-id 1] - conditionally execute a flow. condition: true
2024-03-12 12:36:54.837 [DEBUG] [thread-id 1] - SignIn page loaded
2024-03-12 12:36:56.465 [DEBUG] [thread-id 1] - Store in: store the value 'false' in the variable 'signInValidated'
2024-03-12 12:36:56.476 [DEBUG] [thread-id 1] - Executing function: 'us.functions.global.authentication.signInAccount'
2024-03-12 12:36:58.128 [DEBUG] [thread-id 1] - Verify identifier: {TextFieldStackView.containerStackView=[true]}
2024-03-12 12:36:58.355 [DEBUG] [thread-id 1] - Enter text: 'wplususer1710272166667@walmarttest.com'
2024-03-12 12:37:00.694 [DEBUG] [thread-id 1] - Click element: 'WelcomeView.ctaButton'
2024-03-12 12:37:14.651 [DEBUG] [thread-id 1] - conditionally execute a flow. condition: true
2024-03-12 12:37:16.686 [DEBUG] [thread-id 1] - Click element: 'OTPView.passwordOptionStackView'
2024-03-12 12:37:19.511 [DEBUG] [thread-id 1] - Verify identifier: {OTPView.passwordTextField=[true]}
2024-03-12 12:37:19.771 [DEBUG] [thread-id 1] - Enter text: 'E2epassword$'
2024-03-12 12:37:21.580 [DEBUG] [thread-id 1] - Click element: 'OTPView.ctaButton'
2024-03-12 12:37:48.507 [DEBUG] [thread-id 1] - conditionally execute a flow. condition: true
2024-03-12 12:37:51.086 [DEBUG] [thread-id 1] - Click element: 'Don’t Allow'
2024-03-12 12:37:51.843 [DEBUG] [thread-id 1] - Executing function: 'us.test.functions.utils.closeWplusPrompt.homeScreen'
2024-03-12 12:38:03.178 [DEBUG] [thread-id 1] - conditionally execute a flow. condition: false
2024-03-12 12:38:04.303 [DEBUG] [thread-id 1] - W+ Plus membership prompt is not present nothing to close continue
2024-03-12 12:38:04.313 [DEBUG] [thread-id 1] - Executing function: 'us.functions.utils.handleCartMergePopup'
2024-03-12 12:38:04.314 [DEBUG] [thread-id 1] - loop: from 0 to 4
2024-03-12 12:38:05.411 [DEBUG] [thread-id 1] - 0
2024-03-12 12:38:13.110 [DEBUG] [thread-id 1] - No Technical Error Page observed
2024-03-12 12:38:14.291 [DEBUG] [thread-id 1] - sleep:  1000 milliseconds
2024-03-12 12:38:27.189 [DEBUG] [thread-id 1] - Executing function: 'us.functions.global.navigation.accountToHome'
2024-03-12 12:38:27.190 [DEBUG] [thread-id 1] - Verify identifier: {Shop=[true]}
2024-03-12 12:38:27.190 [DEBUG] [thread-id 1] - sleep:  2000 milliseconds
2024-03-12 12:38:29.459 [DEBUG] [thread-id 1] - Click element: 'Shop'
2024-03-12 12:38:30.820 [DEBUG] [thread-id 1] - Executing function: 'us.functions.home.closeWPlusPromotionPopUpIfDisplayed'
2024-03-12 12:38:35.082 [DEBUG] [thread-id 1] - Verify identifier: {//XCUIElementTypeButton[@name="SplashPageTermView.primaryButton"]|//XCUIElementTypeButton[@name="WalmartPlusSplashBottomSheet.tryWalmartPlusMemberShipButton"] | //XCUIElementTypeButton[@label="Try your rewards benefit"] | //XCUIElementTypeButton[@name="BenefitEngagementTempoContainerView.primaryButton"]=[true]}
2024-03-12 12:38:37.324 [DEBUG] [thread-id 1] - conditionally execute a flow. condition: true
2024-03-12 12:38:39.570 [DEBUG] [thread-id 1] - Click element: '//XCUIElementTypeButton[@name="SplashPageViewController.closeButton" or contains(@label, "Close Walmart plus promotional pop up")] | //XCUIElementTypeNavigationBar[@name="WalmartPlus.SplashPageView"]/XCUIElementTypeButton | //XCUIElementTypeButton[@name="close" or @name="Close"] | //XCUIElementTypeButton[@name="SplashPageViewController.fullScreenCloseButton"] | //XCUIElementTypeButton[@name="MultiSplashViewController.fullScreenCloseButton"]'
2024-03-12 12:38:41.380 [DEBUG] [thread-id 1] - Verify identifier: {Search Walmart=[true]}
2024-03-12 12:38:41.381 [DEBUG] [thread-id 1] - Executing function: 'us.functions.gic.select.inhome.delivery.address'
2024-03-12 12:38:41.381 [DEBUG] [thread-id 1] - Executing function: 'us.functions.gic.expandIfCollapsed'
2024-03-12 12:38:42.886 [DEBUG] [thread-id 1] - Verify identifier: {//*[contains(@label,"Collapsed")] | //*[contains(@name,"Collapsed")]=[true]}
2024-03-12 12:38:44.353 [DEBUG] [thread-id 1] - Click element: '//*[contains(@label,"Collapsed")] | //*[contains(@name,"Collapsed")]'
2024-03-12 12:38:45.804 [DEBUG] [thread-id 1] - Click element: 'GlobalIntentCenter.AddAddressButton'
2024-03-12 12:38:46.465 [DEBUG] [thread-id 1] - sleep:  2000 milliseconds
2024-03-12 12:38:48.998 [DEBUG] [thread-id 1] - Click element: '//XCUIElementTypeButton[@name="DeliveryAddressSelectTableViewCell.itemStackView"] | //XCUIElementTypeButton[@name="AddressSelectTableViewCell.itemStackView"]'
2024-03-12 12:38:49.572 [DEBUG] [thread-id 1] - sleep:  2000 milliseconds
2024-03-12 12:38:52.014 [DEBUG] [thread-id 1] - Click element: '//XCUIElementTypeButton[@label="Save"]'
2024-03-12 12:38:52.590 [DEBUG] [thread-id 1] - InHome Delivery Eligible address is selected on GIC!
2024-03-12 12:38:52.591 [DEBUG] [thread-id 1] - Executing function: 'us.functions.global.navigation.goToDeepLink'
2024-03-12 12:38:52.593 [DEBUG] [thread-id 1] - Verify value of: '$deepLinkUrl'
2024-03-12 12:38:52.594 [DEBUG] [thread-id 1] - Open link: 'walmart://ip/2110489082'
2024-03-12 12:38:54.385 [DEBUG] [thread-id 1] - Executing function: 'us.functions.global.navigation.openDeepLink'
2024-03-12 12:39:05.020 [DEBUG] [thread-id 1] - Deeplink pop up not displayed
2024-03-12 12:39:05.037 [DEBUG] [thread-id 1] - Executing function: 'us.functions.item.addItemToCart'
2024-03-12 12:39:09.187 [DEBUG] [thread-id 1] - Verify identifier: {stepper.mainButton=[true]}
2024-03-12 12:39:14.234 [DEBUG] [thread-id 1] - Click element: 'stepper.mainButton'
2024-03-12 12:39:32.202 [WARN] [thread-id 1] - variable qty was used, but r2 could not find a value for this variable. returning default of null
2024-03-12 12:39:32.202 [WARN] [thread-id 1] - variable qty was used, but r2 could not find a value for this variable. returning default of null
2024-03-12 12:39:34.958 [DEBUG] [thread-id 1] - Verify identifier: {//XCUIElementTypeStaticText[@name="1 added"]| //XCUIElementTypeOther[@name="add-to-cart-button"] | //XCUIElementTypeStaticText[@label="null"] | Max 1=[true]}
2024-03-12 12:39:34.958 [WARN] [thread-id 1] - variable skipPostAddToCartSteps was used, but r2 could not find a value for this variable. returning default of null
2024-03-12 12:39:34.959 [DEBUG] [thread-id 1] - conditionally execute a flow. condition: true
2024-03-12 12:39:39.140 [DEBUG] [thread-id 1] - Executing function: 'us.functions.item.postAddToCartSteps'
2024-03-12 12:40:02.899 [DEBUG] [thread-id 1] - No ACC pop up screen displayed
2024-03-12 12:40:32.915 [DEBUG] [thread-id 1] - No PAC overlay pop up screen displayed
2024-03-12 12:40:40.463 [DEBUG] [thread-id 1] - Click element: '//XCUIElementTypeButton[@name="Close"] | //XCUIElementTypeButton[@label="Close"]'
2024-03-12 12:40:41.875 [DEBUG] [thread-id 1] - Executing function: 'us.functions.item.closeItemPage'
2024-03-12 12:41:03.518 [DEBUG] [thread-id 1] - PAC not found
2024-03-12 12:41:24.604 [DEBUG] [thread-id 1] - Item page closed
2024-03-12 12:41:25.296 [WARN] [thread-id 1] - break reached without loop, this may be an error in your flow.
2024-03-12 12:41:25.989 [DEBUG] [thread-id 1] - Verify identifier: {Your cart is empty=[true]}
2024-03-12 12:41:25.989 [DEBUG] [thread-id 1] - Store in: store the value 'false' in the variable 'skipPostAddToCartSteps'
2024-03-12 12:41:25.990 [DEBUG] [thread-id 1] - Store in: store the value 'false' in the variable 'apiFetch'
2024-03-12 12:41:25.990 [DEBUG] [thread-id 1] - Store in: store the value 'null' in the variable 'itemDataDetails'
2024-03-12 12:41:25.990 [DEBUG] [thread-id 1] - Executing function: 'us.functions.global.navigation.goToDeepLink'
2024-03-12 12:41:25.991 [DEBUG] [thread-id 1] - Verify value of: '$deepLinkUrl'
2024-03-12 12:41:25.991 [DEBUG] [thread-id 1] - Open link: 'walmart://ip/580271446'
2024-03-12 12:41:31.305 [DEBUG] [thread-id 1] - Deeplink pop up not displayed
2024-03-12 12:41:31.313 [DEBUG] [thread-id 1] - Executing function: 'us.functions.item.visionItem.verifyItemPage'
2024-03-12 12:41:31.314 [DEBUG] [thread-id 1] - Executing function: 'us.functions.utils.scrollIfNotVisible'
2024-03-12 12:41:34.018 [WARN] [thread-id 1] - variable limit was used, but r2 could not find a value for this variable. returning default of null
2024-03-12 12:41:34.022 [DEBUG] [thread-id 1] - conditionally execute a flow. condition: true
2024-03-12 12:41:34.913 [DEBUG] [thread-id 1] - Store in: store the value '5' in the variable 'limit'
2024-03-12 12:41:35.819 [DEBUG] [thread-id 1] - Scroll limit set to 5
2024-03-12 12:41:44.451 [DEBUG] [thread-id 1] - conditionally execute a flow. condition: false
2024-03-12 12:41:51.389 [WARN] [thread-id 1] - variable identifierScope was used, but r2 could not find a value for this variable. returning default of null
2024-03-12 12:41:51.390 [DEBUG] [thread-id 1] - conditionally execute a flow. condition: true
2024-03-12 12:41:58.364 [DEBUG] [thread-id 1] - Scroll: up
2024-03-12 12:42:17.402 [DEBUG] [thread-id 1] - Resetting scrollPosition variable to default
2024-03-12 12:42:17.403 [DEBUG] [thread-id 1] - Store in: store the value 'null' in the variable 'scrollPosition'
2024-03-12 12:42:17.404 [DEBUG] [thread-id 1] - Store in: store the value 'null' in the variable 'identifierScope'
2024-03-12 12:42:17.404 [DEBUG] [thread-id 1] - Store in: store the value 'null' in the variable 'limit'
2024-03-12 12:42:17.405 [DEBUG] [thread-id 1] - Scroll: down
2024-03-12 12:43:14.036 [DEBUG] [thread-id 1] - Main failed: Is not present: '//XCUIElementTypeStaticText[@name="See how"]'
2024-03-12 12:43:20.822 [DEBUG] [thread-id 1] - Executing scenario: 'After'
2024-03-12 12:43:20.823 [DEBUG] [thread-id 1] - Executing function: 'us.functions.utils.afterSteps'
2024-03-12 12:43:20.823 [WARN] [thread-id 1] - variable testStatus was used, but r2 could not find a value for this variable. returning default of null
2024-03-12 12:43:20.824 [DEBUG] [thread-id 1] - conditionally execute a flow. condition: false
2024-03-12 12:43:27.581 [DEBUG] [thread-id 1] - Test failed
2024-03-12 12:43:37.266 [DEBUG] [thread-id 1] - Created report: /Users/m0k0a2f/glass-automation/report/index.html
2024-03-12 12:56:05.636 [DEBUG] [thread-id 1] - Executing R2 3.38.1: '/Users/m0k0a2f/glass-automation/./us/test/test-scripts/ios/golden-flows/vision-flows/C2699282-multiple-prescription.yaml' on device: 'iPhone 14'
2024-03-12 12:57:01.721 [DEBUG] [thread-id 1] - Executing scenario: 'Before'
2024-03-12 12:57:01.723 [DEBUG] [thread-id 1] - Execute before steps
2024-03-12 12:57:01.724 [DEBUG] [thread-id 1] - R2_SUBFLOW_PRE_TRANSACTION
2024-03-12 12:57:01.887 [DEBUG] [thread-id 1] - Using us-errors-helpers.yaml
2024-03-12 12:57:02.049 [DEBUG] [thread-id 1] - Start main
2024-03-12 12:57:02.051 [DEBUG] [thread-id 1] - Executing function: 'us.functions.global.onboarding.navigateOnboardingToHome'
2024-03-12 12:57:02.052 [DEBUG] [thread-id 1] - Executing function: 'us.function.utils.getEnvironmentValue'
2024-03-12 12:57:02.053 [DEBUG] [thread-id 1] - Store in: store the value 'teflon' in the variable 'env'
2024-03-12 12:57:02.053 [DEBUG] [thread-id 1] - Timestamp: 1710273422053
2024-03-12 12:57:02.063 [DEBUG] [thread-id 1] - Welcome screen loaded
2024-03-12 12:57:02.187 [DEBUG] [thread-id 1] - Verify identifier: {//XCUIElementTypeButton[@name="SignUpNudgeWelcomeViewController.bodyLabel"]=[true]}
2024-03-12 12:57:12.300 [DEBUG] [thread-id 1] - conditionally execute a flow. condition: false
2024-03-12 12:57:12.494 [DEBUG] [thread-id 1] - Click element: 'cta.cancel.welcome'
2024-03-12 12:57:12.979 [DEBUG] [thread-id 1] - Notifiction Prompt screen loaded
2024-03-12 12:57:13.467 [DEBUG] [thread-id 1] - Verify identifier: {NotificationPermissionViewController.titleLabel=[true]}
2024-03-12 12:57:13.532 [DEBUG] [thread-id 1] - Click element: 'cta.cancel.notifications'
2024-03-12 12:57:14.008 [DEBUG] [thread-id 1] - location screen loaded
2024-03-12 12:57:14.220 [DEBUG] [thread-id 1] - Verify identifier: {LocationPermissionViewController.titleLabel=[true], LocationPermissionViewController.bodyLabel=[true]}
2024-03-12 12:57:14.291 [DEBUG] [thread-id 1] - Click element: 'cta.cancel.location'
2024-03-12 12:57:15.004 [DEBUG] [thread-id 1] - Verify identifier: {label.postal-code-entry=[true]}
2024-03-12 12:57:15.072 [DEBUG] [thread-id 1] - Enter text: '95122'
2024-03-12 12:57:16.920 [DEBUG] [thread-id 1] - Click element: 'cta.continue'
2024-03-12 12:57:17.475 [DEBUG] [thread-id 1] - sleep:  3000 milliseconds
2024-03-12 12:57:20.483 [DEBUG] [thread-id 1] - loop: from 0 to 3
2024-03-12 12:57:20.798 [DEBUG] [thread-id 1] - 0
2024-03-12 12:57:31.115 [DEBUG] [thread-id 1] - conditionally execute a flow. condition: false
2024-03-12 12:57:41.695 [DEBUG] [thread-id 1] - Observed IDFA Sscreen
2024-03-12 12:57:41.948 [DEBUG] [thread-id 1] - conditionally execute a flow. condition: true
2024-03-12 12:57:42.202 [DEBUG] [thread-id 1] - Verify identifier: {ATTPermissionViewController.titleLabel=[true], ATTPermissionViewController.bodyLabel=[true]}
2024-03-12 12:57:42.511 [DEBUG] [thread-id 1] - Click element: 'cta.continue.location'
2024-03-12 12:57:45.633 [DEBUG] [thread-id 1] - Click element: '//XCUIElementTypeButton[@name="Ask App Not to Track"] | //XCUIElementTypeButton[@name="Solicitar a la app no rastrear"]'
2024-03-12 12:57:56.729 [DEBUG] [thread-id 1] - conditionally execute a flow. condition: false
2024-03-12 12:57:57.369 [DEBUG] [thread-id 1] - modal is not displayed
2024-03-12 12:58:07.403 [DEBUG] [thread-id 1] - Executing function: 'us.functions.gic.collapseIfExpanded'
2024-03-12 12:58:08.467 [DEBUG] [thread-id 1] - Verify identifier: {//*[contains(@label,"Expanded")] | //*[contains(@name,"Expanded")]=[true]}
2024-03-12 12:58:09.135 [DEBUG] [thread-id 1] - Collapsing GIC screen
2024-03-12 12:58:10.216 [DEBUG] [thread-id 1] - Click element: '//*[contains(@label,"Expanded")] | //*[contains(@name,"Expanded")]'
2024-03-12 12:58:10.757 [DEBUG] [thread-id 1] - Timestamp: 1710273490756
2024-03-12 12:58:10.758 [DEBUG] [thread-id 1] - Store in: store the value 'wplususer1710273490756@walmarttest.com' in the variable 'customerEmail'
2024-03-12 12:58:10.758 [DEBUG] [thread-id 1] - Store in: store the value 'E2epassword$' in the variable 'password'
2024-03-12 12:58:10.759 [DEBUG] [thread-id 1] - Executing function: 'us.functions.utils.astro.createAccount'
2024-03-12 12:58:10.761 [DEBUG] [thread-id 1] - Create Account
2024-03-12 12:58:10.762 [DEBUG] [thread-id 1] - {"firstName": "Native","lastName": "Test","emailAddress": "wplususer1710273490756@walmarttest.com","phoneNumber": "4088968104","paymentMethods": ["VISA"],"postalAddress": {"address": "2609 S Walton Blvd","city": "Bentonville","country": "USA","postalCode": "72712","state": "AR"},"password": "E2epassword$"}
2024-03-12 12:58:10.762 [DEBUG] [thread-id 1] - loop: from 1 to 4
2024-03-12 12:58:11.613 [DEBUG] [thread-id 1] - Call API: 'http://astro.walmart.com/api/v2/teflon/customer'
2024-03-12 12:58:25.931 [DEBUG] [thread-id 1] - Response code is: '200'. Response body is: '{"astroStatus":"SUCCESS","astroDescription":"SIGNUP_SUCCESS","astroDetails":{"status":"OK","statusCode":200,"customerAccountId":"65029799-b5f6-4851-a910-ecad2d40f37f","customerDetails":{"firstName":"Native","lastName":"Test","emailAddress":"wplususer1710273490756@walmarttest.com","phoneNumber":"4088968104","paymentMethods":["VISA"],"postalAddress":{"address":"2609 S Walton Blvd","city":"Bentonville","country":"USA","postalCode":"72712","state":"AR"},"password":"E2epassword$"},"addDeliveryPreference":"OK","addPaymentPreference":"OK","addPaymentPreferenceId":"f6676d9c-2185-4583-b5bf-605b3aa44b06","customerPatch":"OK"}}'
2024-03-12 12:58:26.793 [DEBUG] [thread-id 1] - conditionally execute a flow. condition: true
2024-03-12 12:58:27.623 [DEBUG] [thread-id 1] - conditionally execute a flow. condition: true
2024-03-12 12:58:28.429 [DEBUG] [thread-id 1] - f6676d9c-2185-4583-b5bf-605b3aa44b06
2024-03-12 12:58:29.243 [WARN] [thread-id 1] - variable withoutPayment was used, but r2 could not find a value for this variable. returning default of null
2024-03-12 12:58:29.244 [DEBUG] [thread-id 1] - conditionally execute a flow. condition: false
2024-03-12 12:58:30.079 [DEBUG] [thread-id 1] - Account created successfully
2024-03-12 12:58:30.913 [DEBUG] [thread-id 1] - ------- Account created Successfully -------
2024-03-12 12:58:31.764 [DEBUG] [thread-id 1] - Executing function: 'us.functions.home.navigateHomeToSignIn'
2024-03-12 12:58:31.765 [DEBUG] [thread-id 1] - sleep:  3000 milliseconds
2024-03-12 12:58:46.505 [DEBUG] [thread-id 1] - Click element: 'tab-account-unselected'
2024-03-12 12:58:47.994 [DEBUG] [thread-id 1] - Verify identifier: {SignInYourAccountTableViewCell.signInButton=[true]}
2024-03-12 12:58:47.994 [DEBUG] [thread-id 1] - loop: from 1 to 3
2024-03-12 12:58:48.659 [DEBUG] [thread-id 1] - conditionally execute a flow. condition: true
2024-03-12 12:58:49.501 [DEBUG] [thread-id 1] - Click element: 'SignInYourAccountTableViewCell.signInButton'
2024-03-12 12:58:53.760 [DEBUG] [thread-id 1] - Verify identifier: {TextFieldStackView.containerStackView=[true]}
2024-03-12 12:58:55.429 [DEBUG] [thread-id 1] - Store in: store the value 'true' in the variable 'signInValidated'
2024-03-12 12:58:57.107 [DEBUG] [thread-id 1] - conditionally execute a flow. condition: true
2024-03-12 12:58:58.771 [DEBUG] [thread-id 1] - SignIn page loaded
2024-03-12 12:59:00.457 [DEBUG] [thread-id 1] - Store in: store the value 'false' in the variable 'signInValidated'
2024-03-12 12:59:00.462 [DEBUG] [thread-id 1] - Executing function: 'us.functions.global.authentication.signInAccount'
2024-03-12 12:59:02.164 [DEBUG] [thread-id 1] - Verify identifier: {TextFieldStackView.containerStackView=[true]}
2024-03-12 12:59:02.399 [DEBUG] [thread-id 1] - Enter text: 'wplususer1710273490756@walmarttest.com'
2024-03-12 12:59:04.755 [DEBUG] [thread-id 1] - Click element: 'WelcomeView.ctaButton'
2024-03-12 12:59:19.749 [DEBUG] [thread-id 1] - conditionally execute a flow. condition: true
2024-03-12 12:59:21.775 [DEBUG] [thread-id 1] - Click element: 'OTPView.passwordOptionStackView'
2024-03-12 12:59:24.572 [DEBUG] [thread-id 1] - Verify identifier: {OTPView.passwordTextField=[true]}
2024-03-12 12:59:24.817 [DEBUG] [thread-id 1] - Enter text: 'E2epassword$'
2024-03-12 12:59:26.594 [DEBUG] [thread-id 1] - Click element: 'OTPView.ctaButton'
2024-03-12 12:59:52.572 [DEBUG] [thread-id 1] - conditionally execute a flow. condition: true
2024-03-12 12:59:55.155 [DEBUG] [thread-id 1] - Click element: 'Don’t Allow'
2024-03-12 12:59:55.893 [DEBUG] [thread-id 1] - Executing function: 'us.test.functions.utils.closeWplusPrompt.homeScreen'
2024-03-12 13:00:07.327 [DEBUG] [thread-id 1] - conditionally execute a flow. condition: false
2024-03-12 13:00:08.450 [DEBUG] [thread-id 1] - W+ Plus membership prompt is not present nothing to close continue
2024-03-12 13:00:08.463 [DEBUG] [thread-id 1] - Executing function: 'us.functions.utils.handleCartMergePopup'
2024-03-12 13:00:08.464 [DEBUG] [thread-id 1] - loop: from 0 to 4
2024-03-12 13:00:09.563 [DEBUG] [thread-id 1] - 0
2024-03-12 13:00:17.071 [DEBUG] [thread-id 1] - No Technical Error Page observed
2024-03-12 13:00:18.229 [DEBUG] [thread-id 1] - sleep:  1000 milliseconds
2024-03-12 13:00:30.565 [DEBUG] [thread-id 1] - Executing function: 'us.functions.global.navigation.accountToHome'
2024-03-12 13:00:30.565 [DEBUG] [thread-id 1] - Verify identifier: {Shop=[true]}
2024-03-12 13:00:30.565 [DEBUG] [thread-id 1] - sleep:  2000 milliseconds
2024-03-12 13:00:32.849 [DEBUG] [thread-id 1] - Click element: 'Shop'
2024-03-12 13:00:34.239 [DEBUG] [thread-id 1] - Executing function: 'us.functions.home.closeWPlusPromotionPopUpIfDisplayed'
2024-03-12 13:00:38.157 [DEBUG] [thread-id 1] - Verify identifier: {//XCUIElementTypeButton[@name="SplashPageTermView.primaryButton"]|//XCUIElementTypeButton[@name="WalmartPlusSplashBottomSheet.tryWalmartPlusMemberShipButton"] | //XCUIElementTypeButton[@label="Try your rewards benefit"] | //XCUIElementTypeButton[@name="BenefitEngagementTempoContainerView.primaryButton"]=[true]}
2024-03-12 13:00:40.438 [DEBUG] [thread-id 1] - conditionally execute a flow. condition: true
2024-03-12 13:00:42.740 [DEBUG] [thread-id 1] - Click element: '//XCUIElementTypeButton[@name="SplashPageViewController.closeButton" or contains(@label, "Close Walmart plus promotional pop up")] | //XCUIElementTypeNavigationBar[@name="WalmartPlus.SplashPageView"]/XCUIElementTypeButton | //XCUIElementTypeButton[@name="close" or @name="Close"] | //XCUIElementTypeButton[@name="SplashPageViewController.fullScreenCloseButton"] | //XCUIElementTypeButton[@name="MultiSplashViewController.fullScreenCloseButton"]'
2024-03-12 13:00:44.573 [DEBUG] [thread-id 1] - Verify identifier: {Search Walmart=[true]}
2024-03-12 13:00:44.573 [DEBUG] [thread-id 1] - Executing function: 'us.functions.gic.select.inhome.delivery.address'
2024-03-12 13:00:44.575 [DEBUG] [thread-id 1] - Executing function: 'us.functions.gic.expandIfCollapsed'
2024-03-12 13:00:46.078 [DEBUG] [thread-id 1] - Verify identifier: {//*[contains(@label,"Collapsed")] | //*[contains(@name,"Collapsed")]=[true]}
2024-03-12 13:00:47.610 [DEBUG] [thread-id 1] - Click element: '//*[contains(@label,"Collapsed")] | //*[contains(@name,"Collapsed")]'
2024-03-12 13:00:49.093 [DEBUG] [thread-id 1] - Click element: 'GlobalIntentCenter.AddAddressButton'
2024-03-12 13:00:49.760 [DEBUG] [thread-id 1] - sleep:  2000 milliseconds
2024-03-12 13:00:52.325 [DEBUG] [thread-id 1] - Click element: '//XCUIElementTypeButton[@name="DeliveryAddressSelectTableViewCell.itemStackView"] | //XCUIElementTypeButton[@name="AddressSelectTableViewCell.itemStackView"]'
2024-03-12 13:00:52.916 [DEBUG] [thread-id 1] - sleep:  2000 milliseconds
2024-03-12 13:00:55.410 [DEBUG] [thread-id 1] - Click element: '//XCUIElementTypeButton[@label="Save"]'
2024-03-12 13:00:56.008 [DEBUG] [thread-id 1] - InHome Delivery Eligible address is selected on GIC!
2024-03-12 13:00:56.009 [DEBUG] [thread-id 1] - Executing function: 'us.functions.global.navigation.goToDeepLink'
2024-03-12 13:00:56.011 [DEBUG] [thread-id 1] - Verify value of: '$deepLinkUrl'
2024-03-12 13:00:56.012 [DEBUG] [thread-id 1] - Open link: 'walmart://ip/2110489082'
2024-03-12 13:00:59.235 [DEBUG] [thread-id 1] - Executing function: 'us.functions.global.navigation.openDeepLink'
2024-03-12 13:01:05.797 [DEBUG] [thread-id 1] - Deeplink pop up not displayed
2024-03-12 13:01:05.807 [DEBUG] [thread-id 1] - Executing function: 'us.functions.item.addItemToCart'
2024-03-12 13:01:12.724 [DEBUG] [thread-id 1] - Verify identifier: {stepper.mainButton=[true]}
2024-03-12 13:01:17.952 [DEBUG] [thread-id 1] - Click element: 'stepper.mainButton'
2024-03-12 13:01:36.301 [WARN] [thread-id 1] - variable qty was used, but r2 could not find a value for this variable. returning default of null
2024-03-12 13:01:36.301 [WARN] [thread-id 1] - variable qty was used, but r2 could not find a value for this variable. returning default of null
2024-03-12 13:01:39.068 [DEBUG] [thread-id 1] - Verify identifier: {//XCUIElementTypeStaticText[@name="1 added"]| //XCUIElementTypeOther[@name="add-to-cart-button"] | //XCUIElementTypeStaticText[@label="null"] | Max 1=[true]}
2024-03-12 13:01:39.069 [WARN] [thread-id 1] - variable skipPostAddToCartSteps was used, but r2 could not find a value for this variable. returning default of null
2024-03-12 13:01:39.069 [DEBUG] [thread-id 1] - conditionally execute a flow. condition: true
2024-03-12 13:01:43.414 [DEBUG] [thread-id 1] - Executing function: 'us.functions.item.postAddToCartSteps'
2024-03-12 13:02:07.008 [DEBUG] [thread-id 1] - No ACC pop up screen displayed
2024-03-12 13:02:36.830 [DEBUG] [thread-id 1] - No PAC overlay pop up screen displayed
2024-03-12 13:02:44.124 [DEBUG] [thread-id 1] - Click element: '//XCUIElementTypeButton[@name="Close"] | //XCUIElementTypeButton[@label="Close"]'
2024-03-12 13:02:45.552 [DEBUG] [thread-id 1] - Executing function: 'us.functions.item.closeItemPage'
2024-03-12 13:03:06.943 [DEBUG] [thread-id 1] - PAC not found
2024-03-12 13:03:27.738 [DEBUG] [thread-id 1] - Item page closed
2024-03-12 13:03:28.469 [WARN] [thread-id 1] - break reached without loop, this may be an error in your flow.
2024-03-12 13:03:29.201 [DEBUG] [thread-id 1] - Verify identifier: {Your cart is empty=[true]}
2024-03-12 13:03:29.201 [DEBUG] [thread-id 1] - Store in: store the value 'false' in the variable 'skipPostAddToCartSteps'
2024-03-12 13:03:29.201 [DEBUG] [thread-id 1] - Store in: store the value 'false' in the variable 'apiFetch'
2024-03-12 13:03:29.202 [DEBUG] [thread-id 1] - Store in: store the value 'null' in the variable 'itemDataDetails'
2024-03-12 13:03:29.202 [DEBUG] [thread-id 1] - Executing function: 'us.functions.global.navigation.goToDeepLink'
2024-03-12 13:03:29.202 [DEBUG] [thread-id 1] - Verify value of: '$deepLinkUrl'
2024-03-12 13:03:29.202 [DEBUG] [thread-id 1] - Open link: 'walmart://ip/580271446'
2024-03-12 13:03:36.339 [DEBUG] [thread-id 1] - Deeplink pop up not displayed
2024-03-12 13:03:36.349 [DEBUG] [thread-id 1] - Executing function: 'us.functions.item.visionItem.verifyItemPage'
2024-03-12 13:03:36.351 [DEBUG] [thread-id 1] - Executing function: 'us.functions.utils.scrollIfNotVisible'
2024-03-12 13:03:39.072 [WARN] [thread-id 1] - variable limit was used, but r2 could not find a value for this variable. returning default of null
2024-03-12 13:03:39.075 [DEBUG] [thread-id 1] - conditionally execute a flow. condition: true
2024-03-12 13:03:39.975 [DEBUG] [thread-id 1] - Store in: store the value '5' in the variable 'limit'
2024-03-12 13:03:40.888 [DEBUG] [thread-id 1] - Scroll limit set to 5
2024-03-12 13:03:49.405 [DEBUG] [thread-id 1] - conditionally execute a flow. condition: false
2024-03-12 13:03:56.606 [WARN] [thread-id 1] - variable identifierScope was used, but r2 could not find a value for this variable. returning default of null
2024-03-12 13:03:56.607 [DEBUG] [thread-id 1] - conditionally execute a flow. condition: true
2024-03-12 13:04:03.845 [DEBUG] [thread-id 1] - Scroll: up
2024-03-12 13:04:23.468 [DEBUG] [thread-id 1] - Resetting scrollPosition variable to default
2024-03-12 13:04:23.469 [DEBUG] [thread-id 1] - Store in: store the value 'null' in the variable 'scrollPosition'
2024-03-12 13:04:23.470 [DEBUG] [thread-id 1] - Store in: store the value 'null' in the variable 'identifierScope'
2024-03-12 13:04:23.470 [DEBUG] [thread-id 1] - Store in: store the value 'null' in the variable 'limit'
2024-03-12 13:04:23.471 [DEBUG] [thread-id 1] - Scroll: down
2024-03-12 13:05:27.096 [DEBUG] [thread-id 1] - Verify identifier: {//XCUIElementTypeStaticText[contains(@label,"Make these frames your own")]=[true], //XCUIElementTypeStaticText[@label="Prescription available"]=[true], //XCUIElementTypeStaticText[@name="See how"]=[true]}
2024-03-12 13:05:31.541 [DEBUG] [thread-id 1] - Click element: '//XCUIElementTypeStaticText[@name="See how"]'
2024-03-12 13:05:35.222 [DEBUG] [thread-id 1] - Verify identifier: {Got it=[true], Select your frames and lenses=[true], Arrives within 7-9 business days=[true]}
2024-03-12 13:05:35.429 [DEBUG] [thread-id 1] - Click element: 'Got it'
2024-03-12 13:05:36.259 [DEBUG] [thread-id 1] - Scroll: down
2024-03-12 15:02:50.576 [ERROR] [thread-id 1] - org.openqa.selenium.NoSuchElementException: An element could not be located on the page using the given search parameters.
For documentation on this error, please visit: https://selenium.dev/exceptions/#no_such_element
Build info: version: '4.7.0', revision: '0a5b49d16f'
System info: os.name: 'Mac OS X', os.arch: 'aarch64', os.version: '13.6', java.version: '20.0.1'
Driver info: io.appium.java_client.ios.IOSDriver
Command: [ba38b844-0767-40aa-8765-c5ff603a0945, findElement {using=name, value=FulfillmentSellerReturnView.returnTypeLabel}]
Capabilities {appium:app: /Users/m0k0a2f/glass-automa..., appium:appiumVersion: 2.0.0, appium:automationName: XCUITest, appium:bundleId: com.walmart.beta.electronics, appium:commandTimeout: 600, appium:databaseEnabled: false, appium:deviceName: iPhone 14, appium:fullReset: false, appium:idleTimeout: 1000, appium:iosInstallPause: 20000, appium:javascriptEnabled: true, appium:launchTimeout: 6000000, appium:locationContextEnabled: false, appium:name: C2699282-multiple-prescript..., appium:networkConnectionEnabled: false, appium:newCommandTimeout: 90000, appium:noReset: false, appium:orientation: PORTRAIT, appium:platformVersion: 16.4, appium:processArguments: {args: [-kGlassExpEnabled, true, -com.walmart.px.skip-catcha, YES], env: {ccm: {"feature.membership.plusup..., config: {"environment":"teflon"}}}, appium:takesScreenshot: true, appium:udid: 74CCC8DF-D621-4E8B-A04D-13A..., appium:waitForQuiescence: false, appium:webStorageEnabled: false, platformName: IOS}
Session ID: ba38b844-0767-40aa-8765-c5ff603a0945
2024-03-12 15:02:51.411 [DEBUG] [thread-id 1] - Scroll: down
2024-03-12 15:05:32.043 [DEBUG] [thread-id 1] - Main failed: Is not present: 'FulfillmentSellerReturnView.returnTypeLabel'
2024-03-12 15:05:35.565 [DEBUG] [thread-id 1] - Executing scenario: 'After'
2024-03-12 15:05:35.567 [DEBUG] [thread-id 1] - Executing function: 'us.functions.utils.afterSteps'
2024-03-12 15:05:35.568 [WARN] [thread-id 1] - variable testStatus was used, but r2 could not find a value for this variable. returning default of null
2024-03-12 15:05:35.569 [DEBUG] [thread-id 1] - conditionally execute a flow. condition: false
2024-03-12 15:05:38.902 [DEBUG] [thread-id 1] - Test failed
2024-03-12 15:05:53.587 [DEBUG] [thread-id 1] - Created report: /Users/m0k0a2f/glass-automation/report/index.html
2024-03-12 16:10:22.470 [DEBUG] [thread-id 1] - Executing R2 3.38.1: '/Users/m0k0a2f/glass-automation/./us/test/test-scripts/ios/golden-flows/vision-flows/C2699282-multiple-prescription.yaml' on device: 'iPhone 14'
2024-03-12 16:11:20.889 [DEBUG] [thread-id 1] - Executing scenario: 'Before'
2024-03-12 16:11:20.891 [DEBUG] [thread-id 1] - Execute before steps
2024-03-12 16:11:20.891 [DEBUG] [thread-id 1] - R2_SUBFLOW_PRE_TRANSACTION
2024-03-12 16:11:21.084 [DEBUG] [thread-id 1] - Using us-errors-helpers.yaml
2024-03-12 16:11:21.261 [DEBUG] [thread-id 1] - Start main
2024-03-12 16:11:21.269 [DEBUG] [thread-id 1] - Executing function: 'us.functions.global.onboarding.navigateOnboardingToHome'
2024-03-12 16:11:21.271 [DEBUG] [thread-id 1] - Executing function: 'us.function.utils.getEnvironmentValue'
2024-03-12 16:11:21.271 [DEBUG] [thread-id 1] - Store in: store the value 'teflon' in the variable 'env'
2024-03-12 16:11:21.272 [DEBUG] [thread-id 1] - Timestamp: 1710285081272
2024-03-12 16:11:21.283 [DEBUG] [thread-id 1] - Welcome screen loaded
2024-03-12 16:11:21.415 [DEBUG] [thread-id 1] - Verify identifier: {//XCUIElementTypeButton[@name="SignUpNudgeWelcomeViewController.bodyLabel"]=[true]}
2024-03-12 16:11:31.558 [DEBUG] [thread-id 1] - conditionally execute a flow. condition: false
2024-03-12 16:11:31.758 [DEBUG] [thread-id 1] - Click element: 'cta.cancel.welcome'
2024-03-12 16:11:32.272 [DEBUG] [thread-id 1] - Notifiction Prompt screen loaded
2024-03-12 16:11:32.742 [DEBUG] [thread-id 1] - Verify identifier: {NotificationPermissionViewController.titleLabel=[true]}
2024-03-12 16:11:32.804 [DEBUG] [thread-id 1] - Click element: 'cta.cancel.notifications'
2024-03-12 16:11:33.270 [DEBUG] [thread-id 1] - location screen loaded
2024-03-12 16:11:33.486 [DEBUG] [thread-id 1] - Verify identifier: {LocationPermissionViewController.titleLabel=[true], LocationPermissionViewController.bodyLabel=[true]}
2024-03-12 16:11:33.561 [DEBUG] [thread-id 1] - Click element: 'cta.cancel.location'
2024-03-12 16:11:34.271 [DEBUG] [thread-id 1] - Verify identifier: {label.postal-code-entry=[true]}
2024-03-12 16:11:34.335 [DEBUG] [thread-id 1] - Enter text: '95122'
2024-03-12 16:11:36.451 [DEBUG] [thread-id 1] - Click element: 'cta.continue'
2024-03-12 16:11:37.007 [DEBUG] [thread-id 1] - sleep:  3000 milliseconds
2024-03-12 16:11:40.009 [DEBUG] [thread-id 1] - loop: from 0 to 3
2024-03-12 16:11:40.313 [DEBUG] [thread-id 1] - 0
2024-03-12 16:11:50.723 [DEBUG] [thread-id 1] - conditionally execute a flow. condition: false
2024-03-12 16:12:01.106 [DEBUG] [thread-id 1] - Observed IDFA Sscreen
2024-03-12 16:12:01.368 [DEBUG] [thread-id 1] - conditionally execute a flow. condition: true
2024-03-12 16:12:01.631 [DEBUG] [thread-id 1] - Verify identifier: {ATTPermissionViewController.titleLabel=[true], ATTPermissionViewController.bodyLabel=[true]}
2024-03-12 16:12:01.960 [DEBUG] [thread-id 1] - Click element: 'cta.continue.location'
2024-03-12 16:12:05.214 [DEBUG] [thread-id 1] - Click element: '//XCUIElementTypeButton[@name="Ask App Not to Track"] | //XCUIElementTypeButton[@name="Solicitar a la app no rastrear"]'
2024-03-12 16:12:16.235 [DEBUG] [thread-id 1] - conditionally execute a flow. condition: false
2024-03-12 16:12:16.901 [DEBUG] [thread-id 1] - modal is not displayed
2024-03-12 16:12:27.750 [DEBUG] [thread-id 1] - Executing function: 'us.functions.gic.collapseIfExpanded'
2024-03-12 16:12:28.838 [DEBUG] [thread-id 1] - Verify identifier: {//*[contains(@label,"Expanded")] | //*[contains(@name,"Expanded")]=[true]}
2024-03-12 16:12:29.525 [DEBUG] [thread-id 1] - Collapsing GIC screen
2024-03-12 16:12:30.631 [DEBUG] [thread-id 1] - Click element: '//*[contains(@label,"Expanded")] | //*[contains(@name,"Expanded")]'
2024-03-12 16:12:31.150 [DEBUG] [thread-id 1] - Timestamp: 1710285151150
2024-03-12 16:12:31.152 [DEBUG] [thread-id 1] - Store in: store the value 'wplususer1710285151150@walmarttest.com' in the variable 'customerEmail'
2024-03-12 16:12:31.152 [DEBUG] [thread-id 1] - Store in: store the value 'E2epassword$' in the variable 'password'
2024-03-12 16:12:31.159 [DEBUG] [thread-id 1] - Executing function: 'us.functions.utils.astro.createAccount'
2024-03-12 16:12:31.160 [DEBUG] [thread-id 1] - Create Account
2024-03-12 16:12:31.161 [DEBUG] [thread-id 1] - {"firstName": "Native","lastName": "Test","emailAddress": "wplususer1710285151150@walmarttest.com","phoneNumber": "4088968104","paymentMethods": ["VISA"],"postalAddress": {"address": "2609 S Walton Blvd","city": "Bentonville","country": "USA","postalCode": "72712","state": "AR"},"password": "E2epassword$"}
2024-03-12 16:12:31.162 [DEBUG] [thread-id 1] - loop: from 1 to 4
2024-03-12 16:12:32.029 [DEBUG] [thread-id 1] - Call API: 'http://astro.walmart.com/api/v2/teflon/customer'
2024-03-12 16:12:45.200 [DEBUG] [thread-id 1] - Response code is: '200'. Response body is: '{"astroStatus":"SUCCESS","astroDescription":"SIGNUP_SUCCESS","astroDetails":{"status":"OK","statusCode":200,"customerAccountId":"7fc48bee-a9d4-4c0f-b0b9-3cb0b7b41a04","customerDetails":{"firstName":"Native","lastName":"Test","emailAddress":"wplususer1710285151150@walmarttest.com","phoneNumber":"4088968104","paymentMethods":["VISA"],"postalAddress":{"address":"2609 S Walton Blvd","city":"Bentonville","country":"USA","postalCode":"72712","state":"AR"},"password":"E2epassword$"},"addDeliveryPreference":"OK","addPaymentPreference":"OK","addPaymentPreferenceId":"70ed119e-f4d2-4d29-b27a-af605e86df07","customerPatch":"OK"}}'
2024-03-12 16:12:46.091 [DEBUG] [thread-id 1] - conditionally execute a flow. condition: true
2024-03-12 16:12:46.925 [DEBUG] [thread-id 1] - conditionally execute a flow. condition: true
2024-03-12 16:12:47.753 [DEBUG] [thread-id 1] - 70ed119e-f4d2-4d29-b27a-af605e86df07
2024-03-12 16:12:48.622 [WARN] [thread-id 1] - variable withoutPayment was used, but r2 could not find a value for this variable. returning default of null
2024-03-12 16:12:48.623 [DEBUG] [thread-id 1] - conditionally execute a flow. condition: false
2024-03-12 16:12:49.474 [DEBUG] [thread-id 1] - Account created successfully
2024-03-12 16:12:50.322 [DEBUG] [thread-id 1] - ------- Account created Successfully -------
2024-03-12 16:12:51.212 [DEBUG] [thread-id 1] - Executing function: 'us.functions.home.navigateHomeToSignIn'
2024-03-12 16:12:51.212 [DEBUG] [thread-id 1] - sleep:  3000 milliseconds
2024-03-12 16:13:05.394 [DEBUG] [thread-id 1] - Click element: 'tab-account-unselected'
2024-03-12 16:13:06.923 [DEBUG] [thread-id 1] - Verify identifier: {SignInYourAccountTableViewCell.signInButton=[true]}
2024-03-12 16:13:06.923 [DEBUG] [thread-id 1] - loop: from 1 to 3
2024-03-12 16:13:07.621 [DEBUG] [thread-id 1] - conditionally execute a flow. condition: true
2024-03-12 16:13:08.460 [DEBUG] [thread-id 1] - Click element: 'SignInYourAccountTableViewCell.signInButton'
2024-03-12 16:13:12.822 [DEBUG] [thread-id 1] - Verify identifier: {TextFieldStackView.containerStackView=[true]}
2024-03-12 16:13:14.543 [DEBUG] [thread-id 1] - Store in: store the value 'true' in the variable 'signInValidated'
2024-03-12 16:13:16.255 [DEBUG] [thread-id 1] - conditionally execute a flow. condition: true
2024-03-12 16:13:17.962 [DEBUG] [thread-id 1] - SignIn page loaded
2024-03-12 16:13:19.655 [DEBUG] [thread-id 1] - Store in: store the value 'false' in the variable 'signInValidated'
2024-03-12 16:13:19.664 [DEBUG] [thread-id 1] - Executing function: 'us.functions.global.authentication.signInAccount'
2024-03-12 16:13:21.375 [DEBUG] [thread-id 1] - Verify identifier: {TextFieldStackView.containerStackView=[true]}
2024-03-12 16:13:21.610 [DEBUG] [thread-id 1] - Enter text: 'wplususer1710285151150@walmarttest.com'
2024-03-12 16:13:23.966 [DEBUG] [thread-id 1] - Click element: 'WelcomeView.ctaButton'
2024-03-12 16:13:38.977 [DEBUG] [thread-id 1] - conditionally execute a flow. condition: true
2024-03-12 16:13:41.079 [DEBUG] [thread-id 1] - Click element: 'OTPView.passwordOptionStackView'
2024-03-12 16:13:43.941 [DEBUG] [thread-id 1] - Verify identifier: {OTPView.passwordTextField=[true]}
2024-03-12 16:13:44.196 [DEBUG] [thread-id 1] - Enter text: 'E2epassword$'
2024-03-12 16:13:46.006 [DEBUG] [thread-id 1] - Click element: 'OTPView.ctaButton'
2024-03-12 16:14:13.568 [DEBUG] [thread-id 1] - conditionally execute a flow. condition: true
2024-03-12 16:14:16.167 [DEBUG] [thread-id 1] - Click element: 'Don’t Allow'
2024-03-12 16:14:16.908 [DEBUG] [thread-id 1] - Executing function: 'us.test.functions.utils.closeWplusPrompt.homeScreen'
2024-03-12 16:14:26.982 [DEBUG] [thread-id 1] - conditionally execute a flow. condition: false
2024-03-12 16:14:28.205 [DEBUG] [thread-id 1] - W+ Plus membership prompt is not present nothing to close continue
2024-03-12 16:14:28.222 [DEBUG] [thread-id 1] - Executing function: 'us.functions.utils.handleCartMergePopup'
2024-03-12 16:14:28.223 [DEBUG] [thread-id 1] - loop: from 0 to 4
2024-03-12 16:14:29.409 [DEBUG] [thread-id 1] - 0
2024-03-12 16:14:37.162 [DEBUG] [thread-id 1] - No Technical Error Page observed
2024-03-12 16:14:38.351 [DEBUG] [thread-id 1] - sleep:  1000 milliseconds
2024-03-12 16:14:49.618 [DEBUG] [thread-id 1] - Executing function: 'us.functions.global.navigation.accountToHome'
2024-03-12 16:14:49.619 [DEBUG] [thread-id 1] - Verify identifier: {Shop=[true]}
2024-03-12 16:14:49.620 [DEBUG] [thread-id 1] - sleep:  2000 milliseconds
2024-03-12 16:14:51.908 [DEBUG] [thread-id 1] - Click element: 'Shop'
2024-03-12 16:14:53.333 [DEBUG] [thread-id 1] - Executing function: 'us.functions.home.closeWPlusPromotionPopUpIfDisplayed'
2024-03-12 16:14:57.844 [DEBUG] [thread-id 1] - Verify identifier: {//XCUIElementTypeButton[@name="SplashPageTermView.primaryButton"]|//XCUIElementTypeButton[@name="WalmartPlusSplashBottomSheet.tryWalmartPlusMemberShipButton"] | //XCUIElementTypeButton[@label="Try your rewards benefit"] | //XCUIElementTypeButton[@name="BenefitEngagementTempoContainerView.primaryButton"]=[true]}
2024-03-12 16:15:00.209 [DEBUG] [thread-id 1] - conditionally execute a flow. condition: true
2024-03-12 16:15:02.556 [DEBUG] [thread-id 1] - Click element: '//XCUIElementTypeButton[@name="SplashPageViewController.closeButton" or contains(@label, "Close Walmart plus promotional pop up")] | //XCUIElementTypeNavigationBar[@name="WalmartPlus.SplashPageView"]/XCUIElementTypeButton | //XCUIElementTypeButton[@name="close" or @name="Close"] | //XCUIElementTypeButton[@name="SplashPageViewController.fullScreenCloseButton"] | //XCUIElementTypeButton[@name="MultiSplashViewController.fullScreenCloseButton"]'
2024-03-12 16:15:04.462 [DEBUG] [thread-id 1] - Verify identifier: {Search Walmart=[true]}
2024-03-12 16:15:04.463 [DEBUG] [thread-id 1] - Executing function: 'us.functions.gic.select.inhome.delivery.address'
2024-03-12 16:15:04.464 [DEBUG] [thread-id 1] - Executing function: 'us.functions.gic.expandIfCollapsed'
2024-03-12 16:15:06.025 [DEBUG] [thread-id 1] - Verify identifier: {//*[contains(@label,"Collapsed")] | //*[contains(@name,"Collapsed")]=[true]}
2024-03-12 16:15:07.579 [DEBUG] [thread-id 1] - Click element: '//*[contains(@label,"Collapsed")] | //*[contains(@name,"Collapsed")]'
2024-03-12 16:15:09.109 [DEBUG] [thread-id 1] - Click element: 'GlobalIntentCenter.AddAddressButton'
2024-03-12 16:15:09.788 [DEBUG] [thread-id 1] - sleep:  2000 milliseconds
2024-03-12 16:15:12.376 [DEBUG] [thread-id 1] - Click element: '//XCUIElementTypeButton[@name="DeliveryAddressSelectTableViewCell.itemStackView"] | //XCUIElementTypeButton[@name="AddressSelectTableViewCell.itemStackView"]'
2024-03-12 16:15:12.980 [DEBUG] [thread-id 1] - sleep:  2000 milliseconds
2024-03-12 16:15:15.468 [DEBUG] [thread-id 1] - Click element: '//XCUIElementTypeButton[@label="Save"]'
2024-03-12 16:15:16.082 [DEBUG] [thread-id 1] - InHome Delivery Eligible address is selected on GIC!
2024-03-12 16:15:16.083 [DEBUG] [thread-id 1] - Executing function: 'us.functions.global.navigation.goToDeepLink'
2024-03-12 16:15:16.085 [DEBUG] [thread-id 1] - Verify value of: '$deepLinkUrl'
2024-03-12 16:15:16.085 [DEBUG] [thread-id 1] - Open link: 'walmart://ip/2110489082'
2024-03-12 16:15:20.602 [DEBUG] [thread-id 1] - Executing function: 'us.functions.global.navigation.openDeepLink'
2024-03-12 16:15:32.767 [DEBUG] [thread-id 1] - Deeplink pop up not displayed
2024-03-12 16:15:32.784 [DEBUG] [thread-id 1] - Executing function: 'us.functions.item.addItemToCart'
2024-03-12 16:15:37.172 [DEBUG] [thread-id 1] - Verify identifier: {stepper.mainButton=[true]}
2024-03-12 16:15:42.586 [DEBUG] [thread-id 1] - Click element: 'stepper.mainButton'
2024-03-12 16:16:01.935 [WARN] [thread-id 1] - variable qty was used, but r2 could not find a value for this variable. returning default of null
2024-03-12 16:16:01.936 [WARN] [thread-id 1] - variable qty was used, but r2 could not find a value for this variable. returning default of null
2024-03-12 16:16:04.794 [DEBUG] [thread-id 1] - Verify identifier: {//XCUIElementTypeStaticText[@name="1 added"]| //XCUIElementTypeOther[@name="add-to-cart-button"] | //XCUIElementTypeStaticText[@label="null"] | Max 1=[true]}
2024-03-12 16:16:04.795 [WARN] [thread-id 1] - variable skipPostAddToCartSteps was used, but r2 could not find a value for this variable. returning default of null
2024-03-12 16:16:04.796 [DEBUG] [thread-id 1] - conditionally execute a flow. condition: true
2024-03-12 16:16:09.338 [DEBUG] [thread-id 1] - Executing function: 'us.functions.item.postAddToCartSteps'
2024-03-12 16:16:33.992 [DEBUG] [thread-id 1] - No ACC pop up screen displayed
2024-03-12 16:16:58.527 [DEBUG] [thread-id 1] - No PAC overlay pop up screen displayed
2024-03-12 16:17:06.223 [DEBUG] [thread-id 1] - Click element: '//XCUIElementTypeButton[@name="Close"] | //XCUIElementTypeButton[@label="Close"]'
2024-03-12 16:17:07.713 [DEBUG] [thread-id 1] - Executing function: 'us.functions.item.closeItemPage'
2024-03-12 16:17:29.068 [DEBUG] [thread-id 1] - PAC not found
2024-03-12 16:17:50.317 [DEBUG] [thread-id 1] - Item page closed
2024-03-12 16:17:51.060 [WARN] [thread-id 1] - break reached without loop, this may be an error in your flow.
2024-03-12 16:17:51.816 [DEBUG] [thread-id 1] - Verify identifier: {Your cart is empty=[true]}
2024-03-12 16:17:51.817 [DEBUG] [thread-id 1] - Store in: store the value 'false' in the variable 'skipPostAddToCartSteps'
2024-03-12 16:17:51.817 [DEBUG] [thread-id 1] - Store in: store the value 'false' in the variable 'apiFetch'
2024-03-12 16:17:51.817 [DEBUG] [thread-id 1] - Store in: store the value 'null' in the variable 'itemDataDetails'
2024-03-12 16:17:51.817 [DEBUG] [thread-id 1] - Executing function: 'us.functions.global.navigation.goToDeepLink'
2024-03-12 16:17:51.818 [DEBUG] [thread-id 1] - Verify value of: '$deepLinkUrl'
2024-03-12 16:17:51.818 [DEBUG] [thread-id 1] - Open link: 'walmart://ip/580271446'
2024-03-12 16:17:57.369 [DEBUG] [thread-id 1] - Deeplink pop up not displayed
2024-03-12 16:17:57.377 [DEBUG] [thread-id 1] - Executing function: 'us.functions.item.visionItem.verifyItemPage'
2024-03-12 16:18:09.986 [DEBUG] [thread-id 1] - Verify identifier: {TitleView_productTitle=[true]}
2024-03-12 16:18:09.986 [DEBUG] [thread-id 1] - Scroll: down
2024-03-12 16:19:15.230 [DEBUG] [thread-id 1] - Verify identifier: {//XCUIElementTypeStaticText[contains(@label,"Make these frames your own")]=[true], //XCUIElementTypeStaticText[@label="Prescription available"]=[true], //XCUIElementTypeStaticText[@name="See how"]=[true]}
2024-03-12 16:19:19.883 [DEBUG] [thread-id 1] - Click element: '//XCUIElementTypeStaticText[@name="See how"]'
2024-03-12 16:19:23.673 [DEBUG] [thread-id 1] - Verify identifier: {Got it=[true], Select your frames and lenses=[true], Arrives within 7-9 business days=[true]}
2024-03-12 16:19:23.891 [DEBUG] [thread-id 1] - Click element: 'Got it'
2024-03-12 16:19:24.740 [DEBUG] [thread-id 1] - Scroll: down
2024-03-12 16:21:11.598 [DEBUG] [thread-id 1] - Verify identifier: {FulfillmentSellerReturnView.returnTypeLabel=[true]}
2024-03-12 16:21:11.600 [DEBUG] [thread-id 1] - Scroll: down
2024-03-12 16:21:46.847 [DEBUG] [thread-id 1] - Verify identifier: {VisionPromoSectionView.titleLabel=[true]}
2024-03-12 16:21:50.564 [DEBUG] [thread-id 1] - Click element: 'VisionPromoSectionView.infoButton'
2024-03-12 16:21:54.973 [DEBUG] [thread-id 1] - Verifying percent promo bottom sheet
2024-03-12 16:21:56.239 [DEBUG] [thread-id 1] - Verify identifier: {Got it=[true], VisionPromotionBottomSheetViewController.titleLabel=[true], VisionPromotionBottomSheetViewController_close=[true]}
2024-03-12 16:21:56.415 [DEBUG] [thread-id 1] - Click element: 'Got it'
2024-03-12 16:21:57.163 [DEBUG] [thread-id 1] - Executing function: 'us.functions.item.visionItem.verifySelectLenses'
2024-03-12 16:21:57.166 [DEBUG] [thread-id 1] - Scroll: down
2024-03-12 16:22:28.654 [DEBUG] [thread-id 1] - Verify identifier: {//XCUIElementTypeButton[@name="Select lenses"]=[true]}
2024-03-12 16:22:33.297 [DEBUG] [thread-id 1] - Click element: '//XCUIElementTypeButton[@name="Select lenses"]'
2024-03-12 16:22:35.623 [DEBUG] [thread-id 1] - sleep:  4000 milliseconds
2024-03-12 16:23:08.806 [DEBUG] [thread-id 1] - Main failed: Is not present: '//XCUIElementTypeCell[contains(@name,"Single vision")]', '//XCUIElementTypeButton[@label="Continue"] |  //XCUIElementTypeButton[@label="Done"]', '//XCUIElementTypeStaticText[@name="PrescriptionOrderFooter.subtotalLabel"] | //XCUIElementTypeStaticText[contains(@label,"Subtotal")]'
2024-03-12 16:23:16.288 [DEBUG] [thread-id 1] - Executing scenario: 'After'
2024-03-12 16:23:16.289 [DEBUG] [thread-id 1] - Executing function: 'us.functions.utils.afterSteps'
2024-03-12 16:23:16.289 [WARN] [thread-id 1] - variable testStatus was used, but r2 could not find a value for this variable. returning default of null
2024-03-12 16:23:16.290 [DEBUG] [thread-id 1] - conditionally execute a flow. condition: false
2024-03-12 16:23:23.939 [DEBUG] [thread-id 1] - Test failed
2024-03-12 16:23:47.323 [DEBUG] [thread-id 1] - Created report: /Users/m0k0a2f/glass-automation/report/index.html
