2024-04-22 00:03:58.482 [DEBUG] [thread-id 1] - Executing R2 3.40.1: '/Users/m0k0a2f/glass-automation/./us/test/test-scripts/ios/golden-flows/Ecomm-And-Fulfillment-Flows/substitutions-flows/C2664826-customer-substitute-choice-amend-edit.yaml' on device: 'iPhone 14'
2024-04-22 00:04:55.693 [ERROR] [thread-id 1] - error setting up appium session: 
org.openqa.selenium.SessionNotCreatedException: Could not start a new session. Response code 500. Message: An unknown server-side error occurred while processing the command. Original error: '16.1' does not exist in the list of simctl SDKs. Only the following Simulator SDK versions are available on your system: 15.0, 16.4, 15.2 
Host info: host: 'm-xqkh4fwq5j', ip: '2603:8001:723f:c780:0:0:0:1265%en0'
Build info: version: '4.13.0', revision: 'ba948ece5b*'
System info: os.name: 'Mac OS X', os.arch: 'aarch64', os.version: '14.4.1', java.version: '20.0.1'
Driver info: io.appium.java_client.ios.IOSDriver
Command: [null, newSession {capabilities=[{appium:app=/Users/m0k0a2f/glass-automation/us/app/glass.zip, appium:appiumVersion=2.0.0, appium:automationName=XCUITest, appium:bundleId=com.walmart.beta.electronics, appium:commandTimeout=600, appium:deviceName=iPhone 14, appium:fullReset=false, appium:idleTimeout=1000, appium:iosInstallPause=20000, appium:launchTimeout=6000000, appium:name=C2664826-customer-substitute-choice-amend-edit.yaml, appium:newCommandTimeout=90000, appium:noReset=false, appium:orientation=PORTRAIT, appium:platformVersion=16.1, appium:processArguments={"env":{"config":"{\"environment\":\"teflon\"}","ccm":"{\"feature.membership.plusups.reactivation.cancelledActiveExpired.enabled\":{\"value\":false}}"},"args":["-kGlassExpEnabled","true","-com.walmart.px.skip-catcha","YES"]}, appium:waitForQuiescence=false, platformName=IOS}], desiredCapabilities=Capabilities {appium:app: /Users/m0k0a2f/glass-automa..., appium:appiumVersion: 2.0.0, appium:automationName: XCUITest, appium:bundleId: com.walmart.beta.electronics, appium:commandTimeout: 600, appium:deviceName: iPhone 14, appium:fullReset: false, appium:idleTimeout: 1000, appium:iosInstallPause: 20000, appium:launchTimeout: 6000000, appium:name: C2664826-customer-substitut..., appium:newCommandTimeout: 90000, appium:noReset: false, appium:orientation: PORTRAIT, appium:platformVersion: 16.1, appium:processArguments: {"env":{"config":"{\"enviro..., appium:waitForQuiescence: false, platformName: IOS}}]
Capabilities {appium:app: /Users/m0k0a2f/glass-automa..., appium:appiumVersion: 2.0.0, appium:automationName: XCUITest, appium:bundleId: com.walmart.beta.electronics, appium:commandTimeout: 600, appium:deviceName: iPhone 14, appium:fullReset: false, appium:idleTimeout: 1000, appium:iosInstallPause: 20000, appium:launchTimeout: 6000000, appium:name: C2664826-customer-substitut..., appium:newCommandTimeout: 90000, appium:noReset: false, appium:orientation: PORTRAIT, appium:platformVersion: 16.1, appium:processArguments: {"env":{"config":"{\"enviro..., appium:waitForQuiescence: false, platformName: IOS}
	at org.openqa.selenium.remote.ProtocolHandshake.createSession(ProtocolHandshake.java:140) ~[r2.jar:3.40.1]
	at jdk.internal.reflect.DirectMethodHandleAccessor.invoke(DirectMethodHandleAccessor.java:104) ~[?:?]
	at java.lang.reflect.Method.invoke(Method.java:578) ~[?:?]
	at io.appium.java_client.remote.AppiumProtocolHandshake.createSession(AppiumProtocolHandshake.java:133) ~[r2.jar:3.40.1]
	at io.appium.java_client.remote.AppiumProtocolHandshake.createSession(AppiumProtocolHandshake.java:102) ~[r2.jar:3.40.1]
	at io.appium.java_client.remote.AppiumCommandExecutor.createSession(AppiumCommandExecutor.java:182) ~[r2.jar:3.40.1]
	at io.appium.java_client.remote.AppiumCommandExecutor.execute(AppiumCommandExecutor.java:250) ~[r2.jar:3.40.1]
	at org.openqa.selenium.remote.RemoteWebDriver.execute(RemoteWebDriver.java:602) ~[r2.jar:3.40.1]
	at io.appium.java_client.AppiumDriver.startSession(AppiumDriver.java:274) ~[r2.jar:3.40.1]
	at org.openqa.selenium.remote.RemoteWebDriver.<init>(RemoteWebDriver.java:163) ~[r2.jar:3.40.1]
	at io.appium.java_client.AppiumDriver.<init>(AppiumDriver.java:89) ~[r2.jar:3.40.1]
	at io.appium.java_client.AppiumDriver.<init>(AppiumDriver.java:101) ~[r2.jar:3.40.1]
	at io.appium.java_client.ios.IOSDriver.<init>(IOSDriver.java:104) ~[r2.jar:3.40.1]
	at com.walmartlabs.executor.Appium.setupDriver(Appium.java:715) ~[r2.jar:3.40.1]
	at com.walmartlabs.executor.Appium.setupAppium(Appium.java:640) ~[r2.jar:3.40.1]
	at com.walmartlabs.executor.Executor.start(Executor.java:291) [r2.jar:3.40.1]
	at com.walmartlabs.executor.Executor.startExecution(Executor.java:139) [r2.jar:3.40.1]
	at com.walmartlabs.executor.MultipleConfigExecutor.executeConfig(MultipleConfigExecutor.java:278) [r2.jar:3.40.1]
	at com.walmartlabs.executor.MultipleConfigExecutor.start(MultipleConfigExecutor.java:121) [r2.jar:3.40.1]
	at com.walmartlabs.R2.start(R2.java:88) [r2.jar:3.40.1]
	at com.walmartlabs.R2.main(R2.java:127) [r2.jar:3.40.1]
2024-04-22 00:05:05.085 [DEBUG] [thread-id 1] - Created report: /Users/m0k0a2f/glass-automation/report/index.html
2024-04-22 14:22:13.524 [DEBUG] [thread-id 1] - Executing R2 3.40.1: '/Users/m0k0a2f/glass-automation/./us/test/test-scripts/ios/golden-flows/Ecomm-And-Fulfillment-Flows/substitutions-flows/C2664826-customer-substitute-choice-amend-edit.yaml' on device: 'iPhone 14'
2024-04-22 14:22:43.924 [ERROR] [thread-id 1] - error setting up appium session: 
org.openqa.selenium.SessionNotCreatedException: Could not start a new session. Possible causes are invalid address of the remote server or browser start-up failure. 
Host info: host: 'm-xqkh4fwq5j', ip: '2603:8001:723f:c780:0:0:0:1265%en0'
	at org.openqa.selenium.remote.RemoteWebDriver.execute(RemoteWebDriver.java:620) ~[r2.jar:3.40.1]
	at io.appium.java_client.AppiumDriver.startSession(AppiumDriver.java:274) ~[r2.jar:3.40.1]
	at org.openqa.selenium.remote.RemoteWebDriver.<init>(RemoteWebDriver.java:163) ~[r2.jar:3.40.1]
	at io.appium.java_client.AppiumDriver.<init>(AppiumDriver.java:89) ~[r2.jar:3.40.1]
	at io.appium.java_client.AppiumDriver.<init>(AppiumDriver.java:101) ~[r2.jar:3.40.1]
	at io.appium.java_client.ios.IOSDriver.<init>(IOSDriver.java:104) ~[r2.jar:3.40.1]
	at com.walmartlabs.executor.Appium.setupDriver(Appium.java:715) ~[r2.jar:3.40.1]
	at com.walmartlabs.executor.Appium.setupAppium(Appium.java:640) ~[r2.jar:3.40.1]
	at com.walmartlabs.executor.Executor.start(Executor.java:291) [r2.jar:3.40.1]
	at com.walmartlabs.executor.Executor.startExecution(Executor.java:139) [r2.jar:3.40.1]
	at com.walmartlabs.executor.MultipleConfigExecutor.executeConfig(MultipleConfigExecutor.java:278) [r2.jar:3.40.1]
	at com.walmartlabs.executor.MultipleConfigExecutor.start(MultipleConfigExecutor.java:121) [r2.jar:3.40.1]
	at com.walmartlabs.R2.start(R2.java:88) [r2.jar:3.40.1]
	at com.walmartlabs.R2.main(R2.java:127) [r2.jar:3.40.1]
Caused by: org.openqa.selenium.WebDriverException: Connection refused
Build info: version: '4.13.0', revision: 'ba948ece5b*'
System info: os.name: 'Mac OS X', os.arch: 'aarch64', os.version: '14.4.1', java.version: '20.0.1'
Driver info: driver.version: IOSDriver
	at io.appium.java_client.remote.AppiumCommandExecutor.lambda$execute$4(AppiumCommandExecutor.java:262) ~[r2.jar:3.40.1]
	at java.util.Optional.orElseGet(Optional.java:364) ~[?:?]
	at io.appium.java_client.remote.AppiumCommandExecutor.execute(AppiumCommandExecutor.java:261) ~[r2.jar:3.40.1]
	at org.openqa.selenium.remote.RemoteWebDriver.execute(RemoteWebDriver.java:602) ~[r2.jar:3.40.1]
	... 13 more
Caused by: java.net.ConnectException: Connection refused
	at sun.nio.ch.Net.pollConnect(Native Method) ~[?:?]
	at sun.nio.ch.Net.pollConnectNow(Net.java:673) ~[?:?]
	at sun.nio.ch.SocketChannelImpl.finishConnect(SocketChannelImpl.java:973) ~[?:?]
	at io.netty.channel.socket.nio.NioSocketChannel.doFinishConnect(NioSocketChannel.java:337) ~[r2.jar:3.40.1]
	at io.netty.channel.nio.AbstractNioChannel$AbstractNioUnsafe.finishConnect(AbstractNioChannel.java:334) ~[r2.jar:3.40.1]
	at io.netty.channel.nio.NioEventLoop.processSelectedKey(NioEventLoop.java:776) ~[r2.jar:3.40.1]
	at io.netty.channel.nio.NioEventLoop.processSelectedKeysOptimized(NioEventLoop.java:724) ~[r2.jar:3.40.1]
	at io.netty.channel.nio.NioEventLoop.processSelectedKeys(NioEventLoop.java:650) ~[r2.jar:3.40.1]
	at io.netty.channel.nio.NioEventLoop.run(NioEventLoop.java:562) ~[r2.jar:3.40.1]
	at io.netty.util.concurrent.SingleThreadEventExecutor$4.run(SingleThreadEventExecutor.java:997) ~[r2.jar:3.40.1]
	at io.netty.util.internal.ThreadExecutorMap$2.run(ThreadExecutorMap.java:74) ~[r2.jar:3.40.1]
	at io.netty.util.concurrent.FastThreadLocalRunnable.run(FastThreadLocalRunnable.java:30) ~[r2.jar:3.40.1]
	at java.lang.Thread.run(Thread.java:1623) ~[?:?]
2024-04-22 14:22:45.640 [DEBUG] [thread-id 1] - Created report: /Users/m0k0a2f/glass-automation/report/index.html
2024-04-22 14:37:11.019 [DEBUG] [thread-id 1] - Executing R2 3.40.1: '/Users/m0k0a2f/glass-automation/./us/test/test-scripts/ios/golden-flows/Ecomm-And-Fulfillment-Flows/substitutions-flows/C2664826-customer-substitute-choice-amend-edit.yaml' on device: 'iPhone 14'
2024-04-22 14:37:42.461 [ERROR] [thread-id 1] - error setting up appium session: 
org.openqa.selenium.SessionNotCreatedException: Could not start a new session. Response code 500. Message: An unknown server-side error occurred while processing the command. Original error: Could not determine iOS SDK version: Command 'xcrun --sdk iphonesimulator --show-sdk-version' exited with code 69: You have not agreed to the Xcode license agreements. Please run 'sudo xcodebuild -license' from within a Terminal window to review and agree to the Xcode and Apple SDKs license.
 
Host info: host: 'm-xqkh4fwq5j', ip: '2603:8001:723f:c780:0:0:0:1265%en0'
Build info: version: '4.13.0', revision: 'ba948ece5b*'
System info: os.name: 'Mac OS X', os.arch: 'aarch64', os.version: '14.4.1', java.version: '20.0.1'
Driver info: io.appium.java_client.ios.IOSDriver
Command: [null, newSession {capabilities=[{appium:app=/Users/m0k0a2f/glass-automation/us/app/glass.zip, appium:appiumVersion=2.0.0, appium:automationName=XCUITest, appium:bundleId=com.walmart.beta.electronics, appium:commandTimeout=600, appium:deviceName=iPhone 14, appium:fullReset=false, appium:idleTimeout=1000, appium:iosInstallPause=20000, appium:launchTimeout=6000000, appium:name=C2664826-customer-substitute-choice-amend-edit.yaml, appium:newCommandTimeout=90000, appium:noReset=false, appium:orientation=PORTRAIT, appium:platformVersion=16.1, appium:processArguments={"env":{"config":"{\"environment\":\"teflon\"}","ccm":"{\"feature.membership.plusups.reactivation.cancelledActiveExpired.enabled\":{\"value\":false}}"},"args":["-kGlassExpEnabled","true","-com.walmart.px.skip-catcha","YES"]}, appium:waitForQuiescence=false, platformName=IOS}], desiredCapabilities=Capabilities {appium:app: /Users/m0k0a2f/glass-automa..., appium:appiumVersion: 2.0.0, appium:automationName: XCUITest, appium:bundleId: com.walmart.beta.electronics, appium:commandTimeout: 600, appium:deviceName: iPhone 14, appium:fullReset: false, appium:idleTimeout: 1000, appium:iosInstallPause: 20000, appium:launchTimeout: 6000000, appium:name: C2664826-customer-substitut..., appium:newCommandTimeout: 90000, appium:noReset: false, appium:orientation: PORTRAIT, appium:platformVersion: 16.1, appium:processArguments: {"env":{"config":"{\"enviro..., appium:waitForQuiescence: false, platformName: IOS}}]
Capabilities {appium:app: /Users/m0k0a2f/glass-automa..., appium:appiumVersion: 2.0.0, appium:automationName: XCUITest, appium:bundleId: com.walmart.beta.electronics, appium:commandTimeout: 600, appium:deviceName: iPhone 14, appium:fullReset: false, appium:idleTimeout: 1000, appium:iosInstallPause: 20000, appium:launchTimeout: 6000000, appium:name: C2664826-customer-substitut..., appium:newCommandTimeout: 90000, appium:noReset: false, appium:orientation: PORTRAIT, appium:platformVersion: 16.1, appium:processArguments: {"env":{"config":"{\"enviro..., appium:waitForQuiescence: false, platformName: IOS}
	at org.openqa.selenium.remote.ProtocolHandshake.createSession(ProtocolHandshake.java:140) ~[r2.jar:3.40.1]
	at jdk.internal.reflect.DirectMethodHandleAccessor.invoke(DirectMethodHandleAccessor.java:104) ~[?:?]
	at java.lang.reflect.Method.invoke(Method.java:578) ~[?:?]
	at io.appium.java_client.remote.AppiumProtocolHandshake.createSession(AppiumProtocolHandshake.java:133) ~[r2.jar:3.40.1]
	at io.appium.java_client.remote.AppiumProtocolHandshake.createSession(AppiumProtocolHandshake.java:102) ~[r2.jar:3.40.1]
	at io.appium.java_client.remote.AppiumCommandExecutor.createSession(AppiumCommandExecutor.java:182) ~[r2.jar:3.40.1]
	at io.appium.java_client.remote.AppiumCommandExecutor.execute(AppiumCommandExecutor.java:250) ~[r2.jar:3.40.1]
	at org.openqa.selenium.remote.RemoteWebDriver.execute(RemoteWebDriver.java:602) ~[r2.jar:3.40.1]
	at io.appium.java_client.AppiumDriver.startSession(AppiumDriver.java:274) ~[r2.jar:3.40.1]
	at org.openqa.selenium.remote.RemoteWebDriver.<init>(RemoteWebDriver.java:163) ~[r2.jar:3.40.1]
	at io.appium.java_client.AppiumDriver.<init>(AppiumDriver.java:89) ~[r2.jar:3.40.1]
	at io.appium.java_client.AppiumDriver.<init>(AppiumDriver.java:101) ~[r2.jar:3.40.1]
	at io.appium.java_client.ios.IOSDriver.<init>(IOSDriver.java:104) ~[r2.jar:3.40.1]
	at com.walmartlabs.executor.Appium.setupDriver(Appium.java:715) ~[r2.jar:3.40.1]
	at com.walmartlabs.executor.Appium.setupAppium(Appium.java:640) ~[r2.jar:3.40.1]
	at com.walmartlabs.executor.Executor.start(Executor.java:291) [r2.jar:3.40.1]
	at com.walmartlabs.executor.Executor.startExecution(Executor.java:139) [r2.jar:3.40.1]
	at com.walmartlabs.executor.MultipleConfigExecutor.executeConfig(MultipleConfigExecutor.java:278) [r2.jar:3.40.1]
	at com.walmartlabs.executor.MultipleConfigExecutor.start(MultipleConfigExecutor.java:121) [r2.jar:3.40.1]
	at com.walmartlabs.R2.start(R2.java:88) [r2.jar:3.40.1]
	at com.walmartlabs.R2.main(R2.java:127) [r2.jar:3.40.1]
2024-04-22 14:37:44.538 [DEBUG] [thread-id 1] - Created report: /Users/m0k0a2f/glass-automation/report/index.html
2024-04-22 16:31:03.278 [DEBUG] [thread-id 1] - Executing R2 3.40.1: '/Users/m0k0a2f/glass-automation/./us/test/test-scripts/ios/golden-flows/Ecomm-And-Fulfillment-Flows/substitutions-flows/C2664826-customer-substitute-choice-amend-edit.yaml' on device: 'iPhone 14'
2024-04-22 16:36:20.778 [DEBUG] [thread-id 1] - Executing scenario: 'Before'
2024-04-22 16:36:20.781 [DEBUG] [thread-id 1] - R2_SUBFLOW_PRE_TRANSACTION
2024-04-22 16:36:20.784 [DEBUG] [thread-id 1] - Executing function: 'us.functions.utils.astro.clearCart'
2024-04-22 16:36:21.041 [DEBUG] [thread-id 1] - Call API: 'http://astro.walmart.com/api/v2/teflon/customer/subs.flow.ios@cloudtest.org/clearcart'
2024-04-22 16:36:34.087 [DEBUG] [thread-id 1] - Response code is: '200'. Response body is: '{"astroStatus":"SUCCESS","astroDescription":"CART_CLEARED","astroDetails":{"dbSessionMap":{"CXO_CART_ST":"{\"mtoken\":\"4:23#321851104#2=59605911#8=364748929\"}"},"checkoutable":false,"cart":{"id":"ac1825f1-e3e3-4e94-bc84-53478ada7b9c","buyer":{"id":"d8980ef3-4fc0-45f2-8569-34756384442e","type":"CUSTOMER"},"accessPoint":{"id":"6168c2e3-fc36-4827-98e6-d717d10af1d6","fulfillmentOption":"PICKUP"},"storeIds":[],"itemCount":0,"entityErrors":[],"shipping":{"id":"8bee5900-39d4-484f-8738-069ab45002fc","dbLockVersion":0,"postalCode":"95122","city":"San Jose","state":"CA","countryCode":"USA","latitude":37.606689,"longitude":-122.426362,"isPOBox":false,"isAPOFPO":false},"currencyCode":"USD","preview":false,"tenantId":0,"verticalId":0,"checkoutableErrors":[],"intent":"PICKUP","pickupStore":{"city":"San Jose","stateOrProvinceCode":"CA","countryCode":"USA","postalCode":"95122","storeId":"32144","services":[]},"deliveryStore":{"city":"San Jose","stateOrProvinceCode":"CA","countryCode":"USA","postalCode":"95122","storeId":"32144","services":[]},"mpStores":[],"fulfillmentPlans":[],"accessPoints":[{"id":"6168c2e3-fc36-4827-98e6-d717d10af1d6","fulfillmentOption":"PICKUP"}],"reservations":[],"isExplicitIntent":false,"hasGiftEligibleItem":false,"warnings":[],"restrictions":[]},"errorItems":[],"isOmniPromiseResponse":true,"uniqueInstallationOfferIdHolder":[]}}'
2024-04-22 16:36:34.663 [DEBUG] [thread-id 1] - Cart cleared for subs.flow.ios@cloudtest.org
2024-04-22 16:36:35.217 [DEBUG] [thread-id 1] - Using us-errors-helpers.yaml
2024-04-22 16:36:35.788 [DEBUG] [thread-id 1] - Start Main
2024-04-22 16:36:35.790 [DEBUG] [thread-id 1] - Executing function: 'us.functions.global.onboarding.navigateOnboardingToHome'
2024-04-22 16:36:35.791 [DEBUG] [thread-id 1] - Executing function: 'us.function.utils.getEnvironmentValue'
2024-04-22 16:36:35.792 [DEBUG] [thread-id 1] - Store in: store the value 'teflon' in the variable 'env'
2024-04-22 16:36:35.793 [DEBUG] [thread-id 1] - Timestamp: 1713828995793
2024-04-22 16:36:35.802 [DEBUG] [thread-id 1] - Welcome screen loaded
2024-04-22 16:36:35.951 [DEBUG] [thread-id 1] - Verify identifier: {//XCUIElementTypeButton[@name="SignUpNudgeWelcomeViewController.bodyLabel"]=[true]}
2024-04-22 16:36:45.961 [DEBUG] [thread-id 1] - conditionally execute a flow. condition: false
2024-04-22 16:36:46.273 [DEBUG] [thread-id 1] - Click element: 'cta.cancel.welcome'
2024-04-22 16:36:46.909 [DEBUG] [thread-id 1] - Notifiction Prompt screen loaded
2024-04-22 16:36:47.728 [DEBUG] [thread-id 1] - Verify identifier: {NotificationPermissionViewController.titleLabel=[true]}
2024-04-22 16:36:49.811 [DEBUG] [thread-id 1] - Click element: 'cta.cancel.notifications'
2024-04-22 16:36:50.276 [DEBUG] [thread-id 1] - location screen loaded
2024-04-22 16:36:50.630 [DEBUG] [thread-id 1] - Verify identifier: {LocationPermissionViewController.titleLabel=[true], LocationPermissionViewController.bodyLabel=[true]}
2024-04-22 16:36:50.685 [DEBUG] [thread-id 1] - Click element: 'cta.cancel.location'
2024-04-22 16:36:51.524 [DEBUG] [thread-id 1] - Verify identifier: {label.postal-code-entry=[true]}
2024-04-22 16:36:51.590 [DEBUG] [thread-id 1] - Enter text: '95122'
2024-04-22 16:36:56.256 [DEBUG] [thread-id 1] - Click element: 'cta.continue'
2024-04-22 16:36:57.203 [DEBUG] [thread-id 1] - sleep:  3000 milliseconds
2024-04-22 16:37:00.208 [DEBUG] [thread-id 1] - loop: from 0 to 3
2024-04-22 16:37:00.574 [DEBUG] [thread-id 1] - 0
2024-04-22 16:37:11.836 [DEBUG] [thread-id 1] - conditionally execute a flow. condition: false
2024-04-22 16:37:22.401 [DEBUG] [thread-id 1] - Observed IDFA Sscreen
2024-04-22 16:37:22.701 [DEBUG] [thread-id 1] - conditionally execute a flow. condition: true
2024-04-22 16:37:23.050 [DEBUG] [thread-id 1] - Verify identifier: {ATTPermissionViewController.titleLabel=[true], ATTPermissionViewController.bodyLabel=[true]}
2024-04-22 16:37:33.393 [DEBUG] [thread-id 1] - Click element: 'cta.continue.location'
2024-04-22 16:37:36.957 [DEBUG] [thread-id 1] - Click element: '//XCUIElementTypeButton[@name="Ask App Not to Track"] | //XCUIElementTypeButton[@name="Solicitar a la app no rastrear"]'
2024-04-22 16:37:48.334 [DEBUG] [thread-id 1] - conditionally execute a flow. condition: false
2024-04-22 16:37:49.009 [DEBUG] [thread-id 1] - modal is not displayed
2024-04-22 16:37:59.737 [DEBUG] [thread-id 1] - Executing function: 'us.functions.gic.collapseIfExpanded'
2024-04-22 16:38:00.928 [DEBUG] [thread-id 1] - Verify identifier: {//*[contains(@label,"Expanded")] | //*[contains(@name,"Expanded")]=[true]}
2024-04-22 16:38:01.765 [DEBUG] [thread-id 1] - Collapsing GIC screen
2024-04-22 16:38:03.049 [DEBUG] [thread-id 1] - Click element: '//*[contains(@label,"Expanded")] | //*[contains(@name,"Expanded")]'
2024-04-22 16:38:03.616 [DEBUG] [thread-id 1] - Executing function: 'us.functions.home.navigateHomeToSignIn'
2024-04-22 16:38:03.616 [DEBUG] [thread-id 1] - sleep:  3000 milliseconds
2024-04-22 16:38:18.257 [DEBUG] [thread-id 1] - Click element: 'tab-account-unselected'
2024-04-22 16:38:19.834 [DEBUG] [thread-id 1] - Verify identifier: {SignInYourAccountTableViewCell.signInButton=[true]}
2024-04-22 16:38:19.834 [DEBUG] [thread-id 1] - loop: from 1 to 3
2024-04-22 16:38:20.545 [DEBUG] [thread-id 1] - conditionally execute a flow. condition: true
2024-04-22 16:38:21.435 [DEBUG] [thread-id 1] - Click element: 'SignInYourAccountTableViewCell.signInButton'
2024-04-22 16:38:25.788 [DEBUG] [thread-id 1] - Verify identifier: {TextFieldStackView.containerStackView=[true]}
2024-04-22 16:38:27.389 [DEBUG] [thread-id 1] - Store in: store the value 'true' in the variable 'signInValidated'
2024-04-22 16:38:28.992 [DEBUG] [thread-id 1] - conditionally execute a flow. condition: true
2024-04-22 16:38:30.545 [DEBUG] [thread-id 1] - SignIn page loaded
2024-04-22 16:38:33.823 [DEBUG] [thread-id 1] - Store in: store the value 'false' in the variable 'signInValidated'
2024-04-22 16:38:33.847 [DEBUG] [thread-id 1] - Executing function: 'us.functions.global.authentication.signInAccount'
2024-04-22 16:38:35.554 [DEBUG] [thread-id 1] - Verify identifier: {TextFieldStackView.containerStackView=[true]}
2024-04-22 16:38:35.789 [DEBUG] [thread-id 1] - Enter text: 'subs.flow.ios@cloudtest.org'
2024-04-22 16:38:38.323 [DEBUG] [thread-id 1] - Click element: 'WelcomeView.ctaButton'
2024-04-22 16:38:54.281 [DEBUG] [thread-id 1] - conditionally execute a flow. condition: true
2024-04-22 16:38:56.236 [DEBUG] [thread-id 1] - Click element: 'AuthChoiceView.passwordStackView'
2024-04-22 16:38:57.200 [DEBUG] [thread-id 1] - Verify identifier: {TextFieldStackView.textField=[true]}
2024-04-22 16:38:57.799 [DEBUG] [thread-id 1] - Enter text: 'E2epassword$'
2024-04-22 16:39:01.324 [DEBUG] [thread-id 1] - Click element: 'AuthChoiceView.ctaButton'
2024-04-22 16:39:27.006 [DEBUG] [thread-id 1] - conditionally execute a flow. condition: true
2024-04-22 16:39:29.416 [DEBUG] [thread-id 1] - Click element: 'Donâ€™t Allow'
2024-04-22 16:39:30.154 [DEBUG] [thread-id 1] - Executing function: 'us.test.functions.utils.closeWplusPrompt.homeScreen'
2024-04-22 16:39:40.289 [DEBUG] [thread-id 1] - conditionally execute a flow. condition: false
2024-04-22 16:39:41.380 [DEBUG] [thread-id 1] - W+ Plus membership prompt is not present nothing to close continue
2024-04-22 16:39:41.389 [DEBUG] [thread-id 1] - Executing function: 'us.functions.utils.handleCartMergePopup'
2024-04-22 16:39:41.390 [DEBUG] [thread-id 1] - loop: from 0 to 4
2024-04-22 16:39:42.486 [DEBUG] [thread-id 1] - 0
2024-04-22 16:39:49.795 [DEBUG] [thread-id 1] - No Technical Error Page observed
2024-04-22 16:39:50.881 [DEBUG] [thread-id 1] - sleep:  1000 milliseconds
2024-04-22 16:40:03.353 [DEBUG] [thread-id 1] - Executing function: 'us.functions.global.navigation.accountToHome'
2024-04-22 16:40:04.109 [DEBUG] [thread-id 1] - Verify identifier: {//XCUIElementTypeButton[@name="Shop"] | Shop=[true]}
2024-04-22 16:40:04.109 [DEBUG] [thread-id 1] - sleep:  2000 milliseconds
2024-04-22 16:40:06.948 [DEBUG] [thread-id 1] - Click element: '//XCUIElementTypeButton[@name="Shop"] | Shop'
2024-04-22 16:40:07.962 [DEBUG] [thread-id 1] - Executing function: 'us.functions.home.closeWPlusPromotionPopUpIfDisplayed'
2024-04-22 16:40:13.384 [DEBUG] [thread-id 1] - Verify identifier: {//XCUIElementTypeButton[@name="SplashPageTermView.primaryButton"]|//XCUIElementTypeButton[@name="WalmartPlusSplashBottomSheet.tryWalmartPlusMemberShipButton"] | //XCUIElementTypeButton[@label="Try your rewards benefit"] | //XCUIElementTypeButton[@name="BenefitEngagementTempoContainerView.primaryButton"]=[true]}
2024-04-22 16:40:15.535 [DEBUG] [thread-id 1] - conditionally execute a flow. condition: true
2024-04-22 16:40:17.824 [DEBUG] [thread-id 1] - Click element: '//XCUIElementTypeButton[@name="SplashPageViewController.closeButton" or contains(@label, "Close Walmart plus promotional pop up")] | //XCUIElementTypeNavigationBar[@name="WalmartPlus.SplashPageView"]/XCUIElementTypeButton | //XCUIElementTypeButton[@name="close" or @name="Close"] | //XCUIElementTypeButton[@name="SplashPageViewController.fullScreenCloseButton"] | //XCUIElementTypeButton[@name="MultiSplashViewController.fullScreenCloseButton"]'
2024-04-22 16:40:18.541 [DEBUG] [thread-id 1] - Executing function: 'us.functions.home.closeWplusBottomSheetBannerIfDisplayed'
2024-04-22 16:40:18.542 [DEBUG] [thread-id 1] - sleep:  3000 milliseconds
2024-04-22 16:40:32.807 [DEBUG] [thread-id 1] - Verify identifier: {Search Walmart=[true]}
2024-04-22 16:40:32.808 [DEBUG] [thread-id 1] - Executing function: 'us.functions.home.setStore'
2024-04-22 16:40:32.809 [DEBUG] [thread-id 1] - conditionally execute a flow. condition: true
2024-04-22 16:40:33.648 [DEBUG] [thread-id 1] - Store in: store the value '95122' in the variable 'zipcode'
2024-04-22 16:40:34.126 [DEBUG] [thread-id 1] - conditionally execute a flow. condition: true
2024-04-22 16:40:34.971 [DEBUG] [thread-id 1] - Executing function: 'us.functions.home.changeStore'
2024-04-22 16:40:34.974 [DEBUG] [thread-id 1] - Executing function: 'us.functions.home.closeWPlusPromotionPopUpIfDisplayed'
2024-04-22 16:40:43.755 [DEBUG] [thread-id 1] - No Wplus pop up displayed
2024-04-22 16:40:43.772 [DEBUG] [thread-id 1] - Executing function: 'us.functions.gic.expandIfCollapsed'
2024-04-22 16:40:45.251 [DEBUG] [thread-id 1] - Verify identifier: {//*[contains(@label,"Collapsed")] | //*[contains(@name,"Collapsed")]=[true]}
2024-04-22 16:40:46.778 [DEBUG] [thread-id 1] - Click element: '//*[contains(@label,"Collapsed")] | //*[contains(@name,"Collapsed")]'
2024-04-22 16:40:47.364 [WARN] [thread-id 1] - variable storeOnly was used, but r2 could not find a value for this variable. returning default of null
2024-04-22 16:40:47.366 [DEBUG] [thread-id 1] - conditionally execute a flow. condition: true
2024-04-22 16:40:58.826 [DEBUG] [thread-id 1] - conditionally execute a flow. condition: false
2024-04-22 16:41:11.831 [DEBUG] [thread-id 1] - Click element: '//XCUIElementTypeButton[@name="GlobalIntentCenter.Pickup"] | //XCUIElementTypeButton[contains(@name, "Pickup") and contains(@name,"1 of 2")]'
2024-04-22 16:41:13.347 [DEBUG] [thread-id 1] - Pickup intent selected
2024-04-22 16:41:16.779 [DEBUG] [thread-id 1] - Click element: '//XCUIElementTypeCollectionView[@name="GlobalIntentCenterViewController.collectionView"]//XCUIElementTypeCell[position()=last()-2 or position()=last()-1]//*[@name="GlobalIntentCenter.FullLocation" and contains(@label,"Pickup")] | //XCUIElementTypeOther[@name="LayoutableChildStackViewController.stackView"]/XCUIElementTypeOther[position()=last()]//XCUIElementTypeOther[@name="HoTLocationsItemDetailsView.containerView"]'
2024-04-22 16:41:29.060 [DEBUG] [thread-id 1] - conditionally execute a flow. condition: false
2024-04-22 16:41:40.446 [DEBUG] [thread-id 1] - Enter text: '95122'
2024-04-22 16:41:52.380 [DEBUG] [thread-id 1] - Click element: '(//XCUIElementTypeButton[@name="StoreSelectionCell.radioButton"])[1] | (//XCUIElementTypeOther[@name="StoreSelectionCell.radioLabelsStackView"])[1]'
2024-04-22 16:42:03.990 [DEBUG] [thread-id 1] - Click element: '//XCUIElementTypeButton[@name="SaveStoreSelectionView.saveButton"]'
2024-04-22 16:42:09.225 [DEBUG] [thread-id 1] - Executing function: 'us.functions.utils.handleTechnicalErrorPopup'
2024-04-22 16:42:09.226 [DEBUG] [thread-id 1] - Store in: store the value 'false' in the variable 'errorRemoved'
2024-04-22 16:42:09.226 [DEBUG] [thread-id 1] - sleep:  5000 milliseconds
2024-04-22 16:42:14.232 [DEBUG] [thread-id 1] - loop: from 0 to 3
2024-04-22 16:42:15.135 [DEBUG] [thread-id 1] - 0
2024-04-22 16:42:25.988 [DEBUG] [thread-id 1] - conditionally execute a flow. condition: false
2024-04-22 16:42:26.890 [DEBUG] [thread-id 1] - Store in: store the value 'true' in the variable 'errorRemoved'
2024-04-22 16:42:27.784 [DEBUG] [thread-id 1] - No Technical Error Pop up observed
2024-04-22 16:42:39.748 [DEBUG] [thread-id 1] - sleep:  2000 milliseconds
2024-04-22 16:42:42.192 [DEBUG] [thread-id 1] - conditionally execute a flow. condition: true
2024-04-22 16:42:43.082 [DEBUG] [thread-id 1] - Executing function: 'us.functions.gic.collapseIfExpanded'
2024-04-22 16:42:44.650 [DEBUG] [thread-id 1] - Verify identifier: {//*[contains(@label,"Expanded")] | //*[contains(@name,"Expanded")]=[true]}
2024-04-22 16:42:45.572 [DEBUG] [thread-id 1] - Collapsing GIC screen
2024-04-22 16:42:47.137 [DEBUG] [thread-id 1] - Click element: '//*[contains(@label,"Expanded")] | //*[contains(@name,"Expanded")]'
2024-04-22 16:42:49.550 [DEBUG] [thread-id 1] - Verify identifier: {//*[contains(@label,"Collapsed")] | //*[contains(@name,"Collapsed")]=[true]}
2024-04-22 16:42:49.564 [DEBUG] [thread-id 1] - Executing function: 'us.functions.utils.getSearchableItem'
2024-04-22 16:42:49.565 [DEBUG] [thread-id 1] - Store in: store the value 'null' in the variable 'itemFetched'
2024-04-22 16:42:49.565 [DEBUG] [thread-id 1] - Store in: store the value 'null' in the variable 'deeplinkURL'
2024-04-22 16:42:49.566 [DEBUG] [thread-id 1] - Store in: store the value 'true' in the variable 'apiFetch'
2024-04-22 16:42:49.566 [WARN] [thread-id 1] - variable useHardCodedItem was used, but r2 could not find a value for this variable. returning default of null
2024-04-22 16:42:49.566 [DEBUG] [thread-id 1] - conditionally execute a flow. condition: false
2024-04-22 16:42:50.498 [WARN] [thread-id 1] - variable source was used, but r2 could not find a value for this variable. returning default of null
2024-04-22 16:42:50.498 [DEBUG] [thread-id 1] - conditionally execute a flow. condition: false
2024-04-22 16:42:51.405 [DEBUG] [thread-id 1] - Item fetched by Astro API
2024-04-22 16:42:52.371 [DEBUG] [thread-id 1] - Executing function: 'us.functions.utils.fetchAstroAvailableItem'
2024-04-22 16:42:52.371 [DEBUG] [thread-id 1] - Fetching Item available in stock using Astro API for Item type STORE_SCHEDULED_PICKUP
2024-04-22 16:42:52.372 [WARN] [thread-id 1] - variable nextGen was used, but r2 could not find a value for this variable. returning default of null
2024-04-22 16:42:52.375 [DEBUG] [thread-id 1] - conditionally execute a flow. condition: true
2024-04-22 16:42:53.318 [DEBUG] [thread-id 1] - Store in: store the value 'nextgen' in the variable 'version'
2024-04-22 16:42:53.329 [WARN] [thread-id 1] - variable itemStatusHeader was used, but r2 could not find a value for this variable. returning default of null
2024-04-22 16:42:53.330 [DEBUG] [thread-id 1] - conditionally execute a flow. condition: true
2024-04-22 16:42:54.240 [DEBUG] [thread-id 1] - Store in: store the value 'SUCCESS' in the variable 'itemStatusHeader'
2024-04-22 16:42:54.245 [DEBUG] [thread-id 1] - conditionally execute a flow. condition: true
2024-04-22 16:42:55.190 [WARN] [thread-id 1] - variable itemSubFilter was used, but r2 could not find a value for this variable. returning default of null
2024-04-22 16:42:55.191 [DEBUG] [thread-id 1] - conditionally execute a flow. condition: false
2024-04-22 16:42:56.101 [DEBUG] [thread-id 1] - conditionally execute a flow. condition: false
2024-04-22 16:42:57.050 [WARN] [thread-id 1] - variable itemSubFilter was used, but r2 could not find a value for this variable. returning default of null
2024-04-22 16:42:57.051 [DEBUG] [thread-id 1] - conditionally execute a flow. condition: false
2024-04-22 16:42:57.980 [DEBUG] [thread-id 1] - conditionally execute a flow. condition: false
2024-04-22 16:42:58.944 [DEBUG] [thread-id 1] - conditionally execute a flow. condition: true
2024-04-22 16:42:59.884 [DEBUG] [thread-id 1] - Store in: store the value 'http://astro.walmart.com/api/v3/teflon/internal/getItemHealth/32144/STORE_SCHEDULED_PICKUP?itemType=subsallowed' in the variable 'fetchURL'
2024-04-22 16:43:00.891 [DEBUG] [thread-id 1] - Store in: store the value 'nextgen' in the variable 'version'
2024-04-22 16:43:00.896 [DEBUG] [thread-id 1] - Store in: store the value 'null' in the variable 'itemDetails'
2024-04-22 16:43:01.829 [DEBUG] [thread-id 1] - conditionally execute a flow. condition: true
2024-04-22 16:43:02.799 [DEBUG] [thread-id 1] - NextGen API
2024-04-22 16:43:03.753 [DEBUG] [thread-id 1] - Call API: 'http://astro.walmart.com/api/v3/teflon/internal/getItemHealth/32144/STORE_SCHEDULED_PICKUP?itemType=subsallowed'
2024-04-22 16:43:09.216 [DEBUG] [thread-id 1] - Response code is: '200'. Response body is: '{"astroStatus":"SUCCESS","astroDescription":"Items found in itemHealth Collection","astroDetails":[{"itemId":"333585141","astroStatus":"SUCCESS","astroDescription":"STORE_SCHEDULED_PICKUP (333585141), ORDER CREATED","orderType":"STORE_SCHEDULED_PICKUP","storeId":"32144","orderNumber":null,"eligiblePaths":["subsallowed"],"paymentTypes":["cc"],"inEligiblePaths":[],"offerId":"D659F8D31C0F447D8F8142BBE5DC6934","_id":"6352f4b7ba71e839c00ea086","__v":0,"createdAt":"2022-10-21T19:36:23.892Z","updatedAt":"2024-04-22T23:40:35.546Z","price":{"currencyAmount":22.99,"currencyUnit":"USD","unit":"EA"}},{"itemId":"803629599","astroStatus":"SUCCESS","astroDescription":"STORE_SCHEDULED_PICKUP (803629599), ORDER CREATED","orderType":"STORE_SCHEDULED_PICKUP","storeId":"32144","orderNumber":null,"eligiblePaths":["ebtsnap","b2b","subsallowed"],"paymentTypes":["cc"],"inEligiblePaths":[],"offerId":"849FD7037C7446469AA20076ABD4D511","_id":"6352f4b99ec84d4820684f1d","__v":0,"createdAt":"2022-10-21T19:36:25.140Z","updatedAt":"2024-04-22T23:40:34.841Z","price":{"currencyAmount":23,"currencyUnit":"USD","unit":"EA"}},{"itemId":"1002268592","astroStatus":"SUCCESS","astroDescription":"STORE_SCHEDULED_PICKUP (1002268592), ORDER CREATED","orderType":"STORE_SCHEDULED_PICKUP","storeId":"32144","orderNumber":null,"eligiblePaths":["subsallowed"],"paymentTypes":[],"inEligiblePaths":[],"offerId":"ACE998056E7A4AED935DA7B107240A86","_id":"661d7e160da2973444f7edd9","__v":0,"createdAt":"2024-04-15T19:20:54.433Z","price":{"currencyAmount":2,"currencyUnit":"USD","unit":"EA"},"updatedAt":"2024-04-22T23:40:37.644Z"},{"itemId":"143342741","astroStatus":"SUCCESS","astroDescription":"STORE_SCHEDULED_PICKUP (143342741), ORDER CREATED","orderType":"STORE_SCHEDULED_PICKUP","storeId":"32144","orderNumber":null,"eligiblePaths":["subsallowed"],"paymentTypes":[],"inEligiblePaths":[],"offerId":"202C15DC3338437BB02F9FA47D7CCBA2","_id":"661da71f620a1929f8dadc27","__v":0,"createdAt":"2024-04-15T22:15:59.088Z","price":{"currencyAmount":6.99,"currencyUnit":"USD","unit":"EA"},"updatedAt":"2024-04-22T23:40:37.862Z"},{"itemId":"967762968","astroStatus":"SUCCESS","astroDescription":"STORE_SCHEDULED_PICKUP (967762968), ORDER CREATED","orderType":"STORE_SCHEDULED_PICKUP","storeId":"32144","orderNumber":null,"eligiblePaths":["subsallowed"],"paymentTypes":[],"inEligiblePaths":[],"offerId":"AD9A4A23884445DFB4F9FC51A82996EC","_id":"661da71f3c2cd946d6f7feae","__v":0,"createdAt":"2024-04-15T22:15:59.467Z","price":{"currencyAmount":95,"currencyUnit":"USD","unit":"EA"},"updatedAt":"2024-04-22T23:40:37.914Z"},{"itemId":"982133078","astroStatus":"SUCCESS","astroDescription":"STORE_SCHEDULED_PICKUP (982133078), ORDER CREATED","orderType":"STORE_SCHEDULED_PICKUP","storeId":"32144","orderNumber":null,"eligiblePaths":["subsallowed"],"paymentTypes":[],"inEligiblePaths":[],"offerId":"6EFEF11104B04AAA9FC78B517A8635C2","_id":"661da71fba14066aa2afb653","__v":0,"createdAt":"2024-04-15T22:15:59.754Z","price":{"currencyAmount":12,"currencyUnit":"USD","unit":"EA"},"updatedAt":"2024-04-22T23:40:37.942Z"},{"itemId":"10801611","astroStatus":"SUCCESS","astroDescription":"STORE_SCHEDULED_PICKUP (10801611), ORDER CREATED","orderType":"STORE_SCHEDULED_PICKUP","storeId":"32144","orderNumber":null,"eligiblePaths":["goldendata","subsallowed"],"paymentTypes":[],"inEligiblePaths":[],"offerId":"5E9D72CEEEF848AFA01539D891B43256","_id":"661da7203acff954d2c21309","__v":0,"createdAt":"2024-04-15T22:16:00.151Z","price":{"currencyAmount":4.48,"currencyUnit":"USD","unit":"EA"},"updatedAt":"2024-04-22T23:40:38.517Z"}]}'
2024-04-22 16:43:10.218 [DEBUG] [thread-id 1] - conditionally execute a flow. condition: false
2024-04-22 16:43:11.148 [DEBUG] [thread-id 1] - SUCCESSFUL item fetched from astro API.
2024-04-22 16:43:12.118 [DEBUG] [thread-id 1] - loop: over '[{"itemId":"333585141","astroStatus":"SUCCESS","astroDescription":"STORE_SCHEDULED_PICKUP (333585141), ORDER CREATED","orderType":"STORE_SCHEDULED_PICKUP","storeId":"32144","orderNumber":null,"eligiblePaths":["subsallowed"],"paymentTypes":["cc"],"inEligiblePaths":[],"offerId":"D659F8D31C0F447D8F8142BBE5DC6934","_id":"6352f4b7ba71e839c00ea086","__v":0,"createdAt":"2022-10-21T19:36:23.892Z","updatedAt":"2024-04-22T23:40:35.546Z","price":{"currencyAmount":22.99,"currencyUnit":"USD","unit":"EA"}},{"itemId":"803629599","astroStatus":"SUCCESS","astroDescription":"STORE_SCHEDULED_PICKUP (803629599), ORDER CREATED","orderType":"STORE_SCHEDULED_PICKUP","storeId":"32144","orderNumber":null,"eligiblePaths":["ebtsnap","b2b","subsallowed"],"paymentTypes":["cc"],"inEligiblePaths":[],"offerId":"849FD7037C7446469AA20076ABD4D511","_id":"6352f4b99ec84d4820684f1d","__v":0,"createdAt":"2022-10-21T19:36:25.140Z","updatedAt":"2024-04-22T23:40:34.841Z","price":{"currencyAmount":23,"currencyUnit":"USD","unit":"EA"}},{"itemId":"1002268592","astroStatus":"SUCCESS","astroDescription":"STORE_SCHEDULED_PICKUP (1002268592), ORDER CREATED","orderType":"STORE_SCHEDULED_PICKUP","storeId":"32144","orderNumber":null,"eligiblePaths":["subsallowed"],"paymentTypes":[],"inEligiblePaths":[],"offerId":"ACE998056E7A4AED935DA7B107240A86","_id":"661d7e160da2973444f7edd9","__v":0,"createdAt":"2024-04-15T19:20:54.433Z","price":{"currencyAmount":2,"currencyUnit":"USD","unit":"EA"},"updatedAt":"2024-04-22T23:40:37.644Z"},{"itemId":"143342741","astroStatus":"SUCCESS","astroDescription":"STORE_SCHEDULED_PICKUP (143342741), ORDER CREATED","orderType":"STORE_SCHEDULED_PICKUP","storeId":"32144","orderNumber":null,"eligiblePaths":["subsallowed"],"paymentTypes":[],"inEligiblePaths":[],"offerId":"202C15DC3338437BB02F9FA47D7CCBA2","_id":"661da71f620a1929f8dadc27","__v":0,"createdAt":"2024-04-15T22:15:59.088Z","price":{"currencyAmount":6.99,"currencyUnit":"USD","unit":"EA"},"updatedAt":"2024-04-22T23:40:37.862Z"},{"itemId":"967762968","astroStatus":"SUCCESS","astroDescription":"STORE_SCHEDULED_PICKUP (967762968), ORDER CREATED","orderType":"STORE_SCHEDULED_PICKUP","storeId":"32144","orderNumber":null,"eligiblePaths":["subsallowed"],"paymentTypes":[],"inEligiblePaths":[],"offerId":"AD9A4A23884445DFB4F9FC51A82996EC","_id":"661da71f3c2cd946d6f7feae","__v":0,"createdAt":"2024-04-15T22:15:59.467Z","price":{"currencyAmount":95,"currencyUnit":"USD","unit":"EA"},"updatedAt":"2024-04-22T23:40:37.914Z"},{"itemId":"982133078","astroStatus":"SUCCESS","astroDescription":"STORE_SCHEDULED_PICKUP (982133078), ORDER CREATED","orderType":"STORE_SCHEDULED_PICKUP","storeId":"32144","orderNumber":null,"eligiblePaths":["subsallowed"],"paymentTypes":[],"inEligiblePaths":[],"offerId":"6EFEF11104B04AAA9FC78B517A8635C2","_id":"661da71fba14066aa2afb653","__v":0,"createdAt":"2024-04-15T22:15:59.754Z","price":{"currencyAmount":12,"currencyUnit":"USD","unit":"EA"},"updatedAt":"2024-04-22T23:40:37.942Z"},{"itemId":"10801611","astroStatus":"SUCCESS","astroDescription":"STORE_SCHEDULED_PICKUP (10801611), ORDER CREATED","orderType":"STORE_SCHEDULED_PICKUP","storeId":"32144","orderNumber":null,"eligiblePaths":["goldendata","subsallowed"],"paymentTypes":[],"inEligiblePaths":[],"offerId":"5E9D72CEEEF848AFA01539D891B43256","_id":"661da7203acff954d2c21309","__v":0,"createdAt":"2024-04-15T22:16:00.151Z","price":{"currencyAmount":4.48,"currencyUnit":"USD","unit":"EA"},"updatedAt":"2024-04-22T23:40:38.517Z"}]'
2024-04-22 16:43:13.092 [DEBUG] [thread-id 1] - Store in: store the value 'null' in the variable 'itemDetails'
2024-04-22 16:43:14.042 [DEBUG] [thread-id 1] - {"itemId":"333585141","astroStatus":"SUCCESS","astroDescription":"STORE_SCHEDULED_PICKUP (333585141), ORDER CREATED","orderType":"STORE_SCHEDULED_PICKUP","storeId":"32144","orderNumber":null,"eligiblePaths":["subsallowed"],"paymentTypes":["cc"],"inEligiblePaths":[],"offerId":"D659F8D31C0F447D8F8142BBE5DC6934","_id":"6352f4b7ba71e839c00ea086","__v":0,"createdAt":"2022-10-21T19:36:23.892Z","updatedAt":"2024-04-22T23:40:35.546Z","price":{"currencyAmount":22.99,"currencyUnit":"USD","unit":"EA"}}
2024-04-22 16:43:15.010 [DEBUG] [thread-id 1] - Store in: store the value '333585141' in the variable 'itemFetched'
2024-04-22 16:43:15.970 [DEBUG] [thread-id 1] - Store in: store the value 'SUCCESS' in the variable 'itemStatus'
2024-04-22 16:43:16.921 [WARN] [thread-id 1] - variable healthCheck was used, but r2 could not find a value for this variable. returning default of null
2024-04-22 16:43:17.877 [DEBUG] [thread-id 1] - conditionally execute a flow. condition: true
2024-04-22 16:43:18.753 [DEBUG] [thread-id 1] - Execute Node: 'us/test/helpers/splitNumberString.js'
2024-04-22 16:43:20.123 [DEBUG] [thread-id 1] - 333585141
2024-04-22 16:43:21.015 [DEBUG] [thread-id 1] - conditionally execute a flow. condition: true
2024-04-22 16:43:21.885 [DEBUG] [thread-id 1] - Store in: store the value '333585141' in the variable 'skipItemId'
2024-04-22 16:43:22.765 [DEBUG] [thread-id 1] - conditionally execute a flow. condition: true
2024-04-22 16:43:24.515 [DEBUG] [thread-id 1] - conditionally execute a flow. condition: true
2024-04-22 16:43:25.385 [DEBUG] [thread-id 1] - Excluding the earlier fetched item
2024-04-22 16:43:26.282 [DEBUG] [thread-id 1] - Store in: store the value 'null' in the variable 'itemDetails'
2024-04-22 16:43:27.153 [DEBUG] [thread-id 1] - {"itemId":"803629599","astroStatus":"SUCCESS","astroDescription":"STORE_SCHEDULED_PICKUP (803629599), ORDER CREATED","orderType":"STORE_SCHEDULED_PICKUP","storeId":"32144","orderNumber":null,"eligiblePaths":["ebtsnap","b2b","subsallowed"],"paymentTypes":["cc"],"inEligiblePaths":[],"offerId":"849FD7037C7446469AA20076ABD4D511","_id":"6352f4b99ec84d4820684f1d","__v":0,"createdAt":"2022-10-21T19:36:25.140Z","updatedAt":"2024-04-22T23:40:34.841Z","price":{"currencyAmount":23,"currencyUnit":"USD","unit":"EA"}}
2024-04-22 16:43:28.007 [DEBUG] [thread-id 1] - Store in: store the value '803629599' in the variable 'itemFetched'
2024-04-22 16:43:28.866 [DEBUG] [thread-id 1] - Store in: store the value 'SUCCESS' in the variable 'itemStatus'
2024-04-22 16:43:29.728 [WARN] [thread-id 1] - variable healthCheck was used, but r2 could not find a value for this variable. returning default of null
2024-04-22 16:43:30.575 [DEBUG] [thread-id 1] - conditionally execute a flow. condition: true
2024-04-22 16:43:31.433 [DEBUG] [thread-id 1] - Execute Node: 'us/test/helpers/splitNumberString.js'
2024-04-22 16:43:32.331 [DEBUG] [thread-id 1] - 803629599
2024-04-22 16:43:33.183 [DEBUG] [thread-id 1] - conditionally execute a flow. condition: true
2024-04-22 16:43:34.032 [DEBUG] [thread-id 1] - Store in: store the value '803629599' in the variable 'skipItemId'
2024-04-22 16:43:34.902 [DEBUG] [thread-id 1] - conditionally execute a flow. condition: true
2024-04-22 16:43:36.609 [DEBUG] [thread-id 1] - conditionally execute a flow. condition: true
2024-04-22 16:43:37.481 [DEBUG] [thread-id 1] - Excluding the earlier fetched item
2024-04-22 16:43:38.354 [DEBUG] [thread-id 1] - Store in: store the value 'null' in the variable 'itemDetails'
2024-04-22 16:43:39.214 [DEBUG] [thread-id 1] - {"itemId":"1002268592","astroStatus":"SUCCESS","astroDescription":"STORE_SCHEDULED_PICKUP (1002268592), ORDER CREATED","orderType":"STORE_SCHEDULED_PICKUP","storeId":"32144","orderNumber":null,"eligiblePaths":["subsallowed"],"paymentTypes":[],"inEligiblePaths":[],"offerId":"ACE998056E7A4AED935DA7B107240A86","_id":"661d7e160da2973444f7edd9","__v":0,"createdAt":"2024-04-15T19:20:54.433Z","price":{"currencyAmount":2,"currencyUnit":"USD","unit":"EA"},"updatedAt":"2024-04-22T23:40:37.644Z"}
2024-04-22 16:43:40.066 [DEBUG] [thread-id 1] - Store in: store the value '1002268592' in the variable 'itemFetched'
2024-04-22 16:43:40.931 [DEBUG] [thread-id 1] - Store in: store the value 'SUCCESS' in the variable 'itemStatus'
2024-04-22 16:43:41.815 [WARN] [thread-id 1] - variable healthCheck was used, but r2 could not find a value for this variable. returning default of null
2024-04-22 16:43:42.697 [DEBUG] [thread-id 1] - conditionally execute a flow. condition: true
2024-04-22 16:43:43.534 [DEBUG] [thread-id 1] - Execute Node: 'us/test/helpers/splitNumberString.js'
2024-04-22 16:43:44.502 [DEBUG] [thread-id 1] - 1002268592
2024-04-22 16:43:45.344 [DEBUG] [thread-id 1] - conditionally execute a flow. condition: true
2024-04-22 16:43:46.180 [DEBUG] [thread-id 1] - Store in: store the value '1002268592' in the variable 'skipItemId'
2024-04-22 16:43:47.038 [DEBUG] [thread-id 1] - conditionally execute a flow. condition: true
2024-04-22 16:43:48.735 [DEBUG] [thread-id 1] - conditionally execute a flow. condition: true
2024-04-22 16:43:49.693 [DEBUG] [thread-id 1] - Excluding the earlier fetched item
2024-04-22 16:43:50.584 [DEBUG] [thread-id 1] - Store in: store the value 'null' in the variable 'itemDetails'
2024-04-22 16:43:51.435 [DEBUG] [thread-id 1] - {"itemId":"143342741","astroStatus":"SUCCESS","astroDescription":"STORE_SCHEDULED_PICKUP (143342741), ORDER CREATED","orderType":"STORE_SCHEDULED_PICKUP","storeId":"32144","orderNumber":null,"eligiblePaths":["subsallowed"],"paymentTypes":[],"inEligiblePaths":[],"offerId":"202C15DC3338437BB02F9FA47D7CCBA2","_id":"661da71f620a1929f8dadc27","__v":0,"createdAt":"2024-04-15T22:15:59.088Z","price":{"currencyAmount":6.99,"currencyUnit":"USD","unit":"EA"},"updatedAt":"2024-04-22T23:40:37.862Z"}
2024-04-22 16:43:52.287 [DEBUG] [thread-id 1] - Store in: store the value '143342741' in the variable 'itemFetched'
2024-04-22 16:43:53.150 [DEBUG] [thread-id 1] - Store in: store the value 'SUCCESS' in the variable 'itemStatus'
2024-04-22 16:43:53.991 [WARN] [thread-id 1] - variable healthCheck was used, but r2 could not find a value for this variable. returning default of null
2024-04-22 16:43:54.842 [DEBUG] [thread-id 1] - conditionally execute a flow. condition: true
2024-04-22 16:43:55.687 [DEBUG] [thread-id 1] - Execute Node: 'us/test/helpers/splitNumberString.js'
2024-04-22 16:43:56.586 [DEBUG] [thread-id 1] - 143342741
2024-04-22 16:43:57.433 [DEBUG] [thread-id 1] - conditionally execute a flow. condition: true
2024-04-22 16:43:58.280 [DEBUG] [thread-id 1] - Store in: store the value '143342741' in the variable 'skipItemId'
2024-04-22 16:43:59.123 [DEBUG] [thread-id 1] - conditionally execute a flow. condition: true
2024-04-22 16:44:00.828 [DEBUG] [thread-id 1] - conditionally execute a flow. condition: true
2024-04-22 16:44:01.686 [DEBUG] [thread-id 1] - Excluding the earlier fetched item
2024-04-22 16:44:02.546 [DEBUG] [thread-id 1] - Store in: store the value 'null' in the variable 'itemDetails'
2024-04-22 16:44:03.398 [DEBUG] [thread-id 1] - {"itemId":"967762968","astroStatus":"SUCCESS","astroDescription":"STORE_SCHEDULED_PICKUP (967762968), ORDER CREATED","orderType":"STORE_SCHEDULED_PICKUP","storeId":"32144","orderNumber":null,"eligiblePaths":["subsallowed"],"paymentTypes":[],"inEligiblePaths":[],"offerId":"AD9A4A23884445DFB4F9FC51A82996EC","_id":"661da71f3c2cd946d6f7feae","__v":0,"createdAt":"2024-04-15T22:15:59.467Z","price":{"currencyAmount":95,"currencyUnit":"USD","unit":"EA"},"updatedAt":"2024-04-22T23:40:37.914Z"}
2024-04-22 16:44:04.257 [DEBUG] [thread-id 1] - Store in: store the value '967762968' in the variable 'itemFetched'
2024-04-22 16:44:05.112 [DEBUG] [thread-id 1] - Store in: store the value 'SUCCESS' in the variable 'itemStatus'
2024-04-22 16:44:05.962 [WARN] [thread-id 1] - variable healthCheck was used, but r2 could not find a value for this variable. returning default of null
2024-04-22 16:44:06.818 [DEBUG] [thread-id 1] - conditionally execute a flow. condition: true
2024-04-22 16:44:07.668 [DEBUG] [thread-id 1] - Execute Node: 'us/test/helpers/splitNumberString.js'
2024-04-22 16:44:08.650 [DEBUG] [thread-id 1] - 967762968
2024-04-22 16:44:09.510 [DEBUG] [thread-id 1] - conditionally execute a flow. condition: true
2024-04-22 16:44:10.359 [DEBUG] [thread-id 1] - Store in: store the value '967762968' in the variable 'skipItemId'
2024-04-22 16:44:11.225 [DEBUG] [thread-id 1] - conditionally execute a flow. condition: true
2024-04-22 16:44:12.928 [DEBUG] [thread-id 1] - conditionally execute a flow. condition: true
2024-04-22 16:44:13.796 [DEBUG] [thread-id 1] - Excluding the earlier fetched item
2024-04-22 16:44:14.671 [DEBUG] [thread-id 1] - Store in: store the value 'null' in the variable 'itemDetails'
2024-04-22 16:44:15.517 [DEBUG] [thread-id 1] - {"itemId":"982133078","astroStatus":"SUCCESS","astroDescription":"STORE_SCHEDULED_PICKUP (982133078), ORDER CREATED","orderType":"STORE_SCHEDULED_PICKUP","storeId":"32144","orderNumber":null,"eligiblePaths":["subsallowed"],"paymentTypes":[],"inEligiblePaths":[],"offerId":"6EFEF11104B04AAA9FC78B517A8635C2","_id":"661da71fba14066aa2afb653","__v":0,"createdAt":"2024-04-15T22:15:59.754Z","price":{"currencyAmount":12,"currencyUnit":"USD","unit":"EA"},"updatedAt":"2024-04-22T23:40:37.942Z"}
2024-04-22 16:44:16.361 [DEBUG] [thread-id 1] - Store in: store the value '982133078' in the variable 'itemFetched'
2024-04-22 16:44:17.212 [DEBUG] [thread-id 1] - Store in: store the value 'SUCCESS' in the variable 'itemStatus'
2024-04-22 16:44:18.062 [WARN] [thread-id 1] - variable healthCheck was used, but r2 could not find a value for this variable. returning default of null
2024-04-22 16:44:18.914 [DEBUG] [thread-id 1] - conditionally execute a flow. condition: true
2024-04-22 16:44:19.861 [DEBUG] [thread-id 1] - Execute Node: 'us/test/helpers/splitNumberString.js'
2024-04-22 16:44:20.779 [DEBUG] [thread-id 1] - 982133078
2024-04-22 16:44:21.631 [DEBUG] [thread-id 1] - conditionally execute a flow. condition: true
2024-04-22 16:44:22.480 [DEBUG] [thread-id 1] - Store in: store the value '982133078' in the variable 'skipItemId'
2024-04-22 16:44:23.337 [DEBUG] [thread-id 1] - conditionally execute a flow. condition: true
2024-04-22 16:44:25.048 [DEBUG] [thread-id 1] - conditionally execute a flow. condition: true
2024-04-22 16:44:25.914 [DEBUG] [thread-id 1] - Excluding the earlier fetched item
2024-04-22 16:44:26.785 [DEBUG] [thread-id 1] - Store in: store the value 'null' in the variable 'itemDetails'
2024-04-22 16:44:27.650 [DEBUG] [thread-id 1] - {"itemId":"10801611","astroStatus":"SUCCESS","astroDescription":"STORE_SCHEDULED_PICKUP (10801611), ORDER CREATED","orderType":"STORE_SCHEDULED_PICKUP","storeId":"32144","orderNumber":null,"eligiblePaths":["goldendata","subsallowed"],"paymentTypes":[],"inEligiblePaths":[],"offerId":"5E9D72CEEEF848AFA01539D891B43256","_id":"661da7203acff954d2c21309","__v":0,"createdAt":"2024-04-15T22:16:00.151Z","price":{"currencyAmount":4.48,"currencyUnit":"USD","unit":"EA"},"updatedAt":"2024-04-22T23:40:38.517Z"}
2024-04-22 16:44:28.534 [DEBUG] [thread-id 1] - Store in: store the value '10801611' in the variable 'itemFetched'
2024-04-22 16:44:29.394 [DEBUG] [thread-id 1] - Store in: store the value 'SUCCESS' in the variable 'itemStatus'
2024-04-22 16:44:30.356 [WARN] [thread-id 1] - variable healthCheck was used, but r2 could not find a value for this variable. returning default of null
2024-04-22 16:44:31.218 [DEBUG] [thread-id 1] - conditionally execute a flow. condition: true
2024-04-22 16:44:32.047 [DEBUG] [thread-id 1] - Execute Node: 'us/test/helpers/splitNumberString.js'
2024-04-22 16:44:32.971 [DEBUG] [thread-id 1] - 10801611
2024-04-22 16:44:33.819 [DEBUG] [thread-id 1] - conditionally execute a flow. condition: true
2024-04-22 16:44:34.656 [DEBUG] [thread-id 1] - Store in: store the value '10801611' in the variable 'skipItemId'
2024-04-22 16:44:35.500 [DEBUG] [thread-id 1] - conditionally execute a flow. condition: true
2024-04-22 16:44:37.220 [DEBUG] [thread-id 1] - conditionally execute a flow. condition: true
2024-04-22 16:44:38.068 [DEBUG] [thread-id 1] - Excluding the earlier fetched item
2024-04-22 16:44:38.938 [DEBUG] [thread-id 1] - Stock available Item Id 10801611 for type STORE_SCHEDULED_PICKUP
2024-04-22 16:44:39.786 [WARN] [thread-id 1] - variable fetchedItemDataDetails was used, but r2 could not find a value for this variable. returning default of null
2024-04-22 16:44:39.786 [DEBUG] [thread-id 1] - Execute Node: 'us/test/helpers/jsonParser.js'
2024-04-22 16:44:40.723 [DEBUG] [thread-id 1] - Store in: store the value 'false' in the variable 'skipForNext'
2024-04-22 16:44:41.563 [DEBUG] [thread-id 1] - Store in: store the value 'false' in the variable 'excludeFetchedItem'
2024-04-22 16:44:41.567 [DEBUG] [thread-id 1] - Store in: store the value 'null' in the variable 'storeId'
2024-04-22 16:44:41.568 [DEBUG] [thread-id 1] - Store in: store the value 'null' in the variable 'itemStatusHeader'
2024-04-22 16:44:41.568 [DEBUG] [thread-id 1] - Store in: store the value 'false' in the variable 'healthCheck'
2024-04-22 16:44:41.568 [DEBUG] [thread-id 1] - Store in: store the value 'null' in the variable 'version'
2024-04-22 16:44:41.568 [DEBUG] [thread-id 1] - Store in: store the value 'null' in the variable 'itemFilter'
2024-04-22 16:44:41.569 [DEBUG] [thread-id 1] - Store in: store the value 'false' in the variable 'noSubSet'
2024-04-22 16:44:42.420 [DEBUG] [thread-id 1] - Store in: store the value 'null' in the variable 'backupItem'
2024-04-22 16:44:42.421 [DEBUG] [thread-id 1] - Store in: store the value 'null' in the variable 'source'
2024-04-22 16:44:42.421 [DEBUG] [thread-id 1] - Store in: store the value 'null' in the variable 'useHardCodedItem'
2024-04-22 16:44:42.422 [DEBUG] [thread-id 1] - Store in: store the value 'walmart://item/10801611' in the variable 'deeplinkURl'
2024-04-22 16:44:42.422 [DEBUG] [thread-id 1] - Item:10801611
2024-04-22 16:44:42.423 [DEBUG] [thread-id 1] - deeplinkURL:walmart://item/10801611
2024-04-22 16:44:42.423 [DEBUG] [thread-id 1] - Store in: store the value '10801611' in the variable 'item1'
2024-04-22 16:44:42.427 [DEBUG] [thread-id 1] - Executing function: 'us.functions.global.navigation.goToDeepLink'
2024-04-22 16:44:42.427 [DEBUG] [thread-id 1] - Verify value of: '$deepLinkUrl'
2024-04-22 16:44:42.428 [DEBUG] [thread-id 1] - Open link: 'walmart://ip/10801611'
2024-04-22 16:44:45.433 [DEBUG] [thread-id 1] - Executing function: 'us.functions.global.navigation.openDeepLink'
2024-04-22 16:44:47.641 [DEBUG] [thread-id 1] - Verify identifier: {Open in â€œWalmartâ€?=[true]}
2024-04-22 16:44:49.850 [DEBUG] [thread-id 1] - Click element: 'Open'
2024-04-22 16:44:50.589 [DEBUG] [thread-id 1] - Executing function: 'us.functions.item.addItemToCart'
2024-04-22 16:46:27.708 [DEBUG] [thread-id 1] - conditionally execute a flow. condition: false
2024-04-22 16:46:31.483 [DEBUG] [thread-id 1] - conditionally execute a flow. condition: true
2024-04-22 16:46:35.261 [DEBUG] [thread-id 1] - Store in: store the value '[ Source - AstroAPI ] [ ItemId - 10801611 ] [ Tag - STORE_SCHEDULED_PICKUP ] ' in the variable 'itemDataDetails'
2024-04-22 16:46:59.020 [DEBUG] [thread-id 1] - Main failed: DATA_FAILURE - teflon - ADD TO CART button not displayed - [ Source - AstroAPI ] [ ItemId - 10801611 ] [ Tag - STORE_SCHEDULED_PICKUP ] 
2024-04-22 16:47:06.639 [DEBUG] [thread-id 1] - Executing scenario: 'After'
2024-04-22 16:47:06.639 [DEBUG] [thread-id 1] - Executing function: 'us.functions.utils.afterSteps'
2024-04-22 16:47:06.639 [WARN] [thread-id 1] - variable testStatus was used, but r2 could not find a value for this variable. returning default of null
2024-04-22 16:47:06.639 [DEBUG] [thread-id 1] - conditionally execute a flow. condition: false
2024-04-22 16:47:10.420 [DEBUG] [thread-id 1] - Test failed
2024-04-22 16:47:31.954 [DEBUG] [thread-id 1] - Created report: /Users/m0k0a2f/glass-automation/report/index.html
