2024-08-20 16:53:57.055 [DEBUG] [thread-id 1] - Executing R2 4.0.2: '/Users/m0k0a2f/glass-automation/./us/e2e-tests/test-scripts/ios/golden-flows/Ecomm-And-Fulfillment-Flows/buy-now-flows/pre-transaction/C2657256-fc-buy-now-associate-user-verify-ebt-eligibility.yaml' on device: 'iPhone 14'
2024-08-20 16:54:58.040 [ERROR] [thread-id 1] - error setting up appium session: 
org.openqa.selenium.SessionNotCreatedException: Could not start a new session. Response code 500. Message: An unknown server-side error occurred while processing the command. Original error: Could not determine iOS SDK version: Command 'xcrun --sdk iphonesimulator --show-sdk-version' timed out after 15000ms 
Host info: host: 'm-xqkh4fwq5j', ip: '2603:8001:723f:c780:e9d5:8c02:43f7:bb0e%en0'
Build info: version: '4.13.0', revision: 'ba948ece5b*'
System info: os.name: 'Mac OS X', os.arch: 'aarch64', os.version: '14.4.1', java.version: '20.0.1'
Driver info: io.appium.java_client.ios.IOSDriver
Command: [null, newSession {capabilities=[{appium:app=/Users/m0k0a2f/glass-automation/us/app/glass.zip, appium:appiumVersion=2.5.1, appium:automationName=XCUITest, appium:bundleId=com.walmart.beta.electronics, appium:commandTimeout=600, appium:deviceName=iPhone 14, appium:fullReset=false, appium:idleTimeout=1000, appium:iosInstallPause=20000, appium:launchTimeout=6000000, appium:name=C2657256-fc-buy-now-associate-user-verify-ebt-eligibility.yaml, appium:newCommandTimeout=90000, appium:noReset=true, appium:orientation=PORTRAIT, appium:platformVersion=17.4, appium:processArguments={"env":{"config":"{\"environment\":\"teflon\"}","ccm":"{\"account.ux.optimization.enabled\":{\"value\":false}}"},"args":["-kGlassExpEnabled","true","-com.walmart.px.skip-catcha","YES"]}, appium:public=share, appium:waitForQuiescence=false, platformName=IOS}], desiredCapabilities=Capabilities {appium:app: /Users/m0k0a2f/glass-automa..., appium:appiumVersion: 2.5.1, appium:automationName: XCUITest, appium:bundleId: com.walmart.beta.electronics, appium:commandTimeout: 600, appium:deviceName: iPhone 14, appium:fullReset: false, appium:idleTimeout: 1000, appium:iosInstallPause: 20000, appium:launchTimeout: 6000000, appium:name: C2657256-fc-buy-now-associa..., appium:newCommandTimeout: 90000, appium:noReset: true, appium:orientation: PORTRAIT, appium:platformVersion: 17.4, appium:processArguments: {"env":{"config":"{\"enviro..., appium:public: share, appium:waitForQuiescence: false, platformName: IOS}}]
Capabilities {appium:app: /Users/m0k0a2f/glass-automa..., appium:appiumVersion: 2.5.1, appium:automationName: XCUITest, appium:bundleId: com.walmart.beta.electronics, appium:commandTimeout: 600, appium:deviceName: iPhone 14, appium:fullReset: false, appium:idleTimeout: 1000, appium:iosInstallPause: 20000, appium:launchTimeout: 6000000, appium:name: C2657256-fc-buy-now-associa..., appium:newCommandTimeout: 90000, appium:noReset: true, appium:orientation: PORTRAIT, appium:platformVersion: 17.4, appium:processArguments: {"env":{"config":"{\"enviro..., appium:public: share, appium:waitForQuiescence: false, platformName: IOS}
	at org.openqa.selenium.remote.ProtocolHandshake.createSession(ProtocolHandshake.java:140) ~[r2.jar:4.0.2]
	at jdk.internal.reflect.DirectMethodHandleAccessor.invoke(DirectMethodHandleAccessor.java:104) ~[?:?]
	at java.lang.reflect.Method.invoke(Method.java:578) ~[?:?]
	at io.appium.java_client.remote.AppiumProtocolHandshake.createSession(AppiumProtocolHandshake.java:133) ~[r2.jar:4.0.2]
	at io.appium.java_client.remote.AppiumProtocolHandshake.createSession(AppiumProtocolHandshake.java:102) ~[r2.jar:4.0.2]
	at io.appium.java_client.remote.AppiumCommandExecutor.createSession(AppiumCommandExecutor.java:182) ~[r2.jar:4.0.2]
	at io.appium.java_client.remote.AppiumCommandExecutor.execute(AppiumCommandExecutor.java:250) ~[r2.jar:4.0.2]
	at org.openqa.selenium.remote.RemoteWebDriver.execute(RemoteWebDriver.java:602) ~[r2.jar:4.0.2]
	at io.appium.java_client.AppiumDriver.startSession(AppiumDriver.java:274) ~[r2.jar:4.0.2]
	at org.openqa.selenium.remote.RemoteWebDriver.<init>(RemoteWebDriver.java:163) ~[r2.jar:4.0.2]
	at io.appium.java_client.AppiumDriver.<init>(AppiumDriver.java:89) ~[r2.jar:4.0.2]
	at io.appium.java_client.AppiumDriver.<init>(AppiumDriver.java:101) ~[r2.jar:4.0.2]
	at io.appium.java_client.ios.IOSDriver.<init>(IOSDriver.java:104) ~[r2.jar:4.0.2]
	at com.walmartlabs.executor.Appium.setupDriver(Appium.java:774) ~[r2.jar:4.0.2]
	at com.walmartlabs.executor.Appium.setupAppium(Appium.java:699) ~[r2.jar:4.0.2]
	at com.walmartlabs.executor.Executor.start(Executor.java:360) [r2.jar:4.0.2]
	at com.walmartlabs.executor.Executor.startExecution(Executor.java:188) [r2.jar:4.0.2]
	at com.walmartlabs.executor.MultipleConfigExecutor.executeConfig(MultipleConfigExecutor.java:319) [r2.jar:4.0.2]
	at com.walmartlabs.executor.MultipleConfigExecutor.start(MultipleConfigExecutor.java:146) [r2.jar:4.0.2]
	at com.walmartlabs.R2.start(R2.java:88) [r2.jar:4.0.2]
	at com.walmartlabs.R2.main(R2.java:133) [r2.jar:4.0.2]
2024-08-20 16:54:59.481 [DEBUG] [thread-id 1] - Created report: /Users/m0k0a2f/glass-automation/report/index.html
2024-08-20 16:58:48.775 [DEBUG] [thread-id 1] - Executing R2 4.0.2: '/Users/m0k0a2f/glass-automation/./us/e2e-tests/test-scripts/ios/golden-flows/Ecomm-And-Fulfillment-Flows/buy-now-flows/pre-transaction/C2657256-fc-buy-now-associate-user-verify-ebt-eligibility.yaml' on device: 'iPhone 14'
2024-08-20 16:59:19.287 [ERROR] [thread-id 1] - error setting up appium session: 
org.openqa.selenium.SessionNotCreatedException: Could not start a new session. Response code 500. Message: An unknown server-side error occurred while processing the command. Original error: Could not determine iOS SDK version: Command 'xcrun --sdk iphonesimulator --show-sdk-version' timed out after 15000ms 
Host info: host: 'm-xqkh4fwq5j', ip: '2603:8001:723f:c780:e9d5:8c02:43f7:bb0e%en0'
Build info: version: '4.13.0', revision: 'ba948ece5b*'
System info: os.name: 'Mac OS X', os.arch: 'aarch64', os.version: '14.4.1', java.version: '20.0.1'
Driver info: io.appium.java_client.ios.IOSDriver
Command: [null, newSession {capabilities=[{appium:app=/Users/m0k0a2f/glass-automation/us/app/glass.zip, appium:appiumVersion=2.0.0, appium:automationName=XCUITest, appium:bundleId=com.walmart.beta.electronics, appium:commandTimeout=600, appium:deviceName=iPhone 14, appium:fullReset=false, appium:idleTimeout=1000, appium:iosInstallPause=20000, appium:launchTimeout=6000000, appium:name=C2657256-fc-buy-now-associate-user-verify-ebt-eligibility.yaml, appium:newCommandTimeout=90000, appium:noReset=true, appium:orientation=PORTRAIT, appium:platformVersion=16.1, appium:processArguments={"env":{"config":"{\"environment\":\"teflon\"}","ccm":"{\"account.ux.optimization.enabled\":{\"value\":false}}"},"args":["-kGlassExpEnabled","true","-com.walmart.px.skip-catcha","YES"]}, appium:public=share, appium:waitForQuiescence=false, platformName=IOS}], desiredCapabilities=Capabilities {appium:app: /Users/m0k0a2f/glass-automa..., appium:appiumVersion: 2.0.0, appium:automationName: XCUITest, appium:bundleId: com.walmart.beta.electronics, appium:commandTimeout: 600, appium:deviceName: iPhone 14, appium:fullReset: false, appium:idleTimeout: 1000, appium:iosInstallPause: 20000, appium:launchTimeout: 6000000, appium:name: C2657256-fc-buy-now-associa..., appium:newCommandTimeout: 90000, appium:noReset: true, appium:orientation: PORTRAIT, appium:platformVersion: 16.1, appium:processArguments: {"env":{"config":"{\"enviro..., appium:public: share, appium:waitForQuiescence: false, platformName: IOS}}]
Capabilities {appium:app: /Users/m0k0a2f/glass-automa..., appium:appiumVersion: 2.0.0, appium:automationName: XCUITest, appium:bundleId: com.walmart.beta.electronics, appium:commandTimeout: 600, appium:deviceName: iPhone 14, appium:fullReset: false, appium:idleTimeout: 1000, appium:iosInstallPause: 20000, appium:launchTimeout: 6000000, appium:name: C2657256-fc-buy-now-associa..., appium:newCommandTimeout: 90000, appium:noReset: true, appium:orientation: PORTRAIT, appium:platformVersion: 16.1, appium:processArguments: {"env":{"config":"{\"enviro..., appium:public: share, appium:waitForQuiescence: false, platformName: IOS}
	at org.openqa.selenium.remote.ProtocolHandshake.createSession(ProtocolHandshake.java:140) ~[r2.jar:4.0.2]
	at jdk.internal.reflect.DirectMethodHandleAccessor.invoke(DirectMethodHandleAccessor.java:104) ~[?:?]
	at java.lang.reflect.Method.invoke(Method.java:578) ~[?:?]
	at io.appium.java_client.remote.AppiumProtocolHandshake.createSession(AppiumProtocolHandshake.java:133) ~[r2.jar:4.0.2]
	at io.appium.java_client.remote.AppiumProtocolHandshake.createSession(AppiumProtocolHandshake.java:102) ~[r2.jar:4.0.2]
	at io.appium.java_client.remote.AppiumCommandExecutor.createSession(AppiumCommandExecutor.java:182) ~[r2.jar:4.0.2]
	at io.appium.java_client.remote.AppiumCommandExecutor.execute(AppiumCommandExecutor.java:250) ~[r2.jar:4.0.2]
	at org.openqa.selenium.remote.RemoteWebDriver.execute(RemoteWebDriver.java:602) ~[r2.jar:4.0.2]
	at io.appium.java_client.AppiumDriver.startSession(AppiumDriver.java:274) ~[r2.jar:4.0.2]
	at org.openqa.selenium.remote.RemoteWebDriver.<init>(RemoteWebDriver.java:163) ~[r2.jar:4.0.2]
	at io.appium.java_client.AppiumDriver.<init>(AppiumDriver.java:89) ~[r2.jar:4.0.2]
	at io.appium.java_client.AppiumDriver.<init>(AppiumDriver.java:101) ~[r2.jar:4.0.2]
	at io.appium.java_client.ios.IOSDriver.<init>(IOSDriver.java:104) ~[r2.jar:4.0.2]
	at com.walmartlabs.executor.Appium.setupDriver(Appium.java:774) ~[r2.jar:4.0.2]
	at com.walmartlabs.executor.Appium.setupAppium(Appium.java:699) ~[r2.jar:4.0.2]
	at com.walmartlabs.executor.Executor.start(Executor.java:360) [r2.jar:4.0.2]
	at com.walmartlabs.executor.Executor.startExecution(Executor.java:188) [r2.jar:4.0.2]
	at com.walmartlabs.executor.MultipleConfigExecutor.executeConfig(MultipleConfigExecutor.java:319) [r2.jar:4.0.2]
	at com.walmartlabs.executor.MultipleConfigExecutor.start(MultipleConfigExecutor.java:146) [r2.jar:4.0.2]
	at com.walmartlabs.R2.start(R2.java:88) [r2.jar:4.0.2]
	at com.walmartlabs.R2.main(R2.java:133) [r2.jar:4.0.2]
2024-08-20 16:59:20.546 [DEBUG] [thread-id 1] - Created report: /Users/m0k0a2f/glass-automation/report/index.html
2024-08-20 18:30:01.634 [DEBUG] [thread-id 1] - Executing R2 4.0.2: '/Users/m0k0a2f/glass-automation/./us/e2e-tests/test-scripts/ios/golden-flows/Ecomm-And-Fulfillment-Flows/buy-now-flows/pre-transaction/C2657256-fc-buy-now-associate-user-verify-ebt-eligibility.yaml' on device: 'iPhone 14'
2024-08-20 18:30:32.378 [ERROR] [thread-id 1] - error setting up appium session: 
org.openqa.selenium.SessionNotCreatedException: Could not start a new session. Response code 500. Message: An unknown server-side error occurred while processing the command. Original error: Could not determine iOS SDK version: Command 'xcrun --sdk iphonesimulator --show-sdk-version' timed out after 15000ms 
Host info: host: 'm-xqkh4fwq5j', ip: '2603:8001:723f:c780:e9d5:8c02:43f7:bb0e%en0'
Build info: version: '4.13.0', revision: 'ba948ece5b*'
System info: os.name: 'Mac OS X', os.arch: 'aarch64', os.version: '14.4.1', java.version: '20.0.1'
Driver info: io.appium.java_client.ios.IOSDriver
Command: [null, newSession {capabilities=[{appium:app=/Users/m0k0a2f/glass-automation/us/app/glass.zip, appium:appiumVersion=2.0.0, appium:automationName=XCUITest, appium:bundleId=com.walmart.beta.electronics, appium:commandTimeout=600, appium:deviceName=iPhone 14, appium:fullReset=false, appium:idleTimeout=1000, appium:iosInstallPause=20000, appium:launchTimeout=6000000, appium:name=C2657256-fc-buy-now-associate-user-verify-ebt-eligibility.yaml, appium:newCommandTimeout=90000, appium:noReset=true, appium:orientation=PORTRAIT, appium:platformVersion=17.4, appium:processArguments={"env":{"config":"{\"environment\":\"teflon\"}","ccm":"{\"account.ux.optimization.enabled\":{\"value\":false}}"},"args":["-kGlassExpEnabled","true","-com.walmart.px.skip-catcha","YES"]}, appium:public=share, appium:waitForQuiescence=false, platformName=IOS}], desiredCapabilities=Capabilities {appium:app: /Users/m0k0a2f/glass-automa..., appium:appiumVersion: 2.0.0, appium:automationName: XCUITest, appium:bundleId: com.walmart.beta.electronics, appium:commandTimeout: 600, appium:deviceName: iPhone 14, appium:fullReset: false, appium:idleTimeout: 1000, appium:iosInstallPause: 20000, appium:launchTimeout: 6000000, appium:name: C2657256-fc-buy-now-associa..., appium:newCommandTimeout: 90000, appium:noReset: true, appium:orientation: PORTRAIT, appium:platformVersion: 17.4, appium:processArguments: {"env":{"config":"{\"enviro..., appium:public: share, appium:waitForQuiescence: false, platformName: IOS}}]
Capabilities {appium:app: /Users/m0k0a2f/glass-automa..., appium:appiumVersion: 2.0.0, appium:automationName: XCUITest, appium:bundleId: com.walmart.beta.electronics, appium:commandTimeout: 600, appium:deviceName: iPhone 14, appium:fullReset: false, appium:idleTimeout: 1000, appium:iosInstallPause: 20000, appium:launchTimeout: 6000000, appium:name: C2657256-fc-buy-now-associa..., appium:newCommandTimeout: 90000, appium:noReset: true, appium:orientation: PORTRAIT, appium:platformVersion: 17.4, appium:processArguments: {"env":{"config":"{\"enviro..., appium:public: share, appium:waitForQuiescence: false, platformName: IOS}
	at org.openqa.selenium.remote.ProtocolHandshake.createSession(ProtocolHandshake.java:140) ~[r2.jar:4.0.2]
	at jdk.internal.reflect.DirectMethodHandleAccessor.invoke(DirectMethodHandleAccessor.java:104) ~[?:?]
	at java.lang.reflect.Method.invoke(Method.java:578) ~[?:?]
	at io.appium.java_client.remote.AppiumProtocolHandshake.createSession(AppiumProtocolHandshake.java:133) ~[r2.jar:4.0.2]
	at io.appium.java_client.remote.AppiumProtocolHandshake.createSession(AppiumProtocolHandshake.java:102) ~[r2.jar:4.0.2]
	at io.appium.java_client.remote.AppiumCommandExecutor.createSession(AppiumCommandExecutor.java:182) ~[r2.jar:4.0.2]
	at io.appium.java_client.remote.AppiumCommandExecutor.execute(AppiumCommandExecutor.java:250) ~[r2.jar:4.0.2]
	at org.openqa.selenium.remote.RemoteWebDriver.execute(RemoteWebDriver.java:602) ~[r2.jar:4.0.2]
	at io.appium.java_client.AppiumDriver.startSession(AppiumDriver.java:274) ~[r2.jar:4.0.2]
	at org.openqa.selenium.remote.RemoteWebDriver.<init>(RemoteWebDriver.java:163) ~[r2.jar:4.0.2]
	at io.appium.java_client.AppiumDriver.<init>(AppiumDriver.java:89) ~[r2.jar:4.0.2]
	at io.appium.java_client.AppiumDriver.<init>(AppiumDriver.java:101) ~[r2.jar:4.0.2]
	at io.appium.java_client.ios.IOSDriver.<init>(IOSDriver.java:104) ~[r2.jar:4.0.2]
	at com.walmartlabs.executor.Appium.setupDriver(Appium.java:774) ~[r2.jar:4.0.2]
	at com.walmartlabs.executor.Appium.setupAppium(Appium.java:699) ~[r2.jar:4.0.2]
	at com.walmartlabs.executor.Executor.start(Executor.java:360) [r2.jar:4.0.2]
	at com.walmartlabs.executor.Executor.startExecution(Executor.java:188) [r2.jar:4.0.2]
	at com.walmartlabs.executor.MultipleConfigExecutor.executeConfig(MultipleConfigExecutor.java:319) [r2.jar:4.0.2]
	at com.walmartlabs.executor.MultipleConfigExecutor.start(MultipleConfigExecutor.java:146) [r2.jar:4.0.2]
	at com.walmartlabs.R2.start(R2.java:88) [r2.jar:4.0.2]
	at com.walmartlabs.R2.main(R2.java:133) [r2.jar:4.0.2]
2024-08-20 18:30:33.592 [DEBUG] [thread-id 1] - Created report: /Users/m0k0a2f/glass-automation/report/index.html
2024-08-20 18:33:57.144 [DEBUG] [thread-id 1] - Executing R2 4.0.2: '/Users/m0k0a2f/glass-automation/./us/e2e-tests/test-scripts/ios/golden-flows/Ecomm-And-Fulfillment-Flows/buy-now-flows/pre-transaction/C2657256-fc-buy-now-associate-user-verify-ebt-eligibility.yaml' on device: 'iPhone 15'
2024-08-20 18:34:27.776 [ERROR] [thread-id 1] - error setting up appium session: 
org.openqa.selenium.SessionNotCreatedException: Could not start a new session. Response code 500. Message: An unknown server-side error occurred while processing the command. Original error: Could not determine iOS SDK version: Command 'xcrun --sdk iphonesimulator --show-sdk-version' timed out after 15000ms 
Host info: host: 'm-xqkh4fwq5j', ip: '2603:8001:723f:c780:e9d5:8c02:43f7:bb0e%en0'
Build info: version: '4.13.0', revision: 'ba948ece5b*'
System info: os.name: 'Mac OS X', os.arch: 'aarch64', os.version: '14.4.1', java.version: '20.0.1'
Driver info: io.appium.java_client.ios.IOSDriver
Command: [null, newSession {capabilities=[{appium:app=/Users/m0k0a2f/glass-automation/us/app/glass.zip, appium:appiumVersion=2.5.1, appium:automationName=XCUITest, appium:bundleId=com.walmart.beta.electronics, appium:commandTimeout=600, appium:deviceName=iPhone 15, appium:fullReset=false, appium:idleTimeout=1000, appium:iosInstallPause=20000, appium:launchTimeout=6000000, appium:name=C2657256-fc-buy-now-associate-user-verify-ebt-eligibility.yaml, appium:newCommandTimeout=90000, appium:noReset=true, appium:orientation=PORTRAIT, appium:platformVersion=17.4, appium:processArguments={"env":{"config":"{\"environment\":\"teflon\"}","ccm":"{\"account.ux.optimization.enabled\":{\"value\":false}}"},"args":["-kGlassExpEnabled","true","-com.walmart.px.skip-catcha","YES"]}, appium:public=share, appium:waitForQuiescence=false, platformName=IOS}], desiredCapabilities=Capabilities {appium:app: /Users/m0k0a2f/glass-automa..., appium:appiumVersion: 2.5.1, appium:automationName: XCUITest, appium:bundleId: com.walmart.beta.electronics, appium:commandTimeout: 600, appium:deviceName: iPhone 15, appium:fullReset: false, appium:idleTimeout: 1000, appium:iosInstallPause: 20000, appium:launchTimeout: 6000000, appium:name: C2657256-fc-buy-now-associa..., appium:newCommandTimeout: 90000, appium:noReset: true, appium:orientation: PORTRAIT, appium:platformVersion: 17.4, appium:processArguments: {"env":{"config":"{\"enviro..., appium:public: share, appium:waitForQuiescence: false, platformName: IOS}}]
Capabilities {appium:app: /Users/m0k0a2f/glass-automa..., appium:appiumVersion: 2.5.1, appium:automationName: XCUITest, appium:bundleId: com.walmart.beta.electronics, appium:commandTimeout: 600, appium:deviceName: iPhone 15, appium:fullReset: false, appium:idleTimeout: 1000, appium:iosInstallPause: 20000, appium:launchTimeout: 6000000, appium:name: C2657256-fc-buy-now-associa..., appium:newCommandTimeout: 90000, appium:noReset: true, appium:orientation: PORTRAIT, appium:platformVersion: 17.4, appium:processArguments: {"env":{"config":"{\"enviro..., appium:public: share, appium:waitForQuiescence: false, platformName: IOS}
	at org.openqa.selenium.remote.ProtocolHandshake.createSession(ProtocolHandshake.java:140) ~[r2.jar:4.0.2]
	at jdk.internal.reflect.DirectMethodHandleAccessor.invoke(DirectMethodHandleAccessor.java:104) ~[?:?]
	at java.lang.reflect.Method.invoke(Method.java:578) ~[?:?]
	at io.appium.java_client.remote.AppiumProtocolHandshake.createSession(AppiumProtocolHandshake.java:133) ~[r2.jar:4.0.2]
	at io.appium.java_client.remote.AppiumProtocolHandshake.createSession(AppiumProtocolHandshake.java:102) ~[r2.jar:4.0.2]
	at io.appium.java_client.remote.AppiumCommandExecutor.createSession(AppiumCommandExecutor.java:182) ~[r2.jar:4.0.2]
	at io.appium.java_client.remote.AppiumCommandExecutor.execute(AppiumCommandExecutor.java:250) ~[r2.jar:4.0.2]
	at org.openqa.selenium.remote.RemoteWebDriver.execute(RemoteWebDriver.java:602) ~[r2.jar:4.0.2]
	at io.appium.java_client.AppiumDriver.startSession(AppiumDriver.java:274) ~[r2.jar:4.0.2]
	at org.openqa.selenium.remote.RemoteWebDriver.<init>(RemoteWebDriver.java:163) ~[r2.jar:4.0.2]
	at io.appium.java_client.AppiumDriver.<init>(AppiumDriver.java:89) ~[r2.jar:4.0.2]
	at io.appium.java_client.AppiumDriver.<init>(AppiumDriver.java:101) ~[r2.jar:4.0.2]
	at io.appium.java_client.ios.IOSDriver.<init>(IOSDriver.java:104) ~[r2.jar:4.0.2]
	at com.walmartlabs.executor.Appium.setupDriver(Appium.java:774) ~[r2.jar:4.0.2]
	at com.walmartlabs.executor.Appium.setupAppium(Appium.java:699) ~[r2.jar:4.0.2]
	at com.walmartlabs.executor.Executor.start(Executor.java:360) [r2.jar:4.0.2]
	at com.walmartlabs.executor.Executor.startExecution(Executor.java:188) [r2.jar:4.0.2]
	at com.walmartlabs.executor.MultipleConfigExecutor.executeConfig(MultipleConfigExecutor.java:319) [r2.jar:4.0.2]
	at com.walmartlabs.executor.MultipleConfigExecutor.start(MultipleConfigExecutor.java:146) [r2.jar:4.0.2]
	at com.walmartlabs.R2.start(R2.java:88) [r2.jar:4.0.2]
	at com.walmartlabs.R2.main(R2.java:133) [r2.jar:4.0.2]
2024-08-20 18:34:28.621 [DEBUG] [thread-id 1] - Created report: /Users/m0k0a2f/glass-automation/report/index.html
2024-08-20 18:41:11.876 [DEBUG] [thread-id 1] - Executing R2 4.0.2: '/Users/m0k0a2f/glass-automation/./us/e2e-tests/test-scripts/ios/golden-flows/Ecomm-And-Fulfillment-Flows/buy-now-flows/pre-transaction/C2657256-fc-buy-now-associate-user-verify-ebt-eligibility.yaml' on device: 'iPhone 15'
2024-08-20 18:41:49.619 [ERROR] [thread-id 1] - error setting up appium session: 
org.openqa.selenium.SessionNotCreatedException: Could not start a new session. Response code 500. Message: An unknown server-side error occurred while processing the command. Original error: '15.3' does not exist in the list of simctl SDKs. Only the following Simulator SDK versions are available on your system: 17.4, 15.0, 16.4, 15.2 
Host info: host: 'm-xqkh4fwq5j', ip: '2603:8001:723f:c780:e9d5:8c02:43f7:bb0e%en0'
Build info: version: '4.13.0', revision: 'ba948ece5b*'
System info: os.name: 'Mac OS X', os.arch: 'aarch64', os.version: '14.4.1', java.version: '20.0.1'
Driver info: io.appium.java_client.ios.IOSDriver
Command: [null, newSession {capabilities=[{appium:app=/Users/m0k0a2f/glass-automation/us/app/glass.zip, appium:appiumVersion=2.5.1, appium:automationName=XCUITest, appium:bundleId=com.walmart.beta.electronics, appium:commandTimeout=600, appium:deviceName=iPhone 15, appium:fullReset=false, appium:idleTimeout=1000, appium:iosInstallPause=20000, appium:launchTimeout=6000000, appium:name=C2657256-fc-buy-now-associate-user-verify-ebt-eligibility.yaml, appium:newCommandTimeout=90000, appium:noReset=true, appium:orientation=PORTRAIT, appium:platformVersion=15.3, appium:processArguments={"env":{"config":"{\"environment\":\"teflon\"}","ccm":"{\"account.ux.optimization.enabled\":{\"value\":false}}"},"args":["-kGlassExpEnabled","true","-com.walmart.px.skip-catcha","YES"]}, appium:public=share, appium:waitForQuiescence=false, platformName=IOS}], desiredCapabilities=Capabilities {appium:app: /Users/m0k0a2f/glass-automa..., appium:appiumVersion: 2.5.1, appium:automationName: XCUITest, appium:bundleId: com.walmart.beta.electronics, appium:commandTimeout: 600, appium:deviceName: iPhone 15, appium:fullReset: false, appium:idleTimeout: 1000, appium:iosInstallPause: 20000, appium:launchTimeout: 6000000, appium:name: C2657256-fc-buy-now-associa..., appium:newCommandTimeout: 90000, appium:noReset: true, appium:orientation: PORTRAIT, appium:platformVersion: 15.3, appium:processArguments: {"env":{"config":"{\"enviro..., appium:public: share, appium:waitForQuiescence: false, platformName: IOS}}]
Capabilities {appium:app: /Users/m0k0a2f/glass-automa..., appium:appiumVersion: 2.5.1, appium:automationName: XCUITest, appium:bundleId: com.walmart.beta.electronics, appium:commandTimeout: 600, appium:deviceName: iPhone 15, appium:fullReset: false, appium:idleTimeout: 1000, appium:iosInstallPause: 20000, appium:launchTimeout: 6000000, appium:name: C2657256-fc-buy-now-associa..., appium:newCommandTimeout: 90000, appium:noReset: true, appium:orientation: PORTRAIT, appium:platformVersion: 15.3, appium:processArguments: {"env":{"config":"{\"enviro..., appium:public: share, appium:waitForQuiescence: false, platformName: IOS}
	at org.openqa.selenium.remote.ProtocolHandshake.createSession(ProtocolHandshake.java:140) ~[r2.jar:4.0.2]
	at jdk.internal.reflect.DirectMethodHandleAccessor.invoke(DirectMethodHandleAccessor.java:104) ~[?:?]
	at java.lang.reflect.Method.invoke(Method.java:578) ~[?:?]
	at io.appium.java_client.remote.AppiumProtocolHandshake.createSession(AppiumProtocolHandshake.java:133) ~[r2.jar:4.0.2]
	at io.appium.java_client.remote.AppiumProtocolHandshake.createSession(AppiumProtocolHandshake.java:102) ~[r2.jar:4.0.2]
	at io.appium.java_client.remote.AppiumCommandExecutor.createSession(AppiumCommandExecutor.java:182) ~[r2.jar:4.0.2]
	at io.appium.java_client.remote.AppiumCommandExecutor.execute(AppiumCommandExecutor.java:250) ~[r2.jar:4.0.2]
	at org.openqa.selenium.remote.RemoteWebDriver.execute(RemoteWebDriver.java:602) ~[r2.jar:4.0.2]
	at io.appium.java_client.AppiumDriver.startSession(AppiumDriver.java:274) ~[r2.jar:4.0.2]
	at org.openqa.selenium.remote.RemoteWebDriver.<init>(RemoteWebDriver.java:163) ~[r2.jar:4.0.2]
	at io.appium.java_client.AppiumDriver.<init>(AppiumDriver.java:89) ~[r2.jar:4.0.2]
	at io.appium.java_client.AppiumDriver.<init>(AppiumDriver.java:101) ~[r2.jar:4.0.2]
	at io.appium.java_client.ios.IOSDriver.<init>(IOSDriver.java:104) ~[r2.jar:4.0.2]
	at com.walmartlabs.executor.Appium.setupDriver(Appium.java:774) ~[r2.jar:4.0.2]
	at com.walmartlabs.executor.Appium.setupAppium(Appium.java:699) ~[r2.jar:4.0.2]
	at com.walmartlabs.executor.Executor.start(Executor.java:360) [r2.jar:4.0.2]
	at com.walmartlabs.executor.Executor.startExecution(Executor.java:188) [r2.jar:4.0.2]
	at com.walmartlabs.executor.MultipleConfigExecutor.executeConfig(MultipleConfigExecutor.java:319) [r2.jar:4.0.2]
	at com.walmartlabs.executor.MultipleConfigExecutor.start(MultipleConfigExecutor.java:146) [r2.jar:4.0.2]
	at com.walmartlabs.R2.start(R2.java:88) [r2.jar:4.0.2]
	at com.walmartlabs.R2.main(R2.java:133) [r2.jar:4.0.2]
2024-08-20 18:41:50.381 [DEBUG] [thread-id 1] - Created report: /Users/m0k0a2f/glass-automation/report/index.html
2024-08-20 18:43:18.185 [DEBUG] [thread-id 1] - Executing R2 4.0.2: '/Users/m0k0a2f/glass-automation/./us/e2e-tests/test-scripts/ios/golden-flows/Ecomm-And-Fulfillment-Flows/buy-now-flows/pre-transaction/C2657256-fc-buy-now-associate-user-verify-ebt-eligibility.yaml' on device: 'iPhone 15'
2024-08-20 18:44:49.441 [ERROR] [thread-id 1] - error setting up appium session: 
org.openqa.selenium.SessionNotCreatedException: Could not start a new session. Response code 500. Message: An unknown server-side error occurred while processing the command. Original error: Error running 'install': An error was encountered processing the command (domain=com.apple.CoreSimulator.SimError, code=405):
Unable to lookup in current state: Shutdown 
Host info: host: 'm-xqkh4fwq5j', ip: '2603:8001:723f:c780:e9d5:8c02:43f7:bb0e%en0'
Build info: version: '4.13.0', revision: 'ba948ece5b*'
System info: os.name: 'Mac OS X', os.arch: 'aarch64', os.version: '14.4.1', java.version: '20.0.1'
Driver info: io.appium.java_client.ios.IOSDriver
Command: [null, newSession {capabilities=[{appium:app=/Users/m0k0a2f/glass-automation/us/app/glass.zip, appium:appiumVersion=2.5.1, appium:automationName=XCUITest, appium:bundleId=com.walmart.beta.electronics, appium:commandTimeout=600, appium:deviceName=iPhone 15, appium:fullReset=false, appium:idleTimeout=1000, appium:iosInstallPause=20000, appium:launchTimeout=6000000, appium:name=C2657256-fc-buy-now-associate-user-verify-ebt-eligibility.yaml, appium:newCommandTimeout=90000, appium:noReset=true, appium:orientation=PORTRAIT, appium:platformVersion=17.4, appium:processArguments={"env":{"config":"{\"environment\":\"teflon\"}","ccm":"{\"account.ux.optimization.enabled\":{\"value\":false}}"},"args":["-kGlassExpEnabled","true","-com.walmart.px.skip-catcha","YES"]}, appium:public=share, appium:waitForQuiescence=false, platformName=IOS}], desiredCapabilities=Capabilities {appium:app: /Users/m0k0a2f/glass-automa..., appium:appiumVersion: 2.5.1, appium:automationName: XCUITest, appium:bundleId: com.walmart.beta.electronics, appium:commandTimeout: 600, appium:deviceName: iPhone 15, appium:fullReset: false, appium:idleTimeout: 1000, appium:iosInstallPause: 20000, appium:launchTimeout: 6000000, appium:name: C2657256-fc-buy-now-associa..., appium:newCommandTimeout: 90000, appium:noReset: true, appium:orientation: PORTRAIT, appium:platformVersion: 17.4, appium:processArguments: {"env":{"config":"{\"enviro..., appium:public: share, appium:waitForQuiescence: false, platformName: IOS}}]
Capabilities {appium:app: /Users/m0k0a2f/glass-automa..., appium:appiumVersion: 2.5.1, appium:automationName: XCUITest, appium:bundleId: com.walmart.beta.electronics, appium:commandTimeout: 600, appium:deviceName: iPhone 15, appium:fullReset: false, appium:idleTimeout: 1000, appium:iosInstallPause: 20000, appium:launchTimeout: 6000000, appium:name: C2657256-fc-buy-now-associa..., appium:newCommandTimeout: 90000, appium:noReset: true, appium:orientation: PORTRAIT, appium:platformVersion: 17.4, appium:processArguments: {"env":{"config":"{\"enviro..., appium:public: share, appium:waitForQuiescence: false, platformName: IOS}
	at org.openqa.selenium.remote.ProtocolHandshake.createSession(ProtocolHandshake.java:140) ~[r2.jar:4.0.2]
	at jdk.internal.reflect.DirectMethodHandleAccessor.invoke(DirectMethodHandleAccessor.java:104) ~[?:?]
	at java.lang.reflect.Method.invoke(Method.java:578) ~[?:?]
	at io.appium.java_client.remote.AppiumProtocolHandshake.createSession(AppiumProtocolHandshake.java:133) ~[r2.jar:4.0.2]
	at io.appium.java_client.remote.AppiumProtocolHandshake.createSession(AppiumProtocolHandshake.java:102) ~[r2.jar:4.0.2]
	at io.appium.java_client.remote.AppiumCommandExecutor.createSession(AppiumCommandExecutor.java:182) ~[r2.jar:4.0.2]
	at io.appium.java_client.remote.AppiumCommandExecutor.execute(AppiumCommandExecutor.java:250) ~[r2.jar:4.0.2]
	at org.openqa.selenium.remote.RemoteWebDriver.execute(RemoteWebDriver.java:602) ~[r2.jar:4.0.2]
	at io.appium.java_client.AppiumDriver.startSession(AppiumDriver.java:274) ~[r2.jar:4.0.2]
	at org.openqa.selenium.remote.RemoteWebDriver.<init>(RemoteWebDriver.java:163) ~[r2.jar:4.0.2]
	at io.appium.java_client.AppiumDriver.<init>(AppiumDriver.java:89) ~[r2.jar:4.0.2]
	at io.appium.java_client.AppiumDriver.<init>(AppiumDriver.java:101) ~[r2.jar:4.0.2]
	at io.appium.java_client.ios.IOSDriver.<init>(IOSDriver.java:104) ~[r2.jar:4.0.2]
	at com.walmartlabs.executor.Appium.setupDriver(Appium.java:774) ~[r2.jar:4.0.2]
	at com.walmartlabs.executor.Appium.setupAppium(Appium.java:699) ~[r2.jar:4.0.2]
	at com.walmartlabs.executor.Executor.start(Executor.java:360) [r2.jar:4.0.2]
	at com.walmartlabs.executor.Executor.startExecution(Executor.java:188) [r2.jar:4.0.2]
	at com.walmartlabs.executor.MultipleConfigExecutor.executeConfig(MultipleConfigExecutor.java:319) [r2.jar:4.0.2]
	at com.walmartlabs.executor.MultipleConfigExecutor.start(MultipleConfigExecutor.java:146) [r2.jar:4.0.2]
	at com.walmartlabs.R2.start(R2.java:88) [r2.jar:4.0.2]
	at com.walmartlabs.R2.main(R2.java:133) [r2.jar:4.0.2]
2024-08-20 18:44:50.191 [DEBUG] [thread-id 1] - Created report: /Users/m0k0a2f/glass-automation/report/index.html
2024-08-20 18:48:19.435 [DEBUG] [thread-id 1] - Executing R2 4.0.2: '/Users/m0k0a2f/glass-automation/./us/e2e-tests/test-scripts/ios/golden-flows/Ecomm-And-Fulfillment-Flows/buy-now-flows/pre-transaction/C2657256-fc-buy-now-associate-user-verify-ebt-eligibility.yaml' on device: 'iPhone 13'
2024-08-20 18:49:32.839 [ERROR] [thread-id 1] - error setting up appium session: 
org.openqa.selenium.SessionNotCreatedException: Could not start a new session. Response code 500. Message: An unknown server-side error occurred while processing the command. Original error: Error running 'install': An error was encountered processing the command (domain=com.apple.CoreSimulator.SimError, code=405):
Unable to lookup in current state: Shutdown 
Host info: host: 'm-xqkh4fwq5j', ip: '2603:8001:723f:c780:e9d5:8c02:43f7:bb0e%en0'
Build info: version: '4.13.0', revision: 'ba948ece5b*'
System info: os.name: 'Mac OS X', os.arch: 'aarch64', os.version: '14.4.1', java.version: '20.0.1'
Driver info: io.appium.java_client.ios.IOSDriver
Command: [null, newSession {capabilities=[{appium:app=/Users/m0k0a2f/glass-automation/us/app/glass.zip, appium:appiumVersion=2.5.1, appium:automationName=XCUITest, appium:bundleId=com.walmart.beta.electronics, appium:commandTimeout=600, appium:deviceName=iPhone 13, appium:fullReset=false, appium:idleTimeout=1000, appium:iosInstallPause=20000, appium:launchTimeout=6000000, appium:name=C2657256-fc-buy-now-associate-user-verify-ebt-eligibility.yaml, appium:newCommandTimeout=90000, appium:noReset=true, appium:orientation=PORTRAIT, appium:platformVersion=17.4, appium:processArguments={"env":{"config":"{\"environment\":\"teflon\"}","ccm":"{\"account.ux.optimization.enabled\":{\"value\":false}}"},"args":["-kGlassExpEnabled","true","-com.walmart.px.skip-catcha","YES"]}, appium:public=share, appium:waitForQuiescence=false, platformName=IOS}], desiredCapabilities=Capabilities {appium:app: /Users/m0k0a2f/glass-automa..., appium:appiumVersion: 2.5.1, appium:automationName: XCUITest, appium:bundleId: com.walmart.beta.electronics, appium:commandTimeout: 600, appium:deviceName: iPhone 13, appium:fullReset: false, appium:idleTimeout: 1000, appium:iosInstallPause: 20000, appium:launchTimeout: 6000000, appium:name: C2657256-fc-buy-now-associa..., appium:newCommandTimeout: 90000, appium:noReset: true, appium:orientation: PORTRAIT, appium:platformVersion: 17.4, appium:processArguments: {"env":{"config":"{\"enviro..., appium:public: share, appium:waitForQuiescence: false, platformName: IOS}}]
Capabilities {appium:app: /Users/m0k0a2f/glass-automa..., appium:appiumVersion: 2.5.1, appium:automationName: XCUITest, appium:bundleId: com.walmart.beta.electronics, appium:commandTimeout: 600, appium:deviceName: iPhone 13, appium:fullReset: false, appium:idleTimeout: 1000, appium:iosInstallPause: 20000, appium:launchTimeout: 6000000, appium:name: C2657256-fc-buy-now-associa..., appium:newCommandTimeout: 90000, appium:noReset: true, appium:orientation: PORTRAIT, appium:platformVersion: 17.4, appium:processArguments: {"env":{"config":"{\"enviro..., appium:public: share, appium:waitForQuiescence: false, platformName: IOS}
	at org.openqa.selenium.remote.ProtocolHandshake.createSession(ProtocolHandshake.java:140) ~[r2.jar:4.0.2]
	at jdk.internal.reflect.DirectMethodHandleAccessor.invoke(DirectMethodHandleAccessor.java:104) ~[?:?]
	at java.lang.reflect.Method.invoke(Method.java:578) ~[?:?]
	at io.appium.java_client.remote.AppiumProtocolHandshake.createSession(AppiumProtocolHandshake.java:133) ~[r2.jar:4.0.2]
	at io.appium.java_client.remote.AppiumProtocolHandshake.createSession(AppiumProtocolHandshake.java:102) ~[r2.jar:4.0.2]
	at io.appium.java_client.remote.AppiumCommandExecutor.createSession(AppiumCommandExecutor.java:182) ~[r2.jar:4.0.2]
	at io.appium.java_client.remote.AppiumCommandExecutor.execute(AppiumCommandExecutor.java:250) ~[r2.jar:4.0.2]
	at org.openqa.selenium.remote.RemoteWebDriver.execute(RemoteWebDriver.java:602) ~[r2.jar:4.0.2]
	at io.appium.java_client.AppiumDriver.startSession(AppiumDriver.java:274) ~[r2.jar:4.0.2]
	at org.openqa.selenium.remote.RemoteWebDriver.<init>(RemoteWebDriver.java:163) ~[r2.jar:4.0.2]
	at io.appium.java_client.AppiumDriver.<init>(AppiumDriver.java:89) ~[r2.jar:4.0.2]
	at io.appium.java_client.AppiumDriver.<init>(AppiumDriver.java:101) ~[r2.jar:4.0.2]
	at io.appium.java_client.ios.IOSDriver.<init>(IOSDriver.java:104) ~[r2.jar:4.0.2]
	at com.walmartlabs.executor.Appium.setupDriver(Appium.java:774) ~[r2.jar:4.0.2]
	at com.walmartlabs.executor.Appium.setupAppium(Appium.java:699) ~[r2.jar:4.0.2]
	at com.walmartlabs.executor.Executor.start(Executor.java:360) [r2.jar:4.0.2]
	at com.walmartlabs.executor.Executor.startExecution(Executor.java:188) [r2.jar:4.0.2]
	at com.walmartlabs.executor.MultipleConfigExecutor.executeConfig(MultipleConfigExecutor.java:319) [r2.jar:4.0.2]
	at com.walmartlabs.executor.MultipleConfigExecutor.start(MultipleConfigExecutor.java:146) [r2.jar:4.0.2]
	at com.walmartlabs.R2.start(R2.java:88) [r2.jar:4.0.2]
	at com.walmartlabs.R2.main(R2.java:133) [r2.jar:4.0.2]
2024-08-20 18:49:33.807 [DEBUG] [thread-id 1] - Created report: /Users/m0k0a2f/glass-automation/report/index.html
2024-08-20 18:56:59.177 [DEBUG] [thread-id 1] - Executing R2 4.0.2: '/Users/m0k0a2f/glass-automation/./us/e2e-tests/test-scripts/ios/golden-flows/Ecomm-And-Fulfillment-Flows/buy-now-flows/pre-transaction/C2657256-fc-buy-now-associate-user-verify-ebt-eligibility.yaml' on device: 'iPhone 14'
2024-08-20 18:58:20.924 [ERROR] [thread-id 1] - error setting up appium session: 
org.openqa.selenium.SessionNotCreatedException: Could not start a new session. Response code 500. Message: An unknown server-side error occurred while processing the command. Original error: Error running 'install': An error was encountered processing the command (domain=com.apple.CoreSimulator.SimError, code=405):
Unable to lookup in current state: Shutdown 
Host info: host: 'm-xqkh4fwq5j', ip: '2603:8001:723f:c780:e9d5:8c02:43f7:bb0e%en0'
Build info: version: '4.13.0', revision: 'ba948ece5b*'
System info: os.name: 'Mac OS X', os.arch: 'aarch64', os.version: '14.4.1', java.version: '20.0.1'
Driver info: io.appium.java_client.ios.IOSDriver
Command: [null, newSession {capabilities=[{appium:app=/Users/m0k0a2f/glass-automation/us/app/glass.zip, appium:appiumVersion=2.5.1, appium:automationName=XCUITest, appium:bundleId=com.walmart.beta.electronics, appium:commandTimeout=600, appium:deviceName=iPhone 14, appium:fullReset=false, appium:idleTimeout=1000, appium:iosInstallPause=20000, appium:launchTimeout=6000000, appium:name=C2657256-fc-buy-now-associate-user-verify-ebt-eligibility.yaml, appium:newCommandTimeout=90000, appium:noReset=true, appium:orientation=PORTRAIT, appium:platformVersion=17.4, appium:processArguments={"env":{"config":"{\"environment\":\"teflon\"}","ccm":"{\"account.ux.optimization.enabled\":{\"value\":false}}"},"args":["-kGlassExpEnabled","true","-com.walmart.px.skip-catcha","YES"]}, appium:public=share, appium:waitForQuiescence=false, platformName=IOS}], desiredCapabilities=Capabilities {appium:app: /Users/m0k0a2f/glass-automa..., appium:appiumVersion: 2.5.1, appium:automationName: XCUITest, appium:bundleId: com.walmart.beta.electronics, appium:commandTimeout: 600, appium:deviceName: iPhone 14, appium:fullReset: false, appium:idleTimeout: 1000, appium:iosInstallPause: 20000, appium:launchTimeout: 6000000, appium:name: C2657256-fc-buy-now-associa..., appium:newCommandTimeout: 90000, appium:noReset: true, appium:orientation: PORTRAIT, appium:platformVersion: 17.4, appium:processArguments: {"env":{"config":"{\"enviro..., appium:public: share, appium:waitForQuiescence: false, platformName: IOS}}]
Capabilities {appium:app: /Users/m0k0a2f/glass-automa..., appium:appiumVersion: 2.5.1, appium:automationName: XCUITest, appium:bundleId: com.walmart.beta.electronics, appium:commandTimeout: 600, appium:deviceName: iPhone 14, appium:fullReset: false, appium:idleTimeout: 1000, appium:iosInstallPause: 20000, appium:launchTimeout: 6000000, appium:name: C2657256-fc-buy-now-associa..., appium:newCommandTimeout: 90000, appium:noReset: true, appium:orientation: PORTRAIT, appium:platformVersion: 17.4, appium:processArguments: {"env":{"config":"{\"enviro..., appium:public: share, appium:waitForQuiescence: false, platformName: IOS}
	at org.openqa.selenium.remote.ProtocolHandshake.createSession(ProtocolHandshake.java:140) ~[r2.jar:4.0.2]
	at jdk.internal.reflect.DirectMethodHandleAccessor.invoke(DirectMethodHandleAccessor.java:104) ~[?:?]
	at java.lang.reflect.Method.invoke(Method.java:578) ~[?:?]
	at io.appium.java_client.remote.AppiumProtocolHandshake.createSession(AppiumProtocolHandshake.java:133) ~[r2.jar:4.0.2]
	at io.appium.java_client.remote.AppiumProtocolHandshake.createSession(AppiumProtocolHandshake.java:102) ~[r2.jar:4.0.2]
	at io.appium.java_client.remote.AppiumCommandExecutor.createSession(AppiumCommandExecutor.java:182) ~[r2.jar:4.0.2]
	at io.appium.java_client.remote.AppiumCommandExecutor.execute(AppiumCommandExecutor.java:250) ~[r2.jar:4.0.2]
	at org.openqa.selenium.remote.RemoteWebDriver.execute(RemoteWebDriver.java:602) ~[r2.jar:4.0.2]
	at io.appium.java_client.AppiumDriver.startSession(AppiumDriver.java:274) ~[r2.jar:4.0.2]
	at org.openqa.selenium.remote.RemoteWebDriver.<init>(RemoteWebDriver.java:163) ~[r2.jar:4.0.2]
	at io.appium.java_client.AppiumDriver.<init>(AppiumDriver.java:89) ~[r2.jar:4.0.2]
	at io.appium.java_client.AppiumDriver.<init>(AppiumDriver.java:101) ~[r2.jar:4.0.2]
	at io.appium.java_client.ios.IOSDriver.<init>(IOSDriver.java:104) ~[r2.jar:4.0.2]
	at com.walmartlabs.executor.Appium.setupDriver(Appium.java:774) ~[r2.jar:4.0.2]
	at com.walmartlabs.executor.Appium.setupAppium(Appium.java:699) ~[r2.jar:4.0.2]
	at com.walmartlabs.executor.Executor.start(Executor.java:360) [r2.jar:4.0.2]
	at com.walmartlabs.executor.Executor.startExecution(Executor.java:188) [r2.jar:4.0.2]
	at com.walmartlabs.executor.MultipleConfigExecutor.executeConfig(MultipleConfigExecutor.java:319) [r2.jar:4.0.2]
	at com.walmartlabs.executor.MultipleConfigExecutor.start(MultipleConfigExecutor.java:146) [r2.jar:4.0.2]
	at com.walmartlabs.R2.start(R2.java:88) [r2.jar:4.0.2]
	at com.walmartlabs.R2.main(R2.java:133) [r2.jar:4.0.2]
2024-08-20 18:58:22.227 [DEBUG] [thread-id 1] - Created report: /Users/m0k0a2f/glass-automation/report/index.html
2024-08-20 19:00:42.272 [DEBUG] [thread-id 1] - Executing R2 4.0.2: '/Users/m0k0a2f/glass-automation/./us/e2e-tests/test-scripts/ios/golden-flows/Ecomm-And-Fulfillment-Flows/buy-now-flows/pre-transaction/C2657256-fc-buy-now-associate-user-verify-ebt-eligibility.yaml' on device: 'iPhone 14'
2024-08-20 19:09:32.691 [DEBUG] [thread-id 1] - Executing scenario: 'Before'
2024-08-20 19:09:32.694 [DEBUG] [thread-id 1] - R2_SUBFLOW_PRE_TRANSACTION
2024-08-20 19:09:32.697 [DEBUG] [thread-id 1] - Executing function: 'us.functions.utils.astro.clearCart'
2024-08-20 19:09:33.021 [DEBUG] [thread-id 1] - Call API: 'http://astro.walmart.com/api/v2/teflon/customer/e2e.teflon.flow.ios.078@walmart.com/clearcart'
2024-08-20 19:09:46.103 [DEBUG] [thread-id 1] - Response code is: '200'. Response body is: '{"astroStatus":"SUCCESS","astroDescription":"CART_CLEARED","astroDetails":{"dbSessionMap":{"CXO_CART_ST":"{\"mtoken\":\"4:29#344729582#2=92268505#8=400545767\"}"},"checkoutable":false,"cart":{"id":"36778870-90e1-4ea5-a14e-285fc4c2d9dc","buyer":{"id":"48580bab-826e-425b-8f48-8104567b21bb","type":"CUSTOMER"},"storeIds":[],"itemCount":0,"entityErrors":[],"shipping":{"id":"9d299045-a60c-47f1-85f0-1e79920355c3","dbLockVersion":0,"postalCode":"95122","city":"San Jose","state":"CA","countryCode":"USA","latitude":37.606689,"longitude":-122.426362,"isPOBox":false,"isAPOFPO":false},"currencyCode":"USD","preview":false,"tenantId":0,"tenantIdentifier":"elh9ie","verticalId":0,"checkoutableErrors":[],"intent":"PICKUP","pickupStore":{"city":"San Jose","stateOrProvinceCode":"CA","countryCode":"USA","postalCode":"95122","storeId":"32144","services":[]},"deliveryStore":{"city":"San Jose","stateOrProvinceCode":"CA","countryCode":"USA","postalCode":"95122","storeId":"32144","services":[]},"mpStores":[],"fulfillmentPlans":[],"accessPoints":[],"reservations":[],"isExplicitIntent":false,"hasGiftEligibleItem":false,"warnings":[],"restrictions":[]},"errorItems":[],"isOmniPromiseResponse":true,"uniqueInstallationOfferIdHolder":[]}}'
2024-08-20 19:09:46.448 [DEBUG] [thread-id 1] - Cart cleared for e2e.teflon.flow.ios.078@walmart.com
2024-08-20 19:09:46.979 [DEBUG] [thread-id 1] - Using us-errors-helpers.yaml
2024-08-20 19:09:47.490 [DEBUG] [thread-id 1] - Start Main
2024-08-20 19:09:47.494 [DEBUG] [thread-id 1] - Executing function: 'us.functions.global.onboarding.navigateOnboardingToHome'
2024-08-20 19:09:47.495 [DEBUG] [thread-id 1] - Executing function: 'us.function.utils.getEnvironmentValue'
2024-08-20 19:09:47.495 [DEBUG] [thread-id 1] - Store in: store the value 'teflon' in the variable 'env'
2024-08-20 19:09:47.496 [DEBUG] [thread-id 1] - Timestamp: 1724206187496
2024-08-20 19:09:47.505 [DEBUG] [thread-id 1] - Welcome screen loaded
2024-08-20 19:09:47.651 [DEBUG] [thread-id 1] - Verify identifier: {//XCUIElementTypeButton[@name="SignUpNudgeWelcomeViewController.bodyLabel"]=[true]}
2024-08-20 19:09:57.901 [DEBUG] [thread-id 1] - conditionally execute a flow. condition: false
2024-08-20 19:09:58.203 [DEBUG] [thread-id 1] - Click element: 'cta.cancel.welcome'
2024-08-20 19:09:58.936 [DEBUG] [thread-id 1] - Notifiction Prompt screen loaded
2024-08-20 19:09:59.694 [DEBUG] [thread-id 1] - Verify identifier: {NotificationPermissionViewController.titleLabel=[true]}
2024-08-20 19:10:01.798 [DEBUG] [thread-id 1] - Click element: 'cta.cancel.notifications'
2024-08-20 19:10:02.243 [DEBUG] [thread-id 1] - location screen loaded
2024-08-20 19:10:02.592 [DEBUG] [thread-id 1] - Verify identifier: {LocationPermissionViewController.titleLabel=[true], LocationPermissionViewController.bodyLabel=[true]}
2024-08-20 19:10:02.650 [DEBUG] [thread-id 1] - Click element: 'cta.cancel.location'
2024-08-20 19:10:03.434 [DEBUG] [thread-id 1] - Verify identifier: {label.postal-code-entry=[true]}
2024-08-20 19:10:03.500 [DEBUG] [thread-id 1] - Enter text: '95122'
2024-08-20 19:10:07.413 [DEBUG] [thread-id 1] - Click element: 'cta.continue'
2024-08-20 19:10:07.969 [DEBUG] [thread-id 1] - sleep:  3000 milliseconds
2024-08-20 19:10:10.975 [DEBUG] [thread-id 1] - loop: from 0 to 3
2024-08-20 19:10:11.253 [DEBUG] [thread-id 1] - 0
2024-08-20 19:10:21.734 [DEBUG] [thread-id 1] - conditionally execute a flow. condition: false
2024-08-20 19:10:32.011 [DEBUG] [thread-id 1] - Observed IDFA Sscreen
2024-08-20 19:10:32.011 [DEBUG] [thread-id 1] - sleep:  3000 milliseconds
2024-08-20 19:10:35.287 [DEBUG] [thread-id 1] - conditionally execute a flow. condition: true
2024-08-20 19:10:35.549 [DEBUG] [thread-id 1] - Verify identifier: {ATTPermissionViewController.titleLabel=[true], ATTPermissionViewController.bodyLabel=[true]}
2024-08-20 19:10:45.898 [DEBUG] [thread-id 1] - Click element: 'cta.continue.location'
2024-08-20 19:10:49.365 [DEBUG] [thread-id 1] - Click element: '//XCUIElementTypeButton[@name="Ask App Not to Track"] | //XCUIElementTypeButton[@name="Solicitar a la app no rastrear"]'
2024-08-20 19:11:00.449 [DEBUG] [thread-id 1] - conditionally execute a flow. condition: false
2024-08-20 19:11:01.249 [DEBUG] [thread-id 1] - modal is not displayed
2024-08-20 19:11:11.797 [DEBUG] [thread-id 1] - Executing function: 'us.functions.gic.collapseIfExpanded'
2024-08-20 19:11:13.272 [DEBUG] [thread-id 1] - Verify identifier: {//*[contains(@label,"Expanded")] | //*[contains(@name,"Expanded")]=[true]}
2024-08-20 19:11:14.123 [DEBUG] [thread-id 1] - Collapsing GIC screen
2024-08-20 19:11:15.521 [DEBUG] [thread-id 1] - Click element: '//*[contains(@label,"Expanded")] | //*[contains(@name,"Expanded")]'
2024-08-20 19:11:16.130 [DEBUG] [thread-id 1] - Executing function: 'us.functions.home.navigateHomeToSignIn'
2024-08-20 19:11:26.764 [DEBUG] [thread-id 1] - Click element: '//XCUIElementTypeButton[@name="Account"] | Account'
2024-08-20 19:11:28.375 [DEBUG] [thread-id 1] - Verify identifier: {SignInYourAccountTableViewCell.signInButton=[true]}
2024-08-20 19:11:28.377 [DEBUG] [thread-id 1] - loop: from 1 to 3
2024-08-20 19:11:29.237 [DEBUG] [thread-id 1] - conditionally execute a flow. condition: true
2024-08-20 19:11:30.250 [DEBUG] [thread-id 1] - Click element: 'SignInYourAccountTableViewCell.signInButton'
2024-08-20 19:11:49.621 [DEBUG] [thread-id 1] - Verify identifier: {TextFieldStackView.containerStackView=[true]}
2024-08-20 19:11:51.399 [DEBUG] [thread-id 1] - Store in: store the value 'true' in the variable 'signInValidated'
2024-08-20 19:11:53.088 [DEBUG] [thread-id 1] - conditionally execute a flow. condition: true
2024-08-20 19:11:54.771 [DEBUG] [thread-id 1] - SignIn page loaded
2024-08-20 19:11:56.601 [DEBUG] [thread-id 1] - Store in: store the value 'false' in the variable 'signInValidated'
2024-08-20 19:11:56.609 [DEBUG] [thread-id 1] - Executing function: 'us.functions.global.authentication.signInAccount'
2024-08-20 19:12:11.212 [DEBUG] [thread-id 1] - Enter text: 'e2e.teflon.flow.ios.078@walmart.com'
2024-08-20 19:12:15.630 [DEBUG] [thread-id 1] - Click element: 'WelcomeView.ctaButton'
2024-08-20 19:12:29.744 [DEBUG] [thread-id 1] - conditionally execute a flow. condition: true
2024-08-20 19:12:32.134 [DEBUG] [thread-id 1] - Click element: 'AuthChoiceView.passwordStackView'
2024-08-20 19:12:33.170 [DEBUG] [thread-id 1] - Verify identifier: {TextFieldStackView.textField=[true]}
2024-08-20 19:12:33.573 [DEBUG] [thread-id 1] - Enter text: 'E2epassword$'
2024-08-20 19:12:41.658 [DEBUG] [thread-id 1] - Click element: 'AuthChoiceView.ctaButton'
2024-08-20 19:13:05.312 [DEBUG] [thread-id 1] - sleep:  2000 milliseconds
2024-08-20 19:13:07.715 [DEBUG] [thread-id 1] - conditionally execute a flow. condition: true
2024-08-20 19:13:11.153 [DEBUG] [thread-id 1] - Click element: '//XCUIElementTypeButton[@name="Donâ€™t Allow"]'
2024-08-20 19:13:11.904 [DEBUG] [thread-id 1] - Executing function: 'us.test.functions.utils.closeWplusPrompt.homeScreen'
2024-08-20 19:13:22.334 [DEBUG] [thread-id 1] - conditionally execute a flow. condition: false
2024-08-20 19:13:23.315 [DEBUG] [thread-id 1] - W+ Plus membership prompt is not present nothing to close continue
2024-08-20 19:13:23.326 [DEBUG] [thread-id 1] - Executing function: 'us.functions.home.closeWplusBottomSheetBannerIfDisplayed'
2024-08-20 19:13:34.279 [DEBUG] [thread-id 1] - Executing function: 'us.functions.utils.handleCartMergePopup'
2024-08-20 19:13:34.282 [DEBUG] [thread-id 1] - loop: from 0 to 4
2024-08-20 19:13:35.481 [DEBUG] [thread-id 1] - 0
2024-08-20 19:13:43.225 [DEBUG] [thread-id 1] - No Technical Error Page observed
2024-08-20 19:13:44.338 [DEBUG] [thread-id 1] - sleep:  1000 milliseconds
2024-08-20 19:13:45.340 [DEBUG] [thread-id 1] - validate if tooltip is present and closing it
2024-08-20 19:13:56.742 [DEBUG] [thread-id 1] - Executing function: 'us.functions.global.navigation.accountToHome'
2024-08-20 19:13:57.596 [DEBUG] [thread-id 1] - Verify identifier: {//XCUIElementTypeButton[@name="Shop"] | Shop=[true]}
2024-08-20 19:13:57.596 [DEBUG] [thread-id 1] - sleep:  2000 milliseconds
2024-08-20 19:14:00.303 [DEBUG] [thread-id 1] - Click element: '//XCUIElementTypeButton[@name="Shop"] | Shop'
2024-08-20 19:14:01.177 [DEBUG] [thread-id 1] - Executing function: 'us.functions.home.closeWPlusPromotionPopUpIfDisplayed'
2024-08-20 19:14:07.490 [DEBUG] [thread-id 1] - Verify identifier: {//XCUIElementTypeButton[@name="SplashPageTermView.primaryButton" or @name="SplashPageTermViewPrimaryButton" or @name="RepeatBenefitEngagementBottomContentView.primaryButton"] | //XCUIElementTypeButton[@name="WalmartPlusSplashBottomSheet.tryWalmartPlusMemberShipButton"] | //XCUIElementTypeButton[@label="Try your rewards benefit"] | //XCUIElementTypeButton[@name="BenefitEngagementTempoContainerView.primaryButton"] | //XCUIElementTypeNavigationBar[@name="Walmart plus"] | //XCUIElementTypeNavigationBar[@name="WalmartPlus.SplashPageView"] | //XCUIElementTypeStaticText[@name="Book Now"]=[true]}
2024-08-20 19:14:10.897 [DEBUG] [thread-id 1] - conditionally execute a flow. condition: true
2024-08-20 19:14:14.587 [DEBUG] [thread-id 1] - Click element: '//XCUIElementTypeButton[@name="SplashPageViewController.closeButton" or contains(@label, "Close Walmart plus promotional pop up")] | //XCUIElementTypeNavigationBar[@name="WalmartPlus.SplashPageView"]/XCUIElementTypeButton | //XCUIElementTypeButton[@name="close" or @name="Close"] | //XCUIElementTypeButton[@name="SplashPageViewController.fullScreenCloseButton"] | //XCUIElementTypeButton[@name="MultiSplashViewController.fullScreenCloseButton"] | //XCUIElementTypeButton[@name="RepeatBenefitEngagementTopBarView.closeButton"] | //XCUIElementTypeButton[@name="Close"]'
2024-08-20 19:14:15.416 [DEBUG] [thread-id 1] - Executing function: 'us.functions.home.closeWplusBottomSheetBannerIfDisplayed'
2024-08-20 19:14:26.169 [DEBUG] [thread-id 1] - Executing function: 'us.functions.home.closeWplusBottomSheetNewBannerIfDisplayed'
2024-08-20 19:14:37.181 [DEBUG] [thread-id 1] - Executing function: 'us.functions.home.setStore'
2024-08-20 19:14:37.183 [DEBUG] [thread-id 1] - conditionally execute a flow. condition: true
2024-08-20 19:14:38.342 [DEBUG] [thread-id 1] - Store in: store the value '95122' in the variable 'zipcode'
2024-08-20 19:14:49.246 [DEBUG] [thread-id 1] - conditionally execute a flow. condition: false
2024-08-20 19:14:50.680 [DEBUG] [thread-id 1] - Skipping
2024-08-20 19:14:50.691 [DEBUG] [thread-id 1] - Executing function: 'us.functions.gic.select.inhome.delivery.address'
2024-08-20 19:14:50.691 [DEBUG] [thread-id 1] - sleep:  3000 milliseconds
2024-08-20 19:14:53.699 [WARN] [thread-id 1] - variable shipAnotherCountry was used, but r2 could not find a value for this variable. returning default of null
2024-08-20 19:14:53.701 [DEBUG] [thread-id 1] - conditionally execute a flow. condition: false
2024-08-20 19:14:55.320 [DEBUG] [thread-id 1] - Executing function: 'us.functions.gic.expandIfCollapsed'
2024-08-20 19:14:58.102 [DEBUG] [thread-id 1] - Verify identifier: {//*[contains(@label,"Collapsed")] | //*[contains(@name,"Collapsed")]=[true]}
2024-08-20 19:15:00.512 [DEBUG] [thread-id 1] - Click element: '//*[contains(@label,"Collapsed")] | //*[contains(@name,"Collapsed")]'
2024-08-20 19:15:23.000 [DEBUG] [thread-id 1] - Main failed: Cannot click 'GlobalIntentCenter.AddAddressButton'
2024-08-20 19:15:24.675 [DEBUG] [thread-id 1] - Executing scenario: 'After'
2024-08-20 19:15:24.675 [DEBUG] [thread-id 1] - Executing function: 'us.functions.utils.afterSteps'
2024-08-20 19:15:24.676 [WARN] [thread-id 1] - variable testStatus was used, but r2 could not find a value for this variable. returning default of null
2024-08-20 19:15:24.677 [DEBUG] [thread-id 1] - conditionally execute a flow. condition: false
2024-08-20 19:15:25.507 [DEBUG] [thread-id 1] - Test failed
2024-08-20 19:15:37.319 [DEBUG] [thread-id 1] - Created report: /Users/m0k0a2f/glass-automation/report/index.html
2024-08-20 19:19:23.808 [DEBUG] [thread-id 1] - Executing R2 4.0.2: '/Users/m0k0a2f/glass-automation/./us/e2e-tests/test-scripts/ios/golden-flows/Ecomm-And-Fulfillment-Flows/buy-now-flows/pre-transaction/C2657256-fc-buy-now-associate-user-verify-ebt-eligibility.yaml' on device: 'iPhone 14'
2024-08-20 19:24:33.005 [DEBUG] [thread-id 1] - Executing scenario: 'Before'
2024-08-20 19:24:33.007 [DEBUG] [thread-id 1] - R2_SUBFLOW_PRE_TRANSACTION
2024-08-20 19:24:33.010 [DEBUG] [thread-id 1] - Executing function: 'us.functions.utils.astro.clearCart'
2024-08-20 19:24:33.272 [DEBUG] [thread-id 1] - Call API: 'http://astro.walmart.com/api/v2/teflon/customer/e2e.teflon.flow.ios.078@walmart.com/clearcart'
2024-08-20 19:24:46.504 [DEBUG] [thread-id 1] - Response code is: '200'. Response body is: '{"astroStatus":"SUCCESS","astroDescription":"CART_CLEARED","astroDetails":{"dbSessionMap":{"CXO_CART_ST":"{\"mtoken\":\"4:29#344730357#2=92269679#8=400546904\"}"},"checkoutable":false,"cart":{"id":"36778870-90e1-4ea5-a14e-285fc4c2d9dc","buyer":{"id":"48580bab-826e-425b-8f48-8104567b21bb","type":"CUSTOMER"},"storeIds":[],"itemCount":0,"entityErrors":[],"shipping":{"id":"9ba4be8f-de9a-4d29-912d-f92465f9b049","dbLockVersion":0,"postalCode":"95122","city":"San Jose","state":"CA","countryCode":"USA","latitude":37.606689,"longitude":-122.426362,"isPOBox":false,"isAPOFPO":false},"currencyCode":"USD","preview":false,"tenantId":0,"tenantIdentifier":"elh9ie","verticalId":0,"checkoutableErrors":[],"intent":"PICKUP","pickupStore":{"city":"San Jose","stateOrProvinceCode":"CA","countryCode":"USA","postalCode":"95122","storeId":"32144","services":[]},"deliveryStore":{"city":"San Jose","stateOrProvinceCode":"CA","countryCode":"USA","postalCode":"95122","storeId":"32144","services":[]},"mpStores":[],"fulfillmentPlans":[],"accessPoints":[],"reservations":[],"isExplicitIntent":false,"hasGiftEligibleItem":false,"warnings":[],"restrictions":[]},"errorItems":[],"isOmniPromiseResponse":true,"uniqueInstallationOfferIdHolder":[]}}'
2024-08-20 19:24:46.808 [DEBUG] [thread-id 1] - Cart cleared for e2e.teflon.flow.ios.078@walmart.com
2024-08-20 19:24:47.805 [DEBUG] [thread-id 1] - Using us-errors-helpers.yaml
2024-08-20 19:24:48.367 [DEBUG] [thread-id 1] - Start Main
2024-08-20 19:24:48.371 [DEBUG] [thread-id 1] - Executing function: 'us.functions.global.onboarding.navigateOnboardingToHome'
2024-08-20 19:24:48.373 [DEBUG] [thread-id 1] - Executing function: 'us.function.utils.getEnvironmentValue'
2024-08-20 19:24:48.373 [DEBUG] [thread-id 1] - Store in: store the value 'teflon' in the variable 'env'
2024-08-20 19:24:48.375 [DEBUG] [thread-id 1] - Timestamp: 1724207088375
2024-08-20 19:24:48.387 [DEBUG] [thread-id 1] - Welcome screen loaded
2024-08-20 19:24:48.543 [DEBUG] [thread-id 1] - Verify identifier: {//XCUIElementTypeButton[@name="SignUpNudgeWelcomeViewController.bodyLabel"]=[true]}
2024-08-20 19:24:58.789 [DEBUG] [thread-id 1] - conditionally execute a flow. condition: false
2024-08-20 19:24:59.091 [DEBUG] [thread-id 1] - Click element: 'cta.cancel.welcome'
2024-08-20 19:24:59.663 [DEBUG] [thread-id 1] - Notifiction Prompt screen loaded
2024-08-20 19:25:00.405 [DEBUG] [thread-id 1] - Verify identifier: {NotificationPermissionViewController.titleLabel=[true]}
2024-08-20 19:25:02.499 [DEBUG] [thread-id 1] - Click element: 'cta.cancel.notifications'
2024-08-20 19:25:02.931 [DEBUG] [thread-id 1] - location screen loaded
2024-08-20 19:25:03.274 [DEBUG] [thread-id 1] - Verify identifier: {LocationPermissionViewController.titleLabel=[true], LocationPermissionViewController.bodyLabel=[true]}
2024-08-20 19:25:03.329 [DEBUG] [thread-id 1] - Click element: 'cta.cancel.location'
2024-08-20 19:25:04.163 [DEBUG] [thread-id 1] - Verify identifier: {label.postal-code-entry=[true]}
2024-08-20 19:25:04.233 [DEBUG] [thread-id 1] - Enter text: '95122'
2024-08-20 19:25:06.641 [DEBUG] [thread-id 1] - Click element: 'cta.continue'
2024-08-20 19:25:07.218 [DEBUG] [thread-id 1] - sleep:  3000 milliseconds
2024-08-20 19:25:10.225 [DEBUG] [thread-id 1] - loop: from 0 to 3
2024-08-20 19:25:10.508 [DEBUG] [thread-id 1] - 0
2024-08-20 19:25:21.033 [DEBUG] [thread-id 1] - conditionally execute a flow. condition: false
2024-08-20 19:25:31.559 [DEBUG] [thread-id 1] - Observed IDFA Sscreen
2024-08-20 19:25:31.559 [DEBUG] [thread-id 1] - sleep:  3000 milliseconds
2024-08-20 19:25:34.857 [DEBUG] [thread-id 1] - conditionally execute a flow. condition: true
2024-08-20 19:25:35.121 [DEBUG] [thread-id 1] - Verify identifier: {ATTPermissionViewController.titleLabel=[true], ATTPermissionViewController.bodyLabel=[true]}
2024-08-20 19:25:45.469 [DEBUG] [thread-id 1] - Click element: 'cta.continue.location'
2024-08-20 19:25:48.890 [DEBUG] [thread-id 1] - Click element: '//XCUIElementTypeButton[@name="Ask App Not to Track"] | //XCUIElementTypeButton[@name="Solicitar a la app no rastrear"]'
2024-08-20 19:26:00.168 [DEBUG] [thread-id 1] - conditionally execute a flow. condition: false
2024-08-20 19:26:00.891 [DEBUG] [thread-id 1] - modal is not displayed
2024-08-20 19:26:11.499 [DEBUG] [thread-id 1] - Executing function: 'us.functions.gic.collapseIfExpanded'
2024-08-20 19:26:12.774 [DEBUG] [thread-id 1] - Verify identifier: {//*[contains(@label,"Expanded")] | //*[contains(@name,"Expanded")]=[true]}
2024-08-20 19:26:13.520 [DEBUG] [thread-id 1] - Collapsing GIC screen
2024-08-20 19:26:14.873 [DEBUG] [thread-id 1] - Click element: '//*[contains(@label,"Expanded")] | //*[contains(@name,"Expanded")]'
2024-08-20 19:26:15.431 [DEBUG] [thread-id 1] - Executing function: 'us.functions.home.navigateHomeToSignIn'
2024-08-20 19:26:26.412 [DEBUG] [thread-id 1] - Click element: '//XCUIElementTypeButton[@name="Account"] | Account'
2024-08-20 19:26:27.935 [DEBUG] [thread-id 1] - Verify identifier: {SignInYourAccountTableViewCell.signInButton=[true]}
2024-08-20 19:26:27.935 [DEBUG] [thread-id 1] - loop: from 1 to 3
2024-08-20 19:26:28.631 [DEBUG] [thread-id 1] - conditionally execute a flow. condition: true
2024-08-20 19:26:29.465 [DEBUG] [thread-id 1] - Click element: 'SignInYourAccountTableViewCell.signInButton'
2024-08-20 19:26:46.564 [DEBUG] [thread-id 1] - Verify identifier: {TextFieldStackView.containerStackView=[true]}
2024-08-20 19:26:48.248 [DEBUG] [thread-id 1] - Store in: store the value 'true' in the variable 'signInValidated'
2024-08-20 19:26:49.938 [DEBUG] [thread-id 1] - conditionally execute a flow. condition: true
2024-08-20 19:26:51.648 [DEBUG] [thread-id 1] - SignIn page loaded
2024-08-20 19:26:53.380 [DEBUG] [thread-id 1] - Store in: store the value 'false' in the variable 'signInValidated'
2024-08-20 19:26:53.395 [DEBUG] [thread-id 1] - Executing function: 'us.functions.global.authentication.signInAccount'
2024-08-20 19:27:05.569 [DEBUG] [thread-id 1] - Enter text: 'e2e.teflon.flow.ios.078@walmart.com'
2024-08-20 19:27:09.829 [DEBUG] [thread-id 1] - Click element: 'WelcomeView.ctaButton'
2024-08-20 19:27:23.087 [DEBUG] [thread-id 1] - conditionally execute a flow. condition: true
2024-08-20 19:27:25.108 [DEBUG] [thread-id 1] - Click element: 'AuthChoiceView.passwordStackView'
2024-08-20 19:27:26.052 [DEBUG] [thread-id 1] - Verify identifier: {TextFieldStackView.textField=[true]}
2024-08-20 19:27:26.355 [DEBUG] [thread-id 1] - Enter text: 'E2epassword$'
2024-08-20 19:27:34.038 [DEBUG] [thread-id 1] - Click element: 'AuthChoiceView.ctaButton'
2024-08-20 19:27:58.384 [DEBUG] [thread-id 1] - sleep:  2000 milliseconds
2024-08-20 19:28:00.818 [DEBUG] [thread-id 1] - conditionally execute a flow. condition: true
2024-08-20 19:28:03.317 [DEBUG] [thread-id 1] - Click element: '//XCUIElementTypeButton[@name="Donâ€™t Allow"]'
2024-08-20 19:28:03.981 [DEBUG] [thread-id 1] - Executing function: 'us.test.functions.utils.closeWplusPrompt.homeScreen'
2024-08-20 19:28:14.108 [DEBUG] [thread-id 1] - conditionally execute a flow. condition: false
2024-08-20 19:28:14.990 [DEBUG] [thread-id 1] - W+ Plus membership prompt is not present nothing to close continue
2024-08-20 19:28:15.002 [DEBUG] [thread-id 1] - Executing function: 'us.functions.home.closeWplusBottomSheetBannerIfDisplayed'
2024-08-20 19:28:25.159 [DEBUG] [thread-id 1] - Executing function: 'us.functions.utils.handleCartMergePopup'
2024-08-20 19:28:25.160 [DEBUG] [thread-id 1] - loop: from 0 to 4
2024-08-20 19:28:26.060 [DEBUG] [thread-id 1] - 0
2024-08-20 19:28:32.208 [DEBUG] [thread-id 1] - No Technical Error Page observed
2024-08-20 19:28:33.090 [DEBUG] [thread-id 1] - sleep:  1000 milliseconds
2024-08-20 19:28:34.094 [DEBUG] [thread-id 1] - validate if tooltip is present and closing it
2024-08-20 19:28:44.378 [DEBUG] [thread-id 1] - Executing function: 'us.functions.global.navigation.accountToHome'
2024-08-20 19:28:44.996 [DEBUG] [thread-id 1] - Verify identifier: {//XCUIElementTypeButton[@name="Shop"] | Shop=[true]}
2024-08-20 19:28:44.996 [DEBUG] [thread-id 1] - sleep:  2000 milliseconds
2024-08-20 19:28:47.600 [DEBUG] [thread-id 1] - Click element: '//XCUIElementTypeButton[@name="Shop"] | Shop'
2024-08-20 19:28:48.478 [DEBUG] [thread-id 1] - Executing function: 'us.functions.home.closeWPlusPromotionPopUpIfDisplayed'
2024-08-20 19:28:53.383 [DEBUG] [thread-id 1] - Verify identifier: {//XCUIElementTypeButton[@name="SplashPageTermView.primaryButton" or @name="SplashPageTermViewPrimaryButton" or @name="RepeatBenefitEngagementBottomContentView.primaryButton"] | //XCUIElementTypeButton[@name="WalmartPlusSplashBottomSheet.tryWalmartPlusMemberShipButton"] | //XCUIElementTypeButton[@label="Try your rewards benefit"] | //XCUIElementTypeButton[@name="BenefitEngagementTempoContainerView.primaryButton"] | //XCUIElementTypeNavigationBar[@name="Walmart plus"] | //XCUIElementTypeNavigationBar[@name="WalmartPlus.SplashPageView"] | //XCUIElementTypeStaticText[@name="Book Now"]=[true]}
2024-08-20 19:28:56.073 [DEBUG] [thread-id 1] - conditionally execute a flow. condition: true
2024-08-20 19:28:58.799 [DEBUG] [thread-id 1] - Click element: '//XCUIElementTypeButton[@name="SplashPageViewController.closeButton" or contains(@label, "Close Walmart plus promotional pop up")] | //XCUIElementTypeNavigationBar[@name="WalmartPlus.SplashPageView"]/XCUIElementTypeButton | //XCUIElementTypeButton[@name="close" or @name="Close"] | //XCUIElementTypeButton[@name="SplashPageViewController.fullScreenCloseButton"] | //XCUIElementTypeButton[@name="MultiSplashViewController.fullScreenCloseButton"] | //XCUIElementTypeButton[@name="RepeatBenefitEngagementTopBarView.closeButton"] | //XCUIElementTypeButton[@name="Close"]'
2024-08-20 19:28:59.586 [DEBUG] [thread-id 1] - Executing function: 'us.functions.home.closeWplusBottomSheetBannerIfDisplayed'
2024-08-20 19:29:09.807 [DEBUG] [thread-id 1] - Executing function: 'us.functions.home.closeWplusBottomSheetNewBannerIfDisplayed'
2024-08-20 19:29:20.692 [DEBUG] [thread-id 1] - Executing function: 'us.functions.home.setStore'
2024-08-20 19:29:20.693 [DEBUG] [thread-id 1] - conditionally execute a flow. condition: true
2024-08-20 19:29:21.797 [DEBUG] [thread-id 1] - Store in: store the value '95122' in the variable 'zipcode'
2024-08-20 19:29:32.027 [DEBUG] [thread-id 1] - conditionally execute a flow. condition: false
2024-08-20 19:29:33.262 [DEBUG] [thread-id 1] - Skipping
2024-08-20 19:29:33.274 [DEBUG] [thread-id 1] - Executing function: 'us.functions.gic.select.inhome.delivery.address'
2024-08-20 19:29:33.274 [DEBUG] [thread-id 1] - sleep:  3000 milliseconds
2024-08-20 19:29:36.279 [WARN] [thread-id 1] - variable shipAnotherCountry was used, but r2 could not find a value for this variable. returning default of null
2024-08-20 19:29:36.281 [DEBUG] [thread-id 1] - conditionally execute a flow. condition: false
2024-08-20 19:29:37.429 [DEBUG] [thread-id 1] - Executing function: 'us.functions.gic.expandIfCollapsed'
2024-08-20 19:29:39.434 [DEBUG] [thread-id 1] - Verify identifier: {//*[contains(@label,"Collapsed")] | //*[contains(@name,"Collapsed")]=[true]}
2024-08-20 19:29:41.386 [DEBUG] [thread-id 1] - Click element: '//*[contains(@label,"Collapsed")] | //*[contains(@name,"Collapsed")]'
2024-08-20 19:30:03.705 [DEBUG] [thread-id 1] - Main failed: Cannot click 'GlobalIntentCenter.AddAddressButton'
2024-08-20 19:30:05.442 [DEBUG] [thread-id 1] - Executing scenario: 'After'
2024-08-20 19:30:05.444 [DEBUG] [thread-id 1] - Executing function: 'us.functions.utils.afterSteps'
2024-08-20 19:30:05.445 [WARN] [thread-id 1] - variable testStatus was used, but r2 could not find a value for this variable. returning default of null
2024-08-20 19:30:05.446 [DEBUG] [thread-id 1] - conditionally execute a flow. condition: false
2024-08-20 19:30:06.307 [DEBUG] [thread-id 1] - Test failed
2024-08-20 19:30:17.456 [DEBUG] [thread-id 1] - Created report: /Users/m0k0a2f/glass-automation/report/index.html
2024-08-20 19:41:00.394 [DEBUG] [thread-id 1] - Executing R2 4.0.2: '/Users/m0k0a2f/glass-automation/./us/e2e-tests/test-scripts/ios/golden-flows/Ecomm-And-Fulfillment-Flows/buy-now-flows/pre-transaction/C2657256-fc-buy-now-associate-user-verify-ebt-eligibility.yaml' on device: 'iPhone 14'
2024-08-20 19:45:27.210 [DEBUG] [thread-id 1] - Executing scenario: 'Before'
2024-08-20 19:45:27.212 [DEBUG] [thread-id 1] - R2_SUBFLOW_PRE_TRANSACTION
2024-08-20 19:45:27.216 [DEBUG] [thread-id 1] - Executing function: 'us.functions.utils.astro.clearCart'
2024-08-20 19:45:27.505 [DEBUG] [thread-id 1] - Call API: 'http://astro.walmart.com/api/v2/teflon/customer/e2e.teflon.flow.ios.078@walmart.com/clearcart'
2024-08-20 19:45:40.483 [DEBUG] [thread-id 1] - Response code is: '200'. Response body is: '{"astroStatus":"SUCCESS","astroDescription":"CART_CLEARED","astroDetails":{"dbSessionMap":{"CXO_CART_ST":"{\"mtoken\":\"4:29#344732894#2=92273477#8=400550699\"}"},"checkoutable":false,"cart":{"id":"36778870-90e1-4ea5-a14e-285fc4c2d9dc","buyer":{"id":"48580bab-826e-425b-8f48-8104567b21bb","type":"CUSTOMER"},"storeIds":[],"itemCount":0,"entityErrors":[],"shipping":{"id":"1c83999e-1cda-4539-9cd3-46f5117663db","dbLockVersion":0,"postalCode":"95122","city":"San Jose","state":"CA","countryCode":"USA","latitude":37.606689,"longitude":-122.426362,"isPOBox":false,"isAPOFPO":false},"currencyCode":"USD","preview":false,"tenantId":0,"tenantIdentifier":"elh9ie","verticalId":0,"checkoutableErrors":[],"intent":"PICKUP","pickupStore":{"city":"San Jose","stateOrProvinceCode":"CA","countryCode":"USA","postalCode":"95122","storeId":"32144","services":[]},"deliveryStore":{"city":"San Jose","stateOrProvinceCode":"CA","countryCode":"USA","postalCode":"95122","storeId":"32144","services":[]},"mpStores":[],"fulfillmentPlans":[],"accessPoints":[],"reservations":[],"isExplicitIntent":false,"hasGiftEligibleItem":false,"warnings":[],"restrictions":[]},"errorItems":[],"isOmniPromiseResponse":true,"uniqueInstallationOfferIdHolder":[]}}'
2024-08-20 19:45:40.765 [DEBUG] [thread-id 1] - Cart cleared for e2e.teflon.flow.ios.078@walmart.com
2024-08-20 19:45:41.298 [DEBUG] [thread-id 1] - Using us-errors-helpers.yaml
2024-08-20 19:45:41.824 [DEBUG] [thread-id 1] - Start Main
2024-08-20 19:45:41.831 [DEBUG] [thread-id 1] - Executing function: 'us.functions.global.onboarding.navigateOnboardingToHome'
2024-08-20 19:45:41.833 [DEBUG] [thread-id 1] - Executing function: 'us.function.utils.getEnvironmentValue'
2024-08-20 19:45:41.834 [DEBUG] [thread-id 1] - Store in: store the value 'teflon' in the variable 'env'
2024-08-20 19:45:41.834 [DEBUG] [thread-id 1] - Timestamp: 1724208341834
2024-08-20 19:45:41.845 [DEBUG] [thread-id 1] - Welcome screen loaded
2024-08-20 19:45:41.989 [DEBUG] [thread-id 1] - Verify identifier: {//XCUIElementTypeButton[@name="SignUpNudgeWelcomeViewController.bodyLabel"]=[true]}
2024-08-20 19:45:52.091 [DEBUG] [thread-id 1] - conditionally execute a flow. condition: false
2024-08-20 19:45:52.526 [DEBUG] [thread-id 1] - Click element: 'cta.cancel.welcome'
2024-08-20 19:45:53.218 [DEBUG] [thread-id 1] - Notifiction Prompt screen loaded
2024-08-20 19:45:54.087 [DEBUG] [thread-id 1] - Verify identifier: {NotificationPermissionViewController.titleLabel=[true]}
2024-08-20 19:45:56.184 [DEBUG] [thread-id 1] - Click element: 'cta.cancel.notifications'
2024-08-20 19:45:56.615 [DEBUG] [thread-id 1] - location screen loaded
2024-08-20 19:45:56.986 [DEBUG] [thread-id 1] - Verify identifier: {LocationPermissionViewController.titleLabel=[true], LocationPermissionViewController.bodyLabel=[true]}
2024-08-20 19:45:57.048 [DEBUG] [thread-id 1] - Click element: 'cta.cancel.location'
2024-08-20 19:45:57.855 [DEBUG] [thread-id 1] - Verify identifier: {label.postal-code-entry=[true]}
2024-08-20 19:45:57.926 [DEBUG] [thread-id 1] - Enter text: '95122'
2024-08-20 19:46:02.548 [DEBUG] [thread-id 1] - Click element: 'cta.continue'
2024-08-20 19:46:03.129 [DEBUG] [thread-id 1] - sleep:  3000 milliseconds
2024-08-20 19:46:06.141 [DEBUG] [thread-id 1] - loop: from 0 to 3
2024-08-20 19:46:06.429 [DEBUG] [thread-id 1] - 0
2024-08-20 19:46:17.075 [DEBUG] [thread-id 1] - conditionally execute a flow. condition: false
2024-08-20 19:46:27.383 [DEBUG] [thread-id 1] - Observed IDFA Sscreen
2024-08-20 19:46:27.383 [DEBUG] [thread-id 1] - sleep:  3000 milliseconds
2024-08-20 19:46:30.681 [DEBUG] [thread-id 1] - conditionally execute a flow. condition: true
2024-08-20 19:46:30.957 [DEBUG] [thread-id 1] - Verify identifier: {ATTPermissionViewController.titleLabel=[true], ATTPermissionViewController.bodyLabel=[true]}
2024-08-20 19:46:41.317 [DEBUG] [thread-id 1] - Click element: 'cta.continue.location'
2024-08-20 19:46:44.604 [DEBUG] [thread-id 1] - Click element: '//XCUIElementTypeButton[@name="Ask App Not to Track"] | //XCUIElementTypeButton[@name="Solicitar a la app no rastrear"]'
2024-08-20 19:46:55.910 [DEBUG] [thread-id 1] - conditionally execute a flow. condition: false
2024-08-20 19:46:56.666 [DEBUG] [thread-id 1] - modal is not displayed
2024-08-20 19:47:07.535 [DEBUG] [thread-id 1] - Executing function: 'us.functions.gic.collapseIfExpanded'
2024-08-20 19:47:08.836 [DEBUG] [thread-id 1] - Verify identifier: {//*[contains(@label,"Expanded")] | //*[contains(@name,"Expanded")]=[true]}
2024-08-20 19:47:09.606 [DEBUG] [thread-id 1] - Collapsing GIC screen
2024-08-20 19:47:10.874 [DEBUG] [thread-id 1] - Click element: '//*[contains(@label,"Expanded")] | //*[contains(@name,"Expanded")]'
2024-08-20 19:47:11.454 [DEBUG] [thread-id 1] - Executing function: 'us.functions.home.navigateHomeToSignIn'
2024-08-20 19:47:22.471 [DEBUG] [thread-id 1] - Click element: '//XCUIElementTypeButton[@name="Account"] | Account'
2024-08-20 19:47:23.971 [DEBUG] [thread-id 1] - Verify identifier: {SignInYourAccountTableViewCell.signInButton=[true]}
2024-08-20 19:47:23.971 [DEBUG] [thread-id 1] - loop: from 1 to 3
2024-08-20 19:47:24.713 [DEBUG] [thread-id 1] - conditionally execute a flow. condition: true
2024-08-20 19:47:25.581 [DEBUG] [thread-id 1] - Click element: 'SignInYourAccountTableViewCell.signInButton'
2024-08-20 19:47:42.279 [DEBUG] [thread-id 1] - Verify identifier: {TextFieldStackView.containerStackView=[true]}
2024-08-20 19:47:44.026 [DEBUG] [thread-id 1] - Store in: store the value 'true' in the variable 'signInValidated'
2024-08-20 19:47:45.771 [DEBUG] [thread-id 1] - conditionally execute a flow. condition: true
2024-08-20 19:47:47.492 [DEBUG] [thread-id 1] - SignIn page loaded
2024-08-20 19:47:49.141 [DEBUG] [thread-id 1] - Store in: store the value 'false' in the variable 'signInValidated'
2024-08-20 19:47:49.157 [DEBUG] [thread-id 1] - Executing function: 'us.functions.global.authentication.signInAccount'
2024-08-20 19:48:01.324 [DEBUG] [thread-id 1] - Enter text: 'e2e.teflon.flow.ios.078@walmart.com'
2024-08-20 19:48:05.822 [DEBUG] [thread-id 1] - Click element: 'WelcomeView.ctaButton'
2024-08-20 19:48:20.718 [DEBUG] [thread-id 1] - conditionally execute a flow. condition: true
2024-08-20 19:48:22.857 [DEBUG] [thread-id 1] - Click element: 'AuthChoiceView.passwordStackView'
2024-08-20 19:48:23.832 [DEBUG] [thread-id 1] - Verify identifier: {TextFieldStackView.textField=[true]}
2024-08-20 19:48:24.125 [DEBUG] [thread-id 1] - Enter text: 'E2epassword$'
2024-08-20 19:48:31.813 [DEBUG] [thread-id 1] - Click element: 'AuthChoiceView.ctaButton'
2024-08-20 19:48:44.980 [DEBUG] [thread-id 1] - conditionally execute a flow. condition: true
2024-08-20 19:48:45.951 [DEBUG] [thread-id 1] - conditionally execute a flow. condition: false
2024-08-20 19:48:46.905 [DEBUG] [thread-id 1] - conditionally execute a flow. condition: true
2024-08-20 19:48:47.956 [DEBUG] [thread-id 1] - conditionally execute a flow. condition: true
2024-08-20 19:48:48.954 [DEBUG] [thread-id 1] - Starts the sign-in with Email Verification Code flow
2024-08-20 19:48:49.935 [DEBUG] [thread-id 1] - conditionally execute a flow. condition: true
2024-08-20 19:48:51.084 [DEBUG] [thread-id 1] - Click element: 'AuthChoiceView.emailRadioButton'
2024-08-20 19:48:52.896 [DEBUG] [thread-id 1] - sleep:  1000 milliseconds
2024-08-20 19:48:55.354 [DEBUG] [thread-id 1] - Executing function: 'us.functions.utils.astro.fetchPasscode.emailOTP'
2024-08-20 19:48:55.354 [DEBUG] [thread-id 1] - Fetches the OTP from the customer email
2024-08-20 19:48:55.355 [DEBUG] [thread-id 1] - e2e.teflon.flow.ios.078@walmart.com
2024-08-20 19:48:55.355 [DEBUG] [thread-id 1] - Call API: 'http://astro.walmart.com/api/v2/teflon/customer/e2e.teflon.flow.ios.078@walmart.com/otp'
2024-08-20 19:49:04.231 [DEBUG] [thread-id 1] - Response code is: '200'. Response body is: '{"astroStatus":"SUCCESS","astroDescription":"Getting OTP Successfully from email!","astroDetails":{"email":"e2e.teflon.flow.ios.078@walmart.com","passcode":"118627"},"astroInfo":null}'
2024-08-20 19:49:05.930 [DEBUG] [thread-id 1] - The OTP generated is: 
2024-08-20 19:49:06.881 [DEBUG] [thread-id 1] - 118627
2024-08-20 19:49:08.213 [DEBUG] [thread-id 1] - The Request Verification Code button is clicked
2024-08-20 19:49:29.511 [DEBUG] [thread-id 1] - Main failed: Is not present: 'ValidateOTPView.otpFormField'
2024-08-20 19:49:31.587 [DEBUG] [thread-id 1] - Executing scenario: 'After'
2024-08-20 19:49:31.588 [DEBUG] [thread-id 1] - Executing function: 'us.functions.utils.afterSteps'
2024-08-20 19:49:31.589 [WARN] [thread-id 1] - variable testStatus was used, but r2 could not find a value for this variable. returning default of null
2024-08-20 19:49:31.590 [DEBUG] [thread-id 1] - conditionally execute a flow. condition: false
2024-08-20 19:49:32.597 [DEBUG] [thread-id 1] - Test failed
2024-08-20 19:49:48.184 [DEBUG] [thread-id 1] - Created report: /Users/m0k0a2f/glass-automation/report/index.html
2024-08-20 19:53:01.969 [DEBUG] [thread-id 1] - Executing R2 4.0.2: '/Users/m0k0a2f/glass-automation/./us/e2e-tests/test-scripts/ios/golden-flows/Ecomm-And-Fulfillment-Flows/buy-now-flows/pre-transaction/C2657256-fc-buy-now-associate-user-verify-ebt-eligibility.yaml' on device: 'iPhone 14'
2024-08-20 20:01:13.760 [DEBUG] [thread-id 1] - Executing scenario: 'Before'
2024-08-20 20:01:13.763 [DEBUG] [thread-id 1] - R2_SUBFLOW_PRE_TRANSACTION
2024-08-20 20:01:13.766 [DEBUG] [thread-id 1] - Executing function: 'us.functions.utils.astro.clearCart'
2024-08-20 20:01:14.075 [DEBUG] [thread-id 1] - Call API: 'http://astro.walmart.com/api/v2/teflon/customer/e2e.teflon.flow.ios.078@walmart.com/clearcart'
2024-08-20 20:01:27.146 [DEBUG] [thread-id 1] - Response code is: '200'. Response body is: '{"astroStatus":"SUCCESS","astroDescription":"CART_CLEARED","astroDetails":{"dbSessionMap":{"CXO_CART_ST":"{\"mtoken\":\"4:29#344734998#2=92276657#8=400553810\"}"},"checkoutable":false,"cart":{"id":"36778870-90e1-4ea5-a14e-285fc4c2d9dc","buyer":{"id":"48580bab-826e-425b-8f48-8104567b21bb","type":"CUSTOMER"},"storeIds":[],"itemCount":0,"entityErrors":[],"shipping":{"id":"5dc941d6-8b5c-4bf6-aa24-bdede746a669","dbLockVersion":0,"postalCode":"95122","city":"San Jose","state":"CA","countryCode":"USA","latitude":37.606689,"longitude":-122.426362,"isPOBox":false,"isAPOFPO":false},"currencyCode":"USD","preview":false,"tenantId":0,"tenantIdentifier":"elh9ie","verticalId":0,"checkoutableErrors":[],"intent":"PICKUP","pickupStore":{"city":"San Jose","stateOrProvinceCode":"CA","countryCode":"USA","postalCode":"95122","storeId":"32144","services":[]},"deliveryStore":{"city":"San Jose","stateOrProvinceCode":"CA","countryCode":"USA","postalCode":"95122","storeId":"32144","services":[]},"mpStores":[],"fulfillmentPlans":[],"accessPoints":[],"reservations":[],"isExplicitIntent":false,"hasGiftEligibleItem":false,"warnings":[],"restrictions":[]},"errorItems":[],"isOmniPromiseResponse":true,"uniqueInstallationOfferIdHolder":[]}}'
2024-08-20 20:01:27.445 [DEBUG] [thread-id 1] - Cart cleared for e2e.teflon.flow.ios.078@walmart.com
2024-08-20 20:01:27.988 [DEBUG] [thread-id 1] - Using us-errors-helpers.yaml
2024-08-20 20:01:28.505 [DEBUG] [thread-id 1] - Start Main
2024-08-20 20:01:28.509 [DEBUG] [thread-id 1] - Executing function: 'us.functions.global.onboarding.navigateOnboardingToHome'
2024-08-20 20:01:28.510 [DEBUG] [thread-id 1] - Executing function: 'us.function.utils.getEnvironmentValue'
2024-08-20 20:01:28.511 [DEBUG] [thread-id 1] - Store in: store the value 'teflon' in the variable 'env'
2024-08-20 20:01:28.512 [DEBUG] [thread-id 1] - Timestamp: 1724209288512
2024-08-20 20:01:28.524 [DEBUG] [thread-id 1] - Welcome screen loaded
2024-08-20 20:01:28.686 [DEBUG] [thread-id 1] - Verify identifier: {//XCUIElementTypeButton[@name="SignUpNudgeWelcomeViewController.bodyLabel"]=[true]}
2024-08-20 20:01:38.904 [DEBUG] [thread-id 1] - conditionally execute a flow. condition: false
2024-08-20 20:01:39.233 [DEBUG] [thread-id 1] - Click element: 'cta.cancel.welcome'
2024-08-20 20:01:39.854 [DEBUG] [thread-id 1] - Notifiction Prompt screen loaded
2024-08-20 20:01:40.656 [DEBUG] [thread-id 1] - Verify identifier: {NotificationPermissionViewController.titleLabel=[true]}
2024-08-20 20:01:42.733 [DEBUG] [thread-id 1] - Click element: 'cta.cancel.notifications'
2024-08-20 20:01:43.196 [DEBUG] [thread-id 1] - location screen loaded
2024-08-20 20:01:43.589 [DEBUG] [thread-id 1] - Verify identifier: {LocationPermissionViewController.titleLabel=[true], LocationPermissionViewController.bodyLabel=[true]}
2024-08-20 20:01:43.653 [DEBUG] [thread-id 1] - Click element: 'cta.cancel.location'
2024-08-20 20:01:44.589 [DEBUG] [thread-id 1] - Verify identifier: {label.postal-code-entry=[true]}
2024-08-20 20:01:44.651 [DEBUG] [thread-id 1] - Enter text: '95122'
2024-08-20 20:01:49.137 [DEBUG] [thread-id 1] - Click element: 'cta.continue'
2024-08-20 20:01:49.695 [DEBUG] [thread-id 1] - sleep:  3000 milliseconds
2024-08-20 20:01:52.701 [DEBUG] [thread-id 1] - loop: from 0 to 3
2024-08-20 20:01:53.017 [DEBUG] [thread-id 1] - 0
2024-08-20 20:02:03.534 [DEBUG] [thread-id 1] - conditionally execute a flow. condition: false
2024-08-20 20:02:13.927 [DEBUG] [thread-id 1] - Observed IDFA Sscreen
2024-08-20 20:02:13.927 [DEBUG] [thread-id 1] - sleep:  3000 milliseconds
2024-08-20 20:02:17.216 [DEBUG] [thread-id 1] - conditionally execute a flow. condition: true
2024-08-20 20:02:17.498 [DEBUG] [thread-id 1] - Verify identifier: {ATTPermissionViewController.titleLabel=[true], ATTPermissionViewController.bodyLabel=[true]}
2024-08-20 20:02:27.866 [DEBUG] [thread-id 1] - Click element: 'cta.continue.location'
2024-08-20 20:02:31.521 [DEBUG] [thread-id 1] - Click element: '//XCUIElementTypeButton[@name="Ask App Not to Track"] | //XCUIElementTypeButton[@name="Solicitar a la app no rastrear"]'
2024-08-20 20:02:42.962 [DEBUG] [thread-id 1] - conditionally execute a flow. condition: false
2024-08-20 20:02:43.758 [DEBUG] [thread-id 1] - modal is not displayed
2024-08-20 20:02:54.263 [DEBUG] [thread-id 1] - Executing function: 'us.functions.gic.collapseIfExpanded'
2024-08-20 20:02:55.583 [DEBUG] [thread-id 1] - Verify identifier: {//*[contains(@label,"Expanded")] | //*[contains(@name,"Expanded")]=[true]}
2024-08-20 20:02:56.358 [DEBUG] [thread-id 1] - Collapsing GIC screen
2024-08-20 20:02:57.682 [DEBUG] [thread-id 1] - Click element: '//*[contains(@label,"Expanded")] | //*[contains(@name,"Expanded")]'
2024-08-20 20:02:58.271 [DEBUG] [thread-id 1] - Executing function: 'us.functions.home.navigateHomeToSignIn'
2024-08-20 20:03:09.535 [DEBUG] [thread-id 1] - Click element: '//XCUIElementTypeButton[@name="Account"] | Account'
2024-08-20 20:03:11.106 [DEBUG] [thread-id 1] - Verify identifier: {SignInYourAccountTableViewCell.signInButton=[true]}
2024-08-20 20:03:11.107 [DEBUG] [thread-id 1] - loop: from 1 to 3
2024-08-20 20:03:11.844 [DEBUG] [thread-id 1] - conditionally execute a flow. condition: true
2024-08-20 20:03:12.724 [DEBUG] [thread-id 1] - Click element: 'SignInYourAccountTableViewCell.signInButton'
2024-08-20 20:03:30.519 [DEBUG] [thread-id 1] - Verify identifier: {TextFieldStackView.containerStackView=[true]}
2024-08-20 20:03:32.225 [DEBUG] [thread-id 1] - Store in: store the value 'true' in the variable 'signInValidated'
2024-08-20 20:03:33.991 [DEBUG] [thread-id 1] - conditionally execute a flow. condition: true
2024-08-20 20:03:35.746 [DEBUG] [thread-id 1] - SignIn page loaded
2024-08-20 20:03:37.489 [DEBUG] [thread-id 1] - Store in: store the value 'false' in the variable 'signInValidated'
2024-08-20 20:03:37.499 [DEBUG] [thread-id 1] - Executing function: 'us.functions.global.authentication.signInAccount'
2024-08-20 20:03:50.785 [DEBUG] [thread-id 1] - Enter text: 'e2e.teflon.flow.ios.078@walmart.com'
2024-08-20 20:03:55.105 [DEBUG] [thread-id 1] - Click element: 'WelcomeView.ctaButton'
2024-08-20 20:04:09.531 [DEBUG] [thread-id 1] - conditionally execute a flow. condition: true
2024-08-20 20:04:11.816 [DEBUG] [thread-id 1] - Click element: 'AuthChoiceView.passwordStackView'
2024-08-20 20:04:12.852 [DEBUG] [thread-id 1] - Verify identifier: {TextFieldStackView.textField=[true]}
2024-08-20 20:04:13.173 [DEBUG] [thread-id 1] - Enter text: 'E2epassword$'
2024-08-20 20:04:21.115 [DEBUG] [thread-id 1] - Click element: 'AuthChoiceView.ctaButton'
2024-08-20 20:04:44.891 [DEBUG] [thread-id 1] - sleep:  2000 milliseconds
2024-08-20 20:04:47.287 [DEBUG] [thread-id 1] - conditionally execute a flow. condition: true
2024-08-20 20:04:50.103 [DEBUG] [thread-id 1] - Click element: '//XCUIElementTypeButton[@name="Donâ€™t Allow"]'
2024-08-20 20:04:50.760 [DEBUG] [thread-id 1] - Executing function: 'us.test.functions.utils.closeWplusPrompt.homeScreen'
2024-08-20 20:05:01.263 [DEBUG] [thread-id 1] - conditionally execute a flow. condition: false
2024-08-20 20:05:02.295 [DEBUG] [thread-id 1] - W+ Plus membership prompt is not present nothing to close continue
2024-08-20 20:05:02.306 [DEBUG] [thread-id 1] - Executing function: 'us.functions.home.closeWplusBottomSheetBannerIfDisplayed'
2024-08-20 20:05:12.617 [DEBUG] [thread-id 1] - Executing function: 'us.functions.utils.handleCartMergePopup'
2024-08-20 20:05:12.618 [DEBUG] [thread-id 1] - loop: from 0 to 4
2024-08-20 20:05:13.612 [DEBUG] [thread-id 1] - 0
2024-08-20 20:05:20.832 [DEBUG] [thread-id 1] - No Technical Error Page observed
2024-08-20 20:05:21.880 [DEBUG] [thread-id 1] - sleep:  1000 milliseconds
2024-08-20 20:05:22.884 [DEBUG] [thread-id 1] - validate if tooltip is present and closing it
2024-08-20 20:05:33.707 [DEBUG] [thread-id 1] - Executing function: 'us.functions.global.navigation.accountToHome'
2024-08-20 20:05:34.379 [DEBUG] [thread-id 1] - Verify identifier: {//XCUIElementTypeButton[@name="Shop"] | Shop=[true]}
2024-08-20 20:05:34.379 [DEBUG] [thread-id 1] - sleep:  2000 milliseconds
2024-08-20 20:05:37.161 [DEBUG] [thread-id 1] - Click element: '//XCUIElementTypeButton[@name="Shop"] | Shop'
2024-08-20 20:05:38.156 [DEBUG] [thread-id 1] - Executing function: 'us.functions.home.closeWPlusPromotionPopUpIfDisplayed'
2024-08-20 20:05:43.626 [DEBUG] [thread-id 1] - Verify identifier: {//XCUIElementTypeButton[@name="SplashPageTermView.primaryButton" or @name="SplashPageTermViewPrimaryButton" or @name="RepeatBenefitEngagementBottomContentView.primaryButton"] | //XCUIElementTypeButton[@name="WalmartPlusSplashBottomSheet.tryWalmartPlusMemberShipButton"] | //XCUIElementTypeButton[@label="Try your rewards benefit"] | //XCUIElementTypeButton[@name="BenefitEngagementTempoContainerView.primaryButton"] | //XCUIElementTypeNavigationBar[@name="Walmart plus"] | //XCUIElementTypeNavigationBar[@name="WalmartPlus.SplashPageView"] | //XCUIElementTypeStaticText[@name="Book Now"]=[true]}
2024-08-20 20:05:46.565 [DEBUG] [thread-id 1] - conditionally execute a flow. condition: true
2024-08-20 20:05:49.369 [DEBUG] [thread-id 1] - Click element: '//XCUIElementTypeButton[@name="SplashPageViewController.closeButton" or contains(@label, "Close Walmart plus promotional pop up")] | //XCUIElementTypeNavigationBar[@name="WalmartPlus.SplashPageView"]/XCUIElementTypeButton | //XCUIElementTypeButton[@name="close" or @name="Close"] | //XCUIElementTypeButton[@name="SplashPageViewController.fullScreenCloseButton"] | //XCUIElementTypeButton[@name="MultiSplashViewController.fullScreenCloseButton"] | //XCUIElementTypeButton[@name="RepeatBenefitEngagementTopBarView.closeButton"] | //XCUIElementTypeButton[@name="Close"]'
2024-08-20 20:05:50.136 [DEBUG] [thread-id 1] - Executing function: 'us.functions.home.closeWplusBottomSheetBannerIfDisplayed'
2024-08-20 20:06:00.330 [DEBUG] [thread-id 1] - Executing function: 'us.functions.home.closeWplusBottomSheetNewBannerIfDisplayed'
2024-08-20 20:06:10.551 [DEBUG] [thread-id 1] - Executing function: 'us.functions.home.setStore'
2024-08-20 20:06:10.554 [DEBUG] [thread-id 1] - conditionally execute a flow. condition: true
2024-08-20 20:06:11.875 [DEBUG] [thread-id 1] - Store in: store the value '95122' in the variable 'zipcode'
2024-08-20 20:06:23.662 [DEBUG] [thread-id 1] - conditionally execute a flow. condition: false
2024-08-20 20:06:24.995 [DEBUG] [thread-id 1] - Skipping
2024-08-20 20:06:25.005 [DEBUG] [thread-id 1] - Executing function: 'us.functions.gic.changeFulfillment'
2024-08-20 20:06:25.005 [DEBUG] [thread-id 1] - Executing function: 'us.functions.gic.expandIfCollapsed'
2024-08-20 20:06:27.318 [DEBUG] [thread-id 1] - Verify identifier: {//*[contains(@label,"Collapsed")] | //*[contains(@name,"Collapsed")]=[true]}
2024-08-20 20:06:29.412 [DEBUG] [thread-id 1] - Click element: '//*[contains(@label,"Collapsed")] | //*[contains(@name,"Collapsed")]'
2024-08-20 20:06:30.057 [DEBUG] [thread-id 1] - Executing function: 'us.functions.gic.setFulfillment'
2024-08-20 20:06:40.166 [DEBUG] [thread-id 1] - conditionally execute a flow. condition: false
2024-08-20 20:06:43.868 [DEBUG] [thread-id 1] - Click element: '//XCUIElementTypeButton[@name="GlobalIntentCenter.Shipping"] | //XCUIElementTypeButton[contains(@name, "Shipping") ]'
2024-08-20 20:06:45.226 [DEBUG] [thread-id 1] - Shipping intent selected
2024-08-20 20:06:46.057 [DEBUG] [thread-id 1] - sleep:  3000 milliseconds
2024-08-20 20:06:49.088 [DEBUG] [thread-id 1] - Executing function: 'us.functions.gic.collapseIfExpanded'
2024-08-20 20:06:50.903 [DEBUG] [thread-id 1] - Verify identifier: {//*[contains(@label,"Expanded")] | //*[contains(@name,"Expanded")]=[true]}
2024-08-20 20:06:51.691 [DEBUG] [thread-id 1] - Collapsing GIC screen
2024-08-20 20:06:52.946 [DEBUG] [thread-id 1] - Click element: '//*[contains(@label,"Expanded")] | //*[contains(@name,"Expanded")]'
2024-08-20 20:06:53.480 [DEBUG] [thread-id 1] - Executing function: 'us.functions.utils.getSearchableItem'
2024-08-20 20:06:53.481 [DEBUG] [thread-id 1] - Store in: store the value 'null' in the variable 'itemFetched'
2024-08-20 20:06:53.481 [DEBUG] [thread-id 1] - Store in: store the value 'null' in the variable 'deeplinkURL'
2024-08-20 20:06:53.481 [DEBUG] [thread-id 1] - Store in: store the value 'true' in the variable 'apiFetch'
2024-08-20 20:06:53.482 [WARN] [thread-id 1] - variable TEFLON_DATA was used, but r2 could not find a value for this variable. returning default of null
2024-08-20 20:06:53.483 [DEBUG] [thread-id 1] - conditionally execute a flow. condition: true
2024-08-20 20:06:54.621 [WARN] [thread-id 1] - variable TEFLON_DATA was used, but r2 could not find a value for this variable. returning default of null
2024-08-20 20:06:54.621 [DEBUG] [thread-id 1] - Execute Node: 'us/e2e-tests/helpers/itemFetch.js'
2024-08-20 20:06:56.741 [DEBUG] [thread-id 1] - NA
2024-08-20 20:06:56.750 [DEBUG] [thread-id 1] - conditionally execute a flow. condition: true
2024-08-20 20:06:57.916 [WARN] [thread-id 1] - variable source was used, but r2 could not find a value for this variable. returning default of null
2024-08-20 20:06:57.917 [DEBUG] [thread-id 1] - conditionally execute a flow. condition: false
2024-08-20 20:06:59.085 [DEBUG] [thread-id 1] - Item fetched by Astro API
2024-08-20 20:07:00.255 [DEBUG] [thread-id 1] - Executing function: 'us.functions.utils.fetchAstroAvailableItem'
2024-08-20 20:07:00.258 [DEBUG] [thread-id 1] - Fetching Item available in stock using Astro API for Item type FC_DELIVERY
2024-08-20 20:07:00.258 [WARN] [thread-id 1] - variable storeId was used, but r2 could not find a value for this variable. returning default of null
2024-08-20 20:07:00.260 [DEBUG] [thread-id 1] - conditionally execute a flow. condition: true
2024-08-20 20:07:01.419 [DEBUG] [thread-id 1] - Store in: store the value '32144' in the variable 'storeId'
2024-08-20 20:07:01.425 [WARN] [thread-id 1] - variable nextGen was used, but r2 could not find a value for this variable. returning default of null
2024-08-20 20:07:01.425 [DEBUG] [thread-id 1] - conditionally execute a flow. condition: true
2024-08-20 20:07:02.647 [DEBUG] [thread-id 1] - Store in: store the value 'nextgen' in the variable 'version'
2024-08-20 20:07:02.657 [WARN] [thread-id 1] - variable itemStatusHeader was used, but r2 could not find a value for this variable. returning default of null
2024-08-20 20:07:02.658 [DEBUG] [thread-id 1] - conditionally execute a flow. condition: true
2024-08-20 20:07:03.878 [DEBUG] [thread-id 1] - Store in: store the value 'SUCCESS' in the variable 'itemStatusHeader'
2024-08-20 20:07:03.884 [DEBUG] [thread-id 1] - conditionally execute a flow. condition: true
2024-08-20 20:07:05.141 [WARN] [thread-id 1] - variable itemSubFilter was used, but r2 could not find a value for this variable. returning default of null
2024-08-20 20:07:05.142 [DEBUG] [thread-id 1] - conditionally execute a flow. condition: false
2024-08-20 20:07:06.365 [DEBUG] [thread-id 1] - conditionally execute a flow. condition: false
2024-08-20 20:07:07.603 [WARN] [thread-id 1] - variable itemSubFilter was used, but r2 could not find a value for this variable. returning default of null
2024-08-20 20:07:07.604 [DEBUG] [thread-id 1] - conditionally execute a flow. condition: false
2024-08-20 20:07:08.775 [DEBUG] [thread-id 1] - conditionally execute a flow. condition: false
2024-08-20 20:07:09.957 [DEBUG] [thread-id 1] - conditionally execute a flow. condition: true
2024-08-20 20:07:11.159 [DEBUG] [thread-id 1] - Store in: store the value 'http://astro.walmart.com/api/v3/teflon/internal/getItemHealth/32144/FC_DELIVERY?itemType=associatediscount' in the variable 'fetchURL'
2024-08-20 20:07:12.419 [DEBUG] [thread-id 1] - Store in: store the value 'nextgen' in the variable 'version'
2024-08-20 20:07:12.425 [DEBUG] [thread-id 1] - Store in: store the value 'null' in the variable 'itemDetails'
2024-08-20 20:07:13.620 [DEBUG] [thread-id 1] - conditionally execute a flow. condition: true
2024-08-20 20:07:15.259 [DEBUG] [thread-id 1] - NextGen API
2024-08-20 20:07:16.512 [DEBUG] [thread-id 1] - Call API: 'http://astro.walmart.com/api/v3/teflon/internal/getItemHealth/32144/FC_DELIVERY?itemType=associatediscount'
2024-08-20 20:07:22.001 [DEBUG] [thread-id 1] - Response code is: '200'. Response body is: '{"astroStatus":"SUCCESS","astroDescription":"Items found in itemHealth Collection","astroDetails":[{"itemId":"685305373","astroStatus":"SUCCESS","astroDescription":"FC_DELIVERY (685305373), ORDER CREATED","orderType":"FC_DELIVERY","storeId":"32144","orderNumber":null,"eligiblePaths":["associatediscount"],"paymentTypes":["cc"],"inEligiblePaths":[],"offerId":"EBC1936B34B740D4ABC084798326AD9E","_id":"6525a21520bc0657302efaf0","__v":0,"createdAt":"2023-10-10T19:12:21.322Z","price":{"currencyAmount":15,"currencyUnit":"USD"},"updatedAt":"2024-08-21T03:05:11.096Z"}]}'
2024-08-20 20:07:23.192 [DEBUG] [thread-id 1] - conditionally execute a flow. condition: false
2024-08-20 20:07:24.368 [DEBUG] [thread-id 1] - SUCCESSFUL item fetched from astro API.
2024-08-20 20:07:25.549 [DEBUG] [thread-id 1] - loop: over '[{"itemId":"685305373","astroStatus":"SUCCESS","astroDescription":"FC_DELIVERY (685305373), ORDER CREATED","orderType":"FC_DELIVERY","storeId":"32144","orderNumber":null,"eligiblePaths":["associatediscount"],"paymentTypes":["cc"],"inEligiblePaths":[],"offerId":"EBC1936B34B740D4ABC084798326AD9E","_id":"6525a21520bc0657302efaf0","__v":0,"createdAt":"2023-10-10T19:12:21.322Z","price":{"currencyAmount":15,"currencyUnit":"USD"},"updatedAt":"2024-08-21T03:05:11.096Z"}]'
2024-08-20 20:07:26.725 [DEBUG] [thread-id 1] - Store in: store the value 'null' in the variable 'itemDetails'
2024-08-20 20:07:27.916 [DEBUG] [thread-id 1] - {"itemId":"685305373","astroStatus":"SUCCESS","astroDescription":"FC_DELIVERY (685305373), ORDER CREATED","orderType":"FC_DELIVERY","storeId":"32144","orderNumber":null,"eligiblePaths":["associatediscount"],"paymentTypes":["cc"],"inEligiblePaths":[],"offerId":"EBC1936B34B740D4ABC084798326AD9E","_id":"6525a21520bc0657302efaf0","__v":0,"createdAt":"2023-10-10T19:12:21.322Z","price":{"currencyAmount":15,"currencyUnit":"USD"},"updatedAt":"2024-08-21T03:05:11.096Z"}
2024-08-20 20:07:29.135 [DEBUG] [thread-id 1] - Store in: store the value '685305373' in the variable 'itemFetched'
2024-08-20 20:07:30.423 [DEBUG] [thread-id 1] - Store in: store the value 'SUCCESS' in the variable 'itemStatus'
2024-08-20 20:07:31.612 [WARN] [thread-id 1] - variable healthCheck was used, but r2 could not find a value for this variable. returning default of null
2024-08-20 20:07:32.809 [DEBUG] [thread-id 1] - conditionally execute a flow. condition: true
2024-08-20 20:07:33.941 [DEBUG] [thread-id 1] - Execute Node: 'us/e2e-tests/helpers/splitNumberString.js'
2024-08-20 20:07:35.194 [DEBUG] [thread-id 1] - 685305373
2024-08-20 20:07:36.373 [WARN] [thread-id 1] - variable skipForNext was used, but r2 could not find a value for this variable. returning default of null
2024-08-20 20:07:37.570 [WARN] [thread-id 1] - variable excludeFetchedItem was used, but r2 could not find a value for this variable. returning default of null
2024-08-20 20:07:37.571 [DEBUG] [thread-id 1] - conditionally execute a flow. condition: false
2024-08-20 20:07:38.726 [DEBUG] [thread-id 1] - Executing function: 'us.functions.utils.itemHealthCheck'
2024-08-20 20:07:38.726 [DEBUG] [thread-id 1] - Checking item eligibility before proceeding
2024-08-20 20:07:38.726 [DEBUG] [thread-id 1] - Store in: store the value 'false' in the variable 'itemEligiblity'
2024-08-20 20:07:38.726 [DEBUG] [thread-id 1] - Store in: store the value 'false' in the variable 'ignoreItem'
2024-08-20 20:07:38.727 [DEBUG] [thread-id 1] - loop: over '["816076989", "1822965598","131979272", "779762816","1937310256","795796940", "812231723", "2466884336", "414743206", "816076989", "472115968", "961350767","981898706","812231723","499284126279","10801611", "982133078","111220513","1126228020"]'
2024-08-20 20:08:01.615 [DEBUG] [thread-id 1] - conditionally execute a flow. condition: false
2024-08-20 20:08:02.752 [DEBUG] [thread-id 1] - conditionally execute a flow. condition: true
2024-08-20 20:08:03.869 [DEBUG] [thread-id 1] - Store in: store the value 'true' in the variable 'itemEligiblity'
2024-08-20 20:08:04.981 [DEBUG] [thread-id 1] - conditionally execute a flow. condition: true
2024-08-20 20:08:07.248 [DEBUG] [thread-id 1] - Stock available Item Id 685305373 for type FC_DELIVERY
2024-08-20 20:08:08.325 [WARN] [thread-id 1] - variable fetchedItemDataDetails was used, but r2 could not find a value for this variable. returning default of null
2024-08-20 20:08:08.325 [DEBUG] [thread-id 1] - Execute Node: 'us/e2e-tests/helpers/jsonParser.js'
2024-08-20 20:08:09.661 [DEBUG] [thread-id 1] - Store in: store the value 'false' in the variable 'skipForNext'
2024-08-20 20:08:10.880 [DEBUG] [thread-id 1] - Store in: store the value 'false' in the variable 'excludeFetchedItem'
2024-08-20 20:08:10.886 [DEBUG] [thread-id 1] - Store in: store the value 'null' in the variable 'storeId'
2024-08-20 20:08:10.886 [DEBUG] [thread-id 1] - Store in: store the value 'null' in the variable 'itemStatusHeader'
2024-08-20 20:08:10.887 [DEBUG] [thread-id 1] - Store in: store the value 'false' in the variable 'healthCheck'
2024-08-20 20:08:10.887 [DEBUG] [thread-id 1] - Store in: store the value 'null' in the variable 'version'
2024-08-20 20:08:10.887 [DEBUG] [thread-id 1] - Store in: store the value 'null' in the variable 'itemFilter'
2024-08-20 20:08:10.887 [DEBUG] [thread-id 1] - Store in: store the value 'false' in the variable 'noSubSet'
2024-08-20 20:08:12.111 [DEBUG] [thread-id 1] - Store in: store the value 'null' in the variable 'backupItem'
2024-08-20 20:08:12.112 [DEBUG] [thread-id 1] - Store in: store the value 'null' in the variable 'source'
2024-08-20 20:08:12.112 [DEBUG] [thread-id 1] - Store in: store the value 'null' in the variable 'useHardCodedItem'
2024-08-20 20:08:12.113 [DEBUG] [thread-id 1] - Store in: store the value 'walmart://item/685305373' in the variable 'deeplinkURl'
2024-08-20 20:08:12.113 [DEBUG] [thread-id 1] - Item:685305373
2024-08-20 20:08:12.114 [DEBUG] [thread-id 1] - deeplinkURL:walmart://item/685305373
2024-08-20 20:08:12.114 [DEBUG] [thread-id 1] - Store in: store the value '685305373' in the variable 'item1'
2024-08-20 20:08:12.117 [DEBUG] [thread-id 1] - Executing function: 'us.functions.global.navigation.goToDeepLink'
2024-08-20 20:08:12.117 [DEBUG] [thread-id 1] - Verify value of: '$deepLinkUrl'
2024-08-20 20:08:12.118 [DEBUG] [thread-id 1] - Open link: 'walmart://item/685305373'
2024-08-20 20:08:20.753 [DEBUG] [thread-id 1] - Executing function: 'us.functions.global.navigation.openDeepLink'
2024-08-20 20:08:23.262 [DEBUG] [thread-id 1] - Verify identifier: {Open in â€œWalmartâ€?=[true]}
2024-08-20 20:08:25.713 [DEBUG] [thread-id 1] - Click element: 'Open'
2024-08-20 20:08:26.506 [DEBUG] [thread-id 1] - Executing function: 'us.functions.buyNow.associateDiscountPrompt.applyDiscount'
2024-08-20 20:08:38.080 [DEBUG] [thread-id 1] - Click element: '//XCUIElementTypeButton[@name="GlassCalloutView.referenceView"] | //XCUIElementTypeButton[@label="Buy now"] | //XCUIElementTypeButton[@name="Buy now"]'
2024-08-20 20:08:53.916 [DEBUG] [thread-id 1] - conditionally execute a flow. condition: true
2024-08-20 20:09:06.761 [DEBUG] [thread-id 1] - Verify identifier: {//XCUIElementTypeButton[@name="AssociateDiscountViewController.applyView"]=[true], //XCUIElementTypeButton[@name="AssociateDiscountPolicyView.chevronIconView"]=[true], //XCUIElementTypeNavigationBar[contains(@name, "Apply your associate discount")]=[true], //XCUIElementTypeButton[@name="AssociateDiscountViewController.ignoreView"]=[true]}
2024-08-20 20:09:12.291 [DEBUG] [thread-id 1] - Click element: '//XCUIElementTypeButton[@name="AssociateDiscountViewController.continueButton"]'
2024-08-20 20:09:16.905 [DEBUG] [thread-id 1] - sleep:  10000 milliseconds
2024-08-20 20:09:30.761 [DEBUG] [thread-id 1] - Executing function: 'us.functions.utils.handleTechnicalErrorPopup'
2024-08-20 20:09:30.762 [DEBUG] [thread-id 1] - Store in: store the value 'false' in the variable 'errorRemoved'
2024-08-20 20:09:30.762 [DEBUG] [thread-id 1] - sleep:  5000 milliseconds
2024-08-20 20:09:35.768 [DEBUG] [thread-id 1] - loop: from 0 to 3
2024-08-20 20:09:39.484 [DEBUG] [thread-id 1] - 0
2024-08-20 20:09:58.023 [DEBUG] [thread-id 1] - conditionally execute a flow. condition: false
2024-08-20 20:10:01.642 [DEBUG] [thread-id 1] - Store in: store the value 'true' in the variable 'errorRemoved'
2024-08-20 20:10:05.591 [DEBUG] [thread-id 1] - No Technical Error Pop up observed
2024-08-20 20:10:26.359 [DEBUG] [thread-id 1] - Scroll: down
2024-08-20 20:11:08.164 [DEBUG] [thread-id 1] - Verify identifier: {//XCUIElementTypeButton[@name="PlaceOrderView.placeOrderButton"]=[true], //XCUIElementTypeStaticText[contains(@value, "Includes $5.99 fee for orders below $35 and taxes.")] | //XCUIElementTypeButton[@name="BuyNowViewController.priceTotalView"]=[true], BuyNowViewController.priceTotalView=[true], //XCUIElementTypeStaticText[@name="Visa ending in 1111"] | //XCUIElementTypeStaticText[@name="Visa ending in 7777"] | //XCUIElementTypeStaticText[@name="Visa ending in 0005"] | //XCUIElementTypeOther[contains(@label,"ending in")] | //XCUIElementTypeButton[@name="BuyNowViewController.paymentMethodView"] | //XCUIElementTypeOther[@name="BuyNowViewController.buyNowPaymentsView"] | //XCUIElementTypeButton[@name="BuyNowViewController.buyNowPaymentsView"]=[true], //XCUIElementTypeOther[@name="BuyNowViewController.shippingView"]=[true]}
2024-08-20 20:11:08.166 [DEBUG] [thread-id 1] - Executing function: 'us.functions.buyNow.editCard.verifyBuyNowEligibility'
2024-08-20 20:11:18.451 [DEBUG] [thread-id 1] - Click element: 'BuyNowViewController.buyNowPaymentsView'
2024-08-20 20:11:43.873 [DEBUG] [thread-id 1] - Main failed: Is not present: '//XCUIElementTypeStaticText[@name="WalletTitleView.titleLabel"] | //XCUIElementTypeStaticText[@name="WalletSummaryViewController.titleLabel"]'
2024-08-20 20:11:52.223 [DEBUG] [thread-id 1] - Executing scenario: 'After'
2024-08-20 20:11:52.224 [DEBUG] [thread-id 1] - Executing function: 'us.functions.utils.afterSteps'
2024-08-20 20:11:52.225 [WARN] [thread-id 1] - variable testStatus was used, but r2 could not find a value for this variable. returning default of null
2024-08-20 20:11:52.225 [DEBUG] [thread-id 1] - conditionally execute a flow. condition: false
2024-08-20 20:11:56.303 [DEBUG] [thread-id 1] - Test failed
2024-08-20 20:12:13.908 [DEBUG] [thread-id 1] - Created report: /Users/m0k0a2f/glass-automation/report/index.html
2024-08-20 20:49:50.756 [DEBUG] [thread-id 1] - Executing R2 4.0.2: '/Users/m0k0a2f/glass-automation/./us/e2e-tests/test-scripts/ios/golden-flows/Ecomm-And-Fulfillment-Flows/buy-now-flows/pre-transaction/C2657256-fc-buy-now-associate-user-verify-ebt-eligibility.yaml' on device: 'iPhone 14'
2024-08-20 21:05:18.113 [ERROR] [thread-id 1] - error setting up appium session: 
org.openqa.selenium.SessionNotCreatedException: Could not start a new session. Possible causes are invalid address of the remote server or browser start-up failure. 
Host info: host: 'm-xqkh4fwq5j', ip: '2603:8001:723f:c780:e9d5:8c02:43f7:bb0e%en0'
	at org.openqa.selenium.remote.RemoteWebDriver.execute(RemoteWebDriver.java:620) ~[r2.jar:4.0.2]
	at io.appium.java_client.AppiumDriver.startSession(AppiumDriver.java:274) ~[r2.jar:4.0.2]
	at org.openqa.selenium.remote.RemoteWebDriver.<init>(RemoteWebDriver.java:163) ~[r2.jar:4.0.2]
	at io.appium.java_client.AppiumDriver.<init>(AppiumDriver.java:89) ~[r2.jar:4.0.2]
	at io.appium.java_client.AppiumDriver.<init>(AppiumDriver.java:101) ~[r2.jar:4.0.2]
	at io.appium.java_client.ios.IOSDriver.<init>(IOSDriver.java:104) ~[r2.jar:4.0.2]
	at com.walmartlabs.executor.Appium.setupDriver(Appium.java:774) ~[r2.jar:4.0.2]
	at com.walmartlabs.executor.Appium.setupAppium(Appium.java:699) ~[r2.jar:4.0.2]
	at com.walmartlabs.executor.Executor.start(Executor.java:360) [r2.jar:4.0.2]
	at com.walmartlabs.executor.Executor.startExecution(Executor.java:188) [r2.jar:4.0.2]
	at com.walmartlabs.executor.MultipleConfigExecutor.executeConfig(MultipleConfigExecutor.java:319) [r2.jar:4.0.2]
	at com.walmartlabs.executor.MultipleConfigExecutor.start(MultipleConfigExecutor.java:146) [r2.jar:4.0.2]
	at com.walmartlabs.R2.start(R2.java:88) [r2.jar:4.0.2]
	at com.walmartlabs.R2.main(R2.java:133) [r2.jar:4.0.2]
Caused by: org.openqa.selenium.WebDriverException: java.lang.reflect.InvocationTargetException
Build info: version: '4.13.0', revision: 'ba948ece5b*'
System info: os.name: 'Mac OS X', os.arch: 'aarch64', os.version: '14.4.1', java.version: '20.0.1'
Driver info: driver.version: IOSDriver
	at io.appium.java_client.remote.AppiumProtocolHandshake.createSession(AppiumProtocolHandshake.java:137) ~[r2.jar:4.0.2]
	at io.appium.java_client.remote.AppiumProtocolHandshake.createSession(AppiumProtocolHandshake.java:102) ~[r2.jar:4.0.2]
	at io.appium.java_client.remote.AppiumCommandExecutor.createSession(AppiumCommandExecutor.java:182) ~[r2.jar:4.0.2]
	at io.appium.java_client.remote.AppiumCommandExecutor.execute(AppiumCommandExecutor.java:250) ~[r2.jar:4.0.2]
	at org.openqa.selenium.remote.RemoteWebDriver.execute(RemoteWebDriver.java:602) ~[r2.jar:4.0.2]
	... 13 more
Caused by: java.lang.reflect.InvocationTargetException
	at jdk.internal.reflect.DirectMethodHandleAccessor.invoke(DirectMethodHandleAccessor.java:119) ~[?:?]
	at java.lang.reflect.Method.invoke(Method.java:578) ~[?:?]
	at io.appium.java_client.remote.AppiumProtocolHandshake.createSession(AppiumProtocolHandshake.java:133) ~[r2.jar:4.0.2]
	at io.appium.java_client.remote.AppiumProtocolHandshake.createSession(AppiumProtocolHandshake.java:102) ~[r2.jar:4.0.2]
	at io.appium.java_client.remote.AppiumCommandExecutor.createSession(AppiumCommandExecutor.java:182) ~[r2.jar:4.0.2]
	at io.appium.java_client.remote.AppiumCommandExecutor.execute(AppiumCommandExecutor.java:250) ~[r2.jar:4.0.2]
	at org.openqa.selenium.remote.RemoteWebDriver.execute(RemoteWebDriver.java:602) ~[r2.jar:4.0.2]
	... 13 more
Caused by: org.openqa.selenium.TimeoutException: java.util.concurrent.TimeoutException
Build info: version: '4.13.0', revision: 'ba948ece5b*'
System info: os.name: 'Mac OS X', os.arch: 'aarch64', os.version: '14.4.1', java.version: '20.0.1'
Driver info: driver.version: IOSDriver
	at org.openqa.selenium.remote.http.netty.NettyHttpHandler.makeCall(NettyHttpHandler.java:65) ~[r2.jar:4.0.2]
	at io.appium.java_client.AppiumUserAgentFilter.lambda$apply$0(AppiumUserAgentFilter.java:88) ~[r2.jar:4.0.2]
	at org.openqa.selenium.remote.http.Filter.lambda$andFinally$1(Filter.java:55) ~[r2.jar:4.0.2]
	at org.openqa.selenium.remote.http.netty.NettyHttpHandler.execute(NettyHttpHandler.java:48) ~[r2.jar:4.0.2]
	at org.openqa.selenium.remote.http.netty.NettyClient.execute(NettyClient.java:96) ~[r2.jar:4.0.2]
	at io.appium.java_client.remote.AppiumCommandExecutor.lambda$null$0(AppiumCommandExecutor.java:187) ~[r2.jar:4.0.2]
	at org.openqa.selenium.remote.http.Filter.lambda$andFinally$1(Filter.java:55) ~[r2.jar:4.0.2]
	at org.openqa.selenium.remote.ProtocolHandshake.createSession(ProtocolHandshake.java:115) ~[r2.jar:4.0.2]
	at jdk.internal.reflect.DirectMethodHandleAccessor.invoke(DirectMethodHandleAccessor.java:104) ~[?:?]
	at java.lang.reflect.Method.invoke(Method.java:578) ~[?:?]
	at io.appium.java_client.remote.AppiumProtocolHandshake.createSession(AppiumProtocolHandshake.java:133) ~[r2.jar:4.0.2]
	at io.appium.java_client.remote.AppiumProtocolHandshake.createSession(AppiumProtocolHandshake.java:102) ~[r2.jar:4.0.2]
	at io.appium.java_client.remote.AppiumCommandExecutor.createSession(AppiumCommandExecutor.java:182) ~[r2.jar:4.0.2]
	at io.appium.java_client.remote.AppiumCommandExecutor.execute(AppiumCommandExecutor.java:250) ~[r2.jar:4.0.2]
	at org.openqa.selenium.remote.RemoteWebDriver.execute(RemoteWebDriver.java:602) ~[r2.jar:4.0.2]
	... 13 more
Caused by: java.util.concurrent.TimeoutException
	at java.util.concurrent.CompletableFuture.timedGet(CompletableFuture.java:1960) ~[?:?]
	at java.util.concurrent.CompletableFuture.get(CompletableFuture.java:2095) ~[?:?]
	at org.asynchttpclient.netty.NettyResponseFuture.get(NettyResponseFuture.java:206) ~[r2.jar:4.0.2]
	at org.openqa.selenium.remote.http.netty.NettyHttpHandler.makeCall(NettyHttpHandler.java:59) ~[r2.jar:4.0.2]
	at io.appium.java_client.AppiumUserAgentFilter.lambda$apply$0(AppiumUserAgentFilter.java:88) ~[r2.jar:4.0.2]
	at org.openqa.selenium.remote.http.Filter.lambda$andFinally$1(Filter.java:55) ~[r2.jar:4.0.2]
	at org.openqa.selenium.remote.http.netty.NettyHttpHandler.execute(NettyHttpHandler.java:48) ~[r2.jar:4.0.2]
	at org.openqa.selenium.remote.http.netty.NettyClient.execute(NettyClient.java:96) ~[r2.jar:4.0.2]
	at io.appium.java_client.remote.AppiumCommandExecutor.lambda$null$0(AppiumCommandExecutor.java:187) ~[r2.jar:4.0.2]
	at org.openqa.selenium.remote.http.Filter.lambda$andFinally$1(Filter.java:55) ~[r2.jar:4.0.2]
	at org.openqa.selenium.remote.ProtocolHandshake.createSession(ProtocolHandshake.java:115) ~[r2.jar:4.0.2]
	at jdk.internal.reflect.DirectMethodHandleAccessor.invoke(DirectMethodHandleAccessor.java:104) ~[?:?]
	at java.lang.reflect.Method.invoke(Method.java:578) ~[?:?]
	at io.appium.java_client.remote.AppiumProtocolHandshake.createSession(AppiumProtocolHandshake.java:133) ~[r2.jar:4.0.2]
	at io.appium.java_client.remote.AppiumProtocolHandshake.createSession(AppiumProtocolHandshake.java:102) ~[r2.jar:4.0.2]
	at io.appium.java_client.remote.AppiumCommandExecutor.createSession(AppiumCommandExecutor.java:182) ~[r2.jar:4.0.2]
	at io.appium.java_client.remote.AppiumCommandExecutor.execute(AppiumCommandExecutor.java:250) ~[r2.jar:4.0.2]
	at org.openqa.selenium.remote.RemoteWebDriver.execute(RemoteWebDriver.java:602) ~[r2.jar:4.0.2]
	... 13 more
2024-08-20 21:05:21.031 [DEBUG] [thread-id 1] - Created report: /Users/m0k0a2f/glass-automation/report/index.html
2024-08-20 21:14:39.679 [DEBUG] [thread-id 1] - Executing R2 4.0.2: '/Users/m0k0a2f/glass-automation/./us/e2e-tests/test-scripts/ios/golden-flows/Ecomm-And-Fulfillment-Flows/buy-now-flows/pre-transaction/C2657256-fc-buy-now-associate-user-verify-ebt-eligibility.yaml' on device: 'iPhone 14'
2024-08-20 21:24:27.442 [DEBUG] [thread-id 1] - Executing R2 4.0.2: '/Users/m0k0a2f/glass-automation/./us/e2e-tests/test-scripts/ios/golden-flows/Ecomm-And-Fulfillment-Flows/buy-now-flows/pre-transaction/C2657256-fc-buy-now-associate-user-verify-ebt-eligibility.yaml' on device: 'iPhone 14'
2024-08-20 21:31:43.085 [DEBUG] [thread-id 1] - Executing scenario: 'Before'
2024-08-20 21:31:43.088 [DEBUG] [thread-id 1] - R2_SUBFLOW_PRE_TRANSACTION
2024-08-20 21:31:43.091 [DEBUG] [thread-id 1] - Executing function: 'us.functions.utils.astro.clearCart'
2024-08-20 21:31:43.377 [DEBUG] [thread-id 1] - Call API: 'http://astro.walmart.com/api/v2/teflon/customer/e2e.teflon.flow.ios.078@walmart.com/clearcart'
2024-08-20 21:31:56.448 [DEBUG] [thread-id 1] - Response code is: '200'. Response body is: '{"astroStatus":"SUCCESS","astroDescription":"CART_CLEARED","astroDetails":{"dbSessionMap":{"CXO_CART_ST":"{\"mtoken\":\"4:29#344747510#2=92294352#8=400573573\"}"},"checkoutable":false,"cart":{"id":"36778870-90e1-4ea5-a14e-285fc4c2d9dc","buyer":{"id":"48580bab-826e-425b-8f48-8104567b21bb","type":"CUSTOMER"},"storeIds":[],"itemCount":0,"entityErrors":[],"shipping":{"id":"56f7dcd1-cbbb-4366-a2cb-80576a7155c4","dbLockVersion":0,"postalCode":"95122","city":"San Jose","state":"CA","countryCode":"USA","latitude":37.606689,"longitude":-122.426362,"isPOBox":false,"isAPOFPO":false},"currencyCode":"USD","preview":false,"tenantId":0,"tenantIdentifier":"elh9ie","verticalId":0,"checkoutableErrors":[],"intent":"PICKUP","pickupStore":{"city":"San Jose","stateOrProvinceCode":"CA","countryCode":"USA","postalCode":"95122","storeId":"32144","services":[]},"deliveryStore":{"city":"San Jose","stateOrProvinceCode":"CA","countryCode":"USA","postalCode":"95122","storeId":"32144","services":[]},"mpStores":[],"fulfillmentPlans":[],"accessPoints":[],"reservations":[],"isExplicitIntent":false,"hasGiftEligibleItem":false,"warnings":[],"restrictions":[]},"errorItems":[],"isOmniPromiseResponse":true,"uniqueInstallationOfferIdHolder":[]}}'
2024-08-20 21:31:56.753 [DEBUG] [thread-id 1] - Cart cleared for e2e.teflon.flow.ios.078@walmart.com
2024-08-20 21:31:57.328 [DEBUG] [thread-id 1] - Using us-errors-helpers.yaml
2024-08-20 21:31:57.916 [DEBUG] [thread-id 1] - Start Main
2024-08-20 21:31:57.920 [DEBUG] [thread-id 1] - Executing function: 'us.functions.global.onboarding.navigateOnboardingToHome'
2024-08-20 21:31:57.921 [DEBUG] [thread-id 1] - Executing function: 'us.function.utils.getEnvironmentValue'
2024-08-20 21:31:57.922 [DEBUG] [thread-id 1] - Store in: store the value 'teflon' in the variable 'env'
2024-08-20 21:31:57.923 [DEBUG] [thread-id 1] - Timestamp: 1724214717923
2024-08-20 21:31:57.937 [DEBUG] [thread-id 1] - Welcome screen loaded
2024-08-20 21:31:58.112 [DEBUG] [thread-id 1] - Verify identifier: {//XCUIElementTypeButton[@name="SignUpNudgeWelcomeViewController.bodyLabel"]=[true]}
2024-08-20 21:32:08.274 [DEBUG] [thread-id 1] - conditionally execute a flow. condition: false
2024-08-20 21:32:08.607 [DEBUG] [thread-id 1] - Click element: 'cta.cancel.welcome'
2024-08-20 21:32:09.198 [DEBUG] [thread-id 1] - Notifiction Prompt screen loaded
2024-08-20 21:32:10.082 [DEBUG] [thread-id 1] - Verify identifier: {NotificationPermissionViewController.titleLabel=[true]}
2024-08-20 21:32:12.168 [DEBUG] [thread-id 1] - Click element: 'cta.cancel.notifications'
2024-08-20 21:32:12.643 [DEBUG] [thread-id 1] - location screen loaded
2024-08-20 21:32:13.011 [DEBUG] [thread-id 1] - Verify identifier: {LocationPermissionViewController.titleLabel=[true], LocationPermissionViewController.bodyLabel=[true]}
2024-08-20 21:32:13.075 [DEBUG] [thread-id 1] - Click element: 'cta.cancel.location'
2024-08-20 21:32:13.924 [DEBUG] [thread-id 1] - Verify identifier: {label.postal-code-entry=[true]}
2024-08-20 21:32:13.994 [DEBUG] [thread-id 1] - Enter text: '95122'
2024-08-20 21:32:19.341 [DEBUG] [thread-id 1] - Click element: 'cta.continue'
2024-08-20 21:32:19.995 [DEBUG] [thread-id 1] - sleep:  3000 milliseconds
2024-08-20 21:32:22.999 [DEBUG] [thread-id 1] - loop: from 0 to 3
2024-08-20 21:32:23.299 [DEBUG] [thread-id 1] - 0
2024-08-20 21:32:33.625 [DEBUG] [thread-id 1] - conditionally execute a flow. condition: false
2024-08-20 21:32:44.096 [DEBUG] [thread-id 1] - Observed IDFA Sscreen
2024-08-20 21:32:44.097 [DEBUG] [thread-id 1] - sleep:  3000 milliseconds
2024-08-20 21:32:47.400 [DEBUG] [thread-id 1] - conditionally execute a flow. condition: true
2024-08-20 21:32:47.689 [DEBUG] [thread-id 1] - Verify identifier: {ATTPermissionViewController.titleLabel=[true], ATTPermissionViewController.bodyLabel=[true]}
2024-08-20 21:32:58.069 [DEBUG] [thread-id 1] - Click element: 'cta.continue.location'
2024-08-20 21:33:03.906 [DEBUG] [thread-id 1] - Click element: '//XCUIElementTypeButton[@name="Ask App Not to Track"] | //XCUIElementTypeButton[@name="Solicitar a la app no rastrear"]'
2024-08-20 21:33:15.344 [DEBUG] [thread-id 1] - conditionally execute a flow. condition: false
2024-08-20 21:33:16.205 [DEBUG] [thread-id 1] - modal is not displayed
2024-08-20 21:33:26.856 [DEBUG] [thread-id 1] - Executing function: 'us.functions.gic.collapseIfExpanded'
2024-08-20 21:33:28.151 [DEBUG] [thread-id 1] - Verify identifier: {//*[contains(@label,"Expanded")] | //*[contains(@name,"Expanded")]=[true]}
2024-08-20 21:33:28.910 [DEBUG] [thread-id 1] - Collapsing GIC screen
2024-08-20 21:33:30.193 [DEBUG] [thread-id 1] - Click element: '//*[contains(@label,"Expanded")] | //*[contains(@name,"Expanded")]'
2024-08-20 21:33:30.776 [DEBUG] [thread-id 1] - Executing function: 'us.functions.home.navigateHomeToSignIn'
2024-08-20 21:33:41.439 [DEBUG] [thread-id 1] - Click element: '//XCUIElementTypeButton[@name="Account"] | Account'
2024-08-20 21:33:43.119 [DEBUG] [thread-id 1] - Verify identifier: {SignInYourAccountTableViewCell.signInButton=[true]}
2024-08-20 21:33:43.119 [DEBUG] [thread-id 1] - loop: from 1 to 3
2024-08-20 21:33:43.824 [DEBUG] [thread-id 1] - conditionally execute a flow. condition: true
2024-08-20 21:33:44.664 [DEBUG] [thread-id 1] - Click element: 'SignInYourAccountTableViewCell.signInButton'
2024-08-20 21:34:01.783 [DEBUG] [thread-id 1] - Verify identifier: {TextFieldStackView.containerStackView=[true]}
2024-08-20 21:34:03.492 [DEBUG] [thread-id 1] - Store in: store the value 'true' in the variable 'signInValidated'
2024-08-20 21:34:05.269 [DEBUG] [thread-id 1] - conditionally execute a flow. condition: true
2024-08-20 21:34:07.040 [DEBUG] [thread-id 1] - SignIn page loaded
2024-08-20 21:34:08.776 [DEBUG] [thread-id 1] - Store in: store the value 'false' in the variable 'signInValidated'
2024-08-20 21:34:08.785 [DEBUG] [thread-id 1] - Executing function: 'us.functions.global.authentication.signInAccount'
2024-08-20 21:34:21.236 [DEBUG] [thread-id 1] - Enter text: 'e2e.teflon.flow.ios.078@walmart.com'
2024-08-20 21:34:25.577 [DEBUG] [thread-id 1] - Click element: 'WelcomeView.ctaButton'
2024-08-20 21:34:40.782 [DEBUG] [thread-id 1] - conditionally execute a flow. condition: true
2024-08-20 21:34:43.066 [DEBUG] [thread-id 1] - Click element: 'AuthChoiceView.passwordStackView'
2024-08-20 21:34:44.098 [DEBUG] [thread-id 1] - Verify identifier: {TextFieldStackView.textField=[true]}
2024-08-20 21:34:44.415 [DEBUG] [thread-id 1] - Enter text: 'E2epassword$'
2024-08-20 21:34:52.254 [DEBUG] [thread-id 1] - Click element: 'AuthChoiceView.ctaButton'
2024-08-20 21:35:17.731 [DEBUG] [thread-id 1] - sleep:  2000 milliseconds
2024-08-20 21:35:20.094 [DEBUG] [thread-id 1] - conditionally execute a flow. condition: true
2024-08-20 21:35:22.785 [DEBUG] [thread-id 1] - Click element: '//XCUIElementTypeButton[@name="Donâ€™t Allow"]'
2024-08-20 21:35:23.442 [DEBUG] [thread-id 1] - Executing function: 'us.test.functions.utils.closeWplusPrompt.homeScreen'
2024-08-20 21:35:34.324 [DEBUG] [thread-id 1] - conditionally execute a flow. condition: false
2024-08-20 21:35:35.271 [DEBUG] [thread-id 1] - W+ Plus membership prompt is not present nothing to close continue
2024-08-20 21:35:35.282 [DEBUG] [thread-id 1] - Executing function: 'us.functions.home.closeWplusBottomSheetBannerIfDisplayed'
2024-08-20 21:35:45.990 [DEBUG] [thread-id 1] - Executing function: 'us.functions.utils.handleCartMergePopup'
2024-08-20 21:35:45.991 [DEBUG] [thread-id 1] - loop: from 0 to 4
2024-08-20 21:35:46.965 [DEBUG] [thread-id 1] - 0
2024-08-20 21:35:53.596 [DEBUG] [thread-id 1] - No Technical Error Page observed
2024-08-20 21:35:54.584 [DEBUG] [thread-id 1] - sleep:  1000 milliseconds
2024-08-20 21:35:55.585 [DEBUG] [thread-id 1] - validate if tooltip is present and closing it
2024-08-20 21:36:06.021 [DEBUG] [thread-id 1] - Executing function: 'us.functions.global.navigation.accountToHome'
2024-08-20 21:36:06.720 [DEBUG] [thread-id 1] - Verify identifier: {//XCUIElementTypeButton[@name="Shop"] | Shop=[true]}
2024-08-20 21:36:06.720 [DEBUG] [thread-id 1] - sleep:  2000 milliseconds
2024-08-20 21:36:09.440 [DEBUG] [thread-id 1] - Click element: '//XCUIElementTypeButton[@name="Shop"] | Shop'
2024-08-20 21:36:10.342 [DEBUG] [thread-id 1] - Executing function: 'us.functions.home.closeWPlusPromotionPopUpIfDisplayed'
2024-08-20 21:36:19.762 [DEBUG] [thread-id 1] - No Wplus pop up displayed
2024-08-20 21:36:19.770 [DEBUG] [thread-id 1] - Executing function: 'us.functions.home.closeWplusBottomSheetBannerIfDisplayed'
2024-08-20 21:36:30.583 [DEBUG] [thread-id 1] - Executing function: 'us.functions.home.closeWplusBottomSheetNewBannerIfDisplayed'
2024-08-20 21:36:42.246 [DEBUG] [thread-id 1] - Executing function: 'us.functions.home.setStore'
2024-08-20 21:36:42.248 [DEBUG] [thread-id 1] - conditionally execute a flow. condition: true
2024-08-20 21:36:43.497 [DEBUG] [thread-id 1] - Store in: store the value '95122' in the variable 'zipcode'
2024-08-20 21:36:53.532 [DEBUG] [thread-id 1] - conditionally execute a flow. condition: false
2024-08-20 21:36:54.868 [DEBUG] [thread-id 1] - Skipping
2024-08-20 21:36:54.879 [DEBUG] [thread-id 1] - Executing function: 'us.functions.gic.changeFulfillment'
2024-08-20 21:36:54.879 [DEBUG] [thread-id 1] - Executing function: 'us.functions.gic.expandIfCollapsed'
2024-08-20 21:36:57.123 [DEBUG] [thread-id 1] - Verify identifier: {//*[contains(@label,"Collapsed")] | //*[contains(@name,"Collapsed")]=[true]}
2024-08-20 21:36:59.301 [DEBUG] [thread-id 1] - Click element: '//*[contains(@label,"Collapsed")] | //*[contains(@name,"Collapsed")]'
2024-08-20 21:36:59.942 [DEBUG] [thread-id 1] - Executing function: 'us.functions.gic.setFulfillment'
2024-08-20 21:37:10.503 [DEBUG] [thread-id 1] - conditionally execute a flow. condition: false
2024-08-20 21:37:14.320 [DEBUG] [thread-id 1] - Click element: '//XCUIElementTypeButton[@name="GlobalIntentCenter.Shipping"] | //XCUIElementTypeButton[contains(@name, "Shipping") ]'
2024-08-20 21:37:15.725 [DEBUG] [thread-id 1] - Shipping intent selected
2024-08-20 21:37:16.637 [DEBUG] [thread-id 1] - sleep:  3000 milliseconds
2024-08-20 21:37:19.645 [DEBUG] [thread-id 1] - Executing function: 'us.functions.gic.collapseIfExpanded'
2024-08-20 21:37:20.950 [DEBUG] [thread-id 1] - Verify identifier: {//*[contains(@label,"Expanded")] | //*[contains(@name,"Expanded")]=[true]}
2024-08-20 21:37:21.722 [DEBUG] [thread-id 1] - Collapsing GIC screen
2024-08-20 21:37:23.460 [DEBUG] [thread-id 1] - Click element: '//*[contains(@label,"Expanded")] | //*[contains(@name,"Expanded")]'
2024-08-20 21:37:24.061 [DEBUG] [thread-id 1] - Executing function: 'us.functions.utils.getSearchableItem'
2024-08-20 21:37:24.062 [DEBUG] [thread-id 1] - Store in: store the value 'null' in the variable 'itemFetched'
2024-08-20 21:37:24.062 [DEBUG] [thread-id 1] - Store in: store the value 'null' in the variable 'deeplinkURL'
2024-08-20 21:37:24.062 [DEBUG] [thread-id 1] - Store in: store the value 'true' in the variable 'apiFetch'
2024-08-20 21:37:24.063 [WARN] [thread-id 1] - variable TEFLON_DATA was used, but r2 could not find a value for this variable. returning default of null
2024-08-20 21:37:24.065 [DEBUG] [thread-id 1] - conditionally execute a flow. condition: true
2024-08-20 21:37:25.213 [WARN] [thread-id 1] - variable TEFLON_DATA was used, but r2 could not find a value for this variable. returning default of null
2024-08-20 21:37:25.213 [DEBUG] [thread-id 1] - Execute Node: 'us/e2e-tests/helpers/itemFetch.js'
2024-08-20 21:37:27.899 [DEBUG] [thread-id 1] - NA
2024-08-20 21:37:27.905 [DEBUG] [thread-id 1] - conditionally execute a flow. condition: true
2024-08-20 21:37:29.076 [WARN] [thread-id 1] - variable source was used, but r2 could not find a value for this variable. returning default of null
2024-08-20 21:37:29.077 [DEBUG] [thread-id 1] - conditionally execute a flow. condition: false
2024-08-20 21:37:30.172 [DEBUG] [thread-id 1] - Item fetched by Astro API
2024-08-20 21:37:31.366 [DEBUG] [thread-id 1] - Executing function: 'us.functions.utils.fetchAstroAvailableItem'
2024-08-20 21:37:31.367 [DEBUG] [thread-id 1] - Fetching Item available in stock using Astro API for Item type FC_DELIVERY
2024-08-20 21:37:31.369 [WARN] [thread-id 1] - variable storeId was used, but r2 could not find a value for this variable. returning default of null
2024-08-20 21:37:31.372 [DEBUG] [thread-id 1] - conditionally execute a flow. condition: true
2024-08-20 21:37:32.468 [DEBUG] [thread-id 1] - Store in: store the value '32144' in the variable 'storeId'
2024-08-20 21:37:32.477 [WARN] [thread-id 1] - variable nextGen was used, but r2 could not find a value for this variable. returning default of null
2024-08-20 21:37:32.478 [DEBUG] [thread-id 1] - conditionally execute a flow. condition: true
2024-08-20 21:37:33.636 [DEBUG] [thread-id 1] - Store in: store the value 'nextgen' in the variable 'version'
2024-08-20 21:37:33.641 [WARN] [thread-id 1] - variable itemStatusHeader was used, but r2 could not find a value for this variable. returning default of null
2024-08-20 21:37:33.642 [DEBUG] [thread-id 1] - conditionally execute a flow. condition: true
2024-08-20 21:37:34.733 [DEBUG] [thread-id 1] - Store in: store the value 'SUCCESS' in the variable 'itemStatusHeader'
2024-08-20 21:37:34.739 [DEBUG] [thread-id 1] - conditionally execute a flow. condition: true
2024-08-20 21:37:35.897 [WARN] [thread-id 1] - variable itemSubFilter was used, but r2 could not find a value for this variable. returning default of null
2024-08-20 21:37:35.898 [DEBUG] [thread-id 1] - conditionally execute a flow. condition: false
2024-08-20 21:37:37.160 [DEBUG] [thread-id 1] - conditionally execute a flow. condition: false
2024-08-20 21:37:38.320 [WARN] [thread-id 1] - variable itemSubFilter was used, but r2 could not find a value for this variable. returning default of null
2024-08-20 21:37:38.320 [DEBUG] [thread-id 1] - conditionally execute a flow. condition: false
2024-08-20 21:37:39.414 [DEBUG] [thread-id 1] - conditionally execute a flow. condition: false
2024-08-20 21:37:40.588 [DEBUG] [thread-id 1] - conditionally execute a flow. condition: true
2024-08-20 21:37:41.705 [DEBUG] [thread-id 1] - Store in: store the value 'http://astro.walmart.com/api/v3/teflon/internal/getItemHealth/32144/FC_DELIVERY?itemType=associatediscount' in the variable 'fetchURL'
2024-08-20 21:37:42.874 [DEBUG] [thread-id 1] - Store in: store the value 'nextgen' in the variable 'version'
2024-08-20 21:37:42.879 [DEBUG] [thread-id 1] - Store in: store the value 'null' in the variable 'itemDetails'
2024-08-20 21:37:44.047 [DEBUG] [thread-id 1] - conditionally execute a flow. condition: true
2024-08-20 21:37:45.309 [DEBUG] [thread-id 1] - NextGen API
2024-08-20 21:37:46.497 [DEBUG] [thread-id 1] - Call API: 'http://astro.walmart.com/api/v3/teflon/internal/getItemHealth/32144/FC_DELIVERY?itemType=associatediscount'
2024-08-20 21:37:51.990 [DEBUG] [thread-id 1] - Response code is: '200'. Response body is: '{"astroStatus":"SUCCESS","astroDescription":"Items found in itemHealth Collection","astroDetails":[{"itemId":"777226662","astroStatus":"SUCCESS","astroDescription":"FC_DELIVERY (777226662), ORDER CREATED","orderType":"FC_DELIVERY","storeId":"32144","orderNumber":null,"eligiblePaths":["associatediscount","buynow"],"paymentTypes":["cc"],"inEligiblePaths":[],"offerId":"E981D1A2758B4B85B55D05B84AD8EB07","_id":"6525a20fc66a1ed848b6b02f","__v":0,"createdAt":"2023-10-10T19:12:15.201Z","price":{"currencyAmount":0},"updatedAt":"2024-08-21T04:35:15.014Z"},{"itemId":"974724077","astroStatus":"SUCCESS","astroDescription":"FC_DELIVERY (974724077), ORDER CREATED","orderType":"FC_DELIVERY","storeId":"32144","orderNumber":null,"eligiblePaths":["associatediscount"],"paymentTypes":["cc"],"inEligiblePaths":[],"offerId":"B2A1517B251D40DCA8CCF93610B39C2D","_id":"6525a215d2f4276539d6bf04","__v":0,"createdAt":"2023-10-10T19:12:21.455Z","price":{"currencyAmount":0},"updatedAt":"2024-08-21T04:35:11.986Z"}]}'
2024-08-20 21:37:53.233 [DEBUG] [thread-id 1] - conditionally execute a flow. condition: false
2024-08-20 21:37:54.426 [DEBUG] [thread-id 1] - SUCCESSFUL item fetched from astro API.
2024-08-20 21:37:55.629 [DEBUG] [thread-id 1] - loop: over '[{"itemId":"777226662","astroStatus":"SUCCESS","astroDescription":"FC_DELIVERY (777226662), ORDER CREATED","orderType":"FC_DELIVERY","storeId":"32144","orderNumber":null,"eligiblePaths":["associatediscount","buynow"],"paymentTypes":["cc"],"inEligiblePaths":[],"offerId":"E981D1A2758B4B85B55D05B84AD8EB07","_id":"6525a20fc66a1ed848b6b02f","__v":0,"createdAt":"2023-10-10T19:12:15.201Z","price":{"currencyAmount":0},"updatedAt":"2024-08-21T04:35:15.014Z"},{"itemId":"974724077","astroStatus":"SUCCESS","astroDescription":"FC_DELIVERY (974724077), ORDER CREATED","orderType":"FC_DELIVERY","storeId":"32144","orderNumber":null,"eligiblePaths":["associatediscount"],"paymentTypes":["cc"],"inEligiblePaths":[],"offerId":"B2A1517B251D40DCA8CCF93610B39C2D","_id":"6525a215d2f4276539d6bf04","__v":0,"createdAt":"2023-10-10T19:12:21.455Z","price":{"currencyAmount":0},"updatedAt":"2024-08-21T04:35:11.986Z"}]'
2024-08-20 21:37:56.822 [DEBUG] [thread-id 1] - Store in: store the value 'null' in the variable 'itemDetails'
2024-08-20 21:37:58.048 [DEBUG] [thread-id 1] - {"itemId":"777226662","astroStatus":"SUCCESS","astroDescription":"FC_DELIVERY (777226662), ORDER CREATED","orderType":"FC_DELIVERY","storeId":"32144","orderNumber":null,"eligiblePaths":["associatediscount","buynow"],"paymentTypes":["cc"],"inEligiblePaths":[],"offerId":"E981D1A2758B4B85B55D05B84AD8EB07","_id":"6525a20fc66a1ed848b6b02f","__v":0,"createdAt":"2023-10-10T19:12:15.201Z","price":{"currencyAmount":0},"updatedAt":"2024-08-21T04:35:15.014Z"}
2024-08-20 21:37:59.260 [DEBUG] [thread-id 1] - Store in: store the value '777226662' in the variable 'itemFetched'
2024-08-20 21:38:00.560 [DEBUG] [thread-id 1] - Store in: store the value 'SUCCESS' in the variable 'itemStatus'
2024-08-20 21:38:01.767 [WARN] [thread-id 1] - variable healthCheck was used, but r2 could not find a value for this variable. returning default of null
2024-08-20 21:38:02.954 [DEBUG] [thread-id 1] - conditionally execute a flow. condition: true
2024-08-20 21:38:04.164 [DEBUG] [thread-id 1] - Execute Node: 'us/e2e-tests/helpers/splitNumberString.js'
2024-08-20 21:38:05.430 [DEBUG] [thread-id 1] - 777226662
2024-08-20 21:38:06.634 [WARN] [thread-id 1] - variable skipForNext was used, but r2 could not find a value for this variable. returning default of null
2024-08-20 21:38:07.827 [WARN] [thread-id 1] - variable excludeFetchedItem was used, but r2 could not find a value for this variable. returning default of null
2024-08-20 21:38:07.827 [DEBUG] [thread-id 1] - conditionally execute a flow. condition: false
2024-08-20 21:38:09.014 [DEBUG] [thread-id 1] - Executing function: 'us.functions.utils.itemHealthCheck'
2024-08-20 21:38:09.015 [DEBUG] [thread-id 1] - Checking item eligibility before proceeding
2024-08-20 21:38:09.015 [DEBUG] [thread-id 1] - Store in: store the value 'false' in the variable 'itemEligiblity'
2024-08-20 21:38:09.015 [DEBUG] [thread-id 1] - Store in: store the value 'false' in the variable 'ignoreItem'
2024-08-20 21:38:09.016 [DEBUG] [thread-id 1] - loop: over '["816076989", "1822965598","131979272", "779762816","1937310256","795796940", "812231723", "2466884336", "414743206", "816076989", "472115968", "961350767","981898706","812231723","499284126279","10801611", "982133078","111220513","1126228020"]'
2024-08-20 21:38:31.674 [DEBUG] [thread-id 1] - conditionally execute a flow. condition: false
2024-08-20 21:38:33.031 [DEBUG] [thread-id 1] - conditionally execute a flow. condition: true
2024-08-20 21:38:34.206 [DEBUG] [thread-id 1] - Store in: store the value 'true' in the variable 'itemEligiblity'
2024-08-20 21:38:35.424 [DEBUG] [thread-id 1] - conditionally execute a flow. condition: true
2024-08-20 21:38:37.850 [DEBUG] [thread-id 1] - Stock available Item Id 777226662 for type FC_DELIVERY
2024-08-20 21:38:39.028 [WARN] [thread-id 1] - variable fetchedItemDataDetails was used, but r2 could not find a value for this variable. returning default of null
2024-08-20 21:38:39.028 [DEBUG] [thread-id 1] - Execute Node: 'us/e2e-tests/helpers/jsonParser.js'
2024-08-20 21:38:40.357 [DEBUG] [thread-id 1] - Store in: store the value 'false' in the variable 'skipForNext'
2024-08-20 21:38:41.582 [DEBUG] [thread-id 1] - Store in: store the value 'false' in the variable 'excludeFetchedItem'
2024-08-20 21:38:41.596 [DEBUG] [thread-id 1] - Store in: store the value 'null' in the variable 'storeId'
2024-08-20 21:38:41.597 [DEBUG] [thread-id 1] - Store in: store the value 'null' in the variable 'itemStatusHeader'
2024-08-20 21:38:41.597 [DEBUG] [thread-id 1] - Store in: store the value 'false' in the variable 'healthCheck'
2024-08-20 21:38:41.598 [DEBUG] [thread-id 1] - Store in: store the value 'null' in the variable 'version'
2024-08-20 21:38:41.598 [DEBUG] [thread-id 1] - Store in: store the value 'null' in the variable 'itemFilter'
2024-08-20 21:38:41.599 [DEBUG] [thread-id 1] - Store in: store the value 'false' in the variable 'noSubSet'
2024-08-20 21:38:42.825 [DEBUG] [thread-id 1] - Store in: store the value 'null' in the variable 'backupItem'
2024-08-20 21:38:42.825 [DEBUG] [thread-id 1] - Store in: store the value 'null' in the variable 'source'
2024-08-20 21:38:42.826 [DEBUG] [thread-id 1] - Store in: store the value 'null' in the variable 'useHardCodedItem'
2024-08-20 21:38:42.826 [DEBUG] [thread-id 1] - Store in: store the value 'walmart://item/777226662' in the variable 'deeplinkURl'
2024-08-20 21:38:42.826 [DEBUG] [thread-id 1] - Item:777226662
2024-08-20 21:38:42.826 [DEBUG] [thread-id 1] - deeplinkURL:walmart://item/777226662
2024-08-20 21:38:42.827 [DEBUG] [thread-id 1] - Store in: store the value '777226662' in the variable 'item1'
2024-08-20 21:38:42.830 [DEBUG] [thread-id 1] - Executing function: 'us.functions.global.navigation.goToDeepLink'
2024-08-20 21:38:42.831 [DEBUG] [thread-id 1] - Verify value of: '$deepLinkUrl'
2024-08-20 21:38:42.831 [DEBUG] [thread-id 1] - Open link: 'walmart://item/777226662'
2024-08-20 21:38:49.279 [DEBUG] [thread-id 1] - Executing function: 'us.functions.global.navigation.openDeepLink'
2024-08-20 21:38:51.854 [DEBUG] [thread-id 1] - Verify identifier: {Open in â€œWalmartâ€?=[true]}
2024-08-20 21:38:54.535 [DEBUG] [thread-id 1] - Click element: 'Open'
2024-08-20 21:38:55.276 [DEBUG] [thread-id 1] - Executing function: 'us.functions.buyNow.associateDiscountPrompt.applyDiscount'
2024-08-20 21:39:18.892 [DEBUG] [thread-id 1] - Main failed: Cannot click '//XCUIElementTypeButton[@name="GlassCalloutView.referenceView"] | //XCUIElementTypeButton[@label="Buy now"] | //XCUIElementTypeButton[@name="Buy now"]'
2024-08-20 21:39:24.607 [DEBUG] [thread-id 1] - Executing scenario: 'After'
2024-08-20 21:39:24.608 [DEBUG] [thread-id 1] - Executing function: 'us.functions.utils.afterSteps'
2024-08-20 21:39:24.608 [WARN] [thread-id 1] - variable testStatus was used, but r2 could not find a value for this variable. returning default of null
2024-08-20 21:39:24.609 [DEBUG] [thread-id 1] - conditionally execute a flow. condition: false
2024-08-20 21:39:27.477 [DEBUG] [thread-id 1] - Test failed
2024-08-20 21:39:48.259 [DEBUG] [thread-id 1] - Created report: /Users/m0k0a2f/glass-automation/report/index.html
2024-08-20 21:56:39.209 [DEBUG] [thread-id 1] - Executing R2 4.0.2: '/Users/m0k0a2f/glass-automation/./us/e2e-tests/test-scripts/ios/golden-flows/Ecomm-And-Fulfillment-Flows/buy-now-flows/pre-transaction/C2657256-fc-buy-now-associate-user-verify-ebt-eligibility.yaml' on device: 'iPhone 14'
2024-08-20 22:04:24.668 [DEBUG] [thread-id 1] - Executing scenario: 'Before'
2024-08-20 22:04:24.671 [DEBUG] [thread-id 1] - R2_SUBFLOW_PRE_TRANSACTION
2024-08-20 22:04:24.674 [DEBUG] [thread-id 1] - Executing function: 'us.functions.utils.astro.clearCart'
2024-08-20 22:04:25.046 [DEBUG] [thread-id 1] - Call API: 'http://astro.walmart.com/api/v2/teflon/customer/e2e.teflon.flow.ios.078@walmart.com/clearcart'
2024-08-20 22:04:38.023 [DEBUG] [thread-id 1] - Response code is: '200'. Response body is: '{"astroStatus":"SUCCESS","astroDescription":"CART_CLEARED","astroDetails":{"dbSessionMap":{"CXO_CART_ST":"{\"mtoken\":\"4:29#344752921#2=92302310#8=400581740\"}"},"checkoutable":false,"cart":{"id":"36778870-90e1-4ea5-a14e-285fc4c2d9dc","buyer":{"id":"48580bab-826e-425b-8f48-8104567b21bb","type":"CUSTOMER"},"storeIds":[],"itemCount":0,"entityErrors":[],"shipping":{"id":"f7da2046-24b0-430f-9cfe-9d68ef0a5b3c","dbLockVersion":0,"postalCode":"95122","city":"San Jose","state":"CA","countryCode":"USA","latitude":37.606689,"longitude":-122.426362,"isPOBox":false,"isAPOFPO":false},"currencyCode":"USD","preview":false,"tenantId":0,"tenantIdentifier":"elh9ie","verticalId":0,"checkoutableErrors":[],"intent":"PICKUP","pickupStore":{"city":"San Jose","stateOrProvinceCode":"CA","countryCode":"USA","postalCode":"95122","storeId":"32144","services":[]},"deliveryStore":{"city":"San Jose","stateOrProvinceCode":"CA","countryCode":"USA","postalCode":"95122","storeId":"32144","services":[]},"mpStores":[],"fulfillmentPlans":[],"accessPoints":[],"reservations":[],"isExplicitIntent":false,"hasGiftEligibleItem":false,"warnings":[],"restrictions":[]},"errorItems":[],"isOmniPromiseResponse":true,"uniqueInstallationOfferIdHolder":[]}}'
2024-08-20 22:04:38.302 [DEBUG] [thread-id 1] - Cart cleared for e2e.teflon.flow.ios.078@walmart.com
2024-08-20 22:04:38.845 [DEBUG] [thread-id 1] - Using us-errors-helpers.yaml
2024-08-20 22:04:39.380 [DEBUG] [thread-id 1] - Start Main
2024-08-20 22:04:39.384 [DEBUG] [thread-id 1] - Executing function: 'us.functions.global.onboarding.navigateOnboardingToHome'
2024-08-20 22:04:39.385 [DEBUG] [thread-id 1] - Executing function: 'us.function.utils.getEnvironmentValue'
2024-08-20 22:04:39.386 [DEBUG] [thread-id 1] - Store in: store the value 'teflon' in the variable 'env'
2024-08-20 22:04:39.387 [DEBUG] [thread-id 1] - Timestamp: 1724216679387
2024-08-20 22:04:39.396 [DEBUG] [thread-id 1] - Welcome screen loaded
2024-08-20 22:04:39.555 [DEBUG] [thread-id 1] - Verify identifier: {//XCUIElementTypeButton[@name="SignUpNudgeWelcomeViewController.bodyLabel"]=[true]}
2024-08-20 22:04:49.585 [DEBUG] [thread-id 1] - conditionally execute a flow. condition: false
2024-08-20 22:04:49.905 [DEBUG] [thread-id 1] - Click element: 'cta.cancel.welcome'
2024-08-20 22:04:50.529 [DEBUG] [thread-id 1] - Notifiction Prompt screen loaded
2024-08-20 22:04:51.362 [DEBUG] [thread-id 1] - Verify identifier: {NotificationPermissionViewController.titleLabel=[true]}
2024-08-20 22:04:53.448 [DEBUG] [thread-id 1] - Click element: 'cta.cancel.notifications'
2024-08-20 22:04:53.893 [DEBUG] [thread-id 1] - location screen loaded
2024-08-20 22:04:54.233 [DEBUG] [thread-id 1] - Verify identifier: {LocationPermissionViewController.titleLabel=[true], LocationPermissionViewController.bodyLabel=[true]}
2024-08-20 22:04:54.283 [DEBUG] [thread-id 1] - Click element: 'cta.cancel.location'
2024-08-20 22:04:55.091 [DEBUG] [thread-id 1] - Verify identifier: {label.postal-code-entry=[true]}
2024-08-20 22:04:55.163 [DEBUG] [thread-id 1] - Enter text: '95122'
2024-08-20 22:04:58.715 [DEBUG] [thread-id 1] - Click element: 'cta.continue'
2024-08-20 22:04:59.262 [DEBUG] [thread-id 1] - sleep:  3000 milliseconds
2024-08-20 22:05:02.272 [DEBUG] [thread-id 1] - loop: from 0 to 3
2024-08-20 22:05:02.600 [DEBUG] [thread-id 1] - 0
2024-08-20 22:05:12.914 [DEBUG] [thread-id 1] - conditionally execute a flow. condition: false
2024-08-20 22:05:23.445 [DEBUG] [thread-id 1] - Observed IDFA Sscreen
2024-08-20 22:05:23.445 [DEBUG] [thread-id 1] - sleep:  3000 milliseconds
2024-08-20 22:05:26.720 [DEBUG] [thread-id 1] - conditionally execute a flow. condition: true
2024-08-20 22:05:26.994 [DEBUG] [thread-id 1] - Verify identifier: {ATTPermissionViewController.titleLabel=[true], ATTPermissionViewController.bodyLabel=[true]}
2024-08-20 22:05:37.383 [DEBUG] [thread-id 1] - Click element: 'cta.continue.location'
2024-08-20 22:05:40.916 [DEBUG] [thread-id 1] - Click element: '//XCUIElementTypeButton[@name="Ask App Not to Track"] | //XCUIElementTypeButton[@name="Solicitar a la app no rastrear"]'
2024-08-20 22:05:51.973 [DEBUG] [thread-id 1] - conditionally execute a flow. condition: false
2024-08-20 22:05:52.691 [DEBUG] [thread-id 1] - modal is not displayed
2024-08-20 22:06:03.259 [DEBUG] [thread-id 1] - Executing function: 'us.functions.gic.collapseIfExpanded'
2024-08-20 22:06:04.501 [DEBUG] [thread-id 1] - Verify identifier: {//*[contains(@label,"Expanded")] | //*[contains(@name,"Expanded")]=[true]}
2024-08-20 22:06:05.268 [DEBUG] [thread-id 1] - Collapsing GIC screen
2024-08-20 22:06:06.529 [DEBUG] [thread-id 1] - Click element: '//*[contains(@label,"Expanded")] | //*[contains(@name,"Expanded")]'
2024-08-20 22:06:07.082 [DEBUG] [thread-id 1] - Executing function: 'us.functions.home.navigateHomeToSignIn'
2024-08-20 22:06:17.787 [DEBUG] [thread-id 1] - Click element: '//XCUIElementTypeButton[@name="Account"] | Account'
2024-08-20 22:06:19.315 [DEBUG] [thread-id 1] - Verify identifier: {SignInYourAccountTableViewCell.signInButton=[true]}
2024-08-20 22:06:19.315 [DEBUG] [thread-id 1] - loop: from 1 to 3
2024-08-20 22:06:20.018 [DEBUG] [thread-id 1] - conditionally execute a flow. condition: true
2024-08-20 22:06:20.846 [DEBUG] [thread-id 1] - Click element: 'SignInYourAccountTableViewCell.signInButton'
2024-08-20 22:06:39.158 [DEBUG] [thread-id 1] - Verify identifier: {TextFieldStackView.containerStackView=[true]}
2024-08-20 22:06:44.872 [DEBUG] [thread-id 1] - Store in: store the value 'true' in the variable 'signInValidated'
2024-08-20 22:06:46.493 [DEBUG] [thread-id 1] - conditionally execute a flow. condition: true
2024-08-20 22:06:48.092 [DEBUG] [thread-id 1] - SignIn page loaded
2024-08-20 22:06:49.710 [DEBUG] [thread-id 1] - Store in: store the value 'false' in the variable 'signInValidated'
2024-08-20 22:06:49.718 [DEBUG] [thread-id 1] - Executing function: 'us.functions.global.authentication.signInAccount'
2024-08-20 22:07:05.122 [DEBUG] [thread-id 1] - Enter text: 'e2e.teflon.flow.ios.078@walmart.com'
2024-08-20 22:07:09.316 [DEBUG] [thread-id 1] - Click element: 'WelcomeView.ctaButton'
2024-08-20 22:07:21.995 [DEBUG] [thread-id 1] - conditionally execute a flow. condition: true
2024-08-20 22:07:24.056 [DEBUG] [thread-id 1] - Click element: 'AuthChoiceView.passwordStackView'
2024-08-20 22:07:25.009 [DEBUG] [thread-id 1] - Verify identifier: {TextFieldStackView.textField=[true]}
2024-08-20 22:07:25.322 [DEBUG] [thread-id 1] - Enter text: 'E2epassword$'
2024-08-20 22:07:32.994 [DEBUG] [thread-id 1] - Click element: 'AuthChoiceView.ctaButton'
2024-08-20 22:07:55.948 [DEBUG] [thread-id 1] - sleep:  2000 milliseconds
2024-08-20 22:07:58.329 [DEBUG] [thread-id 1] - conditionally execute a flow. condition: true
2024-08-20 22:08:00.952 [DEBUG] [thread-id 1] - Click element: '//XCUIElementTypeButton[@name="Donâ€™t Allow"]'
2024-08-20 22:08:01.661 [DEBUG] [thread-id 1] - Executing function: 'us.test.functions.utils.closeWplusPrompt.homeScreen'
2024-08-20 22:08:12.174 [DEBUG] [thread-id 1] - conditionally execute a flow. condition: false
2024-08-20 22:08:13.094 [DEBUG] [thread-id 1] - W+ Plus membership prompt is not present nothing to close continue
2024-08-20 22:08:13.105 [DEBUG] [thread-id 1] - Executing function: 'us.functions.home.closeWplusBottomSheetBannerIfDisplayed'
2024-08-20 22:08:23.257 [DEBUG] [thread-id 1] - Executing function: 'us.functions.utils.handleCartMergePopup'
2024-08-20 22:08:23.259 [DEBUG] [thread-id 1] - loop: from 0 to 4
2024-08-20 22:08:24.175 [DEBUG] [thread-id 1] - 0
2024-08-20 22:08:30.297 [DEBUG] [thread-id 1] - No Technical Error Page observed
2024-08-20 22:08:31.217 [DEBUG] [thread-id 1] - sleep:  1000 milliseconds
2024-08-20 22:08:32.222 [DEBUG] [thread-id 1] - validate if tooltip is present and closing it
2024-08-20 22:08:46.062 [DEBUG] [thread-id 1] - Executing function: 'us.functions.global.navigation.accountToHome'
2024-08-20 22:08:46.644 [DEBUG] [thread-id 1] - Verify identifier: {//XCUIElementTypeButton[@name="Shop"] | Shop=[true]}
2024-08-20 22:08:46.644 [DEBUG] [thread-id 1] - sleep:  2000 milliseconds
2024-08-20 22:08:49.251 [DEBUG] [thread-id 1] - Click element: '//XCUIElementTypeButton[@name="Shop"] | Shop'
2024-08-20 22:08:50.140 [DEBUG] [thread-id 1] - Executing function: 'us.functions.home.closeWPlusPromotionPopUpIfDisplayed'
2024-08-20 22:08:59.965 [DEBUG] [thread-id 1] - No Wplus pop up displayed
2024-08-20 22:08:59.971 [DEBUG] [thread-id 1] - Executing function: 'us.functions.home.closeWplusBottomSheetBannerIfDisplayed'
2024-08-20 22:09:10.217 [DEBUG] [thread-id 1] - Executing function: 'us.functions.home.closeWplusBottomSheetNewBannerIfDisplayed'
2024-08-20 22:09:20.638 [DEBUG] [thread-id 1] - Executing function: 'us.functions.home.setStore'
2024-08-20 22:09:20.640 [DEBUG] [thread-id 1] - conditionally execute a flow. condition: true
2024-08-20 22:09:21.741 [DEBUG] [thread-id 1] - Store in: store the value '95122' in the variable 'zipcode'
2024-08-20 22:09:33.531 [DEBUG] [thread-id 1] - conditionally execute a flow. condition: false
2024-08-20 22:09:34.641 [DEBUG] [thread-id 1] - Skipping
2024-08-20 22:09:34.651 [DEBUG] [thread-id 1] - Executing function: 'us.functions.gic.changeFulfillment'
2024-08-20 22:09:34.651 [DEBUG] [thread-id 1] - Executing function: 'us.functions.gic.expandIfCollapsed'
2024-08-20 22:09:36.519 [DEBUG] [thread-id 1] - Verify identifier: {//*[contains(@label,"Collapsed")] | //*[contains(@name,"Collapsed")]=[true]}
2024-08-20 22:09:38.455 [DEBUG] [thread-id 1] - Click element: '//*[contains(@label,"Collapsed")] | //*[contains(@name,"Collapsed")]'
2024-08-20 22:09:39.077 [DEBUG] [thread-id 1] - Executing function: 'us.functions.gic.setFulfillment'
2024-08-20 22:09:49.146 [DEBUG] [thread-id 1] - conditionally execute a flow. condition: false
2024-08-20 22:09:52.369 [DEBUG] [thread-id 1] - Click element: '//XCUIElementTypeButton[@name="GlobalIntentCenter.Shipping"] | //XCUIElementTypeButton[contains(@name, "Shipping") ]'
2024-08-20 22:09:53.640 [DEBUG] [thread-id 1] - Shipping intent selected
2024-08-20 22:09:54.376 [DEBUG] [thread-id 1] - sleep:  3000 milliseconds
2024-08-20 22:09:57.414 [DEBUG] [thread-id 1] - Executing function: 'us.functions.gic.collapseIfExpanded'
2024-08-20 22:09:58.957 [DEBUG] [thread-id 1] - Verify identifier: {//*[contains(@label,"Expanded")] | //*[contains(@name,"Expanded")]=[true]}
2024-08-20 22:09:59.677 [DEBUG] [thread-id 1] - Collapsing GIC screen
2024-08-20 22:10:00.860 [DEBUG] [thread-id 1] - Click element: '//*[contains(@label,"Expanded")] | //*[contains(@name,"Expanded")]'
2024-08-20 22:10:01.407 [DEBUG] [thread-id 1] - Executing function: 'us.functions.utils.getSearchableItem'
2024-08-20 22:10:01.409 [DEBUG] [thread-id 1] - Store in: store the value 'null' in the variable 'itemFetched'
2024-08-20 22:10:01.410 [DEBUG] [thread-id 1] - Store in: store the value 'null' in the variable 'deeplinkURL'
2024-08-20 22:10:01.411 [DEBUG] [thread-id 1] - Store in: store the value 'true' in the variable 'apiFetch'
2024-08-20 22:10:01.412 [WARN] [thread-id 1] - variable TEFLON_DATA was used, but r2 could not find a value for this variable. returning default of null
2024-08-20 22:10:01.416 [DEBUG] [thread-id 1] - conditionally execute a flow. condition: true
2024-08-20 22:10:02.513 [WARN] [thread-id 1] - variable TEFLON_DATA was used, but r2 could not find a value for this variable. returning default of null
2024-08-20 22:10:02.514 [DEBUG] [thread-id 1] - Execute Node: 'us/e2e-tests/helpers/itemFetch.js'
2024-08-20 22:10:05.925 [DEBUG] [thread-id 1] - NA
2024-08-20 22:10:05.931 [DEBUG] [thread-id 1] - conditionally execute a flow. condition: true
2024-08-20 22:10:06.983 [WARN] [thread-id 1] - variable source was used, but r2 could not find a value for this variable. returning default of null
2024-08-20 22:10:06.984 [DEBUG] [thread-id 1] - conditionally execute a flow. condition: false
2024-08-20 22:10:08.053 [DEBUG] [thread-id 1] - Item fetched by Astro API
2024-08-20 22:10:09.123 [DEBUG] [thread-id 1] - Executing function: 'us.functions.utils.fetchAstroAvailableItem'
2024-08-20 22:10:09.124 [DEBUG] [thread-id 1] - Fetching Item available in stock using Astro API for Item type FC_DELIVERY
2024-08-20 22:10:09.125 [WARN] [thread-id 1] - variable storeId was used, but r2 could not find a value for this variable. returning default of null
2024-08-20 22:10:09.127 [DEBUG] [thread-id 1] - conditionally execute a flow. condition: true
2024-08-20 22:10:10.179 [DEBUG] [thread-id 1] - Store in: store the value '32144' in the variable 'storeId'
2024-08-20 22:10:10.186 [WARN] [thread-id 1] - variable nextGen was used, but r2 could not find a value for this variable. returning default of null
2024-08-20 22:10:10.186 [DEBUG] [thread-id 1] - conditionally execute a flow. condition: true
2024-08-20 22:10:11.234 [DEBUG] [thread-id 1] - Store in: store the value 'nextgen' in the variable 'version'
2024-08-20 22:10:11.239 [WARN] [thread-id 1] - variable itemStatusHeader was used, but r2 could not find a value for this variable. returning default of null
2024-08-20 22:10:11.240 [DEBUG] [thread-id 1] - conditionally execute a flow. condition: true
2024-08-20 22:10:12.286 [DEBUG] [thread-id 1] - Store in: store the value 'SUCCESS' in the variable 'itemStatusHeader'
2024-08-20 22:10:12.291 [DEBUG] [thread-id 1] - conditionally execute a flow. condition: true
2024-08-20 22:10:13.328 [WARN] [thread-id 1] - variable itemSubFilter was used, but r2 could not find a value for this variable. returning default of null
2024-08-20 22:10:13.329 [DEBUG] [thread-id 1] - conditionally execute a flow. condition: false
2024-08-20 22:10:14.395 [DEBUG] [thread-id 1] - conditionally execute a flow. condition: false
2024-08-20 22:10:15.451 [WARN] [thread-id 1] - variable itemSubFilter was used, but r2 could not find a value for this variable. returning default of null
2024-08-20 22:10:15.451 [DEBUG] [thread-id 1] - conditionally execute a flow. condition: false
2024-08-20 22:10:16.500 [DEBUG] [thread-id 1] - conditionally execute a flow. condition: false
2024-08-20 22:10:17.576 [DEBUG] [thread-id 1] - conditionally execute a flow. condition: true
2024-08-20 22:10:18.651 [DEBUG] [thread-id 1] - Store in: store the value 'http://astro.walmart.com/api/v3/teflon/internal/getItemHealth/32144/FC_DELIVERY?itemType=associatediscount' in the variable 'fetchURL'
2024-08-20 22:10:19.774 [DEBUG] [thread-id 1] - Store in: store the value 'nextgen' in the variable 'version'
2024-08-20 22:10:19.780 [DEBUG] [thread-id 1] - Store in: store the value 'null' in the variable 'itemDetails'
2024-08-20 22:10:20.862 [DEBUG] [thread-id 1] - conditionally execute a flow. condition: true
2024-08-20 22:10:21.928 [DEBUG] [thread-id 1] - NextGen API
2024-08-20 22:10:23.018 [DEBUG] [thread-id 1] - Call API: 'http://astro.walmart.com/api/v3/teflon/internal/getItemHealth/32144/FC_DELIVERY?itemType=associatediscount'
2024-08-20 22:10:28.519 [DEBUG] [thread-id 1] - Response code is: '200'. Response body is: '{"astroStatus":"SUCCESS","astroDescription":"Items found in itemHealth Collection","astroDetails":[{"itemId":"685305373","astroStatus":"SUCCESS","astroDescription":"FC_DELIVERY (685305373), ORDER CREATED","orderType":"FC_DELIVERY","storeId":"32144","orderNumber":null,"eligiblePaths":["associatediscount"],"paymentTypes":["cc"],"inEligiblePaths":[],"offerId":"EBC1936B34B740D4ABC084798326AD9E","_id":"6525a21520bc0657302efaf0","__v":0,"createdAt":"2023-10-10T19:12:21.322Z","price":{"currencyAmount":0},"updatedAt":"2024-08-21T05:10:13.930Z"},{"itemId":"974724077","astroStatus":"SUCCESS","astroDescription":"FC_DELIVERY (974724077), ORDER CREATED","orderType":"FC_DELIVERY","storeId":"32144","orderNumber":null,"eligiblePaths":["associatediscount"],"paymentTypes":["cc"],"inEligiblePaths":[],"offerId":"B2A1517B251D40DCA8CCF93610B39C2D","_id":"6525a215d2f4276539d6bf04","__v":0,"createdAt":"2023-10-10T19:12:21.455Z","price":{"currencyAmount":0},"updatedAt":"2024-08-21T05:10:15.287Z"}]}'
2024-08-20 22:10:29.616 [DEBUG] [thread-id 1] - conditionally execute a flow. condition: false
2024-08-20 22:10:30.675 [DEBUG] [thread-id 1] - SUCCESSFUL item fetched from astro API.
2024-08-20 22:10:31.732 [DEBUG] [thread-id 1] - loop: over '[{"itemId":"685305373","astroStatus":"SUCCESS","astroDescription":"FC_DELIVERY (685305373), ORDER CREATED","orderType":"FC_DELIVERY","storeId":"32144","orderNumber":null,"eligiblePaths":["associatediscount"],"paymentTypes":["cc"],"inEligiblePaths":[],"offerId":"EBC1936B34B740D4ABC084798326AD9E","_id":"6525a21520bc0657302efaf0","__v":0,"createdAt":"2023-10-10T19:12:21.322Z","price":{"currencyAmount":0},"updatedAt":"2024-08-21T05:10:13.930Z"},{"itemId":"974724077","astroStatus":"SUCCESS","astroDescription":"FC_DELIVERY (974724077), ORDER CREATED","orderType":"FC_DELIVERY","storeId":"32144","orderNumber":null,"eligiblePaths":["associatediscount"],"paymentTypes":["cc"],"inEligiblePaths":[],"offerId":"B2A1517B251D40DCA8CCF93610B39C2D","_id":"6525a215d2f4276539d6bf04","__v":0,"createdAt":"2023-10-10T19:12:21.455Z","price":{"currencyAmount":0},"updatedAt":"2024-08-21T05:10:15.287Z"}]'
2024-08-20 22:10:32.794 [DEBUG] [thread-id 1] - Store in: store the value 'null' in the variable 'itemDetails'
2024-08-20 22:10:33.856 [DEBUG] [thread-id 1] - {"itemId":"685305373","astroStatus":"SUCCESS","astroDescription":"FC_DELIVERY (685305373), ORDER CREATED","orderType":"FC_DELIVERY","storeId":"32144","orderNumber":null,"eligiblePaths":["associatediscount"],"paymentTypes":["cc"],"inEligiblePaths":[],"offerId":"EBC1936B34B740D4ABC084798326AD9E","_id":"6525a21520bc0657302efaf0","__v":0,"createdAt":"2023-10-10T19:12:21.322Z","price":{"currencyAmount":0},"updatedAt":"2024-08-21T05:10:13.930Z"}
2024-08-20 22:10:34.906 [DEBUG] [thread-id 1] - Store in: store the value '685305373' in the variable 'itemFetched'
2024-08-20 22:10:35.955 [DEBUG] [thread-id 1] - Store in: store the value 'SUCCESS' in the variable 'itemStatus'
2024-08-20 22:10:37.008 [WARN] [thread-id 1] - variable healthCheck was used, but r2 could not find a value for this variable. returning default of null
2024-08-20 22:10:38.054 [DEBUG] [thread-id 1] - conditionally execute a flow. condition: true
2024-08-20 22:10:40.230 [DEBUG] [thread-id 1] - Execute Node: 'us/e2e-tests/helpers/splitNumberString.js'
2024-08-20 22:10:41.360 [DEBUG] [thread-id 1] - 685305373
2024-08-20 22:10:42.424 [WARN] [thread-id 1] - variable skipForNext was used, but r2 could not find a value for this variable. returning default of null
2024-08-20 22:10:43.488 [WARN] [thread-id 1] - variable excludeFetchedItem was used, but r2 could not find a value for this variable. returning default of null
2024-08-20 22:10:43.488 [DEBUG] [thread-id 1] - conditionally execute a flow. condition: false
2024-08-20 22:10:44.554 [DEBUG] [thread-id 1] - Executing function: 'us.functions.utils.itemHealthCheck'
2024-08-20 22:10:44.555 [DEBUG] [thread-id 1] - Checking item eligibility before proceeding
2024-08-20 22:10:44.555 [DEBUG] [thread-id 1] - Store in: store the value 'false' in the variable 'itemEligiblity'
2024-08-20 22:10:44.556 [DEBUG] [thread-id 1] - Store in: store the value 'false' in the variable 'ignoreItem'
2024-08-20 22:10:44.556 [DEBUG] [thread-id 1] - loop: over '["816076989", "1822965598","131979272", "779762816","1937310256","795796940", "812231723", "2466884336", "414743206", "816076989", "472115968", "961350767","981898706","812231723","499284126279","10801611", "982133078","111220513","1126228020"]'
2024-08-20 22:11:04.962 [DEBUG] [thread-id 1] - conditionally execute a flow. condition: false
2024-08-20 22:11:06.027 [DEBUG] [thread-id 1] - conditionally execute a flow. condition: true
2024-08-20 22:11:07.079 [DEBUG] [thread-id 1] - Store in: store the value 'true' in the variable 'itemEligiblity'
2024-08-20 22:11:08.141 [DEBUG] [thread-id 1] - conditionally execute a flow. condition: true
2024-08-20 22:11:10.252 [DEBUG] [thread-id 1] - Stock available Item Id 685305373 for type FC_DELIVERY
2024-08-20 22:11:11.306 [WARN] [thread-id 1] - variable fetchedItemDataDetails was used, but r2 could not find a value for this variable. returning default of null
2024-08-20 22:11:11.307 [DEBUG] [thread-id 1] - Execute Node: 'us/e2e-tests/helpers/jsonParser.js'
2024-08-20 22:11:12.621 [DEBUG] [thread-id 1] - Store in: store the value 'false' in the variable 'skipForNext'
2024-08-20 22:11:13.683 [DEBUG] [thread-id 1] - Store in: store the value 'false' in the variable 'excludeFetchedItem'
2024-08-20 22:11:13.690 [DEBUG] [thread-id 1] - Store in: store the value 'null' in the variable 'storeId'
2024-08-20 22:11:13.691 [DEBUG] [thread-id 1] - Store in: store the value 'null' in the variable 'itemStatusHeader'
2024-08-20 22:11:13.691 [DEBUG] [thread-id 1] - Store in: store the value 'false' in the variable 'healthCheck'
2024-08-20 22:11:13.691 [DEBUG] [thread-id 1] - Store in: store the value 'null' in the variable 'version'
2024-08-20 22:11:13.692 [DEBUG] [thread-id 1] - Store in: store the value 'null' in the variable 'itemFilter'
2024-08-20 22:11:13.692 [DEBUG] [thread-id 1] - Store in: store the value 'false' in the variable 'noSubSet'
2024-08-20 22:11:14.783 [DEBUG] [thread-id 1] - Store in: store the value 'null' in the variable 'backupItem'
2024-08-20 22:11:14.784 [DEBUG] [thread-id 1] - Store in: store the value 'null' in the variable 'source'
2024-08-20 22:11:14.784 [DEBUG] [thread-id 1] - Store in: store the value 'null' in the variable 'useHardCodedItem'
2024-08-20 22:11:14.785 [DEBUG] [thread-id 1] - Store in: store the value 'walmart://item/685305373' in the variable 'deeplinkURl'
2024-08-20 22:11:14.785 [DEBUG] [thread-id 1] - Item:685305373
2024-08-20 22:11:14.785 [DEBUG] [thread-id 1] - deeplinkURL:walmart://item/685305373
2024-08-20 22:11:14.785 [DEBUG] [thread-id 1] - Store in: store the value '685305373' in the variable 'item1'
2024-08-20 22:11:14.786 [DEBUG] [thread-id 1] - Executing function: 'us.functions.global.navigation.goToDeepLink'
2024-08-20 22:11:14.787 [DEBUG] [thread-id 1] - Verify value of: '$deepLinkUrl'
2024-08-20 22:11:14.787 [DEBUG] [thread-id 1] - Open link: 'walmart://item/685305373'
2024-08-20 22:11:18.308 [DEBUG] [thread-id 1] - Executing function: 'us.functions.global.navigation.openDeepLink'
2024-08-20 22:11:20.628 [DEBUG] [thread-id 1] - Verify identifier: {Open in â€œWalmartâ€?=[true]}
2024-08-20 22:11:23.052 [DEBUG] [thread-id 1] - Click element: 'Open'
2024-08-20 22:11:23.775 [DEBUG] [thread-id 1] - Executing function: 'us.functions.buyNow.associateDiscountPrompt.applyDiscount'
2024-08-20 22:11:33.929 [DEBUG] [thread-id 1] - Click element: '//XCUIElementTypeButton[@name="GlassCalloutView.referenceView"] | //XCUIElementTypeButton[@label="Buy now"] | //XCUIElementTypeButton[@name="Buy now"]'
2024-08-20 22:11:49.428 [DEBUG] [thread-id 1] - conditionally execute a flow. condition: true
2024-08-20 22:11:59.961 [DEBUG] [thread-id 1] - Verify identifier: {//XCUIElementTypeButton[@name="AssociateDiscountViewController.applyView"]=[true], //XCUIElementTypeButton[@name="AssociateDiscountPolicyView.chevronIconView"]=[true], //XCUIElementTypeNavigationBar[contains(@name, "Apply your associate discount")]=[true], //XCUIElementTypeButton[@name="AssociateDiscountViewController.ignoreView"]=[true]}
2024-08-20 22:12:04.811 [DEBUG] [thread-id 1] - Click element: '//XCUIElementTypeButton[@name="AssociateDiscountViewController.continueButton"]'
2024-08-20 22:12:08.780 [DEBUG] [thread-id 1] - sleep:  10000 milliseconds
2024-08-20 22:12:22.122 [DEBUG] [thread-id 1] - Executing function: 'us.functions.utils.handleTechnicalErrorPopup'
2024-08-20 22:12:22.122 [DEBUG] [thread-id 1] - Store in: store the value 'false' in the variable 'errorRemoved'
2024-08-20 22:12:22.122 [DEBUG] [thread-id 1] - sleep:  5000 milliseconds
2024-08-20 22:12:27.131 [DEBUG] [thread-id 1] - loop: from 0 to 3
2024-08-20 22:12:30.295 [DEBUG] [thread-id 1] - 0
2024-08-20 22:12:46.548 [DEBUG] [thread-id 1] - conditionally execute a flow. condition: false
2024-08-20 22:12:49.796 [DEBUG] [thread-id 1] - Store in: store the value 'true' in the variable 'errorRemoved'
2024-08-20 22:12:52.987 [DEBUG] [thread-id 1] - No Technical Error Pop up observed
2024-08-20 22:13:11.379 [DEBUG] [thread-id 1] - Scroll: down
2024-08-20 22:13:50.680 [DEBUG] [thread-id 1] - Verify identifier: {//XCUIElementTypeButton[@name="PlaceOrderView.placeOrderButton"]=[true], //XCUIElementTypeStaticText[contains(@value, "Includes $5.99 fee for orders below $35 and taxes.")] | //XCUIElementTypeButton[@name="BuyNowViewController.priceTotalView"]=[true], BuyNowViewController.priceTotalView=[true], //XCUIElementTypeStaticText[@name="Visa ending in 1111"] | //XCUIElementTypeStaticText[@name="Visa ending in 7777"] | //XCUIElementTypeStaticText[@name="Visa ending in 0005"] | //XCUIElementTypeOther[contains(@label,"ending in")] | //XCUIElementTypeButton[@name="BuyNowViewController.paymentMethodView"] | //XCUIElementTypeOther[@name="BuyNowViewController.buyNowPaymentsView"] | //XCUIElementTypeButton[@name="BuyNowViewController.buyNowPaymentsView"]=[true], //XCUIElementTypeOther[@name="BuyNowViewController.shippingView"]=[true]}
2024-08-20 22:13:50.682 [DEBUG] [thread-id 1] - Executing function: 'us.functions.buyNow.editCard.verifyBuyNowEligibility'
2024-08-20 22:14:00.665 [DEBUG] [thread-id 1] - Click element: 'BuyNowViewController.buyNowPaymentsView'
2024-08-20 22:14:25.521 [DEBUG] [thread-id 1] - Main failed: Is not present: '//XCUIElementTypeStaticText[@name="WalletTitleView.titleLabel"] | //XCUIElementTypeStaticText[@name="WalletSummaryViewController.titleLabel"]'
2024-08-20 22:14:33.307 [DEBUG] [thread-id 1] - Executing scenario: 'After'
2024-08-20 22:14:33.310 [DEBUG] [thread-id 1] - Executing function: 'us.functions.utils.afterSteps'
2024-08-20 22:14:33.311 [WARN] [thread-id 1] - variable testStatus was used, but r2 could not find a value for this variable. returning default of null
2024-08-20 22:14:33.312 [DEBUG] [thread-id 1] - conditionally execute a flow. condition: false
2024-08-20 22:14:37.179 [DEBUG] [thread-id 1] - Test failed
2024-08-20 22:14:51.797 [DEBUG] [thread-id 1] - Created report: /Users/m0k0a2f/glass-automation/report/index.html
