2023-05-01 13:51:02.419 [ERROR] [thread-id 1] - com.walmartlabs.exception.TestsNotExecutedException: Cannot find tags or tests with name: c2685071
2023-05-01 13:55:18.922 [DEBUG] [thread-id 1] - Executing R2 3.35.1: '/Users/m0k0a2f/glass-automation/us/test/test-scripts/android/golden-flows/vision-flows/C2685071-vision-search-item-and-open-item-detail.yaml' on device: 'Pixel_5_API_31'
2023-05-01 13:55:37.760 [DEBUG] [thread-id 1] - Executing scenario: 'Before'
2023-05-01 13:55:37.764 [DEBUG] [thread-id 1] - Execute before steps
2023-05-01 13:55:37.765 [DEBUG] [thread-id 1] - R2_SUBFLOW_PRE_TRANSACTION
2023-05-01 13:55:37.948 [DEBUG] [thread-id 1] - Using us-errors-helpers.yaml
2023-05-01 13:55:38.063 [DEBUG] [thread-id 1] - Start main
2023-05-01 13:55:38.069 [DEBUG] [thread-id 1] - Executing function: 'us.functions.global.onboarding.navigateOnboardingToHome'
2023-05-01 13:55:38.071 [DEBUG] [thread-id 1] - Executing function: 'us.function.utils.getEnvironmentValue'
2023-05-01 13:55:38.073 [DEBUG] [thread-id 1] - Store in: store the value 'teflon' in the variable 'env'
2023-05-01 13:55:48.155 [DEBUG] [thread-id 1] - conditionally execute a flow. condition: false
2023-05-01 13:55:48.319 [DEBUG] [thread-id 1] - Verify identifier: {//android.widget.TextView[contains(@text,"Welcome to Walmart")]=[true]}
2023-05-01 13:55:48.332 [DEBUG] [thread-id 1] - Start Activity: 'com.walmart.android.debug.com.walmart.glass.integration.splash.SplashActivity'
2023-05-01 13:56:01.437 [DEBUG] [thread-id 1] - conditionally execute a flow. condition: false
2023-05-01 13:56:01.579 [DEBUG] [thread-id 1] - Verify identifier: {//android.widget.TextView[contains(@text,"Welcome to Walmart")]=[true]}
2023-05-01 13:56:01.726 [DEBUG] [thread-id 1] - Click element: '//android.widget.Button[contains(@text, "Next")] | //android.widget.Button[contains(@text, "Continue")]'
2023-05-01 13:56:04.158 [DEBUG] [thread-id 1] - Verify identifier: {//android.widget.TextView[contains(@text,"Share your location")] | //android.widget.TextView[contains(@text,"Share your precise location")]=[true]}
2023-05-01 13:56:04.249 [DEBUG] [thread-id 1] - Click element: '//android.widget.Button[@text="Enter zip code"] | //android.widget.Button[@text="Enter postal code"]'
2023-05-01 13:56:05.482 [DEBUG] [thread-id 1] - Verify identifier: {//android.widget.TextView[@text ="Share your zip code"] | //android.widget.TextView[@text ="Share your postal code"]=[true]}
2023-05-01 13:56:06.014 [DEBUG] [thread-id 1] - Click element: '//android.widget.EditText[@text ="Enter zip code"] | //android.widget.EditText[@text ="Enter postal code"]'
2023-05-01 13:56:07.750 [DEBUG] [thread-id 1] - Enter text: '95122'
2023-05-01 13:56:09.672 [DEBUG] [thread-id 1] - Hide keyboard: 'true'
2023-05-01 13:56:16.482 [DEBUG] [thread-id 1] - Click element: '//android.widget.Button[@text="Search"]'
2023-05-01 13:56:20.533 [DEBUG] [thread-id 1] - Verify identifier: {//android.widget.TextView[@text ="Share your zip code"] | //android.widget.TextView[@text ="Share your postal code"]=[true]}
2023-05-01 13:56:20.536 [DEBUG] [thread-id 1] - Executing function: 'us.functions.global.onboarding.popUpScreen'
2023-05-01 13:56:20.536 [DEBUG] [thread-id 1] - sleep:  3000 milliseconds
2023-05-01 13:56:33.567 [DEBUG] [thread-id 1] - sleep:  3000 milliseconds
2023-05-01 13:56:36.572 [DEBUG] [thread-id 1] - Executing function: 'us.functions.home.personalizedPopUpScreenClose'
2023-05-01 13:56:36.572 [DEBUG] [thread-id 1] - sleep:  3000 milliseconds
2023-05-01 13:56:39.695 [DEBUG] [thread-id 1] - conditionally execute a flow. condition: true
2023-05-01 13:56:39.798 [DEBUG] [thread-id 1] - Click element: '//android.widget.Button[contains(@text, "Don’t allow")]'
2023-05-01 13:56:40.464 [DEBUG] [thread-id 1] - sleep:  3000 milliseconds
2023-05-01 13:56:43.475 [DEBUG] [thread-id 1] - Executing function: 'us.functions.utils.tryAgainWhenThereIsError'
2023-05-01 13:56:43.519 [DEBUG] [thread-id 1] - loop: from 0 to 3
2023-05-01 13:56:43.718 [DEBUG] [thread-id 1] - 0
2023-05-01 13:56:53.873 [DEBUG] [thread-id 1] - conditionally execute a flow. condition: false
2023-05-01 13:57:03.978 [DEBUG] [thread-id 1] - Executing function: 'us.functions.global.onboarding.smartLock.DismissNoneOfTheAbove'
2023-05-01 13:57:14.018 [DEBUG] [thread-id 1] - Executing function: 'us.functions.gic.collapseIfExpanded'
2023-05-01 13:57:14.085 [DEBUG] [thread-id 1] - conditionally execute a flow. condition: true
2023-05-01 13:57:14.205 [DEBUG] [thread-id 1] - Click element: '//android.widget.ImageView[contains(@content-desc,"expanded")]'
2023-05-01 13:57:14.884 [DEBUG] [thread-id 1] - Verify identifier: {com.walmart.android.debug:id/search_view=[true]}
2023-05-01 13:57:14.892 [DEBUG] [thread-id 1] - Executing function: 'us.functions.home.handleReorderToolTip'
2023-05-01 13:57:24.941 [DEBUG] [thread-id 1] - conditionally execute a flow. condition: false
2023-05-01 13:57:25.017 [DEBUG] [thread-id 1] - no tooltip displayed
2023-05-01 13:57:25.025 [DEBUG] [thread-id 1] - Timestamp: 1682974645025
2023-05-01 13:57:25.031 [DEBUG] [thread-id 1] - Store in: store the value 'wplususer1682974645025@walmarttest.com' in the variable 'email'
2023-05-01 13:57:25.033 [DEBUG] [thread-id 1] - Store in: store the value 'E2epassword$' in the variable 'password'
2023-05-01 13:57:25.034 [DEBUG] [thread-id 1] - Executing function: 'us.functions.utils.astro.createAccount'
2023-05-01 13:57:25.037 [DEBUG] [thread-id 1] - Create Account
2023-05-01 13:57:25.041 [DEBUG] [thread-id 1] - {"firstName": "Native","lastName": "Test","emailAddress": "wplususer1682974645025@walmarttest.com","phoneNumber": "4088968104","paymentMethods": ["VISA"],"postalAddress": {"address": "1350 Bacchus Dr","city": "San Jose","country": "USA","postalCode": "95122","state": "CA"},"password": "E2epassword$"}
2023-05-01 13:57:25.045 [DEBUG] [thread-id 1] - Call API: 'http://astro.walmart.com/api/v2/teflon/customer'
2023-05-01 13:57:35.533 [DEBUG] [thread-id 1] - Response code is: '200'. Response body is: '{"astroStatus":"SUCCESS","astroDescription":"SIGNUP_SUCCESS","astroDetails":{"status":"OK","statusCode":200,"customerAccountId":"7c58227e-b947-4a49-94cb-6c30fdeaccc3","customerDetails":{"firstName":"Native","lastName":"Test","emailAddress":"wplususer1682974645025@walmarttest.com","phoneNumber":"4088968104","paymentMethods":["VISA"],"postalAddress":{"address":"1350 Bacchus Dr","city":"San Jose","country":"USA","postalCode":"95122","state":"CA"},"password":"E2epassword$"},"addDeliveryPreference":"OK","addPaymentPreference":"OK","addPaymentPreferenceId":"b09359aa-be0d-4301-b216-4864c81ee4d6","customerPatch":"OK"}}'
2023-05-01 13:57:35.558 [DEBUG] [thread-id 1] - b09359aa-be0d-4301-b216-4864c81ee4d6
2023-05-01 13:57:35.561 [WARN] [thread-id 1] - variable withoutPayment was used, but r2 could not find a value for this variable. returning default of null
2023-05-01 13:57:35.586 [DEBUG] [thread-id 1] - conditionally execute a flow. condition: false
2023-05-01 13:57:35.719 [DEBUG] [thread-id 1] - Account created successfully
2023-05-01 13:57:35.734 [DEBUG] [thread-id 1] - Executing function: 'us.functions.home.navigateHomeToSignIn'
2023-05-01 13:57:35.791 [DEBUG] [thread-id 1] - Click element: '//android.widget.FrameLayout[@content-desc="Account"]/android.widget.ImageView | //android.widget.FrameLayout[@content-desc="Account"]'
2023-05-01 13:57:36.464 [DEBUG] [thread-id 1] - sleep:  5000 milliseconds
2023-05-01 13:57:41.574 [DEBUG] [thread-id 1] - Verify identifier: {//*[@resource-id="com.walmart.android.debug:id/sign_in_button"]|//*[@resource-id="com.walmart.android.debug:id/account_sign_in_button"]=[true]}
2023-05-01 13:57:41.575 [DEBUG] [thread-id 1] - loop: from 1 to 3
2023-05-01 13:57:41.624 [DEBUG] [thread-id 1] - Executing function: 'us.functions.global.onboarding.smartLock.DismissNoneOfTheAbove'
2023-05-01 13:57:52.165 [DEBUG] [thread-id 1] - conditionally execute a flow. condition: true
2023-05-01 13:57:52.246 [DEBUG] [thread-id 1] - Click element: '//*[@resource-id="com.walmart.android.debug:id/sign_in_button"]|//*[@resource-id="com.walmart.android.debug:id/account_sign_in_button"]'
2023-05-01 13:57:53.117 [DEBUG] [thread-id 1] - sleep:  3000 milliseconds
2023-05-01 13:57:56.255 [DEBUG] [thread-id 1] - conditionally execute a flow. condition: true
2023-05-01 13:57:56.281 [DEBUG] [thread-id 1] - Store in: store the value 'true' in the variable 'signInValidated'
2023-05-01 13:57:56.319 [DEBUG] [thread-id 1] - conditionally execute a flow. condition: true
2023-05-01 13:57:56.348 [DEBUG] [thread-id 1] - SignIn page loaded
2023-05-01 13:57:56.370 [DEBUG] [thread-id 1] - Store in: store the value 'false' in the variable 'signInValidated'
2023-05-01 13:57:56.376 [DEBUG] [thread-id 1] - Executing function: 'us.functions.global.authentication.signInAccount'
2023-05-01 13:57:56.377 [DEBUG] [thread-id 1] - Executing function: 'us.functions.global.onboarding.smartLock.DismissNoneOfTheAbove'
2023-05-01 13:58:06.410 [WARN] [thread-id 1] - variable validateSignInPage was used, but r2 could not find a value for this variable. returning default of null
2023-05-01 13:58:06.444 [DEBUG] [thread-id 1] - Verify identifier: {//android.widget.EditText[@text="Email"]=[true]}
2023-05-01 13:58:06.469 [DEBUG] [thread-id 1] - Enter text: 'wplususer1682974645025@walmarttest.com'
2023-05-01 13:58:08.870 [DEBUG] [thread-id 1] - loop: from 1 to 3
2023-05-01 13:58:09.515 [DEBUG] [thread-id 1] - sleep:  3000 milliseconds
2023-05-01 13:58:12.624 [DEBUG] [thread-id 1] - conditionally execute a flow. condition: true
2023-05-01 13:58:12.688 [DEBUG] [thread-id 1] - Click element: '//android.widget.Button[@text="Continue"]'
2023-05-01 13:58:14.010 [DEBUG] [thread-id 1] - sleep:  5000 milliseconds
2023-05-01 13:58:19.148 [DEBUG] [thread-id 1] - conditionally execute a flow. condition: true
2023-05-01 13:58:19.178 [DEBUG] [thread-id 1] - Store in: store the value 'true' in the variable 'signInValidated'
2023-05-01 13:58:19.199 [DEBUG] [thread-id 1] - conditionally execute a flow. condition: true
2023-05-01 13:58:19.214 [DEBUG] [thread-id 1] - Store in: store the value 'false' in the variable 'signInValidated'
2023-05-01 13:58:19.244 [DEBUG] [thread-id 1] - Email entered
2023-05-01 13:58:29.300 [WARN] [thread-id 1] - variable validateSignInPage was used, but r2 could not find a value for this variable. returning default of null
2023-05-01 13:58:29.305 [DEBUG] [thread-id 1] - loop: from 1 to 3
2023-05-01 13:58:29.321 [DEBUG] [thread-id 1] - sleep:  2000 milliseconds
2023-05-01 13:58:31.435 [DEBUG] [thread-id 1] - conditionally execute a flow. condition: true
2023-05-01 13:58:31.993 [DEBUG] [thread-id 1] - Enter text: 'E2epassword$'
2023-05-01 13:58:34.687 [DEBUG] [thread-id 1] - Press go back key: 'true'
2023-05-01 13:58:35.451 [DEBUG] [thread-id 1] - sleep:  1000 milliseconds
2023-05-01 13:58:36.566 [DEBUG] [thread-id 1] - Click element: '//android.widget.Button[@text="Sign in"] | //android.widget.Button[contains(@text,"Sign in")]'
2023-05-01 13:58:37.858 [DEBUG] [thread-id 1] - sleep:  5000 milliseconds
2023-05-01 13:58:43.051 [DEBUG] [thread-id 1] - conditionally execute a flow. condition: true
2023-05-01 13:58:43.118 [DEBUG] [thread-id 1] - Store in: store the value 'true' in the variable 'signInValidated'
2023-05-01 13:58:43.177 [DEBUG] [thread-id 1] - conditionally execute a flow. condition: true
2023-05-01 13:58:43.229 [DEBUG] [thread-id 1] - Account signed in
2023-05-01 13:58:43.231 [DEBUG] [thread-id 1] - Executing function: 'us.functions.utils.handleCartMergePopup'
2023-05-01 13:58:43.231 [DEBUG] [thread-id 1] - sleep:  7000 milliseconds
2023-05-01 13:58:50.242 [DEBUG] [thread-id 1] - loop: from 0 to 4
2023-05-01 13:58:50.380 [DEBUG] [thread-id 1] - 0
2023-05-01 13:59:00.518 [DEBUG] [thread-id 1] - conditionally execute a flow. condition: false
2023-05-01 13:59:00.590 [DEBUG] [thread-id 1] - No cart merge popup observed
2023-05-01 13:59:10.680 [DEBUG] [thread-id 1] - Executing function: 'us.functions.global.navigation.accountToHome'
2023-05-01 13:59:10.709 [DEBUG] [thread-id 1] - conditionally execute a flow. condition: true
2023-05-01 13:59:10.757 [DEBUG] [thread-id 1] - Scroll: up
2023-05-01 13:59:11.446 [DEBUG] [thread-id 1] - Verify identifier: {com.walmart.android.debug:id/purchase_history_header=[true]}
2023-05-01 13:59:11.500 [DEBUG] [thread-id 1] - Click element: 'com.walmart.android.debug:id/navigation_shop'
2023-05-01 13:59:12.133 [DEBUG] [thread-id 1] - Executing function: 'us.functions.home.closeWPlusPromotionPopUpIfDisplayed'
2023-05-01 13:59:12.146 [DEBUG] [thread-id 1] - sleep:  5000 milliseconds
2023-05-01 13:59:27.170 [DEBUG] [thread-id 1] - Executing function: 'us.functions.home.location.updateStore'
2023-05-01 13:59:27.188 [DEBUG] [thread-id 1] - Executing function: 'us.functions.gic.expandIfCollapsed'
2023-05-01 13:59:27.231 [DEBUG] [thread-id 1] - conditionally execute a flow. condition: true
2023-05-01 13:59:27.332 [DEBUG] [thread-id 1] - Click element: '//android.widget.ImageView[contains(@resource-id, "com.walmart.android.debug:id/global_intent_center_collapsed_chevron") and (contains(@content-desc,"collapsed") or contains(@content-desc,"collapse"))]'
2023-05-01 13:59:28.981 [DEBUG] [thread-id 1] - Verify identifier: {//*[contains(@resource-id, "global_intent_center_expanded_view")]//androidx.cardview.widget.CardView[contains(@resource-id, "global_intent_center_expanded_large_card")][position()=last()]//*[contains(@resource-id, "global_intent_center_large_card_chevron")]=[true]}
2023-05-01 13:59:29.053 [DEBUG] [thread-id 1] - Click element: '//*[contains(@resource-id, "global_intent_center_expanded_view")]//androidx.cardview.widget.CardView[contains(@resource-id, "global_intent_center_expanded_large_card")][position()=last()]//*[contains(@resource-id, "global_intent_center_large_card_chevron")]'
2023-05-01 13:59:31.184 [DEBUG] [thread-id 1] - Enter text: '95122'
2023-05-01 13:59:34.172 [WARN] [thread-id 1] - variable secondStore was used, but r2 could not find a value for this variable. returning default of null
2023-05-01 13:59:34.187 [DEBUG] [thread-id 1] - conditionally execute a flow. condition: false
2023-05-01 13:59:35.516 [DEBUG] [thread-id 1] - conditionally execute a flow. condition: true
2023-05-01 13:59:35.627 [DEBUG] [thread-id 1] - Click element: '//android.widget.TextView[contains(@text, "777 Story Rd, San Jose")]/following-sibling::android.widget.TextView[contains(@text, "95122")]|//android.widget.TextView[contains(@text, "777 Story Rd, San Jose")]'
2023-05-01 13:59:36.483 [DEBUG] [thread-id 1] - Click element: '//android.widget.Button[(@resource-id="com.walmart.android.debug:id/bookslot_store_save_button") or (@resource-id="com.walmart.android.debug:id/store_selector_store_save_button")] | //android.widget.Button[@content-desc="Reserve"] | //android.widget.Button[@resource-id="com.walmart.android.debug:id/bookslot_store_save_button"] | //android.widget.Button[@text="Save"]'
2023-05-01 13:59:37.781 [DEBUG] [thread-id 1] - Executing function: 'us.functions.gic.collapseIfExpanded'
2023-05-01 13:59:40.375 [DEBUG] [thread-id 1] - conditionally execute a flow. condition: true
2023-05-01 13:59:40.509 [DEBUG] [thread-id 1] - Click element: '//android.widget.ImageView[contains(@content-desc,"expanded")]'
2023-05-01 13:59:41.761 [DEBUG] [thread-id 1] - Executing function: 'us.functions.search.searchItem'
2023-05-01 13:59:41.791 [DEBUG] [thread-id 1] - loop: from 1 to 3
2023-05-01 13:59:53.386 [DEBUG] [thread-id 1] - conditionally execute a flow. condition: false
2023-05-01 13:59:53.476 [DEBUG] [thread-id 1] - Verify identifier: {com.walmart.android.debug:id/navigation_search=[true]}
2023-05-01 13:59:56.702 [DEBUG] [thread-id 1] - Click element: 'com.walmart.android.debug:id/navigation_search'
2023-05-01 13:59:58.064 [DEBUG] [thread-id 1] - Verify identifier: {com.walmart.android.debug:id/search_view=[true]}
2023-05-01 14:00:01.416 [DEBUG] [thread-id 1] - Click element: 'com.walmart.android.debug:id/search_view'
2023-05-01 14:00:02.800 [DEBUG] [thread-id 1] - Verify identifier: {com.walmart.android.debug:id/search_view=[true]}
2023-05-01 14:00:02.892 [DEBUG] [thread-id 1] - Enter text: '3961759827'
2023-05-01 14:00:06.700 [DEBUG] [thread-id 1] - sleep:  10000 milliseconds
2023-05-01 14:00:16.801 [DEBUG] [thread-id 1] - Hide keyboard: 'true'
2023-05-01 14:00:17.108 [DEBUG] [thread-id 1] - Executing function: 'us.functions.search.closeHowDoYouWantYourOrderBottomTray'
2023-05-01 14:00:17.132 [DEBUG] [thread-id 1] - Verify identifier: {//android.widget.TextView[@text = "Three easy ways to get your order"]=[true]}
2023-05-01 14:00:17.153 [DEBUG] [thread-id 1] - Click element: 'com.walmart.android.debug:id/search_close_button'
2023-05-01 14:00:29.782 [DEBUG] [thread-id 1] - conditionally execute a flow. condition: true
2023-05-01 14:00:29.870 [DEBUG] [thread-id 1] - Verify identifier: {//android.widget.ImageView[(@resource-id="com.walmart.android.debug:id/product_tile_list_view") or (@resource-id="com.walmart.android.debug:id/product_tile_image")]=[true]}
2023-05-01 14:00:39.952 [DEBUG] [thread-id 1] - conditionally execute a flow. condition: false
2023-05-01 14:00:40.011 [DEBUG] [thread-id 1] - Scroll: down
2023-05-01 14:01:08.344 [DEBUG] [thread-id 1] - Main failed: Is not present: '//android.widget.LinearLayout[@content-desc="Prescription available"]'
2023-05-01 14:01:08.406 [DEBUG] [thread-id 1] - Executing scenario: 'After'
2023-05-01 14:01:08.432 [DEBUG] [thread-id 1] - Executing function: 'us.functions.utils.afterSteps'
2023-05-01 14:01:08.434 [DEBUG] [thread-id 1] - Executing function: 'us.functions.utils.log.appVersionAndroid'
2023-05-01 14:01:08.443 [WARN] [thread-id 1] - variable R2_PROFILE was used, but r2 could not find a value for this variable. returning default of null
2023-05-01 14:01:08.446 [DEBUG] [thread-id 1] - conditionally execute a flow. condition: false
2023-05-01 14:01:08.486 [DEBUG] [thread-id 1] - Verify file: 'us/app-versions/android.txt'
2023-05-01 14:01:08.492 [DEBUG] [thread-id 1] - Glass Application version: 23.18
2023-05-01 14:01:11.318 [DEBUG] [thread-id 1] - Created report: /Users/m0k0a2f/glass-automation/report/index.html
2023-05-01 14:15:43.417 [DEBUG] [thread-id 1] - Executing R2 3.35.1: '/Users/m0k0a2f/glass-automation/./us/test/test-scripts/ios/golden-flows/vision-flows/C2685071-vision-search-item-and-open-item-detail.yaml' on device: 'iPhone 13'
2023-05-01 14:23:19.919 [DEBUG] [thread-id 1] - Executing scenario: 'Before'
2023-05-01 14:23:19.925 [DEBUG] [thread-id 1] - R2_SUBFLOW_PRE_TRANSACTION
2023-05-01 14:23:20.128 [DEBUG] [thread-id 1] - Using us-errors-helpers.yaml
2023-05-01 14:23:20.292 [DEBUG] [thread-id 1] - Start Main
2023-05-01 14:23:20.308 [DEBUG] [thread-id 1] - Executing function: 'us.functions.global.onboarding.navigateOnboardingToHome'
2023-05-01 14:23:20.311 [DEBUG] [thread-id 1] - Executing function: 'us.function.utils.getEnvironmentValue'
2023-05-01 14:23:20.313 [DEBUG] [thread-id 1] - Store in: store the value 'teflon' in the variable 'env'
2023-05-01 14:23:30.366 [DEBUG] [thread-id 1] - conditionally execute a flow. condition: false
2023-05-01 14:23:30.700 [DEBUG] [thread-id 1] - Click element: '//XCUIElementTypeStaticText[@name="Continue"] | //XCUIElementTypeStaticText[@name="Next"] | //XCUIElementTypeStaticText[@name="Continue as guest"]'
2023-05-01 14:23:31.926 [DEBUG] [thread-id 1] - Verify identifier: {NotificationPermissionViewController.titleLabel=[true]}
2023-05-01 14:23:32.130 [DEBUG] [thread-id 1] - Click element: '//XCUIElementTypeStaticText[@name="Not now"] | //XCUIElementTypeButton[@name="cta.cancel.notifications"]'
2023-05-01 14:23:32.557 [DEBUG] [thread-id 1] - Verify identifier: {Share your location=[true]}
2023-05-01 14:23:32.712 [DEBUG] [thread-id 1] - Click element: '//XCUIElementTypeStaticText[@name="Enter zip code"]'
2023-05-01 14:23:33.359 [DEBUG] [thread-id 1] - conditionally execute a flow. condition: true
2023-05-01 14:23:33.695 [DEBUG] [thread-id 1] - Enter text: '95122'
2023-05-01 14:23:46.564 [DEBUG] [thread-id 1] - Click element: '//XCUIElementTypeStaticText[@name="Search"]'
2023-05-01 14:24:17.299 [DEBUG] [thread-id 1] - Executing function: 'us.functions.utils.tryAgainWhenThereIsError'
2023-05-01 14:24:17.334 [DEBUG] [thread-id 1] - loop: from 0 to 2
2023-05-01 14:24:17.701 [DEBUG] [thread-id 1] - 0
2023-05-01 14:24:28.197 [DEBUG] [thread-id 1] - conditionally execute a flow. condition: false
2023-05-01 14:24:28.642 [DEBUG] [thread-id 1] - Executing function: 'us.functions.onboarding.handleTechnicalErrorPage'
2023-05-01 14:24:28.643 [DEBUG] [thread-id 1] - sleep:  5000 milliseconds
2023-05-01 14:24:33.675 [DEBUG] [thread-id 1] - loop: from 0 to 4
2023-05-01 14:24:34.163 [DEBUG] [thread-id 1] - 0
2023-05-01 14:24:44.768 [DEBUG] [thread-id 1] - conditionally execute a flow. condition: false
2023-05-01 14:24:45.069 [DEBUG] [thread-id 1] - No Technical Error Page observed
2023-05-01 14:24:45.454 [DEBUG] [thread-id 1] - Executing function: 'us.functions.gic.collapseIfExpanded'
2023-05-01 14:24:55.741 [DEBUG] [thread-id 1] - conditionally execute a flow. condition: false
2023-05-01 14:24:56.089 [DEBUG] [thread-id 1] - gic is collapsed
2023-05-01 14:24:56.140 [DEBUG] [thread-id 1] - Timestamp: 1682976296140
2023-05-01 14:24:56.147 [DEBUG] [thread-id 1] - Store in: store the value 'wplususer1682976296140@walmarttest.com' in the variable 'email'
2023-05-01 14:24:56.153 [DEBUG] [thread-id 1] - Store in: store the value 'E2epassword$' in the variable 'password'
2023-05-01 14:24:56.155 [DEBUG] [thread-id 1] - Executing function: 'us.functions.utils.astro.createAccount'
2023-05-01 14:24:56.156 [DEBUG] [thread-id 1] - Create Account
2023-05-01 14:24:56.157 [DEBUG] [thread-id 1] - {"firstName": "Native","lastName": "Test","emailAddress": "wplususer1682976296140@walmarttest.com","phoneNumber": "4088968104","paymentMethods": ["VISA"],"postalAddress": {"address": "1350 Bacchus Dr","city": "San Jose","country": "USA","postalCode": "95122","state": "CA"},"password": "E2epassword$"}
2023-05-01 14:24:56.159 [DEBUG] [thread-id 1] - Call API: 'http://astro.walmart.com/api/v2/teflon/customer'
2023-05-01 14:25:06.240 [DEBUG] [thread-id 1] - Response code is: '200'. Response body is: '{"astroStatus":"SUCCESS","astroDescription":"SIGNUP_SUCCESS","astroDetails":{"status":"OK","statusCode":200,"customerAccountId":"8570fa5a-a7fe-4a78-a5a8-ac8bc487b7c5","customerDetails":{"firstName":"Native","lastName":"Test","emailAddress":"wplususer1682976296140@walmarttest.com","phoneNumber":"4088968104","paymentMethods":["VISA"],"postalAddress":{"address":"1350 Bacchus Dr","city":"San Jose","country":"USA","postalCode":"95122","state":"CA"},"password":"E2epassword$"},"addDeliveryPreference":"OK","addPaymentPreference":"OK","addPaymentPreferenceId":"ec4c0193-7188-474d-8ac1-205523e57db8","customerPatch":"OK"}}'
2023-05-01 14:25:06.258 [DEBUG] [thread-id 1] - ec4c0193-7188-474d-8ac1-205523e57db8
2023-05-01 14:25:06.263 [WARN] [thread-id 1] - variable withoutPayment was used, but r2 could not find a value for this variable. returning default of null
2023-05-01 14:25:06.289 [DEBUG] [thread-id 1] - conditionally execute a flow. condition: false
2023-05-01 14:25:06.654 [DEBUG] [thread-id 1] - Account created successfully
2023-05-01 14:25:06.690 [DEBUG] [thread-id 1] - Executing function: 'us.functions.home.navigateHomeToSignIn'
2023-05-01 14:25:28.495 [DEBUG] [thread-id 1] - Main failed: Cannot click 'Account'
2023-05-01 14:25:28.866 [DEBUG] [thread-id 1] - Executing scenario: 'After'
2023-05-01 14:25:28.933 [DEBUG] [thread-id 1] - Executing function: 'us.functions.utils.afterSteps'
2023-05-01 14:25:28.943 [WARN] [thread-id 1] - variable testStatus was used, but r2 could not find a value for this variable. returning default of null
2023-05-01 14:25:28.950 [DEBUG] [thread-id 1] - conditionally execute a flow. condition: false
2023-05-01 14:25:29.282 [DEBUG] [thread-id 1] - Test failed
2023-05-01 14:25:29.600 [DEBUG] [thread-id 1] - Executing function: 'us.functions.utils.closeErrorAlertIfExists'
2023-05-01 14:26:09.930 [DEBUG] [thread-id 1] - Created report: /Users/m0k0a2f/glass-automation/report/index.html
2023-05-01 14:29:58.866 [DEBUG] [thread-id 1] - Executing R2 3.35.1: '/Users/m0k0a2f/glass-automation/us/test/test-scripts/android/golden-flows/vision-flows/C2685071-vision-search-item-and-open-item-detail.yaml' on device: 'Pixel_5_API_31'
2023-05-01 14:30:12.750 [DEBUG] [thread-id 1] - Executing scenario: 'Before'
2023-05-01 14:30:12.755 [DEBUG] [thread-id 1] - Execute before steps
2023-05-01 14:30:12.759 [DEBUG] [thread-id 1] - R2_SUBFLOW_PRE_TRANSACTION
2023-05-01 14:30:13.012 [DEBUG] [thread-id 1] - Using us-errors-helpers.yaml
2023-05-01 14:30:13.149 [DEBUG] [thread-id 1] - Start main
2023-05-01 14:30:13.159 [DEBUG] [thread-id 1] - Executing function: 'us.functions.global.onboarding.navigateOnboardingToHome'
2023-05-01 14:30:13.162 [DEBUG] [thread-id 1] - Executing function: 'us.function.utils.getEnvironmentValue'
2023-05-01 14:30:13.164 [DEBUG] [thread-id 1] - Store in: store the value 'teflon' in the variable 'env'
2023-05-01 14:30:23.258 [DEBUG] [thread-id 1] - conditionally execute a flow. condition: false
2023-05-01 14:30:23.425 [DEBUG] [thread-id 1] - Verify identifier: {//android.widget.TextView[contains(@text,"Welcome to Walmart")]=[true]}
2023-05-01 14:30:23.442 [DEBUG] [thread-id 1] - Start Activity: 'com.walmart.android.debug.com.walmart.glass.integration.splash.SplashActivity'
2023-05-01 14:30:36.096 [DEBUG] [thread-id 1] - conditionally execute a flow. condition: false
2023-05-01 14:30:36.250 [DEBUG] [thread-id 1] - Verify identifier: {//android.widget.TextView[contains(@text,"Welcome to Walmart")]=[true]}
2023-05-01 14:30:36.399 [DEBUG] [thread-id 1] - Click element: '//android.widget.Button[contains(@text, "Next")] | //android.widget.Button[contains(@text, "Continue")]'
2023-05-01 14:30:38.816 [DEBUG] [thread-id 1] - Verify identifier: {//android.widget.TextView[contains(@text,"Share your location")] | //android.widget.TextView[contains(@text,"Share your precise location")]=[true]}
2023-05-01 14:30:39.016 [DEBUG] [thread-id 1] - Click element: '//android.widget.Button[@text="Enter zip code"] | //android.widget.Button[@text="Enter postal code"]'
2023-05-01 14:30:40.116 [DEBUG] [thread-id 1] - Verify identifier: {//android.widget.TextView[@text ="Share your zip code"] | //android.widget.TextView[@text ="Share your postal code"]=[true]}
2023-05-01 14:30:40.752 [DEBUG] [thread-id 1] - Click element: '//android.widget.EditText[@text ="Enter zip code"] | //android.widget.EditText[@text ="Enter postal code"]'
2023-05-01 14:30:42.327 [DEBUG] [thread-id 1] - Enter text: '95122'
2023-05-01 14:30:44.279 [DEBUG] [thread-id 1] - Hide keyboard: 'true'
2023-05-01 14:30:51.135 [DEBUG] [thread-id 1] - Click element: '//android.widget.Button[@text="Search"]'
2023-05-01 14:30:55.177 [DEBUG] [thread-id 1] - Verify identifier: {//android.widget.TextView[@text ="Share your zip code"] | //android.widget.TextView[@text ="Share your postal code"]=[true]}
2023-05-01 14:30:55.183 [DEBUG] [thread-id 1] - Executing function: 'us.functions.global.onboarding.popUpScreen'
2023-05-01 14:30:55.184 [DEBUG] [thread-id 1] - sleep:  3000 milliseconds
2023-05-01 14:31:08.210 [DEBUG] [thread-id 1] - sleep:  3000 milliseconds
2023-05-01 14:31:11.242 [DEBUG] [thread-id 1] - Executing function: 'us.functions.home.personalizedPopUpScreenClose'
2023-05-01 14:31:11.242 [DEBUG] [thread-id 1] - sleep:  3000 milliseconds
2023-05-01 14:31:14.356 [DEBUG] [thread-id 1] - conditionally execute a flow. condition: true
2023-05-01 14:31:14.410 [DEBUG] [thread-id 1] - Click element: '//android.widget.Button[contains(@text, "Don’t allow")]'
2023-05-01 14:31:15.078 [DEBUG] [thread-id 1] - sleep:  3000 milliseconds
2023-05-01 14:31:18.088 [DEBUG] [thread-id 1] - Executing function: 'us.functions.utils.tryAgainWhenThereIsError'
2023-05-01 14:31:18.128 [DEBUG] [thread-id 1] - loop: from 0 to 3
2023-05-01 14:31:18.309 [DEBUG] [thread-id 1] - 0
2023-05-01 14:31:28.434 [DEBUG] [thread-id 1] - conditionally execute a flow. condition: false
2023-05-01 14:31:38.563 [DEBUG] [thread-id 1] - Executing function: 'us.functions.global.onboarding.smartLock.DismissNoneOfTheAbove'
2023-05-01 14:31:48.640 [DEBUG] [thread-id 1] - Executing function: 'us.functions.gic.collapseIfExpanded'
2023-05-01 14:31:48.715 [DEBUG] [thread-id 1] - conditionally execute a flow. condition: true
2023-05-01 14:31:48.825 [DEBUG] [thread-id 1] - Click element: '//android.widget.ImageView[contains(@content-desc,"expanded")]'
2023-05-01 14:31:50.516 [DEBUG] [thread-id 1] - Verify identifier: {com.walmart.android.debug:id/search_view=[true]}
2023-05-01 14:31:50.519 [DEBUG] [thread-id 1] - Executing function: 'us.functions.home.handleReorderToolTip'
2023-05-01 14:32:00.603 [DEBUG] [thread-id 1] - conditionally execute a flow. condition: false
2023-05-01 14:32:00.663 [DEBUG] [thread-id 1] - no tooltip displayed
2023-05-01 14:32:00.672 [DEBUG] [thread-id 1] - Timestamp: 1682976720672
2023-05-01 14:32:00.676 [DEBUG] [thread-id 1] - Store in: store the value 'wplususer1682976720672@walmarttest.com' in the variable 'email'
2023-05-01 14:32:00.678 [DEBUG] [thread-id 1] - Store in: store the value 'E2epassword$' in the variable 'password'
2023-05-01 14:32:00.679 [DEBUG] [thread-id 1] - Executing function: 'us.functions.utils.astro.createAccount'
2023-05-01 14:32:00.680 [DEBUG] [thread-id 1] - Create Account
2023-05-01 14:32:00.684 [DEBUG] [thread-id 1] - {"firstName": "Native","lastName": "Test","emailAddress": "wplususer1682976720672@walmarttest.com","phoneNumber": "4088968104","paymentMethods": ["VISA"],"postalAddress": {"address": "1350 Bacchus Dr","city": "San Jose","country": "USA","postalCode": "95122","state": "CA"},"password": "E2epassword$"}
2023-05-01 14:32:00.687 [DEBUG] [thread-id 1] - Call API: 'http://astro.walmart.com/api/v2/teflon/customer'
2023-05-01 14:32:10.968 [DEBUG] [thread-id 1] - Response code is: '200'. Response body is: '{"astroStatus":"SUCCESS","astroDescription":"SIGNUP_SUCCESS","astroDetails":{"status":"OK","statusCode":200,"customerAccountId":"74a8c822-eca7-4a21-b7e6-d06a56a24d43","customerDetails":{"firstName":"Native","lastName":"Test","emailAddress":"wplususer1682976720672@walmarttest.com","phoneNumber":"4088968104","paymentMethods":["VISA"],"postalAddress":{"address":"1350 Bacchus Dr","city":"San Jose","country":"USA","postalCode":"95122","state":"CA"},"password":"E2epassword$"},"addDeliveryPreference":"OK","addPaymentPreference":"OK","addPaymentPreferenceId":"25324c4c-7c16-4add-b641-8d5cfbf8f2d6","customerPatch":"OK"}}'
2023-05-01 14:32:10.989 [DEBUG] [thread-id 1] - 25324c4c-7c16-4add-b641-8d5cfbf8f2d6
2023-05-01 14:32:10.991 [WARN] [thread-id 1] - variable withoutPayment was used, but r2 could not find a value for this variable. returning default of null
2023-05-01 14:32:11.016 [DEBUG] [thread-id 1] - conditionally execute a flow. condition: false
2023-05-01 14:32:11.143 [DEBUG] [thread-id 1] - Account created successfully
2023-05-01 14:32:11.160 [DEBUG] [thread-id 1] - Executing function: 'us.functions.home.navigateHomeToSignIn'
2023-05-01 14:32:11.232 [DEBUG] [thread-id 1] - Click element: '//android.widget.FrameLayout[@content-desc="Account"]/android.widget.ImageView | //android.widget.FrameLayout[@content-desc="Account"]'
2023-05-01 14:32:11.942 [DEBUG] [thread-id 1] - sleep:  5000 milliseconds
2023-05-01 14:32:17.047 [DEBUG] [thread-id 1] - Verify identifier: {//*[@resource-id="com.walmart.android.debug:id/sign_in_button"]|//*[@resource-id="com.walmart.android.debug:id/account_sign_in_button"]=[true]}
2023-05-01 14:32:17.051 [DEBUG] [thread-id 1] - loop: from 1 to 3
2023-05-01 14:32:17.119 [DEBUG] [thread-id 1] - Executing function: 'us.functions.global.onboarding.smartLock.DismissNoneOfTheAbove'
2023-05-01 14:32:27.262 [DEBUG] [thread-id 1] - conditionally execute a flow. condition: true
2023-05-01 14:32:27.338 [DEBUG] [thread-id 1] - Click element: '//*[@resource-id="com.walmart.android.debug:id/sign_in_button"]|//*[@resource-id="com.walmart.android.debug:id/account_sign_in_button"]'
2023-05-01 14:32:28.154 [DEBUG] [thread-id 1] - sleep:  3000 milliseconds
2023-05-01 14:32:31.329 [DEBUG] [thread-id 1] - conditionally execute a flow. condition: true
2023-05-01 14:32:31.385 [DEBUG] [thread-id 1] - Store in: store the value 'true' in the variable 'signInValidated'
2023-05-01 14:32:31.418 [DEBUG] [thread-id 1] - conditionally execute a flow. condition: true
2023-05-01 14:32:31.430 [DEBUG] [thread-id 1] - SignIn page loaded
2023-05-01 14:32:31.442 [DEBUG] [thread-id 1] - Store in: store the value 'false' in the variable 'signInValidated'
2023-05-01 14:32:31.445 [DEBUG] [thread-id 1] - Executing function: 'us.functions.global.authentication.signInAccount'
2023-05-01 14:32:31.447 [DEBUG] [thread-id 1] - Executing function: 'us.functions.global.onboarding.smartLock.DismissNoneOfTheAbove'
2023-05-01 14:32:41.479 [WARN] [thread-id 1] - variable validateSignInPage was used, but r2 could not find a value for this variable. returning default of null
2023-05-01 14:32:41.512 [DEBUG] [thread-id 1] - Verify identifier: {//android.widget.EditText[@text="Email"]=[true]}
2023-05-01 14:32:41.532 [DEBUG] [thread-id 1] - Enter text: 'wplususer1682976720672@walmarttest.com'
2023-05-01 14:32:43.586 [DEBUG] [thread-id 1] - loop: from 1 to 3
2023-05-01 14:32:44.231 [DEBUG] [thread-id 1] - sleep:  3000 milliseconds
2023-05-01 14:32:47.325 [DEBUG] [thread-id 1] - conditionally execute a flow. condition: true
2023-05-01 14:32:47.379 [DEBUG] [thread-id 1] - Click element: '//android.widget.Button[@text="Continue"]'
2023-05-01 14:32:48.721 [DEBUG] [thread-id 1] - sleep:  5000 milliseconds
2023-05-01 14:32:53.842 [DEBUG] [thread-id 1] - conditionally execute a flow. condition: true
2023-05-01 14:32:53.888 [DEBUG] [thread-id 1] - Store in: store the value 'true' in the variable 'signInValidated'
2023-05-01 14:32:53.916 [DEBUG] [thread-id 1] - conditionally execute a flow. condition: true
2023-05-01 14:32:53.939 [DEBUG] [thread-id 1] - Store in: store the value 'false' in the variable 'signInValidated'
2023-05-01 14:32:53.960 [DEBUG] [thread-id 1] - Email entered
2023-05-01 14:33:04.004 [WARN] [thread-id 1] - variable validateSignInPage was used, but r2 could not find a value for this variable. returning default of null
2023-05-01 14:33:04.009 [DEBUG] [thread-id 1] - loop: from 1 to 3
2023-05-01 14:33:04.028 [DEBUG] [thread-id 1] - sleep:  2000 milliseconds
2023-05-01 14:33:06.131 [DEBUG] [thread-id 1] - conditionally execute a flow. condition: true
2023-05-01 14:33:06.205 [DEBUG] [thread-id 1] - Enter text: 'E2epassword$'
2023-05-01 14:33:08.871 [DEBUG] [thread-id 1] - Press go back key: 'true'
2023-05-01 14:33:09.663 [DEBUG] [thread-id 1] - sleep:  1000 milliseconds
2023-05-01 14:33:10.760 [DEBUG] [thread-id 1] - Click element: '//android.widget.Button[@text="Sign in"] | //android.widget.Button[contains(@text,"Sign in")]'
2023-05-01 14:33:11.492 [DEBUG] [thread-id 1] - sleep:  5000 milliseconds
2023-05-01 14:33:16.975 [DEBUG] [thread-id 1] - conditionally execute a flow. condition: true
2023-05-01 14:33:17.046 [DEBUG] [thread-id 1] - Store in: store the value 'true' in the variable 'signInValidated'
2023-05-01 14:33:17.109 [DEBUG] [thread-id 1] - conditionally execute a flow. condition: true
2023-05-01 14:33:17.174 [DEBUG] [thread-id 1] - Account signed in
2023-05-01 14:33:17.176 [DEBUG] [thread-id 1] - Executing function: 'us.functions.utils.handleCartMergePopup'
2023-05-01 14:33:17.177 [DEBUG] [thread-id 1] - sleep:  7000 milliseconds
2023-05-01 14:33:24.192 [DEBUG] [thread-id 1] - loop: from 0 to 4
2023-05-01 14:33:24.327 [DEBUG] [thread-id 1] - 0
2023-05-01 14:33:34.447 [DEBUG] [thread-id 1] - conditionally execute a flow. condition: false
2023-05-01 14:33:34.520 [DEBUG] [thread-id 1] - No cart merge popup observed
2023-05-01 14:33:44.624 [DEBUG] [thread-id 1] - Executing function: 'us.functions.global.navigation.accountToHome'
2023-05-01 14:33:44.656 [DEBUG] [thread-id 1] - conditionally execute a flow. condition: true
2023-05-01 14:33:44.713 [DEBUG] [thread-id 1] - Scroll: up
2023-05-01 14:33:45.481 [DEBUG] [thread-id 1] - Verify identifier: {com.walmart.android.debug:id/purchase_history_header=[true]}
2023-05-01 14:33:45.527 [DEBUG] [thread-id 1] - Click element: 'com.walmart.android.debug:id/navigation_shop'
2023-05-01 14:33:46.186 [DEBUG] [thread-id 1] - Executing function: 'us.functions.home.closeWPlusPromotionPopUpIfDisplayed'
2023-05-01 14:33:46.187 [DEBUG] [thread-id 1] - sleep:  5000 milliseconds
2023-05-01 14:34:01.377 [DEBUG] [thread-id 1] - Executing function: 'us.functions.home.location.updateStore'
2023-05-01 14:34:01.391 [DEBUG] [thread-id 1] - Executing function: 'us.functions.gic.expandIfCollapsed'
2023-05-01 14:34:01.446 [DEBUG] [thread-id 1] - conditionally execute a flow. condition: true
2023-05-01 14:34:01.546 [DEBUG] [thread-id 1] - Click element: '//android.widget.ImageView[contains(@resource-id, "com.walmart.android.debug:id/global_intent_center_collapsed_chevron") and (contains(@content-desc,"collapsed") or contains(@content-desc,"collapse"))]'
2023-05-01 14:34:03.216 [DEBUG] [thread-id 1] - Verify identifier: {//*[contains(@resource-id, "global_intent_center_expanded_view")]//androidx.cardview.widget.CardView[contains(@resource-id, "global_intent_center_expanded_large_card")][position()=last()]//*[contains(@resource-id, "global_intent_center_large_card_chevron")]=[true]}
2023-05-01 14:34:03.275 [DEBUG] [thread-id 1] - Click element: '//*[contains(@resource-id, "global_intent_center_expanded_view")]//androidx.cardview.widget.CardView[contains(@resource-id, "global_intent_center_expanded_large_card")][position()=last()]//*[contains(@resource-id, "global_intent_center_large_card_chevron")]'
2023-05-01 14:34:05.979 [DEBUG] [thread-id 1] - Enter text: '95122'
2023-05-01 14:34:08.901 [WARN] [thread-id 1] - variable secondStore was used, but r2 could not find a value for this variable. returning default of null
2023-05-01 14:34:08.909 [DEBUG] [thread-id 1] - conditionally execute a flow. condition: false
2023-05-01 14:34:10.132 [DEBUG] [thread-id 1] - conditionally execute a flow. condition: true
2023-05-01 14:34:10.222 [DEBUG] [thread-id 1] - Click element: '//android.widget.TextView[contains(@text, "777 Story Rd, San Jose")]/following-sibling::android.widget.TextView[contains(@text, "95122")]|//android.widget.TextView[contains(@text, "777 Story Rd, San Jose")]'
2023-05-01 14:34:11.198 [DEBUG] [thread-id 1] - Click element: '//android.widget.Button[(@resource-id="com.walmart.android.debug:id/bookslot_store_save_button") or (@resource-id="com.walmart.android.debug:id/store_selector_store_save_button")] | //android.widget.Button[@content-desc="Reserve"] | //android.widget.Button[@resource-id="com.walmart.android.debug:id/bookslot_store_save_button"] | //android.widget.Button[@text="Save"]'
2023-05-01 14:34:12.436 [DEBUG] [thread-id 1] - Executing function: 'us.functions.gic.collapseIfExpanded'
2023-05-01 14:34:14.624 [DEBUG] [thread-id 1] - conditionally execute a flow. condition: true
2023-05-01 14:34:15.302 [DEBUG] [thread-id 1] - Click element: '//android.widget.ImageView[contains(@content-desc,"expanded")]'
2023-05-01 14:34:16.874 [DEBUG] [thread-id 1] - Executing function: 'us.functions.search.searchItem'
2023-05-01 14:34:16.881 [DEBUG] [thread-id 1] - loop: from 1 to 3
2023-05-01 14:34:27.054 [DEBUG] [thread-id 1] - conditionally execute a flow. condition: false
2023-05-01 14:34:27.125 [DEBUG] [thread-id 1] - Verify identifier: {com.walmart.android.debug:id/navigation_search=[true]}
2023-05-01 14:34:30.311 [DEBUG] [thread-id 1] - Click element: 'com.walmart.android.debug:id/navigation_search'
2023-05-01 14:34:31.752 [DEBUG] [thread-id 1] - Verify identifier: {com.walmart.android.debug:id/search_view=[true]}
2023-05-01 14:34:34.894 [DEBUG] [thread-id 1] - Click element: 'com.walmart.android.debug:id/search_view'
2023-05-01 14:34:35.683 [DEBUG] [thread-id 1] - Verify identifier: {com.walmart.android.debug:id/search_view=[true]}
2023-05-01 14:34:36.354 [DEBUG] [thread-id 1] - Enter text: '3961759827'
2023-05-01 14:34:39.019 [DEBUG] [thread-id 1] - sleep:  10000 milliseconds
2023-05-01 14:34:49.071 [DEBUG] [thread-id 1] - Hide keyboard: 'true'
2023-05-01 14:34:49.309 [DEBUG] [thread-id 1] - Executing function: 'us.functions.search.closeHowDoYouWantYourOrderBottomTray'
2023-05-01 14:34:49.330 [DEBUG] [thread-id 1] - Verify identifier: {//android.widget.TextView[@text = "Three easy ways to get your order"]=[true]}
2023-05-01 14:34:49.354 [DEBUG] [thread-id 1] - Click element: 'com.walmart.android.debug:id/search_close_button'
2023-05-01 14:35:01.977 [DEBUG] [thread-id 1] - conditionally execute a flow. condition: true
2023-05-01 14:35:02.067 [DEBUG] [thread-id 1] - Verify identifier: {//android.widget.ImageView[(@resource-id="com.walmart.android.debug:id/product_tile_list_view") or (@resource-id="com.walmart.android.debug:id/product_tile_image")]=[true]}
2023-05-01 14:35:12.161 [DEBUG] [thread-id 1] - conditionally execute a flow. condition: false
2023-05-01 14:35:12.219 [DEBUG] [thread-id 1] - Scroll: down
2023-05-01 14:35:40.139 [DEBUG] [thread-id 1] - Main failed: Is not present: '//android.widget.LinearLayout[@content-desc="Prescription available"]'
2023-05-01 14:35:40.185 [DEBUG] [thread-id 1] - Executing scenario: 'After'
2023-05-01 14:35:40.211 [DEBUG] [thread-id 1] - Executing function: 'us.functions.utils.afterSteps'
2023-05-01 14:35:40.213 [DEBUG] [thread-id 1] - Executing function: 'us.functions.utils.log.appVersionAndroid'
2023-05-01 14:35:40.221 [WARN] [thread-id 1] - variable R2_PROFILE was used, but r2 could not find a value for this variable. returning default of null
2023-05-01 14:35:40.228 [DEBUG] [thread-id 1] - conditionally execute a flow. condition: false
2023-05-01 14:35:40.266 [DEBUG] [thread-id 1] - Verify file: 'us/app-versions/android.txt'
2023-05-01 14:35:40.271 [DEBUG] [thread-id 1] - Glass Application version: 23.18
2023-05-01 14:35:43.019 [DEBUG] [thread-id 1] - Created report: /Users/m0k0a2f/glass-automation/report/index.html
2023-05-01 14:46:02.458 [DEBUG] [thread-id 1] - Executing R2 3.35.1: '/Users/m0k0a2f/glass-automation/us/test/test-scripts/android/golden-flows/vision-flows/C2685071-vision-search-item-and-open-item-detail.yaml' on device: 'Pixel_5_API_31'
2023-05-01 14:46:15.519 [DEBUG] [thread-id 1] - Executing scenario: 'Before'
2023-05-01 14:46:15.523 [DEBUG] [thread-id 1] - Execute before steps
2023-05-01 14:46:15.526 [DEBUG] [thread-id 1] - R2_SUBFLOW_PRE_TRANSACTION
2023-05-01 14:46:15.622 [DEBUG] [thread-id 1] - Using us-errors-helpers.yaml
2023-05-01 14:46:15.669 [DEBUG] [thread-id 1] - Start main
2023-05-01 14:46:15.673 [DEBUG] [thread-id 1] - Executing function: 'us.functions.global.onboarding.navigateOnboardingToHome'
2023-05-01 14:46:15.677 [DEBUG] [thread-id 1] - Executing function: 'us.function.utils.getEnvironmentValue'
2023-05-01 14:46:15.679 [DEBUG] [thread-id 1] - Store in: store the value 'teflon' in the variable 'env'
2023-05-01 14:46:25.682 [DEBUG] [thread-id 1] - conditionally execute a flow. condition: false
2023-05-01 14:46:25.792 [DEBUG] [thread-id 1] - Verify identifier: {//android.widget.TextView[contains(@text,"Welcome to Walmart")]=[true]}
2023-05-01 14:46:25.804 [DEBUG] [thread-id 1] - Start Activity: 'com.walmart.android.debug.com.walmart.glass.integration.splash.SplashActivity'
2023-05-01 14:46:38.657 [DEBUG] [thread-id 1] - conditionally execute a flow. condition: false
2023-05-01 14:46:38.699 [DEBUG] [thread-id 1] - Verify identifier: {//android.widget.TextView[contains(@text,"Welcome to Walmart")]=[true]}
2023-05-01 14:46:38.735 [DEBUG] [thread-id 1] - Click element: '//android.widget.Button[contains(@text, "Next")] | //android.widget.Button[contains(@text, "Continue")]'
2023-05-01 14:46:40.693 [DEBUG] [thread-id 1] - Verify identifier: {//android.widget.TextView[contains(@text,"Share your location")] | //android.widget.TextView[contains(@text,"Share your precise location")]=[true]}
2023-05-01 14:46:40.724 [DEBUG] [thread-id 1] - Click element: '//android.widget.Button[@text="Enter zip code"] | //android.widget.Button[@text="Enter postal code"]'
2023-05-01 14:46:42.224 [DEBUG] [thread-id 1] - Verify identifier: {//android.widget.TextView[@text ="Share your zip code"] | //android.widget.TextView[@text ="Share your postal code"]=[true]}
2023-05-01 14:46:42.244 [DEBUG] [thread-id 1] - Click element: '//android.widget.EditText[@text ="Enter zip code"] | //android.widget.EditText[@text ="Enter postal code"]'
2023-05-01 14:46:43.605 [DEBUG] [thread-id 1] - Enter text: '95122'
2023-05-01 14:46:45.574 [DEBUG] [thread-id 1] - Hide keyboard: 'true'
2023-05-01 14:46:52.369 [DEBUG] [thread-id 1] - Click element: '//android.widget.Button[@text="Search"]'
2023-05-01 14:46:56.579 [DEBUG] [thread-id 1] - Verify identifier: {//android.widget.TextView[@text ="Share your zip code"] | //android.widget.TextView[@text ="Share your postal code"]=[true]}
2023-05-01 14:46:56.581 [DEBUG] [thread-id 1] - Executing function: 'us.functions.global.onboarding.popUpScreen'
2023-05-01 14:46:56.581 [DEBUG] [thread-id 1] - sleep:  3000 milliseconds
2023-05-01 14:47:09.604 [DEBUG] [thread-id 1] - sleep:  3000 milliseconds
2023-05-01 14:47:12.609 [DEBUG] [thread-id 1] - Executing function: 'us.functions.home.personalizedPopUpScreenClose'
2023-05-01 14:47:12.610 [DEBUG] [thread-id 1] - sleep:  3000 milliseconds
2023-05-01 14:47:15.727 [DEBUG] [thread-id 1] - conditionally execute a flow. condition: true
2023-05-01 14:47:15.810 [DEBUG] [thread-id 1] - Click element: '//android.widget.Button[contains(@text, "Don’t allow")]'
2023-05-01 14:47:16.477 [DEBUG] [thread-id 1] - sleep:  3000 milliseconds
2023-05-01 14:47:19.484 [DEBUG] [thread-id 1] - Executing function: 'us.functions.utils.tryAgainWhenThereIsError'
2023-05-01 14:47:19.503 [DEBUG] [thread-id 1] - loop: from 0 to 3
2023-05-01 14:47:19.654 [DEBUG] [thread-id 1] - 0
2023-05-01 14:47:29.778 [DEBUG] [thread-id 1] - conditionally execute a flow. condition: false
2023-05-01 14:47:39.870 [DEBUG] [thread-id 1] - Executing function: 'us.functions.global.onboarding.smartLock.DismissNoneOfTheAbove'
2023-05-01 14:47:49.921 [DEBUG] [thread-id 1] - Executing function: 'us.functions.gic.collapseIfExpanded'
2023-05-01 14:47:49.992 [DEBUG] [thread-id 1] - conditionally execute a flow. condition: true
2023-05-01 14:47:50.094 [DEBUG] [thread-id 1] - Click element: '//android.widget.ImageView[contains(@content-desc,"expanded")]'
2023-05-01 14:47:51.718 [DEBUG] [thread-id 1] - Verify identifier: {com.walmart.android.debug:id/search_view=[true]}
2023-05-01 14:47:51.718 [DEBUG] [thread-id 1] - Executing function: 'us.functions.home.handleReorderToolTip'
2023-05-01 14:48:01.762 [DEBUG] [thread-id 1] - conditionally execute a flow. condition: false
2023-05-01 14:48:01.811 [DEBUG] [thread-id 1] - no tooltip displayed
2023-05-01 14:48:01.818 [DEBUG] [thread-id 1] - Timestamp: 1682977681818
2023-05-01 14:48:01.823 [DEBUG] [thread-id 1] - Store in: store the value 'wplususer1682977681818@walmarttest.com' in the variable 'email'
2023-05-01 14:48:01.825 [DEBUG] [thread-id 1] - Store in: store the value 'E2epassword$' in the variable 'password'
2023-05-01 14:48:01.826 [DEBUG] [thread-id 1] - Executing function: 'us.functions.utils.astro.createAccount'
2023-05-01 14:48:01.828 [DEBUG] [thread-id 1] - Create Account
2023-05-01 14:48:01.830 [DEBUG] [thread-id 1] - {"firstName": "Native","lastName": "Test","emailAddress": "wplususer1682977681818@walmarttest.com","phoneNumber": "4088968104","paymentMethods": ["VISA"],"postalAddress": {"address": "1350 Bacchus Dr","city": "San Jose","country": "USA","postalCode": "95122","state": "CA"},"password": "E2epassword$"}
2023-05-01 14:48:01.834 [DEBUG] [thread-id 1] - Call API: 'http://astro.walmart.com/api/v2/teflon/customer'
2023-05-01 14:48:12.068 [DEBUG] [thread-id 1] - Response code is: '200'. Response body is: '{"astroStatus":"SUCCESS","astroDescription":"SIGNUP_SUCCESS","astroDetails":{"status":"OK","statusCode":200,"customerAccountId":"85dc62b3-3f2b-46c1-ac6c-eb765dd1e913","customerDetails":{"firstName":"Native","lastName":"Test","emailAddress":"wplususer1682977681818@walmarttest.com","phoneNumber":"4088968104","paymentMethods":["VISA"],"postalAddress":{"address":"1350 Bacchus Dr","city":"San Jose","country":"USA","postalCode":"95122","state":"CA"},"password":"E2epassword$"},"addDeliveryPreference":"OK","addPaymentPreference":"OK","addPaymentPreferenceId":"ea13660d-878f-4e13-80c1-e103f10a75b6","customerPatch":"OK"}}'
2023-05-01 14:48:12.080 [DEBUG] [thread-id 1] - ea13660d-878f-4e13-80c1-e103f10a75b6
2023-05-01 14:48:12.086 [WARN] [thread-id 1] - variable withoutPayment was used, but r2 could not find a value for this variable. returning default of null
2023-05-01 14:48:12.107 [DEBUG] [thread-id 1] - conditionally execute a flow. condition: false
2023-05-01 14:48:12.203 [DEBUG] [thread-id 1] - Account created successfully
2023-05-01 14:48:12.214 [DEBUG] [thread-id 1] - Executing function: 'us.functions.home.navigateHomeToSignIn'
2023-05-01 14:48:12.264 [DEBUG] [thread-id 1] - Click element: '//android.widget.FrameLayout[@content-desc="Account"]/android.widget.ImageView | //android.widget.FrameLayout[@content-desc="Account"]'
2023-05-01 14:48:13.422 [DEBUG] [thread-id 1] - sleep:  5000 milliseconds
2023-05-01 14:48:18.549 [DEBUG] [thread-id 1] - Verify identifier: {//*[@resource-id="com.walmart.android.debug:id/sign_in_button"]|//*[@resource-id="com.walmart.android.debug:id/account_sign_in_button"]=[true]}
2023-05-01 14:48:18.552 [DEBUG] [thread-id 1] - loop: from 1 to 3
2023-05-01 14:48:18.620 [DEBUG] [thread-id 1] - Executing function: 'us.functions.global.onboarding.smartLock.DismissNoneOfTheAbove'
2023-05-01 14:48:28.744 [DEBUG] [thread-id 1] - conditionally execute a flow. condition: true
2023-05-01 14:48:28.814 [DEBUG] [thread-id 1] - Click element: '//*[@resource-id="com.walmart.android.debug:id/sign_in_button"]|//*[@resource-id="com.walmart.android.debug:id/account_sign_in_button"]'
2023-05-01 14:48:29.613 [DEBUG] [thread-id 1] - sleep:  3000 milliseconds
2023-05-01 14:48:33.177 [DEBUG] [thread-id 1] - conditionally execute a flow. condition: true
2023-05-01 14:48:33.204 [DEBUG] [thread-id 1] - Store in: store the value 'true' in the variable 'signInValidated'
2023-05-01 14:48:33.227 [DEBUG] [thread-id 1] - conditionally execute a flow. condition: true
2023-05-01 14:48:33.245 [DEBUG] [thread-id 1] - SignIn page loaded
2023-05-01 14:48:33.258 [DEBUG] [thread-id 1] - Store in: store the value 'false' in the variable 'signInValidated'
2023-05-01 14:48:33.262 [DEBUG] [thread-id 1] - Executing function: 'us.functions.global.authentication.signInAccount'
2023-05-01 14:48:33.266 [DEBUG] [thread-id 1] - Executing function: 'us.functions.global.onboarding.smartLock.DismissNoneOfTheAbove'
2023-05-01 14:48:43.379 [WARN] [thread-id 1] - variable validateSignInPage was used, but r2 could not find a value for this variable. returning default of null
2023-05-01 14:48:43.416 [DEBUG] [thread-id 1] - Verify identifier: {//android.widget.EditText[@text="Email"]=[true]}
2023-05-01 14:48:43.438 [DEBUG] [thread-id 1] - Enter text: 'wplususer1682977681818@walmarttest.com'
2023-05-01 14:48:45.505 [DEBUG] [thread-id 1] - loop: from 1 to 3
2023-05-01 14:48:46.172 [DEBUG] [thread-id 1] - sleep:  3000 milliseconds
2023-05-01 14:48:49.268 [DEBUG] [thread-id 1] - conditionally execute a flow. condition: true
2023-05-01 14:48:49.312 [DEBUG] [thread-id 1] - Click element: '//android.widget.Button[@text="Continue"]'
2023-05-01 14:48:50.013 [DEBUG] [thread-id 1] - sleep:  5000 milliseconds
2023-05-01 14:48:55.590 [DEBUG] [thread-id 1] - conditionally execute a flow. condition: true
2023-05-01 14:48:55.637 [DEBUG] [thread-id 1] - Store in: store the value 'true' in the variable 'signInValidated'
2023-05-01 14:48:55.679 [DEBUG] [thread-id 1] - conditionally execute a flow. condition: true
2023-05-01 14:48:55.708 [DEBUG] [thread-id 1] - Store in: store the value 'false' in the variable 'signInValidated'
2023-05-01 14:48:55.740 [DEBUG] [thread-id 1] - Email entered
2023-05-01 14:49:05.803 [WARN] [thread-id 1] - variable validateSignInPage was used, but r2 could not find a value for this variable. returning default of null
2023-05-01 14:49:05.806 [DEBUG] [thread-id 1] - loop: from 1 to 3
2023-05-01 14:49:05.819 [DEBUG] [thread-id 1] - sleep:  2000 milliseconds
2023-05-01 14:49:07.923 [DEBUG] [thread-id 1] - conditionally execute a flow. condition: true
2023-05-01 14:49:07.984 [DEBUG] [thread-id 1] - Enter text: 'E2epassword$'
2023-05-01 14:49:10.673 [DEBUG] [thread-id 1] - Press go back key: 'true'
2023-05-01 14:49:11.434 [DEBUG] [thread-id 1] - sleep:  1000 milliseconds
2023-05-01 14:49:12.589 [DEBUG] [thread-id 1] - Click element: '//android.widget.Button[@text="Sign in"] | //android.widget.Button[contains(@text,"Sign in")]'
2023-05-01 14:49:13.980 [DEBUG] [thread-id 1] - sleep:  5000 milliseconds
2023-05-01 14:49:19.368 [DEBUG] [thread-id 1] - conditionally execute a flow. condition: true
2023-05-01 14:49:19.416 [DEBUG] [thread-id 1] - Store in: store the value 'true' in the variable 'signInValidated'
2023-05-01 14:49:19.466 [DEBUG] [thread-id 1] - conditionally execute a flow. condition: true
2023-05-01 14:49:19.771 [DEBUG] [thread-id 1] - Account signed in
2023-05-01 14:49:19.774 [DEBUG] [thread-id 1] - Executing function: 'us.functions.utils.handleCartMergePopup'
2023-05-01 14:49:19.774 [DEBUG] [thread-id 1] - sleep:  7000 milliseconds
2023-05-01 14:49:26.796 [DEBUG] [thread-id 1] - loop: from 0 to 4
2023-05-01 14:49:26.928 [DEBUG] [thread-id 1] - 0
2023-05-01 14:49:37.078 [DEBUG] [thread-id 1] - conditionally execute a flow. condition: false
2023-05-01 14:49:37.130 [DEBUG] [thread-id 1] - No cart merge popup observed
2023-05-01 14:49:47.218 [DEBUG] [thread-id 1] - Executing function: 'us.functions.global.navigation.accountToHome'
2023-05-01 14:49:47.223 [DEBUG] [thread-id 1] - conditionally execute a flow. condition: true
2023-05-01 14:49:47.270 [DEBUG] [thread-id 1] - Scroll: up
2023-05-01 14:49:47.963 [DEBUG] [thread-id 1] - Verify identifier: {com.walmart.android.debug:id/purchase_history_header=[true]}
2023-05-01 14:49:48.003 [DEBUG] [thread-id 1] - Click element: 'com.walmart.android.debug:id/navigation_shop'
2023-05-01 14:49:50.024 [DEBUG] [thread-id 1] - Executing function: 'us.functions.home.closeWPlusPromotionPopUpIfDisplayed'
2023-05-01 14:49:50.025 [DEBUG] [thread-id 1] - sleep:  5000 milliseconds
2023-05-01 14:50:05.094 [DEBUG] [thread-id 1] - Executing function: 'us.functions.home.location.updateStore'
2023-05-01 14:50:05.108 [DEBUG] [thread-id 1] - Executing function: 'us.functions.gic.expandIfCollapsed'
2023-05-01 14:50:05.143 [DEBUG] [thread-id 1] - conditionally execute a flow. condition: true
2023-05-01 14:50:05.220 [DEBUG] [thread-id 1] - Click element: '//android.widget.ImageView[contains(@resource-id, "com.walmart.android.debug:id/global_intent_center_collapsed_chevron") and (contains(@content-desc,"collapsed") or contains(@content-desc,"collapse"))]'
2023-05-01 14:50:06.918 [DEBUG] [thread-id 1] - Verify identifier: {//*[contains(@resource-id, "global_intent_center_expanded_view")]//androidx.cardview.widget.CardView[contains(@resource-id, "global_intent_center_expanded_large_card")][position()=last()]//*[contains(@resource-id, "global_intent_center_large_card_chevron")]=[true]}
2023-05-01 14:50:06.969 [DEBUG] [thread-id 1] - Click element: '//*[contains(@resource-id, "global_intent_center_expanded_view")]//androidx.cardview.widget.CardView[contains(@resource-id, "global_intent_center_expanded_large_card")][position()=last()]//*[contains(@resource-id, "global_intent_center_large_card_chevron")]'
2023-05-01 14:50:28.881 [DEBUG] [thread-id 1] - Enter text: '95122'
2023-05-01 14:52:02.261 [WARN] [thread-id 1] - variable secondStore was used, but r2 could not find a value for this variable. returning default of null
2023-05-01 14:52:02.267 [DEBUG] [thread-id 1] - conditionally execute a flow. condition: false
2023-05-01 14:52:12.966 [DEBUG] [thread-id 1] - conditionally execute a flow. condition: true
2023-05-01 14:52:33.253 [DEBUG] [thread-id 1] - Click element: '//android.widget.TextView[contains(@text, "777 Story Rd, San Jose")]/following-sibling::android.widget.TextView[contains(@text, "95122")]|//android.widget.TextView[contains(@text, "777 Story Rd, San Jose")]'
2023-05-01 14:54:55.037 [DEBUG] [thread-id 1] - Click element: '//android.widget.Button[(@resource-id="com.walmart.android.debug:id/bookslot_store_save_button") or (@resource-id="com.walmart.android.debug:id/store_selector_store_save_button")] | //android.widget.Button[@content-desc="Reserve"] | //android.widget.Button[@resource-id="com.walmart.android.debug:id/bookslot_store_save_button"] | //android.widget.Button[@text="Save"]'
2023-05-01 14:56:59.235 [DEBUG] [thread-id 1] - Executing function: 'us.functions.gic.collapseIfExpanded'
2023-05-01 14:56:59.303 [DEBUG] [thread-id 1] - conditionally execute a flow. condition: true
2023-05-01 14:57:00.023 [DEBUG] [thread-id 1] - Click element: '//android.widget.ImageView[contains(@content-desc,"expanded")]'
2023-05-01 14:57:02.104 [DEBUG] [thread-id 1] - Executing function: 'us.functions.search.searchItem'
2023-05-01 14:57:02.114 [DEBUG] [thread-id 1] - loop: from 1 to 3
2023-05-01 14:57:12.229 [DEBUG] [thread-id 1] - conditionally execute a flow. condition: false
2023-05-01 14:57:12.297 [DEBUG] [thread-id 1] - Verify identifier: {com.walmart.android.debug:id/navigation_search=[true]}
2023-05-01 14:57:15.487 [DEBUG] [thread-id 1] - Click element: 'com.walmart.android.debug:id/navigation_search'
2023-05-01 14:57:16.995 [DEBUG] [thread-id 1] - Verify identifier: {com.walmart.android.debug:id/search_view=[true]}
2023-05-01 14:57:21.560 [DEBUG] [thread-id 1] - Click element: 'com.walmart.android.debug:id/search_view'
2023-05-01 14:57:22.374 [DEBUG] [thread-id 1] - Verify identifier: {com.walmart.android.debug:id/search_view=[true]}
2023-05-01 14:57:23.153 [DEBUG] [thread-id 1] - Enter text: '3961759827'
2023-05-01 14:57:26.031 [DEBUG] [thread-id 1] - sleep:  10000 milliseconds
2023-05-01 14:57:36.099 [DEBUG] [thread-id 1] - Hide keyboard: 'true'
2023-05-01 14:57:36.346 [DEBUG] [thread-id 1] - Executing function: 'us.functions.search.closeHowDoYouWantYourOrderBottomTray'
2023-05-01 14:57:36.364 [DEBUG] [thread-id 1] - Verify identifier: {//android.widget.TextView[@text = "Three easy ways to get your order"]=[true]}
2023-05-01 14:57:36.385 [DEBUG] [thread-id 1] - Click element: 'com.walmart.android.debug:id/search_close_button'
2023-05-01 14:57:49.011 [DEBUG] [thread-id 1] - conditionally execute a flow. condition: true
2023-05-01 14:57:49.084 [DEBUG] [thread-id 1] - Verify identifier: {//android.widget.ImageView[(@resource-id="com.walmart.android.debug:id/product_tile_list_view") or (@resource-id="com.walmart.android.debug:id/product_tile_image")]=[true]}
2023-05-01 14:57:59.134 [DEBUG] [thread-id 1] - conditionally execute a flow. condition: false
2023-05-01 14:57:59.176 [DEBUG] [thread-id 1] - Scroll: down
2023-05-01 14:58:03.347 [DEBUG] [thread-id 1] - Verify identifier: {//android.widget.LinearLayout[@content-desc="Prescription available"]=[true]}
2023-05-01 14:58:03.349 [DEBUG] [thread-id 1] - Executing function: 'us.functions.global.navigation.goToDeepLink'
2023-05-01 14:58:03.366 [DEBUG] [thread-id 1] - Verify value of: '$deepLinkUrl'
2023-05-01 14:58:03.367 [DEBUG] [thread-id 1] - Open link: 'walmart://ip/3961759827'
2023-05-01 14:58:03.588 [DEBUG] [thread-id 1] - Executing function: 'us.functions.item.visionItem.verifyPresent'
2023-05-01 14:58:08.025 [DEBUG] [thread-id 1] - Verify identifier: {//android.widget.Button[(@text="Add to cart")] | //android.widget.Button[(@resource-id="com.walmart.android.debug:id/textview_add_cart_cta")]=[true], com.walmart.android.debug:id/item_name=[true], com.walmart.android.debug:id/item_product_check_availability_nearby=[true], Prescription available=[true], com.walmart.android.debug:id/item_product_buy_now=[true]}
2023-05-01 14:58:08.025 [DEBUG] [thread-id 1] - Scroll: down
2023-05-01 14:58:11.996 [DEBUG] [thread-id 1] - Verify identifier: {//*[contains(@content-desc,"Product details")]=[true]}
2023-05-01 14:58:11.996 [DEBUG] [thread-id 1] - Scroll: up
2023-05-01 14:58:15.787 [DEBUG] [thread-id 1] - Executing function: 'us.functions.item.visionItem.verifySizeChart'
2023-05-01 14:58:15.789 [DEBUG] [thread-id 1] - Scroll: down
2023-05-01 14:58:16.429 [DEBUG] [thread-id 1] - Click element: 'com.walmart.android.debug:id/variant_size_guide_label'
2023-05-01 14:58:18.474 [DEBUG] [thread-id 1] - Verify identifier: {//android.widget.EditText[@text="Child"]=[true], com.walmart.android.debug:id/item_size_guide_drop_down=[true]}
2023-05-01 14:58:18.513 [DEBUG] [thread-id 1] - Click element: '//android.widget.ImageView[@content-desc="Go back"]'
2023-05-01 14:58:20.282 [DEBUG] [thread-id 1] - Executing function: 'us.functions.item.selectVariants'
2023-05-01 14:58:20.284 [DEBUG] [thread-id 1] - sleep:  5000 milliseconds
2023-05-01 14:58:25.307 [DEBUG] [thread-id 1] - Executing function: 'us.functions.utils.scrollIfNotVisible'
2023-05-01 14:58:35.317 [DEBUG] [thread-id 1] - conditionally execute a flow. condition: false
2023-05-01 14:58:35.363 [DEBUG] [thread-id 1] - conditionally execute a flow. condition: false
2023-05-01 14:58:35.385 [WARN] [thread-id 1] - variable identifierScope was used, but r2 could not find a value for this variable. returning default of null
2023-05-01 14:58:35.407 [DEBUG] [thread-id 1] - conditionally execute a flow. condition: true
2023-05-01 14:58:35.431 [DEBUG] [thread-id 1] - Scroll: down
2023-05-01 14:58:41.605 [DEBUG] [thread-id 1] - Resetting scrollPosition variable to default
2023-05-01 14:58:41.607 [DEBUG] [thread-id 1] - Store in: store the value 'null' in the variable 'scrollPosition'
2023-05-01 14:58:41.609 [DEBUG] [thread-id 1] - Store in: store the value 'null' in the variable 'identifierScope'
2023-05-01 14:58:41.695 [DEBUG] [thread-id 1] - Verify identifier: {//android.widget.TextView[@text="Black"] | //android.widget.LinearLayout[contains(@content-desc, "Black")]=[true]}
2023-05-01 14:58:41.741 [DEBUG] [thread-id 1] - Click element: '//android.widget.TextView[@text="Black"] | //android.widget.LinearLayout[contains(@content-desc, "Black")]'
2023-05-01 14:58:42.953 [DEBUG] [thread-id 1] - get string: from '//android.widget.TextView[@text="Black"] | //android.widget.LinearLayout[contains(@content-desc, "Black")]' [type='text']
2023-05-01 14:58:42.957 [DEBUG] [thread-id 1] - 
2023-05-01 14:58:42.958 [DEBUG] [thread-id 1] - sleep:  5000 milliseconds
2023-05-01 14:58:47.964 [DEBUG] [thread-id 1] - Executing function: 'us.functions.utils.scrollIfNotVisible'
2023-05-01 14:58:48.029 [DEBUG] [thread-id 1] - conditionally execute a flow. condition: true
2023-05-01 14:58:48.684 [DEBUG] [thread-id 1] - Required identifier already displayed
2023-05-01 14:58:48.685 [DEBUG] [thread-id 1] - Resetting scrollPosition variable to default
2023-05-01 14:58:48.685 [DEBUG] [thread-id 1] - Store in: store the value 'null' in the variable 'scrollPosition'
2023-05-01 14:58:48.685 [DEBUG] [thread-id 1] - Store in: store the value 'null' in the variable 'identifierScope'
2023-05-01 14:58:48.686 [DEBUG] [thread-id 1] - Scroll: right
2023-05-01 14:58:52.506 [DEBUG] [thread-id 1] - Verify identifier: {//android.widget.TextView[contains(@text,"Small")]=[true]}
2023-05-01 14:58:52.535 [DEBUG] [thread-id 1] - Click element: '//android.widget.TextView[contains(@text,"Small")]'
2023-05-01 14:58:53.205 [DEBUG] [thread-id 1] - get string: from '//android.widget.TextView[contains(@text,"Small")]' [type='text']
2023-05-01 14:58:53.208 [DEBUG] [thread-id 1] - Eyewear Frame Size: Kids Small (43-44mm)
2023-05-01 14:58:53.208 [DEBUG] [thread-id 1] - sleep:  5000 milliseconds
2023-05-01 14:58:58.226 [WARN] [thread-id 1] - variable Width was used, but r2 could not find a value for this variable. returning default of null
2023-05-01 14:58:58.371 [WARN] [thread-id 1] - variable Width was used, but r2 could not find a value for this variable. returning default of null
2023-05-01 14:58:58.433 [WARN] [thread-id 1] - variable Width was used, but r2 could not find a value for this variable. returning default of null
2023-05-01 14:58:58.499 [WARN] [thread-id 1] - variable Width was used, but r2 could not find a value for this variable. returning default of null
2023-05-01 14:58:58.554 [WARN] [thread-id 1] - variable Width was used, but r2 could not find a value for this variable. returning default of null
2023-05-01 14:58:58.612 [WARN] [thread-id 1] - variable Width was used, but r2 could not find a value for this variable. returning default of null
2023-05-01 14:58:58.669 [WARN] [thread-id 1] - variable Width was used, but r2 could not find a value for this variable. returning default of null
2023-05-01 14:58:58.739 [WARN] [thread-id 1] - variable Width was used, but r2 could not find a value for this variable. returning default of null
2023-05-01 14:58:58.795 [WARN] [thread-id 1] - variable Width was used, but r2 could not find a value for this variable. returning default of null
2023-05-01 14:58:58.854 [WARN] [thread-id 1] - variable Width was used, but r2 could not find a value for this variable. returning default of null
2023-05-01 14:58:58.912 [WARN] [thread-id 1] - variable Width was used, but r2 could not find a value for this variable. returning default of null
2023-05-01 14:58:58.965 [WARN] [thread-id 1] - variable Width was used, but r2 could not find a value for this variable. returning default of null
2023-05-01 14:58:59.023 [WARN] [thread-id 1] - variable Width was used, but r2 could not find a value for this variable. returning default of null
2023-05-01 14:58:59.084 [WARN] [thread-id 1] - variable Width was used, but r2 could not find a value for this variable. returning default of null
2023-05-01 14:58:59.160 [WARN] [thread-id 1] - variable Width was used, but r2 could not find a value for this variable. returning default of null
2023-05-01 14:58:59.222 [WARN] [thread-id 1] - variable Width was used, but r2 could not find a value for this variable. returning default of null
2023-05-01 14:58:59.276 [WARN] [thread-id 1] - variable Width was used, but r2 could not find a value for this variable. returning default of null
2023-05-01 14:58:59.335 [WARN] [thread-id 1] - variable Width was used, but r2 could not find a value for this variable. returning default of null
2023-05-01 14:58:59.395 [WARN] [thread-id 1] - variable Width was used, but r2 could not find a value for this variable. returning default of null
2023-05-01 14:58:59.455 [WARN] [thread-id 1] - variable Width was used, but r2 could not find a value for this variable. returning default of null
2023-05-01 14:58:59.516 [WARN] [thread-id 1] - variable Width was used, but r2 could not find a value for this variable. returning default of null
2023-05-01 14:58:59.581 [WARN] [thread-id 1] - variable Width was used, but r2 could not find a value for this variable. returning default of null
2023-05-01 14:58:59.639 [WARN] [thread-id 1] - variable Width was used, but r2 could not find a value for this variable. returning default of null
2023-05-01 14:58:59.695 [WARN] [thread-id 1] - variable Width was used, but r2 could not find a value for this variable. returning default of null
2023-05-01 14:58:59.748 [WARN] [thread-id 1] - variable Width was used, but r2 could not find a value for this variable. returning default of null
2023-05-01 14:58:59.804 [WARN] [thread-id 1] - variable Width was used, but r2 could not find a value for this variable. returning default of null
2023-05-01 14:58:59.861 [WARN] [thread-id 1] - variable Width was used, but r2 could not find a value for this variable. returning default of null
2023-05-01 14:58:59.918 [WARN] [thread-id 1] - variable Width was used, but r2 could not find a value for this variable. returning default of null
2023-05-01 14:58:59.973 [WARN] [thread-id 1] - variable Width was used, but r2 could not find a value for this variable. returning default of null
2023-05-01 14:59:00.035 [WARN] [thread-id 1] - variable Width was used, but r2 could not find a value for this variable. returning default of null
2023-05-01 14:59:00.094 [WARN] [thread-id 1] - variable Width was used, but r2 could not find a value for this variable. returning default of null
2023-05-01 14:59:00.151 [WARN] [thread-id 1] - variable Width was used, but r2 could not find a value for this variable. returning default of null
2023-05-01 14:59:00.206 [WARN] [thread-id 1] - variable Width was used, but r2 could not find a value for this variable. returning default of null
2023-05-01 14:59:00.263 [WARN] [thread-id 1] - variable Width was used, but r2 could not find a value for this variable. returning default of null
2023-05-01 14:59:00.317 [WARN] [thread-id 1] - variable Width was used, but r2 could not find a value for this variable. returning default of null
2023-05-01 14:59:00.407 [WARN] [thread-id 1] - variable Width was used, but r2 could not find a value for this variable. returning default of null
2023-05-01 14:59:00.495 [WARN] [thread-id 1] - variable Width was used, but r2 could not find a value for this variable. returning default of null
2023-05-01 14:59:00.555 [WARN] [thread-id 1] - variable Width was used, but r2 could not find a value for this variable. returning default of null
2023-05-01 14:59:00.610 [WARN] [thread-id 1] - variable Width was used, but r2 could not find a value for this variable. returning default of null
2023-05-01 14:59:00.669 [WARN] [thread-id 1] - variable Width was used, but r2 could not find a value for this variable. returning default of null
2023-05-01 14:59:00.726 [WARN] [thread-id 1] - variable Width was used, but r2 could not find a value for this variable. returning default of null
2023-05-01 14:59:00.789 [WARN] [thread-id 1] - variable Width was used, but r2 could not find a value for this variable. returning default of null
2023-05-01 14:59:01.477 [WARN] [thread-id 1] - variable Width was used, but r2 could not find a value for this variable. returning default of null
2023-05-01 14:59:01.539 [WARN] [thread-id 1] - variable Width was used, but r2 could not find a value for this variable. returning default of null
2023-05-01 14:59:01.611 [WARN] [thread-id 1] - variable Width was used, but r2 could not find a value for this variable. returning default of null
2023-05-01 14:59:01.688 [WARN] [thread-id 1] - variable Width was used, but r2 could not find a value for this variable. returning default of null
2023-05-01 14:59:01.742 [WARN] [thread-id 1] - variable Width was used, but r2 could not find a value for this variable. returning default of null
2023-05-01 14:59:01.795 [WARN] [thread-id 1] - variable Width was used, but r2 could not find a value for this variable. returning default of null
2023-05-01 14:59:01.858 [WARN] [thread-id 1] - variable Width was used, but r2 could not find a value for this variable. returning default of null
2023-05-01 14:59:01.914 [WARN] [thread-id 1] - variable Width was used, but r2 could not find a value for this variable. returning default of null
2023-05-01 14:59:01.967 [WARN] [thread-id 1] - variable Width was used, but r2 could not find a value for this variable. returning default of null
2023-05-01 14:59:02.027 [WARN] [thread-id 1] - variable Width was used, but r2 could not find a value for this variable. returning default of null
2023-05-01 14:59:02.087 [WARN] [thread-id 1] - variable Width was used, but r2 could not find a value for this variable. returning default of null
2023-05-01 14:59:02.141 [WARN] [thread-id 1] - variable Width was used, but r2 could not find a value for this variable. returning default of null
2023-05-01 14:59:02.197 [WARN] [thread-id 1] - variable Width was used, but r2 could not find a value for this variable. returning default of null
2023-05-01 14:59:02.253 [WARN] [thread-id 1] - variable Width was used, but r2 could not find a value for this variable. returning default of null
2023-05-01 14:59:02.311 [WARN] [thread-id 1] - variable Width was used, but r2 could not find a value for this variable. returning default of null
2023-05-01 14:59:02.366 [WARN] [thread-id 1] - variable Width was used, but r2 could not find a value for this variable. returning default of null
2023-05-01 14:59:02.424 [WARN] [thread-id 1] - variable Width was used, but r2 could not find a value for this variable. returning default of null
2023-05-01 14:59:02.481 [WARN] [thread-id 1] - variable Width was used, but r2 could not find a value for this variable. returning default of null
2023-05-01 14:59:02.540 [WARN] [thread-id 1] - variable Width was used, but r2 could not find a value for this variable. returning default of null
2023-05-01 14:59:02.597 [WARN] [thread-id 1] - variable Width was used, but r2 could not find a value for this variable. returning default of null
2023-05-01 14:59:02.654 [WARN] [thread-id 1] - variable Width was used, but r2 could not find a value for this variable. returning default of null
2023-05-01 14:59:02.708 [WARN] [thread-id 1] - variable Width was used, but r2 could not find a value for this variable. returning default of null
2023-05-01 14:59:02.762 [WARN] [thread-id 1] - variable Width was used, but r2 could not find a value for this variable. returning default of null
2023-05-01 14:59:02.816 [WARN] [thread-id 1] - variable Width was used, but r2 could not find a value for this variable. returning default of null
2023-05-01 14:59:02.911 [WARN] [thread-id 1] - variable Width was used, but r2 could not find a value for this variable. returning default of null
2023-05-01 14:59:02.981 [WARN] [thread-id 1] - variable Width was used, but r2 could not find a value for this variable. returning default of null
2023-05-01 14:59:03.032 [WARN] [thread-id 1] - variable Width was used, but r2 could not find a value for this variable. returning default of null
2023-05-01 14:59:03.092 [WARN] [thread-id 1] - variable Width was used, but r2 could not find a value for this variable. returning default of null
2023-05-01 14:59:03.153 [WARN] [thread-id 1] - variable Width was used, but r2 could not find a value for this variable. returning default of null
2023-05-01 14:59:03.216 [WARN] [thread-id 1] - variable Width was used, but r2 could not find a value for this variable. returning default of null
2023-05-01 14:59:03.274 [WARN] [thread-id 1] - variable Width was used, but r2 could not find a value for this variable. returning default of null
2023-05-01 14:59:03.330 [WARN] [thread-id 1] - variable Width was used, but r2 could not find a value for this variable. returning default of null
2023-05-01 14:59:03.385 [WARN] [thread-id 1] - variable Width was used, but r2 could not find a value for this variable. returning default of null
2023-05-01 14:59:03.444 [WARN] [thread-id 1] - variable Width was used, but r2 could not find a value for this variable. returning default of null
2023-05-01 14:59:03.510 [WARN] [thread-id 1] - variable Width was used, but r2 could not find a value for this variable. returning default of null
2023-05-01 14:59:03.593 [WARN] [thread-id 1] - variable Width was used, but r2 could not find a value for this variable. returning default of null
2023-05-01 14:59:03.681 [WARN] [thread-id 1] - variable Width was used, but r2 could not find a value for this variable. returning default of null
2023-05-01 14:59:03.765 [WARN] [thread-id 1] - variable Width was used, but r2 could not find a value for this variable. returning default of null
2023-05-01 14:59:03.825 [WARN] [thread-id 1] - variable Width was used, but r2 could not find a value for this variable. returning default of null
2023-05-01 14:59:03.882 [WARN] [thread-id 1] - variable Width was used, but r2 could not find a value for this variable. returning default of null
2023-05-01 14:59:03.943 [WARN] [thread-id 1] - variable Width was used, but r2 could not find a value for this variable. returning default of null
2023-05-01 14:59:03.998 [WARN] [thread-id 1] - variable Width was used, but r2 could not find a value for this variable. returning default of null
2023-05-01 14:59:04.051 [WARN] [thread-id 1] - variable Width was used, but r2 could not find a value for this variable. returning default of null
2023-05-01 14:59:04.105 [WARN] [thread-id 1] - variable Width was used, but r2 could not find a value for this variable. returning default of null
2023-05-01 14:59:04.164 [WARN] [thread-id 1] - variable Width was used, but r2 could not find a value for this variable. returning default of null
2023-05-01 14:59:04.221 [WARN] [thread-id 1] - variable Width was used, but r2 could not find a value for this variable. returning default of null
2023-05-01 14:59:04.276 [WARN] [thread-id 1] - variable Width was used, but r2 could not find a value for this variable. returning default of null
2023-05-01 14:59:04.341 [WARN] [thread-id 1] - variable Width was used, but r2 could not find a value for this variable. returning default of null
2023-05-01 14:59:04.403 [WARN] [thread-id 1] - variable Width was used, but r2 could not find a value for this variable. returning default of null
2023-05-01 14:59:04.466 [WARN] [thread-id 1] - variable Width was used, but r2 could not find a value for this variable. returning default of null
2023-05-01 14:59:04.521 [WARN] [thread-id 1] - variable Width was used, but r2 could not find a value for this variable. returning default of null
2023-05-01 14:59:04.581 [WARN] [thread-id 1] - variable Width was used, but r2 could not find a value for this variable. returning default of null
2023-05-01 14:59:04.643 [WARN] [thread-id 1] - variable Width was used, but r2 could not find a value for this variable. returning default of null
2023-05-01 14:59:04.699 [WARN] [thread-id 1] - variable Width was used, but r2 could not find a value for this variable. returning default of null
2023-05-01 14:59:04.756 [WARN] [thread-id 1] - variable Width was used, but r2 could not find a value for this variable. returning default of null
2023-05-01 14:59:04.813 [WARN] [thread-id 1] - variable Width was used, but r2 could not find a value for this variable. returning default of null
2023-05-01 14:59:04.867 [WARN] [thread-id 1] - variable Width was used, but r2 could not find a value for this variable. returning default of null
2023-05-01 14:59:04.926 [WARN] [thread-id 1] - variable Width was used, but r2 could not find a value for this variable. returning default of null
2023-05-01 14:59:04.982 [WARN] [thread-id 1] - variable Width was used, but r2 could not find a value for this variable. returning default of null
2023-05-01 14:59:05.040 [WARN] [thread-id 1] - variable Width was used, but r2 could not find a value for this variable. returning default of null
2023-05-01 14:59:05.101 [WARN] [thread-id 1] - variable Width was used, but r2 could not find a value for this variable. returning default of null
2023-05-01 14:59:05.158 [WARN] [thread-id 1] - variable Width was used, but r2 could not find a value for this variable. returning default of null
2023-05-01 14:59:05.214 [WARN] [thread-id 1] - variable Width was used, but r2 could not find a value for this variable. returning default of null
2023-05-01 14:59:05.273 [WARN] [thread-id 1] - variable Width was used, but r2 could not find a value for this variable. returning default of null
2023-05-01 14:59:05.328 [WARN] [thread-id 1] - variable Width was used, but r2 could not find a value for this variable. returning default of null
2023-05-01 14:59:05.389 [WARN] [thread-id 1] - variable Width was used, but r2 could not find a value for this variable. returning default of null
2023-05-01 14:59:05.450 [WARN] [thread-id 1] - variable Width was used, but r2 could not find a value for this variable. returning default of null
2023-05-01 14:59:05.506 [WARN] [thread-id 1] - variable Width was used, but r2 could not find a value for this variable. returning default of null
2023-05-01 14:59:05.565 [WARN] [thread-id 1] - variable Width was used, but r2 could not find a value for this variable. returning default of null
2023-05-01 14:59:05.624 [WARN] [thread-id 1] - variable Width was used, but r2 could not find a value for this variable. returning default of null
2023-05-01 14:59:05.679 [WARN] [thread-id 1] - variable Width was used, but r2 could not find a value for this variable. returning default of null
2023-05-01 14:59:05.735 [WARN] [thread-id 1] - variable Width was used, but r2 could not find a value for this variable. returning default of null
2023-05-01 14:59:05.788 [WARN] [thread-id 1] - variable Width was used, but r2 could not find a value for this variable. returning default of null
2023-05-01 14:59:05.852 [WARN] [thread-id 1] - variable Width was used, but r2 could not find a value for this variable. returning default of null
2023-05-01 14:59:05.908 [WARN] [thread-id 1] - variable Width was used, but r2 could not find a value for this variable. returning default of null
2023-05-01 14:59:05.966 [WARN] [thread-id 1] - variable Width was used, but r2 could not find a value for this variable. returning default of null
2023-05-01 14:59:06.027 [WARN] [thread-id 1] - variable Width was used, but r2 could not find a value for this variable. returning default of null
2023-05-01 14:59:06.095 [WARN] [thread-id 1] - variable Width was used, but r2 could not find a value for this variable. returning default of null
2023-05-01 14:59:06.153 [WARN] [thread-id 1] - variable Width was used, but r2 could not find a value for this variable. returning default of null
2023-05-01 14:59:06.206 [WARN] [thread-id 1] - variable Width was used, but r2 could not find a value for this variable. returning default of null
2023-05-01 14:59:06.261 [WARN] [thread-id 1] - variable Width was used, but r2 could not find a value for this variable. returning default of null
2023-05-01 14:59:06.319 [WARN] [thread-id 1] - variable Width was used, but r2 could not find a value for this variable. returning default of null
2023-05-01 14:59:06.376 [WARN] [thread-id 1] - variable Width was used, but r2 could not find a value for this variable. returning default of null
2023-05-01 14:59:06.435 [WARN] [thread-id 1] - variable Width was used, but r2 could not find a value for this variable. returning default of null
2023-05-01 14:59:06.488 [WARN] [thread-id 1] - variable Width was used, but r2 could not find a value for this variable. returning default of null
2023-05-01 14:59:06.546 [WARN] [thread-id 1] - variable Width was used, but r2 could not find a value for this variable. returning default of null
2023-05-01 14:59:06.602 [WARN] [thread-id 1] - variable Width was used, but r2 could not find a value for this variable. returning default of null
2023-05-01 14:59:06.660 [WARN] [thread-id 1] - variable Width was used, but r2 could not find a value for this variable. returning default of null
2023-05-01 14:59:06.719 [WARN] [thread-id 1] - variable Width was used, but r2 could not find a value for this variable. returning default of null
2023-05-01 14:59:06.772 [WARN] [thread-id 1] - variable Width was used, but r2 could not find a value for this variable. returning default of null
2023-05-01 14:59:06.828 [WARN] [thread-id 1] - variable Width was used, but r2 could not find a value for this variable. returning default of null
2023-05-01 14:59:06.884 [WARN] [thread-id 1] - variable Width was used, but r2 could not find a value for this variable. returning default of null
2023-05-01 14:59:06.940 [WARN] [thread-id 1] - variable Width was used, but r2 could not find a value for this variable. returning default of null
2023-05-01 14:59:07.002 [WARN] [thread-id 1] - variable Width was used, but r2 could not find a value for this variable. returning default of null
2023-05-01 14:59:07.063 [WARN] [thread-id 1] - variable Width was used, but r2 could not find a value for this variable. returning default of null
2023-05-01 14:59:07.118 [WARN] [thread-id 1] - variable Width was used, but r2 could not find a value for this variable. returning default of null
2023-05-01 14:59:07.176 [WARN] [thread-id 1] - variable Width was used, but r2 could not find a value for this variable. returning default of null
2023-05-01 14:59:07.230 [WARN] [thread-id 1] - variable Width was used, but r2 could not find a value for this variable. returning default of null
2023-05-01 14:59:07.285 [WARN] [thread-id 1] - variable Width was used, but r2 could not find a value for this variable. returning default of null
2023-05-01 14:59:07.343 [WARN] [thread-id 1] - variable Width was used, but r2 could not find a value for this variable. returning default of null
2023-05-01 14:59:07.404 [WARN] [thread-id 1] - variable Width was used, but r2 could not find a value for this variable. returning default of null
2023-05-01 14:59:07.470 [WARN] [thread-id 1] - variable Width was used, but r2 could not find a value for this variable. returning default of null
2023-05-01 14:59:07.528 [WARN] [thread-id 1] - variable Width was used, but r2 could not find a value for this variable. returning default of null
2023-05-01 14:59:07.589 [WARN] [thread-id 1] - variable Width was used, but r2 could not find a value for this variable. returning default of null
2023-05-01 14:59:07.644 [WARN] [thread-id 1] - variable Width was used, but r2 could not find a value for this variable. returning default of null
2023-05-01 14:59:07.699 [WARN] [thread-id 1] - variable Width was used, but r2 could not find a value for this variable. returning default of null
2023-05-01 14:59:07.754 [WARN] [thread-id 1] - variable Width was used, but r2 could not find a value for this variable. returning default of null
2023-05-01 14:59:07.810 [WARN] [thread-id 1] - variable Width was used, but r2 could not find a value for this variable. returning default of null
2023-05-01 14:59:07.867 [WARN] [thread-id 1] - variable Width was used, but r2 could not find a value for this variable. returning default of null
2023-05-01 14:59:07.925 [WARN] [thread-id 1] - variable Width was used, but r2 could not find a value for this variable. returning default of null
2023-05-01 14:59:07.978 [WARN] [thread-id 1] - variable Width was used, but r2 could not find a value for this variable. returning default of null
2023-05-01 14:59:08.049 [WARN] [thread-id 1] - variable Width was used, but r2 could not find a value for this variable. returning default of null
2023-05-01 14:59:08.145 [WARN] [thread-id 1] - variable Width was used, but r2 could not find a value for this variable. returning default of null
2023-05-01 14:59:08.209 [WARN] [thread-id 1] - variable Width was used, but r2 could not find a value for this variable. returning default of null
2023-05-01 14:59:08.240 [DEBUG] [thread-id 1] - Executing function: 'us.functions.item.visionItem.verifyChangeStoreCTA'
2023-05-01 14:59:08.253 [DEBUG] [thread-id 1] - Scroll: down
2023-05-01 14:59:08.910 [DEBUG] [thread-id 1] - Verify identifier: {com.walmart.android.debug:id/item_soi_title=[true], com.walmart.android.debug:id/change_address=[true]}
2023-05-01 14:59:08.936 [DEBUG] [thread-id 1] - Click element: 'com.walmart.android.debug:id/change_address'
2023-05-01 14:59:20.077 [DEBUG] [thread-id 1] - Verify identifier: {com.walmart.android.debug:id/store_selector_search_text_store=[true]}
2023-05-01 14:59:30.626 [DEBUG] [thread-id 1] - Click element: '//android.widget.Button[(@resource-id="com.walmart.android.debug:id/bookslot_store_save_button") or (@resource-id="com.walmart.android.debug:id/store_selector_store_save_button")] | //android.widget.Button[@content-desc="Reserve"] | //android.widget.Button[@resource-id="com.walmart.android.debug:id/bookslot_store_save_button"] | //android.widget.Button[@text="Save"]'
2023-05-01 15:01:34.156 [DEBUG] [thread-id 1] - sleep:  5000 milliseconds
2023-05-01 15:01:39.376 [DEBUG] [thread-id 1] - Verify identifier: {com.walmart.android.debug:id/item_soi_title=[true]}
2023-05-01 15:01:39.378 [DEBUG] [thread-id 1] - Executing function: 'us.functions.item.visionItem.verifyBuyInStoreCTA'
2023-05-01 15:01:39.387 [DEBUG] [thread-id 1] - Scroll: down
2023-05-01 15:01:40.000 [DEBUG] [thread-id 1] - Verify identifier: {com.walmart.android.debug:id/item_product_check_availability_nearby=[true]}
2023-05-01 15:01:40.032 [DEBUG] [thread-id 1] - Click element: 'com.walmart.android.debug:id/item_product_check_availability_nearby'
2023-05-01 15:01:41.409 [DEBUG] [thread-id 1] - Verify identifier: {com.walmart.android.debug:id/btn_continue_store_details=[true], com.walmart.android.debug:id/design_bottom_sheet=[true]}
2023-05-01 15:01:41.432 [DEBUG] [thread-id 1] - Click element: 'com.walmart.android.debug:id/btn_continue_store_details'
2023-05-01 15:01:49.192 [DEBUG] [thread-id 1] - Main failed: Is not present: 'com.android.chrome:id/url_bar'
2023-05-01 15:01:49.258 [DEBUG] [thread-id 1] - Executing scenario: 'After'
2023-05-01 15:01:49.277 [DEBUG] [thread-id 1] - Executing function: 'us.functions.utils.afterSteps'
2023-05-01 15:01:49.279 [DEBUG] [thread-id 1] - Executing function: 'us.functions.utils.log.appVersionAndroid'
2023-05-01 15:01:49.290 [WARN] [thread-id 1] - variable R2_PROFILE was used, but r2 could not find a value for this variable. returning default of null
2023-05-01 15:01:49.295 [DEBUG] [thread-id 1] - conditionally execute a flow. condition: false
2023-05-01 15:01:49.318 [DEBUG] [thread-id 1] - Verify file: 'us/app-versions/android.txt'
2023-05-01 15:01:49.327 [DEBUG] [thread-id 1] - Glass Application version: 23.18
2023-05-01 15:01:52.163 [DEBUG] [thread-id 1] - Created report: /Users/m0k0a2f/glass-automation/report/index.html
2023-05-01 15:56:34.728 [DEBUG] [thread-id 1] - Executing R2 3.35.1: '/Users/m0k0a2f/glass-automation/us/test/test-scripts/android/golden-flows/vision-flows/C2685071-vision-search-item-and-open-item-detail.yaml' on device: 'Pixel_5_API_31'
2023-05-01 15:56:48.405 [DEBUG] [thread-id 1] - Executing scenario: 'Before'
2023-05-01 15:56:48.410 [DEBUG] [thread-id 1] - Execute before steps
2023-05-01 15:56:48.411 [DEBUG] [thread-id 1] - R2_SUBFLOW_PRE_TRANSACTION
2023-05-01 15:56:48.502 [DEBUG] [thread-id 1] - Using us-errors-helpers.yaml
2023-05-01 15:56:48.565 [DEBUG] [thread-id 1] - Start main
2023-05-01 15:56:48.568 [DEBUG] [thread-id 1] - Executing function: 'us.functions.global.onboarding.navigateOnboardingToHome'
2023-05-01 15:56:48.572 [DEBUG] [thread-id 1] - Executing function: 'us.function.utils.getEnvironmentValue'
2023-05-01 15:56:48.574 [DEBUG] [thread-id 1] - Store in: store the value 'teflon' in the variable 'env'
2023-05-01 15:56:58.828 [DEBUG] [thread-id 1] - conditionally execute a flow. condition: false
2023-05-01 15:56:58.965 [DEBUG] [thread-id 1] - Verify identifier: {//android.widget.TextView[contains(@text,"Welcome to Walmart")]=[true]}
2023-05-01 15:56:58.977 [DEBUG] [thread-id 1] - Start Activity: 'com.walmart.android.debug.com.walmart.glass.integration.splash.SplashActivity'
2023-05-01 15:57:12.110 [DEBUG] [thread-id 1] - conditionally execute a flow. condition: false
2023-05-01 15:57:12.156 [DEBUG] [thread-id 1] - Verify identifier: {//android.widget.TextView[contains(@text,"Welcome to Walmart")]=[true]}
2023-05-01 15:57:12.195 [DEBUG] [thread-id 1] - Click element: '//android.widget.Button[contains(@text, "Next")] | //android.widget.Button[contains(@text, "Continue")]'
2023-05-01 15:57:14.439 [DEBUG] [thread-id 1] - Verify identifier: {//android.widget.TextView[contains(@text,"Share your location")] | //android.widget.TextView[contains(@text,"Share your precise location")]=[true]}
2023-05-01 15:57:14.497 [DEBUG] [thread-id 1] - Click element: '//android.widget.Button[@text="Enter zip code"] | //android.widget.Button[@text="Enter postal code"]'
2023-05-01 15:57:15.402 [DEBUG] [thread-id 1] - Verify identifier: {//android.widget.TextView[@text ="Share your zip code"] | //android.widget.TextView[@text ="Share your postal code"]=[true]}
2023-05-01 15:57:15.962 [DEBUG] [thread-id 1] - Click element: '//android.widget.EditText[@text ="Enter zip code"] | //android.widget.EditText[@text ="Enter postal code"]'
2023-05-01 15:57:17.505 [DEBUG] [thread-id 1] - Enter text: '95122'
2023-05-01 15:57:19.262 [DEBUG] [thread-id 1] - Hide keyboard: 'true'
2023-05-01 15:57:26.075 [DEBUG] [thread-id 1] - Click element: '//android.widget.Button[@text="Search"]'
2023-05-01 15:57:30.185 [DEBUG] [thread-id 1] - Verify identifier: {//android.widget.TextView[@text ="Share your zip code"] | //android.widget.TextView[@text ="Share your postal code"]=[true]}
2023-05-01 15:57:30.188 [DEBUG] [thread-id 1] - Executing function: 'us.functions.global.onboarding.popUpScreen'
2023-05-01 15:57:30.188 [DEBUG] [thread-id 1] - sleep:  3000 milliseconds
2023-05-01 15:57:43.210 [DEBUG] [thread-id 1] - sleep:  3000 milliseconds
2023-05-01 15:57:46.244 [DEBUG] [thread-id 1] - Executing function: 'us.functions.home.personalizedPopUpScreenClose'
2023-05-01 15:57:46.246 [DEBUG] [thread-id 1] - sleep:  3000 milliseconds
2023-05-01 15:57:49.389 [DEBUG] [thread-id 1] - conditionally execute a flow. condition: true
2023-05-01 15:57:49.433 [DEBUG] [thread-id 1] - Click element: '//android.widget.Button[contains(@text, "Don’t allow")]'
2023-05-01 15:57:50.094 [DEBUG] [thread-id 1] - sleep:  3000 milliseconds
2023-05-01 15:57:53.104 [DEBUG] [thread-id 1] - Executing function: 'us.functions.utils.tryAgainWhenThereIsError'
2023-05-01 15:57:53.139 [DEBUG] [thread-id 1] - loop: from 0 to 3
2023-05-01 15:57:53.291 [DEBUG] [thread-id 1] - 0
2023-05-01 15:58:03.437 [DEBUG] [thread-id 1] - conditionally execute a flow. condition: false
2023-05-01 15:58:13.559 [DEBUG] [thread-id 1] - Executing function: 'us.functions.global.onboarding.smartLock.DismissNoneOfTheAbove'
2023-05-01 15:58:23.607 [DEBUG] [thread-id 1] - Executing function: 'us.functions.gic.collapseIfExpanded'
2023-05-01 15:58:23.717 [DEBUG] [thread-id 1] - conditionally execute a flow. condition: true
2023-05-01 15:58:23.850 [DEBUG] [thread-id 1] - Click element: '//android.widget.ImageView[contains(@content-desc,"expanded")]'
2023-05-01 15:58:25.495 [DEBUG] [thread-id 1] - Verify identifier: {com.walmart.android.debug:id/search_view=[true]}
2023-05-01 15:58:25.496 [DEBUG] [thread-id 1] - Executing function: 'us.functions.home.handleReorderToolTip'
2023-05-01 15:58:35.595 [DEBUG] [thread-id 1] - conditionally execute a flow. condition: false
2023-05-01 15:58:35.651 [DEBUG] [thread-id 1] - no tooltip displayed
2023-05-01 15:58:35.664 [DEBUG] [thread-id 1] - Timestamp: 1682981915664
2023-05-01 15:58:35.667 [DEBUG] [thread-id 1] - Store in: store the value 'wplususer1682981915664@walmarttest.com' in the variable 'email'
2023-05-01 15:58:35.669 [DEBUG] [thread-id 1] - Store in: store the value 'E2epassword$' in the variable 'password'
2023-05-01 15:58:35.670 [DEBUG] [thread-id 1] - Executing function: 'us.functions.utils.astro.createAccount'
2023-05-01 15:58:35.673 [DEBUG] [thread-id 1] - Create Account
2023-05-01 15:58:35.676 [DEBUG] [thread-id 1] - {"firstName": "Native","lastName": "Test","emailAddress": "wplususer1682981915664@walmarttest.com","phoneNumber": "4088968104","paymentMethods": ["VISA"],"postalAddress": {"address": "1350 Bacchus Dr","city": "San Jose","country": "USA","postalCode": "95122","state": "CA"},"password": "E2epassword$"}
2023-05-01 15:58:35.678 [DEBUG] [thread-id 1] - Call API: 'http://astro.walmart.com/api/v2/teflon/customer'
2023-05-01 15:58:45.929 [DEBUG] [thread-id 1] - Response code is: '200'. Response body is: '{"astroStatus":"SUCCESS","astroDescription":"SIGNUP_SUCCESS","astroDetails":{"status":"OK","statusCode":200,"customerAccountId":"a760002e-dd7b-4bf5-81a9-54b8772e0fab","customerDetails":{"firstName":"Native","lastName":"Test","emailAddress":"wplususer1682981915664@walmarttest.com","phoneNumber":"4088968104","paymentMethods":["VISA"],"postalAddress":{"address":"1350 Bacchus Dr","city":"San Jose","country":"USA","postalCode":"95122","state":"CA"},"password":"E2epassword$"},"addDeliveryPreference":"OK","addPaymentPreference":"OK","addPaymentPreferenceId":"7238ad0e-c0ca-4b80-936d-dc13bc0e9075","customerPatch":"OK"}}'
2023-05-01 15:58:45.958 [DEBUG] [thread-id 1] - 7238ad0e-c0ca-4b80-936d-dc13bc0e9075
2023-05-01 15:58:45.963 [WARN] [thread-id 1] - variable withoutPayment was used, but r2 could not find a value for this variable. returning default of null
2023-05-01 15:58:45.991 [DEBUG] [thread-id 1] - conditionally execute a flow. condition: false
2023-05-01 15:58:46.134 [DEBUG] [thread-id 1] - Account created successfully
2023-05-01 15:58:46.149 [DEBUG] [thread-id 1] - Executing function: 'us.functions.home.navigateHomeToSignIn'
2023-05-01 15:58:46.214 [DEBUG] [thread-id 1] - Click element: '//android.widget.FrameLayout[@content-desc="Account"]/android.widget.ImageView | //android.widget.FrameLayout[@content-desc="Account"]'
2023-05-01 15:58:46.918 [DEBUG] [thread-id 1] - sleep:  5000 milliseconds
2023-05-01 15:58:52.049 [DEBUG] [thread-id 1] - Verify identifier: {//*[@resource-id="com.walmart.android.debug:id/sign_in_button"]|//*[@resource-id="com.walmart.android.debug:id/account_sign_in_button"]=[true]}
2023-05-01 15:58:52.059 [DEBUG] [thread-id 1] - loop: from 1 to 3
2023-05-01 15:58:52.126 [DEBUG] [thread-id 1] - Executing function: 'us.functions.global.onboarding.smartLock.DismissNoneOfTheAbove'
2023-05-01 15:59:02.278 [DEBUG] [thread-id 1] - conditionally execute a flow. condition: true
2023-05-01 15:59:02.365 [DEBUG] [thread-id 1] - Click element: '//*[@resource-id="com.walmart.android.debug:id/sign_in_button"]|//*[@resource-id="com.walmart.android.debug:id/account_sign_in_button"]'
2023-05-01 15:59:03.232 [DEBUG] [thread-id 1] - sleep:  3000 milliseconds
2023-05-01 15:59:06.810 [DEBUG] [thread-id 1] - conditionally execute a flow. condition: true
2023-05-01 15:59:06.842 [DEBUG] [thread-id 1] - Store in: store the value 'true' in the variable 'signInValidated'
2023-05-01 15:59:06.878 [DEBUG] [thread-id 1] - conditionally execute a flow. condition: true
2023-05-01 15:59:06.904 [DEBUG] [thread-id 1] - SignIn page loaded
2023-05-01 15:59:06.933 [DEBUG] [thread-id 1] - Store in: store the value 'false' in the variable 'signInValidated'
2023-05-01 15:59:06.939 [DEBUG] [thread-id 1] - Executing function: 'us.functions.global.authentication.signInAccount'
2023-05-01 15:59:06.941 [DEBUG] [thread-id 1] - Executing function: 'us.functions.global.onboarding.smartLock.DismissNoneOfTheAbove'
2023-05-01 15:59:16.965 [WARN] [thread-id 1] - variable validateSignInPage was used, but r2 could not find a value for this variable. returning default of null
2023-05-01 15:59:17.004 [DEBUG] [thread-id 1] - Verify identifier: {//android.widget.EditText[@text="Email"]=[true]}
2023-05-01 15:59:17.026 [DEBUG] [thread-id 1] - Enter text: 'wplususer1682981915664@walmarttest.com'
2023-05-01 15:59:19.244 [DEBUG] [thread-id 1] - loop: from 1 to 3
2023-05-01 15:59:19.874 [DEBUG] [thread-id 1] - sleep:  3000 milliseconds
2023-05-01 15:59:22.977 [DEBUG] [thread-id 1] - conditionally execute a flow. condition: true
2023-05-01 15:59:23.038 [DEBUG] [thread-id 1] - Click element: '//android.widget.Button[@text="Continue"]'
2023-05-01 15:59:23.805 [DEBUG] [thread-id 1] - sleep:  5000 milliseconds
2023-05-01 15:59:29.402 [DEBUG] [thread-id 1] - conditionally execute a flow. condition: true
2023-05-01 15:59:29.456 [DEBUG] [thread-id 1] - Store in: store the value 'true' in the variable 'signInValidated'
2023-05-01 15:59:29.509 [DEBUG] [thread-id 1] - conditionally execute a flow. condition: true
2023-05-01 15:59:29.537 [DEBUG] [thread-id 1] - Store in: store the value 'false' in the variable 'signInValidated'
2023-05-01 15:59:29.566 [DEBUG] [thread-id 1] - Email entered
2023-05-01 15:59:39.606 [WARN] [thread-id 1] - variable validateSignInPage was used, but r2 could not find a value for this variable. returning default of null
2023-05-01 15:59:39.612 [DEBUG] [thread-id 1] - loop: from 1 to 3
2023-05-01 15:59:39.630 [DEBUG] [thread-id 1] - sleep:  2000 milliseconds
2023-05-01 15:59:41.734 [DEBUG] [thread-id 1] - conditionally execute a flow. condition: true
2023-05-01 15:59:41.780 [DEBUG] [thread-id 1] - Enter text: 'E2epassword$'
2023-05-01 15:59:44.727 [DEBUG] [thread-id 1] - Press go back key: 'true'
2023-05-01 15:59:45.577 [DEBUG] [thread-id 1] - sleep:  1000 milliseconds
2023-05-01 15:59:46.692 [DEBUG] [thread-id 1] - Click element: '//android.widget.Button[@text="Sign in"] | //android.widget.Button[contains(@text,"Sign in")]'
2023-05-01 15:59:47.472 [DEBUG] [thread-id 1] - sleep:  5000 milliseconds
2023-05-01 15:59:53.298 [DEBUG] [thread-id 1] - conditionally execute a flow. condition: true
2023-05-01 15:59:53.361 [DEBUG] [thread-id 1] - Store in: store the value 'true' in the variable 'signInValidated'
2023-05-01 15:59:53.430 [DEBUG] [thread-id 1] - conditionally execute a flow. condition: true
2023-05-01 15:59:53.486 [DEBUG] [thread-id 1] - Account signed in
2023-05-01 15:59:53.488 [DEBUG] [thread-id 1] - Executing function: 'us.functions.utils.handleCartMergePopup'
2023-05-01 15:59:53.488 [DEBUG] [thread-id 1] - sleep:  7000 milliseconds
2023-05-01 16:00:00.511 [DEBUG] [thread-id 1] - loop: from 0 to 4
2023-05-01 16:00:00.692 [DEBUG] [thread-id 1] - 0
2023-05-01 16:00:10.838 [DEBUG] [thread-id 1] - conditionally execute a flow. condition: false
2023-05-01 16:00:10.898 [DEBUG] [thread-id 1] - No cart merge popup observed
2023-05-01 16:00:20.968 [DEBUG] [thread-id 1] - Executing function: 'us.functions.global.navigation.accountToHome'
2023-05-01 16:00:20.997 [DEBUG] [thread-id 1] - conditionally execute a flow. condition: true
2023-05-01 16:00:21.060 [DEBUG] [thread-id 1] - Scroll: up
2023-05-01 16:00:21.817 [DEBUG] [thread-id 1] - Verify identifier: {com.walmart.android.debug:id/purchase_history_header=[true]}
2023-05-01 16:00:21.873 [DEBUG] [thread-id 1] - Click element: 'com.walmart.android.debug:id/navigation_shop'
2023-05-01 16:00:22.471 [DEBUG] [thread-id 1] - Executing function: 'us.functions.home.closeWPlusPromotionPopUpIfDisplayed'
2023-05-01 16:00:22.472 [DEBUG] [thread-id 1] - sleep:  5000 milliseconds
2023-05-01 16:00:37.515 [DEBUG] [thread-id 1] - Executing function: 'us.functions.home.location.updateStore'
2023-05-01 16:00:37.536 [DEBUG] [thread-id 1] - Executing function: 'us.functions.gic.expandIfCollapsed'
2023-05-01 16:00:37.586 [DEBUG] [thread-id 1] - conditionally execute a flow. condition: true
2023-05-01 16:00:37.684 [DEBUG] [thread-id 1] - Click element: '//android.widget.ImageView[contains(@resource-id, "com.walmart.android.debug:id/global_intent_center_collapsed_chevron") and (contains(@content-desc,"collapsed") or contains(@content-desc,"collapse"))]'
2023-05-01 16:00:39.382 [DEBUG] [thread-id 1] - Verify identifier: {//*[contains(@resource-id, "global_intent_center_expanded_view")]//androidx.cardview.widget.CardView[contains(@resource-id, "global_intent_center_expanded_large_card")][position()=last()]//*[contains(@resource-id, "global_intent_center_large_card_chevron")]=[true]}
2023-05-01 16:00:39.444 [DEBUG] [thread-id 1] - Click element: '//*[contains(@resource-id, "global_intent_center_expanded_view")]//androidx.cardview.widget.CardView[contains(@resource-id, "global_intent_center_expanded_large_card")][position()=last()]//*[contains(@resource-id, "global_intent_center_large_card_chevron")]'
2023-05-01 16:01:01.645 [DEBUG] [thread-id 1] - Enter text: '95122'
2023-05-01 16:02:34.958 [WARN] [thread-id 1] - variable secondStore was used, but r2 could not find a value for this variable. returning default of null
2023-05-01 16:02:34.968 [DEBUG] [thread-id 1] - conditionally execute a flow. condition: false
2023-05-01 16:02:55.764 [DEBUG] [thread-id 1] - conditionally execute a flow. condition: true
2023-05-01 16:03:16.298 [DEBUG] [thread-id 1] - Click element: '//android.widget.TextView[contains(@text, "777 Story Rd, San Jose")]/following-sibling::android.widget.TextView[contains(@text, "95122")]|//android.widget.TextView[contains(@text, "777 Story Rd, San Jose")]'
2023-05-01 16:05:38.565 [DEBUG] [thread-id 1] - Click element: '//android.widget.Button[(@resource-id="com.walmart.android.debug:id/bookslot_store_save_button") or (@resource-id="com.walmart.android.debug:id/store_selector_store_save_button")] | //android.widget.Button[@content-desc="Reserve"] | //android.widget.Button[@resource-id="com.walmart.android.debug:id/bookslot_store_save_button"] | //android.widget.Button[@text="Save"]'
2023-05-01 16:07:43.322 [DEBUG] [thread-id 1] - Executing function: 'us.functions.gic.collapseIfExpanded'
2023-05-01 16:07:43.393 [DEBUG] [thread-id 1] - conditionally execute a flow. condition: true
2023-05-01 16:07:43.594 [DEBUG] [thread-id 1] - Click element: '//android.widget.ImageView[contains(@content-desc,"expanded")]'
2023-05-01 16:07:46.650 [DEBUG] [thread-id 1] - Executing function: 'us.functions.search.searchItem'
2023-05-01 16:07:46.667 [DEBUG] [thread-id 1] - loop: from 1 to 3
2023-05-01 16:07:57.079 [DEBUG] [thread-id 1] - conditionally execute a flow. condition: false
2023-05-01 16:07:57.145 [DEBUG] [thread-id 1] - Verify identifier: {com.walmart.android.debug:id/navigation_search=[true]}
2023-05-01 16:08:00.342 [DEBUG] [thread-id 1] - Click element: 'com.walmart.android.debug:id/navigation_search'
2023-05-01 16:08:01.901 [DEBUG] [thread-id 1] - Verify identifier: {com.walmart.android.debug:id/search_view=[true]}
2023-05-01 16:08:05.475 [DEBUG] [thread-id 1] - Click element: 'com.walmart.android.debug:id/search_view'
2023-05-01 16:08:06.382 [DEBUG] [thread-id 1] - Verify identifier: {com.walmart.android.debug:id/search_view=[true]}
2023-05-01 16:08:07.316 [DEBUG] [thread-id 1] - Enter text: '3961759827'
2023-05-01 16:08:11.215 [DEBUG] [thread-id 1] - sleep:  10000 milliseconds
2023-05-01 16:08:21.326 [DEBUG] [thread-id 1] - Hide keyboard: 'true'
2023-05-01 16:08:21.673 [DEBUG] [thread-id 1] - Executing function: 'us.functions.search.closeHowDoYouWantYourOrderBottomTray'
2023-05-01 16:08:21.709 [DEBUG] [thread-id 1] - Verify identifier: {//android.widget.TextView[@text = "Three easy ways to get your order"]=[true]}
2023-05-01 16:08:21.733 [DEBUG] [thread-id 1] - Click element: 'com.walmart.android.debug:id/search_close_button'
2023-05-01 16:08:34.467 [DEBUG] [thread-id 1] - conditionally execute a flow. condition: true
2023-05-01 16:08:34.564 [DEBUG] [thread-id 1] - Verify identifier: {//android.widget.ImageView[(@resource-id="com.walmart.android.debug:id/product_tile_list_view") or (@resource-id="com.walmart.android.debug:id/product_tile_image")]=[true]}
2023-05-01 16:08:44.635 [DEBUG] [thread-id 1] - conditionally execute a flow. condition: false
2023-05-01 16:08:44.692 [DEBUG] [thread-id 1] - Scroll: down
2023-05-01 16:08:48.280 [DEBUG] [thread-id 1] - Verify identifier: {//android.widget.LinearLayout[@content-desc="Prescription available"]=[true]}
2023-05-01 16:08:48.284 [DEBUG] [thread-id 1] - Executing function: 'us.functions.global.navigation.goToDeepLink'
2023-05-01 16:08:48.295 [DEBUG] [thread-id 1] - Verify value of: '$deepLinkUrl'
2023-05-01 16:08:48.296 [DEBUG] [thread-id 1] - Open link: 'walmart://ip/3961759827'
2023-05-01 16:08:48.595 [DEBUG] [thread-id 1] - Executing function: 'us.functions.item.visionItem.verifyPresent'
2023-05-01 16:08:52.785 [DEBUG] [thread-id 1] - Verify identifier: {//android.widget.Button[(@text="Add to cart")] | //android.widget.Button[(@resource-id="com.walmart.android.debug:id/textview_add_cart_cta")]=[true], com.walmart.android.debug:id/item_name=[true], com.walmart.android.debug:id/item_product_check_availability_nearby=[true], Prescription available=[true], com.walmart.android.debug:id/item_product_buy_now=[true]}
2023-05-01 16:08:52.792 [DEBUG] [thread-id 1] - Scroll: down
2023-05-01 16:08:56.675 [DEBUG] [thread-id 1] - Verify identifier: {//*[contains(@content-desc,"Product details")]=[true]}
2023-05-01 16:08:56.675 [DEBUG] [thread-id 1] - Scroll: up
2023-05-01 16:09:00.315 [DEBUG] [thread-id 1] - Executing function: 'us.functions.item.visionItem.verifySizeChart'
2023-05-01 16:09:00.345 [DEBUG] [thread-id 1] - Scroll: down
2023-05-01 16:09:01.648 [DEBUG] [thread-id 1] - Click element: 'com.walmart.android.debug:id/variant_size_guide_label'
2023-05-01 16:09:03.712 [DEBUG] [thread-id 1] - Verify identifier: {//android.widget.EditText[@text="Child"]=[true], com.walmart.android.debug:id/item_size_guide_drop_down=[true]}
2023-05-01 16:09:03.759 [DEBUG] [thread-id 1] - Click element: '//android.widget.ImageView[@content-desc="Go back"]'
2023-05-01 16:09:04.380 [DEBUG] [thread-id 1] - Executing function: 'us.functions.item.selectVariants'
2023-05-01 16:09:04.381 [DEBUG] [thread-id 1] - sleep:  5000 milliseconds
2023-05-01 16:09:09.391 [DEBUG] [thread-id 1] - Executing function: 'us.functions.utils.scrollIfNotVisible'
2023-05-01 16:09:19.433 [DEBUG] [thread-id 1] - conditionally execute a flow. condition: false
2023-05-01 16:09:19.505 [DEBUG] [thread-id 1] - conditionally execute a flow. condition: false
2023-05-01 16:09:19.536 [WARN] [thread-id 1] - variable identifierScope was used, but r2 could not find a value for this variable. returning default of null
2023-05-01 16:09:19.550 [DEBUG] [thread-id 1] - conditionally execute a flow. condition: true
2023-05-01 16:09:19.620 [DEBUG] [thread-id 1] - Scroll: down
2023-05-01 16:09:25.833 [DEBUG] [thread-id 1] - Resetting scrollPosition variable to default
2023-05-01 16:09:25.835 [DEBUG] [thread-id 1] - Store in: store the value 'null' in the variable 'scrollPosition'
2023-05-01 16:09:25.837 [DEBUG] [thread-id 1] - Store in: store the value 'null' in the variable 'identifierScope'
2023-05-01 16:09:25.947 [DEBUG] [thread-id 1] - Verify identifier: {//android.widget.TextView[@text="Black"] | //android.widget.LinearLayout[contains(@content-desc, "Black")]=[true]}
2023-05-01 16:09:26.013 [DEBUG] [thread-id 1] - Click element: '//android.widget.TextView[@text="Black"] | //android.widget.LinearLayout[contains(@content-desc, "Black")]'
2023-05-01 16:09:27.380 [DEBUG] [thread-id 1] - get string: from '//android.widget.TextView[@text="Black"] | //android.widget.LinearLayout[contains(@content-desc, "Black")]' [type='text']
2023-05-01 16:09:27.384 [DEBUG] [thread-id 1] - 
2023-05-01 16:09:27.385 [DEBUG] [thread-id 1] - sleep:  5000 milliseconds
2023-05-01 16:09:32.396 [DEBUG] [thread-id 1] - Executing function: 'us.functions.utils.scrollIfNotVisible'
2023-05-01 16:09:32.541 [DEBUG] [thread-id 1] - conditionally execute a flow. condition: true
2023-05-01 16:09:33.204 [DEBUG] [thread-id 1] - Required identifier already displayed
2023-05-01 16:09:33.206 [DEBUG] [thread-id 1] - Resetting scrollPosition variable to default
2023-05-01 16:09:33.207 [DEBUG] [thread-id 1] - Store in: store the value 'null' in the variable 'scrollPosition'
2023-05-01 16:09:33.207 [DEBUG] [thread-id 1] - Store in: store the value 'null' in the variable 'identifierScope'
2023-05-01 16:09:33.210 [DEBUG] [thread-id 1] - Scroll: right
2023-05-01 16:09:36.908 [DEBUG] [thread-id 1] - Verify identifier: {//android.widget.TextView[contains(@text,"Small")]=[true]}
2023-05-01 16:09:37.009 [DEBUG] [thread-id 1] - Click element: '//android.widget.TextView[contains(@text,"Small")]'
2023-05-01 16:09:37.672 [DEBUG] [thread-id 1] - get string: from '//android.widget.TextView[contains(@text,"Small")]' [type='text']
2023-05-01 16:09:37.678 [DEBUG] [thread-id 1] - Eyewear Frame Size: Kids Small (43-44mm)
2023-05-01 16:09:37.679 [DEBUG] [thread-id 1] - sleep:  5000 milliseconds
2023-05-01 16:09:42.687 [WARN] [thread-id 1] - variable Width was used, but r2 could not find a value for this variable. returning default of null
2023-05-01 16:09:42.821 [WARN] [thread-id 1] - variable Width was used, but r2 could not find a value for this variable. returning default of null
2023-05-01 16:09:42.893 [WARN] [thread-id 1] - variable Width was used, but r2 could not find a value for this variable. returning default of null
2023-05-01 16:09:42.971 [WARN] [thread-id 1] - variable Width was used, but r2 could not find a value for this variable. returning default of null
2023-05-01 16:09:43.035 [WARN] [thread-id 1] - variable Width was used, but r2 could not find a value for this variable. returning default of null
2023-05-01 16:09:43.105 [WARN] [thread-id 1] - variable Width was used, but r2 could not find a value for this variable. returning default of null
2023-05-01 16:09:43.179 [WARN] [thread-id 1] - variable Width was used, but r2 could not find a value for this variable. returning default of null
2023-05-01 16:09:43.255 [WARN] [thread-id 1] - variable Width was used, but r2 could not find a value for this variable. returning default of null
2023-05-01 16:09:43.331 [WARN] [thread-id 1] - variable Width was used, but r2 could not find a value for this variable. returning default of null
2023-05-01 16:09:43.397 [WARN] [thread-id 1] - variable Width was used, but r2 could not find a value for this variable. returning default of null
2023-05-01 16:09:43.472 [WARN] [thread-id 1] - variable Width was used, but r2 could not find a value for this variable. returning default of null
2023-05-01 16:09:43.543 [WARN] [thread-id 1] - variable Width was used, but r2 could not find a value for this variable. returning default of null
2023-05-01 16:09:43.612 [WARN] [thread-id 1] - variable Width was used, but r2 could not find a value for this variable. returning default of null
2023-05-01 16:09:43.677 [WARN] [thread-id 1] - variable Width was used, but r2 could not find a value for this variable. returning default of null
2023-05-01 16:09:43.741 [WARN] [thread-id 1] - variable Width was used, but r2 could not find a value for this variable. returning default of null
2023-05-01 16:09:43.812 [WARN] [thread-id 1] - variable Width was used, but r2 could not find a value for this variable. returning default of null
2023-05-01 16:09:43.885 [WARN] [thread-id 1] - variable Width was used, but r2 could not find a value for this variable. returning default of null
2023-05-01 16:09:43.955 [WARN] [thread-id 1] - variable Width was used, but r2 could not find a value for this variable. returning default of null
2023-05-01 16:09:44.034 [WARN] [thread-id 1] - variable Width was used, but r2 could not find a value for this variable. returning default of null
2023-05-01 16:09:44.102 [WARN] [thread-id 1] - variable Width was used, but r2 could not find a value for this variable. returning default of null
2023-05-01 16:09:44.176 [WARN] [thread-id 1] - variable Width was used, but r2 could not find a value for this variable. returning default of null
2023-05-01 16:09:44.244 [WARN] [thread-id 1] - variable Width was used, but r2 could not find a value for this variable. returning default of null
2023-05-01 16:09:44.322 [WARN] [thread-id 1] - variable Width was used, but r2 could not find a value for this variable. returning default of null
2023-05-01 16:09:44.444 [WARN] [thread-id 1] - variable Width was used, but r2 could not find a value for this variable. returning default of null
2023-05-01 16:09:44.519 [WARN] [thread-id 1] - variable Width was used, but r2 could not find a value for this variable. returning default of null
2023-05-01 16:09:44.586 [WARN] [thread-id 1] - variable Width was used, but r2 could not find a value for this variable. returning default of null
2023-05-01 16:09:44.654 [WARN] [thread-id 1] - variable Width was used, but r2 could not find a value for this variable. returning default of null
2023-05-01 16:09:44.713 [WARN] [thread-id 1] - variable Width was used, but r2 could not find a value for this variable. returning default of null
2023-05-01 16:09:44.779 [WARN] [thread-id 1] - variable Width was used, but r2 could not find a value for this variable. returning default of null
2023-05-01 16:09:44.845 [WARN] [thread-id 1] - variable Width was used, but r2 could not find a value for this variable. returning default of null
2023-05-01 16:09:44.908 [WARN] [thread-id 1] - variable Width was used, but r2 could not find a value for this variable. returning default of null
2023-05-01 16:09:44.978 [WARN] [thread-id 1] - variable Width was used, but r2 could not find a value for this variable. returning default of null
2023-05-01 16:09:45.042 [WARN] [thread-id 1] - variable Width was used, but r2 could not find a value for this variable. returning default of null
2023-05-01 16:09:45.105 [WARN] [thread-id 1] - variable Width was used, but r2 could not find a value for this variable. returning default of null
2023-05-01 16:09:45.176 [WARN] [thread-id 1] - variable Width was used, but r2 could not find a value for this variable. returning default of null
2023-05-01 16:09:45.236 [WARN] [thread-id 1] - variable Width was used, but r2 could not find a value for this variable. returning default of null
2023-05-01 16:09:45.297 [WARN] [thread-id 1] - variable Width was used, but r2 could not find a value for this variable. returning default of null
2023-05-01 16:09:45.358 [WARN] [thread-id 1] - variable Width was used, but r2 could not find a value for this variable. returning default of null
2023-05-01 16:09:45.475 [WARN] [thread-id 1] - variable Width was used, but r2 could not find a value for this variable. returning default of null
2023-05-01 16:09:45.558 [WARN] [thread-id 1] - variable Width was used, but r2 could not find a value for this variable. returning default of null
2023-05-01 16:09:45.634 [WARN] [thread-id 1] - variable Width was used, but r2 could not find a value for this variable. returning default of null
2023-05-01 16:09:45.698 [WARN] [thread-id 1] - variable Width was used, but r2 could not find a value for this variable. returning default of null
2023-05-01 16:09:45.806 [WARN] [thread-id 1] - variable Width was used, but r2 could not find a value for this variable. returning default of null
2023-05-01 16:09:45.903 [WARN] [thread-id 1] - variable Width was used, but r2 could not find a value for this variable. returning default of null
2023-05-01 16:09:45.974 [WARN] [thread-id 1] - variable Width was used, but r2 could not find a value for this variable. returning default of null
2023-05-01 16:09:46.039 [WARN] [thread-id 1] - variable Width was used, but r2 could not find a value for this variable. returning default of null
2023-05-01 16:09:46.104 [WARN] [thread-id 1] - variable Width was used, but r2 could not find a value for this variable. returning default of null
2023-05-01 16:09:46.169 [WARN] [thread-id 1] - variable Width was used, but r2 could not find a value for this variable. returning default of null
2023-05-01 16:09:46.247 [WARN] [thread-id 1] - variable Width was used, but r2 could not find a value for this variable. returning default of null
2023-05-01 16:09:46.330 [WARN] [thread-id 1] - variable Width was used, but r2 could not find a value for this variable. returning default of null
2023-05-01 16:09:46.403 [WARN] [thread-id 1] - variable Width was used, but r2 could not find a value for this variable. returning default of null
2023-05-01 16:09:46.472 [WARN] [thread-id 1] - variable Width was used, but r2 could not find a value for this variable. returning default of null
2023-05-01 16:09:46.544 [WARN] [thread-id 1] - variable Width was used, but r2 could not find a value for this variable. returning default of null
2023-05-01 16:09:46.610 [WARN] [thread-id 1] - variable Width was used, but r2 could not find a value for this variable. returning default of null
2023-05-01 16:09:46.672 [WARN] [thread-id 1] - variable Width was used, but r2 could not find a value for this variable. returning default of null
2023-05-01 16:09:46.737 [WARN] [thread-id 1] - variable Width was used, but r2 could not find a value for this variable. returning default of null
2023-05-01 16:09:46.804 [WARN] [thread-id 1] - variable Width was used, but r2 could not find a value for this variable. returning default of null
2023-05-01 16:09:46.875 [WARN] [thread-id 1] - variable Width was used, but r2 could not find a value for this variable. returning default of null
2023-05-01 16:09:46.941 [WARN] [thread-id 1] - variable Width was used, but r2 could not find a value for this variable. returning default of null
2023-05-01 16:09:46.999 [WARN] [thread-id 1] - variable Width was used, but r2 could not find a value for this variable. returning default of null
2023-05-01 16:09:47.067 [WARN] [thread-id 1] - variable Width was used, but r2 could not find a value for this variable. returning default of null
2023-05-01 16:09:47.128 [WARN] [thread-id 1] - variable Width was used, but r2 could not find a value for this variable. returning default of null
2023-05-01 16:09:47.193 [WARN] [thread-id 1] - variable Width was used, but r2 could not find a value for this variable. returning default of null
2023-05-01 16:09:47.254 [WARN] [thread-id 1] - variable Width was used, but r2 could not find a value for this variable. returning default of null
2023-05-01 16:09:47.319 [WARN] [thread-id 1] - variable Width was used, but r2 could not find a value for this variable. returning default of null
2023-05-01 16:09:47.377 [WARN] [thread-id 1] - variable Width was used, but r2 could not find a value for this variable. returning default of null
2023-05-01 16:09:47.448 [WARN] [thread-id 1] - variable Width was used, but r2 could not find a value for this variable. returning default of null
2023-05-01 16:09:47.517 [WARN] [thread-id 1] - variable Width was used, but r2 could not find a value for this variable. returning default of null
2023-05-01 16:09:47.583 [WARN] [thread-id 1] - variable Width was used, but r2 could not find a value for this variable. returning default of null
2023-05-01 16:09:47.665 [WARN] [thread-id 1] - variable Width was used, but r2 could not find a value for this variable. returning default of null
2023-05-01 16:09:47.737 [WARN] [thread-id 1] - variable Width was used, but r2 could not find a value for this variable. returning default of null
2023-05-01 16:09:47.809 [WARN] [thread-id 1] - variable Width was used, but r2 could not find a value for this variable. returning default of null
2023-05-01 16:09:47.886 [WARN] [thread-id 1] - variable Width was used, but r2 could not find a value for this variable. returning default of null
2023-05-01 16:09:47.959 [WARN] [thread-id 1] - variable Width was used, but r2 could not find a value for this variable. returning default of null
2023-05-01 16:09:48.042 [WARN] [thread-id 1] - variable Width was used, but r2 could not find a value for this variable. returning default of null
2023-05-01 16:09:48.117 [WARN] [thread-id 1] - variable Width was used, but r2 could not find a value for this variable. returning default of null
2023-05-01 16:09:48.184 [WARN] [thread-id 1] - variable Width was used, but r2 could not find a value for this variable. returning default of null
2023-05-01 16:09:48.274 [WARN] [thread-id 1] - variable Width was used, but r2 could not find a value for this variable. returning default of null
2023-05-01 16:09:48.380 [WARN] [thread-id 1] - variable Width was used, but r2 could not find a value for this variable. returning default of null
2023-05-01 16:09:48.463 [WARN] [thread-id 1] - variable Width was used, but r2 could not find a value for this variable. returning default of null
2023-05-01 16:09:48.534 [WARN] [thread-id 1] - variable Width was used, but r2 could not find a value for this variable. returning default of null
2023-05-01 16:09:48.599 [WARN] [thread-id 1] - variable Width was used, but r2 could not find a value for this variable. returning default of null
2023-05-01 16:09:48.668 [WARN] [thread-id 1] - variable Width was used, but r2 could not find a value for this variable. returning default of null
2023-05-01 16:09:48.733 [WARN] [thread-id 1] - variable Width was used, but r2 could not find a value for this variable. returning default of null
2023-05-01 16:09:48.802 [WARN] [thread-id 1] - variable Width was used, but r2 could not find a value for this variable. returning default of null
2023-05-01 16:09:48.874 [WARN] [thread-id 1] - variable Width was used, but r2 could not find a value for this variable. returning default of null
2023-05-01 16:09:48.944 [WARN] [thread-id 1] - variable Width was used, but r2 could not find a value for this variable. returning default of null
2023-05-01 16:09:49.011 [WARN] [thread-id 1] - variable Width was used, but r2 could not find a value for this variable. returning default of null
2023-05-01 16:09:49.081 [WARN] [thread-id 1] - variable Width was used, but r2 could not find a value for this variable. returning default of null
2023-05-01 16:09:49.144 [WARN] [thread-id 1] - variable Width was used, but r2 could not find a value for this variable. returning default of null
2023-05-01 16:09:49.208 [WARN] [thread-id 1] - variable Width was used, but r2 could not find a value for this variable. returning default of null
2023-05-01 16:09:49.294 [WARN] [thread-id 1] - variable Width was used, but r2 could not find a value for this variable. returning default of null
2023-05-01 16:09:49.356 [WARN] [thread-id 1] - variable Width was used, but r2 could not find a value for this variable. returning default of null
2023-05-01 16:09:49.422 [WARN] [thread-id 1] - variable Width was used, but r2 could not find a value for this variable. returning default of null
2023-05-01 16:09:49.490 [WARN] [thread-id 1] - variable Width was used, but r2 could not find a value for this variable. returning default of null
2023-05-01 16:09:49.555 [WARN] [thread-id 1] - variable Width was used, but r2 could not find a value for this variable. returning default of null
2023-05-01 16:09:49.625 [WARN] [thread-id 1] - variable Width was used, but r2 could not find a value for this variable. returning default of null
2023-05-01 16:09:49.690 [WARN] [thread-id 1] - variable Width was used, but r2 could not find a value for this variable. returning default of null
2023-05-01 16:09:49.752 [WARN] [thread-id 1] - variable Width was used, but r2 could not find a value for this variable. returning default of null
2023-05-01 16:09:49.825 [WARN] [thread-id 1] - variable Width was used, but r2 could not find a value for this variable. returning default of null
2023-05-01 16:09:49.897 [WARN] [thread-id 1] - variable Width was used, but r2 could not find a value for this variable. returning default of null
2023-05-01 16:09:49.960 [WARN] [thread-id 1] - variable Width was used, but r2 could not find a value for this variable. returning default of null
2023-05-01 16:09:50.033 [WARN] [thread-id 1] - variable Width was used, but r2 could not find a value for this variable. returning default of null
2023-05-01 16:09:50.113 [WARN] [thread-id 1] - variable Width was used, but r2 could not find a value for this variable. returning default of null
2023-05-01 16:09:50.192 [WARN] [thread-id 1] - variable Width was used, but r2 could not find a value for this variable. returning default of null
2023-05-01 16:09:50.251 [WARN] [thread-id 1] - variable Width was used, but r2 could not find a value for this variable. returning default of null
2023-05-01 16:09:50.318 [WARN] [thread-id 1] - variable Width was used, but r2 could not find a value for this variable. returning default of null
2023-05-01 16:09:50.395 [WARN] [thread-id 1] - variable Width was used, but r2 could not find a value for this variable. returning default of null
2023-05-01 16:09:50.465 [WARN] [thread-id 1] - variable Width was used, but r2 could not find a value for this variable. returning default of null
2023-05-01 16:09:50.534 [WARN] [thread-id 1] - variable Width was used, but r2 could not find a value for this variable. returning default of null
2023-05-01 16:09:50.600 [WARN] [thread-id 1] - variable Width was used, but r2 could not find a value for this variable. returning default of null
2023-05-01 16:09:50.676 [WARN] [thread-id 1] - variable Width was used, but r2 could not find a value for this variable. returning default of null
2023-05-01 16:09:50.753 [WARN] [thread-id 1] - variable Width was used, but r2 could not find a value for this variable. returning default of null
2023-05-01 16:09:50.820 [WARN] [thread-id 1] - variable Width was used, but r2 could not find a value for this variable. returning default of null
2023-05-01 16:09:50.884 [WARN] [thread-id 1] - variable Width was used, but r2 could not find a value for this variable. returning default of null
2023-05-01 16:09:50.958 [WARN] [thread-id 1] - variable Width was used, but r2 could not find a value for this variable. returning default of null
2023-05-01 16:09:51.022 [WARN] [thread-id 1] - variable Width was used, but r2 could not find a value for this variable. returning default of null
2023-05-01 16:09:51.093 [WARN] [thread-id 1] - variable Width was used, but r2 could not find a value for this variable. returning default of null
2023-05-01 16:09:51.164 [WARN] [thread-id 1] - variable Width was used, but r2 could not find a value for this variable. returning default of null
2023-05-01 16:09:51.236 [WARN] [thread-id 1] - variable Width was used, but r2 could not find a value for this variable. returning default of null
2023-05-01 16:09:51.303 [WARN] [thread-id 1] - variable Width was used, but r2 could not find a value for this variable. returning default of null
2023-05-01 16:09:51.367 [WARN] [thread-id 1] - variable Width was used, but r2 could not find a value for this variable. returning default of null
2023-05-01 16:09:51.437 [WARN] [thread-id 1] - variable Width was used, but r2 could not find a value for this variable. returning default of null
2023-05-01 16:09:51.506 [WARN] [thread-id 1] - variable Width was used, but r2 could not find a value for this variable. returning default of null
2023-05-01 16:09:51.573 [WARN] [thread-id 1] - variable Width was used, but r2 could not find a value for this variable. returning default of null
2023-05-01 16:09:51.639 [WARN] [thread-id 1] - variable Width was used, but r2 could not find a value for this variable. returning default of null
2023-05-01 16:09:51.702 [WARN] [thread-id 1] - variable Width was used, but r2 could not find a value for this variable. returning default of null
2023-05-01 16:09:51.766 [WARN] [thread-id 1] - variable Width was used, but r2 could not find a value for this variable. returning default of null
2023-05-01 16:09:51.838 [WARN] [thread-id 1] - variable Width was used, but r2 could not find a value for this variable. returning default of null
2023-05-01 16:09:51.905 [WARN] [thread-id 1] - variable Width was used, but r2 could not find a value for this variable. returning default of null
2023-05-01 16:09:51.975 [WARN] [thread-id 1] - variable Width was used, but r2 could not find a value for this variable. returning default of null
2023-05-01 16:09:52.038 [WARN] [thread-id 1] - variable Width was used, but r2 could not find a value for this variable. returning default of null
2023-05-01 16:09:52.100 [WARN] [thread-id 1] - variable Width was used, but r2 could not find a value for this variable. returning default of null
2023-05-01 16:09:52.174 [WARN] [thread-id 1] - variable Width was used, but r2 could not find a value for this variable. returning default of null
2023-05-01 16:09:52.233 [WARN] [thread-id 1] - variable Width was used, but r2 could not find a value for this variable. returning default of null
2023-05-01 16:09:52.304 [WARN] [thread-id 1] - variable Width was used, but r2 could not find a value for this variable. returning default of null
2023-05-01 16:09:52.385 [WARN] [thread-id 1] - variable Width was used, but r2 could not find a value for this variable. returning default of null
2023-05-01 16:09:52.454 [WARN] [thread-id 1] - variable Width was used, but r2 could not find a value for this variable. returning default of null
2023-05-01 16:09:52.521 [WARN] [thread-id 1] - variable Width was used, but r2 could not find a value for this variable. returning default of null
2023-05-01 16:09:52.590 [WARN] [thread-id 1] - variable Width was used, but r2 could not find a value for this variable. returning default of null
2023-05-01 16:09:52.652 [WARN] [thread-id 1] - variable Width was used, but r2 could not find a value for this variable. returning default of null
2023-05-01 16:09:52.720 [WARN] [thread-id 1] - variable Width was used, but r2 could not find a value for this variable. returning default of null
2023-05-01 16:09:52.750 [DEBUG] [thread-id 1] - Executing function: 'us.functions.item.visionItem.verifyChangeStoreCTA'
2023-05-01 16:09:52.757 [DEBUG] [thread-id 1] - Scroll: down
2023-05-01 16:09:53.430 [DEBUG] [thread-id 1] - Verify identifier: {com.walmart.android.debug:id/item_soi_title=[true], com.walmart.android.debug:id/change_address=[true]}
2023-05-01 16:09:53.462 [DEBUG] [thread-id 1] - Click element: 'com.walmart.android.debug:id/change_address'
2023-05-01 16:10:04.755 [DEBUG] [thread-id 1] - Verify identifier: {com.walmart.android.debug:id/store_selector_search_text_store=[true]}
2023-05-01 16:10:15.240 [DEBUG] [thread-id 1] - Click element: '//android.widget.Button[(@resource-id="com.walmart.android.debug:id/bookslot_store_save_button") or (@resource-id="com.walmart.android.debug:id/store_selector_store_save_button")] | //android.widget.Button[@content-desc="Reserve"] | //android.widget.Button[@resource-id="com.walmart.android.debug:id/bookslot_store_save_button"] | //android.widget.Button[@text="Save"]'
2023-05-01 16:12:19.930 [DEBUG] [thread-id 1] - sleep:  5000 milliseconds
2023-05-01 16:12:25.069 [DEBUG] [thread-id 1] - Verify identifier: {com.walmart.android.debug:id/item_soi_title=[true]}
2023-05-01 16:12:25.075 [DEBUG] [thread-id 1] - Executing function: 'us.functions.item.visionItem.verifyBuyInStoreCTA'
2023-05-01 16:12:25.084 [DEBUG] [thread-id 1] - Scroll: down
2023-05-01 16:12:25.763 [DEBUG] [thread-id 1] - Verify identifier: {com.walmart.android.debug:id/item_product_check_availability_nearby=[true]}
2023-05-01 16:12:25.809 [DEBUG] [thread-id 1] - Click element: 'com.walmart.android.debug:id/item_product_check_availability_nearby'
2023-05-01 16:12:27.237 [DEBUG] [thread-id 1] - Verify identifier: {com.walmart.android.debug:id/btn_continue_store_details=[true], com.walmart.android.debug:id/design_bottom_sheet=[true]}
2023-05-01 16:12:27.281 [DEBUG] [thread-id 1] - Click element: 'com.walmart.android.debug:id/btn_continue_store_details'
2023-05-01 16:12:30.993 [DEBUG] [thread-id 1] - Verify identifier: {com.android.chrome:id/url_bar=[true]}
2023-05-01 16:12:30.994 [DEBUG] [thread-id 1] - Store in: store the value 'passed' in the variable 'testStatus'
2023-05-01 16:12:31.020 [DEBUG] [thread-id 1] - Executing scenario: 'After'
2023-05-01 16:12:31.037 [DEBUG] [thread-id 1] - Executing function: 'us.functions.utils.afterSteps'
2023-05-01 16:12:31.039 [DEBUG] [thread-id 1] - Executing function: 'us.functions.utils.log.appVersionAndroid'
2023-05-01 16:12:31.045 [WARN] [thread-id 1] - variable R2_PROFILE was used, but r2 could not find a value for this variable. returning default of null
2023-05-01 16:12:31.054 [DEBUG] [thread-id 1] - conditionally execute a flow. condition: false
2023-05-01 16:12:31.083 [DEBUG] [thread-id 1] - Verify file: 'us/app-versions/android.txt'
2023-05-01 16:12:31.088 [DEBUG] [thread-id 1] - Glass Application version: 23.18
2023-05-01 16:12:45.930 [DEBUG] [thread-id 1] - Created report: /Users/m0k0a2f/glass-automation/report/index.html
