2024-09-17 20:47:53.367 [DEBUG] [thread-id 1] - Executing R2 4.0.2: '/Users/m0k0a2f/glass-automation/./us/e2e-tests/test-scripts/android/golden-flows/wplus-flows/Benefits/to-be-reviewed/C2663330-churned-active-member-validations.yaml' on device: 'Pixel_8_Pro_API_34'
2024-09-17 20:47:53.462 [INFO] [thread-id 1] - url: http://127.0.0.1:4723
2024-09-17 20:48:09.128 [DEBUG] [thread-id 1] - Executing scenario: 'Before'
2024-09-17 20:48:09.130 [DEBUG] [thread-id 1] - R2_SUBFLOW_PRE_TRANSACTION
2024-09-17 20:48:09.131 [DEBUG] [thread-id 1] - Timestamp: 1726631289131
2024-09-17 20:48:09.132 [DEBUG] [thread-id 1] - Store in: store the value 'wplususer1726631289131@walmart.com' in the variable 'customerEmail'
2024-09-17 20:48:09.133 [DEBUG] [thread-id 1] - Executing function: 'us.functions.utils.astro.createTrialAccountConvertToPaid'
2024-09-17 20:48:09.134 [DEBUG] [thread-id 1] - Create Account
2024-09-17 20:48:09.135 [DEBUG] [thread-id 1] - us.data.createWplusAccountPayload.monthly
2024-09-17 20:48:09.135 [DEBUG] [thread-id 1] - Call API: 'http://astro.walmart.com/api/v2/teflon/customer'
2024-09-17 20:48:14.658 [DEBUG] [thread-id 1] - Response code is: '400'. Response body is: '{"statusCode":400,"error":"Bad Request","message":"Invalid request payload JSON format"}'
2024-09-17 20:48:15.907 [DEBUG] [thread-id 1] - Before failed: callAPI: Expected '200' but got '400'. url: http://astro.walmart.com/api/v2/teflon/customer
2024-09-17 20:48:17.076 [DEBUG] [thread-id 1] - Executing scenario: 'After'
2024-09-17 20:48:17.077 [DEBUG] [thread-id 1] - Executing function: 'us.functions.utils.afterSteps'
2024-09-17 20:48:17.078 [WARN] [thread-id 1] - variable testStatus was used, but r2 could not find a value for this variable. returning default of null
2024-09-17 20:48:17.089 [DEBUG] [thread-id 1] - conditionally execute a flow. condition: false
2024-09-17 20:48:17.236 [DEBUG] [thread-id 1] - Test failed
2024-09-17 20:48:18.968 [DEBUG] [thread-id 1] - Executing R2 4.0.2: '/Users/m0k0a2f/glass-automation/./us/e2e-tests/test-scripts/android/prod-flows/wplus-flows/Benefits/C2663330-wplus-churned-active-validation.yaml' on device: 'Pixel_8_Pro_API_34'
2024-09-17 20:48:18.968 [INFO] [thread-id 1] - url: http://127.0.0.1:4723
2024-09-17 20:48:32.169 [DEBUG] [thread-id 1] - Executing scenario: 'Before'
2024-09-17 20:48:32.171 [DEBUG] [thread-id 1] - R2_SUBFLOW_PRE_TRANSACTION
2024-09-17 20:48:32.374 [DEBUG] [thread-id 1] - Using us-errors-helpers.yaml
2024-09-17 20:48:32.573 [DEBUG] [thread-id 1] - Start Main
2024-09-17 20:48:32.575 [DEBUG] [thread-id 1] - Executing function: 'us.functions.global.onboarding.navigateOnboardingToHome'
2024-09-17 20:48:32.576 [DEBUG] [thread-id 1] - Executing function: 'us.function.utils.getEnvironmentValue'
2024-09-17 20:48:32.576 [DEBUG] [thread-id 1] - Store in: store the value 'production' in the variable 'env'
2024-09-17 20:48:32.577 [DEBUG] [thread-id 1] - Timestamp: 1726631312577
2024-09-17 20:48:32.582 [DEBUG] [thread-id 1] - Start Activity: 'com.walmart.android.debug.com.walmart.glass.integration.splash.SplashActivity'
2024-09-17 20:48:47.255 [DEBUG] [thread-id 1] - conditionally execute a flow. condition: false
2024-09-17 20:48:47.389 [DEBUG] [thread-id 1] - Verify identifier: {com.walmart.android.debug:id/onboarding_welcome_title_textview=[true]}
2024-09-17 20:48:57.446 [DEBUG] [thread-id 1] - conditionally execute a flow. condition: false
2024-09-17 20:48:57.596 [DEBUG] [thread-id 1] - Verify identifier: {com.walmart.android.debug:id/onboarding_welcome_title_textview=[true]}
2024-09-17 20:48:57.861 [DEBUG] [thread-id 1] - Click element: 'com.walmart.android.debug:id/onboarding_welcome_secondary_button'
2024-09-17 20:48:59.823 [WARN] [thread-id 1] - variable allowNotifications was used, but r2 could not find a value for this variable. returning default of null
2024-09-17 20:48:59.824 [DEBUG] [thread-id 1] - conditionally execute a flow. condition: false
2024-09-17 20:48:59.962 [DEBUG] [thread-id 1] - Verify identifier: {com.walmart.android.debug:id/onboarding_notification_title_textview=[true]}
2024-09-17 20:49:00.421 [DEBUG] [thread-id 1] - Click element: 'com.walmart.android.debug:id/onboarding_maybe_later_button'
2024-09-17 20:49:02.525 [DEBUG] [thread-id 1] - Verify identifier: {com.walmart.android.debug:id/onboarding_location_title_textview=[true]}
2024-09-17 20:49:02.643 [DEBUG] [thread-id 1] - Click element: 'com.walmart.android.debug:id/onboarding_zip_code_button'
2024-09-17 20:49:03.843 [DEBUG] [thread-id 1] - Verify identifier: {com.walmart.android.debug:id/onboarding_title_textview=[true]}
2024-09-17 20:49:04.209 [DEBUG] [thread-id 1] - Click element: '//android.widget.EditText[@text="Enter zip code"] | //android.widget.EditText[@text="Enter postal code"] | //android.widget.EditText[@resource-id="com.walmart.android.debug:id/onboarding_zip_code_textinput"]//android.widget.EditText'
2024-09-17 20:49:05.810 [DEBUG] [thread-id 1] - Enter text: '95122'
2024-09-17 20:49:07.660 [DEBUG] [thread-id 1] - Hide keyboard: 'true'
2024-09-17 20:49:14.425 [DEBUG] [thread-id 1] - Click element: 'com.walmart.android.debug:id/onboarding_zip_code_search_button'
2024-09-17 20:49:30.149 [DEBUG] [thread-id 1] - Main failed: Cannot click 'com.walmart.android.debug:id/onboarding_zip_code_search_button || com.walmart.android.debug:id/manual_barcode_entry_search_button'
2024-09-17 20:49:30.358 [DEBUG] [thread-id 1] - Executing scenario: 'After'
2024-09-17 20:49:30.360 [DEBUG] [thread-id 1] - Executing function: 'us.functions.utils.afterSteps'
2024-09-17 20:49:30.360 [WARN] [thread-id 1] - variable testStatus was used, but r2 could not find a value for this variable. returning default of null
2024-09-17 20:49:30.360 [DEBUG] [thread-id 1] - conditionally execute a flow. condition: false
2024-09-17 20:49:30.481 [DEBUG] [thread-id 1] - Test failed
2024-09-17 20:49:31.956 [DEBUG] [thread-id 1] - Created report: /Users/m0k0a2f/glass-automation/report/index.html
2024-09-17 21:04:27.850 [DEBUG] [thread-id 343] - Executing R2 4.0.2: '/Users/m0k0a2f/glass-automation/./us/e2e-tests/test-scripts/android/golden-flows/wplus-flows/Benefits/to-be-reviewed/C2663330-churned-active-member-validations.yaml' on device: 'Google Pixel 8 Pro GoogleAPI Emulator'
2024-09-17 21:04:27.967 [INFO] [thread-id 343] - url: https://SAUCE_USERNAME:SAUCE_ACCESS_KEY@ondemand.us-west-1.saucelabs.com:443/wd/hub
2024-09-17 21:04:29.411 [DEBUG] [thread-id 122] - Executing R2 4.0.2: '/Users/m0k0a2f/glass-automation/./us/e2e-tests/test-scripts/android/prod-flows/wplus-flows/Benefits/C2663330-wplus-churned-active-validation.yaml' on device: 'Google Pixel 8 Pro GoogleAPI Emulator'
2024-09-17 21:04:29.411 [INFO] [thread-id 122] - url: https://SAUCE_USERNAME:SAUCE_ACCESS_KEY@ondemand.us-west-1.saucelabs.com:443/wd/hub
2024-09-17 21:04:59.355 [ERROR] [thread-id 343] - error setting up appium session: 
org.openqa.selenium.SessionNotCreatedException: Could not start a new session. Response code 401. Message: failed serving request POST /wd/hub/session: Unauthorized 
Host info: host: 'm-xqkh4fwq5j', ip: '2603:8001:723f:c780:8437:984a:389c:707a%en0'
Build info: version: '4.13.0', revision: 'ba948ece5b*'
System info: os.name: 'Mac OS X', os.arch: 'aarch64', os.version: '14.6.1', java.version: '20.0.1'
Driver info: io.appium.java_client.android.AndroidDriver
Command: [null, newSession {capabilities=[{appium:adbExecTimeout=50000, appium:app=storage:filename=glass.apk, appium:appActivity=com.walmart.glass.integration.AutomationActivity, appium:appPackage=com.walmart.android.debug, appium:automationName=UiAutomator2, appium:commandTimeout=600, appium:deviceName=Google Pixel 8 Pro GoogleAPI Emulator, appium:fullReset=true, appium:idleTimeout=1000, appium:intentFlags=0, appium:newCommandTimeout=600000, appium:noReset=false, appium:noSign=true, appium:optionalIntentArguments=--es glass.auto.ServiceEnv TEFLON --es glass.auto.CCM '{ "feature.membership.annualPlanOffer.enabled": { "value": false } }', appium:orientation=PORTRAIT, appium:platformVersion=14.0, platformName=ANDROID, sauce:options={public=share, build=r2-glass-${APP_PLATFORM}-${TEST_TAGS}-${TEST_SESSION_ID}, appiumVersion=2.0.0, idleTimeout=1000, commandTimeout=600, name=C2663330-churned-active-member-validations.yaml, deviceOrientation=PORTRAIT}}], desiredCapabilities=Capabilities {appium:adbExecTimeout: 50000, appium:app: storage:filename=glass.apk, appium:appActivity: com.walmart.glass.integrati..., appium:appPackage: com.walmart.android.debug, appium:automationName: UiAutomator2, appium:commandTimeout: 600, appium:deviceName: Google Pixel 8 Pro GoogleAP..., appium:fullReset: true, appium:idleTimeout: 1000, appium:intentFlags: 0, appium:newCommandTimeout: 600000, appium:noReset: false, appium:noSign: true, appium:optionalIntentArguments: --es glass.auto.ServiceEnv ..., appium:orientation: PORTRAIT, appium:platformVersion: 14.0, platformName: ANDROID, sauce:options: {appiumVersion: 2.0.0, build: r2-glass-${APP_PLATFORM}-${..., commandTimeout: 600, deviceOrientation: PORTRAIT, idleTimeout: 1000, name: C2663330-churned-active-mem..., public: share}}}]
Capabilities {appium:adbExecTimeout: 50000, appium:app: storage:filename=glass.apk, appium:appActivity: com.walmart.glass.integrati..., appium:appPackage: com.walmart.android.debug, appium:automationName: UiAutomator2, appium:commandTimeout: 600, appium:deviceName: Google Pixel 8 Pro GoogleAP..., appium:fullReset: true, appium:idleTimeout: 1000, appium:intentFlags: 0, appium:newCommandTimeout: 600000, appium:noReset: false, appium:noSign: true, appium:optionalIntentArguments: --es glass.auto.ServiceEnv ..., appium:orientation: PORTRAIT, appium:platformVersion: 14.0, platformName: ANDROID, sauce:options: {appiumVersion: 2.0.0, build: r2-glass-${APP_PLATFORM}-${..., commandTimeout: 600, deviceOrientation: PORTRAIT, idleTimeout: 1000, name: C2663330-churned-active-mem..., public: share}}
	at org.openqa.selenium.remote.ProtocolHandshake.createSession(ProtocolHandshake.java:140) ~[r2.jar:4.0.2]
	at jdk.internal.reflect.DirectMethodHandleAccessor.invoke(DirectMethodHandleAccessor.java:104) ~[?:?]
	at java.lang.reflect.Method.invoke(Method.java:578) ~[?:?]
	at io.appium.java_client.remote.AppiumProtocolHandshake.createSession(AppiumProtocolHandshake.java:133) ~[r2.jar:4.0.2]
	at io.appium.java_client.remote.AppiumProtocolHandshake.createSession(AppiumProtocolHandshake.java:102) ~[r2.jar:4.0.2]
	at io.appium.java_client.remote.AppiumCommandExecutor.createSession(AppiumCommandExecutor.java:182) ~[r2.jar:4.0.2]
	at io.appium.java_client.remote.AppiumCommandExecutor.execute(AppiumCommandExecutor.java:250) ~[r2.jar:4.0.2]
	at org.openqa.selenium.remote.RemoteWebDriver.execute(RemoteWebDriver.java:602) ~[r2.jar:4.0.2]
	at io.appium.java_client.AppiumDriver.startSession(AppiumDriver.java:274) ~[r2.jar:4.0.2]
	at org.openqa.selenium.remote.RemoteWebDriver.<init>(RemoteWebDriver.java:163) ~[r2.jar:4.0.2]
	at io.appium.java_client.AppiumDriver.<init>(AppiumDriver.java:89) ~[r2.jar:4.0.2]
	at io.appium.java_client.AppiumDriver.<init>(AppiumDriver.java:101) ~[r2.jar:4.0.2]
	at io.appium.java_client.android.AndroidDriver.<init>(AndroidDriver.java:113) ~[r2.jar:4.0.2]
	at com.walmartlabs.executor.Appium.setupDriver(Appium.java:727) ~[r2.jar:4.0.2]
	at com.walmartlabs.executor.Appium.setupAppium(Appium.java:699) ~[r2.jar:4.0.2]
	at com.walmartlabs.executor.Executor.start(Executor.java:360) ~[r2.jar:4.0.2]
	at com.walmartlabs.executor.Executor.startExecution(Executor.java:188) ~[r2.jar:4.0.2]
	at com.walmartlabs.executor.MultipleConfigExecutor.executeConfig(MultipleConfigExecutor.java:319) ~[r2.jar:4.0.2]
	at com.walmartlabs.executor.MultipleConfigExecutor.lambda$getCallable$3(MultipleConfigExecutor.java:727) ~[r2.jar:4.0.2]
	at java.util.concurrent.FutureTask.run(FutureTask.java:317) ~[?:?]
	at java.util.concurrent.ThreadPoolExecutor.runWorker(ThreadPoolExecutor.java:1144) ~[?:?]
	at java.util.concurrent.ThreadPoolExecutor$Worker.run(ThreadPoolExecutor.java:642) ~[?:?]
	at java.lang.Thread.run(Thread.java:1623) [?:?]
2024-09-17 21:04:59.799 [ERROR] [thread-id 122] - error setting up appium session: 
org.openqa.selenium.SessionNotCreatedException: Could not start a new session. Response code 401. Message: failed serving request POST /wd/hub/session: Unauthorized 
Host info: host: 'm-xqkh4fwq5j', ip: '2603:8001:723f:c780:8437:984a:389c:707a%en0'
Build info: version: '4.13.0', revision: 'ba948ece5b*'
System info: os.name: 'Mac OS X', os.arch: 'aarch64', os.version: '14.6.1', java.version: '20.0.1'
Driver info: io.appium.java_client.android.AndroidDriver
Command: [null, newSession {capabilities=[{appium:adbExecTimeout=50000, appium:app=storage:filename=glass.apk, appium:appActivity=com.walmart.glass.integration.AutomationActivity, appium:appPackage=com.walmart.android.debug, appium:automationName=UiAutomator2, appium:commandTimeout=600, appium:deviceName=Google Pixel 8 Pro GoogleAPI Emulator, appium:fullReset=true, appium:idleTimeout=1000, appium:intentFlags=0, appium:newCommandTimeout=600000, appium:noReset=false, appium:noSign=true, appium:optionalIntentArguments=--es glass.auto.ServiceEnv TEFLON --es glass.auto.CCM '{ "feature.membership.annualPlanOffer.enabled": { "value": false } }', appium:orientation=PORTRAIT, appium:platformVersion=14.0, platformName=ANDROID, sauce:options={public=share, build=r2-glass-${APP_PLATFORM}-${TEST_TAGS}-${TEST_SESSION_ID}, appiumVersion=2.0.0, idleTimeout=1000, commandTimeout=600, name=C2663330-wplus-churned-active-validation.yaml, deviceOrientation=PORTRAIT}}], desiredCapabilities=Capabilities {appium:adbExecTimeout: 50000, appium:app: storage:filename=glass.apk, appium:appActivity: com.walmart.glass.integrati..., appium:appPackage: com.walmart.android.debug, appium:automationName: UiAutomator2, appium:commandTimeout: 600, appium:deviceName: Google Pixel 8 Pro GoogleAP..., appium:fullReset: true, appium:idleTimeout: 1000, appium:intentFlags: 0, appium:newCommandTimeout: 600000, appium:noReset: false, appium:noSign: true, appium:optionalIntentArguments: --es glass.auto.ServiceEnv ..., appium:orientation: PORTRAIT, appium:platformVersion: 14.0, platformName: ANDROID, sauce:options: {appiumVersion: 2.0.0, build: r2-glass-${APP_PLATFORM}-${..., commandTimeout: 600, deviceOrientation: PORTRAIT, idleTimeout: 1000, name: C2663330-wplus-churned-acti..., public: share}}}]
Capabilities {appium:adbExecTimeout: 50000, appium:app: storage:filename=glass.apk, appium:appActivity: com.walmart.glass.integrati..., appium:appPackage: com.walmart.android.debug, appium:automationName: UiAutomator2, appium:commandTimeout: 600, appium:deviceName: Google Pixel 8 Pro GoogleAP..., appium:fullReset: true, appium:idleTimeout: 1000, appium:intentFlags: 0, appium:newCommandTimeout: 600000, appium:noReset: false, appium:noSign: true, appium:optionalIntentArguments: --es glass.auto.ServiceEnv ..., appium:orientation: PORTRAIT, appium:platformVersion: 14.0, platformName: ANDROID, sauce:options: {appiumVersion: 2.0.0, build: r2-glass-${APP_PLATFORM}-${..., commandTimeout: 600, deviceOrientation: PORTRAIT, idleTimeout: 1000, name: C2663330-wplus-churned-acti..., public: share}}
	at org.openqa.selenium.remote.ProtocolHandshake.createSession(ProtocolHandshake.java:140) ~[r2.jar:4.0.2]
	at jdk.internal.reflect.DirectMethodHandleAccessor.invoke(DirectMethodHandleAccessor.java:104) ~[?:?]
	at java.lang.reflect.Method.invoke(Method.java:578) ~[?:?]
	at io.appium.java_client.remote.AppiumProtocolHandshake.createSession(AppiumProtocolHandshake.java:133) ~[r2.jar:4.0.2]
	at io.appium.java_client.remote.AppiumProtocolHandshake.createSession(AppiumProtocolHandshake.java:102) ~[r2.jar:4.0.2]
	at io.appium.java_client.remote.AppiumCommandExecutor.createSession(AppiumCommandExecutor.java:182) ~[r2.jar:4.0.2]
	at io.appium.java_client.remote.AppiumCommandExecutor.execute(AppiumCommandExecutor.java:250) ~[r2.jar:4.0.2]
	at org.openqa.selenium.remote.RemoteWebDriver.execute(RemoteWebDriver.java:602) ~[r2.jar:4.0.2]
	at io.appium.java_client.AppiumDriver.startSession(AppiumDriver.java:274) ~[r2.jar:4.0.2]
	at org.openqa.selenium.remote.RemoteWebDriver.<init>(RemoteWebDriver.java:163) ~[r2.jar:4.0.2]
	at io.appium.java_client.AppiumDriver.<init>(AppiumDriver.java:89) ~[r2.jar:4.0.2]
	at io.appium.java_client.AppiumDriver.<init>(AppiumDriver.java:101) ~[r2.jar:4.0.2]
	at io.appium.java_client.android.AndroidDriver.<init>(AndroidDriver.java:113) ~[r2.jar:4.0.2]
	at com.walmartlabs.executor.Appium.setupDriver(Appium.java:727) ~[r2.jar:4.0.2]
	at com.walmartlabs.executor.Appium.setupAppium(Appium.java:699) ~[r2.jar:4.0.2]
	at com.walmartlabs.executor.Executor.start(Executor.java:360) ~[r2.jar:4.0.2]
	at com.walmartlabs.executor.Executor.startExecution(Executor.java:188) ~[r2.jar:4.0.2]
	at com.walmartlabs.executor.MultipleConfigExecutor.executeConfig(MultipleConfigExecutor.java:319) ~[r2.jar:4.0.2]
	at com.walmartlabs.executor.MultipleConfigExecutor.lambda$getCallable$3(MultipleConfigExecutor.java:727) ~[r2.jar:4.0.2]
	at java.util.concurrent.FutureTask.run(FutureTask.java:317) ~[?:?]
	at java.util.concurrent.ThreadPoolExecutor.runWorker(ThreadPoolExecutor.java:1144) ~[?:?]
	at java.util.concurrent.ThreadPoolExecutor$Worker.run(ThreadPoolExecutor.java:642) ~[?:?]
	at java.lang.Thread.run(Thread.java:1623) [?:?]
2024-09-17 21:04:59.883 [DEBUG] [thread-id 1] - Created report: /Users/m0k0a2f/glass-automation/report/index.html
2024-09-17 21:09:40.910 [DEBUG] [thread-id 342] - Executing R2 4.0.2: '/Users/m0k0a2f/glass-automation/./us/e2e-tests/test-scripts/android/golden-flows/wplus-flows/Benefits/to-be-reviewed/C2663330-churned-active-member-validations.yaml' on device: 'Google Pixel 8 Pro GoogleAPI Emulator'
2024-09-17 21:09:41.005 [INFO] [thread-id 342] - url: https://SAUCE_USERNAME:SAUCE_ACCESS_KEY@ondemand.us-west-1.saucelabs.com:443/wd/hub
2024-09-17 21:09:41.750 [DEBUG] [thread-id 272] - Executing R2 4.0.2: '/Users/m0k0a2f/glass-automation/./us/e2e-tests/test-scripts/android/prod-flows/wplus-flows/Benefits/C2663330-wplus-churned-active-validation.yaml' on device: 'Google Pixel 8 Pro GoogleAPI Emulator'
2024-09-17 21:09:41.750 [INFO] [thread-id 272] - url: https://SAUCE_USERNAME:SAUCE_ACCESS_KEY@ondemand.us-west-1.saucelabs.com:443/wd/hub
2024-09-17 21:10:12.133 [ERROR] [thread-id 342] - error setting up appium session: 
org.openqa.selenium.SessionNotCreatedException: Could not start a new session. Response code 401. Message: failed serving request POST /wd/hub/session: Unauthorized 
Host info: host: 'm-xqkh4fwq5j', ip: '2603:8001:723f:c780:8437:984a:389c:707a%en0'
Build info: version: '4.13.0', revision: 'ba948ece5b*'
System info: os.name: 'Mac OS X', os.arch: 'aarch64', os.version: '14.6.1', java.version: '20.0.1'
Driver info: io.appium.java_client.android.AndroidDriver
Command: [null, newSession {capabilities=[{appium:adbExecTimeout=50000, appium:app=storage:filename=glass.apk, appium:appActivity=com.walmart.glass.integration.AutomationActivity, appium:appPackage=com.walmart.android.debug, appium:automationName=UiAutomator2, appium:commandTimeout=600, appium:deviceName=Google Pixel 8 Pro GoogleAPI Emulator, appium:fullReset=true, appium:idleTimeout=1000, appium:intentFlags=0, appium:newCommandTimeout=600000, appium:noReset=false, appium:noSign=true, appium:optionalIntentArguments=--es glass.auto.ServiceEnv TEFLON  --es glass.auto.CCM '{ "platform.productMetrics.isQuantumMetricEnabled.useDebugLogging": { "value": true } }', appium:orientation=PORTRAIT, appium:platformVersion=14.0, platformName=ANDROID, sauce:options={public=share, build=r2-glass-${APP_PLATFORM}-${TEST_TAGS}-${TEST_SESSION_ID}, appiumVersion=2.0.0, idleTimeout=1000, commandTimeout=600, name=C2663330-churned-active-member-validations.yaml, deviceOrientation=PORTRAIT}}], desiredCapabilities=Capabilities {appium:adbExecTimeout: 50000, appium:app: storage:filename=glass.apk, appium:appActivity: com.walmart.glass.integrati..., appium:appPackage: com.walmart.android.debug, appium:automationName: UiAutomator2, appium:commandTimeout: 600, appium:deviceName: Google Pixel 8 Pro GoogleAP..., appium:fullReset: true, appium:idleTimeout: 1000, appium:intentFlags: 0, appium:newCommandTimeout: 600000, appium:noReset: false, appium:noSign: true, appium:optionalIntentArguments: --es glass.auto.ServiceEnv ..., appium:orientation: PORTRAIT, appium:platformVersion: 14.0, platformName: ANDROID, sauce:options: {appiumVersion: 2.0.0, build: r2-glass-${APP_PLATFORM}-${..., commandTimeout: 600, deviceOrientation: PORTRAIT, idleTimeout: 1000, name: C2663330-churned-active-mem..., public: share}}}]
Capabilities {appium:adbExecTimeout: 50000, appium:app: storage:filename=glass.apk, appium:appActivity: com.walmart.glass.integrati..., appium:appPackage: com.walmart.android.debug, appium:automationName: UiAutomator2, appium:commandTimeout: 600, appium:deviceName: Google Pixel 8 Pro GoogleAP..., appium:fullReset: true, appium:idleTimeout: 1000, appium:intentFlags: 0, appium:newCommandTimeout: 600000, appium:noReset: false, appium:noSign: true, appium:optionalIntentArguments: --es glass.auto.ServiceEnv ..., appium:orientation: PORTRAIT, appium:platformVersion: 14.0, platformName: ANDROID, sauce:options: {appiumVersion: 2.0.0, build: r2-glass-${APP_PLATFORM}-${..., commandTimeout: 600, deviceOrientation: PORTRAIT, idleTimeout: 1000, name: C2663330-churned-active-mem..., public: share}}
	at org.openqa.selenium.remote.ProtocolHandshake.createSession(ProtocolHandshake.java:140) ~[r2.jar:4.0.2]
	at jdk.internal.reflect.DirectMethodHandleAccessor.invoke(DirectMethodHandleAccessor.java:104) ~[?:?]
	at java.lang.reflect.Method.invoke(Method.java:578) ~[?:?]
	at io.appium.java_client.remote.AppiumProtocolHandshake.createSession(AppiumProtocolHandshake.java:133) ~[r2.jar:4.0.2]
	at io.appium.java_client.remote.AppiumProtocolHandshake.createSession(AppiumProtocolHandshake.java:102) ~[r2.jar:4.0.2]
	at io.appium.java_client.remote.AppiumCommandExecutor.createSession(AppiumCommandExecutor.java:182) ~[r2.jar:4.0.2]
	at io.appium.java_client.remote.AppiumCommandExecutor.execute(AppiumCommandExecutor.java:250) ~[r2.jar:4.0.2]
	at org.openqa.selenium.remote.RemoteWebDriver.execute(RemoteWebDriver.java:602) ~[r2.jar:4.0.2]
	at io.appium.java_client.AppiumDriver.startSession(AppiumDriver.java:274) ~[r2.jar:4.0.2]
	at org.openqa.selenium.remote.RemoteWebDriver.<init>(RemoteWebDriver.java:163) ~[r2.jar:4.0.2]
	at io.appium.java_client.AppiumDriver.<init>(AppiumDriver.java:89) ~[r2.jar:4.0.2]
	at io.appium.java_client.AppiumDriver.<init>(AppiumDriver.java:101) ~[r2.jar:4.0.2]
	at io.appium.java_client.android.AndroidDriver.<init>(AndroidDriver.java:113) ~[r2.jar:4.0.2]
	at com.walmartlabs.executor.Appium.setupDriver(Appium.java:727) ~[r2.jar:4.0.2]
	at com.walmartlabs.executor.Appium.setupAppium(Appium.java:699) ~[r2.jar:4.0.2]
	at com.walmartlabs.executor.Executor.start(Executor.java:360) ~[r2.jar:4.0.2]
	at com.walmartlabs.executor.Executor.startExecution(Executor.java:188) ~[r2.jar:4.0.2]
	at com.walmartlabs.executor.MultipleConfigExecutor.executeConfig(MultipleConfigExecutor.java:319) ~[r2.jar:4.0.2]
	at com.walmartlabs.executor.MultipleConfigExecutor.lambda$getCallable$3(MultipleConfigExecutor.java:727) ~[r2.jar:4.0.2]
	at java.util.concurrent.FutureTask.run(FutureTask.java:317) ~[?:?]
	at java.util.concurrent.ThreadPoolExecutor.runWorker(ThreadPoolExecutor.java:1144) ~[?:?]
	at java.util.concurrent.ThreadPoolExecutor$Worker.run(ThreadPoolExecutor.java:642) ~[?:?]
	at java.lang.Thread.run(Thread.java:1623) [?:?]
2024-09-17 21:10:12.439 [ERROR] [thread-id 272] - error setting up appium session: 
org.openqa.selenium.SessionNotCreatedException: Could not start a new session. Response code 401. Message: failed serving request POST /wd/hub/session: Unauthorized 
Host info: host: 'm-xqkh4fwq5j', ip: '2603:8001:723f:c780:8437:984a:389c:707a%en0'
Build info: version: '4.13.0', revision: 'ba948ece5b*'
System info: os.name: 'Mac OS X', os.arch: 'aarch64', os.version: '14.6.1', java.version: '20.0.1'
Driver info: io.appium.java_client.android.AndroidDriver
Command: [null, newSession {capabilities=[{appium:adbExecTimeout=50000, appium:app=storage:filename=glass.apk, appium:appActivity=com.walmart.glass.integration.AutomationActivity, appium:appPackage=com.walmart.android.debug, appium:automationName=UiAutomator2, appium:commandTimeout=600, appium:deviceName=Google Pixel 8 Pro GoogleAPI Emulator, appium:fullReset=true, appium:idleTimeout=1000, appium:intentFlags=0, appium:newCommandTimeout=600000, appium:noReset=false, appium:noSign=true, appium:optionalIntentArguments=--es glass.auto.ServiceEnv TEFLON  --es glass.auto.CCM '{ "platform.productMetrics.isQuantumMetricEnabled.useDebugLogging": { "value": true } }', appium:orientation=PORTRAIT, appium:platformVersion=14.0, platformName=ANDROID, sauce:options={public=share, build=r2-glass-${APP_PLATFORM}-${TEST_TAGS}-${TEST_SESSION_ID}, appiumVersion=2.0.0, idleTimeout=1000, commandTimeout=600, name=C2663330-wplus-churned-active-validation.yaml, deviceOrientation=PORTRAIT}}], desiredCapabilities=Capabilities {appium:adbExecTimeout: 50000, appium:app: storage:filename=glass.apk, appium:appActivity: com.walmart.glass.integrati..., appium:appPackage: com.walmart.android.debug, appium:automationName: UiAutomator2, appium:commandTimeout: 600, appium:deviceName: Google Pixel 8 Pro GoogleAP..., appium:fullReset: true, appium:idleTimeout: 1000, appium:intentFlags: 0, appium:newCommandTimeout: 600000, appium:noReset: false, appium:noSign: true, appium:optionalIntentArguments: --es glass.auto.ServiceEnv ..., appium:orientation: PORTRAIT, appium:platformVersion: 14.0, platformName: ANDROID, sauce:options: {appiumVersion: 2.0.0, build: r2-glass-${APP_PLATFORM}-${..., commandTimeout: 600, deviceOrientation: PORTRAIT, idleTimeout: 1000, name: C2663330-wplus-churned-acti..., public: share}}}]
Capabilities {appium:adbExecTimeout: 50000, appium:app: storage:filename=glass.apk, appium:appActivity: com.walmart.glass.integrati..., appium:appPackage: com.walmart.android.debug, appium:automationName: UiAutomator2, appium:commandTimeout: 600, appium:deviceName: Google Pixel 8 Pro GoogleAP..., appium:fullReset: true, appium:idleTimeout: 1000, appium:intentFlags: 0, appium:newCommandTimeout: 600000, appium:noReset: false, appium:noSign: true, appium:optionalIntentArguments: --es glass.auto.ServiceEnv ..., appium:orientation: PORTRAIT, appium:platformVersion: 14.0, platformName: ANDROID, sauce:options: {appiumVersion: 2.0.0, build: r2-glass-${APP_PLATFORM}-${..., commandTimeout: 600, deviceOrientation: PORTRAIT, idleTimeout: 1000, name: C2663330-wplus-churned-acti..., public: share}}
	at org.openqa.selenium.remote.ProtocolHandshake.createSession(ProtocolHandshake.java:140) ~[r2.jar:4.0.2]
	at jdk.internal.reflect.DirectMethodHandleAccessor.invoke(DirectMethodHandleAccessor.java:104) ~[?:?]
	at java.lang.reflect.Method.invoke(Method.java:578) ~[?:?]
	at io.appium.java_client.remote.AppiumProtocolHandshake.createSession(AppiumProtocolHandshake.java:133) ~[r2.jar:4.0.2]
	at io.appium.java_client.remote.AppiumProtocolHandshake.createSession(AppiumProtocolHandshake.java:102) ~[r2.jar:4.0.2]
	at io.appium.java_client.remote.AppiumCommandExecutor.createSession(AppiumCommandExecutor.java:182) ~[r2.jar:4.0.2]
	at io.appium.java_client.remote.AppiumCommandExecutor.execute(AppiumCommandExecutor.java:250) ~[r2.jar:4.0.2]
	at org.openqa.selenium.remote.RemoteWebDriver.execute(RemoteWebDriver.java:602) ~[r2.jar:4.0.2]
	at io.appium.java_client.AppiumDriver.startSession(AppiumDriver.java:274) ~[r2.jar:4.0.2]
	at org.openqa.selenium.remote.RemoteWebDriver.<init>(RemoteWebDriver.java:163) ~[r2.jar:4.0.2]
	at io.appium.java_client.AppiumDriver.<init>(AppiumDriver.java:89) ~[r2.jar:4.0.2]
	at io.appium.java_client.AppiumDriver.<init>(AppiumDriver.java:101) ~[r2.jar:4.0.2]
	at io.appium.java_client.android.AndroidDriver.<init>(AndroidDriver.java:113) ~[r2.jar:4.0.2]
	at com.walmartlabs.executor.Appium.setupDriver(Appium.java:727) ~[r2.jar:4.0.2]
	at com.walmartlabs.executor.Appium.setupAppium(Appium.java:699) ~[r2.jar:4.0.2]
	at com.walmartlabs.executor.Executor.start(Executor.java:360) ~[r2.jar:4.0.2]
	at com.walmartlabs.executor.Executor.startExecution(Executor.java:188) ~[r2.jar:4.0.2]
	at com.walmartlabs.executor.MultipleConfigExecutor.executeConfig(MultipleConfigExecutor.java:319) ~[r2.jar:4.0.2]
	at com.walmartlabs.executor.MultipleConfigExecutor.lambda$getCallable$3(MultipleConfigExecutor.java:727) ~[r2.jar:4.0.2]
	at java.util.concurrent.FutureTask.run(FutureTask.java:317) ~[?:?]
	at java.util.concurrent.ThreadPoolExecutor.runWorker(ThreadPoolExecutor.java:1144) ~[?:?]
	at java.util.concurrent.ThreadPoolExecutor$Worker.run(ThreadPoolExecutor.java:642) ~[?:?]
	at java.lang.Thread.run(Thread.java:1623) [?:?]
2024-09-17 21:10:12.500 [DEBUG] [thread-id 1] - Created report: /Users/m0k0a2f/glass-automation/report/index.html
2024-09-17 21:15:15.650 [DEBUG] [thread-id 1] - Executing R2 4.0.2: '/Users/m0k0a2f/glass-automation/./us/e2e-tests/test-scripts/android/golden-flows/wplus-flows/Benefits/to-be-reviewed/C2663330-churned-active-member-validations.yaml' on device: 'Pixel_5_API_31'
2024-09-17 21:15:15.722 [INFO] [thread-id 1] - url: http://127.0.0.1:4723
2024-09-17 21:15:47.958 [ERROR] [thread-id 1] - error setting up appium session: 
org.openqa.selenium.SessionNotCreatedException: Could not start a new session. Response code 500. Message: An unknown server-side error occurred while processing the command. Original error: Unable to find an active device or emulator with OS 14.0. The following are available: emulator-5556 (12) 
Host info: host: 'm-xqkh4fwq5j', ip: '2603:8001:723f:c780:8437:984a:389c:707a%en0'
Build info: version: '4.13.0', revision: 'ba948ece5b*'
System info: os.name: 'Mac OS X', os.arch: 'aarch64', os.version: '14.6.1', java.version: '20.0.1'
Driver info: io.appium.java_client.android.AndroidDriver
Command: [null, newSession {capabilities=[{appium:adbExecTimeout=50000, appium:app=/Users/m0k0a2f/glass-automation/us/app/glass.apk, appium:appActivity=com.walmart.glass.integration.AutomationActivity, appium:appPackage=com.walmart.android.debug, appium:appiumVersion=2.0.0, appium:automationName=UiAutomator2, appium:commandTimeout=600, appium:deviceName=Pixel_5_API_31, appium:fullReset=true, appium:idleTimeout=1000, appium:intentFlags=0, appium:name=C2663330-churned-active-member-validations.yaml, appium:newCommandTimeout=600000, appium:noReset=false, appium:noSign=true, appium:optionalIntentArguments=--es glass.auto.ServiceEnv PRODUCTION, appium:orientation=PORTRAIT, appium:platformVersion=14.0, appium:public=share, platformName=ANDROID}], desiredCapabilities=Capabilities {appium:adbExecTimeout: 50000, appium:app: /Users/m0k0a2f/glass-automa..., appium:appActivity: com.walmart.glass.integrati..., appium:appPackage: com.walmart.android.debug, appium:appiumVersion: 2.0.0, appium:automationName: UiAutomator2, appium:commandTimeout: 600, appium:deviceName: Pixel_5_API_31, appium:fullReset: true, appium:idleTimeout: 1000, appium:intentFlags: 0, appium:name: C2663330-churned-active-mem..., appium:newCommandTimeout: 600000, appium:noReset: false, appium:noSign: true, appium:optionalIntentArguments: --es glass.auto.ServiceEnv ..., appium:orientation: PORTRAIT, appium:platformVersion: 14.0, appium:public: share, platformName: ANDROID}}]
Capabilities {appium:adbExecTimeout: 50000, appium:app: /Users/m0k0a2f/glass-automa..., appium:appActivity: com.walmart.glass.integrati..., appium:appPackage: com.walmart.android.debug, appium:appiumVersion: 2.0.0, appium:automationName: UiAutomator2, appium:commandTimeout: 600, appium:deviceName: Pixel_5_API_31, appium:fullReset: true, appium:idleTimeout: 1000, appium:intentFlags: 0, appium:name: C2663330-churned-active-mem..., appium:newCommandTimeout: 600000, appium:noReset: false, appium:noSign: true, appium:optionalIntentArguments: --es glass.auto.ServiceEnv ..., appium:orientation: PORTRAIT, appium:platformVersion: 14.0, appium:public: share, platformName: ANDROID}
	at org.openqa.selenium.remote.ProtocolHandshake.createSession(ProtocolHandshake.java:140) ~[r2.jar:4.0.2]
	at jdk.internal.reflect.DirectMethodHandleAccessor.invoke(DirectMethodHandleAccessor.java:104) ~[?:?]
	at java.lang.reflect.Method.invoke(Method.java:578) ~[?:?]
	at io.appium.java_client.remote.AppiumProtocolHandshake.createSession(AppiumProtocolHandshake.java:133) ~[r2.jar:4.0.2]
	at io.appium.java_client.remote.AppiumProtocolHandshake.createSession(AppiumProtocolHandshake.java:102) ~[r2.jar:4.0.2]
	at io.appium.java_client.remote.AppiumCommandExecutor.createSession(AppiumCommandExecutor.java:182) ~[r2.jar:4.0.2]
	at io.appium.java_client.remote.AppiumCommandExecutor.execute(AppiumCommandExecutor.java:250) ~[r2.jar:4.0.2]
	at org.openqa.selenium.remote.RemoteWebDriver.execute(RemoteWebDriver.java:602) ~[r2.jar:4.0.2]
	at io.appium.java_client.AppiumDriver.startSession(AppiumDriver.java:274) ~[r2.jar:4.0.2]
	at org.openqa.selenium.remote.RemoteWebDriver.<init>(RemoteWebDriver.java:163) ~[r2.jar:4.0.2]
	at io.appium.java_client.AppiumDriver.<init>(AppiumDriver.java:89) ~[r2.jar:4.0.2]
	at io.appium.java_client.AppiumDriver.<init>(AppiumDriver.java:101) ~[r2.jar:4.0.2]
	at io.appium.java_client.android.AndroidDriver.<init>(AndroidDriver.java:113) ~[r2.jar:4.0.2]
	at com.walmartlabs.executor.Appium.setupDriver(Appium.java:727) ~[r2.jar:4.0.2]
	at com.walmartlabs.executor.Appium.setupAppium(Appium.java:699) ~[r2.jar:4.0.2]
	at com.walmartlabs.executor.Executor.start(Executor.java:360) [r2.jar:4.0.2]
	at com.walmartlabs.executor.Executor.startExecution(Executor.java:188) [r2.jar:4.0.2]
	at com.walmartlabs.executor.MultipleConfigExecutor.executeConfig(MultipleConfigExecutor.java:319) [r2.jar:4.0.2]
	at com.walmartlabs.executor.MultipleConfigExecutor.start(MultipleConfigExecutor.java:146) [r2.jar:4.0.2]
	at com.walmartlabs.R2.start(R2.java:88) [r2.jar:4.0.2]
	at com.walmartlabs.R2.main(R2.java:133) [r2.jar:4.0.2]
2024-09-17 21:15:48.648 [DEBUG] [thread-id 1] - Executing R2 4.0.2: '/Users/m0k0a2f/glass-automation/./us/e2e-tests/test-scripts/android/prod-flows/wplus-flows/Benefits/C2663330-wplus-churned-active-validation.yaml' on device: 'Pixel_5_API_31'
2024-09-17 21:15:48.648 [INFO] [thread-id 1] - url: http://127.0.0.1:4723
2024-09-17 21:16:20.248 [ERROR] [thread-id 1] - error setting up appium session: 
org.openqa.selenium.SessionNotCreatedException: Could not start a new session. Response code 500. Message: An unknown server-side error occurred while processing the command. Original error: Unable to find an active device or emulator with OS 14.0. The following are available: emulator-5556 (12) 
Host info: host: 'm-xqkh4fwq5j', ip: '2603:8001:723f:c780:8437:984a:389c:707a%en0'
Build info: version: '4.13.0', revision: 'ba948ece5b*'
System info: os.name: 'Mac OS X', os.arch: 'aarch64', os.version: '14.6.1', java.version: '20.0.1'
Driver info: io.appium.java_client.android.AndroidDriver
Command: [null, newSession {capabilities=[{appium:adbExecTimeout=50000, appium:app=/Users/m0k0a2f/glass-automation/us/app/glass.apk, appium:appActivity=com.walmart.glass.integration.AutomationActivity, appium:appPackage=com.walmart.android.debug, appium:appiumVersion=2.0.0, appium:automationName=UiAutomator2, appium:commandTimeout=600, appium:deviceName=Pixel_5_API_31, appium:fullReset=true, appium:idleTimeout=1000, appium:intentFlags=0, appium:name=C2663330-wplus-churned-active-validation.yaml, appium:newCommandTimeout=600000, appium:noReset=false, appium:noSign=true, appium:optionalIntentArguments=--es glass.auto.ServiceEnv PRODUCTION, appium:orientation=PORTRAIT, appium:platformVersion=14.0, appium:public=share, platformName=ANDROID}], desiredCapabilities=Capabilities {appium:adbExecTimeout: 50000, appium:app: /Users/m0k0a2f/glass-automa..., appium:appActivity: com.walmart.glass.integrati..., appium:appPackage: com.walmart.android.debug, appium:appiumVersion: 2.0.0, appium:automationName: UiAutomator2, appium:commandTimeout: 600, appium:deviceName: Pixel_5_API_31, appium:fullReset: true, appium:idleTimeout: 1000, appium:intentFlags: 0, appium:name: C2663330-wplus-churned-acti..., appium:newCommandTimeout: 600000, appium:noReset: false, appium:noSign: true, appium:optionalIntentArguments: --es glass.auto.ServiceEnv ..., appium:orientation: PORTRAIT, appium:platformVersion: 14.0, appium:public: share, platformName: ANDROID}}]
Capabilities {appium:adbExecTimeout: 50000, appium:app: /Users/m0k0a2f/glass-automa..., appium:appActivity: com.walmart.glass.integrati..., appium:appPackage: com.walmart.android.debug, appium:appiumVersion: 2.0.0, appium:automationName: UiAutomator2, appium:commandTimeout: 600, appium:deviceName: Pixel_5_API_31, appium:fullReset: true, appium:idleTimeout: 1000, appium:intentFlags: 0, appium:name: C2663330-wplus-churned-acti..., appium:newCommandTimeout: 600000, appium:noReset: false, appium:noSign: true, appium:optionalIntentArguments: --es glass.auto.ServiceEnv ..., appium:orientation: PORTRAIT, appium:platformVersion: 14.0, appium:public: share, platformName: ANDROID}
	at org.openqa.selenium.remote.ProtocolHandshake.createSession(ProtocolHandshake.java:140) ~[r2.jar:4.0.2]
	at jdk.internal.reflect.DirectMethodHandleAccessor.invoke(DirectMethodHandleAccessor.java:104) ~[?:?]
	at java.lang.reflect.Method.invoke(Method.java:578) ~[?:?]
	at io.appium.java_client.remote.AppiumProtocolHandshake.createSession(AppiumProtocolHandshake.java:133) ~[r2.jar:4.0.2]
	at io.appium.java_client.remote.AppiumProtocolHandshake.createSession(AppiumProtocolHandshake.java:102) ~[r2.jar:4.0.2]
	at io.appium.java_client.remote.AppiumCommandExecutor.createSession(AppiumCommandExecutor.java:182) ~[r2.jar:4.0.2]
	at io.appium.java_client.remote.AppiumCommandExecutor.execute(AppiumCommandExecutor.java:250) ~[r2.jar:4.0.2]
	at org.openqa.selenium.remote.RemoteWebDriver.execute(RemoteWebDriver.java:602) ~[r2.jar:4.0.2]
	at io.appium.java_client.AppiumDriver.startSession(AppiumDriver.java:274) ~[r2.jar:4.0.2]
	at org.openqa.selenium.remote.RemoteWebDriver.<init>(RemoteWebDriver.java:163) ~[r2.jar:4.0.2]
	at io.appium.java_client.AppiumDriver.<init>(AppiumDriver.java:89) ~[r2.jar:4.0.2]
	at io.appium.java_client.AppiumDriver.<init>(AppiumDriver.java:101) ~[r2.jar:4.0.2]
	at io.appium.java_client.android.AndroidDriver.<init>(AndroidDriver.java:113) ~[r2.jar:4.0.2]
	at com.walmartlabs.executor.Appium.setupDriver(Appium.java:727) ~[r2.jar:4.0.2]
	at com.walmartlabs.executor.Appium.setupAppium(Appium.java:699) ~[r2.jar:4.0.2]
	at com.walmartlabs.executor.Executor.start(Executor.java:360) [r2.jar:4.0.2]
	at com.walmartlabs.executor.Executor.startExecution(Executor.java:188) [r2.jar:4.0.2]
	at com.walmartlabs.executor.MultipleConfigExecutor.executeConfig(MultipleConfigExecutor.java:319) [r2.jar:4.0.2]
	at com.walmartlabs.executor.MultipleConfigExecutor.start(MultipleConfigExecutor.java:146) [r2.jar:4.0.2]
	at com.walmartlabs.R2.start(R2.java:88) [r2.jar:4.0.2]
	at com.walmartlabs.R2.main(R2.java:133) [r2.jar:4.0.2]
2024-09-17 21:16:21.420 [DEBUG] [thread-id 1] - Created report: /Users/m0k0a2f/glass-automation/report/index.html
2024-09-17 21:19:18.656 [DEBUG] [thread-id 1] - Executing R2 4.0.2: '/Users/m0k0a2f/glass-automation/./us/e2e-tests/test-scripts/android/golden-flows/wplus-flows/Benefits/to-be-reviewed/C2663330-churned-active-member-validations.yaml' on device: 'Pixel_5_API_31'
2024-09-17 21:19:18.737 [INFO] [thread-id 1] - url: http://127.0.0.1:4723
2024-09-17 21:19:39.485 [DEBUG] [thread-id 1] - Executing scenario: 'Before'
2024-09-17 21:19:39.487 [DEBUG] [thread-id 1] - R2_SUBFLOW_PRE_TRANSACTION
2024-09-17 21:19:39.489 [DEBUG] [thread-id 1] - Timestamp: 1726633179488
2024-09-17 21:19:39.489 [DEBUG] [thread-id 1] - Store in: store the value 'wplususer1726633179488@walmart.com' in the variable 'customerEmail'
2024-09-17 21:19:39.491 [DEBUG] [thread-id 1] - Executing function: 'us.functions.utils.astro.createTrialAccountConvertToPaid'
2024-09-17 21:19:39.492 [DEBUG] [thread-id 1] - Create Account
2024-09-17 21:19:39.492 [DEBUG] [thread-id 1] - us.data.createWplusAccountPayload.monthly
2024-09-17 21:19:39.493 [DEBUG] [thread-id 1] - Call API: 'http://astro.walmart.com/api/v2/teflon/customer'
2024-09-17 21:19:45.048 [DEBUG] [thread-id 1] - Response code is: '400'. Response body is: '{"statusCode":400,"error":"Bad Request","message":"Invalid request payload JSON format"}'
2024-09-17 21:19:46.355 [DEBUG] [thread-id 1] - Before failed: callAPI: Expected '200' but got '400'. url: http://astro.walmart.com/api/v2/teflon/customer
2024-09-17 21:19:47.807 [DEBUG] [thread-id 1] - Executing scenario: 'After'
2024-09-17 21:19:47.808 [DEBUG] [thread-id 1] - Executing function: 'us.functions.utils.afterSteps'
2024-09-17 21:19:47.809 [WARN] [thread-id 1] - variable testStatus was used, but r2 could not find a value for this variable. returning default of null
2024-09-17 21:19:47.820 [DEBUG] [thread-id 1] - conditionally execute a flow. condition: false
2024-09-17 21:19:48.006 [DEBUG] [thread-id 1] - Test failed
2024-09-17 21:19:49.726 [DEBUG] [thread-id 1] - Executing R2 4.0.2: '/Users/m0k0a2f/glass-automation/./us/e2e-tests/test-scripts/android/prod-flows/wplus-flows/Benefits/C2663330-wplus-churned-active-validation.yaml' on device: 'Pixel_5_API_31'
2024-09-17 21:19:49.726 [INFO] [thread-id 1] - url: http://127.0.0.1:4723
2024-09-17 21:20:03.567 [DEBUG] [thread-id 1] - Executing scenario: 'Before'
2024-09-17 21:20:03.568 [DEBUG] [thread-id 1] - R2_SUBFLOW_PRE_TRANSACTION
2024-09-17 21:20:03.637 [DEBUG] [thread-id 1] - Using us-errors-helpers.yaml
2024-09-17 21:20:03.697 [DEBUG] [thread-id 1] - Start Main
2024-09-17 21:20:03.699 [DEBUG] [thread-id 1] - Executing function: 'us.functions.global.onboarding.navigateOnboardingToHome'
2024-09-17 21:20:03.700 [DEBUG] [thread-id 1] - Executing function: 'us.function.utils.getEnvironmentValue'
2024-09-17 21:20:03.701 [DEBUG] [thread-id 1] - Store in: store the value 'production' in the variable 'env'
2024-09-17 21:20:03.701 [DEBUG] [thread-id 1] - Timestamp: 1726633203701
2024-09-17 21:20:03.702 [DEBUG] [thread-id 1] - Start Activity: 'com.walmart.android.debug.com.walmart.glass.integration.splash.SplashActivity'
2024-09-17 21:20:19.761 [DEBUG] [thread-id 1] - conditionally execute a flow. condition: false
2024-09-17 21:20:19.789 [DEBUG] [thread-id 1] - Verify identifier: {com.walmart.android.debug:id/onboarding_welcome_title_textview=[true]}
2024-09-17 21:20:29.793 [DEBUG] [thread-id 1] - conditionally execute a flow. condition: false
2024-09-17 21:20:29.820 [DEBUG] [thread-id 1] - Verify identifier: {com.walmart.android.debug:id/onboarding_welcome_title_textview=[true]}
2024-09-17 21:20:29.886 [DEBUG] [thread-id 1] - Click element: 'com.walmart.android.debug:id/onboarding_welcome_secondary_button'
2024-09-17 21:20:30.494 [WARN] [thread-id 1] - variable allowNotifications was used, but r2 could not find a value for this variable. returning default of null
2024-09-17 21:20:30.495 [DEBUG] [thread-id 1] - conditionally execute a flow. condition: false
2024-09-17 21:20:50.908 [DEBUG] [thread-id 1] - Main failed: Is not present: 'com.walmart.android.debug:id/onboarding_notification_title_textview'
2024-09-17 21:20:50.981 [DEBUG] [thread-id 1] - Executing scenario: 'After'
2024-09-17 21:20:50.982 [DEBUG] [thread-id 1] - Executing function: 'us.functions.utils.afterSteps'
2024-09-17 21:20:50.982 [WARN] [thread-id 1] - variable testStatus was used, but r2 could not find a value for this variable. returning default of null
2024-09-17 21:20:50.983 [DEBUG] [thread-id 1] - conditionally execute a flow. condition: false
2024-09-17 21:20:51.008 [DEBUG] [thread-id 1] - Test failed
2024-09-17 21:20:53.084 [DEBUG] [thread-id 1] - Created report: /Users/m0k0a2f/glass-automation/report/index.html
2024-09-17 21:23:03.352 [DEBUG] [thread-id 1] - Executing R2 4.0.2: '/Users/m0k0a2f/glass-automation/./us/e2e-tests/test-scripts/android/golden-flows/wplus-flows/Benefits/to-be-reviewed/C2663330-churned-active-member-validations.yaml' on device: 'Pixel_5_API_31'
2024-09-17 21:23:03.431 [INFO] [thread-id 1] - url: http://127.0.0.1:4723
2024-09-17 21:23:16.849 [DEBUG] [thread-id 1] - Executing scenario: 'Before'
2024-09-17 21:23:16.852 [DEBUG] [thread-id 1] - R2_SUBFLOW_PRE_TRANSACTION
2024-09-17 21:23:16.853 [DEBUG] [thread-id 1] - Timestamp: 1726633396853
2024-09-17 21:23:16.854 [DEBUG] [thread-id 1] - Store in: store the value 'wplususer1726633396853@walmart.com' in the variable 'customerEmail'
2024-09-17 21:23:16.855 [DEBUG] [thread-id 1] - Executing function: 'us.functions.utils.astro.createTrialAccountConvertToPaid'
2024-09-17 21:23:16.856 [DEBUG] [thread-id 1] - Create Account
2024-09-17 21:23:16.857 [DEBUG] [thread-id 1] - us.data.createWplusAccountPayload.monthly
2024-09-17 21:23:16.857 [DEBUG] [thread-id 1] - Call API: 'http://astro.walmart.com/api/v2/teflon/customer'
2024-09-17 21:23:22.341 [DEBUG] [thread-id 1] - Response code is: '400'. Response body is: '{"statusCode":400,"error":"Bad Request","message":"Invalid request payload JSON format"}'
2024-09-17 21:23:23.654 [DEBUG] [thread-id 1] - Before failed: callAPI: Expected '200' but got '400'. url: http://astro.walmart.com/api/v2/teflon/customer
2024-09-17 21:23:25.289 [DEBUG] [thread-id 1] - Executing scenario: 'After'
2024-09-17 21:23:25.290 [DEBUG] [thread-id 1] - Executing function: 'us.functions.utils.afterSteps'
2024-09-17 21:23:25.291 [WARN] [thread-id 1] - variable testStatus was used, but r2 could not find a value for this variable. returning default of null
2024-09-17 21:23:25.302 [DEBUG] [thread-id 1] - conditionally execute a flow. condition: false
2024-09-17 21:23:25.713 [DEBUG] [thread-id 1] - Test failed
2024-09-17 21:23:26.892 [DEBUG] [thread-id 1] - Executing R2 4.0.2: '/Users/m0k0a2f/glass-automation/./us/e2e-tests/test-scripts/android/prod-flows/wplus-flows/Benefits/C2663330-wplus-churned-active-validation.yaml' on device: 'Pixel_5_API_31'
2024-09-17 21:23:26.893 [INFO] [thread-id 1] - url: http://127.0.0.1:4723
2024-09-17 21:23:40.027 [DEBUG] [thread-id 1] - Executing scenario: 'Before'
2024-09-17 21:23:40.028 [DEBUG] [thread-id 1] - R2_SUBFLOW_PRE_TRANSACTION
2024-09-17 21:23:40.089 [DEBUG] [thread-id 1] - Using us-errors-helpers.yaml
2024-09-17 21:23:40.142 [DEBUG] [thread-id 1] - Start Main
2024-09-17 21:23:40.144 [DEBUG] [thread-id 1] - Executing function: 'us.functions.global.onboarding.navigateOnboardingToHome'
2024-09-17 21:23:40.145 [DEBUG] [thread-id 1] - Executing function: 'us.function.utils.getEnvironmentValue'
2024-09-17 21:23:40.145 [DEBUG] [thread-id 1] - Store in: store the value 'production' in the variable 'env'
2024-09-17 21:23:40.145 [DEBUG] [thread-id 1] - Timestamp: 1726633420145
2024-09-17 21:23:40.146 [DEBUG] [thread-id 1] - Start Activity: 'com.walmart.android.debug.com.walmart.glass.integration.splash.SplashActivity'
2024-09-17 21:23:55.964 [DEBUG] [thread-id 1] - conditionally execute a flow. condition: false
2024-09-17 21:23:56.002 [DEBUG] [thread-id 1] - Verify identifier: {com.walmart.android.debug:id/onboarding_welcome_title_textview=[true]}
2024-09-17 21:24:06.005 [DEBUG] [thread-id 1] - conditionally execute a flow. condition: false
2024-09-17 21:24:06.038 [DEBUG] [thread-id 1] - Verify identifier: {com.walmart.android.debug:id/onboarding_welcome_title_textview=[true]}
2024-09-17 21:24:06.143 [DEBUG] [thread-id 1] - Click element: 'com.walmart.android.debug:id/onboarding_welcome_secondary_button'
2024-09-17 21:24:06.772 [WARN] [thread-id 1] - variable allowNotifications was used, but r2 could not find a value for this variable. returning default of null
2024-09-17 21:24:06.773 [DEBUG] [thread-id 1] - conditionally execute a flow. condition: false
2024-09-17 21:24:27.227 [DEBUG] [thread-id 1] - Main failed: Is not present: 'com.walmart.android.debug:id/onboarding_notification_title_textview'
2024-09-17 21:24:27.310 [DEBUG] [thread-id 1] - Executing scenario: 'After'
2024-09-17 21:24:27.311 [DEBUG] [thread-id 1] - Executing function: 'us.functions.utils.afterSteps'
2024-09-17 21:24:27.311 [WARN] [thread-id 1] - variable testStatus was used, but r2 could not find a value for this variable. returning default of null
2024-09-17 21:24:27.311 [DEBUG] [thread-id 1] - conditionally execute a flow. condition: false
2024-09-17 21:24:27.336 [DEBUG] [thread-id 1] - Test failed
2024-09-17 21:24:28.463 [DEBUG] [thread-id 1] - Created report: /Users/m0k0a2f/glass-automation/report/index.html
2024-09-17 21:28:44.666 [DEBUG] [thread-id 1] - Executing R2 4.0.2: '/Users/m0k0a2f/glass-automation/./us/e2e-tests/test-scripts/android/prod-flows/wplus-flows/Benefits/C2663330-wplus-churned-active-validation.yaml' on device: 'Pixel_5_API_31'
2024-09-17 21:28:44.727 [INFO] [thread-id 1] - url: http://127.0.0.1:4723
2024-09-17 21:28:58.507 [DEBUG] [thread-id 1] - Executing scenario: 'Before'
2024-09-17 21:28:58.510 [DEBUG] [thread-id 1] - R2_SUBFLOW_PRE_TRANSACTION
2024-09-17 21:28:58.571 [DEBUG] [thread-id 1] - Using us-errors-helpers.yaml
2024-09-17 21:28:58.635 [DEBUG] [thread-id 1] - Start Main
2024-09-17 21:28:58.638 [DEBUG] [thread-id 1] - Executing function: 'us.functions.global.onboarding.navigateOnboardingToHome'
2024-09-17 21:28:58.639 [DEBUG] [thread-id 1] - Executing function: 'us.function.utils.getEnvironmentValue'
2024-09-17 21:28:58.639 [DEBUG] [thread-id 1] - Store in: store the value 'production' in the variable 'env'
2024-09-17 21:28:58.640 [DEBUG] [thread-id 1] - Timestamp: 1726633738640
2024-09-17 21:28:58.641 [DEBUG] [thread-id 1] - Start Activity: 'com.walmart.android.debug.com.walmart.glass.integration.splash.SplashActivity'
2024-09-17 21:29:14.862 [DEBUG] [thread-id 1] - conditionally execute a flow. condition: false
2024-09-17 21:29:14.891 [DEBUG] [thread-id 1] - Verify identifier: {com.walmart.android.debug:id/onboarding_welcome_title_textview=[true]}
2024-09-17 21:29:24.973 [DEBUG] [thread-id 1] - conditionally execute a flow. condition: false
2024-09-17 21:29:25.066 [DEBUG] [thread-id 1] - Verify identifier: {com.walmart.android.debug:id/onboarding_welcome_title_textview=[true]}
2024-09-17 21:29:25.344 [DEBUG] [thread-id 1] - Click element: 'com.walmart.android.debug:id/onboarding_welcome_secondary_button'
2024-09-17 21:29:26.589 [WARN] [thread-id 1] - variable allowNotifications was used, but r2 could not find a value for this variable. returning default of null
2024-09-17 21:29:26.590 [DEBUG] [thread-id 1] - conditionally execute a flow. condition: false
2024-09-17 21:29:47.420 [DEBUG] [thread-id 1] - Main failed: Is not present: 'com.walmart.android.debug:id/onboarding_notification_title_textview'
2024-09-17 21:29:47.509 [DEBUG] [thread-id 1] - Executing scenario: 'After'
2024-09-17 21:29:47.510 [DEBUG] [thread-id 1] - Executing function: 'us.functions.utils.afterSteps'
2024-09-17 21:29:47.511 [WARN] [thread-id 1] - variable testStatus was used, but r2 could not find a value for this variable. returning default of null
2024-09-17 21:29:47.511 [DEBUG] [thread-id 1] - conditionally execute a flow. condition: false
2024-09-17 21:29:47.535 [DEBUG] [thread-id 1] - Test failed
2024-09-17 21:29:48.899 [DEBUG] [thread-id 1] - Created report: /Users/m0k0a2f/glass-automation/report/index.html
2024-09-17 22:19:52.073 [DEBUG] [thread-id 1] - Executing R2 4.0.2: '/Users/m0k0a2f/glass-automation/./us/e2e-tests/test-scripts/ios/golden-flows/wplus-flow/Benefits/to-be-reviewed/C2663330-churned-active-member-validations.yaml' on device: 'iPhone 14'
2024-09-17 22:29:01.951 [DEBUG] [thread-id 1] - Executing scenario: 'Before'
2024-09-17 22:29:01.953 [DEBUG] [thread-id 1] - R2_SUBFLOW_PRE_TRANSACTION
2024-09-17 22:29:01.954 [DEBUG] [thread-id 1] - Timestamp: 1726637341954
2024-09-17 22:29:01.956 [DEBUG] [thread-id 1] - Store in: store the value 'wplususer1726637341954@walmart.com' in the variable 'customerEmail'
2024-09-17 22:29:01.960 [DEBUG] [thread-id 1] - Executing function: 'us.functions.utils.astro.createTrialAccountConvertToPaid'
2024-09-17 22:29:01.961 [DEBUG] [thread-id 1] - Create Account
2024-09-17 22:29:01.962 [DEBUG] [thread-id 1] - us.data.createWplusAccountPayload.monthly
2024-09-17 22:29:01.962 [DEBUG] [thread-id 1] - Call API: 'http://astro.walmart.com/api/v2/teflon/customer'
2024-09-17 22:29:07.390 [DEBUG] [thread-id 1] - Response code is: '400'. Response body is: '{"statusCode":400,"error":"Bad Request","message":"Invalid request payload JSON format"}'
2024-09-17 22:29:08.736 [DEBUG] [thread-id 1] - Before failed: callAPI: Expected '200' but got '400'. url: http://astro.walmart.com/api/v2/teflon/customer
2024-09-17 22:29:09.288 [DEBUG] [thread-id 1] - Executing scenario: 'After'
2024-09-17 22:29:09.289 [DEBUG] [thread-id 1] - Executing function: 'us.functions.utils.afterSteps'
2024-09-17 22:29:09.290 [WARN] [thread-id 1] - variable testStatus was used, but r2 could not find a value for this variable. returning default of null
2024-09-17 22:29:09.299 [DEBUG] [thread-id 1] - conditionally execute a flow. condition: false
2024-09-17 22:29:09.561 [DEBUG] [thread-id 1] - Test failed
2024-09-17 22:29:19.723 [DEBUG] [thread-id 1] - Executing R2 4.0.2: '/Users/m0k0a2f/glass-automation/./us/e2e-tests/test-scripts/ios/prod-flows/wplus-flows/Benefits/C2663330-wplus-churned-active-validation.yaml' on device: 'iPhone 14'
2024-09-17 22:35:27.081 [DEBUG] [thread-id 1] - Executing scenario: 'Before'
2024-09-17 22:35:27.083 [DEBUG] [thread-id 1] - R2_SUBFLOW_PRE_TRANSACTION
2024-09-17 22:35:27.688 [DEBUG] [thread-id 1] - Using us-errors-helpers.yaml
2024-09-17 22:35:28.238 [DEBUG] [thread-id 1] - Start Main
2024-09-17 22:35:28.244 [DEBUG] [thread-id 1] - Executing function: 'us.functions.global.onboarding.navigateOnboardingToHome'
2024-09-17 22:35:28.245 [DEBUG] [thread-id 1] - Executing function: 'us.function.utils.getEnvironmentValue'
2024-09-17 22:35:28.245 [DEBUG] [thread-id 1] - Store in: store the value 'production' in the variable 'env'
2024-09-17 22:35:28.246 [DEBUG] [thread-id 1] - Timestamp: 1726637728246
2024-09-17 22:35:28.248 [DEBUG] [thread-id 1] - Welcome screen loaded
2024-09-17 22:35:28.623 [DEBUG] [thread-id 1] - Verify identifier: {//XCUIElementTypeButton[@name="SignUpNudgeWelcomeViewController.bodyLabel"]=[true]}
2024-09-17 22:35:38.872 [DEBUG] [thread-id 1] - conditionally execute a flow. condition: false
2024-09-17 22:35:39.191 [DEBUG] [thread-id 1] - Click element: 'cta.cancel.welcome'
2024-09-17 22:35:39.845 [DEBUG] [thread-id 1] - Notifiction Prompt screen loaded
2024-09-17 22:35:40.619 [DEBUG] [thread-id 1] - Verify identifier: {NotificationPermissionViewController.titleLabel=[true]}
2024-09-17 22:35:42.686 [DEBUG] [thread-id 1] - Click element: 'cta.cancel.notifications'
2024-09-17 22:35:43.126 [DEBUG] [thread-id 1] - location screen loaded
2024-09-17 22:35:43.538 [DEBUG] [thread-id 1] - Verify identifier: {LocationPermissionViewController.titleLabel=[true], LocationPermissionViewController.bodyLabel=[true]}
2024-09-17 22:35:43.590 [DEBUG] [thread-id 1] - Click element: 'cta.cancel.location'
2024-09-17 22:35:44.481 [DEBUG] [thread-id 1] - Verify identifier: {label.postal-code-entry=[true]}
2024-09-17 22:35:44.547 [DEBUG] [thread-id 1] - Enter text: '95122'
2024-09-17 22:35:48.013 [DEBUG] [thread-id 1] - Click element: 'cta.continue'
2024-09-17 22:35:48.583 [DEBUG] [thread-id 1] - sleep:  3000 milliseconds
2024-09-17 22:35:51.590 [DEBUG] [thread-id 1] - loop: from 0 to 3
2024-09-17 22:35:51.877 [DEBUG] [thread-id 1] - 0
2024-09-17 22:36:02.169 [DEBUG] [thread-id 1] - conditionally execute a flow. condition: false
2024-09-17 22:36:12.657 [DEBUG] [thread-id 1] - Observed IDFA Sscreen
2024-09-17 22:36:12.657 [DEBUG] [thread-id 1] - sleep:  3000 milliseconds
2024-09-17 22:36:15.947 [DEBUG] [thread-id 1] - conditionally execute a flow. condition: true
2024-09-17 22:36:16.209 [DEBUG] [thread-id 1] - Verify identifier: {ATTPermissionViewController.titleLabel=[true], ATTPermissionViewController.bodyLabel=[true]}
2024-09-17 22:36:26.550 [DEBUG] [thread-id 1] - Click element: 'cta.continue.location'
2024-09-17 22:36:30.075 [DEBUG] [thread-id 1] - Click element: '//XCUIElementTypeButton[@name="Ask App Not to Track"] | //XCUIElementTypeButton[@name="Solicitar a la app no rastrear"]'
2024-09-17 22:36:40.918 [DEBUG] [thread-id 1] - conditionally execute a flow. condition: false
2024-09-17 22:36:41.933 [DEBUG] [thread-id 1] - modal is not displayed
2024-09-17 22:36:52.623 [DEBUG] [thread-id 1] - Executing function: 'us.functions.gic.collapseIfExpanded'
2024-09-17 22:36:55.253 [DEBUG] [thread-id 1] - GIC already collapsed
2024-09-17 22:36:55.258 [DEBUG] [thread-id 1] - Executing function: 'us.functions.wplus.navigateHomeToSignIn'
2024-09-17 22:36:55.861 [DEBUG] [thread-id 1] - Click element: '//XCUIElementTypeButton[@name="Account"] | Account'
2024-09-17 22:36:57.580 [DEBUG] [thread-id 1] - Click element: 'SignInYourAccountTableViewCell.signInButton'
2024-09-17 22:36:58.207 [DEBUG] [thread-id 1] - Executing function: 'us.functions.global.authentication.signInAccount'
2024-09-17 22:37:11.094 [DEBUG] [thread-id 1] - Enter text: 'churnedactive1@cloudtest.org'
2024-09-17 22:37:16.226 [DEBUG] [thread-id 1] - Click element: 'WelcomeView.ctaButton'
2024-09-17 22:37:29.628 [DEBUG] [thread-id 1] - conditionally execute a flow. condition: true
2024-09-17 22:37:31.640 [DEBUG] [thread-id 1] - Click element: 'AuthChoiceView.passwordStackView'
2024-09-17 22:37:32.580 [DEBUG] [thread-id 1] - Verify identifier: {TextFieldStackView.textField=[true]}
2024-09-17 22:37:32.875 [DEBUG] [thread-id 1] - Enter text: 'E2Epassword'
2024-09-17 22:37:41.152 [DEBUG] [thread-id 1] - Click element: 'AuthChoiceView.ctaButton'
2024-09-17 22:38:04.704 [DEBUG] [thread-id 1] - sleep:  2000 milliseconds
2024-09-17 22:38:07.067 [DEBUG] [thread-id 1] - conditionally execute a flow. condition: true
2024-09-17 22:38:09.618 [DEBUG] [thread-id 1] - Click element: '//XCUIElementTypeButton[@name="Dont Allow"]'
2024-09-17 22:38:10.291 [DEBUG] [thread-id 1] - Executing function: 'us.test.functions.utils.closeWplusPrompt.homeScreen'
2024-09-17 22:38:20.693 [DEBUG] [thread-id 1] - conditionally execute a flow. condition: false
2024-09-17 22:38:21.716 [DEBUG] [thread-id 1] - W+ Plus membership prompt is not present nothing to close continue
2024-09-17 22:38:21.725 [DEBUG] [thread-id 1] - Executing function: 'us.functions.home.closeWplusBottomSheetBannerIfDisplayed'
2024-09-17 22:38:32.313 [DEBUG] [thread-id 1] - Executing function: 'us.functions.utils.handleCartMergePopup'
2024-09-17 22:38:32.314 [DEBUG] [thread-id 1] - loop: from 0 to 4
2024-09-17 22:38:33.343 [DEBUG] [thread-id 1] - 0
2024-09-17 22:38:40.243 [DEBUG] [thread-id 1] - No Technical Error Page observed
2024-09-17 22:38:41.316 [DEBUG] [thread-id 1] - sleep:  1000 milliseconds
2024-09-17 22:38:42.321 [DEBUG] [thread-id 1] - validate if tooltip is present and closing it
2024-09-17 22:38:53.006 [DEBUG] [thread-id 1] - Executing function: 'us.functions.global.navigation.accountToHome'
2024-09-17 22:38:53.654 [DEBUG] [thread-id 1] - Verify identifier: {//XCUIElementTypeButton[@name="Shop"] | Shop=[true]}
2024-09-17 22:38:53.654 [DEBUG] [thread-id 1] - sleep:  2000 milliseconds
2024-09-17 22:38:56.333 [DEBUG] [thread-id 1] - Click element: '//XCUIElementTypeButton[@name="Shop"] | Shop'
2024-09-17 22:38:57.237 [DEBUG] [thread-id 1] - Executing function: 'us.functions.home.closeWPlusPromotionPopUpIfDisplayed'
2024-09-17 22:39:07.646 [DEBUG] [thread-id 1] - No Wplus pop up displayed
2024-09-17 22:39:07.652 [DEBUG] [thread-id 1] - Executing function: 'us.functions.home.closeWplusBottomSheetBannerIfDisplayed'
2024-09-17 22:39:17.699 [DEBUG] [thread-id 1] - Executing function: 'us.functions.home.closeWplusBottomSheetNewBannerIfDisplayed'
2024-09-17 22:39:17.699 [DEBUG] [thread-id 1] - sleep:  3000 milliseconds
2024-09-17 22:39:31.628 [DEBUG] [thread-id 1] - Executing function: 'us.functions.global.navigation.toCartFromNavBar'
2024-09-17 22:39:32.268 [DEBUG] [thread-id 1] - Verify identifier: {//XCUIElementTypeButton[contains(@label, "Your cart")] | //XCUIElementTypeButton[(@name="SearchResultsViewController.cartButton") or (contains(@label,"Your cart contains") and contains(@label,"The estimated total is")) or (@label="Your cart is empty")]=[true]}
2024-09-17 22:39:33.260 [DEBUG] [thread-id 1] - Click element: '//XCUIElementTypeButton[contains(@label, "Your cart")] | //XCUIElementTypeButton[(@name="SearchResultsViewController.cartButton") or (contains(@label,"Your cart contains") and contains(@label,"The estimated total is")) or (@label="Your cart is empty")]'
2024-09-17 22:39:42.998 [DEBUG] [thread-id 1] - Verify identifier: {//XCUIElementTypeStaticText[@name="CartDetailsViewController.headerCartLabel"] | //XCUIElementTypeStaticText[@name="CartEmptyStateViewController.titleLabel" and not(contains(@label,"We're sorry!"))]=[true]}
2024-09-17 22:39:43.025 [DEBUG] [thread-id 1] - Executing function: 'us.functions.cart.removeAllCartItems'
2024-09-17 22:39:43.026 [DEBUG] [thread-id 1] - Store in: store the value 'true' in the variable 'optimizeCart'
2024-09-17 22:39:43.027 [DEBUG] [thread-id 1] - conditionally execute a flow. condition: true
2024-09-17 22:39:45.157 [DEBUG] [thread-id 1] - Executing function: 'us.functions.cart.removeAllCartItemsOptimizedVersion'
2024-09-17 22:39:45.158 [DEBUG] [thread-id 1] - Executing function: 'us.functions.cart.storeChangePopUp'
2024-09-17 22:39:49.535 [DEBUG] [thread-id 1] - No Store Change pop up screen displayed
2024-09-17 22:39:49.542 [DEBUG] [thread-id 1] - Executing function: 'us.functions.cart.removeAdonsNotAvailable'
2024-09-17 22:39:55.648 [DEBUG] [thread-id 1] - No remove Adons pop up screen displayed
2024-09-17 22:39:57.035 [WARN] [thread-id 1] - no element found with name //XCUIElementTypeScrollView[@name="ReviewOrderViewController.scrollView"] | //XCUIElementTypeOther[@name="CartDetailsViewController.stackView"]
2024-09-17 22:39:57.035 [DEBUG] [thread-id 1] - get number of child elements for //XCUIElementTypeScrollView[@name="ReviewOrderViewController.scrollView"] | //XCUIElementTypeOther[@name="CartDetailsViewController.stackView"]: 0
2024-09-17 22:39:58.395 [WARN] [thread-id 1] - no element found with name //XCUIElementTypeScrollView[@name="ReviewOrderViewController.scrollView"] | //XCUIElementTypeOther[@name="CartDetailsViewController.stackView"]
2024-09-17 22:39:58.395 [DEBUG] [thread-id 1] - get number of child elements for //XCUIElementTypeScrollView[@name="ReviewOrderViewController.scrollView"] | //XCUIElementTypeOther[@name="CartDetailsViewController.stackView"]: 0
2024-09-17 22:39:58.396 [DEBUG] [thread-id 1] - 0
2024-09-17 22:39:58.396 [DEBUG] [thread-id 1] - conditionally execute a flow. condition: true
2024-09-17 22:40:00.540 [DEBUG] [thread-id 1] - No Items in Cart to Remove
2024-09-17 22:40:00.557 [DEBUG] [thread-id 1] - Executing function: 'us.functions.cart.removeUnavailableItemsFromCart'
2024-09-17 22:40:11.952 [DEBUG] [thread-id 1] - Executing function: 'us.functions.global.navigation.backNavigationToShop'
2024-09-17 22:40:20.614 [DEBUG] [thread-id 1] - Click element: 'Shop'
2024-09-17 22:40:22.042 [DEBUG] [thread-id 1] - Executing function: 'us.functions.global.navigation.goToAccountFromTabBar'
2024-09-17 22:40:24.061 [DEBUG] [thread-id 1] - Verify identifier: {//XCUIElementTypeButton[@name="Account"] | Account=[true]}
2024-09-17 22:40:24.603 [DEBUG] [thread-id 1] - Click element: '//XCUIElementTypeButton[@name="Account"] | Account'
2024-09-17 22:40:25.177 [DEBUG] [thread-id 1] - Executing function: 'us.functions.wplus.account.navigateToWalmartPlus'
2024-09-17 22:40:26.344 [DEBUG] [thread-id 1] - conditionally execute a flow. condition: true
2024-09-17 22:40:27.482 [DEBUG] [thread-id 1] - Scroll: down
2024-09-17 22:40:30.444 [DEBUG] [thread-id 1] - Verify identifier: {MemberModePersonalizationMainView.viewHeader=[true]}
2024-09-17 22:40:31.699 [DEBUG] [thread-id 1] - Click element: 'MemberModePersonalizationMainView.viewHeader'
2024-09-17 22:40:45.342 [DEBUG] [thread-id 1] - sleep:  5000 milliseconds
2024-09-17 22:41:01.696 [DEBUG] [thread-id 1] - Executing function: 'us.functions.wplus.verifyBenefitsPageAfterPaidMembershipCancellation'
2024-09-17 22:41:11.845 [DEBUG] [thread-id 1] - sleep:  5000 milliseconds
2024-09-17 22:41:17.275 [DEBUG] [thread-id 1] - conditionally execute a flow. condition: true
2024-09-17 22:41:17.973 [DEBUG] [thread-id 1] - Scroll: down
2024-09-17 22:42:54.222 [DEBUG] [thread-id 1] - Main failed: Is not present: '//XCUIElementTypeButton[@name="ChurnedCardReactivationCTAReactivate Walmart+ now"]'
2024-09-17 22:42:55.841 [DEBUG] [thread-id 1] - Executing scenario: 'After'
2024-09-17 22:42:55.842 [DEBUG] [thread-id 1] - Executing function: 'us.functions.utils.afterSteps'
2024-09-17 22:42:55.842 [WARN] [thread-id 1] - variable testStatus was used, but r2 could not find a value for this variable. returning default of null
2024-09-17 22:42:55.843 [DEBUG] [thread-id 1] - conditionally execute a flow. condition: false
2024-09-17 22:42:56.633 [DEBUG] [thread-id 1] - Test failed
2024-09-17 22:43:08.545 [DEBUG] [thread-id 1] - Created report: /Users/m0k0a2f/glass-automation/report/index.html
