2024-08-31 09:31:00.809 [DEBUG] [thread-id 1] - Executing R2 4.0.2: '/Users/m0k0a2f/glass-automation/./us/e2e-tests/test-scripts/android/golden-flows/Ecomm-And-Fulfillment-Flows/buy-now-flows/pre-transaction/C2666161- create-account-from-buy-now.yaml' on device: 'Pixel_8_Pro_API_34'
2024-08-31 09:31:00.906 [INFO] [thread-id 1] - url: http://127.0.0.1:4723
2024-08-31 09:31:16.063 [DEBUG] [thread-id 1] - Executing scenario: 'Before'
2024-08-31 09:31:16.065 [DEBUG] [thread-id 1] - R2_SUBFLOW_PRE_TRANSACTION
2024-08-31 09:31:16.323 [DEBUG] [thread-id 1] - Using us-errors-helpers.yaml
2024-08-31 09:31:16.623 [DEBUG] [thread-id 1] - Start Main
2024-08-31 09:31:16.623 [DEBUG] [thread-id 1] - Timestamp: 1725121876623
2024-08-31 09:31:16.626 [DEBUG] [thread-id 1] - Executing function: 'us.functions.global.onboarding.navigateOnboardingToHome'
2024-08-31 09:31:16.626 [DEBUG] [thread-id 1] - Executing function: 'us.function.utils.getEnvironmentValue'
2024-08-31 09:31:16.627 [DEBUG] [thread-id 1] - Store in: store the value 'teflon' in the variable 'env'
2024-08-31 09:31:16.627 [DEBUG] [thread-id 1] - Timestamp: 1725121876627
2024-08-31 09:31:16.628 [DEBUG] [thread-id 1] - Start Activity: 'com.walmart.android.debug.com.walmart.glass.integration.splash.SplashActivity'
2024-08-31 09:31:31.091 [DEBUG] [thread-id 1] - conditionally execute a flow. condition: false
2024-08-31 09:31:31.610 [DEBUG] [thread-id 1] - Verify identifier: {com.walmart.android.debug:id/onboarding_welcome_title_textview=[true]}
2024-08-31 09:31:41.779 [DEBUG] [thread-id 1] - conditionally execute a flow. condition: false
2024-08-31 09:31:41.903 [DEBUG] [thread-id 1] - Verify identifier: {com.walmart.android.debug:id/onboarding_welcome_title_textview=[true]}
2024-08-31 09:31:42.091 [DEBUG] [thread-id 1] - Click element: 'com.walmart.android.debug:id/onboarding_welcome_secondary_button'
2024-08-31 09:31:44.035 [WARN] [thread-id 1] - variable allowNotifications was used, but r2 could not find a value for this variable. returning default of null
2024-08-31 09:31:44.036 [DEBUG] [thread-id 1] - conditionally execute a flow. condition: false
2024-08-31 09:31:44.198 [DEBUG] [thread-id 1] - Verify identifier: {com.walmart.android.debug:id/onboarding_notification_title_textview=[true]}
2024-08-31 09:31:44.616 [DEBUG] [thread-id 1] - Click element: 'com.walmart.android.debug:id/onboarding_maybe_later_button'
2024-08-31 09:31:46.712 [DEBUG] [thread-id 1] - Verify identifier: {com.walmart.android.debug:id/onboarding_location_title_textview=[true]}
2024-08-31 09:31:46.869 [DEBUG] [thread-id 1] - Click element: 'com.walmart.android.debug:id/onboarding_zip_code_button'
2024-08-31 09:31:47.955 [DEBUG] [thread-id 1] - Verify identifier: {com.walmart.android.debug:id/onboarding_title_textview=[true]}
2024-08-31 09:31:48.378 [DEBUG] [thread-id 1] - Click element: '//android.widget.EditText[@text="Enter zip code"] | //android.widget.EditText[@text="Enter postal code"] | //android.widget.EditText[@resource-id="com.walmart.android.debug:id/onboarding_zip_code_textinput"]//android.widget.EditText'
2024-08-31 09:31:50.696 [DEBUG] [thread-id 1] - Enter text: '95122'
2024-08-31 09:31:52.968 [DEBUG] [thread-id 1] - Hide keyboard: 'true'
2024-08-31 09:31:59.559 [DEBUG] [thread-id 1] - Click element: 'com.walmart.android.debug:id/onboarding_zip_code_search_button'
2024-08-31 09:32:00.195 [DEBUG] [thread-id 1] - sleep:  3000 milliseconds
2024-08-31 09:32:03.199 [DEBUG] [thread-id 1] - loop: from 0 to 3
2024-08-31 09:32:05.869 [DEBUG] [thread-id 1] - 0
2024-08-31 09:32:17.055 [DEBUG] [thread-id 1] - conditionally execute a flow. condition: false
2024-08-31 09:32:27.323 [DEBUG] [thread-id 1] - Verify identifier: {com.walmart.android.debug:id/onboarding_title_textview=[true]}
2024-08-31 09:32:27.323 [DEBUG] [thread-id 1] - Executing function: 'us.functions.global.onboarding.popUpScreen'
2024-08-31 09:32:27.323 [DEBUG] [thread-id 1] - sleep:  3000 milliseconds
2024-08-31 09:32:40.404 [DEBUG] [thread-id 1] - sleep:  3000 milliseconds
2024-08-31 09:32:43.411 [DEBUG] [thread-id 1] - Executing function: 'us.functions.global.onboarding.smartLock.DismissNoneOfTheAbove'
2024-08-31 09:32:53.470 [DEBUG] [thread-id 1] - conditionally execute a flow. condition: false
2024-08-31 09:33:03.628 [DEBUG] [thread-id 1] - sleep:  3000 milliseconds
2024-08-31 09:33:06.630 [DEBUG] [thread-id 1] - Executing function: 'us.functions.home.personalizedPopUpScreenClose'
2024-08-31 09:33:06.631 [DEBUG] [thread-id 1] - sleep:  5000 milliseconds
2024-08-31 09:33:11.634 [DEBUG] [thread-id 1] - conditionally execute a flow. condition: true
2024-08-31 09:33:11.782 [DEBUG] [thread-id 1] - Click element: 'com.walmart.android.debug:id/marketing_privacy_bottom_sheet_deny_btn'
2024-08-31 09:33:12.434 [DEBUG] [thread-id 1] - sleep:  3000 milliseconds
2024-08-31 09:33:15.639 [DEBUG] [thread-id 1] - conditionally execute a flow. condition: true
2024-08-31 09:33:15.961 [DEBUG] [thread-id 1] - Click element: '//android.widget.ImageView[@content-desc="Close"]'
2024-08-31 09:33:16.599 [DEBUG] [thread-id 1] - sleep:  3000 milliseconds
2024-08-31 09:33:19.604 [DEBUG] [thread-id 1] - Executing function: 'us.functions.utils.tryAgainWhenThereIsError'
2024-08-31 09:33:19.606 [DEBUG] [thread-id 1] - loop: from 0 to 3
2024-08-31 09:33:19.803 [DEBUG] [thread-id 1] - 0
2024-08-31 09:33:30.045 [DEBUG] [thread-id 1] - conditionally execute a flow. condition: false
2024-08-31 09:33:40.310 [DEBUG] [thread-id 1] - Executing function: 'us.functions.gic.collapseIfExpanded'
2024-08-31 09:33:50.376 [DEBUG] [thread-id 1] - conditionally execute a flow. condition: false
2024-08-31 09:33:50.509 [DEBUG] [thread-id 1] - gic is collapsed
2024-08-31 09:33:50.631 [DEBUG] [thread-id 1] - Verify identifier: {//android.widget.EditText[@resource-id="com.walmart.android.debug:id/search_view"]=[true]}
2024-08-31 09:33:50.632 [DEBUG] [thread-id 1] - Executing function: 'us.functions.home.handleReorderToolTip'
2024-08-31 09:34:00.658 [DEBUG] [thread-id 1] - conditionally execute a flow. condition: false
2024-08-31 09:34:00.839 [DEBUG] [thread-id 1] - no tooltip displayed
2024-08-31 09:34:00.840 [DEBUG] [thread-id 1] - Executing function: 'us.functions.utils.getSearchableItem'
2024-08-31 09:34:00.841 [DEBUG] [thread-id 1] - Store in: store the value 'null' in the variable 'itemFetched'
2024-08-31 09:34:00.841 [DEBUG] [thread-id 1] - Store in: store the value 'null' in the variable 'deeplinkURL'
2024-08-31 09:34:00.841 [DEBUG] [thread-id 1] - Store in: store the value 'true' in the variable 'apiFetch'
2024-08-31 09:34:00.842 [WARN] [thread-id 1] - variable TEFLON_DATA was used, but r2 could not find a value for this variable. returning default of null
2024-08-31 09:34:00.842 [DEBUG] [thread-id 1] - conditionally execute a flow. condition: true
2024-08-31 09:34:01.013 [WARN] [thread-id 1] - variable TEFLON_DATA was used, but r2 could not find a value for this variable. returning default of null
2024-08-31 09:34:01.014 [DEBUG] [thread-id 1] - Execute Node: 'us/e2e-tests/helpers/itemFetch.js'
2024-08-31 09:34:01.758 [DEBUG] [thread-id 1] - NA
2024-08-31 09:34:01.759 [DEBUG] [thread-id 1] - conditionally execute a flow. condition: true
2024-08-31 09:34:01.892 [WARN] [thread-id 1] - variable source was used, but r2 could not find a value for this variable. returning default of null
2024-08-31 09:34:01.892 [DEBUG] [thread-id 1] - conditionally execute a flow. condition: false
2024-08-31 09:34:02.023 [DEBUG] [thread-id 1] - Item fetched by Astro API
2024-08-31 09:34:02.190 [DEBUG] [thread-id 1] - Executing function: 'us.functions.utils.fetchAstroAvailableItem'
2024-08-31 09:34:02.190 [DEBUG] [thread-id 1] - Fetching Item available in stock using Astro API for Item type FC_DELIVERY
2024-08-31 09:34:02.191 [WARN] [thread-id 1] - variable storeId was used, but r2 could not find a value for this variable. returning default of null
2024-08-31 09:34:02.192 [DEBUG] [thread-id 1] - conditionally execute a flow. condition: true
2024-08-31 09:34:02.329 [DEBUG] [thread-id 1] - Store in: store the value '32144' in the variable 'storeId'
2024-08-31 09:34:02.329 [WARN] [thread-id 1] - variable nextGen was used, but r2 could not find a value for this variable. returning default of null
2024-08-31 09:34:02.330 [DEBUG] [thread-id 1] - conditionally execute a flow. condition: true
2024-08-31 09:34:02.458 [DEBUG] [thread-id 1] - Store in: store the value 'nextgen' in the variable 'version'
2024-08-31 09:34:02.458 [WARN] [thread-id 1] - variable itemStatusHeader was used, but r2 could not find a value for this variable. returning default of null
2024-08-31 09:34:02.459 [DEBUG] [thread-id 1] - conditionally execute a flow. condition: true
2024-08-31 09:34:02.588 [DEBUG] [thread-id 1] - Store in: store the value 'SUCCESS' in the variable 'itemStatusHeader'
2024-08-31 09:34:02.588 [DEBUG] [thread-id 1] - conditionally execute a flow. condition: true
2024-08-31 09:34:02.707 [WARN] [thread-id 1] - variable itemSubFilter was used, but r2 could not find a value for this variable. returning default of null
2024-08-31 09:34:02.707 [DEBUG] [thread-id 1] - conditionally execute a flow. condition: false
2024-08-31 09:34:02.838 [DEBUG] [thread-id 1] - conditionally execute a flow. condition: false
2024-08-31 09:34:03.020 [WARN] [thread-id 1] - variable itemSubFilter was used, but r2 could not find a value for this variable. returning default of null
2024-08-31 09:34:03.020 [DEBUG] [thread-id 1] - conditionally execute a flow. condition: false
2024-08-31 09:34:03.144 [DEBUG] [thread-id 1] - conditionally execute a flow. condition: false
2024-08-31 09:34:03.275 [DEBUG] [thread-id 1] - conditionally execute a flow. condition: true
2024-08-31 09:34:03.410 [DEBUG] [thread-id 1] - Store in: store the value 'http://astro.walmart.com/api/v3/teflon/internal/getItemHealth/32144/FC_DELIVERY?itemType=buynow' in the variable 'fetchURL'
2024-08-31 09:34:03.537 [DEBUG] [thread-id 1] - Store in: store the value 'nextgen' in the variable 'version'
2024-08-31 09:34:03.537 [DEBUG] [thread-id 1] - Store in: store the value 'null' in the variable 'itemDetails'
2024-08-31 09:34:03.740 [DEBUG] [thread-id 1] - conditionally execute a flow. condition: true
2024-08-31 09:34:03.896 [DEBUG] [thread-id 1] - NextGen API
2024-08-31 09:34:04.056 [DEBUG] [thread-id 1] - Call API: 'http://astro.walmart.com/api/v3/teflon/internal/getItemHealth/32144/FC_DELIVERY?itemType=buynow'
2024-08-31 09:34:09.563 [DEBUG] [thread-id 1] - Response code is: '200'. Response body is: '{"astroStatus":"SUCCESS","astroDescription":"Items found in itemHealth Collection","astroDetails":[{"itemId":"111220513","astroStatus":"SUCCESS","astroDescription":"FC_DELIVERY (111220513), ORDER CREATED","orderType":"FC_DELIVERY","storeId":"32144","orderNumber":null,"eligiblePaths":["buynow","careplan","homeservice"],"paymentTypes":["cc"],"inEligiblePaths":[],"offerId":"552965CB94BC464EB64BC0824B042984","_id":"6352f4b5ba71e839c00ea07a","__v":0,"createdAt":"2022-10-21T19:36:21.367Z","updatedAt":"2024-08-31T16:30:06.845Z","price":{"currencyAmount":100.3,"currencyUnit":"USD","unit":"EA"}},{"itemId":"5000048752","astroStatus":"SUCCESS","astroDescription":"FC_DELIVERY (5000048752), ORDER CREATED","orderType":"FC_DELIVERY","storeId":"32144","orderNumber":null,"eligiblePaths":["buynow"],"paymentTypes":["cc"],"inEligiblePaths":[],"offerId":"08282D7566D03B98B4AB9FCB1359ADA3","_id":"651b6b9ddab806e7652d3e80","__v":0,"createdAt":"2023-10-03T01:17:17.951Z","price":{"currencyAmount":128,"currencyUnit":"USD","unit":"EA"},"updatedAt":"2024-08-31T16:30:13.604Z"},{"itemId":"777226662","astroStatus":"SUCCESS","astroDescription":"FC_DELIVERY (777226662), ORDER CREATED","orderType":"FC_DELIVERY","storeId":"32144","orderNumber":null,"eligiblePaths":["associatediscount","buynow"],"paymentTypes":["cc"],"inEligiblePaths":[],"offerId":"E981D1A2758B4B85B55D05B84AD8EB07","_id":"6525a20fc66a1ed848b6b02f","__v":0,"createdAt":"2023-10-10T19:12:15.201Z","price":{"currencyAmount":0},"updatedAt":"2024-08-31T16:30:10.873Z"},{"itemId":"419295100","astroStatus":"SUCCESS","astroDescription":"FC_DELIVERY (419295100), ORDER CREATED","orderType":"FC_DELIVERY","storeId":"32144","orderNumber":null,"eligiblePaths":["keepit","buynow","freight"],"paymentTypes":["cc","wmcredit","ebtsnap"],"inEligiblePaths":[],"offerId":"C1CB9BEBDE6D439182EDCFCC42CDB4B9","_id":"65652967bf37af33c6d20434","__v":0,"createdAt":"2023-11-27T23:42:31.610Z","price":{"currencyAmount":200,"currencyUnit":"USD","unit":"EA"},"updatedAt":"2024-08-31T16:30:08.218Z"}]}'
2024-08-31 09:34:09.711 [DEBUG] [thread-id 1] - conditionally execute a flow. condition: false
2024-08-31 09:34:09.873 [DEBUG] [thread-id 1] - SUCCESSFUL item fetched from astro API.
2024-08-31 09:34:09.992 [DEBUG] [thread-id 1] - loop: over '[{"itemId":"111220513","astroStatus":"SUCCESS","astroDescription":"FC_DELIVERY (111220513), ORDER CREATED","orderType":"FC_DELIVERY","storeId":"32144","orderNumber":null,"eligiblePaths":["buynow","careplan","homeservice"],"paymentTypes":["cc"],"inEligiblePaths":[],"offerId":"552965CB94BC464EB64BC0824B042984","_id":"6352f4b5ba71e839c00ea07a","__v":0,"createdAt":"2022-10-21T19:36:21.367Z","updatedAt":"2024-08-31T16:30:06.845Z","price":{"currencyAmount":100.3,"currencyUnit":"USD","unit":"EA"}},{"itemId":"5000048752","astroStatus":"SUCCESS","astroDescription":"FC_DELIVERY (5000048752), ORDER CREATED","orderType":"FC_DELIVERY","storeId":"32144","orderNumber":null,"eligiblePaths":["buynow"],"paymentTypes":["cc"],"inEligiblePaths":[],"offerId":"08282D7566D03B98B4AB9FCB1359ADA3","_id":"651b6b9ddab806e7652d3e80","__v":0,"createdAt":"2023-10-03T01:17:17.951Z","price":{"currencyAmount":128,"currencyUnit":"USD","unit":"EA"},"updatedAt":"2024-08-31T16:30:13.604Z"},{"itemId":"777226662","astroStatus":"SUCCESS","astroDescription":"FC_DELIVERY (777226662), ORDER CREATED","orderType":"FC_DELIVERY","storeId":"32144","orderNumber":null,"eligiblePaths":["associatediscount","buynow"],"paymentTypes":["cc"],"inEligiblePaths":[],"offerId":"E981D1A2758B4B85B55D05B84AD8EB07","_id":"6525a20fc66a1ed848b6b02f","__v":0,"createdAt":"2023-10-10T19:12:15.201Z","price":{"currencyAmount":0},"updatedAt":"2024-08-31T16:30:10.873Z"},{"itemId":"419295100","astroStatus":"SUCCESS","astroDescription":"FC_DELIVERY (419295100), ORDER CREATED","orderType":"FC_DELIVERY","storeId":"32144","orderNumber":null,"eligiblePaths":["keepit","buynow","freight"],"paymentTypes":["cc","wmcredit","ebtsnap"],"inEligiblePaths":[],"offerId":"C1CB9BEBDE6D439182EDCFCC42CDB4B9","_id":"65652967bf37af33c6d20434","__v":0,"createdAt":"2023-11-27T23:42:31.610Z","price":{"currencyAmount":200,"currencyUnit":"USD","unit":"EA"},"updatedAt":"2024-08-31T16:30:08.218Z"}]'
2024-08-31 09:34:10.121 [DEBUG] [thread-id 1] - Store in: store the value 'null' in the variable 'itemDetails'
2024-08-31 09:34:10.246 [DEBUG] [thread-id 1] - {"itemId":"111220513","astroStatus":"SUCCESS","astroDescription":"FC_DELIVERY (111220513), ORDER CREATED","orderType":"FC_DELIVERY","storeId":"32144","orderNumber":null,"eligiblePaths":["buynow","careplan","homeservice"],"paymentTypes":["cc"],"inEligiblePaths":[],"offerId":"552965CB94BC464EB64BC0824B042984","_id":"6352f4b5ba71e839c00ea07a","__v":0,"createdAt":"2022-10-21T19:36:21.367Z","updatedAt":"2024-08-31T16:30:06.845Z","price":{"currencyAmount":100.3,"currencyUnit":"USD","unit":"EA"}}
2024-08-31 09:34:10.372 [DEBUG] [thread-id 1] - Store in: store the value '111220513' in the variable 'itemFetched'
2024-08-31 09:34:10.514 [DEBUG] [thread-id 1] - Store in: store the value 'SUCCESS' in the variable 'itemStatus'
2024-08-31 09:34:10.729 [WARN] [thread-id 1] - variable healthCheck was used, but r2 could not find a value for this variable. returning default of null
2024-08-31 09:34:10.874 [DEBUG] [thread-id 1] - conditionally execute a flow. condition: true
2024-08-31 09:34:11.121 [DEBUG] [thread-id 1] - Execute Node: 'us/e2e-tests/helpers/splitNumberString.js'
2024-08-31 09:34:11.297 [DEBUG] [thread-id 1] - 111220513
2024-08-31 09:34:11.426 [WARN] [thread-id 1] - variable skipForNext was used, but r2 could not find a value for this variable. returning default of null
2024-08-31 09:34:11.555 [WARN] [thread-id 1] - variable excludeFetchedItem was used, but r2 could not find a value for this variable. returning default of null
2024-08-31 09:34:11.555 [DEBUG] [thread-id 1] - conditionally execute a flow. condition: false
2024-08-31 09:34:11.725 [DEBUG] [thread-id 1] - Executing function: 'us.functions.utils.itemHealthCheck'
2024-08-31 09:34:11.726 [DEBUG] [thread-id 1] - Checking item eligibility before proceeding
2024-08-31 09:34:11.726 [DEBUG] [thread-id 1] - Store in: store the value 'false' in the variable 'itemEligiblity'
2024-08-31 09:34:11.726 [DEBUG] [thread-id 1] - Store in: store the value 'false' in the variable 'ignoreItem'
2024-08-31 09:34:11.727 [DEBUG] [thread-id 1] - loop: over '["816076989", "1822965598","131979272", "779762816","1937310256","795796940", "812231723", "2466884336", "414743206", "816076989", "472115968", "961350767","981898706","812231723","499284126279","10801611", "982133078","111220513","1126228020"]'
2024-08-31 09:34:14.039 [DEBUG] [thread-id 1] - conditionally execute a flow. condition: true
2024-08-31 09:34:14.238 [DEBUG] [thread-id 1] - Store in: store the value 'true' in the variable 'ignoreItem'
2024-08-31 09:34:14.361 [DEBUG] [thread-id 1] - conditionally execute a flow. condition: true
2024-08-31 09:34:14.556 [DEBUG] [thread-id 1] - Trying for other item as this is in excluded list of item ids
2024-08-31 09:34:14.805 [DEBUG] [thread-id 1] - Store in: store the value 'null' in the variable 'itemDetails'
2024-08-31 09:34:14.919 [DEBUG] [thread-id 1] - {"itemId":"5000048752","astroStatus":"SUCCESS","astroDescription":"FC_DELIVERY (5000048752), ORDER CREATED","orderType":"FC_DELIVERY","storeId":"32144","orderNumber":null,"eligiblePaths":["buynow"],"paymentTypes":["cc"],"inEligiblePaths":[],"offerId":"08282D7566D03B98B4AB9FCB1359ADA3","_id":"651b6b9ddab806e7652d3e80","__v":0,"createdAt":"2023-10-03T01:17:17.951Z","price":{"currencyAmount":128,"currencyUnit":"USD","unit":"EA"},"updatedAt":"2024-08-31T16:30:13.604Z"}
2024-08-31 09:34:15.032 [DEBUG] [thread-id 1] - Store in: store the value '5000048752' in the variable 'itemFetched'
2024-08-31 09:34:15.153 [DEBUG] [thread-id 1] - Store in: store the value 'SUCCESS' in the variable 'itemStatus'
2024-08-31 09:34:15.292 [WARN] [thread-id 1] - variable healthCheck was used, but r2 could not find a value for this variable. returning default of null
2024-08-31 09:34:15.419 [DEBUG] [thread-id 1] - conditionally execute a flow. condition: true
2024-08-31 09:34:15.541 [DEBUG] [thread-id 1] - Execute Node: 'us/e2e-tests/helpers/splitNumberString.js'
2024-08-31 09:34:15.701 [DEBUG] [thread-id 1] - 5000048752
2024-08-31 09:34:15.820 [WARN] [thread-id 1] - variable skipForNext was used, but r2 could not find a value for this variable. returning default of null
2024-08-31 09:34:15.967 [WARN] [thread-id 1] - variable excludeFetchedItem was used, but r2 could not find a value for this variable. returning default of null
2024-08-31 09:34:15.967 [DEBUG] [thread-id 1] - conditionally execute a flow. condition: false
2024-08-31 09:34:16.101 [DEBUG] [thread-id 1] - Checking item eligibility before proceeding
2024-08-31 09:34:16.102 [DEBUG] [thread-id 1] - Store in: store the value 'false' in the variable 'itemEligiblity'
2024-08-31 09:34:16.102 [DEBUG] [thread-id 1] - Store in: store the value 'false' in the variable 'ignoreItem'
2024-08-31 09:34:16.102 [DEBUG] [thread-id 1] - loop: over '["816076989", "1822965598","131979272", "779762816","1937310256","795796940", "812231723", "2466884336", "414743206", "816076989", "472115968", "961350767","981898706","812231723","499284126279","10801611", "982133078","111220513","1126228020"]'
2024-08-31 09:34:18.671 [DEBUG] [thread-id 1] - conditionally execute a flow. condition: false
2024-08-31 09:34:18.787 [DEBUG] [thread-id 1] - conditionally execute a flow. condition: true
2024-08-31 09:34:18.901 [DEBUG] [thread-id 1] - Store in: store the value 'true' in the variable 'itemEligiblity'
2024-08-31 09:34:19.049 [DEBUG] [thread-id 1] - conditionally execute a flow. condition: true
2024-08-31 09:34:19.341 [DEBUG] [thread-id 1] - Stock available Item Id 5000048752 for type FC_DELIVERY
2024-08-31 09:34:19.518 [WARN] [thread-id 1] - variable fetchedItemDataDetails was used, but r2 could not find a value for this variable. returning default of null
2024-08-31 09:34:19.518 [DEBUG] [thread-id 1] - Execute Node: 'us/e2e-tests/helpers/jsonParser.js'
2024-08-31 09:34:19.741 [DEBUG] [thread-id 1] - Store in: store the value 'false' in the variable 'skipForNext'
2024-08-31 09:34:19.867 [DEBUG] [thread-id 1] - Store in: store the value 'false' in the variable 'excludeFetchedItem'
2024-08-31 09:34:19.868 [DEBUG] [thread-id 1] - Store in: store the value 'null' in the variable 'storeId'
2024-08-31 09:34:19.869 [DEBUG] [thread-id 1] - Store in: store the value 'null' in the variable 'itemStatusHeader'
2024-08-31 09:34:19.869 [DEBUG] [thread-id 1] - Store in: store the value 'false' in the variable 'healthCheck'
2024-08-31 09:34:19.869 [DEBUG] [thread-id 1] - Store in: store the value 'null' in the variable 'version'
2024-08-31 09:34:19.869 [DEBUG] [thread-id 1] - Store in: store the value 'null' in the variable 'itemFilter'
2024-08-31 09:34:19.870 [DEBUG] [thread-id 1] - Store in: store the value 'false' in the variable 'noSubSet'
2024-08-31 09:34:19.985 [DEBUG] [thread-id 1] - Store in: store the value 'null' in the variable 'backupItem'
2024-08-31 09:34:19.985 [DEBUG] [thread-id 1] - Store in: store the value 'null' in the variable 'source'
2024-08-31 09:34:19.986 [DEBUG] [thread-id 1] - Store in: store the value 'null' in the variable 'useHardCodedItem'
2024-08-31 09:34:19.987 [DEBUG] [thread-id 1] - Store in: store the value 'walmart://item/5000048752' in the variable 'deeplinkURl'
2024-08-31 09:34:19.987 [DEBUG] [thread-id 1] - Item:5000048752
2024-08-31 09:34:19.987 [DEBUG] [thread-id 1] - deeplinkURL:walmart://item/5000048752
2024-08-31 09:34:19.988 [DEBUG] [thread-id 1] - Store in: store the value '5000048752' in the variable 'item1'
2024-08-31 09:34:19.989 [DEBUG] [thread-id 1] - Executing function: 'us.functions.global.navigation.goToDeepLink'
2024-08-31 09:34:19.989 [DEBUG] [thread-id 1] - Verify value of: '$deepLinkUrl'
2024-08-31 09:34:19.990 [DEBUG] [thread-id 1] - Open link: 'walmart://item/5000048752'
2024-08-31 09:34:20.252 [DEBUG] [thread-id 1] - R2_SUBFLOW_TRANSACTION
2024-08-31 09:34:20.253 [DEBUG] [thread-id 1] - Executing function: 'us.functions.buyNow.newUser.overlay.createNewAccount'
2024-08-31 09:34:20.253 [DEBUG] [thread-id 1] - Store in: store the value 'identity-testuser1725121876623@walmart.com' in the variable 'astroEmail'
2024-08-31 09:34:20.253 [DEBUG] [thread-id 1] - Store in: store the value '5678923456' in the variable 'astroPhoneNumber'
2024-08-31 09:34:20.253 [DEBUG] [thread-id 1] - sleep:  10000 milliseconds
2024-08-31 09:34:30.398 [DEBUG] [thread-id 1] - Verify identifier: {com.walmart.android.debug:id/item_product_buy_now=[true]}
2024-08-31 09:34:33.536 [DEBUG] [thread-id 1] - Click element: 'com.walmart.android.debug:id/item_product_buy_now'
2024-08-31 09:34:44.342 [DEBUG] [thread-id 1] - conditionally execute a flow. condition: true
2024-08-31 09:34:44.475 [DEBUG] [thread-id 1] - Click element: '//android.view.View[@content-desc="Dismiss"]'
2024-08-31 09:34:56.045 [DEBUG] [thread-id 1] - conditionally execute a flow. condition: false
2024-08-31 09:34:56.218 [DEBUG] [thread-id 1] - Click element: '//android.widget.Button[@text="Create an account"] | //*[@resource-id="com.walmart.android.debug:id/auth_button_main"]'
2024-08-31 09:35:18.335 [DEBUG] [thread-id 1] - Main failed: Is not present '//android.widget.EditText[@text="First name"] | //android.widget.EditText[@content-desc="First name"]/android.widget.FrameLayout/android.widget.EditText | //android.widget.LinearLayout[@content-desc="First name"]/android.widget.FrameLayout/android.widget.EditText'
2024-08-31 09:35:18.497 [DEBUG] [thread-id 1] - Executing scenario: 'After'
2024-08-31 09:35:18.497 [DEBUG] [thread-id 1] - Executing function: 'us.functions.utils.afterSteps'
2024-08-31 09:35:18.498 [WARN] [thread-id 1] - variable testStatus was used, but r2 could not find a value for this variable. returning default of null
2024-08-31 09:35:18.498 [DEBUG] [thread-id 1] - conditionally execute a flow. condition: false
2024-08-31 09:35:18.572 [DEBUG] [thread-id 1] - Test failed
2024-08-31 09:35:20.288 [DEBUG] [thread-id 1] - Created report: /Users/m0k0a2f/glass-automation/report/index.html
2024-08-31 09:42:41.958 [DEBUG] [thread-id 1] - Executing R2 4.0.2: '/Users/m0k0a2f/glass-automation/./us/e2e-tests/test-scripts/android/golden-flows/Ecomm-And-Fulfillment-Flows/buy-now-flows/pre-transaction/C2666161- create-account-from-buy-now.yaml' on device: 'Pixel_8_Pro_API_34'
2024-08-31 09:42:42.050 [INFO] [thread-id 1] - url: http://127.0.0.1:4723
2024-08-31 09:42:55.704 [DEBUG] [thread-id 1] - Executing scenario: 'Before'
2024-08-31 09:42:55.706 [DEBUG] [thread-id 1] - R2_SUBFLOW_PRE_TRANSACTION
2024-08-31 09:42:55.882 [DEBUG] [thread-id 1] - Using us-errors-helpers.yaml
2024-08-31 09:42:56.047 [DEBUG] [thread-id 1] - Start Main
2024-08-31 09:42:56.047 [DEBUG] [thread-id 1] - Timestamp: 1725122576047
2024-08-31 09:42:56.050 [DEBUG] [thread-id 1] - Executing function: 'us.functions.global.onboarding.navigateOnboardingToHome'
2024-08-31 09:42:56.051 [DEBUG] [thread-id 1] - Executing function: 'us.function.utils.getEnvironmentValue'
2024-08-31 09:42:56.052 [DEBUG] [thread-id 1] - Store in: store the value 'teflon' in the variable 'env'
2024-08-31 09:42:56.053 [DEBUG] [thread-id 1] - Timestamp: 1725122576053
2024-08-31 09:42:56.054 [DEBUG] [thread-id 1] - Start Activity: 'com.walmart.android.debug.com.walmart.glass.integration.splash.SplashActivity'
2024-08-31 09:43:10.315 [DEBUG] [thread-id 1] - conditionally execute a flow. condition: false
2024-08-31 09:43:10.429 [DEBUG] [thread-id 1] - Verify identifier: {com.walmart.android.debug:id/onboarding_welcome_title_textview=[true]}
2024-08-31 09:43:20.544 [DEBUG] [thread-id 1] - conditionally execute a flow. condition: false
2024-08-31 09:43:20.658 [DEBUG] [thread-id 1] - Verify identifier: {com.walmart.android.debug:id/onboarding_welcome_title_textview=[true]}
2024-08-31 09:43:20.884 [DEBUG] [thread-id 1] - Click element: 'com.walmart.android.debug:id/onboarding_welcome_secondary_button'
2024-08-31 09:43:22.806 [WARN] [thread-id 1] - variable allowNotifications was used, but r2 could not find a value for this variable. returning default of null
2024-08-31 09:43:22.807 [DEBUG] [thread-id 1] - conditionally execute a flow. condition: false
2024-08-31 09:43:22.944 [DEBUG] [thread-id 1] - Verify identifier: {com.walmart.android.debug:id/onboarding_notification_title_textview=[true]}
2024-08-31 09:43:23.387 [DEBUG] [thread-id 1] - Click element: 'com.walmart.android.debug:id/onboarding_maybe_later_button'
2024-08-31 09:43:25.429 [DEBUG] [thread-id 1] - Verify identifier: {com.walmart.android.debug:id/onboarding_location_title_textview=[true]}
2024-08-31 09:43:25.589 [DEBUG] [thread-id 1] - Click element: 'com.walmart.android.debug:id/onboarding_zip_code_button'
2024-08-31 09:43:26.638 [DEBUG] [thread-id 1] - Verify identifier: {com.walmart.android.debug:id/onboarding_title_textview=[true]}
2024-08-31 09:43:27.166 [DEBUG] [thread-id 1] - Click element: '//android.widget.EditText[@text="Enter zip code"] | //android.widget.EditText[@text="Enter postal code"] | //android.widget.EditText[@resource-id="com.walmart.android.debug:id/onboarding_zip_code_textinput"]//android.widget.EditText'
2024-08-31 09:43:28.833 [DEBUG] [thread-id 1] - Enter text: '95122'
2024-08-31 09:43:30.763 [DEBUG] [thread-id 1] - Hide keyboard: 'true'
2024-08-31 09:43:37.421 [DEBUG] [thread-id 1] - Click element: 'com.walmart.android.debug:id/onboarding_zip_code_search_button'
2024-08-31 09:43:38.102 [DEBUG] [thread-id 1] - sleep:  3000 milliseconds
2024-08-31 09:43:41.109 [DEBUG] [thread-id 1] - loop: from 0 to 3
2024-08-31 09:43:41.333 [DEBUG] [thread-id 1] - 0
2024-08-31 09:43:54.041 [DEBUG] [thread-id 1] - conditionally execute a flow. condition: false
2024-08-31 09:44:04.261 [DEBUG] [thread-id 1] - Verify identifier: {com.walmart.android.debug:id/onboarding_title_textview=[true]}
2024-08-31 09:44:04.262 [DEBUG] [thread-id 1] - Executing function: 'us.functions.global.onboarding.popUpScreen'
2024-08-31 09:44:04.262 [DEBUG] [thread-id 1] - sleep:  3000 milliseconds
2024-08-31 09:44:17.380 [DEBUG] [thread-id 1] - sleep:  3000 milliseconds
2024-08-31 09:44:20.389 [DEBUG] [thread-id 1] - Executing function: 'us.functions.global.onboarding.smartLock.DismissNoneOfTheAbove'
2024-08-31 09:44:30.440 [DEBUG] [thread-id 1] - conditionally execute a flow. condition: false
2024-08-31 09:44:40.604 [DEBUG] [thread-id 1] - sleep:  3000 milliseconds
2024-08-31 09:44:43.608 [DEBUG] [thread-id 1] - Executing function: 'us.functions.home.personalizedPopUpScreenClose'
2024-08-31 09:44:43.609 [DEBUG] [thread-id 1] - sleep:  5000 milliseconds
2024-08-31 09:44:48.616 [DEBUG] [thread-id 1] - conditionally execute a flow. condition: true
2024-08-31 09:44:48.845 [DEBUG] [thread-id 1] - Click element: 'com.walmart.android.debug:id/marketing_privacy_bottom_sheet_deny_btn'
2024-08-31 09:44:50.096 [DEBUG] [thread-id 1] - sleep:  3000 milliseconds
2024-08-31 09:44:53.275 [DEBUG] [thread-id 1] - conditionally execute a flow. condition: true
2024-08-31 09:44:53.566 [DEBUG] [thread-id 1] - Click element: '//android.widget.ImageView[@content-desc="Close"]'
2024-08-31 09:44:54.222 [DEBUG] [thread-id 1] - sleep:  3000 milliseconds
2024-08-31 09:44:57.229 [DEBUG] [thread-id 1] - Executing function: 'us.functions.utils.tryAgainWhenThereIsError'
2024-08-31 09:44:57.231 [DEBUG] [thread-id 1] - loop: from 0 to 3
2024-08-31 09:44:57.442 [DEBUG] [thread-id 1] - 0
2024-08-31 09:45:07.629 [DEBUG] [thread-id 1] - conditionally execute a flow. condition: false
2024-08-31 09:45:17.859 [DEBUG] [thread-id 1] - Executing function: 'us.functions.gic.collapseIfExpanded'
2024-08-31 09:45:28.026 [DEBUG] [thread-id 1] - conditionally execute a flow. condition: false
2024-08-31 09:45:28.174 [DEBUG] [thread-id 1] - gic is collapsed
2024-08-31 09:45:28.296 [DEBUG] [thread-id 1] - Verify identifier: {//android.widget.EditText[@resource-id="com.walmart.android.debug:id/search_view"]=[true]}
2024-08-31 09:45:28.297 [DEBUG] [thread-id 1] - Executing function: 'us.functions.home.handleReorderToolTip'
2024-08-31 09:45:38.353 [DEBUG] [thread-id 1] - conditionally execute a flow. condition: false
2024-08-31 09:45:38.488 [DEBUG] [thread-id 1] - no tooltip displayed
2024-08-31 09:45:38.489 [DEBUG] [thread-id 1] - Executing function: 'us.functions.utils.getSearchableItem'
2024-08-31 09:45:38.490 [DEBUG] [thread-id 1] - Store in: store the value 'null' in the variable 'itemFetched'
2024-08-31 09:45:38.490 [DEBUG] [thread-id 1] - Store in: store the value 'null' in the variable 'deeplinkURL'
2024-08-31 09:45:38.491 [DEBUG] [thread-id 1] - Store in: store the value 'true' in the variable 'apiFetch'
2024-08-31 09:45:38.491 [WARN] [thread-id 1] - variable TEFLON_DATA was used, but r2 could not find a value for this variable. returning default of null
2024-08-31 09:45:38.492 [DEBUG] [thread-id 1] - conditionally execute a flow. condition: true
2024-08-31 09:45:38.623 [WARN] [thread-id 1] - variable TEFLON_DATA was used, but r2 could not find a value for this variable. returning default of null
2024-08-31 09:45:38.623 [DEBUG] [thread-id 1] - Execute Node: 'us/e2e-tests/helpers/itemFetch.js'
2024-08-31 09:45:38.788 [DEBUG] [thread-id 1] - NA
2024-08-31 09:45:38.789 [DEBUG] [thread-id 1] - conditionally execute a flow. condition: true
2024-08-31 09:45:38.921 [WARN] [thread-id 1] - variable source was used, but r2 could not find a value for this variable. returning default of null
2024-08-31 09:45:38.921 [DEBUG] [thread-id 1] - conditionally execute a flow. condition: false
2024-08-31 09:45:39.057 [DEBUG] [thread-id 1] - Item fetched by Astro API
2024-08-31 09:45:39.192 [DEBUG] [thread-id 1] - Executing function: 'us.functions.utils.fetchAstroAvailableItem'
2024-08-31 09:45:39.193 [DEBUG] [thread-id 1] - Fetching Item available in stock using Astro API for Item type FC_DELIVERY
2024-08-31 09:45:39.193 [WARN] [thread-id 1] - variable storeId was used, but r2 could not find a value for this variable. returning default of null
2024-08-31 09:45:39.195 [DEBUG] [thread-id 1] - conditionally execute a flow. condition: true
2024-08-31 09:45:39.322 [DEBUG] [thread-id 1] - Store in: store the value '32144' in the variable 'storeId'
2024-08-31 09:45:39.322 [WARN] [thread-id 1] - variable nextGen was used, but r2 could not find a value for this variable. returning default of null
2024-08-31 09:45:39.323 [DEBUG] [thread-id 1] - conditionally execute a flow. condition: true
2024-08-31 09:45:39.476 [DEBUG] [thread-id 1] - Store in: store the value 'nextgen' in the variable 'version'
2024-08-31 09:45:39.477 [WARN] [thread-id 1] - variable itemStatusHeader was used, but r2 could not find a value for this variable. returning default of null
2024-08-31 09:45:39.477 [DEBUG] [thread-id 1] - conditionally execute a flow. condition: true
2024-08-31 09:45:39.628 [DEBUG] [thread-id 1] - Store in: store the value 'SUCCESS' in the variable 'itemStatusHeader'
2024-08-31 09:45:39.629 [DEBUG] [thread-id 1] - conditionally execute a flow. condition: true
2024-08-31 09:45:39.773 [WARN] [thread-id 1] - variable itemSubFilter was used, but r2 could not find a value for this variable. returning default of null
2024-08-31 09:45:39.773 [DEBUG] [thread-id 1] - conditionally execute a flow. condition: false
2024-08-31 09:45:39.904 [DEBUG] [thread-id 1] - conditionally execute a flow. condition: false
2024-08-31 09:45:40.038 [WARN] [thread-id 1] - variable itemSubFilter was used, but r2 could not find a value for this variable. returning default of null
2024-08-31 09:45:40.038 [DEBUG] [thread-id 1] - conditionally execute a flow. condition: false
2024-08-31 09:45:40.170 [DEBUG] [thread-id 1] - conditionally execute a flow. condition: false
2024-08-31 09:45:40.302 [DEBUG] [thread-id 1] - conditionally execute a flow. condition: true
2024-08-31 09:45:40.424 [DEBUG] [thread-id 1] - Store in: store the value 'http://astro.walmart.com/api/v3/teflon/internal/getItemHealth/32144/FC_DELIVERY?itemType=buynow' in the variable 'fetchURL'
2024-08-31 09:45:40.557 [DEBUG] [thread-id 1] - Store in: store the value 'nextgen' in the variable 'version'
2024-08-31 09:45:40.558 [DEBUG] [thread-id 1] - Store in: store the value 'null' in the variable 'itemDetails'
2024-08-31 09:45:40.688 [DEBUG] [thread-id 1] - conditionally execute a flow. condition: true
2024-08-31 09:45:40.808 [DEBUG] [thread-id 1] - NextGen API
2024-08-31 09:45:40.939 [DEBUG] [thread-id 1] - Call API: 'http://astro.walmart.com/api/v3/teflon/internal/getItemHealth/32144/FC_DELIVERY?itemType=buynow'
2024-08-31 09:45:46.521 [DEBUG] [thread-id 1] - Response code is: '200'. Response body is: '{"astroStatus":"SUCCESS","astroDescription":"Items found in itemHealth Collection","astroDetails":[{"itemId":"111220513","astroStatus":"SUCCESS","astroDescription":"FC_DELIVERY (111220513), ORDER CREATED","orderType":"FC_DELIVERY","storeId":"32144","orderNumber":null,"eligiblePaths":["buynow","careplan","homeservice"],"paymentTypes":["cc"],"inEligiblePaths":[],"offerId":"552965CB94BC464EB64BC0824B042984","_id":"6352f4b5ba71e839c00ea07a","__v":0,"createdAt":"2022-10-21T19:36:21.367Z","updatedAt":"2024-08-31T16:45:07.517Z","price":{"currencyAmount":100.3,"currencyUnit":"USD","unit":"EA"}},{"itemId":"821681268","astroStatus":"SUCCESS","astroDescription":"FC_DELIVERY (821681268), ORDER CREATED","orderType":"FC_DELIVERY","storeId":"32144","orderNumber":null,"eligiblePaths":["buynow"],"paymentTypes":["cc"],"inEligiblePaths":[],"offerId":"FBF389D8894A4BDAACA8795A7EB7706A","_id":"641c83a5b2ad5031d40afdd3","__v":0,"createdAt":"2023-03-23T16:51:49.812Z","price":{"currencyAmount":41.09,"currencyUnit":"USD"},"updatedAt":"2024-08-31T16:45:10.837Z"},{"itemId":"5000048752","astroStatus":"SUCCESS","astroDescription":"FC_DELIVERY (5000048752), ORDER CREATED","orderType":"FC_DELIVERY","storeId":"32144","orderNumber":null,"eligiblePaths":["buynow"],"paymentTypes":["cc"],"inEligiblePaths":[],"offerId":"08282D7566D03B98B4AB9FCB1359ADA3","_id":"651b6b9ddab806e7652d3e80","__v":0,"createdAt":"2023-10-03T01:17:17.951Z","price":{"currencyAmount":128,"currencyUnit":"USD","unit":"EA"},"updatedAt":"2024-08-31T16:45:11.447Z"},{"itemId":"777226662","astroStatus":"SUCCESS","astroDescription":"FC_DELIVERY (777226662), ORDER CREATED","orderType":"FC_DELIVERY","storeId":"32144","orderNumber":null,"eligiblePaths":["associatediscount","buynow"],"paymentTypes":["cc"],"inEligiblePaths":[],"offerId":"E981D1A2758B4B85B55D05B84AD8EB07","_id":"6525a20fc66a1ed848b6b02f","__v":0,"createdAt":"2023-10-10T19:12:15.201Z","price":{"currencyAmount":0},"updatedAt":"2024-08-31T16:45:09.536Z"},{"itemId":"5000209940","astroStatus":"SUCCESS","astroDescription":"FC_DELIVERY (5000209940), ORDER CREATED","orderType":"FC_DELIVERY","storeId":"32144","orderNumber":null,"eligiblePaths":["gm","buynow"],"paymentTypes":["cc"],"inEligiblePaths":[],"offerId":"52D0772E29FE3841A48277170B14D190","_id":"65431bcf85037106738fadb9","__v":0,"createdAt":"2023-11-02T03:47:27.816Z","price":{"currencyAmount":360,"currencyUnit":"USD","unit":"EA"},"updatedAt":"2024-08-31T16:45:11.506Z"},{"itemId":"5000209939","astroStatus":"SUCCESS","astroDescription":"FC_DELIVERY (5000209939), ORDER CREATED","orderType":"FC_DELIVERY","storeId":"32144","orderNumber":null,"eligiblePaths":["gm","buynow"],"paymentTypes":["cc"],"inEligiblePaths":[],"offerId":"82EEB8499F4138E9969F488404DEDE3B","_id":"65431d0345e8ade902be7a74","__v":0,"createdAt":"2023-11-02T03:52:35.100Z","price":{"currencyAmount":360,"currencyUnit":"USD","unit":"EA"},"updatedAt":"2024-08-31T16:45:12.082Z"},{"itemId":"419295100","astroStatus":"SUCCESS","astroDescription":"FC_DELIVERY (419295100), ORDER CREATED","orderType":"FC_DELIVERY","storeId":"32144","orderNumber":null,"eligiblePaths":["keepit","buynow","freight"],"paymentTypes":["cc","wmcredit","ebtsnap"],"inEligiblePaths":[],"offerId":"C1CB9BEBDE6D439182EDCFCC42CDB4B9","_id":"65652967bf37af33c6d20434","__v":0,"createdAt":"2023-11-27T23:42:31.610Z","price":{"currencyAmount":200,"currencyUnit":"USD","unit":"EA"},"updatedAt":"2024-08-31T16:45:07.648Z"},{"itemId":"3357669866","astroStatus":"SUCCESS","astroDescription":"FC_DELIVERY (3357669866), ORDER CREATED","orderType":"FC_DELIVERY","storeId":"32144","orderNumber":null,"eligiblePaths":["buynow"],"paymentTypes":[],"inEligiblePaths":[],"offerId":"A386110EC1523301A3E630232904F37E","_id":"660c6e975553907e50a219c8","__v":0,"createdAt":"2024-04-02T20:46:15.002Z","price":{"currencyAmount":1200,"currencyUnit":"USD","unit":"EA"},"updatedAt":"2024-08-31T16:45:15.259Z"},{"itemId":"800117199","astroStatus":"SUCCESS","astroDescription":"FC_DELIVERY (800117199), ORDER CREATED","orderType":"FC_DELIVERY","storeId":"32144","orderNumber":null,"eligiblePaths":["subscriptions","buynow"],"paymentTypes":[],"inEligiblePaths":[],"offerId":"514891EB74814C7088C498AA08EAA6CB","_id":"66c3da833c6267a96305b378","__v":0,"createdAt":"2024-08-19T23:51:31.420Z","price":{"currencyAmount":0},"updatedAt":"2024-08-31T16:45:13.602Z"},{"itemId":"5013212719","astroStatus":"SUCCESS","astroDescription":"FC_DELIVERY (5013212719), ORDER CREATED","orderType":"FC_DELIVERY","storeId":"32144","orderNumber":null,"eligiblePaths":["w+fav","buynow"],"paymentTypes":[],"inEligiblePaths":[],"offerId":"ABAD01FEA69C34B79ACE7B12260DF319","_id":"66cfca743072fd6420a4c0da","__v":0,"createdAt":"2024-08-29T01:10:12.832Z","price":{"currencyAmount":260,"currencyUnit":"USD","unit":"EA"},"updatedAt":"2024-08-31T16:45:17.133Z"},{"itemId":"302238985","astroStatus":"SUCCESS","astroDescription":"FC_DELIVERY (302238985), ORDER CREATED","orderType":"FC_DELIVERY","storeId":"32144","orderNumber":null,"eligiblePaths":["w+fav","buynow"],"paymentTypes":[],"inEligiblePaths":[],"offerId":"FD58CF8AC7F94770B4BB3E0F5FC4C01D","_id":"66cfca750284d134e15aebd7","__v":0,"createdAt":"2024-08-29T01:10:13.009Z","price":{"currencyAmount":0},"updatedAt":"2024-08-31T16:45:16.706Z"},{"itemId":"5013644829","astroStatus":"SUCCESS","astroDescription":"FC_DELIVERY (5013644829), ORDER CREATED","orderType":"FC_DELIVERY","storeId":"32144","orderNumber":null,"eligiblePaths":["w+fav","buynow"],"paymentTypes":[],"inEligiblePaths":[],"offerId":"28435B58A3F23A18B7848F0CF1A2C449","_id":"66cfca751913c56512953067","__v":0,"createdAt":"2024-08-29T01:10:13.076Z","price":{"currencyAmount":800,"currencyUnit":"USD","unit":"EA"},"updatedAt":"2024-08-31T16:45:15.802Z"},{"itemId":"3793756050","astroStatus":"SUCCESS","astroDescription":"FC_DELIVERY (3793756050), ORDER CREATED","orderType":"FC_DELIVERY","storeId":"32144","orderNumber":null,"eligiblePaths":["w+fav","buynow"],"paymentTypes":[],"inEligiblePaths":[],"offerId":"DE79AB9D46B34335A10081FAEB5E950D","_id":"66cfca7598853b757409502c","__v":0,"createdAt":"2024-08-29T01:10:13.305Z","price":{"currencyAmount":360,"currencyUnit":"USD","unit":"EA"},"updatedAt":"2024-08-31T16:45:18.471Z"}]}'
2024-08-31 09:45:46.696 [DEBUG] [thread-id 1] - conditionally execute a flow. condition: false
2024-08-31 09:45:46.836 [DEBUG] [thread-id 1] - SUCCESSFUL item fetched from astro API.
2024-08-31 09:45:46.973 [DEBUG] [thread-id 1] - loop: over '[{"itemId":"111220513","astroStatus":"SUCCESS","astroDescription":"FC_DELIVERY (111220513), ORDER CREATED","orderType":"FC_DELIVERY","storeId":"32144","orderNumber":null,"eligiblePaths":["buynow","careplan","homeservice"],"paymentTypes":["cc"],"inEligiblePaths":[],"offerId":"552965CB94BC464EB64BC0824B042984","_id":"6352f4b5ba71e839c00ea07a","__v":0,"createdAt":"2022-10-21T19:36:21.367Z","updatedAt":"2024-08-31T16:45:07.517Z","price":{"currencyAmount":100.3,"currencyUnit":"USD","unit":"EA"}},{"itemId":"821681268","astroStatus":"SUCCESS","astroDescription":"FC_DELIVERY (821681268), ORDER CREATED","orderType":"FC_DELIVERY","storeId":"32144","orderNumber":null,"eligiblePaths":["buynow"],"paymentTypes":["cc"],"inEligiblePaths":[],"offerId":"FBF389D8894A4BDAACA8795A7EB7706A","_id":"641c83a5b2ad5031d40afdd3","__v":0,"createdAt":"2023-03-23T16:51:49.812Z","price":{"currencyAmount":41.09,"currencyUnit":"USD"},"updatedAt":"2024-08-31T16:45:10.837Z"},{"itemId":"5000048752","astroStatus":"SUCCESS","astroDescription":"FC_DELIVERY (5000048752), ORDER CREATED","orderType":"FC_DELIVERY","storeId":"32144","orderNumber":null,"eligiblePaths":["buynow"],"paymentTypes":["cc"],"inEligiblePaths":[],"offerId":"08282D7566D03B98B4AB9FCB1359ADA3","_id":"651b6b9ddab806e7652d3e80","__v":0,"createdAt":"2023-10-03T01:17:17.951Z","price":{"currencyAmount":128,"currencyUnit":"USD","unit":"EA"},"updatedAt":"2024-08-31T16:45:11.447Z"},{"itemId":"777226662","astroStatus":"SUCCESS","astroDescription":"FC_DELIVERY (777226662), ORDER CREATED","orderType":"FC_DELIVERY","storeId":"32144","orderNumber":null,"eligiblePaths":["associatediscount","buynow"],"paymentTypes":["cc"],"inEligiblePaths":[],"offerId":"E981D1A2758B4B85B55D05B84AD8EB07","_id":"6525a20fc66a1ed848b6b02f","__v":0,"createdAt":"2023-10-10T19:12:15.201Z","price":{"currencyAmount":0},"updatedAt":"2024-08-31T16:45:09.536Z"},{"itemId":"5000209940","astroStatus":"SUCCESS","astroDescription":"FC_DELIVERY (5000209940), ORDER CREATED","orderType":"FC_DELIVERY","storeId":"32144","orderNumber":null,"eligiblePaths":["gm","buynow"],"paymentTypes":["cc"],"inEligiblePaths":[],"offerId":"52D0772E29FE3841A48277170B14D190","_id":"65431bcf85037106738fadb9","__v":0,"createdAt":"2023-11-02T03:47:27.816Z","price":{"currencyAmount":360,"currencyUnit":"USD","unit":"EA"},"updatedAt":"2024-08-31T16:45:11.506Z"},{"itemId":"5000209939","astroStatus":"SUCCESS","astroDescription":"FC_DELIVERY (5000209939), ORDER CREATED","orderType":"FC_DELIVERY","storeId":"32144","orderNumber":null,"eligiblePaths":["gm","buynow"],"paymentTypes":["cc"],"inEligiblePaths":[],"offerId":"82EEB8499F4138E9969F488404DEDE3B","_id":"65431d0345e8ade902be7a74","__v":0,"createdAt":"2023-11-02T03:52:35.100Z","price":{"currencyAmount":360,"currencyUnit":"USD","unit":"EA"},"updatedAt":"2024-08-31T16:45:12.082Z"},{"itemId":"419295100","astroStatus":"SUCCESS","astroDescription":"FC_DELIVERY (419295100), ORDER CREATED","orderType":"FC_DELIVERY","storeId":"32144","orderNumber":null,"eligiblePaths":["keepit","buynow","freight"],"paymentTypes":["cc","wmcredit","ebtsnap"],"inEligiblePaths":[],"offerId":"C1CB9BEBDE6D439182EDCFCC42CDB4B9","_id":"65652967bf37af33c6d20434","__v":0,"createdAt":"2023-11-27T23:42:31.610Z","price":{"currencyAmount":200,"currencyUnit":"USD","unit":"EA"},"updatedAt":"2024-08-31T16:45:07.648Z"},{"itemId":"3357669866","astroStatus":"SUCCESS","astroDescription":"FC_DELIVERY (3357669866), ORDER CREATED","orderType":"FC_DELIVERY","storeId":"32144","orderNumber":null,"eligiblePaths":["buynow"],"paymentTypes":[],"inEligiblePaths":[],"offerId":"A386110EC1523301A3E630232904F37E","_id":"660c6e975553907e50a219c8","__v":0,"createdAt":"2024-04-02T20:46:15.002Z","price":{"currencyAmount":1200,"currencyUnit":"USD","unit":"EA"},"updatedAt":"2024-08-31T16:45:15.259Z"},{"itemId":"800117199","astroStatus":"SUCCESS","astroDescription":"FC_DELIVERY (800117199), ORDER CREATED","orderType":"FC_DELIVERY","storeId":"32144","orderNumber":null,"eligiblePaths":["subscriptions","buynow"],"paymentTypes":[],"inEligiblePaths":[],"offerId":"514891EB74814C7088C498AA08EAA6CB","_id":"66c3da833c6267a96305b378","__v":0,"createdAt":"2024-08-19T23:51:31.420Z","price":{"currencyAmount":0},"updatedAt":"2024-08-31T16:45:13.602Z"},{"itemId":"5013212719","astroStatus":"SUCCESS","astroDescription":"FC_DELIVERY (5013212719), ORDER CREATED","orderType":"FC_DELIVERY","storeId":"32144","orderNumber":null,"eligiblePaths":["w+fav","buynow"],"paymentTypes":[],"inEligiblePaths":[],"offerId":"ABAD01FEA69C34B79ACE7B12260DF319","_id":"66cfca743072fd6420a4c0da","__v":0,"createdAt":"2024-08-29T01:10:12.832Z","price":{"currencyAmount":260,"currencyUnit":"USD","unit":"EA"},"updatedAt":"2024-08-31T16:45:17.133Z"},{"itemId":"302238985","astroStatus":"SUCCESS","astroDescription":"FC_DELIVERY (302238985), ORDER CREATED","orderType":"FC_DELIVERY","storeId":"32144","orderNumber":null,"eligiblePaths":["w+fav","buynow"],"paymentTypes":[],"inEligiblePaths":[],"offerId":"FD58CF8AC7F94770B4BB3E0F5FC4C01D","_id":"66cfca750284d134e15aebd7","__v":0,"createdAt":"2024-08-29T01:10:13.009Z","price":{"currencyAmount":0},"updatedAt":"2024-08-31T16:45:16.706Z"},{"itemId":"5013644829","astroStatus":"SUCCESS","astroDescription":"FC_DELIVERY (5013644829), ORDER CREATED","orderType":"FC_DELIVERY","storeId":"32144","orderNumber":null,"eligiblePaths":["w+fav","buynow"],"paymentTypes":[],"inEligiblePaths":[],"offerId":"28435B58A3F23A18B7848F0CF1A2C449","_id":"66cfca751913c56512953067","__v":0,"createdAt":"2024-08-29T01:10:13.076Z","price":{"currencyAmount":800,"currencyUnit":"USD","unit":"EA"},"updatedAt":"2024-08-31T16:45:15.802Z"},{"itemId":"3793756050","astroStatus":"SUCCESS","astroDescription":"FC_DELIVERY (3793756050), ORDER CREATED","orderType":"FC_DELIVERY","storeId":"32144","orderNumber":null,"eligiblePaths":["w+fav","buynow"],"paymentTypes":[],"inEligiblePaths":[],"offerId":"DE79AB9D46B34335A10081FAEB5E950D","_id":"66cfca7598853b757409502c","__v":0,"createdAt":"2024-08-29T01:10:13.305Z","price":{"currencyAmount":360,"currencyUnit":"USD","unit":"EA"},"updatedAt":"2024-08-31T16:45:18.471Z"}]'
2024-08-31 09:45:47.104 [DEBUG] [thread-id 1] - Store in: store the value 'null' in the variable 'itemDetails'
2024-08-31 09:45:47.234 [DEBUG] [thread-id 1] - {"itemId":"111220513","astroStatus":"SUCCESS","astroDescription":"FC_DELIVERY (111220513), ORDER CREATED","orderType":"FC_DELIVERY","storeId":"32144","orderNumber":null,"eligiblePaths":["buynow","careplan","homeservice"],"paymentTypes":["cc"],"inEligiblePaths":[],"offerId":"552965CB94BC464EB64BC0824B042984","_id":"6352f4b5ba71e839c00ea07a","__v":0,"createdAt":"2022-10-21T19:36:21.367Z","updatedAt":"2024-08-31T16:45:07.517Z","price":{"currencyAmount":100.3,"currencyUnit":"USD","unit":"EA"}}
2024-08-31 09:45:47.354 [DEBUG] [thread-id 1] - Store in: store the value '111220513' in the variable 'itemFetched'
2024-08-31 09:45:47.466 [DEBUG] [thread-id 1] - Store in: store the value 'SUCCESS' in the variable 'itemStatus'
2024-08-31 09:45:47.586 [WARN] [thread-id 1] - variable healthCheck was used, but r2 could not find a value for this variable. returning default of null
2024-08-31 09:45:47.811 [DEBUG] [thread-id 1] - conditionally execute a flow. condition: true
2024-08-31 09:45:47.933 [DEBUG] [thread-id 1] - Execute Node: 'us/e2e-tests/helpers/splitNumberString.js'
2024-08-31 09:45:48.239 [DEBUG] [thread-id 1] - 111220513
2024-08-31 09:45:48.397 [WARN] [thread-id 1] - variable skipForNext was used, but r2 could not find a value for this variable. returning default of null
2024-08-31 09:45:48.517 [WARN] [thread-id 1] - variable excludeFetchedItem was used, but r2 could not find a value for this variable. returning default of null
2024-08-31 09:45:48.517 [DEBUG] [thread-id 1] - conditionally execute a flow. condition: false
2024-08-31 09:45:48.633 [DEBUG] [thread-id 1] - Executing function: 'us.functions.utils.itemHealthCheck'
2024-08-31 09:45:48.633 [DEBUG] [thread-id 1] - Checking item eligibility before proceeding
2024-08-31 09:45:48.634 [DEBUG] [thread-id 1] - Store in: store the value 'false' in the variable 'itemEligiblity'
2024-08-31 09:45:48.635 [DEBUG] [thread-id 1] - Store in: store the value 'false' in the variable 'ignoreItem'
2024-08-31 09:45:48.636 [DEBUG] [thread-id 1] - loop: over '["816076989", "1822965598","131979272", "779762816","1937310256","795796940", "812231723", "2466884336", "414743206", "816076989", "472115968", "961350767","981898706","812231723","499284126279","10801611", "982133078","111220513","1126228020"]'
2024-08-31 09:45:51.619 [DEBUG] [thread-id 1] - conditionally execute a flow. condition: true
2024-08-31 09:45:51.733 [DEBUG] [thread-id 1] - Store in: store the value 'true' in the variable 'ignoreItem'
2024-08-31 09:45:51.865 [DEBUG] [thread-id 1] - conditionally execute a flow. condition: true
2024-08-31 09:45:51.985 [DEBUG] [thread-id 1] - Trying for other item as this is in excluded list of item ids
2024-08-31 09:45:52.248 [DEBUG] [thread-id 1] - Store in: store the value 'null' in the variable 'itemDetails'
2024-08-31 09:45:52.369 [DEBUG] [thread-id 1] - {"itemId":"821681268","astroStatus":"SUCCESS","astroDescription":"FC_DELIVERY (821681268), ORDER CREATED","orderType":"FC_DELIVERY","storeId":"32144","orderNumber":null,"eligiblePaths":["buynow"],"paymentTypes":["cc"],"inEligiblePaths":[],"offerId":"FBF389D8894A4BDAACA8795A7EB7706A","_id":"641c83a5b2ad5031d40afdd3","__v":0,"createdAt":"2023-03-23T16:51:49.812Z","price":{"currencyAmount":41.09,"currencyUnit":"USD"},"updatedAt":"2024-08-31T16:45:10.837Z"}
2024-08-31 09:45:52.485 [DEBUG] [thread-id 1] - Store in: store the value '821681268' in the variable 'itemFetched'
2024-08-31 09:45:52.598 [DEBUG] [thread-id 1] - Store in: store the value 'SUCCESS' in the variable 'itemStatus'
2024-08-31 09:45:52.849 [WARN] [thread-id 1] - variable healthCheck was used, but r2 could not find a value for this variable. returning default of null
2024-08-31 09:45:52.963 [DEBUG] [thread-id 1] - conditionally execute a flow. condition: true
2024-08-31 09:45:53.133 [DEBUG] [thread-id 1] - Execute Node: 'us/e2e-tests/helpers/splitNumberString.js'
2024-08-31 09:45:53.335 [DEBUG] [thread-id 1] - 821681268
2024-08-31 09:45:53.535 [WARN] [thread-id 1] - variable skipForNext was used, but r2 could not find a value for this variable. returning default of null
2024-08-31 09:45:53.734 [WARN] [thread-id 1] - variable excludeFetchedItem was used, but r2 could not find a value for this variable. returning default of null
2024-08-31 09:45:53.734 [DEBUG] [thread-id 1] - conditionally execute a flow. condition: false
2024-08-31 09:45:53.852 [DEBUG] [thread-id 1] - Checking item eligibility before proceeding
2024-08-31 09:45:53.852 [DEBUG] [thread-id 1] - Store in: store the value 'false' in the variable 'itemEligiblity'
2024-08-31 09:45:53.852 [DEBUG] [thread-id 1] - Store in: store the value 'false' in the variable 'ignoreItem'
2024-08-31 09:45:53.852 [DEBUG] [thread-id 1] - loop: over '["816076989", "1822965598","131979272", "779762816","1937310256","795796940", "812231723", "2466884336", "414743206", "816076989", "472115968", "961350767","981898706","812231723","499284126279","10801611", "982133078","111220513","1126228020"]'
2024-08-31 09:45:56.794 [DEBUG] [thread-id 1] - conditionally execute a flow. condition: false
2024-08-31 09:45:56.914 [DEBUG] [thread-id 1] - conditionally execute a flow. condition: true
2024-08-31 09:45:57.034 [DEBUG] [thread-id 1] - Store in: store the value 'true' in the variable 'itemEligiblity'
2024-08-31 09:45:57.196 [DEBUG] [thread-id 1] - conditionally execute a flow. condition: true
2024-08-31 09:45:57.456 [DEBUG] [thread-id 1] - Stock available Item Id 821681268 for type FC_DELIVERY
2024-08-31 09:45:57.616 [WARN] [thread-id 1] - variable fetchedItemDataDetails was used, but r2 could not find a value for this variable. returning default of null
2024-08-31 09:45:57.619 [DEBUG] [thread-id 1] - Execute Node: 'us/e2e-tests/helpers/jsonParser.js'
2024-08-31 09:45:57.784 [DEBUG] [thread-id 1] - Store in: store the value 'false' in the variable 'skipForNext'
2024-08-31 09:45:57.914 [DEBUG] [thread-id 1] - Store in: store the value 'false' in the variable 'excludeFetchedItem'
2024-08-31 09:45:57.915 [DEBUG] [thread-id 1] - Store in: store the value 'null' in the variable 'storeId'
2024-08-31 09:45:57.915 [DEBUG] [thread-id 1] - Store in: store the value 'null' in the variable 'itemStatusHeader'
2024-08-31 09:45:57.916 [DEBUG] [thread-id 1] - Store in: store the value 'false' in the variable 'healthCheck'
2024-08-31 09:45:57.916 [DEBUG] [thread-id 1] - Store in: store the value 'null' in the variable 'version'
2024-08-31 09:45:57.917 [DEBUG] [thread-id 1] - Store in: store the value 'null' in the variable 'itemFilter'
2024-08-31 09:45:57.918 [DEBUG] [thread-id 1] - Store in: store the value 'false' in the variable 'noSubSet'
2024-08-31 09:45:58.033 [DEBUG] [thread-id 1] - Store in: store the value 'null' in the variable 'backupItem'
2024-08-31 09:45:58.033 [DEBUG] [thread-id 1] - Store in: store the value 'null' in the variable 'source'
2024-08-31 09:45:58.034 [DEBUG] [thread-id 1] - Store in: store the value 'null' in the variable 'useHardCodedItem'
2024-08-31 09:45:58.034 [DEBUG] [thread-id 1] - Store in: store the value 'walmart://item/821681268' in the variable 'deeplinkURl'
2024-08-31 09:45:58.034 [DEBUG] [thread-id 1] - Item:821681268
2024-08-31 09:45:58.035 [DEBUG] [thread-id 1] - deeplinkURL:walmart://item/821681268
2024-08-31 09:45:58.035 [DEBUG] [thread-id 1] - Store in: store the value '821681268' in the variable 'item1'
2024-08-31 09:45:58.036 [DEBUG] [thread-id 1] - Executing function: 'us.functions.global.navigation.goToDeepLink'
2024-08-31 09:45:58.036 [DEBUG] [thread-id 1] - Verify value of: '$deepLinkUrl'
2024-08-31 09:45:58.037 [DEBUG] [thread-id 1] - Open link: 'walmart://item/821681268'
2024-08-31 09:45:58.189 [DEBUG] [thread-id 1] - R2_SUBFLOW_TRANSACTION
2024-08-31 09:45:58.190 [DEBUG] [thread-id 1] - Executing function: 'us.functions.buyNow.newUser.overlay.createNewAccount'
2024-08-31 09:45:58.190 [DEBUG] [thread-id 1] - Store in: store the value 'identity-testuser1725122576047@walmart.com' in the variable 'astroEmail'
2024-08-31 09:45:58.190 [DEBUG] [thread-id 1] - Store in: store the value '5678923456' in the variable 'astroPhoneNumber'
2024-08-31 09:45:58.190 [DEBUG] [thread-id 1] - sleep:  10000 milliseconds
2024-08-31 09:46:08.332 [DEBUG] [thread-id 1] - Verify identifier: {com.walmart.android.debug:id/item_product_buy_now=[true]}
2024-08-31 09:46:11.453 [DEBUG] [thread-id 1] - Click element: 'com.walmart.android.debug:id/item_product_buy_now'
2024-08-31 09:46:22.954 [DEBUG] [thread-id 1] - conditionally execute a flow. condition: true
2024-08-31 09:46:23.117 [DEBUG] [thread-id 1] - Click element: '//android.view.View[@content-desc="Dismiss"]'
2024-08-31 09:46:34.416 [DEBUG] [thread-id 1] - conditionally execute a flow. condition: false
2024-08-31 09:46:34.582 [DEBUG] [thread-id 1] - Click element: '//android.widget.Button[@text="Create an account"] | //*[@resource-id="com.walmart.android.debug:id/auth_button_main"]'
2024-08-31 09:46:56.251 [DEBUG] [thread-id 1] - Main failed: Is not present '//android.widget.EditText[@text="First name"] | //android.widget.EditText[@content-desc="First name"]/android.widget.FrameLayout/android.widget.EditText | //android.widget.LinearLayout[@content-desc="First name"]/android.widget.FrameLayout/android.widget.EditText'
2024-08-31 09:46:56.438 [DEBUG] [thread-id 1] - Executing scenario: 'After'
2024-08-31 09:46:56.439 [DEBUG] [thread-id 1] - Executing function: 'us.functions.utils.afterSteps'
2024-08-31 09:46:56.439 [WARN] [thread-id 1] - variable testStatus was used, but r2 could not find a value for this variable. returning default of null
2024-08-31 09:46:56.439 [DEBUG] [thread-id 1] - conditionally execute a flow. condition: false
2024-08-31 09:46:56.534 [DEBUG] [thread-id 1] - Test failed
2024-08-31 09:46:57.703 [DEBUG] [thread-id 1] - Created report: /Users/m0k0a2f/glass-automation/report/index.html
2024-08-31 15:46:07.074 [DEBUG] [thread-id 1] - Executing R2 4.0.2: '/Users/m0k0a2f/glass-automation/./us/e2e-tests/test-scripts/ios/golden-flows/Ecomm-And-Fulfillment-Flows/buy-now-flows/pre-transaction/C2666161-create-account-from-buy-now.yaml' on device: 'iPhone 14'
2024-08-31 15:48:21.782 [ERROR] [thread-id 1] - error setting up appium session: 
org.openqa.selenium.SessionNotCreatedException: Could not start a new session. Response code 500. Message: An unknown server-side error occurred while processing the command. Original error: Error running 'install': An error was encountered processing the command (domain=com.apple.CoreSimulator.SimError, code=405):
Unable to lookup in current state: Shutdown 
Host info: host: 'm-xqkh4fwq5j', ip: 'fd00:f85b:3b8e:a30b:0:0:0:1265%en0'
Build info: version: '4.13.0', revision: 'ba948ece5b*'
System info: os.name: 'Mac OS X', os.arch: 'aarch64', os.version: '14.6.1', java.version: '20.0.1'
Driver info: io.appium.java_client.ios.IOSDriver
Command: [null, newSession {capabilities=[{appium:app=/Users/m0k0a2f/glass-automation/us/app/glass.zip, appium:appiumVersion=2.5.1, appium:automationName=XCUITest, appium:bundleId=com.walmart.beta.electronics, appium:commandTimeout=600, appium:deviceName=iPhone 14, appium:fullReset=false, appium:idleTimeout=1000, appium:iosInstallPause=20000, appium:launchTimeout=6000000, appium:name=C2666161-create-account-from-buy-now.yaml, appium:newCommandTimeout=90000, appium:noReset=true, appium:orientation=PORTRAIT, appium:platformVersion=17.4, appium:processArguments={"env":{"config":"{\"environment\":\"teflon\"}","ccm":"{\"account.ux.optimization.enabled\":{\"value\":false}}"},"args":["-kGlassExpEnabled","true","-com.walmart.px.skip-catcha","YES"]}, appium:public=share, appium:waitForQuiescence=false, platformName=IOS}], desiredCapabilities=Capabilities {appium:app: /Users/m0k0a2f/glass-automa..., appium:appiumVersion: 2.5.1, appium:automationName: XCUITest, appium:bundleId: com.walmart.beta.electronics, appium:commandTimeout: 600, appium:deviceName: iPhone 14, appium:fullReset: false, appium:idleTimeout: 1000, appium:iosInstallPause: 20000, appium:launchTimeout: 6000000, appium:name: C2666161-create-account-fro..., appium:newCommandTimeout: 90000, appium:noReset: true, appium:orientation: PORTRAIT, appium:platformVersion: 17.4, appium:processArguments: {"env":{"config":"{\"enviro..., appium:public: share, appium:waitForQuiescence: false, platformName: IOS}}]
Capabilities {appium:app: /Users/m0k0a2f/glass-automa..., appium:appiumVersion: 2.5.1, appium:automationName: XCUITest, appium:bundleId: com.walmart.beta.electronics, appium:commandTimeout: 600, appium:deviceName: iPhone 14, appium:fullReset: false, appium:idleTimeout: 1000, appium:iosInstallPause: 20000, appium:launchTimeout: 6000000, appium:name: C2666161-create-account-fro..., appium:newCommandTimeout: 90000, appium:noReset: true, appium:orientation: PORTRAIT, appium:platformVersion: 17.4, appium:processArguments: {"env":{"config":"{\"enviro..., appium:public: share, appium:waitForQuiescence: false, platformName: IOS}
	at org.openqa.selenium.remote.ProtocolHandshake.createSession(ProtocolHandshake.java:140) ~[r2.jar:4.0.2]
	at jdk.internal.reflect.DirectMethodHandleAccessor.invoke(DirectMethodHandleAccessor.java:104) ~[?:?]
	at java.lang.reflect.Method.invoke(Method.java:578) ~[?:?]
	at io.appium.java_client.remote.AppiumProtocolHandshake.createSession(AppiumProtocolHandshake.java:133) ~[r2.jar:4.0.2]
	at io.appium.java_client.remote.AppiumProtocolHandshake.createSession(AppiumProtocolHandshake.java:102) ~[r2.jar:4.0.2]
	at io.appium.java_client.remote.AppiumCommandExecutor.createSession(AppiumCommandExecutor.java:182) ~[r2.jar:4.0.2]
	at io.appium.java_client.remote.AppiumCommandExecutor.execute(AppiumCommandExecutor.java:250) ~[r2.jar:4.0.2]
	at org.openqa.selenium.remote.RemoteWebDriver.execute(RemoteWebDriver.java:602) ~[r2.jar:4.0.2]
	at io.appium.java_client.AppiumDriver.startSession(AppiumDriver.java:274) ~[r2.jar:4.0.2]
	at org.openqa.selenium.remote.RemoteWebDriver.<init>(RemoteWebDriver.java:163) ~[r2.jar:4.0.2]
	at io.appium.java_client.AppiumDriver.<init>(AppiumDriver.java:89) ~[r2.jar:4.0.2]
	at io.appium.java_client.AppiumDriver.<init>(AppiumDriver.java:101) ~[r2.jar:4.0.2]
	at io.appium.java_client.ios.IOSDriver.<init>(IOSDriver.java:104) ~[r2.jar:4.0.2]
	at com.walmartlabs.executor.Appium.setupDriver(Appium.java:774) ~[r2.jar:4.0.2]
	at com.walmartlabs.executor.Appium.setupAppium(Appium.java:699) ~[r2.jar:4.0.2]
	at com.walmartlabs.executor.Executor.start(Executor.java:360) [r2.jar:4.0.2]
	at com.walmartlabs.executor.Executor.startExecution(Executor.java:188) [r2.jar:4.0.2]
	at com.walmartlabs.executor.MultipleConfigExecutor.executeConfig(MultipleConfigExecutor.java:319) [r2.jar:4.0.2]
	at com.walmartlabs.executor.MultipleConfigExecutor.start(MultipleConfigExecutor.java:146) [r2.jar:4.0.2]
	at com.walmartlabs.R2.start(R2.java:88) [r2.jar:4.0.2]
	at com.walmartlabs.R2.main(R2.java:133) [r2.jar:4.0.2]
2024-08-31 15:48:22.907 [DEBUG] [thread-id 1] - Created report: /Users/m0k0a2f/glass-automation/report/index.html
2024-08-31 15:50:21.447 [DEBUG] [thread-id 1] - Executing R2 4.0.2: '/Users/m0k0a2f/glass-automation/./us/e2e-tests/test-scripts/ios/golden-flows/Ecomm-And-Fulfillment-Flows/buy-now-flows/pre-transaction/C2666161-create-account-from-buy-now.yaml' on device: 'iPhone 14'
2024-08-31 15:51:39.304 [ERROR] [thread-id 1] - error setting up appium session: 
org.openqa.selenium.SessionNotCreatedException: Could not start a new session. Response code 500. Message: An unknown server-side error occurred while processing the command. Original error: Error running 'install': An error was encountered processing the command (domain=com.apple.CoreSimulator.SimError, code=405):
Unable to lookup in current state: Shutdown 
Host info: host: 'm-xqkh4fwq5j', ip: 'fd00:f85b:3b8e:a30b:0:0:0:1265%en0'
Build info: version: '4.13.0', revision: 'ba948ece5b*'
System info: os.name: 'Mac OS X', os.arch: 'aarch64', os.version: '14.6.1', java.version: '20.0.1'
Driver info: io.appium.java_client.ios.IOSDriver
Command: [null, newSession {capabilities=[{appium:app=/Users/m0k0a2f/glass-automation/us/app/glass.zip, appium:appiumVersion=2.5.1, appium:automationName=XCUITest, appium:bundleId=com.walmart.beta.electronics, appium:commandTimeout=600, appium:deviceName=iPhone 14, appium:fullReset=false, appium:idleTimeout=1000, appium:iosInstallPause=20000, appium:launchTimeout=6000000, appium:name=C2666161-create-account-from-buy-now.yaml, appium:newCommandTimeout=90000, appium:noReset=true, appium:orientation=PORTRAIT, appium:platformVersion=17.4, appium:processArguments={"env":{"config":"{\"environment\":\"teflon\"}","ccm":"{\"account.ux.optimization.enabled\":{\"value\":false}}"},"args":["-kGlassExpEnabled","true","-com.walmart.px.skip-catcha","YES"]}, appium:public=share, appium:waitForQuiescence=false, platformName=IOS}], desiredCapabilities=Capabilities {appium:app: /Users/m0k0a2f/glass-automa..., appium:appiumVersion: 2.5.1, appium:automationName: XCUITest, appium:bundleId: com.walmart.beta.electronics, appium:commandTimeout: 600, appium:deviceName: iPhone 14, appium:fullReset: false, appium:idleTimeout: 1000, appium:iosInstallPause: 20000, appium:launchTimeout: 6000000, appium:name: C2666161-create-account-fro..., appium:newCommandTimeout: 90000, appium:noReset: true, appium:orientation: PORTRAIT, appium:platformVersion: 17.4, appium:processArguments: {"env":{"config":"{\"enviro..., appium:public: share, appium:waitForQuiescence: false, platformName: IOS}}]
Capabilities {appium:app: /Users/m0k0a2f/glass-automa..., appium:appiumVersion: 2.5.1, appium:automationName: XCUITest, appium:bundleId: com.walmart.beta.electronics, appium:commandTimeout: 600, appium:deviceName: iPhone 14, appium:fullReset: false, appium:idleTimeout: 1000, appium:iosInstallPause: 20000, appium:launchTimeout: 6000000, appium:name: C2666161-create-account-fro..., appium:newCommandTimeout: 90000, appium:noReset: true, appium:orientation: PORTRAIT, appium:platformVersion: 17.4, appium:processArguments: {"env":{"config":"{\"enviro..., appium:public: share, appium:waitForQuiescence: false, platformName: IOS}
	at org.openqa.selenium.remote.ProtocolHandshake.createSession(ProtocolHandshake.java:140) ~[r2.jar:4.0.2]
	at jdk.internal.reflect.DirectMethodHandleAccessor.invoke(DirectMethodHandleAccessor.java:104) ~[?:?]
	at java.lang.reflect.Method.invoke(Method.java:578) ~[?:?]
	at io.appium.java_client.remote.AppiumProtocolHandshake.createSession(AppiumProtocolHandshake.java:133) ~[r2.jar:4.0.2]
	at io.appium.java_client.remote.AppiumProtocolHandshake.createSession(AppiumProtocolHandshake.java:102) ~[r2.jar:4.0.2]
	at io.appium.java_client.remote.AppiumCommandExecutor.createSession(AppiumCommandExecutor.java:182) ~[r2.jar:4.0.2]
	at io.appium.java_client.remote.AppiumCommandExecutor.execute(AppiumCommandExecutor.java:250) ~[r2.jar:4.0.2]
	at org.openqa.selenium.remote.RemoteWebDriver.execute(RemoteWebDriver.java:602) ~[r2.jar:4.0.2]
	at io.appium.java_client.AppiumDriver.startSession(AppiumDriver.java:274) ~[r2.jar:4.0.2]
	at org.openqa.selenium.remote.RemoteWebDriver.<init>(RemoteWebDriver.java:163) ~[r2.jar:4.0.2]
	at io.appium.java_client.AppiumDriver.<init>(AppiumDriver.java:89) ~[r2.jar:4.0.2]
	at io.appium.java_client.AppiumDriver.<init>(AppiumDriver.java:101) ~[r2.jar:4.0.2]
	at io.appium.java_client.ios.IOSDriver.<init>(IOSDriver.java:104) ~[r2.jar:4.0.2]
	at com.walmartlabs.executor.Appium.setupDriver(Appium.java:774) ~[r2.jar:4.0.2]
	at com.walmartlabs.executor.Appium.setupAppium(Appium.java:699) ~[r2.jar:4.0.2]
	at com.walmartlabs.executor.Executor.start(Executor.java:360) [r2.jar:4.0.2]
	at com.walmartlabs.executor.Executor.startExecution(Executor.java:188) [r2.jar:4.0.2]
	at com.walmartlabs.executor.MultipleConfigExecutor.executeConfig(MultipleConfigExecutor.java:319) [r2.jar:4.0.2]
	at com.walmartlabs.executor.MultipleConfigExecutor.start(MultipleConfigExecutor.java:146) [r2.jar:4.0.2]
	at com.walmartlabs.R2.start(R2.java:88) [r2.jar:4.0.2]
	at com.walmartlabs.R2.main(R2.java:133) [r2.jar:4.0.2]
2024-08-31 15:51:40.325 [DEBUG] [thread-id 1] - Created report: /Users/m0k0a2f/glass-automation/report/index.html
2024-08-31 15:53:26.570 [DEBUG] [thread-id 1] - Executing R2 4.0.2: '/Users/m0k0a2f/glass-automation/./us/e2e-tests/test-scripts/ios/golden-flows/Ecomm-And-Fulfillment-Flows/buy-now-flows/pre-transaction/C2666161-create-account-from-buy-now.yaml' on device: 'iPhone 14'
2024-08-31 15:54:43.004 [ERROR] [thread-id 1] - error setting up appium session: 
org.openqa.selenium.SessionNotCreatedException: Could not start a new session. Response code 500. Message: An unknown server-side error occurred while processing the command. Original error: Error running 'install': An error was encountered processing the command (domain=com.apple.CoreSimulator.SimError, code=405):
Unable to lookup in current state: Shutdown 
Host info: host: 'm-xqkh4fwq5j', ip: 'fd00:f85b:3b8e:a30b:0:0:0:1265%en0'
Build info: version: '4.13.0', revision: 'ba948ece5b*'
System info: os.name: 'Mac OS X', os.arch: 'aarch64', os.version: '14.6.1', java.version: '20.0.1'
Driver info: io.appium.java_client.ios.IOSDriver
Command: [null, newSession {capabilities=[{appium:app=/Users/m0k0a2f/glass-automation/us/app/glass.zip, appium:appiumVersion=2.5.1, appium:automationName=XCUITest, appium:bundleId=com.walmart.beta.electronics, appium:commandTimeout=600, appium:deviceName=iPhone 14, appium:fullReset=false, appium:idleTimeout=1000, appium:iosInstallPause=20000, appium:launchTimeout=6000000, appium:name=C2666161-create-account-from-buy-now.yaml, appium:newCommandTimeout=90000, appium:noReset=true, appium:orientation=PORTRAIT, appium:platformVersion=17.4, appium:processArguments={"env":{"config":"{\"environment\":\"teflon\"}","ccm":"{\"account.ux.optimization.enabled\":{\"value\":false}}"},"args":["-kGlassExpEnabled","true","-com.walmart.px.skip-catcha","YES"]}, appium:public=share, appium:waitForQuiescence=false, platformName=IOS}], desiredCapabilities=Capabilities {appium:app: /Users/m0k0a2f/glass-automa..., appium:appiumVersion: 2.5.1, appium:automationName: XCUITest, appium:bundleId: com.walmart.beta.electronics, appium:commandTimeout: 600, appium:deviceName: iPhone 14, appium:fullReset: false, appium:idleTimeout: 1000, appium:iosInstallPause: 20000, appium:launchTimeout: 6000000, appium:name: C2666161-create-account-fro..., appium:newCommandTimeout: 90000, appium:noReset: true, appium:orientation: PORTRAIT, appium:platformVersion: 17.4, appium:processArguments: {"env":{"config":"{\"enviro..., appium:public: share, appium:waitForQuiescence: false, platformName: IOS}}]
Capabilities {appium:app: /Users/m0k0a2f/glass-automa..., appium:appiumVersion: 2.5.1, appium:automationName: XCUITest, appium:bundleId: com.walmart.beta.electronics, appium:commandTimeout: 600, appium:deviceName: iPhone 14, appium:fullReset: false, appium:idleTimeout: 1000, appium:iosInstallPause: 20000, appium:launchTimeout: 6000000, appium:name: C2666161-create-account-fro..., appium:newCommandTimeout: 90000, appium:noReset: true, appium:orientation: PORTRAIT, appium:platformVersion: 17.4, appium:processArguments: {"env":{"config":"{\"enviro..., appium:public: share, appium:waitForQuiescence: false, platformName: IOS}
	at org.openqa.selenium.remote.ProtocolHandshake.createSession(ProtocolHandshake.java:140) ~[r2.jar:4.0.2]
	at jdk.internal.reflect.DirectMethodHandleAccessor.invoke(DirectMethodHandleAccessor.java:104) ~[?:?]
	at java.lang.reflect.Method.invoke(Method.java:578) ~[?:?]
	at io.appium.java_client.remote.AppiumProtocolHandshake.createSession(AppiumProtocolHandshake.java:133) ~[r2.jar:4.0.2]
	at io.appium.java_client.remote.AppiumProtocolHandshake.createSession(AppiumProtocolHandshake.java:102) ~[r2.jar:4.0.2]
	at io.appium.java_client.remote.AppiumCommandExecutor.createSession(AppiumCommandExecutor.java:182) ~[r2.jar:4.0.2]
	at io.appium.java_client.remote.AppiumCommandExecutor.execute(AppiumCommandExecutor.java:250) ~[r2.jar:4.0.2]
	at org.openqa.selenium.remote.RemoteWebDriver.execute(RemoteWebDriver.java:602) ~[r2.jar:4.0.2]
	at io.appium.java_client.AppiumDriver.startSession(AppiumDriver.java:274) ~[r2.jar:4.0.2]
	at org.openqa.selenium.remote.RemoteWebDriver.<init>(RemoteWebDriver.java:163) ~[r2.jar:4.0.2]
	at io.appium.java_client.AppiumDriver.<init>(AppiumDriver.java:89) ~[r2.jar:4.0.2]
	at io.appium.java_client.AppiumDriver.<init>(AppiumDriver.java:101) ~[r2.jar:4.0.2]
	at io.appium.java_client.ios.IOSDriver.<init>(IOSDriver.java:104) ~[r2.jar:4.0.2]
	at com.walmartlabs.executor.Appium.setupDriver(Appium.java:774) ~[r2.jar:4.0.2]
	at com.walmartlabs.executor.Appium.setupAppium(Appium.java:699) ~[r2.jar:4.0.2]
	at com.walmartlabs.executor.Executor.start(Executor.java:360) [r2.jar:4.0.2]
	at com.walmartlabs.executor.Executor.startExecution(Executor.java:188) [r2.jar:4.0.2]
	at com.walmartlabs.executor.MultipleConfigExecutor.executeConfig(MultipleConfigExecutor.java:319) [r2.jar:4.0.2]
	at com.walmartlabs.executor.MultipleConfigExecutor.start(MultipleConfigExecutor.java:146) [r2.jar:4.0.2]
	at com.walmartlabs.R2.start(R2.java:88) [r2.jar:4.0.2]
	at com.walmartlabs.R2.main(R2.java:133) [r2.jar:4.0.2]
2024-08-31 15:54:43.920 [DEBUG] [thread-id 1] - Created report: /Users/m0k0a2f/glass-automation/report/index.html
2024-08-31 16:00:51.407 [DEBUG] [thread-id 1] - Executing R2 4.0.2: '/Users/m0k0a2f/glass-automation/./us/e2e-tests/test-scripts/android/golden-flows/Ecomm-And-Fulfillment-Flows/buy-now-flows/pre-transaction/C2666161- create-account-from-buy-now.yaml' on device: 'Pixel_8_Pro_API_34'
2024-08-31 16:00:51.478 [INFO] [thread-id 1] - url: http://127.0.0.1:4723
2024-08-31 16:01:06.116 [DEBUG] [thread-id 1] - Executing scenario: 'Before'
2024-08-31 16:01:06.117 [DEBUG] [thread-id 1] - R2_SUBFLOW_PRE_TRANSACTION
2024-08-31 16:01:06.309 [DEBUG] [thread-id 1] - Using us-errors-helpers.yaml
2024-08-31 16:01:06.487 [DEBUG] [thread-id 1] - Start Main
2024-08-31 16:01:06.488 [DEBUG] [thread-id 1] - Timestamp: 1725145266488
2024-08-31 16:01:06.490 [DEBUG] [thread-id 1] - Executing function: 'us.functions.global.onboarding.navigateOnboardingToHome'
2024-08-31 16:01:06.491 [DEBUG] [thread-id 1] - Executing function: 'us.function.utils.getEnvironmentValue'
2024-08-31 16:01:06.491 [DEBUG] [thread-id 1] - Store in: store the value 'teflon' in the variable 'env'
2024-08-31 16:01:06.492 [DEBUG] [thread-id 1] - Timestamp: 1725145266492
2024-08-31 16:01:06.493 [DEBUG] [thread-id 1] - Start Activity: 'com.walmart.android.debug.com.walmart.glass.integration.splash.SplashActivity'
2024-08-31 16:01:21.629 [DEBUG] [thread-id 1] - conditionally execute a flow. condition: false
2024-08-31 16:01:21.727 [DEBUG] [thread-id 1] - Verify identifier: {com.walmart.android.debug:id/onboarding_welcome_title_textview=[true]}
2024-08-31 16:01:31.839 [DEBUG] [thread-id 1] - conditionally execute a flow. condition: false
2024-08-31 16:01:31.982 [DEBUG] [thread-id 1] - Verify identifier: {com.walmart.android.debug:id/onboarding_welcome_title_textview=[true]}
2024-08-31 16:01:32.199 [DEBUG] [thread-id 1] - Click element: 'com.walmart.android.debug:id/onboarding_welcome_secondary_button'
2024-08-31 16:01:32.831 [WARN] [thread-id 1] - variable allowNotifications was used, but r2 could not find a value for this variable. returning default of null
2024-08-31 16:01:32.831 [DEBUG] [thread-id 1] - conditionally execute a flow. condition: false
2024-08-31 16:01:34.219 [DEBUG] [thread-id 1] - Verify identifier: {com.walmart.android.debug:id/onboarding_notification_title_textview=[true]}
2024-08-31 16:01:34.659 [DEBUG] [thread-id 1] - Click element: 'com.walmart.android.debug:id/onboarding_maybe_later_button'
2024-08-31 16:01:36.774 [DEBUG] [thread-id 1] - Verify identifier: {com.walmart.android.debug:id/onboarding_location_title_textview=[true]}
2024-08-31 16:01:36.886 [DEBUG] [thread-id 1] - Click element: 'com.walmart.android.debug:id/onboarding_zip_code_button'
2024-08-31 16:01:37.938 [DEBUG] [thread-id 1] - Verify identifier: {com.walmart.android.debug:id/onboarding_title_textview=[true]}
2024-08-31 16:01:38.372 [DEBUG] [thread-id 1] - Click element: '//android.widget.EditText[@text="Enter zip code"] | //android.widget.EditText[@text="Enter postal code"] | //android.widget.EditText[@resource-id="com.walmart.android.debug:id/onboarding_zip_code_textinput"]//android.widget.EditText'
2024-08-31 16:01:39.914 [DEBUG] [thread-id 1] - Enter text: '95122'
2024-08-31 16:01:41.741 [DEBUG] [thread-id 1] - Hide keyboard: 'true'
2024-08-31 16:01:48.660 [DEBUG] [thread-id 1] - Click element: 'com.walmart.android.debug:id/onboarding_zip_code_search_button'
2024-08-31 16:02:05.452 [DEBUG] [thread-id 1] - Main failed: Cannot click 'com.walmart.android.debug:id/onboarding_zip_code_search_button || com.walmart.android.debug:id/manual_barcode_entry_search_button'
2024-08-31 16:02:06.018 [DEBUG] [thread-id 1] - Executing scenario: 'After'
2024-08-31 16:02:06.019 [DEBUG] [thread-id 1] - Executing function: 'us.functions.utils.afterSteps'
2024-08-31 16:02:06.020 [WARN] [thread-id 1] - variable testStatus was used, but r2 could not find a value for this variable. returning default of null
2024-08-31 16:02:06.020 [DEBUG] [thread-id 1] - conditionally execute a flow. condition: false
2024-08-31 16:02:06.363 [DEBUG] [thread-id 1] - Test failed
2024-08-31 16:02:07.914 [DEBUG] [thread-id 1] - Created report: /Users/m0k0a2f/glass-automation/report/index.html
2024-08-31 16:04:31.355 [DEBUG] [thread-id 1] - Executing R2 4.0.2: '/Users/m0k0a2f/glass-automation/./us/e2e-tests/test-scripts/android/golden-flows/Ecomm-And-Fulfillment-Flows/buy-now-flows/pre-transaction/C2666161- create-account-from-buy-now.yaml' on device: 'Pixel_8_Pro_API_34'
2024-08-31 16:04:31.411 [INFO] [thread-id 1] - url: http://127.0.0.1:4723
2024-08-31 16:04:44.788 [DEBUG] [thread-id 1] - Executing scenario: 'Before'
2024-08-31 16:04:44.789 [DEBUG] [thread-id 1] - R2_SUBFLOW_PRE_TRANSACTION
2024-08-31 16:04:44.984 [DEBUG] [thread-id 1] - Using us-errors-helpers.yaml
2024-08-31 16:04:45.201 [DEBUG] [thread-id 1] - Start Main
2024-08-31 16:04:45.202 [DEBUG] [thread-id 1] - Timestamp: 1725145485202
2024-08-31 16:04:45.204 [DEBUG] [thread-id 1] - Executing function: 'us.functions.global.onboarding.navigateOnboardingToHome'
2024-08-31 16:04:45.205 [DEBUG] [thread-id 1] - Executing function: 'us.function.utils.getEnvironmentValue'
2024-08-31 16:04:45.205 [DEBUG] [thread-id 1] - Store in: store the value 'teflon' in the variable 'env'
2024-08-31 16:04:45.206 [DEBUG] [thread-id 1] - Timestamp: 1725145485206
2024-08-31 16:04:45.207 [DEBUG] [thread-id 1] - Start Activity: 'com.walmart.android.debug.com.walmart.glass.integration.splash.SplashActivity'
2024-08-31 16:04:59.474 [DEBUG] [thread-id 1] - conditionally execute a flow. condition: false
2024-08-31 16:04:59.628 [DEBUG] [thread-id 1] - Verify identifier: {com.walmart.android.debug:id/onboarding_welcome_title_textview=[true]}
2024-08-31 16:05:09.642 [DEBUG] [thread-id 1] - conditionally execute a flow. condition: false
2024-08-31 16:05:09.757 [DEBUG] [thread-id 1] - Verify identifier: {com.walmart.android.debug:id/onboarding_welcome_title_textview=[true]}
2024-08-31 16:05:10.014 [DEBUG] [thread-id 1] - Click element: 'com.walmart.android.debug:id/onboarding_welcome_secondary_button'
2024-08-31 16:05:11.964 [WARN] [thread-id 1] - variable allowNotifications was used, but r2 could not find a value for this variable. returning default of null
2024-08-31 16:05:11.967 [DEBUG] [thread-id 1] - conditionally execute a flow. condition: false
2024-08-31 16:05:12.093 [DEBUG] [thread-id 1] - Verify identifier: {com.walmart.android.debug:id/onboarding_notification_title_textview=[true]}
2024-08-31 16:05:12.546 [DEBUG] [thread-id 1] - Click element: 'com.walmart.android.debug:id/onboarding_maybe_later_button'
2024-08-31 16:05:14.645 [DEBUG] [thread-id 1] - Verify identifier: {com.walmart.android.debug:id/onboarding_location_title_textview=[true]}
2024-08-31 16:05:14.762 [DEBUG] [thread-id 1] - Click element: 'com.walmart.android.debug:id/onboarding_zip_code_button'
2024-08-31 16:05:15.757 [DEBUG] [thread-id 1] - Verify identifier: {com.walmart.android.debug:id/onboarding_title_textview=[true]}
2024-08-31 16:05:16.237 [DEBUG] [thread-id 1] - Click element: '//android.widget.EditText[@text="Enter zip code"] | //android.widget.EditText[@text="Enter postal code"] | //android.widget.EditText[@resource-id="com.walmart.android.debug:id/onboarding_zip_code_textinput"]//android.widget.EditText'
2024-08-31 16:05:17.750 [DEBUG] [thread-id 1] - Enter text: '95122'
2024-08-31 16:05:19.592 [DEBUG] [thread-id 1] - Hide keyboard: 'true'
2024-08-31 16:05:26.327 [DEBUG] [thread-id 1] - Click element: 'com.walmart.android.debug:id/onboarding_zip_code_search_button'
2024-08-31 16:05:42.393 [DEBUG] [thread-id 1] - Main failed: Cannot click 'com.walmart.android.debug:id/onboarding_zip_code_search_button || com.walmart.android.debug:id/manual_barcode_entry_search_button'
2024-08-31 16:05:42.598 [DEBUG] [thread-id 1] - Executing scenario: 'After'
2024-08-31 16:05:42.599 [DEBUG] [thread-id 1] - Executing function: 'us.functions.utils.afterSteps'
2024-08-31 16:05:42.599 [WARN] [thread-id 1] - variable testStatus was used, but r2 could not find a value for this variable. returning default of null
2024-08-31 16:05:42.600 [DEBUG] [thread-id 1] - conditionally execute a flow. condition: false
2024-08-31 16:05:42.705 [DEBUG] [thread-id 1] - Test failed
2024-08-31 16:05:43.769 [DEBUG] [thread-id 1] - Created report: /Users/m0k0a2f/glass-automation/report/index.html
2024-08-31 16:07:38.837 [DEBUG] [thread-id 1] - Executing R2 4.0.2: '/Users/m0k0a2f/glass-automation/./us/e2e-tests/test-scripts/android/golden-flows/Ecomm-And-Fulfillment-Flows/buy-now-flows/pre-transaction/C2666161- create-account-from-buy-now.yaml' on device: 'Pixel_8_Pro_API_34'
2024-08-31 16:07:38.904 [INFO] [thread-id 1] - url: http://127.0.0.1:4723
2024-08-31 16:07:52.526 [DEBUG] [thread-id 1] - Executing scenario: 'Before'
2024-08-31 16:07:52.528 [DEBUG] [thread-id 1] - R2_SUBFLOW_PRE_TRANSACTION
2024-08-31 16:07:52.713 [DEBUG] [thread-id 1] - Using us-errors-helpers.yaml
2024-08-31 16:07:52.907 [DEBUG] [thread-id 1] - Start Main
2024-08-31 16:07:52.908 [DEBUG] [thread-id 1] - Timestamp: 1725145672908
2024-08-31 16:07:52.910 [DEBUG] [thread-id 1] - Executing function: 'us.functions.global.onboarding.navigateOnboardingToHome'
2024-08-31 16:07:52.911 [DEBUG] [thread-id 1] - Executing function: 'us.function.utils.getEnvironmentValue'
2024-08-31 16:07:52.912 [DEBUG] [thread-id 1] - Store in: store the value 'teflon' in the variable 'env'
2024-08-31 16:07:52.912 [DEBUG] [thread-id 1] - Timestamp: 1725145672912
2024-08-31 16:07:52.913 [DEBUG] [thread-id 1] - Start Activity: 'com.walmart.android.debug.com.walmart.glass.integration.splash.SplashActivity'
2024-08-31 16:08:07.426 [DEBUG] [thread-id 1] - conditionally execute a flow. condition: false
2024-08-31 16:08:07.552 [DEBUG] [thread-id 1] - Verify identifier: {com.walmart.android.debug:id/onboarding_welcome_title_textview=[true]}
2024-08-31 16:08:17.706 [DEBUG] [thread-id 1] - conditionally execute a flow. condition: false
2024-08-31 16:08:17.822 [DEBUG] [thread-id 1] - Verify identifier: {com.walmart.android.debug:id/onboarding_welcome_title_textview=[true]}
2024-08-31 16:08:18.031 [DEBUG] [thread-id 1] - Click element: 'com.walmart.android.debug:id/onboarding_welcome_secondary_button'
2024-08-31 16:08:19.949 [WARN] [thread-id 1] - variable allowNotifications was used, but r2 could not find a value for this variable. returning default of null
2024-08-31 16:08:19.950 [DEBUG] [thread-id 1] - conditionally execute a flow. condition: false
2024-08-31 16:08:20.073 [DEBUG] [thread-id 1] - Verify identifier: {com.walmart.android.debug:id/onboarding_notification_title_textview=[true]}
2024-08-31 16:08:20.530 [DEBUG] [thread-id 1] - Click element: 'com.walmart.android.debug:id/onboarding_maybe_later_button'
2024-08-31 16:08:22.542 [DEBUG] [thread-id 1] - Verify identifier: {com.walmart.android.debug:id/onboarding_location_title_textview=[true]}
2024-08-31 16:08:22.667 [DEBUG] [thread-id 1] - Click element: 'com.walmart.android.debug:id/onboarding_zip_code_button'
2024-08-31 16:08:23.599 [DEBUG] [thread-id 1] - Verify identifier: {com.walmart.android.debug:id/onboarding_title_textview=[true]}
2024-08-31 16:08:24.052 [DEBUG] [thread-id 1] - Click element: '//android.widget.EditText[@text="Enter zip code"] | //android.widget.EditText[@text="Enter postal code"] | //android.widget.EditText[@resource-id="com.walmart.android.debug:id/onboarding_zip_code_textinput"]//android.widget.EditText'
2024-08-31 16:08:25.565 [DEBUG] [thread-id 1] - Enter text: '95122'
2024-08-31 16:08:27.396 [DEBUG] [thread-id 1] - Hide keyboard: 'true'
2024-08-31 16:08:34.050 [DEBUG] [thread-id 1] - Click element: 'com.walmart.android.debug:id/onboarding_zip_code_search_button'
2024-08-31 16:08:50.149 [DEBUG] [thread-id 1] - Main failed: Cannot click 'com.walmart.android.debug:id/onboarding_zip_code_search_button || com.walmart.android.debug:id/manual_barcode_entry_search_button'
2024-08-31 16:08:50.365 [DEBUG] [thread-id 1] - Executing scenario: 'After'
2024-08-31 16:08:50.366 [DEBUG] [thread-id 1] - Executing function: 'us.functions.utils.afterSteps'
2024-08-31 16:08:50.367 [WARN] [thread-id 1] - variable testStatus was used, but r2 could not find a value for this variable. returning default of null
2024-08-31 16:08:50.367 [DEBUG] [thread-id 1] - conditionally execute a flow. condition: false
2024-08-31 16:08:50.486 [DEBUG] [thread-id 1] - Test failed
2024-08-31 16:08:51.668 [DEBUG] [thread-id 1] - Created report: /Users/m0k0a2f/glass-automation/report/index.html
2024-08-31 16:12:45.010 [DEBUG] [thread-id 284] - Executing R2 4.0.2: '/Users/m0k0a2f/glass-automation/./us/e2e-tests/test-scripts/android/golden-flows/Ecomm-And-Fulfillment-Flows/buy-now-flows/pre-transaction/C2666161- create-account-from-buy-now.yaml' on device: 'Google Pixel 8 Pro GoogleAPI Emulator'
2024-08-31 16:12:45.111 [INFO] [thread-id 284] - url: https://SAUCE_USERNAME:SAUCE_ACCESS_KEY@ondemand.us-west-1.saucelabs.com:443/wd/hub
2024-08-31 16:13:16.232 [ERROR] [thread-id 284] - error setting up appium session: 
org.openqa.selenium.SessionNotCreatedException: Could not start a new session. Response code 401. Message: failed serving request POST /wd/hub/session: Unauthorized 
Host info: host: 'm-xqkh4fwq5j', ip: 'fd00:f85b:3b8e:a30b:0:0:0:1265%en0'
Build info: version: '4.13.0', revision: 'ba948ece5b*'
System info: os.name: 'Mac OS X', os.arch: 'aarch64', os.version: '14.6.1', java.version: '20.0.1'
Driver info: io.appium.java_client.android.AndroidDriver
Command: [null, newSession {capabilities=[{appium:adbExecTimeout=50000, appium:app=storage:filename=glass.apk, appium:appActivity=com.walmart.glass.integration.AutomationActivity, appium:appPackage=com.walmart.android.debug, appium:automationName=UiAutomator2, appium:commandTimeout=600, appium:deviceName=Google Pixel 8 Pro GoogleAPI Emulator, appium:fullReset=true, appium:idleTimeout=1000, appium:intentFlags=0, appium:newCommandTimeout=600000, appium:noReset=false, appium:noSign=true, appium:optionalIntentArguments=--es glass.auto.ServiceEnv TEFLON --es glass.auto.CCM '{ "feature.membership.annualPlanOffer.enabled": { "value": false } }', appium:orientation=PORTRAIT, appium:platformVersion=14.0, platformName=ANDROID, sauce:options={public=share, build=r2-glass-${APP_PLATFORM}-${TEST_TAGS}-${TEST_SESSION_ID}, appiumVersion=2.0.0, idleTimeout=1000, commandTimeout=600, name=C2666161- create-account-from-buy-now.yaml, deviceOrientation=PORTRAIT}}], desiredCapabilities=Capabilities {appium:adbExecTimeout: 50000, appium:app: storage:filename=glass.apk, appium:appActivity: com.walmart.glass.integrati..., appium:appPackage: com.walmart.android.debug, appium:automationName: UiAutomator2, appium:commandTimeout: 600, appium:deviceName: Google Pixel 8 Pro GoogleAP..., appium:fullReset: true, appium:idleTimeout: 1000, appium:intentFlags: 0, appium:newCommandTimeout: 600000, appium:noReset: false, appium:noSign: true, appium:optionalIntentArguments: --es glass.auto.ServiceEnv ..., appium:orientation: PORTRAIT, appium:platformVersion: 14.0, platformName: ANDROID, sauce:options: {appiumVersion: 2.0.0, build: r2-glass-${APP_PLATFORM}-${..., commandTimeout: 600, deviceOrientation: PORTRAIT, idleTimeout: 1000, name: C2666161- create-account-fr..., public: share}}}]
Capabilities {appium:adbExecTimeout: 50000, appium:app: storage:filename=glass.apk, appium:appActivity: com.walmart.glass.integrati..., appium:appPackage: com.walmart.android.debug, appium:automationName: UiAutomator2, appium:commandTimeout: 600, appium:deviceName: Google Pixel 8 Pro GoogleAP..., appium:fullReset: true, appium:idleTimeout: 1000, appium:intentFlags: 0, appium:newCommandTimeout: 600000, appium:noReset: false, appium:noSign: true, appium:optionalIntentArguments: --es glass.auto.ServiceEnv ..., appium:orientation: PORTRAIT, appium:platformVersion: 14.0, platformName: ANDROID, sauce:options: {appiumVersion: 2.0.0, build: r2-glass-${APP_PLATFORM}-${..., commandTimeout: 600, deviceOrientation: PORTRAIT, idleTimeout: 1000, name: C2666161- create-account-fr..., public: share}}
	at org.openqa.selenium.remote.ProtocolHandshake.createSession(ProtocolHandshake.java:140) ~[r2.jar:4.0.2]
	at jdk.internal.reflect.DirectMethodHandleAccessor.invoke(DirectMethodHandleAccessor.java:104) ~[?:?]
	at java.lang.reflect.Method.invoke(Method.java:578) ~[?:?]
	at io.appium.java_client.remote.AppiumProtocolHandshake.createSession(AppiumProtocolHandshake.java:133) ~[r2.jar:4.0.2]
	at io.appium.java_client.remote.AppiumProtocolHandshake.createSession(AppiumProtocolHandshake.java:102) ~[r2.jar:4.0.2]
	at io.appium.java_client.remote.AppiumCommandExecutor.createSession(AppiumCommandExecutor.java:182) ~[r2.jar:4.0.2]
	at io.appium.java_client.remote.AppiumCommandExecutor.execute(AppiumCommandExecutor.java:250) ~[r2.jar:4.0.2]
	at org.openqa.selenium.remote.RemoteWebDriver.execute(RemoteWebDriver.java:602) ~[r2.jar:4.0.2]
	at io.appium.java_client.AppiumDriver.startSession(AppiumDriver.java:274) ~[r2.jar:4.0.2]
	at org.openqa.selenium.remote.RemoteWebDriver.<init>(RemoteWebDriver.java:163) ~[r2.jar:4.0.2]
	at io.appium.java_client.AppiumDriver.<init>(AppiumDriver.java:89) ~[r2.jar:4.0.2]
	at io.appium.java_client.AppiumDriver.<init>(AppiumDriver.java:101) ~[r2.jar:4.0.2]
	at io.appium.java_client.android.AndroidDriver.<init>(AndroidDriver.java:113) ~[r2.jar:4.0.2]
	at com.walmartlabs.executor.Appium.setupDriver(Appium.java:727) ~[r2.jar:4.0.2]
	at com.walmartlabs.executor.Appium.setupAppium(Appium.java:699) ~[r2.jar:4.0.2]
	at com.walmartlabs.executor.Executor.start(Executor.java:360) ~[r2.jar:4.0.2]
	at com.walmartlabs.executor.Executor.startExecution(Executor.java:188) ~[r2.jar:4.0.2]
	at com.walmartlabs.executor.MultipleConfigExecutor.executeConfig(MultipleConfigExecutor.java:319) ~[r2.jar:4.0.2]
	at com.walmartlabs.executor.MultipleConfigExecutor.lambda$getCallable$3(MultipleConfigExecutor.java:727) ~[r2.jar:4.0.2]
	at java.util.concurrent.FutureTask.run(FutureTask.java:317) ~[?:?]
	at java.util.concurrent.ThreadPoolExecutor.runWorker(ThreadPoolExecutor.java:1144) ~[?:?]
	at java.util.concurrent.ThreadPoolExecutor$Worker.run(ThreadPoolExecutor.java:642) ~[?:?]
	at java.lang.Thread.run(Thread.java:1623) [?:?]
2024-08-31 16:13:16.305 [DEBUG] [thread-id 1] - Created report: /Users/m0k0a2f/glass-automation/report/index.html
2024-08-31 16:15:33.112 [DEBUG] [thread-id 269] - Executing R2 4.0.2: '/Users/m0k0a2f/glass-automation/./us/e2e-tests/test-scripts/android/golden-flows/Ecomm-And-Fulfillment-Flows/buy-now-flows/pre-transaction/C2666161- create-account-from-buy-now.yaml' on device: 'Google Pixel 8 Pro GoogleAPI Emulator'
2024-08-31 16:15:33.217 [INFO] [thread-id 269] - url: https://SAUCE_USERNAME:SAUCE_ACCESS_KEY@ondemand.us-west-1.saucelabs.com:443/wd/hub
2024-08-31 16:16:04.248 [ERROR] [thread-id 269] - error setting up appium session: 
org.openqa.selenium.SessionNotCreatedException: Could not start a new session. Response code 401. Message: failed serving request POST /wd/hub/session: Unauthorized 
Host info: host: 'm-xqkh4fwq5j', ip: 'fd00:f85b:3b8e:a30b:0:0:0:1265%en0'
Build info: version: '4.13.0', revision: 'ba948ece5b*'
System info: os.name: 'Mac OS X', os.arch: 'aarch64', os.version: '14.6.1', java.version: '20.0.1'
Driver info: io.appium.java_client.android.AndroidDriver
Command: [null, newSession {capabilities=[{appium:adbExecTimeout=50000, appium:app=storage:filename=glass.apk, appium:appActivity=com.walmart.glass.integration.AutomationActivity, appium:appPackage=com.walmart.android.debug, appium:automationName=UiAutomator2, appium:commandTimeout=600, appium:deviceName=Google Pixel 8 Pro GoogleAPI Emulator, appium:fullReset=true, appium:idleTimeout=1000, appium:intentFlags=0, appium:newCommandTimeout=600000, appium:noReset=false, appium:noSign=true, appium:optionalIntentArguments=--es glass.auto.ServiceEnv TEFLON --es glass.auto.CCM '{ "feature.membership.annualPlanOffer.enabled": { "value": false } }', appium:orientation=PORTRAIT, appium:platformVersion=14.0, platformName=ANDROID, sauce:options={public=share, build=r2-glass-${APP_PLATFORM}-${TEST_TAGS}-${TEST_SESSION_ID}, appiumVersion=2.0.0, idleTimeout=1000, commandTimeout=600, name=C2666161- create-account-from-buy-now.yaml, deviceOrientation=PORTRAIT}}], desiredCapabilities=Capabilities {appium:adbExecTimeout: 50000, appium:app: storage:filename=glass.apk, appium:appActivity: com.walmart.glass.integrati..., appium:appPackage: com.walmart.android.debug, appium:automationName: UiAutomator2, appium:commandTimeout: 600, appium:deviceName: Google Pixel 8 Pro GoogleAP..., appium:fullReset: true, appium:idleTimeout: 1000, appium:intentFlags: 0, appium:newCommandTimeout: 600000, appium:noReset: false, appium:noSign: true, appium:optionalIntentArguments: --es glass.auto.ServiceEnv ..., appium:orientation: PORTRAIT, appium:platformVersion: 14.0, platformName: ANDROID, sauce:options: {appiumVersion: 2.0.0, build: r2-glass-${APP_PLATFORM}-${..., commandTimeout: 600, deviceOrientation: PORTRAIT, idleTimeout: 1000, name: C2666161- create-account-fr..., public: share}}}]
Capabilities {appium:adbExecTimeout: 50000, appium:app: storage:filename=glass.apk, appium:appActivity: com.walmart.glass.integrati..., appium:appPackage: com.walmart.android.debug, appium:automationName: UiAutomator2, appium:commandTimeout: 600, appium:deviceName: Google Pixel 8 Pro GoogleAP..., appium:fullReset: true, appium:idleTimeout: 1000, appium:intentFlags: 0, appium:newCommandTimeout: 600000, appium:noReset: false, appium:noSign: true, appium:optionalIntentArguments: --es glass.auto.ServiceEnv ..., appium:orientation: PORTRAIT, appium:platformVersion: 14.0, platformName: ANDROID, sauce:options: {appiumVersion: 2.0.0, build: r2-glass-${APP_PLATFORM}-${..., commandTimeout: 600, deviceOrientation: PORTRAIT, idleTimeout: 1000, name: C2666161- create-account-fr..., public: share}}
	at org.openqa.selenium.remote.ProtocolHandshake.createSession(ProtocolHandshake.java:140) ~[r2.jar:4.0.2]
	at jdk.internal.reflect.DirectMethodHandleAccessor.invoke(DirectMethodHandleAccessor.java:104) ~[?:?]
	at java.lang.reflect.Method.invoke(Method.java:578) ~[?:?]
	at io.appium.java_client.remote.AppiumProtocolHandshake.createSession(AppiumProtocolHandshake.java:133) ~[r2.jar:4.0.2]
	at io.appium.java_client.remote.AppiumProtocolHandshake.createSession(AppiumProtocolHandshake.java:102) ~[r2.jar:4.0.2]
	at io.appium.java_client.remote.AppiumCommandExecutor.createSession(AppiumCommandExecutor.java:182) ~[r2.jar:4.0.2]
	at io.appium.java_client.remote.AppiumCommandExecutor.execute(AppiumCommandExecutor.java:250) ~[r2.jar:4.0.2]
	at org.openqa.selenium.remote.RemoteWebDriver.execute(RemoteWebDriver.java:602) ~[r2.jar:4.0.2]
	at io.appium.java_client.AppiumDriver.startSession(AppiumDriver.java:274) ~[r2.jar:4.0.2]
	at org.openqa.selenium.remote.RemoteWebDriver.<init>(RemoteWebDriver.java:163) ~[r2.jar:4.0.2]
	at io.appium.java_client.AppiumDriver.<init>(AppiumDriver.java:89) ~[r2.jar:4.0.2]
	at io.appium.java_client.AppiumDriver.<init>(AppiumDriver.java:101) ~[r2.jar:4.0.2]
	at io.appium.java_client.android.AndroidDriver.<init>(AndroidDriver.java:113) ~[r2.jar:4.0.2]
	at com.walmartlabs.executor.Appium.setupDriver(Appium.java:727) ~[r2.jar:4.0.2]
	at com.walmartlabs.executor.Appium.setupAppium(Appium.java:699) ~[r2.jar:4.0.2]
	at com.walmartlabs.executor.Executor.start(Executor.java:360) ~[r2.jar:4.0.2]
	at com.walmartlabs.executor.Executor.startExecution(Executor.java:188) ~[r2.jar:4.0.2]
	at com.walmartlabs.executor.MultipleConfigExecutor.executeConfig(MultipleConfigExecutor.java:319) ~[r2.jar:4.0.2]
	at com.walmartlabs.executor.MultipleConfigExecutor.lambda$getCallable$3(MultipleConfigExecutor.java:727) ~[r2.jar:4.0.2]
	at java.util.concurrent.FutureTask.run(FutureTask.java:317) ~[?:?]
	at java.util.concurrent.ThreadPoolExecutor.runWorker(ThreadPoolExecutor.java:1144) ~[?:?]
	at java.util.concurrent.ThreadPoolExecutor$Worker.run(ThreadPoolExecutor.java:642) ~[?:?]
	at java.lang.Thread.run(Thread.java:1623) [?:?]
2024-08-31 16:16:04.307 [DEBUG] [thread-id 1] - Created report: /Users/m0k0a2f/glass-automation/report/index.html
2024-08-31 16:55:08.654 [DEBUG] [thread-id 1] - Executing R2 4.0.2: '/Users/m0k0a2f/glass-automation/./us/e2e-tests/test-scripts/android/golden-flows/Ecomm-And-Fulfillment-Flows/lot-tipping-flows/C2712762-Pre-Tip-Mixed-Tender-CC+DS.yaml' on device: 'Pixel_8_Pro_API_34'
2024-08-31 16:55:08.722 [INFO] [thread-id 1] - url: http://127.0.0.1:4723
2024-08-31 16:55:22.385 [DEBUG] [thread-id 1] - Executing scenario: 'Before'
2024-08-31 16:55:22.387 [DEBUG] [thread-id 1] - R2_SUBFLOW_PRE_TRANSACTION
2024-08-31 16:55:22.388 [DEBUG] [thread-id 1] - Timestamp: 1725148522388
2024-08-31 16:55:22.389 [DEBUG] [thread-id 1] - Store in: store the value 'wplususerTony1725148522388@walmart.com' in the variable 'customerEmail'
2024-08-31 16:55:22.390 [DEBUG] [thread-id 1] - Executing function: 'us.functions.utils.astro.createTrialAccountConvertToPaid'
2024-08-31 16:55:22.391 [DEBUG] [thread-id 1] - Create Account
2024-08-31 16:55:22.392 [DEBUG] [thread-id 1] - {"firstName":"Native","lastName":"User","emailAddress":"wplususerTony1725148522388@walmart.com","phoneNumber": "4085551234","verification":"phone","password":"E2epassword$","paymentMethods":["VISA"],"postalAddress":{"address":"1395 Leeward Dr","city":"San Jose","state":"CA","country":"USA","postalCode":"95122"},"wplusSubscription":{"tenure":"Annual","extendTrial":false,"isNextGen":true}}
2024-08-31 16:55:22.392 [DEBUG] [thread-id 1] - Call API: 'http://astro.walmart.com/api/v2/teflon/customer'
2024-08-31 16:56:02.930 [DEBUG] [thread-id 1] - Response code is: '200'. Response body is: '{"astroStatus":"SUCCESS","astroDescription":"SIGNUP_SUCCESS","astroDetails":{"status":"OK","statusCode":200,"customerAccountId":"0b363bc9-0ad5-4cb6-9a1e-726c84db81cf","customerDetails":{"firstName":"Native","lastName":"User","emailAddress":"wplususerTony1725148522388@walmart.com","phoneNumber":"4085551234","verification":"phone","password":"E2epassword$","paymentMethods":["VISA"],"postalAddress":{"address":"1395 Leeward Dr","city":"San Jose","state":"CA","country":"USA","postalCode":"95122"},"wplusSubscription":{"tenure":"Annual","extendTrial":false,"isNextGen":true}},"addDeliveryPreference":"OK","addPaymentPreference":"OK","addPaymentPreferenceId":"b5e8bf46-a94c-4f2e-b611-ea0df2f442fd","customerPatch":"OK","wPlusActivationRes":{"statusCode":200,"description":"wplusActivation Successfully","response":{"astroStatus":"SUCCESS","astroDescription":"Added W+ membership for customer wplususerTony1725148522388@walmart.com","astroDetails":{"status":"CREATED","header":null,"errors":null,"payload":{"id":"f64dc4c2-6750-4687-8763-2eab4316cd83","customerId":"0b363bc9-0ad5-4cb6-9a1e-726c84db81cf","startDate":1727740559627,"endDate":null,"enrolledDate":1725148559627,"tenant":0,"globalTenantId":"elh9ie","verticalId":0,"martId":null,"createdByConsumer":"2d66e48d-fcaa-4b81-b624-0f0556a24bcd","modifiedByConsumer":null,"identifiers":[],"legacyMembershipId":null,"trial":{"enrollmentDate":1725148559627,"extensions":null},"plan":{"id":"TRIAL30","description":"30 Day Trial","displayName":"Walmart +","price":0,"originalPrice":0,"currency":"USD","duration":{"value":30,"unit":"DAY","description":"Monthly"},"association":null},"nextPlan":{"id":"BASE365","description":"Array of benefits across App, Grocery, and Stores","displayName":"Walmart +","price":98,"originalPrice":98,"currency":"USD","duration":{"value":365,"unit":"DAY","description":"Annual"},"association":null},"preference":{"paymentId":"b5e8bf46-a94c-4f2e-b611-ea0df2f442fd","addressId":"b2e179d4-6221-4928-9259-222da262a7c8"},"renewal":{"autoRenewal":true,"nextBillingDate":1727740559627,"lastBillingDate":null,"nextPlanProratedAmount":null,"nextPlanProratedDuration":null,"dunning":false,"transactionId":null,"dayOfMonth":30,"cycleCount":null,"previousSwitchedBillingDates":null,"reminder":{}},"pauseCycle":{"cycles":[],"prospectiveBillingDate":1730332559627,"pauseStatus":"INELIGIBLE","pauseCount":0},"benefits":[{"code":"ACC","name":"Walmart+ Auto Care Benefits","description":"Get free flat tire repair & free road hazard warranty at Walmart Auto Care Centers nationwide.","active":true,"addon":false},{"code":"DELIVERY_UNLIMITED","name":"Free delivery from store","description":"Get groceries & more as soon as today!","active":true,"addon":false},{"code":"DINING_BENEFIT","name":"BurgerKing","description":"Dining Benefit for W+ members in partnership with Burger King.","active":true,"addon":false},{"code":"FREE_SHIPPING","name":"Free shipping, no order minimum","description":"Items shipped by Walmart ship free  no order minimum.","active":true,"addon":false},{"code":"LMD_FREE_RETURNS","name":"Returns from home","description":"We come to you! No printing, no repacking, no need to leave your home.","active":true,"addon":false},{"code":"PET","name":"PAWP","description":"Televet service for walmart plus customers","active":true,"addon":false},{"code":"PET_BENEFITS","name":"PET_BENEFITS","description":"Pet partnerships and rewards offering","active":true,"addon":false},{"code":"RX_DISCOUNT","name":"LMD Free Returns","description":"LMD Free Returns.","active":true,"addon":false},{"code":"SCAN_N_GO","name":"Mobile scan & go","description":"Check out as you shop to make store shopping fast and contact-free.","active":true,"addon":false},{"code":"STREAMING","name":"Paramount+ Essential","description":"Watch blockbuster movies, original series & more with an included Paramount+ subscription.","active":true,"addon":false},{"code":"STREAMING_TV","name":"PlutoTV","description":"Watch 250+ channels of free TV and 1000's of on-demand movies and TV shows.","active":true,"addon":false},{"code":"SUBSCRIPTION","name":"SUBSCRIPTION","description":"Paid members save a discount on eligible, household items and get free shipping with no order minimum","active":true,"addon":false},{"code":"TRAVEL","name":"Walmart+ Travel","description":"Make every trip more rewarding with up to 5% Walmart Cash on hotels, flights, car rentals, tours & more. (Powered by Expedia)","active":true,"addon":false},{"code":"UPGRADE_FOR_EARLY_ACCESS","name":"UPGRADE_FOR_EARLY_ACCESS","description":"Paid members get exclusive early access to online Black Friday deals","active":true,"addon":false},{"code":"W_FUEL","name":"Member prices on fuel","description":"Save up to 10 per gallon at over 13,000 stations nationwide.","active":true,"addon":false}],"cancel":null,"meta":{"payroll":false,"requireConsent":false,"consented":false,"programs":null,"referrer":null,"bundleSignup":false,"type":null,"discountGroup":null,"userAgent":null,"termsConsent":{"capturedDate":1725148559627,"consented":null},"test":false},"eligibility":null,"membershipDiscount":{"discounts":null,"totalDiscount":0},"createdDate":1725148559627,"createdBy":"0b363bc9-0ad5-4cb6-9a1e-726c84db81cf","modifiedDate":1725148559627,"modifiedBy":"0b363bc9-0ad5-4cb6-9a1e-726c84db81cf","addons":null,"badges":[],"state":"trial","trialEligibleAddons":["B2BINHOME365","B2BINHOMETRIAL90","B2BTRIAL30","INHOME30","INHOME365","INHOMETRIAL30","INHOMETRIAL90","PRARTNERAUTOMATIONTEST","SHOWTIME30","SHOWTIME365","TRIAL180","TRIAL30","TRIAL30_TEST_PROD","TRIAL90","TRIAL_TEST_RV"],"cookies":{"status":"5","enrollDate":"1725148559627","hash":"A3NWFawX3ZXEK2uvpQxoLg8G1FBG1GF85KWhItyM+Xo=","ttl":5184000,"names":{"status":"_m","enrollDate":"_met","hash":"_mc"}},"remainingDays":30,"trialPeriod":true}},"astroInfo":null}}}}'
2024-08-31 16:56:02.943 [DEBUG] [thread-id 1] - Account created successfully
2024-08-31 16:56:02.964 [DEBUG] [thread-id 1] - Converting Trial to Paid Member
2024-08-31 16:56:02.966 [DEBUG] [thread-id 1] - Executing function: 'us.functions.utils.astro.convertTrialtoPaidMember'
2024-08-31 16:56:02.967 [DEBUG] [thread-id 1] - Convert Trial to Paid Member
2024-08-31 16:56:02.968 [DEBUG] [thread-id 1] - wplususerTony1725148522388@walmart.com
2024-08-31 16:56:02.970 [DEBUG] [thread-id 1] - {"firstName":"Native","lastName":"User","emailAddress":"wplususerTony1725148522388@walmart.com","phoneNumber": "4085551234","verification":"phone","password":"E2epassword$","paymentMethods":["VISA"],"postalAddress":{"address":"1395 Leeward Dr","city":"San Jose","state":"CA","country":"USA","postalCode":"95122"},"wplusSubscription":{"tenure":"Annual","extendTrial":false,"isNextGen":true}}
2024-08-31 16:56:02.974 [DEBUG] [thread-id 1] - Call API: 'http://astro.walmart.com/api/v2/teflon/account/wplususerTony1725148522388@walmart.com/wplus'
2024-08-31 16:56:18.356 [DEBUG] [thread-id 1] - Response code is: '400'. Response body is: '{"astroStatus":"FAIL","astroDescription":"Error while converting the membership to paid for account wplususerTony1725148522388@walmart.com","astroDetails":{"status":"UNPROCESSABLE_ENTITY","header":null,"errors":[{"code":"","field":"","description":"Error while calling tax-service api","info":"MSCE_5079"}],"payload":null,"upstreamError":{"status":500,"code":null,"source":"taxService.getTax"}},"astroInfo":null}'
2024-08-31 16:56:19.402 [DEBUG] [thread-id 1] - Before failed: callAPI: Expected '200' but got '400'. url: http://astro.walmart.com/api/v2/teflon/account/$customerEmail/wplus
2024-08-31 16:56:19.662 [DEBUG] [thread-id 1] - Executing scenario: 'After'
2024-08-31 16:56:19.663 [DEBUG] [thread-id 1] - Executing function: 'us.functions.utils.afterSteps'
2024-08-31 16:56:19.663 [WARN] [thread-id 1] - variable testStatus was used, but r2 could not find a value for this variable. returning default of null
2024-08-31 16:56:19.664 [DEBUG] [thread-id 1] - conditionally execute a flow. condition: false
2024-08-31 16:56:19.794 [DEBUG] [thread-id 1] - Test failed
2024-08-31 16:56:21.088 [DEBUG] [thread-id 1] - Created report: /Users/m0k0a2f/glass-automation/report/index.html
