2025-02-27 12:37:20.150 [ERROR] [thread-id 1] - org.yaml.snakeyaml.constructor.ConstructorException: Cannot create property=general for JavaBean=com.walmartlabs.data.dependencies.Dependencies@6b410923
 in 'reader', line 1, column 1:
    general:
    ^
Cannot create property=scrollUntilTimeout for JavaBean=com.walmartlabs.data.dependencies.General@469d003c
 in 'reader', line 2, column 3:
      automationName: XCUITest
      ^
Unable to find property 'scrollUntilTimeout' on class: com.walmartlabs.data.dependencies.General
 in 'reader', line 19, column 23:
      scrollUntilTimeout: 300000
                          ^

 in 'reader', line 2, column 3:
      automationName: XCUITest
      ^

2025-02-27 12:41:40.413 [ERROR] [thread-id 1] - org.yaml.snakeyaml.constructor.ConstructorException: Cannot create property=general for JavaBean=com.walmartlabs.data.dependencies.Dependencies@6b410923
 in 'reader', line 1, column 1:
    general:
    ^
Cannot create property=scrollUntilTimeout for JavaBean=com.walmartlabs.data.dependencies.General@469d003c
 in 'reader', line 2, column 3:
      automationName: XCUITest
      ^
Unable to find property 'scrollUntilTimeout' on class: com.walmartlabs.data.dependencies.General
 in 'reader', line 19, column 23:
      scrollUntilTimeout: 300000
                          ^

 in 'reader', line 2, column 3:
      automationName: XCUITest
      ^

