2024-06-03 20:32:59.963 [DEBUG] [thread-id 1] - Executing R2 4.0.0: '/Users/m0k0a2f/glass-automation/./us/e2e-tests/test-scripts/ios/prod-flows/Ecomm-And-Fulfillment-Flows/cart-checkout-book-slot-flows/C2659242-sign-in-after-checkout.yaml' on device: 'iPhone 14'
2024-06-03 20:37:22.749 [DEBUG] [thread-id 1] - Executing scenario: 'Before'
2024-06-03 20:37:22.752 [DEBUG] [thread-id 1] - R2_SUBFLOW_PRE_TRANSACTION
2024-06-03 20:37:23.354 [DEBUG] [thread-id 1] - Using us-errors-helpers.yaml
2024-06-03 20:37:23.951 [DEBUG] [thread-id 1] - Start Main
2024-06-03 20:37:23.954 [DEBUG] [thread-id 1] - Executing function: 'us.functions.global.onboarding.navigateOnboardingToHome'
2024-06-03 20:37:23.955 [DEBUG] [thread-id 1] - Executing function: 'us.function.utils.getEnvironmentValue'
2024-06-03 20:37:23.955 [DEBUG] [thread-id 1] - Store in: store the value 'production' in the variable 'env'
2024-06-03 20:37:23.956 [DEBUG] [thread-id 1] - Timestamp: 1717472243956
2024-06-03 20:37:23.968 [DEBUG] [thread-id 1] - Welcome screen loaded
2024-06-03 20:37:24.139 [DEBUG] [thread-id 1] - Verify identifier: {//XCUIElementTypeButton[@name="SignUpNudgeWelcomeViewController.bodyLabel"]=[true]}
2024-06-03 20:37:34.313 [DEBUG] [thread-id 1] - conditionally execute a flow. condition: false
2024-06-03 20:37:34.644 [DEBUG] [thread-id 1] - Click element: 'cta.cancel.welcome'
2024-06-03 20:37:35.238 [DEBUG] [thread-id 1] - Notifiction Prompt screen loaded
2024-06-03 20:37:36.052 [DEBUG] [thread-id 1] - Verify identifier: {NotificationPermissionViewController.titleLabel=[true]}
2024-06-03 20:37:38.140 [DEBUG] [thread-id 1] - Click element: 'cta.cancel.notifications'
2024-06-03 20:37:38.658 [DEBUG] [thread-id 1] - location screen loaded
2024-06-03 20:37:39.046 [DEBUG] [thread-id 1] - Verify identifier: {LocationPermissionViewController.titleLabel=[true], LocationPermissionViewController.bodyLabel=[true]}
2024-06-03 20:37:39.110 [DEBUG] [thread-id 1] - Click element: 'cta.cancel.location'
2024-06-03 20:37:39.917 [DEBUG] [thread-id 1] - Verify identifier: {label.postal-code-entry=[true]}
2024-06-03 20:37:39.979 [DEBUG] [thread-id 1] - Enter text: '95122'
2024-06-03 20:37:45.787 [DEBUG] [thread-id 1] - Click element: 'cta.continue'
2024-06-03 20:37:46.381 [DEBUG] [thread-id 1] - sleep:  3000 milliseconds
2024-06-03 20:37:49.388 [DEBUG] [thread-id 1] - loop: from 0 to 3
2024-06-03 20:37:49.682 [DEBUG] [thread-id 1] - 0
2024-06-03 20:38:00.076 [DEBUG] [thread-id 1] - conditionally execute a flow. condition: false
2024-06-03 20:38:10.498 [DEBUG] [thread-id 1] - Observed IDFA Sscreen
2024-06-03 20:38:10.498 [DEBUG] [thread-id 1] - sleep:  3000 milliseconds
2024-06-03 20:38:13.782 [DEBUG] [thread-id 1] - conditionally execute a flow. condition: true
2024-06-03 20:38:14.048 [DEBUG] [thread-id 1] - Verify identifier: {ATTPermissionViewController.titleLabel=[true], ATTPermissionViewController.bodyLabel=[true]}
2024-06-03 20:38:24.390 [DEBUG] [thread-id 1] - Click element: 'cta.continue.location'
2024-06-03 20:38:27.680 [DEBUG] [thread-id 1] - Click element: '//XCUIElementTypeButton[@name="Ask App Not to Track"] | //XCUIElementTypeButton[@name="Solicitar a la app no rastrear"]'
2024-06-03 20:38:38.677 [DEBUG] [thread-id 1] - conditionally execute a flow. condition: false
2024-06-03 20:38:39.653 [DEBUG] [thread-id 1] - modal is not displayed
2024-06-03 20:38:52.018 [DEBUG] [thread-id 1] - Executing function: 'us.functions.gic.collapseIfExpanded'
2024-06-03 20:38:54.624 [DEBUG] [thread-id 1] - GIC already collapsed
2024-06-03 20:38:54.631 [DEBUG] [thread-id 1] - Executing function: 'us.functions.search.searchItem'
2024-06-03 20:38:56.851 [DEBUG] [thread-id 1] - Verify identifier: {Search=[true]}
2024-06-03 20:38:57.042 [DEBUG] [thread-id 1] - Click element: 'Search'
2024-06-03 20:38:58.504 [DEBUG] [thread-id 1] - Verify identifier: {Search Walmart=[true]}
2024-06-03 20:39:01.679 [DEBUG] [thread-id 1] - Click element: 'Search Walmart'
2024-06-03 20:39:02.630 [DEBUG] [thread-id 1] - Enter text: 'Bed'
2024-06-03 20:39:03.976 [DEBUG] [thread-id 1] - Executing function: 'us.functions.search.closeHowDoYouWantYourOrderBottomTray'
2024-06-03 20:39:10.669 [DEBUG] [thread-id 1] - How do you want pop up not displayed
2024-06-03 20:39:20.812 [DEBUG] [thread-id 1] - Executing function: 'us.functions.utils.scrollIfNotVisible'
2024-06-03 20:39:22.392 [DEBUG] [thread-id 1] - Verify identifier: {(//XCUIElementTypeButton[@name="GlassProductTile.mainStackView"])[1] | //XCUIElementTypeOther[contains(@name,"ProductImageView.stackView")] | //*[contains(@name,"ProductSectionCoordinator_searchPrimaryProductCell")] | //XCUIElementTypeCell[contains(@name,"ProductSectionCoordinator_searchPrimaryProductCell_indexPath")] | (//XCUIElementTypeOther[@name="ProductImageView.stackView"])[1] | (//XCUIElementTypeButton[@name="GlassProductTile.mainStackView"])[2] | //XCUIElementTypeButton[@name="ListView.accessibilityContainer"]=[true]}
2024-06-03 20:39:23.798 [DEBUG] [thread-id 1] - Element already visible, scrolling is skipped
2024-06-03 20:39:23.805 [DEBUG] [thread-id 1] - Resetting scrollPosition variable to default
2024-06-03 20:39:23.806 [DEBUG] [thread-id 1] - Store in: store the value 'null' in the variable 'scrollPosition'
2024-06-03 20:39:23.806 [DEBUG] [thread-id 1] - Store in: store the value 'null' in the variable 'identifierScope'
2024-06-03 20:39:23.807 [DEBUG] [thread-id 1] - Store in: store the value 'null' in the variable 'limit'
2024-06-03 20:39:24.373 [DEBUG] [thread-id 1] - conditionally execute a flow. condition: true
2024-06-03 20:39:25.270 [DEBUG] [thread-id 1] - successfully found an item for the above search criterion
2024-06-03 20:39:25.283 [DEBUG] [thread-id 1] - Executing function: 'us.functions.search.clickOnFirstItem'
2024-06-03 20:39:25.284 [WARN] [thread-id 1] - variable subFilter was used, but r2 could not find a value for this variable. returning default of null
2024-06-03 20:39:25.288 [DEBUG] [thread-id 1] - conditionally execute a flow. condition: false
2024-06-03 20:39:26.199 [WARN] [thread-id 1] - variable excludeSponsored was used, but r2 could not find a value for this variable. returning default of null
2024-06-03 20:39:26.200 [DEBUG] [thread-id 1] - conditionally execute a flow. condition: false
2024-06-03 20:39:27.080 [DEBUG] [thread-id 1] - Executing function: 'us.functions.utils.scrollIfNotVisible'
2024-06-03 20:39:28.578 [DEBUG] [thread-id 1] - Verify identifier: {(//XCUIElementTypeButton[@name="GlassProductTile.mainStackView"])[1] | //XCUIElementTypeOther[contains(@name,"ProductImageView.stackView")] | //*[contains(@name,"ProductSectionCoordinator_searchPrimaryProductCell")] | //XCUIElementTypeCell[contains(@name,"ProductSectionCoordinator_searchPrimaryProductCell_indexPath")] | (//XCUIElementTypeOther[@name="ProductImageView.stackView"])[1] | (//XCUIElementTypeButton[@name="GlassProductTile.mainStackView"])[2] | //XCUIElementTypeButton[@name="ListView.accessibilityContainer"]=[true]}
2024-06-03 20:39:29.463 [DEBUG] [thread-id 1] - Element already visible, scrolling is skipped
2024-06-03 20:39:29.468 [DEBUG] [thread-id 1] - Resetting scrollPosition variable to default
2024-06-03 20:39:29.469 [DEBUG] [thread-id 1] - Store in: store the value 'null' in the variable 'scrollPosition'
2024-06-03 20:39:29.469 [DEBUG] [thread-id 1] - Store in: store the value 'null' in the variable 'identifierScope'
2024-06-03 20:39:29.469 [DEBUG] [thread-id 1] - Store in: store the value 'null' in the variable 'limit'
2024-06-03 20:39:31.365 [DEBUG] [thread-id 1] - Verify identifier: {(//XCUIElementTypeButton[@name="GlassProductTile.mainStackView"])[1] | //XCUIElementTypeOther[contains(@name,"ProductImageView.stackView")] | //*[contains(@name,"ProductSectionCoordinator_searchPrimaryProductCell")] | //XCUIElementTypeCell[contains(@name,"ProductSectionCoordinator_searchPrimaryProductCell_indexPath")] | (//XCUIElementTypeOther[@name="ProductImageView.stackView"])[1] | (//XCUIElementTypeButton[@name="GlassProductTile.mainStackView"])[2] | //XCUIElementTypeButton[@name="ListView.accessibilityContainer"]=[true]}
2024-06-03 20:39:32.806 [DEBUG] [thread-id 1] - Click element: '(//XCUIElementTypeButton[@name="GlassProductTile.mainStackView"])[1] | //XCUIElementTypeOther[contains(@name,"ProductImageView.stackView")] | //*[contains(@name,"ProductSectionCoordinator_searchPrimaryProductCell")] | //XCUIElementTypeCell[contains(@name,"ProductSectionCoordinator_searchPrimaryProductCell_indexPath")] | (//XCUIElementTypeOther[@name="ProductImageView.stackView"])[1] | (//XCUIElementTypeButton[@name="GlassProductTile.mainStackView"])[2] | //XCUIElementTypeButton[@name="ListView.accessibilityContainer"]'
2024-06-03 20:39:34.605 [DEBUG] [thread-id 1] - check if item details page is showing
2024-06-03 20:40:42.158 [DEBUG] [thread-id 1] - Verify identifier: {TitleView_productTitle=[true]}
2024-06-03 20:40:42.172 [DEBUG] [thread-id 1] - Executing function: 'us.functions.item.addItemToCart'
2024-06-03 20:41:08.402 [DEBUG] [thread-id 1] - Verify identifier: {stepper.mainButton=[true]}
2024-06-03 20:42:22.564 [DEBUG] [thread-id 1] - Click element: 'stepper.mainButton'
2024-06-03 20:43:10.013 [WARN] [thread-id 1] - variable qty was used, but r2 could not find a value for this variable. returning default of null
2024-06-03 20:43:10.015 [WARN] [thread-id 1] - variable qty was used, but r2 could not find a value for this variable. returning default of null
2024-06-03 20:43:27.813 [DEBUG] [thread-id 1] - Verify identifier: {//XCUIElementTypeStaticText[@name="1 added"]| //XCUIElementTypeOther[@name="add-to-cart-button"] | //XCUIElementTypeStaticText[@label="null"] | Max 1=[true]}
2024-06-03 20:43:27.815 [WARN] [thread-id 1] - variable skipPostAddToCartSteps was used, but r2 could not find a value for this variable. returning default of null
2024-06-03 20:43:27.816 [DEBUG] [thread-id 1] - conditionally execute a flow. condition: true
2024-06-03 20:43:53.130 [DEBUG] [thread-id 1] - Executing function: 'us.functions.item.postAddToCartSteps'
2024-06-03 20:44:33.547 [DEBUG] [thread-id 1] - No ACC pop up screen displayed
2024-06-03 20:44:59.509 [DEBUG] [thread-id 1] - Click element: '//XCUIElementTypeButton[@name="Close"]'
2024-06-03 20:45:39.287 [DEBUG] [thread-id 1] - Click element: '//XCUIElementTypeButton[@name="Close"] | //XCUIElementTypeButton[@label="Close"]'
2024-06-03 20:45:53.619 [DEBUG] [thread-id 1] - Executing function: 'us.functions.item.closeItemPage'
2024-06-03 20:46:23.012 [DEBUG] [thread-id 1] - Click element: '//XCUIElementTypeButton[@name="Close"] | //XCUIElementTypeButton[@name="AOSBottomSheetViewController_itemDetailCloseButton"] | //XCUIElementTypeButton[@name="MultisellerMPATCBottomSheet.closeXButton"]'
2024-06-03 20:46:46.775 [DEBUG] [thread-id 1] - Click element: 'ItemDetailsViewController_itemDetailCloseButton'
2024-06-03 20:46:55.253 [DEBUG] [thread-id 1] - Verify identifier: {Your cart is empty=[true]}
2024-06-03 20:46:55.254 [DEBUG] [thread-id 1] - Store in: store the value 'false' in the variable 'skipPostAddToCartSteps'
2024-06-03 20:46:55.254 [DEBUG] [thread-id 1] - Store in: store the value 'false' in the variable 'apiFetch'
2024-06-03 20:46:55.255 [DEBUG] [thread-id 1] - Store in: store the value 'null' in the variable 'itemDataDetails'
2024-06-03 20:46:55.256 [DEBUG] [thread-id 1] - R2_SUBFLOW_TRANSACTION
2024-06-03 20:46:55.259 [DEBUG] [thread-id 1] - Executing function: 'us.functions.global.navigation.toCartFromNavBar'
2024-06-03 20:47:08.616 [DEBUG] [thread-id 1] - Verify identifier: {//XCUIElementTypeButton[contains(@label, "Your cart")] | //XCUIElementTypeButton[(@name="SearchResultsViewController.cartButton") or (contains(@label,"Your cart contains") and contains(@label,"The estimated total is")) or (@label="Your cart is empty")]=[true]}
2024-06-03 20:47:09.207 [DEBUG] [thread-id 1] - Click element: '//XCUIElementTypeButton[contains(@label, "Your cart")] | //XCUIElementTypeButton[(@name="SearchResultsViewController.cartButton") or (contains(@label,"Your cart contains") and contains(@label,"The estimated total is")) or (@label="Your cart is empty")]'
2024-06-03 20:47:25.093 [DEBUG] [thread-id 1] - Verify identifier: {//XCUIElementTypeStaticText[@name="CartDetailsViewController.headerCartLabel"] | //XCUIElementTypeStaticText[@name="CartEmptyStateViewController.titleLabel" and not(contains(@label,"We're sorry!"))]=[true]}
2024-06-03 20:47:25.126 [DEBUG] [thread-id 1] - Executing function: 'us.functions.cart.getItemName'
2024-06-03 20:47:25.126 [DEBUG] [thread-id 1] - sleep:  2000 milliseconds
2024-06-03 20:47:32.454 [DEBUG] [thread-id 1] - Verify identifier: {CartItemTileView.nameLabel=[true]}
2024-06-03 20:47:34.051 [DEBUG] [thread-id 1] - get string: from 'CartItemTileView.nameLabel' [type='label']
2024-06-03 20:47:34.052 [DEBUG] [thread-id 1] - Homfa King Size LED Bed Frame with Pillow, PU Leather Curved Upholstered Platform Bed with Adjustable Headboard, White. Size: King. Actual Color: White. Qty 1. Previous price $428.56. Cost: $278.99. You save $149.57.
2024-06-03 20:47:34.056 [DEBUG] [thread-id 1] - Execute Node: 'us/e2e-tests/helpers/splitpaymentDateString_iOS.js'
2024-06-03 20:47:37.427 [DEBUG] [thread-id 1] - Homfa King Size LED Bed Frame with Pillow, PU Leather Curved Upholstered Platform Bed with Adjustable Headboard, White. Size: King. Actual Color: White. 
2024-06-03 20:47:37.429 [DEBUG] [thread-id 1] - Executing function: 'us.functions.cart.continueToCheckout'
2024-06-03 20:47:40.981 [DEBUG] [thread-id 1] - Verify identifier: {//XCUIElementTypeButton[@name="CartPrimaryCTAButton"] | //XCUIElementTypeButton[@name="CartFinishButton"]=[true]}
2024-06-03 20:47:44.379 [DEBUG] [thread-id 1] - Click element: '//XCUIElementTypeButton[@name="CartPrimaryCTAButton"] | //XCUIElementTypeButton[@name="CartFinishButton"]'
2024-06-03 20:47:45.940 [DEBUG] [thread-id 1] - sleep:  5000 milliseconds
2024-06-03 20:48:21.344 [DEBUG] [thread-id 1] - Executing function: 'us.functions.home.closeWPlusPromotionPopUpIfDisplayed'
2024-06-03 20:48:42.145 [DEBUG] [thread-id 1] - No Wplus pop up displayed
2024-06-03 20:48:42.152 [DEBUG] [thread-id 1] - Executing function: 'us.functions.cart.handleItemUpdatesBottomTray'
2024-06-03 20:49:01.921 [DEBUG] [thread-id 1] - No item update pop up
2024-06-03 20:49:01.928 [DEBUG] [thread-id 1] - Executing function: 'us.functions.utils.handleTechnicalErrorPopup'
2024-06-03 20:49:01.929 [DEBUG] [thread-id 1] - Store in: store the value 'false' in the variable 'errorRemoved'
2024-06-03 20:49:01.929 [DEBUG] [thread-id 1] - sleep:  5000 milliseconds
2024-06-03 20:49:06.937 [DEBUG] [thread-id 1] - loop: from 0 to 3
2024-06-03 20:49:14.838 [DEBUG] [thread-id 1] - 0
2024-06-03 20:49:40.300 [DEBUG] [thread-id 1] - conditionally execute a flow. condition: false
2024-06-03 20:49:48.161 [DEBUG] [thread-id 1] - Store in: store the value 'true' in the variable 'errorRemoved'
2024-06-03 20:49:56.038 [DEBUG] [thread-id 1] - No Technical Error Pop up observed
2024-06-03 20:50:04.228 [WARN] [thread-id 1] - variable errorDismissed was used, but r2 could not find a value for this variable. returning default of null
2024-06-03 20:50:20.763 [DEBUG] [thread-id 1] - conditionally execute a flow. condition: false
2024-06-03 20:50:28.852 [DEBUG] [thread-id 1] - conditionally execute a flow. condition: true
2024-06-03 20:50:36.938 [DEBUG] [thread-id 1] - Checkout button presence check skipped
2024-06-03 20:50:36.957 [DEBUG] [thread-id 1] - Executing function: 'us.functions.wplus.handle.SubstitutionPreferencePopup'
2024-06-03 20:51:08.105 [DEBUG] [thread-id 1] - Executing function: 'us.functions.global.authentication.signInAccount'
2024-06-03 20:51:16.206 [DEBUG] [thread-id 1] - Verify identifier: {TextFieldStackView.containerStackView=[true]}
2024-06-03 20:51:17.362 [DEBUG] [thread-id 1] - Enter text: 'e2e.prod.ios.flowC2659242@cloudtest.org'
2024-06-03 20:51:23.414 [DEBUG] [thread-id 1] - Click element: 'WelcomeView.ctaButton'
2024-06-03 20:51:45.795 [DEBUG] [thread-id 1] - conditionally execute a flow. condition: true
2024-06-03 20:51:52.778 [DEBUG] [thread-id 1] - Click element: 'AuthChoiceView.passwordStackView'
2024-06-03 20:51:56.062 [DEBUG] [thread-id 1] - Verify identifier: {TextFieldStackView.textField=[true]}
2024-06-03 20:51:57.222 [DEBUG] [thread-id 1] - Enter text: 'E2epassword$'
2024-06-03 20:52:11.223 [DEBUG] [thread-id 1] - Click element: 'AuthChoiceView.ctaButton'
2024-06-03 20:52:41.473 [DEBUG] [thread-id 1] - sleep:  2000 milliseconds
2024-06-03 20:52:43.846 [DEBUG] [thread-id 1] - conditionally execute a flow. condition: true
2024-06-03 20:52:46.488 [DEBUG] [thread-id 1] - Click element: '//XCUIElementTypeButton[@name="Donâ€™t Allow"]'
2024-06-03 20:52:47.170 [DEBUG] [thread-id 1] - Executing function: 'us.test.functions.utils.closeWplusPrompt.homeScreen'
2024-06-03 20:52:57.459 [DEBUG] [thread-id 1] - conditionally execute a flow. condition: false
2024-06-03 20:52:58.861 [DEBUG] [thread-id 1] - W+ Plus membership prompt is not present nothing to close continue
2024-06-03 20:52:58.867 [DEBUG] [thread-id 1] - Executing function: 'us.functions.home.closeWplusBottomSheetBannerIfDisplayed'
2024-06-03 20:52:58.867 [DEBUG] [thread-id 1] - sleep:  3000 milliseconds
2024-06-03 20:53:13.119 [DEBUG] [thread-id 1] - Executing function: 'us.functions.utils.handleCartMergePopup'
2024-06-03 20:53:13.121 [DEBUG] [thread-id 1] - loop: from 0 to 4
2024-06-03 20:53:14.537 [DEBUG] [thread-id 1] - 0
2024-06-03 20:53:21.372 [DEBUG] [thread-id 1] - No Technical Error Page observed
2024-06-03 20:53:22.775 [DEBUG] [thread-id 1] - sleep:  1000 milliseconds
2024-06-03 20:53:23.777 [DEBUG] [thread-id 1] - validate if tooltip is present and closing it
2024-06-03 20:53:34.794 [DEBUG] [thread-id 1] - sleep:  50000 milliseconds
2024-06-03 20:54:24.798 [DEBUG] [thread-id 1] - Executing function: 'us.function.checkout.reviewOrder.verifyItemDetails'
2024-06-03 20:54:36.469 [DEBUG] [thread-id 1] - sleep:  3000 milliseconds
2024-06-03 20:54:41.163 [DEBUG] [thread-id 1] - Click element: 'FulfillmentProductGroupView.detailButton'
2024-06-03 20:54:43.325 [DEBUG] [thread-id 1] - Verify identifier: {//XCUIElementTypeCell[contains(@name,"CheckoutItemTileCell")]//XCUIElementTypeStaticText[contains(@name,"Section") and  contains(@name,"Item")]=[true]}
2024-06-03 20:54:43.326 [DEBUG] [thread-id 1] - Item details verified successfully
2024-06-03 20:54:45.226 [DEBUG] [thread-id 1] - Verify identifier: {CheckoutItemDetailsListViewController.doneButton=[true]}
2024-06-03 20:54:45.565 [DEBUG] [thread-id 1] - Click element: 'CheckoutItemDetailsListViewController.doneButton'
2024-06-03 20:54:46.816 [DEBUG] [thread-id 1] - sleep:  2000 milliseconds
2024-06-03 20:54:48.823 [DEBUG] [thread-id 1] - Executing function: 'us.functions.checkout.reviewOrder.verifyCardDetails'
2024-06-03 20:54:59.760 [DEBUG] [thread-id 1] - Executing function: 'us.functions.utils.getFulfillmentTextsToCompare'
2024-06-03 20:54:59.761 [WARN] [thread-id 1] - variable altFulfillmentText was used, but r2 could not find a value for this variable. returning default of null
2024-06-03 20:54:59.761 [DEBUG] [thread-id 1] - conditionally execute a flow. condition: true
2024-06-03 20:55:01.122 [DEBUG] [thread-id 1] - conditionally execute a flow. condition: true
2024-06-03 20:55:02.510 [WARN] [thread-id 1] - variable newGIC was used, but r2 could not find a value for this variable. returning default of null
2024-06-03 20:55:02.511 [DEBUG] [thread-id 1] - conditionally execute a flow. condition: false
2024-06-03 20:55:03.887 [DEBUG] [thread-id 1] - Store in: store the value 'shipping' in the variable 'altFulfillmentText'
2024-06-03 20:55:03.903 [DEBUG] [thread-id 1] - -----------Shipping section validation start-----------
2024-06-03 20:55:03.904 [WARN] [thread-id 1] - variable initialCheckoutDataSetup was used, but r2 could not find a value for this variable. returning default of null
2024-06-03 20:55:03.904 [DEBUG] [thread-id 1] - conditionally execute a flow. condition: true
2024-06-03 20:55:05.335 [DEBUG] [thread-id 1] - sleep:  5000 milliseconds
2024-06-03 20:55:11.804 [DEBUG] [thread-id 1] - conditionally execute a flow. condition: true
2024-06-03 20:55:13.186 [DEBUG] [thread-id 1] - Review order page loaded successfully
2024-06-03 20:55:14.589 [DEBUG] [thread-id 1] - Store in: store the value 'complete' in the variable 'initialCheckoutDataSetup'
2024-06-03 20:55:14.602 [DEBUG] [thread-id 1] - conditionally execute a flow. condition: false
2024-06-03 20:55:16.022 [DEBUG] [thread-id 1] - conditionally execute a flow. condition: false
2024-06-03 20:55:17.384 [DEBUG] [thread-id 1] - conditionally execute a flow. condition: false
2024-06-03 20:55:18.808 [DEBUG] [thread-id 1] - conditionally execute a flow. condition: false
2024-06-03 20:55:20.209 [DEBUG] [thread-id 1] - Store in: store the value 'Delivery' in the variable 'viewType'
2024-06-03 20:55:20.236 [DEBUG] [thread-id 1] - Validating fulfillment section Shipping
2024-06-03 20:55:22.519 [DEBUG] [thread-id 1] - Verify identifier: {//*[(@name="FulfillmentTitleView.titlePrefixLabel" or @name="FulfillmentSummaryView.titlePrefixLabel") and (contains(@label, "Shipping") or contains(@label, "shipping"))] | //*[@name="FulfillmentSummaryView.detailLabel" and contains(@label, "Shipping")]=[true]}
2024-06-03 20:55:22.524 [DEBUG] [thread-id 1] - Validated basic fulfillment details
2024-06-03 20:55:22.524 [DEBUG] [thread-id 1] - conditionally execute a flow. condition: true
2024-06-03 20:55:26.730 [DEBUG] [thread-id 1] - Verify identifier: {//*[(@name="FulfillmentTitleView.titlePrefixLabel" or @name="FulfillmentSummaryView.titlePrefixLabel") and (contains(@label, "Shipping") or contains(@label, "shipping"))]//ancestor::*[@name="DeliveryViewController.titleView" or @name="DeliveryViewController.titleViewHolder"]//following-sibling::*[@name="DeliveryViewController.containerView"]//*[@name="FulfillmentSummaryView.detailLabel"]=[true], //*[(@name="FulfillmentTitleView.titlePrefixLabel" or @name="FulfillmentSummaryView.titlePrefixLabel") and (contains(@label, "Shipping") or contains(@label, "shipping"))]//ancestor::*[@name="DeliveryViewController.titleView" or @name="DeliveryViewController.titleViewHolder"]//following-sibling::*[@name="DeliveryViewController.containerView"]//*[@name="FulfillmentProductGroupView.countLabel"] | //*[(@name="FulfillmentTitleView.titlePrefixLabel" or @name="FulfillmentSummaryView.titlePrefixLabel") and (contains(@label, "Shipping") or contains(@label, "shipping"))]//ancestor::*[@name="DeliveryViewController.titleView" or @name="DeliveryViewController.titleViewHolder"]//following-sibling::*[@name="DeliveryViewController.containerView"]//*[@name="FulfillmentProductGroupView.bodyLabel" and contains(@label,"item")]=[true], //*[(@name="FulfillmentTitleView.titlePrefixLabel" or @name="FulfillmentSummaryView.titlePrefixLabel") and (contains(@label, "Shipping") or contains(@label, "shipping"))]//ancestor::*[@name="DeliveryViewController.titleView" or @name="DeliveryViewController.titleViewHolder"]//following-sibling::*[@name="DeliveryViewController.containerView"]//*[@name="FulfillmentSummaryView.nameLabel"]=[true]}
2024-06-03 20:55:28.088 [DEBUG] [thread-id 1] - Validated fulfillment time, name, address, item count and view link details
2024-06-03 20:55:29.440 [WARN] [thread-id 1] - variable unscheduled was used, but r2 could not find a value for this variable. returning default of null
2024-06-03 20:55:29.440 [DEBUG] [thread-id 1] - conditionally execute a flow. condition: false
2024-06-03 20:55:30.768 [WARN] [thread-id 1] - variable expressSlot was used, but r2 could not find a value for this variable. returning default of null
2024-06-03 20:55:30.784 [DEBUG] [thread-id 1] - Store in: store the value 'null' in the variable 'altFulfillmentText'
2024-06-03 20:55:30.785 [DEBUG] [thread-id 1] - -----------Shipping section validation end-------------
2024-06-03 20:55:30.786 [DEBUG] [thread-id 1] - Executing function: 'us.functions.global.navigation.backNavigation'
2024-06-03 20:55:30.786 [DEBUG] [thread-id 1] - sleep:  3000 milliseconds
2024-06-03 20:55:37.789 [DEBUG] [thread-id 1] - Click element: '//XCUIElementTypeButton[@name="Back" or @label="Back"] | //XCUIElementTypeButton[@name="Shop"] | //XCUIElementTypeButton[@name="Home"]| //XCUIElementTypeButton[@name="Registries"] | //XCUIElementTypeButton[@name="My Items"] | //XCUIElementTypeNavigationBar[@name="Cart"]/XCUIElementTypeButton[contains(@name,"Search")]'
2024-06-03 20:55:38.473 [DEBUG] [thread-id 1] - Executing function: 'us.functions.checkout.handleCheckoutAlert'
2024-06-03 20:55:42.231 [DEBUG] [thread-id 1] - conditionally execute a flow. condition: true
2024-06-03 20:55:50.827 [DEBUG] [thread-id 1] - Click element: '//XCUIElementTypeButton[@name="ConfirmationViewController.confirmButton"]'
2024-06-03 20:55:51.616 [DEBUG] [thread-id 1] - Executing function: 'us.functions.cart.verifyCardDetails'
2024-06-03 20:55:51.617 [DEBUG] [thread-id 1] - Executing function: 'us.functions.utils.getFulfillmentTextsToCompare'
2024-06-03 20:55:51.617 [DEBUG] [thread-id 1] - conditionally execute a flow. condition: true
2024-06-03 20:55:57.457 [DEBUG] [thread-id 1] - conditionally execute a flow. condition: true
2024-06-03 20:56:04.366 [WARN] [thread-id 1] - variable newGIC was used, but r2 could not find a value for this variable. returning default of null
2024-06-03 20:56:04.366 [DEBUG] [thread-id 1] - conditionally execute a flow. condition: false
2024-06-03 20:56:11.100 [DEBUG] [thread-id 1] - Store in: store the value 'shipping' in the variable 'altFulfillmentText'
2024-06-03 20:56:11.114 [DEBUG] [thread-id 1] - -------Validate Shipping cart details function start-------
2024-06-03 20:56:11.114 [WARN] [thread-id 1] - variable initialCartDataSetup was used, but r2 could not find a value for this variable. returning default of null
2024-06-03 20:56:11.115 [DEBUG] [thread-id 1] - conditionally execute a flow. condition: true
2024-06-03 20:56:18.346 [DEBUG] [thread-id 1] - sleep:  3000 milliseconds
2024-06-03 20:56:35.405 [DEBUG] [thread-id 1] - conditionally execute a flow. condition: true
2024-06-03 20:56:42.386 [DEBUG] [thread-id 1] - Cart page displayed
2024-06-03 20:56:49.479 [WARN] [thread-id 1] - variable validationScope was used, but r2 could not find a value for this variable. returning default of null
2024-06-03 20:56:56.446 [DEBUG] [thread-id 1] - Store in: store the value 'complete' in the variable 'initialCartDataSetup'
2024-06-03 20:57:09.686 [DEBUG] [thread-id 1] - Verify identifier: {//XCUIElementTypeStaticText[@name="FulfillmentSummaryView.titlePrefixLabel" and (contains(@label,"Shipping") or contains(@label,"shipping"))]=[true]}
2024-06-03 20:57:09.715 [WARN] [thread-id 1] - variable validationScope was used, but r2 could not find a value for this variable. returning default of null
2024-06-03 20:57:09.715 [DEBUG] [thread-id 1] - conditionally execute a flow. condition: false
2024-06-03 20:57:16.700 [DEBUG] [thread-id 1] - Basic Shipping fulfillment section validation done
2024-06-03 20:57:16.705 [WARN] [thread-id 1] - variable unscheduled was used, but r2 could not find a value for this variable. returning default of null
2024-06-03 20:57:16.706 [WARN] [thread-id 1] - variable partialCheckout was used, but r2 could not find a value for this variable. returning default of null
2024-06-03 20:57:16.706 [DEBUG] [thread-id 1] - Store in: store the value 'null' in the variable 'altFulfillmentText'
2024-06-03 20:57:16.707 [DEBUG] [thread-id 1] - Store in: store the value 'null' in the variable 'validationScope'
2024-06-03 20:57:16.707 [DEBUG] [thread-id 1] - Store in: store the value 'false' in the variable 'unscheduled'
2024-06-03 20:57:16.707 [DEBUG] [thread-id 1] - Store in: store the value 'false' in the variable 'partialCheckout'
2024-06-03 20:57:16.708 [DEBUG] [thread-id 1] - -------Validate Shipping cart details function end-------
2024-06-03 20:57:16.708 [DEBUG] [thread-id 1] - Store in: store the value 'passed' in the variable 'testStatus'
2024-06-03 20:57:30.739 [DEBUG] [thread-id 1] - Executing scenario: 'After'
2024-06-03 20:57:30.739 [DEBUG] [thread-id 1] - Executing function: 'us.functions.utils.afterSteps'
2024-06-03 20:57:30.739 [DEBUG] [thread-id 1] - conditionally execute a flow. condition: true
2024-06-03 20:57:37.753 [DEBUG] [thread-id 1] - Test passed
2024-06-03 20:58:01.443 [DEBUG] [thread-id 1] - Created report: /Users/m0k0a2f/glass-automation/report/index.html
2024-06-03 21:04:32.138 [DEBUG] [thread-id 1] - Executing R2 4.0.0: '/Users/m0k0a2f/glass-automation/./us/e2e-tests/test-scripts/android/prod-flows/Ecomm-And-Fulfillment-Flows/cart-checkout-book-slot-flows/C2659242-sign-in-after-checkout.yaml' on device: 'Pixel_5_API_31'
2024-06-03 21:04:32.220 [INFO] [thread-id 1] - url: http://127.0.0.1:4723
2024-06-03 21:05:02.721 [ERROR] [thread-id 1] - error setting up appium session: 
org.openqa.selenium.SessionNotCreatedException: Could not start a new session. Response code 500. Message: An unknown server-side error occurred while processing the command. Original error: Neither ANDROID_HOME nor ANDROID_SDK_ROOT environment variable was exported. Read https://developer.android.com/studio/command-line/variables for more details 
Host info: host: 'm-xqkh4fwq5j', ip: 'fd00:f85b:3b8e:a30b:0:0:0:1265%en0'
Build info: version: '4.13.0', revision: 'ba948ece5b*'
System info: os.name: 'Mac OS X', os.arch: 'aarch64', os.version: '14.4.1', java.version: '20.0.1'
Driver info: io.appium.java_client.android.AndroidDriver
Command: [null, newSession {capabilities=[{appium:adbExecTimeout=50000, appium:app=/Users/m0k0a2f/glass-automation/us/app/glass.apk, appium:appActivity=com.walmart.glass.integration.AutomationActivity, appium:appPackage=com.walmart.android.debug, appium:appiumVersion=2.5.1, appium:automationName=UiAutomator2, appium:commandTimeout=600, appium:deviceName=Pixel_5_API_31, appium:fullReset=true, appium:idleTimeout=1000, appium:intentFlags=0, appium:name=C2659242-sign-in-after-checkout.yaml, appium:newCommandTimeout=600000, appium:noReset=false, appium:noSign=true, appium:optionalIntentArguments=--es glass.auto.ServiceEnv PRODUCTION, appium:orientation=PORTRAIT, appium:platformVersion=13.0, appium:public=share, platformName=ANDROID}], desiredCapabilities=Capabilities {appium:adbExecTimeout: 50000, appium:app: /Users/m0k0a2f/glass-automa..., appium:appActivity: com.walmart.glass.integrati..., appium:appPackage: com.walmart.android.debug, appium:appiumVersion: 2.5.1, appium:automationName: UiAutomator2, appium:commandTimeout: 600, appium:deviceName: Pixel_5_API_31, appium:fullReset: true, appium:idleTimeout: 1000, appium:intentFlags: 0, appium:name: C2659242-sign-in-after-chec..., appium:newCommandTimeout: 600000, appium:noReset: false, appium:noSign: true, appium:optionalIntentArguments: --es glass.auto.ServiceEnv ..., appium:orientation: PORTRAIT, appium:platformVersion: 13.0, appium:public: share, platformName: ANDROID}}]
Capabilities {appium:adbExecTimeout: 50000, appium:app: /Users/m0k0a2f/glass-automa..., appium:appActivity: com.walmart.glass.integrati..., appium:appPackage: com.walmart.android.debug, appium:appiumVersion: 2.5.1, appium:automationName: UiAutomator2, appium:commandTimeout: 600, appium:deviceName: Pixel_5_API_31, appium:fullReset: true, appium:idleTimeout: 1000, appium:intentFlags: 0, appium:name: C2659242-sign-in-after-chec..., appium:newCommandTimeout: 600000, appium:noReset: false, appium:noSign: true, appium:optionalIntentArguments: --es glass.auto.ServiceEnv ..., appium:orientation: PORTRAIT, appium:platformVersion: 13.0, appium:public: share, platformName: ANDROID}
	at org.openqa.selenium.remote.ProtocolHandshake.createSession(ProtocolHandshake.java:140) ~[r2.jar:4.0.0]
	at jdk.internal.reflect.DirectMethodHandleAccessor.invoke(DirectMethodHandleAccessor.java:104) ~[?:?]
	at java.lang.reflect.Method.invoke(Method.java:578) ~[?:?]
	at io.appium.java_client.remote.AppiumProtocolHandshake.createSession(AppiumProtocolHandshake.java:133) ~[r2.jar:4.0.0]
	at io.appium.java_client.remote.AppiumProtocolHandshake.createSession(AppiumProtocolHandshake.java:102) ~[r2.jar:4.0.0]
	at io.appium.java_client.remote.AppiumCommandExecutor.createSession(AppiumCommandExecutor.java:182) ~[r2.jar:4.0.0]
	at io.appium.java_client.remote.AppiumCommandExecutor.execute(AppiumCommandExecutor.java:250) ~[r2.jar:4.0.0]
	at org.openqa.selenium.remote.RemoteWebDriver.execute(RemoteWebDriver.java:602) ~[r2.jar:4.0.0]
	at io.appium.java_client.AppiumDriver.startSession(AppiumDriver.java:274) ~[r2.jar:4.0.0]
	at org.openqa.selenium.remote.RemoteWebDriver.<init>(RemoteWebDriver.java:163) ~[r2.jar:4.0.0]
	at io.appium.java_client.AppiumDriver.<init>(AppiumDriver.java:89) ~[r2.jar:4.0.0]
	at io.appium.java_client.AppiumDriver.<init>(AppiumDriver.java:101) ~[r2.jar:4.0.0]
	at io.appium.java_client.android.AndroidDriver.<init>(AndroidDriver.java:113) ~[r2.jar:4.0.0]
	at com.walmartlabs.executor.Appium.setupDriver(Appium.java:727) ~[r2.jar:4.0.0]
	at com.walmartlabs.executor.Appium.setupAppium(Appium.java:699) ~[r2.jar:4.0.0]
	at com.walmartlabs.executor.Executor.start(Executor.java:360) [r2.jar:4.0.0]
	at com.walmartlabs.executor.Executor.startExecution(Executor.java:188) [r2.jar:4.0.0]
	at com.walmartlabs.executor.MultipleConfigExecutor.executeConfig(MultipleConfigExecutor.java:319) [r2.jar:4.0.0]
	at com.walmartlabs.executor.MultipleConfigExecutor.start(MultipleConfigExecutor.java:146) [r2.jar:4.0.0]
	at com.walmartlabs.R2.start(R2.java:88) [r2.jar:4.0.0]
	at com.walmartlabs.R2.main(R2.java:133) [r2.jar:4.0.0]
2024-06-03 21:05:02.945 [DEBUG] [thread-id 1] - Created report: /Users/m0k0a2f/glass-automation/report/index.html
2024-06-03 21:07:57.855 [DEBUG] [thread-id 72] - Executing R2 4.0.0: '/Users/m0k0a2f/glass-automation/./us/e2e-tests/test-scripts/android/prod-flows/Ecomm-And-Fulfillment-Flows/cart-checkout-book-slot-flows/C2659242-sign-in-after-checkout.yaml' on device: 'Google Pixel 6 GoogleAPI Emulator'
2024-06-03 21:07:57.936 [INFO] [thread-id 72] - url: https://SAUCE_USERNAME:SAUCE_ACCESS_KEY@ondemand.us-west-1.saucelabs.com:443/wd/hub
2024-06-03 21:08:29.284 [ERROR] [thread-id 72] - error setting up appium session: 
org.openqa.selenium.SessionNotCreatedException: Could not start a new session. Response code 401. Message: failed serving request POST /wd/hub/session: Unauthorized 
Host info: host: 'm-xqkh4fwq5j', ip: 'fd00:f85b:3b8e:a30b:0:0:0:1265%en0'
Build info: version: '4.13.0', revision: 'ba948ece5b*'
System info: os.name: 'Mac OS X', os.arch: 'aarch64', os.version: '14.4.1', java.version: '20.0.1'
Driver info: io.appium.java_client.android.AndroidDriver
Command: [null, newSession {capabilities=[{appium:adbExecTimeout=50000, appium:app=/Users/m0k0a2f/glass-automation/SAUCE_APP, appium:appActivity=com.walmart.glass.integration.AutomationActivity, appium:appPackage=com.walmart.android.debug, appium:automationName=UiAutomator2, appium:commandTimeout=600, appium:deviceName=Google Pixel 6 GoogleAPI Emulator, appium:fullReset=true, appium:idleTimeout=1000, appium:intentFlags=0, appium:newCommandTimeout=600000, appium:noReset=false, appium:noSign=true, appium:optionalIntentArguments=--es glass.auto.ServiceEnv PROD, appium:orientation=PORTRAIT, appium:platformVersion=13.0, platformName=ANDROID, sauce:options={public=share, build=r2-glass-${APP_PLATFORM}-${TEST_TAGS}-${TEST_SESSION_ID}, appiumVersion=2.0.0-beta66, idleTimeout=1000, commandTimeout=600, name=C2659242-sign-in-after-checkout.yaml, deviceOrientation=PORTRAIT, maxDuration=3600}}], desiredCapabilities=Capabilities {appium:adbExecTimeout: 50000, appium:app: /Users/m0k0a2f/glass-automa..., appium:appActivity: com.walmart.glass.integrati..., appium:appPackage: com.walmart.android.debug, appium:automationName: UiAutomator2, appium:commandTimeout: 600, appium:deviceName: Google Pixel 6 GoogleAPI Em..., appium:fullReset: true, appium:idleTimeout: 1000, appium:intentFlags: 0, appium:newCommandTimeout: 600000, appium:noReset: false, appium:noSign: true, appium:optionalIntentArguments: --es glass.auto.ServiceEnv ..., appium:orientation: PORTRAIT, appium:platformVersion: 13.0, platformName: ANDROID, sauce:options: {appiumVersion: 2.0.0-beta66, build: r2-glass-${APP_PLATFORM}-${..., commandTimeout: 600, deviceOrientation: PORTRAIT, idleTimeout: 1000, maxDuration: 3600, name: C2659242-sign-in-after-chec..., public: share}}}]
Capabilities {appium:adbExecTimeout: 50000, appium:app: /Users/m0k0a2f/glass-automa..., appium:appActivity: com.walmart.glass.integrati..., appium:appPackage: com.walmart.android.debug, appium:automationName: UiAutomator2, appium:commandTimeout: 600, appium:deviceName: Google Pixel 6 GoogleAPI Em..., appium:fullReset: true, appium:idleTimeout: 1000, appium:intentFlags: 0, appium:newCommandTimeout: 600000, appium:noReset: false, appium:noSign: true, appium:optionalIntentArguments: --es glass.auto.ServiceEnv ..., appium:orientation: PORTRAIT, appium:platformVersion: 13.0, platformName: ANDROID, sauce:options: {appiumVersion: 2.0.0-beta66, build: r2-glass-${APP_PLATFORM}-${..., commandTimeout: 600, deviceOrientation: PORTRAIT, idleTimeout: 1000, maxDuration: 3600, name: C2659242-sign-in-after-chec..., public: share}}
	at org.openqa.selenium.remote.ProtocolHandshake.createSession(ProtocolHandshake.java:140) ~[r2.jar:4.0.0]
	at jdk.internal.reflect.DirectMethodHandleAccessor.invoke(DirectMethodHandleAccessor.java:104) ~[?:?]
	at java.lang.reflect.Method.invoke(Method.java:578) ~[?:?]
	at io.appium.java_client.remote.AppiumProtocolHandshake.createSession(AppiumProtocolHandshake.java:133) ~[r2.jar:4.0.0]
	at io.appium.java_client.remote.AppiumProtocolHandshake.createSession(AppiumProtocolHandshake.java:102) ~[r2.jar:4.0.0]
	at io.appium.java_client.remote.AppiumCommandExecutor.createSession(AppiumCommandExecutor.java:182) ~[r2.jar:4.0.0]
	at io.appium.java_client.remote.AppiumCommandExecutor.execute(AppiumCommandExecutor.java:250) ~[r2.jar:4.0.0]
	at org.openqa.selenium.remote.RemoteWebDriver.execute(RemoteWebDriver.java:602) ~[r2.jar:4.0.0]
	at io.appium.java_client.AppiumDriver.startSession(AppiumDriver.java:274) ~[r2.jar:4.0.0]
	at org.openqa.selenium.remote.RemoteWebDriver.<init>(RemoteWebDriver.java:163) ~[r2.jar:4.0.0]
	at io.appium.java_client.AppiumDriver.<init>(AppiumDriver.java:89) ~[r2.jar:4.0.0]
	at io.appium.java_client.AppiumDriver.<init>(AppiumDriver.java:101) ~[r2.jar:4.0.0]
	at io.appium.java_client.android.AndroidDriver.<init>(AndroidDriver.java:113) ~[r2.jar:4.0.0]
	at com.walmartlabs.executor.Appium.setupDriver(Appium.java:727) ~[r2.jar:4.0.0]
	at com.walmartlabs.executor.Appium.setupAppium(Appium.java:699) ~[r2.jar:4.0.0]
	at com.walmartlabs.executor.Executor.start(Executor.java:360) ~[r2.jar:4.0.0]
	at com.walmartlabs.executor.Executor.startExecution(Executor.java:188) ~[r2.jar:4.0.0]
	at com.walmartlabs.executor.MultipleConfigExecutor.executeConfig(MultipleConfigExecutor.java:319) ~[r2.jar:4.0.0]
	at com.walmartlabs.executor.MultipleConfigExecutor.lambda$getCallable$3(MultipleConfigExecutor.java:727) ~[r2.jar:4.0.0]
	at java.util.concurrent.FutureTask.run(FutureTask.java:317) ~[?:?]
	at java.util.concurrent.ThreadPoolExecutor.runWorker(ThreadPoolExecutor.java:1144) ~[?:?]
	at java.util.concurrent.ThreadPoolExecutor$Worker.run(ThreadPoolExecutor.java:642) ~[?:?]
	at java.lang.Thread.run(Thread.java:1623) [?:?]
2024-06-03 21:08:29.350 [DEBUG] [thread-id 1] - Created report: /Users/m0k0a2f/glass-automation/report/index.html
2024-06-03 21:13:08.893 [DEBUG] [thread-id 1] - Executing R2 4.0.0: '/Users/m0k0a2f/glass-automation/./us/e2e-tests/test-scripts/android/prod-flows/Ecomm-And-Fulfillment-Flows/cart-checkout-book-slot-flows/C2659242-sign-in-after-checkout.yaml' on device: 'Pixel_5_API_31'
2024-06-03 21:13:09.058 [INFO] [thread-id 1] - url: http://127.0.0.1:4723
2024-06-03 21:13:39.695 [ERROR] [thread-id 1] - error setting up appium session: 
org.openqa.selenium.SessionNotCreatedException: Could not start a new session. Response code 500. Message: An unknown server-side error occurred while processing the command. Original error: Neither ANDROID_HOME nor ANDROID_SDK_ROOT environment variable was exported. Read https://developer.android.com/studio/command-line/variables for more details 
Host info: host: 'm-xqkh4fwq5j', ip: 'fd00:f85b:3b8e:a30b:0:0:0:1265%en0'
Build info: version: '4.13.0', revision: 'ba948ece5b*'
System info: os.name: 'Mac OS X', os.arch: 'aarch64', os.version: '14.4.1', java.version: '20.0.1'
Driver info: io.appium.java_client.android.AndroidDriver
Command: [null, newSession {capabilities=[{appium:adbExecTimeout=50000, appium:app=/Users/m0k0a2f/glass-automation/us/app/glass.apk, appium:appActivity=com.walmart.glass.integration.AutomationActivity, appium:appPackage=com.walmart.android.debug, appium:appiumVersion=2.5.1, appium:automationName=UiAutomator2, appium:commandTimeout=600, appium:deviceName=Pixel_5_API_31, appium:fullReset=true, appium:idleTimeout=1000, appium:intentFlags=0, appium:name=C2659242-sign-in-after-checkout.yaml, appium:newCommandTimeout=600000, appium:noReset=false, appium:noSign=true, appium:optionalIntentArguments=--es glass.auto.ServiceEnv PRODUCTION, appium:orientation=PORTRAIT, appium:platformVersion=13.0, appium:public=share, platformName=ANDROID}], desiredCapabilities=Capabilities {appium:adbExecTimeout: 50000, appium:app: /Users/m0k0a2f/glass-automa..., appium:appActivity: com.walmart.glass.integrati..., appium:appPackage: com.walmart.android.debug, appium:appiumVersion: 2.5.1, appium:automationName: UiAutomator2, appium:commandTimeout: 600, appium:deviceName: Pixel_5_API_31, appium:fullReset: true, appium:idleTimeout: 1000, appium:intentFlags: 0, appium:name: C2659242-sign-in-after-chec..., appium:newCommandTimeout: 600000, appium:noReset: false, appium:noSign: true, appium:optionalIntentArguments: --es glass.auto.ServiceEnv ..., appium:orientation: PORTRAIT, appium:platformVersion: 13.0, appium:public: share, platformName: ANDROID}}]
Capabilities {appium:adbExecTimeout: 50000, appium:app: /Users/m0k0a2f/glass-automa..., appium:appActivity: com.walmart.glass.integrati..., appium:appPackage: com.walmart.android.debug, appium:appiumVersion: 2.5.1, appium:automationName: UiAutomator2, appium:commandTimeout: 600, appium:deviceName: Pixel_5_API_31, appium:fullReset: true, appium:idleTimeout: 1000, appium:intentFlags: 0, appium:name: C2659242-sign-in-after-chec..., appium:newCommandTimeout: 600000, appium:noReset: false, appium:noSign: true, appium:optionalIntentArguments: --es glass.auto.ServiceEnv ..., appium:orientation: PORTRAIT, appium:platformVersion: 13.0, appium:public: share, platformName: ANDROID}
	at org.openqa.selenium.remote.ProtocolHandshake.createSession(ProtocolHandshake.java:140) ~[r2.jar:4.0.0]
	at jdk.internal.reflect.DirectMethodHandleAccessor.invoke(DirectMethodHandleAccessor.java:104) ~[?:?]
	at java.lang.reflect.Method.invoke(Method.java:578) ~[?:?]
	at io.appium.java_client.remote.AppiumProtocolHandshake.createSession(AppiumProtocolHandshake.java:133) ~[r2.jar:4.0.0]
	at io.appium.java_client.remote.AppiumProtocolHandshake.createSession(AppiumProtocolHandshake.java:102) ~[r2.jar:4.0.0]
	at io.appium.java_client.remote.AppiumCommandExecutor.createSession(AppiumCommandExecutor.java:182) ~[r2.jar:4.0.0]
	at io.appium.java_client.remote.AppiumCommandExecutor.execute(AppiumCommandExecutor.java:250) ~[r2.jar:4.0.0]
	at org.openqa.selenium.remote.RemoteWebDriver.execute(RemoteWebDriver.java:602) ~[r2.jar:4.0.0]
	at io.appium.java_client.AppiumDriver.startSession(AppiumDriver.java:274) ~[r2.jar:4.0.0]
	at org.openqa.selenium.remote.RemoteWebDriver.<init>(RemoteWebDriver.java:163) ~[r2.jar:4.0.0]
	at io.appium.java_client.AppiumDriver.<init>(AppiumDriver.java:89) ~[r2.jar:4.0.0]
	at io.appium.java_client.AppiumDriver.<init>(AppiumDriver.java:101) ~[r2.jar:4.0.0]
	at io.appium.java_client.android.AndroidDriver.<init>(AndroidDriver.java:113) ~[r2.jar:4.0.0]
	at com.walmartlabs.executor.Appium.setupDriver(Appium.java:727) ~[r2.jar:4.0.0]
	at com.walmartlabs.executor.Appium.setupAppium(Appium.java:699) ~[r2.jar:4.0.0]
	at com.walmartlabs.executor.Executor.start(Executor.java:360) [r2.jar:4.0.0]
	at com.walmartlabs.executor.Executor.startExecution(Executor.java:188) [r2.jar:4.0.0]
	at com.walmartlabs.executor.MultipleConfigExecutor.executeConfig(MultipleConfigExecutor.java:319) [r2.jar:4.0.0]
	at com.walmartlabs.executor.MultipleConfigExecutor.start(MultipleConfigExecutor.java:146) [r2.jar:4.0.0]
	at com.walmartlabs.R2.start(R2.java:88) [r2.jar:4.0.0]
	at com.walmartlabs.R2.main(R2.java:133) [r2.jar:4.0.0]
2024-06-03 21:13:40.183 [DEBUG] [thread-id 1] - Created report: /Users/m0k0a2f/glass-automation/report/index.html
2024-06-03 21:38:23.481 [DEBUG] [thread-id 1] - Executing R2 4.0.0: '/Users/m0k0a2f/glass-automation/./us/e2e-tests/test-scripts/android/prod-flows/Ecomm-And-Fulfillment-Flows/cart-checkout-book-slot-flows/C2659242-sign-in-after-checkout.yaml' on device: 'Pixel_5_API_31'
2024-06-03 21:38:23.564 [INFO] [thread-id 1] - url: http://127.0.0.1:4723
2024-06-03 21:38:54.010 [ERROR] [thread-id 1] - error setting up appium session: 
org.openqa.selenium.SessionNotCreatedException: Could not start a new session. Response code 500. Message: An unknown server-side error occurred while processing the command. Original error: Neither ANDROID_HOME nor ANDROID_SDK_ROOT environment variable was exported. Read https://developer.android.com/studio/command-line/variables for more details 
Host info: host: 'm-xqkh4fwq5j', ip: 'fd00:f85b:3b8e:a30b:0:0:0:1265%en0'
Build info: version: '4.13.0', revision: 'ba948ece5b*'
System info: os.name: 'Mac OS X', os.arch: 'aarch64', os.version: '14.4.1', java.version: '20.0.1'
Driver info: io.appium.java_client.android.AndroidDriver
Command: [null, newSession {capabilities=[{appium:adbExecTimeout=50000, appium:app=/Users/m0k0a2f/glass-automation/us/app/glass.apk, appium:appActivity=com.walmart.glass.integration.AutomationActivity, appium:appPackage=com.walmart.android.debug, appium:appiumVersion=2.5.1, appium:automationName=UiAutomator2, appium:commandTimeout=600, appium:deviceName=Pixel_5_API_31, appium:fullReset=true, appium:idleTimeout=1000, appium:intentFlags=0, appium:name=C2659242-sign-in-after-checkout.yaml, appium:newCommandTimeout=600000, appium:noReset=false, appium:noSign=true, appium:optionalIntentArguments=--es glass.auto.ServiceEnv PRODUCTION, appium:orientation=PORTRAIT, appium:platformVersion=13.0, appium:public=share, platformName=ANDROID}], desiredCapabilities=Capabilities {appium:adbExecTimeout: 50000, appium:app: /Users/m0k0a2f/glass-automa..., appium:appActivity: com.walmart.glass.integrati..., appium:appPackage: com.walmart.android.debug, appium:appiumVersion: 2.5.1, appium:automationName: UiAutomator2, appium:commandTimeout: 600, appium:deviceName: Pixel_5_API_31, appium:fullReset: true, appium:idleTimeout: 1000, appium:intentFlags: 0, appium:name: C2659242-sign-in-after-chec..., appium:newCommandTimeout: 600000, appium:noReset: false, appium:noSign: true, appium:optionalIntentArguments: --es glass.auto.ServiceEnv ..., appium:orientation: PORTRAIT, appium:platformVersion: 13.0, appium:public: share, platformName: ANDROID}}]
Capabilities {appium:adbExecTimeout: 50000, appium:app: /Users/m0k0a2f/glass-automa..., appium:appActivity: com.walmart.glass.integrati..., appium:appPackage: com.walmart.android.debug, appium:appiumVersion: 2.5.1, appium:automationName: UiAutomator2, appium:commandTimeout: 600, appium:deviceName: Pixel_5_API_31, appium:fullReset: true, appium:idleTimeout: 1000, appium:intentFlags: 0, appium:name: C2659242-sign-in-after-chec..., appium:newCommandTimeout: 600000, appium:noReset: false, appium:noSign: true, appium:optionalIntentArguments: --es glass.auto.ServiceEnv ..., appium:orientation: PORTRAIT, appium:platformVersion: 13.0, appium:public: share, platformName: ANDROID}
	at org.openqa.selenium.remote.ProtocolHandshake.createSession(ProtocolHandshake.java:140) ~[r2.jar:4.0.0]
	at jdk.internal.reflect.DirectMethodHandleAccessor.invoke(DirectMethodHandleAccessor.java:104) ~[?:?]
	at java.lang.reflect.Method.invoke(Method.java:578) ~[?:?]
	at io.appium.java_client.remote.AppiumProtocolHandshake.createSession(AppiumProtocolHandshake.java:133) ~[r2.jar:4.0.0]
	at io.appium.java_client.remote.AppiumProtocolHandshake.createSession(AppiumProtocolHandshake.java:102) ~[r2.jar:4.0.0]
	at io.appium.java_client.remote.AppiumCommandExecutor.createSession(AppiumCommandExecutor.java:182) ~[r2.jar:4.0.0]
	at io.appium.java_client.remote.AppiumCommandExecutor.execute(AppiumCommandExecutor.java:250) ~[r2.jar:4.0.0]
	at org.openqa.selenium.remote.RemoteWebDriver.execute(RemoteWebDriver.java:602) ~[r2.jar:4.0.0]
	at io.appium.java_client.AppiumDriver.startSession(AppiumDriver.java:274) ~[r2.jar:4.0.0]
	at org.openqa.selenium.remote.RemoteWebDriver.<init>(RemoteWebDriver.java:163) ~[r2.jar:4.0.0]
	at io.appium.java_client.AppiumDriver.<init>(AppiumDriver.java:89) ~[r2.jar:4.0.0]
	at io.appium.java_client.AppiumDriver.<init>(AppiumDriver.java:101) ~[r2.jar:4.0.0]
	at io.appium.java_client.android.AndroidDriver.<init>(AndroidDriver.java:113) ~[r2.jar:4.0.0]
	at com.walmartlabs.executor.Appium.setupDriver(Appium.java:727) ~[r2.jar:4.0.0]
	at com.walmartlabs.executor.Appium.setupAppium(Appium.java:699) ~[r2.jar:4.0.0]
	at com.walmartlabs.executor.Executor.start(Executor.java:360) [r2.jar:4.0.0]
	at com.walmartlabs.executor.Executor.startExecution(Executor.java:188) [r2.jar:4.0.0]
	at com.walmartlabs.executor.MultipleConfigExecutor.executeConfig(MultipleConfigExecutor.java:319) [r2.jar:4.0.0]
	at com.walmartlabs.executor.MultipleConfigExecutor.start(MultipleConfigExecutor.java:146) [r2.jar:4.0.0]
	at com.walmartlabs.R2.start(R2.java:88) [r2.jar:4.0.0]
	at com.walmartlabs.R2.main(R2.java:133) [r2.jar:4.0.0]
2024-06-03 21:38:54.264 [DEBUG] [thread-id 1] - Created report: /Users/m0k0a2f/glass-automation/report/index.html
2024-06-03 21:53:41.106 [DEBUG] [thread-id 1] - Executing R2 4.0.0: '/Users/m0k0a2f/glass-automation/./us/e2e-tests/test-scripts/android/prod-flows/Ecomm-And-Fulfillment-Flows/cart-checkout-book-slot-flows/C2659242-sign-in-after-checkout.yaml' on device: 'Pixel_5_API_31'
2024-06-03 21:53:41.286 [INFO] [thread-id 1] - url: http://127.0.0.1:4723
2024-06-03 21:54:11.735 [ERROR] [thread-id 1] - error setting up appium session: 
org.openqa.selenium.SessionNotCreatedException: Could not start a new session. Response code 500. Message: An unknown server-side error occurred while processing the command. Original error: Neither ANDROID_HOME nor ANDROID_SDK_ROOT environment variable was exported. Read https://developer.android.com/studio/command-line/variables for more details 
Host info: host: 'm-xqkh4fwq5j', ip: 'fd00:f85b:3b8e:a30b:0:0:0:1265%en0'
Build info: version: '4.13.0', revision: 'ba948ece5b*'
System info: os.name: 'Mac OS X', os.arch: 'aarch64', os.version: '14.4.1', java.version: '20.0.1'
Driver info: io.appium.java_client.android.AndroidDriver
Command: [null, newSession {capabilities=[{appium:adbExecTimeout=50000, appium:app=/Users/m0k0a2f/glass-automation/us/app/glass.apk, appium:appActivity=com.walmart.glass.integration.AutomationActivity, appium:appPackage=com.walmart.android.debug, appium:appiumVersion=2.5.1, appium:automationName=UiAutomator2, appium:commandTimeout=600, appium:deviceName=Pixel_5_API_31, appium:fullReset=true, appium:idleTimeout=1000, appium:intentFlags=0, appium:name=C2659242-sign-in-after-checkout.yaml, appium:newCommandTimeout=600000, appium:noReset=false, appium:noSign=true, appium:optionalIntentArguments=--es glass.auto.ServiceEnv PRODUCTION, appium:orientation=PORTRAIT, appium:platformVersion=13.0, appium:public=share, platformName=ANDROID}], desiredCapabilities=Capabilities {appium:adbExecTimeout: 50000, appium:app: /Users/m0k0a2f/glass-automa..., appium:appActivity: com.walmart.glass.integrati..., appium:appPackage: com.walmart.android.debug, appium:appiumVersion: 2.5.1, appium:automationName: UiAutomator2, appium:commandTimeout: 600, appium:deviceName: Pixel_5_API_31, appium:fullReset: true, appium:idleTimeout: 1000, appium:intentFlags: 0, appium:name: C2659242-sign-in-after-chec..., appium:newCommandTimeout: 600000, appium:noReset: false, appium:noSign: true, appium:optionalIntentArguments: --es glass.auto.ServiceEnv ..., appium:orientation: PORTRAIT, appium:platformVersion: 13.0, appium:public: share, platformName: ANDROID}}]
Capabilities {appium:adbExecTimeout: 50000, appium:app: /Users/m0k0a2f/glass-automa..., appium:appActivity: com.walmart.glass.integrati..., appium:appPackage: com.walmart.android.debug, appium:appiumVersion: 2.5.1, appium:automationName: UiAutomator2, appium:commandTimeout: 600, appium:deviceName: Pixel_5_API_31, appium:fullReset: true, appium:idleTimeout: 1000, appium:intentFlags: 0, appium:name: C2659242-sign-in-after-chec..., appium:newCommandTimeout: 600000, appium:noReset: false, appium:noSign: true, appium:optionalIntentArguments: --es glass.auto.ServiceEnv ..., appium:orientation: PORTRAIT, appium:platformVersion: 13.0, appium:public: share, platformName: ANDROID}
	at org.openqa.selenium.remote.ProtocolHandshake.createSession(ProtocolHandshake.java:140) ~[r2.jar:4.0.0]
	at jdk.internal.reflect.DirectMethodHandleAccessor.invoke(DirectMethodHandleAccessor.java:104) ~[?:?]
	at java.lang.reflect.Method.invoke(Method.java:578) ~[?:?]
	at io.appium.java_client.remote.AppiumProtocolHandshake.createSession(AppiumProtocolHandshake.java:133) ~[r2.jar:4.0.0]
	at io.appium.java_client.remote.AppiumProtocolHandshake.createSession(AppiumProtocolHandshake.java:102) ~[r2.jar:4.0.0]
	at io.appium.java_client.remote.AppiumCommandExecutor.createSession(AppiumCommandExecutor.java:182) ~[r2.jar:4.0.0]
	at io.appium.java_client.remote.AppiumCommandExecutor.execute(AppiumCommandExecutor.java:250) ~[r2.jar:4.0.0]
	at org.openqa.selenium.remote.RemoteWebDriver.execute(RemoteWebDriver.java:602) ~[r2.jar:4.0.0]
	at io.appium.java_client.AppiumDriver.startSession(AppiumDriver.java:274) ~[r2.jar:4.0.0]
	at org.openqa.selenium.remote.RemoteWebDriver.<init>(RemoteWebDriver.java:163) ~[r2.jar:4.0.0]
	at io.appium.java_client.AppiumDriver.<init>(AppiumDriver.java:89) ~[r2.jar:4.0.0]
	at io.appium.java_client.AppiumDriver.<init>(AppiumDriver.java:101) ~[r2.jar:4.0.0]
	at io.appium.java_client.android.AndroidDriver.<init>(AndroidDriver.java:113) ~[r2.jar:4.0.0]
	at com.walmartlabs.executor.Appium.setupDriver(Appium.java:727) ~[r2.jar:4.0.0]
	at com.walmartlabs.executor.Appium.setupAppium(Appium.java:699) ~[r2.jar:4.0.0]
	at com.walmartlabs.executor.Executor.start(Executor.java:360) [r2.jar:4.0.0]
	at com.walmartlabs.executor.Executor.startExecution(Executor.java:188) [r2.jar:4.0.0]
	at com.walmartlabs.executor.MultipleConfigExecutor.executeConfig(MultipleConfigExecutor.java:319) [r2.jar:4.0.0]
	at com.walmartlabs.executor.MultipleConfigExecutor.start(MultipleConfigExecutor.java:146) [r2.jar:4.0.0]
	at com.walmartlabs.R2.start(R2.java:88) [r2.jar:4.0.0]
	at com.walmartlabs.R2.main(R2.java:133) [r2.jar:4.0.0]
2024-06-03 21:54:12.015 [DEBUG] [thread-id 1] - Created report: /Users/m0k0a2f/glass-automation/report/index.html
2024-06-03 22:00:15.014 [DEBUG] [thread-id 1] - Executing R2 4.0.0: '/Users/m0k0a2f/glass-automation/./us/e2e-tests/test-scripts/android/prod-flows/Ecomm-And-Fulfillment-Flows/cart-checkout-book-slot-flows/C2659242-sign-in-after-checkout.yaml' on device: 'Pixel_5_API_31'
2024-06-03 22:00:15.126 [INFO] [thread-id 1] - url: http://127.0.0.1:4723
2024-06-03 22:00:45.481 [ERROR] [thread-id 1] - error setting up appium session: 
org.openqa.selenium.SessionNotCreatedException: Could not start a new session. Response code 500. Message: An unknown server-side error occurred while processing the command. Original error: Neither ANDROID_HOME nor ANDROID_SDK_ROOT environment variable was exported. Read https://developer.android.com/studio/command-line/variables for more details 
Host info: host: 'm-xqkh4fwq5j', ip: 'fd00:f85b:3b8e:a30b:0:0:0:1265%en0'
Build info: version: '4.13.0', revision: 'ba948ece5b*'
System info: os.name: 'Mac OS X', os.arch: 'aarch64', os.version: '14.4.1', java.version: '20.0.1'
Driver info: io.appium.java_client.android.AndroidDriver
Command: [null, newSession {capabilities=[{appium:adbExecTimeout=50000, appium:app=/Users/m0k0a2f/glass-automation/us/app/glass.apk, appium:appActivity=com.walmart.glass.integration.AutomationActivity, appium:appPackage=com.walmart.android.debug, appium:appiumVersion=2.5.1, appium:automationName=UiAutomator2, appium:commandTimeout=600, appium:deviceName=Pixel_5_API_31, appium:fullReset=true, appium:idleTimeout=1000, appium:intentFlags=0, appium:name=C2659242-sign-in-after-checkout.yaml, appium:newCommandTimeout=600000, appium:noReset=false, appium:noSign=true, appium:optionalIntentArguments=--es glass.auto.ServiceEnv PRODUCTION, appium:orientation=PORTRAIT, appium:platformVersion=13.0, appium:public=share, platformName=ANDROID}], desiredCapabilities=Capabilities {appium:adbExecTimeout: 50000, appium:app: /Users/m0k0a2f/glass-automa..., appium:appActivity: com.walmart.glass.integrati..., appium:appPackage: com.walmart.android.debug, appium:appiumVersion: 2.5.1, appium:automationName: UiAutomator2, appium:commandTimeout: 600, appium:deviceName: Pixel_5_API_31, appium:fullReset: true, appium:idleTimeout: 1000, appium:intentFlags: 0, appium:name: C2659242-sign-in-after-chec..., appium:newCommandTimeout: 600000, appium:noReset: false, appium:noSign: true, appium:optionalIntentArguments: --es glass.auto.ServiceEnv ..., appium:orientation: PORTRAIT, appium:platformVersion: 13.0, appium:public: share, platformName: ANDROID}}]
Capabilities {appium:adbExecTimeout: 50000, appium:app: /Users/m0k0a2f/glass-automa..., appium:appActivity: com.walmart.glass.integrati..., appium:appPackage: com.walmart.android.debug, appium:appiumVersion: 2.5.1, appium:automationName: UiAutomator2, appium:commandTimeout: 600, appium:deviceName: Pixel_5_API_31, appium:fullReset: true, appium:idleTimeout: 1000, appium:intentFlags: 0, appium:name: C2659242-sign-in-after-chec..., appium:newCommandTimeout: 600000, appium:noReset: false, appium:noSign: true, appium:optionalIntentArguments: --es glass.auto.ServiceEnv ..., appium:orientation: PORTRAIT, appium:platformVersion: 13.0, appium:public: share, platformName: ANDROID}
	at org.openqa.selenium.remote.ProtocolHandshake.createSession(ProtocolHandshake.java:140) ~[r2.jar:4.0.0]
	at jdk.internal.reflect.DirectMethodHandleAccessor.invoke(DirectMethodHandleAccessor.java:104) ~[?:?]
	at java.lang.reflect.Method.invoke(Method.java:578) ~[?:?]
	at io.appium.java_client.remote.AppiumProtocolHandshake.createSession(AppiumProtocolHandshake.java:133) ~[r2.jar:4.0.0]
	at io.appium.java_client.remote.AppiumProtocolHandshake.createSession(AppiumProtocolHandshake.java:102) ~[r2.jar:4.0.0]
	at io.appium.java_client.remote.AppiumCommandExecutor.createSession(AppiumCommandExecutor.java:182) ~[r2.jar:4.0.0]
	at io.appium.java_client.remote.AppiumCommandExecutor.execute(AppiumCommandExecutor.java:250) ~[r2.jar:4.0.0]
	at org.openqa.selenium.remote.RemoteWebDriver.execute(RemoteWebDriver.java:602) ~[r2.jar:4.0.0]
	at io.appium.java_client.AppiumDriver.startSession(AppiumDriver.java:274) ~[r2.jar:4.0.0]
	at org.openqa.selenium.remote.RemoteWebDriver.<init>(RemoteWebDriver.java:163) ~[r2.jar:4.0.0]
	at io.appium.java_client.AppiumDriver.<init>(AppiumDriver.java:89) ~[r2.jar:4.0.0]
	at io.appium.java_client.AppiumDriver.<init>(AppiumDriver.java:101) ~[r2.jar:4.0.0]
	at io.appium.java_client.android.AndroidDriver.<init>(AndroidDriver.java:113) ~[r2.jar:4.0.0]
	at com.walmartlabs.executor.Appium.setupDriver(Appium.java:727) ~[r2.jar:4.0.0]
	at com.walmartlabs.executor.Appium.setupAppium(Appium.java:699) ~[r2.jar:4.0.0]
	at com.walmartlabs.executor.Executor.start(Executor.java:360) [r2.jar:4.0.0]
	at com.walmartlabs.executor.Executor.startExecution(Executor.java:188) [r2.jar:4.0.0]
	at com.walmartlabs.executor.MultipleConfigExecutor.executeConfig(MultipleConfigExecutor.java:319) [r2.jar:4.0.0]
	at com.walmartlabs.executor.MultipleConfigExecutor.start(MultipleConfigExecutor.java:146) [r2.jar:4.0.0]
	at com.walmartlabs.R2.start(R2.java:88) [r2.jar:4.0.0]
	at com.walmartlabs.R2.main(R2.java:133) [r2.jar:4.0.0]
2024-06-03 22:00:45.740 [DEBUG] [thread-id 1] - Created report: /Users/m0k0a2f/glass-automation/report/index.html
2024-06-03 22:12:05.030 [DEBUG] [thread-id 1] - Executing R2 4.0.0: '/Users/m0k0a2f/glass-automation/./us/e2e-tests/test-scripts/android/prod-flows/Ecomm-And-Fulfillment-Flows/cart-checkout-book-slot-flows/C2659242-sign-in-after-checkout.yaml' on device: 'Pixel_5_API_31'
2024-06-03 22:12:05.146 [INFO] [thread-id 1] - url: http://127.0.0.1:4723
2024-06-03 22:12:35.428 [ERROR] [thread-id 1] - error setting up appium session: 
org.openqa.selenium.SessionNotCreatedException: Could not start a new session. Response code 500. Message: An unknown server-side error occurred while processing the command. Original error: Neither ANDROID_HOME nor ANDROID_SDK_ROOT environment variable was exported. Read https://developer.android.com/studio/command-line/variables for more details 
Host info: host: 'm-xqkh4fwq5j', ip: 'fd00:f85b:3b8e:a30b:0:0:0:1265%en0'
Build info: version: '4.13.0', revision: 'ba948ece5b*'
System info: os.name: 'Mac OS X', os.arch: 'aarch64', os.version: '14.4.1', java.version: '20.0.1'
Driver info: io.appium.java_client.android.AndroidDriver
Command: [null, newSession {capabilities=[{appium:adbExecTimeout=50000, appium:app=/Users/m0k0a2f/glass-automation/us/app/glass.apk, appium:appActivity=com.walmart.glass.integration.AutomationActivity, appium:appPackage=com.walmart.android.debug, appium:appiumVersion=2.5.1, appium:automationName=UiAutomator2, appium:commandTimeout=600, appium:deviceName=Pixel_5_API_31, appium:fullReset=true, appium:idleTimeout=1000, appium:intentFlags=0, appium:name=C2659242-sign-in-after-checkout.yaml, appium:newCommandTimeout=600000, appium:noReset=false, appium:noSign=true, appium:optionalIntentArguments=--es glass.auto.ServiceEnv PRODUCTION, appium:orientation=PORTRAIT, appium:platformVersion=13.0, appium:public=share, platformName=ANDROID}], desiredCapabilities=Capabilities {appium:adbExecTimeout: 50000, appium:app: /Users/m0k0a2f/glass-automa..., appium:appActivity: com.walmart.glass.integrati..., appium:appPackage: com.walmart.android.debug, appium:appiumVersion: 2.5.1, appium:automationName: UiAutomator2, appium:commandTimeout: 600, appium:deviceName: Pixel_5_API_31, appium:fullReset: true, appium:idleTimeout: 1000, appium:intentFlags: 0, appium:name: C2659242-sign-in-after-chec..., appium:newCommandTimeout: 600000, appium:noReset: false, appium:noSign: true, appium:optionalIntentArguments: --es glass.auto.ServiceEnv ..., appium:orientation: PORTRAIT, appium:platformVersion: 13.0, appium:public: share, platformName: ANDROID}}]
Capabilities {appium:adbExecTimeout: 50000, appium:app: /Users/m0k0a2f/glass-automa..., appium:appActivity: com.walmart.glass.integrati..., appium:appPackage: com.walmart.android.debug, appium:appiumVersion: 2.5.1, appium:automationName: UiAutomator2, appium:commandTimeout: 600, appium:deviceName: Pixel_5_API_31, appium:fullReset: true, appium:idleTimeout: 1000, appium:intentFlags: 0, appium:name: C2659242-sign-in-after-chec..., appium:newCommandTimeout: 600000, appium:noReset: false, appium:noSign: true, appium:optionalIntentArguments: --es glass.auto.ServiceEnv ..., appium:orientation: PORTRAIT, appium:platformVersion: 13.0, appium:public: share, platformName: ANDROID}
	at org.openqa.selenium.remote.ProtocolHandshake.createSession(ProtocolHandshake.java:140) ~[r2.jar:4.0.0]
	at jdk.internal.reflect.DirectMethodHandleAccessor.invoke(DirectMethodHandleAccessor.java:104) ~[?:?]
	at java.lang.reflect.Method.invoke(Method.java:578) ~[?:?]
	at io.appium.java_client.remote.AppiumProtocolHandshake.createSession(AppiumProtocolHandshake.java:133) ~[r2.jar:4.0.0]
	at io.appium.java_client.remote.AppiumProtocolHandshake.createSession(AppiumProtocolHandshake.java:102) ~[r2.jar:4.0.0]
	at io.appium.java_client.remote.AppiumCommandExecutor.createSession(AppiumCommandExecutor.java:182) ~[r2.jar:4.0.0]
	at io.appium.java_client.remote.AppiumCommandExecutor.execute(AppiumCommandExecutor.java:250) ~[r2.jar:4.0.0]
	at org.openqa.selenium.remote.RemoteWebDriver.execute(RemoteWebDriver.java:602) ~[r2.jar:4.0.0]
	at io.appium.java_client.AppiumDriver.startSession(AppiumDriver.java:274) ~[r2.jar:4.0.0]
	at org.openqa.selenium.remote.RemoteWebDriver.<init>(RemoteWebDriver.java:163) ~[r2.jar:4.0.0]
	at io.appium.java_client.AppiumDriver.<init>(AppiumDriver.java:89) ~[r2.jar:4.0.0]
	at io.appium.java_client.AppiumDriver.<init>(AppiumDriver.java:101) ~[r2.jar:4.0.0]
	at io.appium.java_client.android.AndroidDriver.<init>(AndroidDriver.java:113) ~[r2.jar:4.0.0]
	at com.walmartlabs.executor.Appium.setupDriver(Appium.java:727) ~[r2.jar:4.0.0]
	at com.walmartlabs.executor.Appium.setupAppium(Appium.java:699) ~[r2.jar:4.0.0]
	at com.walmartlabs.executor.Executor.start(Executor.java:360) [r2.jar:4.0.0]
	at com.walmartlabs.executor.Executor.startExecution(Executor.java:188) [r2.jar:4.0.0]
	at com.walmartlabs.executor.MultipleConfigExecutor.executeConfig(MultipleConfigExecutor.java:319) [r2.jar:4.0.0]
	at com.walmartlabs.executor.MultipleConfigExecutor.start(MultipleConfigExecutor.java:146) [r2.jar:4.0.0]
	at com.walmartlabs.R2.start(R2.java:88) [r2.jar:4.0.0]
	at com.walmartlabs.R2.main(R2.java:133) [r2.jar:4.0.0]
2024-06-03 22:12:35.647 [DEBUG] [thread-id 1] - Created report: /Users/m0k0a2f/glass-automation/report/index.html
2024-06-03 22:14:58.634 [DEBUG] [thread-id 1] - Executing R2 4.0.0: '/Users/m0k0a2f/glass-automation/./us/e2e-tests/test-scripts/android/prod-flows/Ecomm-And-Fulfillment-Flows/cart-checkout-book-slot-flows/C2659242-sign-in-after-checkout.yaml' on device: 'Pixel_5_API_31'
2024-06-03 22:14:58.789 [INFO] [thread-id 1] - url: http://127.0.0.1:4723
2024-06-03 22:15:29.258 [ERROR] [thread-id 1] - error setting up appium session: 
org.openqa.selenium.SessionNotCreatedException: Could not start a new session. Response code 500. Message: An unknown server-side error occurred while processing the command. Original error: The Android SDK root folder 'Users/m0k0a2f/Library/Android/sdk' does not exist on the local file system. Read https://developer.android.com/studio/command-line/variables for more details 
Host info: host: 'm-xqkh4fwq5j', ip: 'fd00:f85b:3b8e:a30b:0:0:0:1265%en0'
Build info: version: '4.13.0', revision: 'ba948ece5b*'
System info: os.name: 'Mac OS X', os.arch: 'aarch64', os.version: '14.4.1', java.version: '20.0.1'
Driver info: io.appium.java_client.android.AndroidDriver
Command: [null, newSession {capabilities=[{appium:adbExecTimeout=50000, appium:app=/Users/m0k0a2f/glass-automation/us/app/glass.apk, appium:appActivity=com.walmart.glass.integration.AutomationActivity, appium:appPackage=com.walmart.android.debug, appium:appiumVersion=2.5.1, appium:automationName=UiAutomator2, appium:commandTimeout=600, appium:deviceName=Pixel_5_API_31, appium:fullReset=true, appium:idleTimeout=1000, appium:intentFlags=0, appium:name=C2659242-sign-in-after-checkout.yaml, appium:newCommandTimeout=600000, appium:noReset=false, appium:noSign=true, appium:optionalIntentArguments=--es glass.auto.ServiceEnv PRODUCTION, appium:orientation=PORTRAIT, appium:platformVersion=13.0, appium:public=share, platformName=ANDROID}], desiredCapabilities=Capabilities {appium:adbExecTimeout: 50000, appium:app: /Users/m0k0a2f/glass-automa..., appium:appActivity: com.walmart.glass.integrati..., appium:appPackage: com.walmart.android.debug, appium:appiumVersion: 2.5.1, appium:automationName: UiAutomator2, appium:commandTimeout: 600, appium:deviceName: Pixel_5_API_31, appium:fullReset: true, appium:idleTimeout: 1000, appium:intentFlags: 0, appium:name: C2659242-sign-in-after-chec..., appium:newCommandTimeout: 600000, appium:noReset: false, appium:noSign: true, appium:optionalIntentArguments: --es glass.auto.ServiceEnv ..., appium:orientation: PORTRAIT, appium:platformVersion: 13.0, appium:public: share, platformName: ANDROID}}]
Capabilities {appium:adbExecTimeout: 50000, appium:app: /Users/m0k0a2f/glass-automa..., appium:appActivity: com.walmart.glass.integrati..., appium:appPackage: com.walmart.android.debug, appium:appiumVersion: 2.5.1, appium:automationName: UiAutomator2, appium:commandTimeout: 600, appium:deviceName: Pixel_5_API_31, appium:fullReset: true, appium:idleTimeout: 1000, appium:intentFlags: 0, appium:name: C2659242-sign-in-after-chec..., appium:newCommandTimeout: 600000, appium:noReset: false, appium:noSign: true, appium:optionalIntentArguments: --es glass.auto.ServiceEnv ..., appium:orientation: PORTRAIT, appium:platformVersion: 13.0, appium:public: share, platformName: ANDROID}
	at org.openqa.selenium.remote.ProtocolHandshake.createSession(ProtocolHandshake.java:140) ~[r2.jar:4.0.0]
	at jdk.internal.reflect.DirectMethodHandleAccessor.invoke(DirectMethodHandleAccessor.java:104) ~[?:?]
	at java.lang.reflect.Method.invoke(Method.java:578) ~[?:?]
	at io.appium.java_client.remote.AppiumProtocolHandshake.createSession(AppiumProtocolHandshake.java:133) ~[r2.jar:4.0.0]
	at io.appium.java_client.remote.AppiumProtocolHandshake.createSession(AppiumProtocolHandshake.java:102) ~[r2.jar:4.0.0]
	at io.appium.java_client.remote.AppiumCommandExecutor.createSession(AppiumCommandExecutor.java:182) ~[r2.jar:4.0.0]
	at io.appium.java_client.remote.AppiumCommandExecutor.execute(AppiumCommandExecutor.java:250) ~[r2.jar:4.0.0]
	at org.openqa.selenium.remote.RemoteWebDriver.execute(RemoteWebDriver.java:602) ~[r2.jar:4.0.0]
	at io.appium.java_client.AppiumDriver.startSession(AppiumDriver.java:274) ~[r2.jar:4.0.0]
	at org.openqa.selenium.remote.RemoteWebDriver.<init>(RemoteWebDriver.java:163) ~[r2.jar:4.0.0]
	at io.appium.java_client.AppiumDriver.<init>(AppiumDriver.java:89) ~[r2.jar:4.0.0]
	at io.appium.java_client.AppiumDriver.<init>(AppiumDriver.java:101) ~[r2.jar:4.0.0]
	at io.appium.java_client.android.AndroidDriver.<init>(AndroidDriver.java:113) ~[r2.jar:4.0.0]
	at com.walmartlabs.executor.Appium.setupDriver(Appium.java:727) ~[r2.jar:4.0.0]
	at com.walmartlabs.executor.Appium.setupAppium(Appium.java:699) ~[r2.jar:4.0.0]
	at com.walmartlabs.executor.Executor.start(Executor.java:360) [r2.jar:4.0.0]
	at com.walmartlabs.executor.Executor.startExecution(Executor.java:188) [r2.jar:4.0.0]
	at com.walmartlabs.executor.MultipleConfigExecutor.executeConfig(MultipleConfigExecutor.java:319) [r2.jar:4.0.0]
	at com.walmartlabs.executor.MultipleConfigExecutor.start(MultipleConfigExecutor.java:146) [r2.jar:4.0.0]
	at com.walmartlabs.R2.start(R2.java:88) [r2.jar:4.0.0]
	at com.walmartlabs.R2.main(R2.java:133) [r2.jar:4.0.0]
2024-06-03 22:15:29.543 [DEBUG] [thread-id 1] - Created report: /Users/m0k0a2f/glass-automation/report/index.html
2024-06-03 22:22:23.208 [DEBUG] [thread-id 1] - Executing R2 4.0.0: '/Users/m0k0a2f/glass-automation/./us/e2e-tests/test-scripts/android/prod-flows/Ecomm-And-Fulfillment-Flows/cart-checkout-book-slot-flows/C2659242-sign-in-after-checkout.yaml' on device: 'Pixel_5_API_31'
2024-06-03 22:22:23.450 [INFO] [thread-id 1] - url: http://127.0.0.1:4723
2024-06-03 22:22:53.825 [ERROR] [thread-id 1] - error setting up appium session: 
org.openqa.selenium.SessionNotCreatedException: Could not start a new session. Response code 500. Message: An unknown server-side error occurred while processing the command. Original error: The Android SDK root folder 'Users/m0k0a2f/Library/Android/sdk' does not exist on the local file system. Read https://developer.android.com/studio/command-line/variables for more details 
Host info: host: 'm-xqkh4fwq5j', ip: 'fd00:f85b:3b8e:a30b:0:0:0:1265%en0'
Build info: version: '4.13.0', revision: 'ba948ece5b*'
System info: os.name: 'Mac OS X', os.arch: 'aarch64', os.version: '14.4.1', java.version: '20.0.1'
Driver info: io.appium.java_client.android.AndroidDriver
Command: [null, newSession {capabilities=[{appium:adbExecTimeout=50000, appium:app=/Users/m0k0a2f/glass-automation/us/app/glass.apk, appium:appActivity=com.walmart.glass.integration.AutomationActivity, appium:appPackage=com.walmart.android.debug, appium:appiumVersion=2.5.1, appium:automationName=UiAutomator2, appium:commandTimeout=600, appium:deviceName=Pixel_5_API_31, appium:fullReset=true, appium:idleTimeout=1000, appium:intentFlags=0, appium:name=C2659242-sign-in-after-checkout.yaml, appium:newCommandTimeout=600000, appium:noReset=false, appium:noSign=true, appium:optionalIntentArguments=--es glass.auto.ServiceEnv PRODUCTION, appium:orientation=PORTRAIT, appium:platformVersion=13.0, appium:public=share, platformName=ANDROID}], desiredCapabilities=Capabilities {appium:adbExecTimeout: 50000, appium:app: /Users/m0k0a2f/glass-automa..., appium:appActivity: com.walmart.glass.integrati..., appium:appPackage: com.walmart.android.debug, appium:appiumVersion: 2.5.1, appium:automationName: UiAutomator2, appium:commandTimeout: 600, appium:deviceName: Pixel_5_API_31, appium:fullReset: true, appium:idleTimeout: 1000, appium:intentFlags: 0, appium:name: C2659242-sign-in-after-chec..., appium:newCommandTimeout: 600000, appium:noReset: false, appium:noSign: true, appium:optionalIntentArguments: --es glass.auto.ServiceEnv ..., appium:orientation: PORTRAIT, appium:platformVersion: 13.0, appium:public: share, platformName: ANDROID}}]
Capabilities {appium:adbExecTimeout: 50000, appium:app: /Users/m0k0a2f/glass-automa..., appium:appActivity: com.walmart.glass.integrati..., appium:appPackage: com.walmart.android.debug, appium:appiumVersion: 2.5.1, appium:automationName: UiAutomator2, appium:commandTimeout: 600, appium:deviceName: Pixel_5_API_31, appium:fullReset: true, appium:idleTimeout: 1000, appium:intentFlags: 0, appium:name: C2659242-sign-in-after-chec..., appium:newCommandTimeout: 600000, appium:noReset: false, appium:noSign: true, appium:optionalIntentArguments: --es glass.auto.ServiceEnv ..., appium:orientation: PORTRAIT, appium:platformVersion: 13.0, appium:public: share, platformName: ANDROID}
	at org.openqa.selenium.remote.ProtocolHandshake.createSession(ProtocolHandshake.java:140) ~[r2.jar:4.0.0]
	at jdk.internal.reflect.DirectMethodHandleAccessor.invoke(DirectMethodHandleAccessor.java:104) ~[?:?]
	at java.lang.reflect.Method.invoke(Method.java:578) ~[?:?]
	at io.appium.java_client.remote.AppiumProtocolHandshake.createSession(AppiumProtocolHandshake.java:133) ~[r2.jar:4.0.0]
	at io.appium.java_client.remote.AppiumProtocolHandshake.createSession(AppiumProtocolHandshake.java:102) ~[r2.jar:4.0.0]
	at io.appium.java_client.remote.AppiumCommandExecutor.createSession(AppiumCommandExecutor.java:182) ~[r2.jar:4.0.0]
	at io.appium.java_client.remote.AppiumCommandExecutor.execute(AppiumCommandExecutor.java:250) ~[r2.jar:4.0.0]
	at org.openqa.selenium.remote.RemoteWebDriver.execute(RemoteWebDriver.java:602) ~[r2.jar:4.0.0]
	at io.appium.java_client.AppiumDriver.startSession(AppiumDriver.java:274) ~[r2.jar:4.0.0]
	at org.openqa.selenium.remote.RemoteWebDriver.<init>(RemoteWebDriver.java:163) ~[r2.jar:4.0.0]
	at io.appium.java_client.AppiumDriver.<init>(AppiumDriver.java:89) ~[r2.jar:4.0.0]
	at io.appium.java_client.AppiumDriver.<init>(AppiumDriver.java:101) ~[r2.jar:4.0.0]
	at io.appium.java_client.android.AndroidDriver.<init>(AndroidDriver.java:113) ~[r2.jar:4.0.0]
	at com.walmartlabs.executor.Appium.setupDriver(Appium.java:727) ~[r2.jar:4.0.0]
	at com.walmartlabs.executor.Appium.setupAppium(Appium.java:699) ~[r2.jar:4.0.0]
	at com.walmartlabs.executor.Executor.start(Executor.java:360) [r2.jar:4.0.0]
	at com.walmartlabs.executor.Executor.startExecution(Executor.java:188) [r2.jar:4.0.0]
	at com.walmartlabs.executor.MultipleConfigExecutor.executeConfig(MultipleConfigExecutor.java:319) [r2.jar:4.0.0]
	at com.walmartlabs.executor.MultipleConfigExecutor.start(MultipleConfigExecutor.java:146) [r2.jar:4.0.0]
	at com.walmartlabs.R2.start(R2.java:88) [r2.jar:4.0.0]
	at com.walmartlabs.R2.main(R2.java:133) [r2.jar:4.0.0]
2024-06-03 22:22:54.122 [DEBUG] [thread-id 1] - Created report: /Users/m0k0a2f/glass-automation/report/index.html
2024-06-03 22:28:39.277 [DEBUG] [thread-id 1] - Executing R2 4.0.0: '/Users/m0k0a2f/glass-automation/./us/e2e-tests/test-scripts/android/prod-flows/Ecomm-And-Fulfillment-Flows/cart-checkout-book-slot-flows/C2659242-sign-in-after-checkout.yaml' on device: 'Pixel_5_API_31'
2024-06-03 22:28:39.388 [INFO] [thread-id 1] - url: http://127.0.0.1:4723
2024-06-03 22:29:09.661 [ERROR] [thread-id 1] - error setting up appium session: 
org.openqa.selenium.SessionNotCreatedException: Could not start a new session. Response code 500. Message: An unknown server-side error occurred while processing the command. Original error: The Android SDK root folder 'Users/m0k0a2f/Library/Android/sdk' does not exist on the local file system. Read https://developer.android.com/studio/command-line/variables for more details 
Host info: host: 'm-xqkh4fwq5j', ip: 'fd00:f85b:3b8e:a30b:0:0:0:1265%en0'
Build info: version: '4.13.0', revision: 'ba948ece5b*'
System info: os.name: 'Mac OS X', os.arch: 'aarch64', os.version: '14.4.1', java.version: '20.0.1'
Driver info: io.appium.java_client.android.AndroidDriver
Command: [null, newSession {capabilities=[{appium:adbExecTimeout=50000, appium:app=/Users/m0k0a2f/glass-automation/us/app/glass.apk, appium:appActivity=com.walmart.glass.integration.AutomationActivity, appium:appPackage=com.walmart.android.debug, appium:appiumVersion=2.5.1, appium:automationName=UiAutomator2, appium:commandTimeout=600, appium:deviceName=Pixel_5_API_31, appium:fullReset=true, appium:idleTimeout=1000, appium:intentFlags=0, appium:name=C2659242-sign-in-after-checkout.yaml, appium:newCommandTimeout=600000, appium:noReset=false, appium:noSign=true, appium:optionalIntentArguments=--es glass.auto.ServiceEnv PRODUCTION, appium:orientation=PORTRAIT, appium:platformVersion=13.0, appium:public=share, platformName=ANDROID}], desiredCapabilities=Capabilities {appium:adbExecTimeout: 50000, appium:app: /Users/m0k0a2f/glass-automa..., appium:appActivity: com.walmart.glass.integrati..., appium:appPackage: com.walmart.android.debug, appium:appiumVersion: 2.5.1, appium:automationName: UiAutomator2, appium:commandTimeout: 600, appium:deviceName: Pixel_5_API_31, appium:fullReset: true, appium:idleTimeout: 1000, appium:intentFlags: 0, appium:name: C2659242-sign-in-after-chec..., appium:newCommandTimeout: 600000, appium:noReset: false, appium:noSign: true, appium:optionalIntentArguments: --es glass.auto.ServiceEnv ..., appium:orientation: PORTRAIT, appium:platformVersion: 13.0, appium:public: share, platformName: ANDROID}}]
Capabilities {appium:adbExecTimeout: 50000, appium:app: /Users/m0k0a2f/glass-automa..., appium:appActivity: com.walmart.glass.integrati..., appium:appPackage: com.walmart.android.debug, appium:appiumVersion: 2.5.1, appium:automationName: UiAutomator2, appium:commandTimeout: 600, appium:deviceName: Pixel_5_API_31, appium:fullReset: true, appium:idleTimeout: 1000, appium:intentFlags: 0, appium:name: C2659242-sign-in-after-chec..., appium:newCommandTimeout: 600000, appium:noReset: false, appium:noSign: true, appium:optionalIntentArguments: --es glass.auto.ServiceEnv ..., appium:orientation: PORTRAIT, appium:platformVersion: 13.0, appium:public: share, platformName: ANDROID}
	at org.openqa.selenium.remote.ProtocolHandshake.createSession(ProtocolHandshake.java:140) ~[r2.jar:4.0.0]
	at jdk.internal.reflect.DirectMethodHandleAccessor.invoke(DirectMethodHandleAccessor.java:104) ~[?:?]
	at java.lang.reflect.Method.invoke(Method.java:578) ~[?:?]
	at io.appium.java_client.remote.AppiumProtocolHandshake.createSession(AppiumProtocolHandshake.java:133) ~[r2.jar:4.0.0]
	at io.appium.java_client.remote.AppiumProtocolHandshake.createSession(AppiumProtocolHandshake.java:102) ~[r2.jar:4.0.0]
	at io.appium.java_client.remote.AppiumCommandExecutor.createSession(AppiumCommandExecutor.java:182) ~[r2.jar:4.0.0]
	at io.appium.java_client.remote.AppiumCommandExecutor.execute(AppiumCommandExecutor.java:250) ~[r2.jar:4.0.0]
	at org.openqa.selenium.remote.RemoteWebDriver.execute(RemoteWebDriver.java:602) ~[r2.jar:4.0.0]
	at io.appium.java_client.AppiumDriver.startSession(AppiumDriver.java:274) ~[r2.jar:4.0.0]
	at org.openqa.selenium.remote.RemoteWebDriver.<init>(RemoteWebDriver.java:163) ~[r2.jar:4.0.0]
	at io.appium.java_client.AppiumDriver.<init>(AppiumDriver.java:89) ~[r2.jar:4.0.0]
	at io.appium.java_client.AppiumDriver.<init>(AppiumDriver.java:101) ~[r2.jar:4.0.0]
	at io.appium.java_client.android.AndroidDriver.<init>(AndroidDriver.java:113) ~[r2.jar:4.0.0]
	at com.walmartlabs.executor.Appium.setupDriver(Appium.java:727) ~[r2.jar:4.0.0]
	at com.walmartlabs.executor.Appium.setupAppium(Appium.java:699) ~[r2.jar:4.0.0]
	at com.walmartlabs.executor.Executor.start(Executor.java:360) [r2.jar:4.0.0]
	at com.walmartlabs.executor.Executor.startExecution(Executor.java:188) [r2.jar:4.0.0]
	at com.walmartlabs.executor.MultipleConfigExecutor.executeConfig(MultipleConfigExecutor.java:319) [r2.jar:4.0.0]
	at com.walmartlabs.executor.MultipleConfigExecutor.start(MultipleConfigExecutor.java:146) [r2.jar:4.0.0]
	at com.walmartlabs.R2.start(R2.java:88) [r2.jar:4.0.0]
	at com.walmartlabs.R2.main(R2.java:133) [r2.jar:4.0.0]
2024-06-03 22:29:09.887 [DEBUG] [thread-id 1] - Created report: /Users/m0k0a2f/glass-automation/report/index.html
