2024-01-08 08:23:43.740 [DEBUG] [thread-id 1] - Executing R2 3.38.1: '/Users/m0k0a2f/glass-automation/./us/test/test-scripts/ios/prod-flows/Ecomm-And-Fulfillment-Flows/store-single-fulfillment-flows/C2644789-glass-sc-scheduled-delivery.yaml' on device: 'iPhone 14 Simulator'
2024-01-08 08:28:45.472 [DEBUG] [thread-id 1] - Executing scenario: 'Before'
2024-01-08 08:28:45.475 [DEBUG] [thread-id 1] - R2_SUBFLOW_PRE_TRANSACTION
2024-01-08 08:28:46.642 [DEBUG] [thread-id 1] - Using us-errors-helpers.yaml
2024-01-08 08:28:48.058 [DEBUG] [thread-id 1] - Start Main
2024-01-08 08:28:48.068 [DEBUG] [thread-id 1] - Executing function: 'us.functions.global.onboarding.navigateOnboardingToHome'
2024-01-08 08:28:48.073 [DEBUG] [thread-id 1] - Executing function: 'us.function.utils.getEnvironmentValue'
2024-01-08 08:28:48.074 [DEBUG] [thread-id 1] - Store in: store the value 'teflon' in the variable 'env'
2024-01-08 08:28:48.089 [DEBUG] [thread-id 1] - Welcome screen loaded
2024-01-08 08:28:48.091 [DEBUG] [thread-id 1] - Verify identifier: {SignUpNudgeWelcomeViewController.titleLabel=[true]}
2024-01-08 08:28:58.800 [DEBUG] [thread-id 1] - conditionally execute a flow. condition: false
2024-01-08 08:29:00.950 [DEBUG] [thread-id 1] - Click element: 'cta.cancel.welcome'
2024-01-08 08:29:07.386 [DEBUG] [thread-id 1] - Notifiction Prompt screen loaded
2024-01-08 08:29:09.188 [DEBUG] [thread-id 1] - Verify identifier: {NotificationPermissionViewController.titleLabel=[true]}
2024-01-08 08:29:09.586 [DEBUG] [thread-id 1] - Click element: 'cta.cancel.notifications'
2024-01-08 08:29:15.142 [DEBUG] [thread-id 1] - location screen loaded
2024-01-08 08:29:17.130 [DEBUG] [thread-id 1] - Verify identifier: {LocationPermissionViewController.titleLabel=[true], LocationPermissionViewController.bodyLabel=[true]}
2024-01-08 08:29:17.537 [DEBUG] [thread-id 1] - Click element: 'cta.cancel.location'
2024-01-08 08:29:24.513 [DEBUG] [thread-id 1] - Verify identifier: {label.postal-code-entry=[true]}
2024-01-08 08:29:24.820 [DEBUG] [thread-id 1] - Enter text: '95122'
2024-01-08 08:29:33.951 [DEBUG] [thread-id 1] - Click element: 'cta.continue'
2024-01-08 08:29:38.559 [DEBUG] [thread-id 1] - sleep:  3000 milliseconds
2024-01-08 08:29:41.566 [DEBUG] [thread-id 1] - loop: from 0 to 3
2024-01-08 08:29:46.659 [DEBUG] [thread-id 1] - 0
2024-01-08 08:29:59.533 [DEBUG] [thread-id 1] - conditionally execute a flow. condition: false
2024-01-08 08:30:12.351 [DEBUG] [thread-id 1] - Observed IDFA Sscreen
2024-01-08 08:30:13.587 [DEBUG] [thread-id 1] - conditionally execute a flow. condition: true
2024-01-08 08:30:14.815 [DEBUG] [thread-id 1] - Verify identifier: {ATTPermissionViewController.titleLabel=[true], ATTPermissionViewController.bodyLabel=[true]}
2024-01-08 08:30:16.417 [DEBUG] [thread-id 1] - Click element: 'cta.continue.location'
2024-01-08 08:30:34.163 [DEBUG] [thread-id 1] - Click element: '//XCUIElementTypeButton[@name="Ask App Not to Track"] | //XCUIElementTypeButton[@name="Solicitar a la app no rastrear"]'
2024-01-08 08:31:02.750 [DEBUG] [thread-id 1] - conditionally execute a flow. condition: false
2024-01-08 08:31:12.923 [DEBUG] [thread-id 1] - modal is not displayed
2024-01-08 08:31:18.061 [DEBUG] [thread-id 1] - conditionally execute a flow. condition: true
2024-01-08 08:31:32.246 [DEBUG] [thread-id 1] - Click element: '//XCUIElementTypeButton[@name="NudgeUpdateView.cancelButton"]'
2024-01-08 08:31:38.263 [DEBUG] [thread-id 1] - Executing function: 'us.functions.gic.collapseIfExpanded'
2024-01-08 08:31:51.066 [DEBUG] [thread-id 1] - Verify identifier: {//*[contains(@label,"Expanded")] | //*[contains(@name,"Expanded")]=[true]}
2024-01-08 08:31:54.353 [DEBUG] [thread-id 1] - Collapsing GIC screen
2024-01-08 08:31:58.949 [DEBUG] [thread-id 1] - Click element: '//*[contains(@label,"Expanded")] | //*[contains(@name,"Expanded")]'
2024-01-08 08:32:01.518 [DEBUG] [thread-id 1] - Executing function: 'us.functions.home.navigateHomeToSignIn'
2024-01-08 08:32:01.519 [DEBUG] [thread-id 1] - sleep:  3000 milliseconds
2024-01-08 08:32:18.302 [DEBUG] [thread-id 1] - Click element: 'tab-account-unselected'
2024-01-08 08:32:23.990 [DEBUG] [thread-id 1] - Verify identifier: {SignInYourAccountTableViewCell.signInButton=[true]}
2024-01-08 08:32:23.991 [DEBUG] [thread-id 1] - loop: from 1 to 3
2024-01-08 08:32:26.618 [DEBUG] [thread-id 1] - conditionally execute a flow. condition: true
2024-01-08 08:32:30.183 [DEBUG] [thread-id 1] - Click element: 'SignInYourAccountTableViewCell.signInButton'
2024-01-08 08:32:52.551 [DEBUG] [thread-id 1] - Verify identifier: {WelcomeView.emailField=[true]}
2024-01-08 08:33:02.276 [DEBUG] [thread-id 1] - Store in: store the value 'true' in the variable 'signInValidated'
2024-01-08 08:33:11.235 [DEBUG] [thread-id 1] - conditionally execute a flow. condition: true
2024-01-08 08:33:20.942 [DEBUG] [thread-id 1] - SignIn page loaded
2024-01-08 08:33:29.581 [DEBUG] [thread-id 1] - Store in: store the value 'false' in the variable 'signInValidated'
2024-01-08 08:33:29.685 [DEBUG] [thread-id 1] - Executing function: 'us.functions.global.authentication.signInAccount'
2024-01-08 08:33:37.200 [DEBUG] [thread-id 1] - Verify identifier: {WelcomeView.emailField=[true]}
2024-01-08 08:33:38.002 [DEBUG] [thread-id 1] - Enter text: 'us.data.prodtest.flow004.ios.email'
2024-01-08 08:33:48.651 [DEBUG] [thread-id 1] - Click element: 'WelcomeView.ctaButton'
2024-01-08 08:34:40.029 [DEBUG] [thread-id 1] - Main failed: Is not present: 'OTPView.passwordTextField'
2024-01-08 08:34:43.437 [DEBUG] [thread-id 1] - Executing scenario: 'After'
2024-01-08 08:34:43.441 [DEBUG] [thread-id 1] - Executing function: 'us.functions.utils.afterSteps'
2024-01-08 08:34:43.442 [WARN] [thread-id 1] - variable testStatus was used, but r2 could not find a value for this variable. returning default of null
2024-01-08 08:34:43.443 [DEBUG] [thread-id 1] - conditionally execute a flow. condition: false
2024-01-08 08:34:46.609 [DEBUG] [thread-id 1] - Test failed
2024-01-08 08:34:56.085 [DEBUG] [thread-id 1] - Created report: /Users/m0k0a2f/glass-automation/report/index.html
2024-01-08 09:04:33.905 [DEBUG] [thread-id 208] - Executing R2 3.38.1: '/Users/m0k0a2f/glass-automation/./us/test/test-scripts/ios/prod-flows/Ecomm-And-Fulfillment-Flows/store-single-fulfillment-flows/C2644789-glass-sc-scheduled-delivery.yaml' on device: 'iPhone 12'
2024-01-08 09:04:36.429 [DEBUG] [thread-id 1] - Created report: /Users/m0k0a2f/glass-automation/report/index.html
2024-01-08 09:37:40.333 [DEBUG] [thread-id 1] - Executing R2 3.38.1: '/Users/m0k0a2f/glass-automation/./us/test/test-scripts/ios/prod-flows/Ecomm-And-Fulfillment-Flows/store-single-fulfillment-flows/C2644789-glass-sc-scheduled-delivery.yaml' on device: 'iPhone 15 Simulator'
2024-01-08 09:37:44.654 [DEBUG] [thread-id 1] - Created report: /Users/m0k0a2f/glass-automation/report/index.html
2024-01-08 09:38:56.951 [DEBUG] [thread-id 1] - Executing R2 3.38.1: '/Users/m0k0a2f/glass-automation/./us/test/test-scripts/ios/prod-flows/Ecomm-And-Fulfillment-Flows/store-single-fulfillment-flows/C2644789-glass-sc-scheduled-delivery.yaml' on device: 'iPhone 14 Simulator'
2024-01-08 09:39:04.258 [DEBUG] [thread-id 1] - Created report: /Users/m0k0a2f/glass-automation/report/index.html
2024-01-08 09:40:47.995 [DEBUG] [thread-id 1] - Executing R2 3.38.1: '/Users/m0k0a2f/glass-automation/./us/test/test-scripts/ios/prod-flows/Ecomm-And-Fulfillment-Flows/store-single-fulfillment-flows/C2644789-glass-sc-scheduled-delivery.yaml' on device: 'iPhone 12 Simulator'
2024-01-08 09:43:33.249 [DEBUG] [thread-id 1] - Executing scenario: 'Before'
2024-01-08 09:43:33.252 [DEBUG] [thread-id 1] - R2_SUBFLOW_PRE_TRANSACTION
2024-01-08 09:43:33.965 [DEBUG] [thread-id 1] - Using us-errors-helpers.yaml
2024-01-08 09:43:34.656 [DEBUG] [thread-id 1] - Start Main
2024-01-08 09:43:34.661 [DEBUG] [thread-id 1] - Executing function: 'us.functions.global.onboarding.navigateOnboardingToHome'
2024-01-08 09:43:34.663 [DEBUG] [thread-id 1] - Executing function: 'us.function.utils.getEnvironmentValue'
2024-01-08 09:43:34.664 [DEBUG] [thread-id 1] - Store in: store the value 'teflon' in the variable 'env'
2024-01-08 09:43:34.679 [DEBUG] [thread-id 1] - Welcome screen loaded
2024-01-08 09:43:34.682 [DEBUG] [thread-id 1] - Verify identifier: {SignUpNudgeWelcomeViewController.titleLabel=[true]}
2024-01-08 09:43:44.710 [DEBUG] [thread-id 1] - conditionally execute a flow. condition: false
2024-01-08 09:43:45.555 [DEBUG] [thread-id 1] - Click element: 'cta.cancel.welcome'
2024-01-08 09:43:48.261 [DEBUG] [thread-id 1] - Notifiction Prompt screen loaded
2024-01-08 09:43:48.931 [DEBUG] [thread-id 1] - Verify identifier: {NotificationPermissionViewController.titleLabel=[true]}
2024-01-08 09:43:49.235 [DEBUG] [thread-id 1] - Click element: 'cta.cancel.notifications'
2024-01-08 09:43:52.216 [DEBUG] [thread-id 1] - location screen loaded
2024-01-08 09:43:53.054 [DEBUG] [thread-id 1] - Verify identifier: {LocationPermissionViewController.titleLabel=[true], LocationPermissionViewController.bodyLabel=[true]}
2024-01-08 09:43:53.393 [DEBUG] [thread-id 1] - Click element: 'cta.cancel.location'
2024-01-08 09:43:56.892 [DEBUG] [thread-id 1] - Verify identifier: {label.postal-code-entry=[true]}
2024-01-08 09:43:57.279 [DEBUG] [thread-id 1] - Enter text: '95122'
2024-01-08 09:44:04.551 [DEBUG] [thread-id 1] - Click element: 'cta.continue'
2024-01-08 09:44:07.891 [DEBUG] [thread-id 1] - sleep:  3000 milliseconds
2024-01-08 09:44:10.897 [DEBUG] [thread-id 1] - loop: from 0 to 3
2024-01-08 09:44:11.843 [DEBUG] [thread-id 1] - 0
2024-01-08 09:44:24.720 [DEBUG] [thread-id 1] - conditionally execute a flow. condition: false
2024-01-08 09:44:35.987 [DEBUG] [thread-id 1] - Observed IDFA Sscreen
2024-01-08 09:44:36.742 [DEBUG] [thread-id 1] - conditionally execute a flow. condition: true
2024-01-08 09:44:37.671 [DEBUG] [thread-id 1] - Verify identifier: {ATTPermissionViewController.titleLabel=[true], ATTPermissionViewController.bodyLabel=[true]}
2024-01-08 09:44:39.038 [DEBUG] [thread-id 1] - Click element: 'cta.continue.location'
2024-01-08 09:44:51.130 [DEBUG] [thread-id 1] - Click element: '//XCUIElementTypeButton[@name="Ask App Not to Track"] | //XCUIElementTypeButton[@name="Solicitar a la app no rastrear"]'
2024-01-08 09:45:08.894 [DEBUG] [thread-id 1] - conditionally execute a flow. condition: false
2024-01-08 09:45:11.848 [DEBUG] [thread-id 1] - modal is not displayed
2024-01-08 09:45:15.397 [DEBUG] [thread-id 1] - conditionally execute a flow. condition: true
2024-01-08 09:45:22.557 [DEBUG] [thread-id 1] - Click element: '//XCUIElementTypeButton[@name="NudgeUpdateView.cancelButton"]'
2024-01-08 09:45:27.075 [DEBUG] [thread-id 1] - Executing function: 'us.functions.gic.collapseIfExpanded'
2024-01-08 09:45:33.123 [DEBUG] [thread-id 1] - Verify identifier: {//*[contains(@label,"Expanded")] | //*[contains(@name,"Expanded")]=[true]}
2024-01-08 09:45:36.350 [DEBUG] [thread-id 1] - Collapsing GIC screen
2024-01-08 09:45:42.467 [DEBUG] [thread-id 1] - Click element: '//*[contains(@label,"Expanded")] | //*[contains(@name,"Expanded")]'
2024-01-08 09:45:47.250 [DEBUG] [thread-id 1] - Executing function: 'us.functions.home.navigateHomeToSignIn'
2024-01-08 09:45:47.251 [DEBUG] [thread-id 1] - sleep:  3000 milliseconds
2024-01-08 09:46:06.216 [DEBUG] [thread-id 1] - Click element: 'Account'
2024-01-08 09:46:11.957 [DEBUG] [thread-id 1] - Verify identifier: {SignInYourAccountTableViewCell.signInButton=[true]}
2024-01-08 09:46:11.957 [DEBUG] [thread-id 1] - loop: from 1 to 3
2024-01-08 09:46:13.817 [DEBUG] [thread-id 1] - conditionally execute a flow. condition: true
2024-01-08 09:46:16.197 [DEBUG] [thread-id 1] - Click element: 'SignInYourAccountTableViewCell.signInButton'
2024-01-08 09:46:28.022 [DEBUG] [thread-id 1] - Verify identifier: {WelcomeView.emailField=[true]}
2024-01-08 09:46:32.091 [DEBUG] [thread-id 1] - Store in: store the value 'true' in the variable 'signInValidated'
2024-01-08 09:46:36.555 [DEBUG] [thread-id 1] - conditionally execute a flow. condition: true
2024-01-08 09:46:40.744 [DEBUG] [thread-id 1] - SignIn page loaded
2024-01-08 09:46:44.753 [DEBUG] [thread-id 1] - Store in: store the value 'false' in the variable 'signInValidated'
2024-01-08 09:46:44.851 [DEBUG] [thread-id 1] - Executing function: 'us.functions.global.authentication.signInAccount'
2024-01-08 09:46:49.368 [DEBUG] [thread-id 1] - Verify identifier: {WelcomeView.emailField=[true]}
2024-01-08 09:46:50.145 [DEBUG] [thread-id 1] - Enter text: 'us.data.prodtest.flow004.ios.email'
2024-01-08 09:47:04.897 [DEBUG] [thread-id 1] - Click element: 'WelcomeView.ctaButton'
2024-01-08 09:47:57.960 [DEBUG] [thread-id 1] - Main failed: Is not present: 'OTPView.passwordTextField'
2024-01-08 09:48:00.585 [DEBUG] [thread-id 1] - Executing scenario: 'After'
2024-01-08 09:48:00.587 [DEBUG] [thread-id 1] - Executing function: 'us.functions.utils.afterSteps'
2024-01-08 09:48:00.588 [WARN] [thread-id 1] - variable testStatus was used, but r2 could not find a value for this variable. returning default of null
2024-01-08 09:48:00.590 [DEBUG] [thread-id 1] - conditionally execute a flow. condition: false
2024-01-08 09:48:02.818 [DEBUG] [thread-id 1] - Test failed
2024-01-08 09:48:09.705 [DEBUG] [thread-id 1] - Created report: /Users/m0k0a2f/glass-automation/report/index.html
2024-01-08 12:00:43.220 [DEBUG] [thread-id 1] - Executing R2 3.38.1: '/Users/m0k0a2f/glass-automation/./us/test/test-scripts/ios/prod-flows/Ecomm-And-Fulfillment-Flows/store-single-fulfillment-flows/C2644789-glass-sc-scheduled-delivery.yaml' on device: 'iPhone 12 Simulator'
2024-01-08 12:02:57.009 [DEBUG] [thread-id 1] - Created report: /Users/m0k0a2f/glass-automation/report/index.html
2024-01-08 12:06:10.261 [DEBUG] [thread-id 1] - Executing R2 3.38.1: '/Users/m0k0a2f/glass-automation/./us/test/test-scripts/ios/prod-flows/Ecomm-And-Fulfillment-Flows/store-single-fulfillment-flows/C2644789-glass-sc-scheduled-delivery.yaml' on device: 'iPhone 12 Simulator'
2024-01-08 12:08:37.966 [DEBUG] [thread-id 1] - Created report: /Users/m0k0a2f/glass-automation/report/index.html
2024-01-08 13:58:38.435 [DEBUG] [thread-id 1] - Executing R2 3.38.1: '/Users/m0k0a2f/glass-automation/./us/test/test-scripts/ios/prod-flows/Ecomm-And-Fulfillment-Flows/store-single-fulfillment-flows/C2644789-glass-sc-scheduled-delivery.yaml' on device: 'iPhone 12 Simulator'
2024-01-08 14:00:55.809 [DEBUG] [thread-id 1] - Created report: /Users/m0k0a2f/glass-automation/report/index.html
2024-01-08 14:25:35.326 [ERROR] [thread-id 1] - java.lang.NullPointerException: Cannot invoke "String.endsWith(String)" because the return value of "com.walmartlabs.data.dependencies.General.getApp()" is null
2024-01-08 14:26:08.599 [ERROR] [thread-id 1] - java.lang.NullPointerException: Cannot invoke "String.endsWith(String)" because the return value of "com.walmartlabs.data.dependencies.General.getApp()" is null
2024-01-08 14:27:24.658 [DEBUG] [thread-id 208] - Executing R2 3.38.1: '/Users/m0k0a2f/glass-automation/./us/test/test-scripts/ios/prod-flows/Ecomm-And-Fulfillment-Flows/store-single-fulfillment-flows/C2644789-glass-sc-scheduled-delivery.yaml' on device: 'iPhone 12'
2024-01-08 14:27:26.916 [DEBUG] [thread-id 1] - Created report: /Users/m0k0a2f/glass-automation/report/index.html
2024-01-08 14:28:29.203 [DEBUG] [thread-id 108] - Executing R2 3.38.1: '/Users/m0k0a2f/glass-automation/./us/test/test-scripts/ios/prod-flows/Ecomm-And-Fulfillment-Flows/store-single-fulfillment-flows/C2644789-glass-sc-scheduled-delivery.yaml' on device: 'iPhone 13 Simulator'
2024-01-08 14:28:31.324 [DEBUG] [thread-id 1] - Created report: /Users/m0k0a2f/glass-automation/report/index.html
2024-01-08 14:30:27.739 [DEBUG] [thread-id 108] - Executing R2 3.38.1: '/Users/m0k0a2f/glass-automation/./us/test/test-scripts/ios/prod-flows/Ecomm-And-Fulfillment-Flows/store-single-fulfillment-flows/C2644789-glass-sc-scheduled-delivery.yaml' on device: 'iPhone 13 Simulator'
2024-01-08 14:30:29.504 [DEBUG] [thread-id 1] - Created report: /Users/m0k0a2f/glass-automation/report/index.html
2024-01-08 14:32:35.054 [DEBUG] [thread-id 1] - Executing R2 3.38.1: '/Users/m0k0a2f/glass-automation/./us/test/test-scripts/ios/prod-flows/Ecomm-And-Fulfillment-Flows/store-single-fulfillment-flows/C2644789-glass-sc-scheduled-delivery.yaml' on device: 'iPhone 13 Simulator'
2024-01-08 14:34:39.449 [DEBUG] [thread-id 1] - Created report: /Users/m0k0a2f/glass-automation/report/index.html
2024-01-08 14:45:14.763 [DEBUG] [thread-id 1] - Executing R2 3.38.1: '/Users/m0k0a2f/glass-automation/./us/test/test-scripts/ios/prod-flows/Ecomm-And-Fulfillment-Flows/store-single-fulfillment-flows/C2644789-glass-sc-scheduled-delivery.yaml' on device: 'iPhone 14'
2024-01-08 14:46:37.953 [DEBUG] [thread-id 1] - Executing scenario: 'Before'
2024-01-08 14:46:37.955 [DEBUG] [thread-id 1] - R2_SUBFLOW_PRE_TRANSACTION
2024-01-08 14:46:38.098 [DEBUG] [thread-id 1] - Using us-errors-helpers.yaml
2024-01-08 14:46:38.242 [DEBUG] [thread-id 1] - Start Main
2024-01-08 14:46:38.245 [DEBUG] [thread-id 1] - Executing function: 'us.functions.global.onboarding.navigateOnboardingToHome'
2024-01-08 14:46:38.246 [DEBUG] [thread-id 1] - Executing function: 'us.function.utils.getEnvironmentValue'
2024-01-08 14:46:38.246 [DEBUG] [thread-id 1] - Store in: store the value 'production' in the variable 'env'
2024-01-08 14:46:38.254 [DEBUG] [thread-id 1] - Welcome screen loaded
2024-01-08 14:46:38.257 [DEBUG] [thread-id 1] - Verify identifier: {SignUpNudgeWelcomeViewController.titleLabel=[true]}
2024-01-08 14:46:48.343 [DEBUG] [thread-id 1] - conditionally execute a flow. condition: false
2024-01-08 14:46:48.517 [DEBUG] [thread-id 1] - Click element: 'cta.cancel.welcome'
2024-01-08 14:46:48.982 [DEBUG] [thread-id 1] - Notifiction Prompt screen loaded
2024-01-08 14:46:49.388 [DEBUG] [thread-id 1] - Verify identifier: {NotificationPermissionViewController.titleLabel=[true]}
2024-01-08 14:46:49.434 [DEBUG] [thread-id 1] - Click element: 'cta.cancel.notifications'
2024-01-08 14:46:49.864 [DEBUG] [thread-id 1] - location screen loaded
2024-01-08 14:46:50.041 [DEBUG] [thread-id 1] - Verify identifier: {LocationPermissionViewController.titleLabel=[true], LocationPermissionViewController.bodyLabel=[true]}
2024-01-08 14:46:50.085 [DEBUG] [thread-id 1] - Click element: 'cta.cancel.location'
2024-01-08 14:46:50.706 [DEBUG] [thread-id 1] - Verify identifier: {label.postal-code-entry=[true]}
2024-01-08 14:46:50.754 [DEBUG] [thread-id 1] - Enter text: '95122'
2024-01-08 14:46:52.474 [DEBUG] [thread-id 1] - Click element: 'cta.continue'
2024-01-08 14:46:52.970 [DEBUG] [thread-id 1] - sleep:  3000 milliseconds
2024-01-08 14:46:55.978 [DEBUG] [thread-id 1] - loop: from 0 to 3
2024-01-08 14:46:56.214 [DEBUG] [thread-id 1] - 0
2024-01-08 14:47:06.592 [DEBUG] [thread-id 1] - conditionally execute a flow. condition: false
2024-01-08 14:47:16.976 [DEBUG] [thread-id 1] - Observed IDFA Sscreen
2024-01-08 14:47:17.182 [DEBUG] [thread-id 1] - conditionally execute a flow. condition: true
2024-01-08 14:47:17.383 [DEBUG] [thread-id 1] - Verify identifier: {ATTPermissionViewController.titleLabel=[true], ATTPermissionViewController.bodyLabel=[true]}
2024-01-08 14:47:17.634 [DEBUG] [thread-id 1] - Click element: 'cta.continue.location'
2024-01-08 14:47:20.460 [DEBUG] [thread-id 1] - Click element: '//XCUIElementTypeButton[@name="Ask App Not to Track"] | //XCUIElementTypeButton[@name="Solicitar a la app no rastrear"]'
2024-01-08 14:47:31.594 [DEBUG] [thread-id 1] - conditionally execute a flow. condition: false
2024-01-08 14:47:32.318 [DEBUG] [thread-id 1] - modal is not displayed
2024-01-08 14:47:42.771 [DEBUG] [thread-id 1] - Executing function: 'us.functions.gic.collapseIfExpanded'
2024-01-08 14:47:44.509 [DEBUG] [thread-id 1] - GIC already collapsed
2024-01-08 14:47:44.518 [DEBUG] [thread-id 1] - Executing function: 'us.functions.home.navigateHomeToSignIn'
2024-01-08 14:47:44.518 [DEBUG] [thread-id 1] - sleep:  3000 milliseconds
2024-01-08 14:47:58.439 [DEBUG] [thread-id 1] - Click element: 'tab-account-unselected'
2024-01-08 14:47:59.599 [DEBUG] [thread-id 1] - Verify identifier: {SignInYourAccountTableViewCell.signInButton=[true]}
2024-01-08 14:47:59.600 [DEBUG] [thread-id 1] - loop: from 1 to 3
2024-01-08 14:48:00.108 [DEBUG] [thread-id 1] - conditionally execute a flow. condition: true
2024-01-08 14:48:00.706 [DEBUG] [thread-id 1] - Click element: 'SignInYourAccountTableViewCell.signInButton'
2024-01-08 14:48:04.015 [DEBUG] [thread-id 1] - Verify identifier: {WelcomeView.emailField=[true]}
2024-01-08 14:48:05.245 [DEBUG] [thread-id 1] - Store in: store the value 'true' in the variable 'signInValidated'
2024-01-08 14:48:06.457 [DEBUG] [thread-id 1] - conditionally execute a flow. condition: true
2024-01-08 14:48:07.645 [DEBUG] [thread-id 1] - SignIn page loaded
2024-01-08 14:48:08.842 [DEBUG] [thread-id 1] - Store in: store the value 'false' in the variable 'signInValidated'
2024-01-08 14:48:08.850 [DEBUG] [thread-id 1] - Executing function: 'us.functions.global.authentication.signInAccount'
2024-01-08 14:48:10.066 [DEBUG] [thread-id 1] - Verify identifier: {WelcomeView.emailField=[true]}
2024-01-08 14:48:10.226 [DEBUG] [thread-id 1] - Enter text: 'prod.flow004@cloudtest.org'
2024-01-08 14:48:12.102 [DEBUG] [thread-id 1] - Click element: 'WelcomeView.ctaButton'
2024-01-08 14:48:24.306 [DEBUG] [thread-id 1] - conditionally execute a flow. condition: true
2024-01-08 14:48:25.710 [DEBUG] [thread-id 1] - Click element: 'OTPView.passwordOptionStackView'
2024-01-08 14:48:27.783 [DEBUG] [thread-id 1] - Verify identifier: {OTPView.passwordTextField=[true]}
2024-01-08 14:48:27.951 [DEBUG] [thread-id 1] - Enter text: 'E2epassword$'
2024-01-08 14:48:29.458 [DEBUG] [thread-id 1] - Click element: 'OTPView.ctaButton'
2024-01-08 14:48:53.261 [DEBUG] [thread-id 1] - conditionally execute a flow. condition: true
2024-01-08 14:48:55.390 [DEBUG] [thread-id 1] - Click element: 'Donâ€™t Allow'
2024-01-08 14:48:56.162 [DEBUG] [thread-id 1] - Executing function: 'us.test.functions.utils.closeWplusPrompt.homeScreen'
2024-01-08 14:49:06.326 [DEBUG] [thread-id 1] - conditionally execute a flow. condition: false
2024-01-08 14:49:07.167 [DEBUG] [thread-id 1] - W+ Plus membership prompt is not present nothing to close continue
2024-01-08 14:49:07.188 [DEBUG] [thread-id 1] - Executing function: 'us.functions.utils.handleCartMergePopup'
2024-01-08 14:49:07.189 [DEBUG] [thread-id 1] - loop: from 0 to 4
2024-01-08 14:49:08.011 [DEBUG] [thread-id 1] - 0
2024-01-08 14:49:14.474 [DEBUG] [thread-id 1] - No Technical Error Page observed
2024-01-08 14:49:15.324 [DEBUG] [thread-id 1] - sleep:  1000 milliseconds
2024-01-08 14:49:26.586 [DEBUG] [thread-id 1] - Executing function: 'us.functions.global.navigation.accountToHome'
2024-01-08 14:49:26.586 [DEBUG] [thread-id 1] - Verify identifier: {Shop=[true]}
2024-01-08 14:49:26.586 [DEBUG] [thread-id 1] - sleep:  2000 milliseconds
2024-01-08 14:49:28.778 [DEBUG] [thread-id 1] - Click element: 'Shop'
2024-01-08 14:49:29.928 [DEBUG] [thread-id 1] - Executing function: 'us.functions.home.closeWPlusPromotionPopUpIfDisplayed'
2024-01-08 14:49:31.621 [DEBUG] [thread-id 1] - Verify identifier: {//XCUIElementTypeButton[@name="SplashPageTermView.primaryButton"]|//XCUIElementTypeButton[@name="WalmartPlusSplashBottomSheet.tryWalmartPlusMemberShipButton"] | //XCUIElementTypeButton[@label="Try your rewards benefit"] | //XCUIElementTypeButton[@name="BenefitEngagementTempoContainerView.primaryButton"]=[true]}
2024-01-08 14:49:33.300 [DEBUG] [thread-id 1] - Click element: '//XCUIElementTypeButton[@name="SplashPageViewController.closeButton" or contains(@label, "Close Walmart plus promotional pop up")] | //XCUIElementTypeNavigationBar[@name="WalmartPlus.SplashPageView"]/XCUIElementTypeButton | //XCUIElementTypeButton[@name="close" or @name="Close"] | //XCUIElementTypeButton[@name="SplashPageViewController.fullScreenCloseButton"] | //XCUIElementTypeButton[@name="MultiSplashViewController.fullScreenCloseButton"]'
2024-01-08 14:49:34.795 [DEBUG] [thread-id 1] - Verify identifier: {Search Walmart=[true]}
2024-01-08 14:49:34.797 [DEBUG] [thread-id 1] - Executing function: 'us.functions.global.navigation.toCartFromNavBar'
2024-01-08 14:49:35.147 [DEBUG] [thread-id 1] - Verify identifier: {//XCUIElementTypeButton[contains(@label, "Your cart")] | //XCUIElementTypeButton[(@name="SearchResultsViewController.cartButton") or (contains(@label,"Your cart contains") and contains(@label,"The estimated total is")) or (@label="Your cart is empty")]=[true]}
2024-01-08 14:49:35.502 [DEBUG] [thread-id 1] - Click element: '//XCUIElementTypeButton[contains(@label, "Your cart")] | //XCUIElementTypeButton[(@name="SearchResultsViewController.cartButton") or (contains(@label,"Your cart contains") and contains(@label,"The estimated total is")) or (@label="Your cart is empty")]'
2024-01-08 14:49:42.459 [DEBUG] [thread-id 1] - Verify identifier: {//XCUIElementTypeStaticText[@name="CartDetailsViewController.headerCartLabel"] | //XCUIElementTypeStaticText[@name="CartEmptyStateViewController.titleLabel" and not(contains(@label,"We're sorry!"))]=[true]}
2024-01-08 14:49:42.490 [DEBUG] [thread-id 1] - Executing function: 'us.functions.cart.removeUnavailableItemsFromCart'
2024-01-08 14:49:53.468 [DEBUG] [thread-id 1] - Executing function: 'us.functions.cart.removeAllCartItems'
2024-01-08 14:49:53.470 [DEBUG] [thread-id 1] - Executing function: 'us.functions.cart.storeChangePopUp'
2024-01-08 14:50:04.533 [DEBUG] [thread-id 1] - Executing function: 'us.functions.cart.seeDetails'
2024-01-08 14:50:04.534 [DEBUG] [thread-id 1] - loop: from 0 to 3
2024-01-08 14:50:07.274 [DEBUG] [thread-id 1] - 0
2024-01-08 14:50:16.908 [DEBUG] [thread-id 1] - No See details in Cart
2024-01-08 14:50:19.655 [DEBUG] [thread-id 1] - loop: from 0 to 5
2024-01-08 14:50:22.358 [DEBUG] [thread-id 1] - 0
2024-01-08 14:50:25.097 [DEBUG] [thread-id 1] - Executing function: 'us.functions.cart.storeChangePopUp'
2024-01-08 14:50:39.034 [DEBUG] [thread-id 1] - Executing function: 'us.functions.cart.walmartAssistantPopup'
2024-01-08 14:50:58.336 [DEBUG] [thread-id 1] - Smart Budge view not displayed
2024-01-08 14:51:05.517 [DEBUG] [thread-id 1] - Verify identifier: {//XCUIElementTypeButton[contains(@label, "Remove and continue")] | //XCUIElementTypeButton[@name="Remove" or @name = "CartItemTileView.remove"]=[true]}
2024-01-08 14:51:29.687 [DEBUG] [thread-id 1] - Click element: '//XCUIElementTypeButton[contains(@label, "Remove and continue")] | //XCUIElementTypeButton[@name="Remove" or @name = "CartItemTileView.remove"]'
2024-01-08 14:51:33.092 [DEBUG] [thread-id 1] - 1
2024-01-08 14:52:03.577 [DEBUG] [thread-id 1] - Smart Budge view not displayed
2024-01-08 14:52:09.238 [DEBUG] [thread-id 1] - No Items in Cart to Remove
2024-01-08 14:52:10.842 [DEBUG] [thread-id 1] - Executing function: 'us.functions.global.navigation.backNavigation'
2024-01-08 14:52:10.843 [DEBUG] [thread-id 1] - sleep:  3000 milliseconds
2024-01-08 14:52:17.913 [DEBUG] [thread-id 1] - Click element: '//XCUIElementTypeButton[@name="Back" or @label="Back"] | //XCUIElementTypeButton[@name="Shop"] | //XCUIElementTypeButton[@name="Home"]| //XCUIElementTypeButton[@name="Registries"] | //XCUIElementTypeButton[@name="My Items"]'
2024-01-08 14:52:18.646 [DEBUG] [thread-id 1] - Executing function: 'us.functions.home.setStore'
2024-01-08 14:52:18.656 [DEBUG] [thread-id 1] - conditionally execute a flow. condition: true
2024-01-08 14:52:19.987 [DEBUG] [thread-id 1] - Executing function: 'us.functions.home.changeStore'
2024-01-08 14:52:19.987 [DEBUG] [thread-id 1] - Executing function: 'us.functions.home.closeWPlusPromotionPopUpIfDisplayed'
2024-01-08 14:52:27.940 [DEBUG] [thread-id 1] - No Wplus pop up displayed
2024-01-08 14:52:27.946 [DEBUG] [thread-id 1] - Executing function: 'us.functions.gic.expandIfCollapsed'
2024-01-08 14:52:29.052 [DEBUG] [thread-id 1] - Verify identifier: {//*[contains(@label,"Collapsed")] | //*[contains(@name,"Collapsed")]=[true]}
2024-01-08 14:52:30.189 [DEBUG] [thread-id 1] - Click element: '//*[contains(@label,"Collapsed")] | //*[contains(@name,"Collapsed")]'
2024-01-08 14:52:30.720 [WARN] [thread-id 1] - variable storeOnly was used, but r2 could not find a value for this variable. returning default of null
2024-01-08 14:52:30.721 [DEBUG] [thread-id 1] - conditionally execute a flow. condition: true
2024-01-08 14:52:41.843 [DEBUG] [thread-id 1] - conditionally execute a flow. condition: false
2024-01-08 14:52:55.183 [DEBUG] [thread-id 1] - Click element: '//XCUIElementTypeButton[@name="GlobalIntentCenter.Pickup"] | //XCUIElementTypeButton[contains(@name, "Pickup") and contains(@name,"1 of 2")]'
2024-01-08 14:52:56.257 [DEBUG] [thread-id 1] - Pickup intent selected
2024-01-08 14:52:59.610 [DEBUG] [thread-id 1] - Click element: '//XCUIElementTypeCollectionView[@name="GlobalIntentCenterViewController.collectionView"]//XCUIElementTypeCell[position()=last()-2 or position()=last()-1]//*[@name="GlobalIntentCenter.FullLocation" and contains(@label,"Pickup")] | //XCUIElementTypeOther[@name="LayoutableChildStackViewController.stackView"]/XCUIElementTypeOther[position()=last()]//XCUIElementTypeOther[@name="HoTLocationsItemDetailsView.containerView"]'
2024-01-08 14:53:11.817 [DEBUG] [thread-id 1] - conditionally execute a flow. condition: false
2024-01-08 14:53:17.712 [DEBUG] [thread-id 1] - Enter text: '95122'
2024-01-08 14:53:26.853 [DEBUG] [thread-id 1] - Click element: '(//XCUIElementTypeButton[@name="StoreSelectionCell.radioButton"])[1] | (//XCUIElementTypeOther[@name="StoreSelectionCell.radioLabelsStackView"])[1]'
2024-01-08 14:53:34.073 [DEBUG] [thread-id 1] - Click element: '//XCUIElementTypeButton[@name="SaveStoreSelectionView.saveButton"]'
2024-01-08 14:53:37.495 [DEBUG] [thread-id 1] - Executing function: 'us.functions.utils.handleTechnicalErrorPopup'
2024-01-08 14:53:37.496 [DEBUG] [thread-id 1] - Store in: store the value 'false' in the variable 'errorRemoved'
2024-01-08 14:53:37.496 [DEBUG] [thread-id 1] - sleep:  5000 milliseconds
2024-01-08 14:53:42.505 [DEBUG] [thread-id 1] - loop: from 0 to 3
2024-01-08 14:53:43.192 [DEBUG] [thread-id 1] - 0
2024-01-08 14:53:54.016 [DEBUG] [thread-id 1] - conditionally execute a flow. condition: false
2024-01-08 14:53:54.698 [DEBUG] [thread-id 1] - Store in: store the value 'true' in the variable 'errorRemoved'
2024-01-08 14:53:55.378 [DEBUG] [thread-id 1] - No Technical Error Pop up observed
2024-01-08 14:54:06.744 [DEBUG] [thread-id 1] - sleep:  2000 milliseconds
2024-01-08 14:54:08.992 [DEBUG] [thread-id 1] - conditionally execute a flow. condition: true
2024-01-08 14:54:09.640 [DEBUG] [thread-id 1] - Executing function: 'us.functions.gic.collapseIfExpanded'
2024-01-08 14:54:10.606 [DEBUG] [thread-id 1] - Verify identifier: {//*[contains(@label,"Expanded")] | //*[contains(@name,"Expanded")]=[true]}
2024-01-08 14:54:11.265 [DEBUG] [thread-id 1] - Collapsing GIC screen
2024-01-08 14:54:12.254 [DEBUG] [thread-id 1] - Click element: '//*[contains(@label,"Expanded")] | //*[contains(@name,"Expanded")]'
2024-01-08 14:54:13.887 [DEBUG] [thread-id 1] - Verify identifier: {//*[contains(@label,"Collapsed")] | //*[contains(@name,"Collapsed")]=[true]}
2024-01-08 14:54:13.895 [DEBUG] [thread-id 1] - Executing function: 'us.functions.search.searchItem'
2024-01-08 14:54:13.895 [DEBUG] [thread-id 1] - Verify identifier: {Search=[true]}
2024-01-08 14:54:14.031 [DEBUG] [thread-id 1] - Click element: 'Search'
2024-01-08 14:54:15.533 [DEBUG] [thread-id 1] - Verify identifier: {Search Walmart=[true]}
2024-01-08 14:54:18.640 [DEBUG] [thread-id 1] - Click element: 'Search Walmart'
2024-01-08 14:54:19.254 [DEBUG] [thread-id 1] - Enter text: 'tshirt'
2024-01-08 14:54:20.527 [DEBUG] [thread-id 1] - Executing function: 'us.functions.search.closeHowDoYouWantYourOrderBottomTray'
2024-01-08 14:54:26.597 [DEBUG] [thread-id 1] - How do you want pop up not displayed
2024-01-08 14:54:37.212 [DEBUG] [thread-id 1] - Executing function: 'us.functions.utils.scrollIfNotVisible'
2024-01-08 14:54:38.183 [DEBUG] [thread-id 1] - Verify identifier: {(//XCUIElementTypeButton[@name="GlassProductTile.mainStackView"])[1] | //XCUIElementTypeOther[contains(@name,"ProductImageView.stackView")] | //*[contains(@name,"ProductSectionCoordinator_searchPrimaryProductCell")] | //XCUIElementTypeCell[contains(@name,"ProductSectionCoordinator_searchPrimaryProductCell_indexPath")] | (//XCUIElementTypeOther[@name="ProductImageView.stackView"])[1] | (//XCUIElementTypeButton[@name="GlassProductTile.mainStackView"])[2]=[true]}
2024-01-08 14:54:38.816 [DEBUG] [thread-id 1] - Element already visible, scrolling is skipped
2024-01-08 14:54:38.820 [DEBUG] [thread-id 1] - Resetting scrollPosition variable to default
2024-01-08 14:54:38.820 [DEBUG] [thread-id 1] - Store in: store the value 'null' in the variable 'scrollPosition'
2024-01-08 14:54:38.821 [DEBUG] [thread-id 1] - Store in: store the value 'null' in the variable 'identifierScope'
2024-01-08 14:54:38.821 [DEBUG] [thread-id 1] - Store in: store the value 'null' in the variable 'limit'
2024-01-08 14:54:39.144 [DEBUG] [thread-id 1] - conditionally execute a flow. condition: true
2024-01-08 14:54:39.772 [DEBUG] [thread-id 1] - successfully found an item for the above search criterion
2024-01-08 14:54:39.784 [DEBUG] [thread-id 1] - Executing function: 'us.functions.gic.changeFulfillment'
2024-01-08 14:54:39.785 [DEBUG] [thread-id 1] - Executing function: 'us.functions.gic.expandIfCollapsed'
2024-01-08 14:54:40.787 [DEBUG] [thread-id 1] - Verify identifier: {//*[contains(@label,"Collapsed")] | //*[contains(@name,"Collapsed")]=[true]}
2024-01-08 14:54:41.767 [DEBUG] [thread-id 1] - Click element: '//*[contains(@label,"Collapsed")] | //*[contains(@name,"Collapsed")]'
2024-01-08 14:54:42.250 [DEBUG] [thread-id 1] - Executing function: 'us.functions.gic.setFulfillment'
2024-01-08 14:54:52.491 [DEBUG] [thread-id 1] - conditionally execute a flow. condition: false
2024-01-08 14:54:54.788 [DEBUG] [thread-id 1] - Click element: '//XCUIElementTypeButton[@name="GlobalIntentCenter.Delivery"] | //XCUIElementTypeButton[contains(@name, "Delivery") ]'
2024-01-08 14:54:56.295 [DEBUG] [thread-id 1] - Delivery intent selected
2024-01-08 14:54:58.279 [DEBUG] [thread-id 1] - sleep:  3000 milliseconds
2024-01-08 14:55:01.298 [DEBUG] [thread-id 1] - Executing function: 'us.functions.gic.collapseIfExpanded'
2024-01-08 14:55:02.390 [DEBUG] [thread-id 1] - Verify identifier: {//*[contains(@label,"Expanded")] | //*[contains(@name,"Expanded")]=[true]}
2024-01-08 14:55:03.091 [DEBUG] [thread-id 1] - Collapsing GIC screen
2024-01-08 14:55:04.137 [DEBUG] [thread-id 1] - Click element: '//*[contains(@label,"Expanded")] | //*[contains(@name,"Expanded")]'
2024-01-08 14:55:04.656 [DEBUG] [thread-id 1] - Executing function: 'us.functions.search.clickOnFirstItem'
2024-01-08 14:55:04.658 [WARN] [thread-id 1] - variable subFilter was used, but r2 could not find a value for this variable. returning default of null
2024-01-08 14:55:04.661 [DEBUG] [thread-id 1] - conditionally execute a flow. condition: false
2024-01-08 14:55:05.346 [DEBUG] [thread-id 1] - conditionally execute a flow. condition: true
2024-01-08 14:55:06.003 [DEBUG] [thread-id 1] - Executing function: 'us.functions.utils.scrollIfNotVisible'
2024-01-08 14:55:08.166 [DEBUG] [thread-id 1] - Scroll limit set to 10
2024-01-08 14:55:08.822 [DEBUG] [thread-id 1] - conditionally execute a flow. condition: false
2024-01-08 14:55:09.459 [DEBUG] [thread-id 1] - conditionally execute a flow. condition: true
2024-01-08 14:55:10.082 [DEBUG] [thread-id 1] - Scroll: down
2024-01-08 14:55:19.040 [DEBUG] [thread-id 1] - Resetting scrollPosition variable to default
2024-01-08 14:55:19.040 [DEBUG] [thread-id 1] - Store in: store the value 'null' in the variable 'scrollPosition'
2024-01-08 14:55:19.040 [DEBUG] [thread-id 1] - Store in: store the value 'null' in the variable 'identifierScope'
2024-01-08 14:55:19.040 [DEBUG] [thread-id 1] - Store in: store the value 'null' in the variable 'limit'
2024-01-08 14:55:19.768 [DEBUG] [thread-id 1] - Click element: '//XCUIElementTypeCell[contains(@name,"ProductSectionCoordinator_searchPrimaryProductCell_indexPath")]/XCUIElementTypeOther/XCUIElementTypeOther[1]/XCUIElementTypeButton[not(contains(@label, "Sponsored")) and (contains(@label, "reviews"))][1] | //*[contains(@name,"GlassProductTile.mainStackView") and not(contains(@label, "Sponsored")) and (contains(@label, "reviews"))] | //XCUIElementTypeCell[contains(@name,"ProductSectionCoordinator_searchPrimaryProductCell_indexPath")]/XCUIElementTypeOther/XCUIElementTypeOther[1]/XCUIElementTypeButton[1][not(contains(@label, "Sponsored"))]'
2024-01-08 14:55:20.877 [DEBUG] [thread-id 1] - check if item details page is showing
2024-01-08 14:55:20.886 [DEBUG] [thread-id 1] - Executing function: 'us.functions.item.addItemToCart'
2024-01-08 14:55:43.694 [DEBUG] [thread-id 1] - Verify identifier: {stepper.mainButton=[true]}
2024-01-08 14:55:55.912 [DEBUG] [thread-id 1] - Click element: 'stepper.mainButton'
2024-01-08 14:56:01.627 [WARN] [thread-id 1] - variable qty was used, but r2 could not find a value for this variable. returning default of null
2024-01-08 14:56:01.627 [WARN] [thread-id 1] - variable qty was used, but r2 could not find a value for this variable. returning default of null
2024-01-08 14:56:10.676 [DEBUG] [thread-id 1] - Verify identifier: {//XCUIElementTypeStaticText[@name="1 added"]| //XCUIElementTypeOther[@name="add-to-cart-button"] | //XCUIElementTypeStaticText[@label="null"] | Max 1=[true]}
2024-01-08 14:56:10.679 [WARN] [thread-id 1] - variable skipPostAddToCartSteps was used, but r2 could not find a value for this variable. returning default of null
2024-01-08 14:56:10.680 [DEBUG] [thread-id 1] - conditionally execute a flow. condition: true
2024-01-08 14:56:25.797 [DEBUG] [thread-id 1] - Executing function: 'us.functions.item.postAddToCartSteps'
2024-01-08 14:57:01.475 [DEBUG] [thread-id 1] - No ACC pop up screen displayed
2024-01-08 14:57:23.904 [DEBUG] [thread-id 1] - Click element: '//XCUIElementTypeButton[@name="Close"]'
2024-01-08 14:57:44.769 [DEBUG] [thread-id 1] - Click element: '//XCUIElementTypeButton[@name="Close"] | //XCUIElementTypeButton[@label="Close"]'
2024-01-08 14:57:47.711 [DEBUG] [thread-id 1] - Executing function: 'us.functions.item.closeItemPage'
2024-01-08 14:58:08.637 [DEBUG] [thread-id 1] - PAC not found
2024-01-08 14:58:29.363 [DEBUG] [thread-id 1] - Item page closed
2024-01-08 14:58:29.823 [WARN] [thread-id 1] - break reached without loop, this may be an error in your flow.
2024-01-08 14:58:29.835 [DEBUG] [thread-id 1] - Verify identifier: {Your cart is empty=[true]}
2024-01-08 14:58:29.835 [DEBUG] [thread-id 1] - Store in: store the value 'false' in the variable 'skipPostAddToCartSteps'
2024-01-08 14:58:29.836 [DEBUG] [thread-id 1] - Store in: store the value 'false' in the variable 'apiFetch'
2024-01-08 14:58:29.836 [DEBUG] [thread-id 1] - Store in: store the value 'null' in the variable 'itemDataDetails'
2024-01-08 14:58:29.836 [DEBUG] [thread-id 1] - R2_SUBFLOW_TRANSACTION
2024-01-08 14:58:29.837 [DEBUG] [thread-id 1] - Executing function: 'us.functions.global.navigation.toCartFromNavBar'
2024-01-08 14:58:30.050 [DEBUG] [thread-id 1] - Verify identifier: {//XCUIElementTypeButton[contains(@label, "Your cart")] | //XCUIElementTypeButton[(@name="SearchResultsViewController.cartButton") or (contains(@label,"Your cart contains") and contains(@label,"The estimated total is")) or (@label="Your cart is empty")]=[true]}
2024-01-08 14:58:30.262 [DEBUG] [thread-id 1] - Click element: '//XCUIElementTypeButton[contains(@label, "Your cart")] | //XCUIElementTypeButton[(@name="SearchResultsViewController.cartButton") or (contains(@label,"Your cart contains") and contains(@label,"The estimated total is")) or (@label="Your cart is empty")]'
2024-01-08 14:58:34.516 [DEBUG] [thread-id 1] - Verify identifier: {//XCUIElementTypeStaticText[@name="CartDetailsViewController.headerCartLabel"] | //XCUIElementTypeStaticText[@name="CartEmptyStateViewController.titleLabel" and not(contains(@label,"We're sorry!"))]=[true]}
2024-01-08 14:58:34.542 [DEBUG] [thread-id 1] - Executing function: 'us.functions.selectBookingSlot'
2024-01-08 14:58:34.542 [DEBUG] [thread-id 1] - Store in: store the value '1' in the variable 'slotIndex'
2024-01-08 14:58:34.542 [DEBUG] [thread-id 1] - Store in: store the value '3' in the variable 'slotIndex2'
2024-01-08 14:58:34.543 [WARN] [thread-id 1] - variable timeSlot was used, but r2 could not find a value for this variable. returning default of null
2024-01-08 14:58:34.543 [DEBUG] [thread-id 1] - conditionally execute a flow. condition: true
2024-01-08 14:58:37.348 [DEBUG] [thread-id 1] - Store in: store the value 'generic' in the variable 'timeSlot'
2024-01-08 14:58:37.354 [DEBUG] [thread-id 1] - Executing function: 'us.functions.loadBookingSlotScreenBasics'
2024-01-08 14:58:37.355 [DEBUG] [thread-id 1] - ------ Loading booking slot screen ------
2024-01-08 14:58:37.355 [DEBUG] [thread-id 1] - conditionally execute a flow. condition: false
2024-01-08 14:58:40.154 [DEBUG] [thread-id 1] - conditionally execute a flow. condition: true
2024-01-08 14:58:42.923 [DEBUG] [thread-id 1] - ------ Loading booking slot screen from cart page ------
2024-01-08 14:58:45.639 [DEBUG] [thread-id 1] - Executing function: 'us.functions.cart.scrollToTopOfCart'
2024-01-08 14:58:45.639 [DEBUG] [thread-id 1] - -------Scroll to top of cart page function start-------
2024-01-08 14:58:50.004 [DEBUG] [thread-id 1] - Verify identifier: {//XCUIElementTypeStaticText[@name="CartDetailsViewController.headerCartLabel"] | //XCUIElementTypeStaticText[@name="CartEmptyStateViewController.titleLabel" and not(contains(@label,"We're sorry!"))]=[true]}
2024-01-08 14:58:55.507 [DEBUG] [thread-id 1] - Executing function: 'us.functions.utils.scrollIfNotVisible'
2024-01-08 14:58:59.045 [DEBUG] [thread-id 1] - Verify identifier: {FulfillmentSummaryView.titlePrefixLabel=[true]}
2024-01-08 14:59:01.810 [DEBUG] [thread-id 1] - Element already visible, scrolling is skipped
2024-01-08 14:59:01.815 [DEBUG] [thread-id 1] - Resetting scrollPosition variable to default
2024-01-08 14:59:01.816 [DEBUG] [thread-id 1] - Store in: store the value 'null' in the variable 'scrollPosition'
2024-01-08 14:59:01.816 [DEBUG] [thread-id 1] - Store in: store the value 'null' in the variable 'identifierScope'
2024-01-08 14:59:01.816 [DEBUG] [thread-id 1] - Store in: store the value 'null' in the variable 'limit'
2024-01-08 14:59:01.820 [DEBUG] [thread-id 1] - -------Scroll to top of cart page function end-------
2024-01-08 14:59:04.549 [DEBUG] [thread-id 1] - Executing function: 'us.functions.utils.scrollIfNotVisible'
2024-01-08 14:59:09.020 [DEBUG] [thread-id 1] - Verify identifier: {//XCUIElementTypeButton[@name="FulfillmentSummaryView.actionButton" and not(contains(@label,"See Options"))] | //*[contains(@label,"Reserve a new time")]=[true]}
2024-01-08 14:59:11.752 [DEBUG] [thread-id 1] - Element already visible, scrolling is skipped
2024-01-08 14:59:11.767 [DEBUG] [thread-id 1] - Resetting scrollPosition variable to default
2024-01-08 14:59:11.767 [DEBUG] [thread-id 1] - Store in: store the value 'null' in the variable 'scrollPosition'
2024-01-08 14:59:11.768 [DEBUG] [thread-id 1] - Store in: store the value 'null' in the variable 'identifierScope'
2024-01-08 14:59:11.768 [DEBUG] [thread-id 1] - Store in: store the value 'null' in the variable 'limit'
2024-01-08 14:59:16.100 [DEBUG] [thread-id 1] - Verify identifier: {//XCUIElementTypeButton[@name="FulfillmentSummaryView.actionButton" and not(contains(@label,"See Options"))] | //*[contains(@label,"Reserve a new time")]=[true]}
2024-01-08 14:59:20.540 [DEBUG] [thread-id 1] - Click element: '//XCUIElementTypeButton[@name="FulfillmentSummaryView.actionButton" and not(contains(@label,"See Options"))] | //*[contains(@label,"Reserve a new time")]'
2024-01-08 14:59:29.936 [DEBUG] [thread-id 1] - Slot page loaded
2024-01-08 14:59:35.238 [DEBUG] [thread-id 1] - conditionally execute a flow. condition: true
2024-01-08 14:59:38.974 [DEBUG] [thread-id 1] - Click element: 'Retry'
2024-01-08 14:59:44.639 [DEBUG] [thread-id 1] - sleep:  3000 milliseconds
2024-01-08 15:00:03.832 [DEBUG] [thread-id 1] - ------ Loading delivery tab ------
2024-01-08 15:00:03.833 [DEBUG] [thread-id 1] - conditionally execute a flow. condition: false
2024-01-08 15:00:09.123 [DEBUG] [thread-id 1] - Click element: '//XCUIElementTypeButton[@name="Delivery from store"]'
2024-01-08 15:00:14.212 [DEBUG] [thread-id 1] - conditionally execute a flow. condition: true
2024-01-08 15:00:17.910 [DEBUG] [thread-id 1] - New address is to be added
2024-01-08 15:00:21.599 [WARN] [thread-id 1] - variable addressAdded was used, but r2 could not find a value for this variable. returning default of null
2024-01-08 15:00:21.600 [DEBUG] [thread-id 1] - conditionally execute a flow. condition: false
2024-01-08 15:00:25.410 [DEBUG] [thread-id 1] - ------ Adding address ------
2024-01-08 15:00:40.606 [WARN] [thread-id 1] - variable skipSlotPage was used, but r2 could not find a value for this variable. returning default of null
2024-01-08 15:00:40.607 [DEBUG] [thread-id 1] - conditionally execute a flow. condition: false
2024-01-08 15:00:44.516 [WARN] [thread-id 1] - variable wplusUser was used, but r2 could not find a value for this variable. returning default of null
2024-01-08 15:00:44.517 [WARN] [thread-id 1] - variable wplusUser was used, but r2 could not find a value for this variable. returning default of null
2024-01-08 15:00:52.014 [DEBUG] [thread-id 1] - Executing function: 'us.functions.selectTimeSlotBasics'
2024-01-08 15:00:52.016 [DEBUG] [thread-id 1] - conditionally execute a flow. condition: true
2024-01-08 15:00:55.752 [DEBUG] [thread-id 1] - ------Selecting general time slot------
2024-01-08 15:01:01.321 [DEBUG] [thread-id 1] - conditionally execute a flow. condition: true
2024-01-08 15:01:06.824 [DEBUG] [thread-id 1] - Click element: '(//XCUIElementTypeButton[@name="SlotHoursCell.slotHoursView"])[3]'
2024-01-08 15:01:08.050 [DEBUG] [thread-id 1] - ------ Slot time selection completed ------
2024-01-08 15:01:11.724 [DEBUG] [thread-id 1] - Executing function: 'us.mappings.confirmSlotSelectionBasics'
2024-01-08 15:01:11.724 [DEBUG] [thread-id 1] - loop: from 0 to 2
2024-01-08 15:01:17.191 [DEBUG] [thread-id 1] - Click element: '//XCUIElementTypeButton[@name="ReserveSlotView.saveButton"]'
2024-01-08 15:01:28.673 [DEBUG] [thread-id 1] - Executing function: 'us.functions.cart.continueMissingAnythingScreen'
2024-01-08 15:01:34.994 [DEBUG] [thread-id 1] - Missing anything popup not displayed
2024-01-08 15:01:37.605 [DEBUG] [thread-id 1] - Slot saved
2024-01-08 15:01:40.208 [DEBUG] [thread-id 1] - ------ Slot selection saved ------
2024-01-08 15:01:40.211 [DEBUG] [thread-id 1] - Executing function: 'us.functions.cart.oos.moveItemToSfl'
2024-01-08 15:01:52.086 [DEBUG] [thread-id 1] - conditionally execute a flow. condition: false
2024-01-08 15:01:54.715 [DEBUG] [thread-id 1] - Item is Available
2024-01-08 15:01:54.731 [DEBUG] [thread-id 1] - Executing function: 'us.functions.cart.verifyCardDetails'
2024-01-08 15:01:54.732 [DEBUG] [thread-id 1] - Executing function: 'us.functions.utils.getFulfillmentTextsToCompare'
2024-01-08 15:01:54.732 [WARN] [thread-id 1] - variable altFulfillmentText was used, but r2 could not find a value for this variable. returning default of null
2024-01-08 15:01:54.733 [DEBUG] [thread-id 1] - conditionally execute a flow. condition: true
2024-01-08 15:01:57.329 [DEBUG] [thread-id 1] - conditionally execute a flow. condition: false
2024-01-08 15:01:59.911 [DEBUG] [thread-id 1] - conditionally execute a flow. condition: false
2024-01-08 15:02:02.514 [DEBUG] [thread-id 1] - conditionally execute a flow. condition: true
2024-01-08 15:02:05.151 [DEBUG] [thread-id 1] - Store in: store the value 'delivery' in the variable 'altFulfillmentText'
2024-01-08 15:02:05.173 [DEBUG] [thread-id 1] - -------Validate Delivery cart details function start-------
2024-01-08 15:02:05.173 [WARN] [thread-id 1] - variable initialCartDataSetup was used, but r2 could not find a value for this variable. returning default of null
2024-01-08 15:02:05.173 [DEBUG] [thread-id 1] - conditionally execute a flow. condition: true
2024-01-08 15:02:07.773 [DEBUG] [thread-id 1] - sleep:  3000 milliseconds
2024-01-08 15:02:15.042 [DEBUG] [thread-id 1] - conditionally execute a flow. condition: true
2024-01-08 15:02:17.685 [DEBUG] [thread-id 1] - Cart page displayed
2024-01-08 15:02:20.458 [WARN] [thread-id 1] - variable validationScope was used, but r2 could not find a value for this variable. returning default of null
2024-01-08 15:02:23.145 [DEBUG] [thread-id 1] - Store in: store the value 'complete' in the variable 'initialCartDataSetup'
2024-01-08 15:02:27.641 [DEBUG] [thread-id 1] - Verify identifier: {//XCUIElementTypeStaticText[@name="FulfillmentSummaryView.titlePrefixLabel" and (contains(@label,"Delivery") or contains(@label,"delivery"))]=[true]}
2024-01-08 15:02:27.666 [WARN] [thread-id 1] - variable validationScope was used, but r2 could not find a value for this variable. returning default of null
2024-01-08 15:02:27.666 [DEBUG] [thread-id 1] - conditionally execute a flow. condition: false
2024-01-08 15:02:30.358 [DEBUG] [thread-id 1] - Basic Delivery fulfillment section validation done
2024-01-08 15:02:30.362 [WARN] [thread-id 1] - variable unscheduled was used, but r2 could not find a value for this variable. returning default of null
2024-01-08 15:02:30.363 [WARN] [thread-id 1] - variable partialCheckout was used, but r2 could not find a value for this variable. returning default of null
2024-01-08 15:02:30.363 [DEBUG] [thread-id 1] - Store in: store the value 'null' in the variable 'altFulfillmentText'
2024-01-08 15:02:30.363 [DEBUG] [thread-id 1] - Store in: store the value 'null' in the variable 'validationScope'
2024-01-08 15:02:30.363 [DEBUG] [thread-id 1] - Store in: store the value 'false' in the variable 'unscheduled'
2024-01-08 15:02:30.364 [DEBUG] [thread-id 1] - Store in: store the value 'false' in the variable 'partialCheckout'
2024-01-08 15:02:30.364 [DEBUG] [thread-id 1] - -------Validate Delivery cart details function end-------
2024-01-08 15:02:30.364 [DEBUG] [thread-id 1] - Executing function: 'us.functions.cart.verifyTotalAmount'
2024-01-08 15:02:30.365 [DEBUG] [thread-id 1] - Executing function: 'us.functions.utils.scrollIfNotVisible'
2024-01-08 15:02:34.588 [DEBUG] [thread-id 1] - Verify identifier: {//XCUIElementTypeStaticText[contains(@value, "Estimated Total")] | //XCUIElementTypeStaticText[contains(@value, "Estimated total")]=[true]}
2024-01-08 15:02:37.306 [DEBUG] [thread-id 1] - Element already visible, scrolling is skipped
2024-01-08 15:02:37.311 [DEBUG] [thread-id 1] - Resetting scrollPosition variable to default
2024-01-08 15:02:37.311 [DEBUG] [thread-id 1] - Store in: store the value 'null' in the variable 'scrollPosition'
2024-01-08 15:02:37.311 [DEBUG] [thread-id 1] - Store in: store the value 'null' in the variable 'identifierScope'
2024-01-08 15:02:37.311 [DEBUG] [thread-id 1] - Store in: store the value 'null' in the variable 'limit'
2024-01-08 15:02:41.286 [DEBUG] [thread-id 1] - Verify identifier: {//XCUIElementTypeStaticText[contains(@value, "Subtotal (1 item)")]=[true], //XCUIElementTypeStaticText[contains(@label,"Taxes")]=[true], //XCUIElementTypeStaticText[contains(@value, "Estimated Total")] | //XCUIElementTypeStaticText[contains(@value, "Estimated total")]=[true]}
2024-01-08 15:02:41.288 [DEBUG] [thread-id 1] - Executing function: 'us.functions.cart.verifyThresholdFeesDisplay'
2024-01-08 15:02:41.289 [DEBUG] [thread-id 1] - Executing function: 'us.functions.utils.scrollIfNotVisible'
2024-01-08 15:02:48.366 [DEBUG] [thread-id 1] - conditionally execute a flow. condition: true
2024-01-08 15:02:51.066 [DEBUG] [thread-id 1] - Store in: store the value '5' in the variable 'limit'
2024-01-08 15:02:53.732 [DEBUG] [thread-id 1] - Scroll limit set to 5
2024-01-08 15:02:56.424 [DEBUG] [thread-id 1] - conditionally execute a flow. condition: false
2024-01-08 15:02:59.054 [DEBUG] [thread-id 1] - conditionally execute a flow. condition: true
2024-01-08 15:03:01.738 [DEBUG] [thread-id 1] - Scroll: down
2024-01-08 15:03:22.530 [DEBUG] [thread-id 1] - Resetting scrollPosition variable to default
2024-01-08 15:03:22.532 [DEBUG] [thread-id 1] - Store in: store the value 'null' in the variable 'scrollPosition'
2024-01-08 15:03:22.532 [DEBUG] [thread-id 1] - Store in: store the value 'null' in the variable 'identifierScope'
2024-01-08 15:03:22.532 [DEBUG] [thread-id 1] - Store in: store the value 'null' in the variable 'limit'
2024-01-08 15:03:22.535 [DEBUG] [thread-id 1] - Executing function: 'us.functions.utils.fetchAmountDisplayed'
2024-01-08 15:03:22.535 [DEBUG] [thread-id 1] - Fetching only numeric value of given amount/count identifier
2024-01-08 15:03:22.536 [WARN] [thread-id 1] - variable attribute was used, but r2 could not find a value for this variable. returning default of null
2024-01-08 15:03:22.536 [DEBUG] [thread-id 1] - Attribute - null
2024-01-08 15:03:22.536 [WARN] [thread-id 1] - variable attribute was used, but r2 could not find a value for this variable. returning default of null
2024-01-08 15:03:22.537 [DEBUG] [thread-id 1] - conditionally execute a flow. condition: true
2024-01-08 15:03:26.703 [DEBUG] [thread-id 1] - get string: from '//*[@name="POSLineItemView.rightLabel" and contains(@label,"Subtotal")] | //*[@name="POSLineItemView.leftLabel" and contains(@label, "Subtotal") and not(contains(@label, "Old"))]' [type='null']
2024-01-08 15:03:26.728 [DEBUG] [thread-id 1] - Amount displayed value Subtotal (1 item), $9.98
2024-01-08 15:03:26.731 [DEBUG] [thread-id 1] - Execute Node: 'us/test/helpers/splitString.js'
2024-01-08 15:03:27.385 [DEBUG] [thread-id 1] - Execute Node: 'us/test/helpers/splitString.js'
2024-01-08 15:03:27.449 [DEBUG] [thread-id 1] - Store in: store the value 'null' in the variable 'attribute'
2024-01-08 15:03:27.449 [DEBUG] [thread-id 1] - Numeric amount value 9.98
2024-01-08 15:03:27.450 [DEBUG] [thread-id 1] - conditionally execute a flow. condition: false
2024-01-08 15:03:29.828 [DEBUG] [thread-id 1] - conditionally execute a flow. condition: true
2024-01-08 15:03:34.491 [DEBUG] [thread-id 1] - Verify identifier: {(//XCUIElementTypeStaticText[@name="POSLineItemView.rightLabel" and contains(@label, "$0")])=[true], //XCUIElementTypeStaticText[contains(@label, "walmart plus, No $35 order minimum fee")]=[true]}
2024-01-08 15:03:39.876 [DEBUG] [thread-id 1] - Verify identifier: {//XCUIElementTypeStaticText[contains(@value,"Below order minimum (less than $35)") or contains(@value,"below $35 order minimum")] | //XCUIElementTypeStaticText[contains(@label, "Below $35 order minimum fee")] | //XCUIElementTypeStaticText[contains(@value,"Express delivery")]=[true], //XCUIElementTypeStaticText[contains(@value,"Below order minimum (less than $35)")]//following-sibling::XCUIElementTypeStaticText | //XCUIElementTypeStaticText[contains(@value,"below $35 order minimum")]//following-sibling::XCUIElementTypeStaticText | //XCUIElementTypeStaticText[contains(@value,"Express delivery")]//following-sibling::XCUIElementTypeStaticText=[true]}
2024-01-08 15:03:42.314 [DEBUG] [thread-id 1] - Executing function: 'us.functions.utils.fetchAmountDisplayed'
2024-01-08 15:03:42.314 [DEBUG] [thread-id 1] - Fetching only numeric value of given amount/count identifier
2024-01-08 15:03:42.315 [DEBUG] [thread-id 1] - Attribute - value
2024-01-08 15:03:42.315 [DEBUG] [thread-id 1] - conditionally execute a flow. condition: false
2024-01-08 15:03:46.132 [DEBUG] [thread-id 1] - get string: from '//XCUIElementTypeStaticText[contains(@value,"Below order minimum (less than $35)")]//following-sibling::XCUIElementTypeStaticText | //XCUIElementTypeStaticText[contains(@value,"below $35 order minimum")]//following-sibling::XCUIElementTypeStaticText | //XCUIElementTypeStaticText[contains(@value,"Express delivery")]//following-sibling::XCUIElementTypeStaticText' [type='value']
2024-01-08 15:03:46.147 [DEBUG] [thread-id 1] - Amount displayed value $6.99
2024-01-08 15:03:46.148 [DEBUG] [thread-id 1] - Execute Node: 'us/test/helpers/splitString.js'
2024-01-08 15:03:46.228 [DEBUG] [thread-id 1] - Execute Node: 'us/test/helpers/splitString.js'
2024-01-08 15:03:46.287 [DEBUG] [thread-id 1] - Store in: store the value 'null' in the variable 'attribute'
2024-01-08 15:03:46.288 [DEBUG] [thread-id 1] - Numeric amount value 6.99
2024-01-08 15:03:48.685 [DEBUG] [thread-id 1] - conditionally execute a flow. condition: true
2024-01-08 15:03:51.074 [DEBUG] [thread-id 1] - Verified below order minimum fee is 6.99
2024-01-08 15:03:51.088 [DEBUG] [thread-id 1] - Executing function: 'us.functions.cart.continueToCheckout'
2024-01-08 15:03:52.412 [DEBUG] [thread-id 1] - Verify identifier: {//XCUIElementTypeButton[@name="CartPrimaryCTAButton"] | //XCUIElementTypeButton[@name="CartFinishButton"]=[true]}
2024-01-08 15:03:53.702 [DEBUG] [thread-id 1] - Click element: '//XCUIElementTypeButton[@name="CartPrimaryCTAButton"] | //XCUIElementTypeButton[@name="CartFinishButton"]'
2024-01-08 15:03:54.690 [DEBUG] [thread-id 1] - sleep:  5000 milliseconds
2024-01-08 15:04:21.211 [DEBUG] [thread-id 1] - sleep:  3000 milliseconds
2024-01-08 15:04:24.220 [DEBUG] [thread-id 1] - Executing function: 'us.functions.home.closeWPlusPromotionPopUpIfDisplayed'
2024-01-08 15:04:34.564 [DEBUG] [thread-id 1] - No Wplus pop up displayed
2024-01-08 15:04:34.571 [DEBUG] [thread-id 1] - Executing function: 'us.functions.cart.handleItemUpdatesBottomTray'
2024-01-08 15:04:40.978 [DEBUG] [thread-id 1] - No item update pop up
2024-01-08 15:04:40.984 [DEBUG] [thread-id 1] - Executing function: 'us.functions.utils.handleTechnicalErrorPopup'
2024-01-08 15:04:40.984 [DEBUG] [thread-id 1] - Store in: store the value 'false' in the variable 'errorRemoved'
2024-01-08 15:04:40.984 [DEBUG] [thread-id 1] - sleep:  5000 milliseconds
2024-01-08 15:04:45.986 [DEBUG] [thread-id 1] - loop: from 0 to 3
2024-01-08 15:04:47.278 [DEBUG] [thread-id 1] - 0
2024-01-08 15:04:59.892 [DEBUG] [thread-id 1] - conditionally execute a flow. condition: false
2024-01-08 15:05:01.197 [DEBUG] [thread-id 1] - Store in: store the value 'true' in the variable 'errorRemoved'
2024-01-08 15:05:02.480 [DEBUG] [thread-id 1] - No Technical Error Pop up observed
2024-01-08 15:05:03.755 [WARN] [thread-id 1] - variable errorDismissed was used, but r2 could not find a value for this variable. returning default of null
2024-01-08 15:05:04.248 [DEBUG] [thread-id 1] - conditionally execute a flow. condition: true
2024-01-08 15:05:05.533 [DEBUG] [thread-id 1] - Clicked on Checkout button successfully
2024-01-08 15:05:05.545 [DEBUG] [thread-id 1] - Executing function: 'us.functions.wplus.handle.SubstitutionPreferencePopup'
2024-01-08 15:05:15.647 [DEBUG] [thread-id 1] - Executing function: 'us.functions.checkout.reviewOrder.verifyCardDetails'
2024-01-08 15:05:15.648 [DEBUG] [thread-id 1] - Executing function: 'us.functions.utils.getFulfillmentTextsToCompare'
2024-01-08 15:05:15.649 [DEBUG] [thread-id 1] - conditionally execute a flow. condition: true
2024-01-08 15:05:16.901 [DEBUG] [thread-id 1] - conditionally execute a flow. condition: false
2024-01-08 15:05:18.147 [DEBUG] [thread-id 1] - conditionally execute a flow. condition: false
2024-01-08 15:05:19.400 [DEBUG] [thread-id 1] - conditionally execute a flow. condition: true
2024-01-08 15:05:20.663 [DEBUG] [thread-id 1] - Store in: store the value 'delivery' in the variable 'altFulfillmentText'
2024-01-08 15:05:20.688 [DEBUG] [thread-id 1] - -----------Delivery section validation start-----------
2024-01-08 15:05:20.688 [WARN] [thread-id 1] - variable initialCheckoutDataSetup was used, but r2 could not find a value for this variable. returning default of null
2024-01-08 15:05:20.688 [DEBUG] [thread-id 1] - conditionally execute a flow. condition: true
2024-01-08 15:05:21.953 [DEBUG] [thread-id 1] - sleep:  5000 milliseconds
2024-01-08 15:05:28.276 [DEBUG] [thread-id 1] - conditionally execute a flow. condition: true
2024-01-08 15:05:29.514 [DEBUG] [thread-id 1] - Review order page loaded successfully
2024-01-08 15:05:30.787 [DEBUG] [thread-id 1] - Store in: store the value 'complete' in the variable 'initialCheckoutDataSetup'
2024-01-08 15:05:30.793 [DEBUG] [thread-id 1] - conditionally execute a flow. condition: false
2024-01-08 15:05:32.054 [DEBUG] [thread-id 1] - conditionally execute a flow. condition: false
2024-01-08 15:05:33.334 [DEBUG] [thread-id 1] - conditionally execute a flow. condition: false
2024-01-08 15:05:34.620 [DEBUG] [thread-id 1] - conditionally execute a flow. condition: false
2024-01-08 15:05:35.885 [DEBUG] [thread-id 1] - Store in: store the value 'Delivery' in the variable 'viewType'
2024-01-08 15:05:35.911 [DEBUG] [thread-id 1] - Validating fulfillment section Delivery
2024-01-08 15:05:37.810 [DEBUG] [thread-id 1] - Verify identifier: {//*[(@name="FulfillmentTitleView.titlePrefixLabel" or @name="FulfillmentSummaryView.titlePrefixLabel") and (contains(@label, "Delivery") or contains(@label, "delivery"))] | //*[@name="FulfillmentSummaryView.detailLabel" and contains(@label, "Delivery")]=[true]}
2024-01-08 15:05:37.814 [DEBUG] [thread-id 1] - Validated basic fulfillment details
2024-01-08 15:05:37.814 [DEBUG] [thread-id 1] - conditionally execute a flow. condition: true
2024-01-08 15:05:41.043 [DEBUG] [thread-id 1] - Verify identifier: {//*[(@name="FulfillmentTitleView.titlePrefixLabel" or @name="FulfillmentSummaryView.titlePrefixLabel") and (contains(@label, "Delivery") or contains(@label, "delivery"))]//ancestor::*[@name="DeliveryViewController.titleView" or @name="DeliveryViewController.titleViewHolder"]//following-sibling::*[@name="DeliveryViewController.containerView"]//*[@name="FulfillmentSummaryView.nameLabel"]=[true], //*[(@name="FulfillmentTitleView.titlePrefixLabel" or @name="FulfillmentSummaryView.titlePrefixLabel") and (contains(@label, "Delivery") or contains(@label, "delivery"))]//ancestor::*[@name="DeliveryViewController.titleView" or @name="DeliveryViewController.titleViewHolder"]//following-sibling::*[@name="DeliveryViewController.containerView"]//*[@name="FulfillmentSummaryView.detailLabel"]=[true], //*[(@name="FulfillmentTitleView.titlePrefixLabel" or @name="FulfillmentSummaryView.titlePrefixLabel") and (contains(@label, "Delivery") or contains(@label, "delivery"))]//ancestor::*[@name="DeliveryViewController.titleView" or @name="DeliveryViewController.titleViewHolder"]//following-sibling::*[@name="DeliveryViewController.containerView"]//*[@name="FulfillmentProductGroupView.countLabel"] | //*[(@name="FulfillmentTitleView.titlePrefixLabel" or @name="FulfillmentSummaryView.titlePrefixLabel") and (contains(@label, "Delivery") or contains(@label, "delivery"))]//ancestor::*[@name="DeliveryViewController.titleView" or @name="DeliveryViewController.titleViewHolder"]//following-sibling::*[@name="DeliveryViewController.containerView"]//*[@name="FulfillmentProductGroupView.bodyLabel" and contains(@label,"item")]=[true]}
2024-01-08 15:05:42.284 [DEBUG] [thread-id 1] - Validated fulfillment time, name, address, item count and view link details
2024-01-08 15:05:43.619 [DEBUG] [thread-id 1] - conditionally execute a flow. condition: false
2024-01-08 15:05:44.946 [WARN] [thread-id 1] - variable expressSlot was used, but r2 could not find a value for this variable. returning default of null
2024-01-08 15:05:44.964 [DEBUG] [thread-id 1] - Store in: store the value 'null' in the variable 'altFulfillmentText'
2024-01-08 15:05:44.964 [DEBUG] [thread-id 1] - -----------Delivery section validation end-------------
2024-01-08 15:05:44.964 [DEBUG] [thread-id 1] - Executing function: 'us.functions.checkout.reviewOrder.verifyThresholdFee'
2024-01-08 15:05:44.964 [DEBUG] [thread-id 1] - Executing function: 'us.functions.utils.scrollIfNotVisible'
2024-01-08 15:05:48.283 [DEBUG] [thread-id 1] - conditionally execute a flow. condition: true
2024-01-08 15:05:49.541 [DEBUG] [thread-id 1] - Store in: store the value '5' in the variable 'limit'
2024-01-08 15:05:50.856 [DEBUG] [thread-id 1] - Scroll limit set to 5
2024-01-08 15:05:52.116 [DEBUG] [thread-id 1] - conditionally execute a flow. condition: false
2024-01-08 15:05:53.360 [DEBUG] [thread-id 1] - conditionally execute a flow. condition: true
2024-01-08 15:05:54.614 [DEBUG] [thread-id 1] - Scroll: down
2024-01-08 15:06:20.307 [DEBUG] [thread-id 1] - Resetting scrollPosition variable to default
2024-01-08 15:06:20.307 [DEBUG] [thread-id 1] - Store in: store the value 'null' in the variable 'scrollPosition'
2024-01-08 15:06:20.307 [DEBUG] [thread-id 1] - Store in: store the value 'null' in the variable 'identifierScope'
2024-01-08 15:06:20.308 [DEBUG] [thread-id 1] - Store in: store the value 'null' in the variable 'limit'
2024-01-08 15:06:20.311 [DEBUG] [thread-id 1] - Executing function: 'us.functions.utils.fetchAmountDisplayed'
2024-01-08 15:06:20.311 [DEBUG] [thread-id 1] - Fetching only numeric value of given amount/count identifier
2024-01-08 15:06:20.311 [DEBUG] [thread-id 1] - Attribute - label
2024-01-08 15:06:20.311 [DEBUG] [thread-id 1] - conditionally execute a flow. condition: false
2024-01-08 15:06:22.084 [DEBUG] [thread-id 1] - get string: from '//*[@name="POSLineItemView.rightLabel" and contains(@label,"Subtotal")] | //*[@name="POSLineItemView.leftLabel" and contains(@label, "Subtotal") and not(contains(@label, "Old"))]' [type='label']
2024-01-08 15:06:22.087 [DEBUG] [thread-id 1] - Amount displayed value Subtotal (1 item), $9.98
2024-01-08 15:06:22.087 [DEBUG] [thread-id 1] - Execute Node: 'us/test/helpers/splitString.js'
2024-01-08 15:06:22.151 [DEBUG] [thread-id 1] - Execute Node: 'us/test/helpers/splitString.js'
2024-01-08 15:06:22.208 [DEBUG] [thread-id 1] - Store in: store the value 'null' in the variable 'attribute'
2024-01-08 15:06:22.209 [DEBUG] [thread-id 1] - Numeric amount value 9.98
2024-01-08 15:06:22.209 [DEBUG] [thread-id 1] - conditionally execute a flow. condition: false
2024-01-08 15:06:23.274 [DEBUG] [thread-id 1] - conditionally execute a flow. condition: true
2024-01-08 15:06:45.258 [DEBUG] [thread-id 1] - Main failed: Is present: '(//XCUIElementTypeStaticText[@name="POSLineItemView.rightLabel" and contains(@label, "$0")])'
2024-01-08 15:06:46.361 [DEBUG] [thread-id 1] - Executing scenario: 'After'
2024-01-08 15:06:46.362 [DEBUG] [thread-id 1] - Executing function: 'us.functions.utils.afterSteps'
2024-01-08 15:06:46.362 [WARN] [thread-id 1] - variable testStatus was used, but r2 could not find a value for this variable. returning default of null
2024-01-08 15:06:46.362 [DEBUG] [thread-id 1] - conditionally execute a flow. condition: false
2024-01-08 15:06:47.415 [DEBUG] [thread-id 1] - Test failed
2024-01-08 15:07:08.206 [DEBUG] [thread-id 1] - Created report: /Users/m0k0a2f/glass-automation/report/index.html
2024-01-08 15:36:52.620 [DEBUG] [thread-id 1] - Executing R2 3.38.1: '/Users/m0k0a2f/glass-automation/./us/test/test-scripts/ios/prod-flows/Ecomm-And-Fulfillment-Flows/store-single-fulfillment-flows/C2644789-glass-sc-scheduled-delivery.yaml' on device: 'iPhone 14'
2024-01-08 15:37:37.726 [DEBUG] [thread-id 1] - Executing scenario: 'Before'
2024-01-08 15:37:37.728 [DEBUG] [thread-id 1] - R2_SUBFLOW_PRE_TRANSACTION
2024-01-08 15:37:37.876 [DEBUG] [thread-id 1] - Using us-errors-helpers.yaml
2024-01-08 15:37:38.011 [DEBUG] [thread-id 1] - Start Main
2024-01-08 15:37:38.013 [DEBUG] [thread-id 1] - Executing function: 'us.functions.global.onboarding.navigateOnboardingToHome'
2024-01-08 15:37:38.014 [DEBUG] [thread-id 1] - Executing function: 'us.function.utils.getEnvironmentValue'
2024-01-08 15:37:38.015 [DEBUG] [thread-id 1] - Store in: store the value 'production' in the variable 'env'
2024-01-08 15:37:38.023 [DEBUG] [thread-id 1] - Welcome screen loaded
2024-01-08 15:37:38.025 [DEBUG] [thread-id 1] - Verify identifier: {SignUpNudgeWelcomeViewController.titleLabel=[true]}
2024-01-08 15:37:48.125 [DEBUG] [thread-id 1] - conditionally execute a flow. condition: false
2024-01-08 15:37:48.282 [DEBUG] [thread-id 1] - Click element: 'cta.cancel.welcome'
2024-01-08 15:37:48.731 [DEBUG] [thread-id 1] - Notifiction Prompt screen loaded
2024-01-08 15:37:49.133 [DEBUG] [thread-id 1] - Verify identifier: {NotificationPermissionViewController.titleLabel=[true]}
2024-01-08 15:37:49.179 [DEBUG] [thread-id 1] - Click element: 'cta.cancel.notifications'
2024-01-08 15:37:49.583 [DEBUG] [thread-id 1] - location screen loaded
2024-01-08 15:38:10.468 [DEBUG] [thread-id 1] - Main failed: Is not present: 'LocationPermissionViewController.titleLabel', 'LocationPermissionViewController.bodyLabel'
2024-01-08 15:38:10.607 [DEBUG] [thread-id 1] - Executing scenario: 'After'
2024-01-08 15:38:10.608 [DEBUG] [thread-id 1] - Executing function: 'us.functions.utils.afterSteps'
2024-01-08 15:38:10.608 [WARN] [thread-id 1] - variable testStatus was used, but r2 could not find a value for this variable. returning default of null
2024-01-08 15:38:10.609 [DEBUG] [thread-id 1] - conditionally execute a flow. condition: false
2024-01-08 15:38:10.741 [DEBUG] [thread-id 1] - Test failed
2024-01-08 15:38:39.100 [DEBUG] [thread-id 1] - Created report: /Users/m0k0a2f/glass-automation/report/index.html
2024-01-08 15:43:12.111 [DEBUG] [thread-id 1] - Executing R2 3.38.1: '/Users/m0k0a2f/glass-automation/./us/test/test-scripts/ios/prod-flows/Ecomm-And-Fulfillment-Flows/store-single-fulfillment-flows/C2644789-glass-sc-scheduled-delivery.yaml' on device: 'iPhone 14'
2024-01-08 15:43:55.749 [DEBUG] [thread-id 1] - Executing scenario: 'Before'
2024-01-08 15:43:55.751 [DEBUG] [thread-id 1] - R2_SUBFLOW_PRE_TRANSACTION
2024-01-08 15:43:55.929 [DEBUG] [thread-id 1] - Using us-errors-helpers.yaml
2024-01-08 15:43:56.078 [DEBUG] [thread-id 1] - Start Main
2024-01-08 15:43:56.080 [DEBUG] [thread-id 1] - Executing function: 'us.functions.global.onboarding.navigateOnboardingToHome'
2024-01-08 15:43:56.081 [DEBUG] [thread-id 1] - Executing function: 'us.function.utils.getEnvironmentValue'
2024-01-08 15:43:56.082 [DEBUG] [thread-id 1] - Store in: store the value 'production' in the variable 'env'
2024-01-08 15:43:56.091 [DEBUG] [thread-id 1] - Welcome screen loaded
2024-01-08 15:43:56.094 [DEBUG] [thread-id 1] - Verify identifier: {SignUpNudgeWelcomeViewController.titleLabel=[true]}
2024-01-08 15:44:06.145 [DEBUG] [thread-id 1] - conditionally execute a flow. condition: false
2024-01-08 15:44:06.316 [DEBUG] [thread-id 1] - Click element: 'cta.cancel.welcome'
2024-01-08 15:44:06.771 [DEBUG] [thread-id 1] - Notifiction Prompt screen loaded
2024-01-08 15:44:07.158 [DEBUG] [thread-id 1] - Verify identifier: {NotificationPermissionViewController.titleLabel=[true]}
2024-01-08 15:44:07.204 [DEBUG] [thread-id 1] - Click element: 'cta.cancel.notifications'
2024-01-08 15:44:07.615 [DEBUG] [thread-id 1] - location screen loaded
2024-01-08 15:44:07.796 [DEBUG] [thread-id 1] - Verify identifier: {LocationPermissionViewController.titleLabel=[true], LocationPermissionViewController.bodyLabel=[true]}
2024-01-08 15:44:07.840 [DEBUG] [thread-id 1] - Click element: 'cta.cancel.location'
2024-01-08 15:44:08.443 [DEBUG] [thread-id 1] - Verify identifier: {label.postal-code-entry=[true]}
2024-01-08 15:44:08.490 [DEBUG] [thread-id 1] - Enter text: '95122'
2024-01-08 15:44:09.882 [DEBUG] [thread-id 1] - Click element: 'cta.continue'
2024-01-08 15:44:10.405 [DEBUG] [thread-id 1] - sleep:  3000 milliseconds
2024-01-08 15:44:13.411 [DEBUG] [thread-id 1] - loop: from 0 to 3
2024-01-08 15:44:13.667 [DEBUG] [thread-id 1] - 0
2024-01-08 15:44:23.996 [DEBUG] [thread-id 1] - conditionally execute a flow. condition: false
2024-01-08 15:44:34.369 [DEBUG] [thread-id 1] - Observed IDFA Sscreen
2024-01-08 15:44:34.571 [DEBUG] [thread-id 1] - conditionally execute a flow. condition: true
2024-01-08 15:44:34.771 [DEBUG] [thread-id 1] - Verify identifier: {ATTPermissionViewController.titleLabel=[true], ATTPermissionViewController.bodyLabel=[true]}
2024-01-08 15:44:35.021 [DEBUG] [thread-id 1] - Click element: 'cta.continue.location'
2024-01-08 15:44:37.835 [DEBUG] [thread-id 1] - Click element: '//XCUIElementTypeButton[@name="Ask App Not to Track"] | //XCUIElementTypeButton[@name="Solicitar a la app no rastrear"]'
2024-01-08 15:44:49.060 [DEBUG] [thread-id 1] - conditionally execute a flow. condition: false
2024-01-08 15:44:49.812 [DEBUG] [thread-id 1] - modal is not displayed
2024-01-08 15:44:59.922 [DEBUG] [thread-id 1] - Executing function: 'us.functions.gic.collapseIfExpanded'
2024-01-08 15:45:01.815 [DEBUG] [thread-id 1] - GIC already collapsed
2024-01-08 15:45:01.826 [DEBUG] [thread-id 1] - Executing function: 'us.functions.home.navigateHomeToSignIn'
2024-01-08 15:45:01.827 [DEBUG] [thread-id 1] - sleep:  3000 milliseconds
2024-01-08 15:45:16.058 [DEBUG] [thread-id 1] - Click element: 'tab-account-unselected'
2024-01-08 15:45:17.253 [DEBUG] [thread-id 1] - Verify identifier: {SignInYourAccountTableViewCell.signInButton=[true]}
2024-01-08 15:45:17.253 [DEBUG] [thread-id 1] - loop: from 1 to 3
2024-01-08 15:45:17.771 [DEBUG] [thread-id 1] - conditionally execute a flow. condition: true
2024-01-08 15:45:18.410 [DEBUG] [thread-id 1] - Click element: 'SignInYourAccountTableViewCell.signInButton'
2024-01-08 15:45:21.907 [DEBUG] [thread-id 1] - Verify identifier: {WelcomeView.emailField=[true]}
2024-01-08 15:45:23.134 [DEBUG] [thread-id 1] - Store in: store the value 'true' in the variable 'signInValidated'
2024-01-08 15:45:24.374 [DEBUG] [thread-id 1] - conditionally execute a flow. condition: true
2024-01-08 15:45:25.611 [DEBUG] [thread-id 1] - SignIn page loaded
2024-01-08 15:45:26.842 [DEBUG] [thread-id 1] - Store in: store the value 'false' in the variable 'signInValidated'
2024-01-08 15:45:26.847 [DEBUG] [thread-id 1] - Executing function: 'us.functions.global.authentication.signInAccount2'
2024-01-08 15:45:28.091 [DEBUG] [thread-id 1] - Verify identifier: {WelcomeView.emailField=[true]}
2024-01-08 15:45:28.260 [DEBUG] [thread-id 1] - Enter text: 'prod.flow004@cloudtest.org'
2024-01-08 15:45:30.114 [DEBUG] [thread-id 1] - Click element: 'WelcomeView.ctaButton'
2024-01-08 15:45:30.865 [DEBUG] [thread-id 1] - Executing function: 'us.functions.global.navigation.accountToHome'
2024-01-08 15:45:30.865 [DEBUG] [thread-id 1] - Verify identifier: {Shop=[true]}
2024-01-08 15:45:30.866 [DEBUG] [thread-id 1] - sleep:  2000 milliseconds
2024-01-08 15:45:33.075 [DEBUG] [thread-id 1] - Click element: 'Shop'
2024-01-08 15:45:40.446 [DEBUG] [thread-id 1] - Executing function: 'us.functions.home.closeWPlusPromotionPopUpIfDisplayed'
2024-01-08 15:45:50.520 [DEBUG] [thread-id 1] - No Wplus pop up displayed
2024-01-08 15:46:12.118 [DEBUG] [thread-id 1] - Main failed: Is not present: 'Search Walmart'
2024-01-08 15:46:13.451 [DEBUG] [thread-id 1] - Executing scenario: 'After'
2024-01-08 15:46:13.452 [DEBUG] [thread-id 1] - Executing function: 'us.functions.utils.afterSteps'
2024-01-08 15:46:13.452 [WARN] [thread-id 1] - variable testStatus was used, but r2 could not find a value for this variable. returning default of null
2024-01-08 15:46:13.453 [DEBUG] [thread-id 1] - conditionally execute a flow. condition: false
2024-01-08 15:46:14.745 [DEBUG] [thread-id 1] - Test failed
2024-01-08 15:46:24.267 [DEBUG] [thread-id 1] - Created report: /Users/m0k0a2f/glass-automation/report/index.html
2024-01-08 15:50:52.191 [DEBUG] [thread-id 1] - Executing R2 3.38.1: '/Users/m0k0a2f/glass-automation/./us/test/test-scripts/ios/prod-flows/Ecomm-And-Fulfillment-Flows/store-single-fulfillment-flows/C2644789-glass-sc-scheduled-delivery.yaml' on device: 'iPhone 14'
2024-01-08 15:51:37.626 [DEBUG] [thread-id 1] - Executing scenario: 'Before'
2024-01-08 15:51:37.628 [DEBUG] [thread-id 1] - R2_SUBFLOW_PRE_TRANSACTION
2024-01-08 15:51:37.762 [DEBUG] [thread-id 1] - Using us-errors-helpers.yaml
2024-01-08 15:51:37.894 [DEBUG] [thread-id 1] - Start Main
2024-01-08 15:51:37.899 [DEBUG] [thread-id 1] - Executing function: 'us.functions.global.onboarding.navigateOnboardingToHome'
2024-01-08 15:51:37.901 [DEBUG] [thread-id 1] - Executing function: 'us.function.utils.getEnvironmentValue'
2024-01-08 15:51:37.901 [DEBUG] [thread-id 1] - Store in: store the value 'production' in the variable 'env'
2024-01-08 15:51:37.910 [DEBUG] [thread-id 1] - Welcome screen loaded
2024-01-08 15:51:37.912 [DEBUG] [thread-id 1] - Verify identifier: {SignUpNudgeWelcomeViewController.titleLabel=[true]}
2024-01-08 15:51:47.927 [DEBUG] [thread-id 1] - conditionally execute a flow. condition: false
2024-01-08 15:51:48.087 [DEBUG] [thread-id 1] - Click element: 'cta.cancel.welcome'
2024-01-08 15:51:48.518 [DEBUG] [thread-id 1] - Notifiction Prompt screen loaded
2024-01-08 15:51:48.909 [DEBUG] [thread-id 1] - Verify identifier: {NotificationPermissionViewController.titleLabel=[true]}
2024-01-08 15:51:48.953 [DEBUG] [thread-id 1] - Click element: 'cta.cancel.notifications'
2024-01-08 15:51:49.364 [DEBUG] [thread-id 1] - location screen loaded
2024-01-08 15:52:10.078 [DEBUG] [thread-id 1] - Main failed: Is not present: 'LocationPermissionViewController.titleLabel', 'LocationPermissionViewController.bodyLabel'
2024-01-08 15:52:10.216 [DEBUG] [thread-id 1] - Executing scenario: 'After'
2024-01-08 15:52:10.217 [DEBUG] [thread-id 1] - Executing function: 'us.functions.utils.afterSteps'
2024-01-08 15:52:10.218 [WARN] [thread-id 1] - variable testStatus was used, but r2 could not find a value for this variable. returning default of null
2024-01-08 15:52:10.219 [DEBUG] [thread-id 1] - conditionally execute a flow. condition: false
2024-01-08 15:52:10.346 [DEBUG] [thread-id 1] - Test failed
2024-01-08 15:52:14.569 [DEBUG] [thread-id 1] - Created report: /Users/m0k0a2f/glass-automation/report/index.html
2024-01-08 16:10:22.456 [DEBUG] [thread-id 1] - Executing R2 3.38.1: '/Users/m0k0a2f/glass-automation/./us/test/test-scripts/ios/prod-flows/Ecomm-And-Fulfillment-Flows/store-single-fulfillment-flows/C2644789-glass-sc-scheduled-delivery.yaml' on device: 'iPhone 14'
2024-01-08 16:11:07.159 [DEBUG] [thread-id 1] - Executing scenario: 'Before'
2024-01-08 16:11:07.161 [DEBUG] [thread-id 1] - R2_SUBFLOW_PRE_TRANSACTION
2024-01-08 16:11:07.297 [DEBUG] [thread-id 1] - Using us-errors-helpers.yaml
2024-01-08 16:11:07.431 [DEBUG] [thread-id 1] - Start Main
2024-01-08 16:11:07.433 [DEBUG] [thread-id 1] - Executing function: 'us.functions.global.onboarding.navigateOnboardingToHome'
2024-01-08 16:11:07.434 [DEBUG] [thread-id 1] - Executing function: 'us.function.utils.getEnvironmentValue'
2024-01-08 16:11:07.435 [DEBUG] [thread-id 1] - Store in: store the value 'production' in the variable 'env'
2024-01-08 16:11:07.443 [DEBUG] [thread-id 1] - Welcome screen loaded
2024-01-08 16:11:07.446 [DEBUG] [thread-id 1] - Verify identifier: {SignUpNudgeWelcomeViewController.titleLabel=[true]}
2024-01-08 16:11:17.453 [DEBUG] [thread-id 1] - conditionally execute a flow. condition: false
2024-01-08 16:11:17.616 [DEBUG] [thread-id 1] - Click element: 'cta.cancel.welcome'
2024-01-08 16:11:18.059 [DEBUG] [thread-id 1] - Notifiction Prompt screen loaded
2024-01-08 16:11:18.447 [DEBUG] [thread-id 1] - Verify identifier: {NotificationPermissionViewController.titleLabel=[true]}
2024-01-08 16:11:18.494 [DEBUG] [thread-id 1] - Click element: 'cta.cancel.notifications'
2024-01-08 16:11:18.917 [DEBUG] [thread-id 1] - location screen loaded
2024-01-08 16:11:39.782 [DEBUG] [thread-id 1] - Main failed: Is not present: 'LocationPermissionViewController.titleLabel', 'LocationPermissionViewController.bodyLabel'
2024-01-08 16:11:39.923 [DEBUG] [thread-id 1] - Executing scenario: 'After'
2024-01-08 16:11:39.924 [DEBUG] [thread-id 1] - Executing function: 'us.functions.utils.afterSteps'
2024-01-08 16:11:39.925 [WARN] [thread-id 1] - variable testStatus was used, but r2 could not find a value for this variable. returning default of null
2024-01-08 16:11:39.926 [DEBUG] [thread-id 1] - conditionally execute a flow. condition: false
2024-01-08 16:11:40.057 [DEBUG] [thread-id 1] - Test failed
2024-01-08 16:11:44.058 [DEBUG] [thread-id 1] - Created report: /Users/m0k0a2f/glass-automation/report/index.html
2024-01-08 16:14:08.016 [DEBUG] [thread-id 1] - Executing R2 3.38.1: '/Users/m0k0a2f/glass-automation/./us/test/test-scripts/ios/prod-flows/Ecomm-And-Fulfillment-Flows/store-single-fulfillment-flows/C2644789-glass-sc-scheduled-delivery.yaml' on device: 'iPhone 14'
2024-01-08 16:14:51.519 [DEBUG] [thread-id 1] - Executing scenario: 'Before'
2024-01-08 16:14:51.520 [DEBUG] [thread-id 1] - R2_SUBFLOW_PRE_TRANSACTION
2024-01-08 16:14:51.657 [DEBUG] [thread-id 1] - Using us-errors-helpers.yaml
2024-01-08 16:14:51.791 [DEBUG] [thread-id 1] - Start Main
2024-01-08 16:14:51.793 [DEBUG] [thread-id 1] - Executing function: 'us.functions.global.onboarding.navigateOnboardingToHome'
2024-01-08 16:14:51.794 [DEBUG] [thread-id 1] - Executing function: 'us.function.utils.getEnvironmentValue'
2024-01-08 16:14:51.795 [DEBUG] [thread-id 1] - Store in: store the value 'production' in the variable 'env'
2024-01-08 16:14:51.803 [DEBUG] [thread-id 1] - Welcome screen loaded
2024-01-08 16:14:51.805 [DEBUG] [thread-id 1] - Verify identifier: {SignUpNudgeWelcomeViewController.titleLabel=[true]}
2024-01-08 16:15:01.877 [DEBUG] [thread-id 1] - conditionally execute a flow. condition: false
2024-01-08 16:15:02.044 [DEBUG] [thread-id 1] - Click element: 'cta.cancel.welcome'
2024-01-08 16:15:02.479 [DEBUG] [thread-id 1] - Notifiction Prompt screen loaded
2024-01-08 16:15:02.934 [DEBUG] [thread-id 1] - Verify identifier: {NotificationPermissionViewController.titleLabel=[true]}
2024-01-08 16:15:02.983 [DEBUG] [thread-id 1] - Click element: 'cta.cancel.notifications'
2024-01-08 16:15:03.406 [DEBUG] [thread-id 1] - location screen loaded
2024-01-08 16:15:03.587 [DEBUG] [thread-id 1] - Verify identifier: {LocationPermissionViewController.titleLabel=[true], LocationPermissionViewController.bodyLabel=[true]}
2024-01-08 16:15:03.633 [DEBUG] [thread-id 1] - Click element: 'cta.cancel.location'
2024-01-08 16:15:04.232 [DEBUG] [thread-id 1] - Verify identifier: {label.postal-code-entry=[true]}
2024-01-08 16:15:04.280 [DEBUG] [thread-id 1] - Enter text: '95122'
2024-01-08 16:15:05.470 [DEBUG] [thread-id 1] - Click element: 'cta.continue'
2024-01-08 16:15:05.938 [DEBUG] [thread-id 1] - sleep:  3000 milliseconds
2024-01-08 16:15:08.944 [DEBUG] [thread-id 1] - loop: from 0 to 3
2024-01-08 16:15:09.191 [DEBUG] [thread-id 1] - 0
2024-01-08 16:15:19.685 [DEBUG] [thread-id 1] - conditionally execute a flow. condition: false
2024-01-08 16:15:30.183 [DEBUG] [thread-id 1] - Observed IDFA Sscreen
2024-01-08 16:15:30.393 [DEBUG] [thread-id 1] - conditionally execute a flow. condition: true
2024-01-08 16:15:30.597 [DEBUG] [thread-id 1] - Verify identifier: {ATTPermissionViewController.titleLabel=[true], ATTPermissionViewController.bodyLabel=[true]}
2024-01-08 16:15:30.845 [DEBUG] [thread-id 1] - Click element: 'cta.continue.location'
2024-01-08 16:15:33.577 [DEBUG] [thread-id 1] - Click element: '//XCUIElementTypeButton[@name="Ask App Not to Track"] | //XCUIElementTypeButton[@name="Solicitar a la app no rastrear"]'
2024-01-08 16:15:44.464 [DEBUG] [thread-id 1] - conditionally execute a flow. condition: false
2024-01-08 16:15:45.169 [DEBUG] [thread-id 1] - modal is not displayed
2024-01-08 16:15:55.536 [DEBUG] [thread-id 1] - Executing function: 'us.functions.gic.collapseIfExpanded'
2024-01-08 16:15:57.265 [DEBUG] [thread-id 1] - GIC already collapsed
2024-01-08 16:15:57.270 [DEBUG] [thread-id 1] - Executing function: 'us.functions.home.navigateHomeToSignIn'
2024-01-08 16:15:57.270 [DEBUG] [thread-id 1] - sleep:  3000 milliseconds
2024-01-08 16:16:11.829 [DEBUG] [thread-id 1] - Click element: 'tab-account-unselected'
2024-01-08 16:16:12.972 [DEBUG] [thread-id 1] - Verify identifier: {SignInYourAccountTableViewCell.signInButton=[true]}
2024-01-08 16:16:12.973 [DEBUG] [thread-id 1] - loop: from 1 to 3
2024-01-08 16:16:13.477 [DEBUG] [thread-id 1] - conditionally execute a flow. condition: true
2024-01-08 16:16:14.077 [DEBUG] [thread-id 1] - Click element: 'SignInYourAccountTableViewCell.signInButton'
2024-01-08 16:16:17.286 [DEBUG] [thread-id 1] - Verify identifier: {WelcomeView.emailField=[true]}
2024-01-08 16:16:18.483 [DEBUG] [thread-id 1] - Store in: store the value 'true' in the variable 'signInValidated'
2024-01-08 16:16:19.675 [DEBUG] [thread-id 1] - conditionally execute a flow. condition: true
2024-01-08 16:16:20.863 [DEBUG] [thread-id 1] - SignIn page loaded
2024-01-08 16:16:22.057 [DEBUG] [thread-id 1] - Store in: store the value 'false' in the variable 'signInValidated'
2024-01-08 16:16:22.067 [DEBUG] [thread-id 1] - Executing function: 'us.functions.global.authentication.signInAccount2'
2024-01-08 16:16:23.268 [DEBUG] [thread-id 1] - Verify identifier: {WelcomeView.emailField=[true]}
2024-01-08 16:16:23.425 [DEBUG] [thread-id 1] - Enter text: 'prod.flow004@cloudtest.org'
2024-01-08 16:16:25.234 [DEBUG] [thread-id 1] - Click element: 'WelcomeView.ctaButton'
2024-01-08 16:16:28.764 [DEBUG] [thread-id 1] - Verify identifier: {OTPView.passwordTextField=[true]}
2024-01-08 16:16:28.928 [DEBUG] [thread-id 1] - Enter text: 'E2epassword$'
2024-01-08 16:16:30.373 [DEBUG] [thread-id 1] - Click element: 'OTPView.ctaButton'
2024-01-08 16:16:31.094 [DEBUG] [thread-id 1] - Executing function: 'us.functions.global.navigation.accountToHome'
2024-01-08 16:16:31.094 [DEBUG] [thread-id 1] - Verify identifier: {Shop=[true]}
2024-01-08 16:16:31.094 [DEBUG] [thread-id 1] - sleep:  2000 milliseconds
2024-01-08 16:16:52.653 [DEBUG] [thread-id 1] - Click element: 'Shop'
2024-01-08 16:16:53.786 [DEBUG] [thread-id 1] - Executing function: 'us.functions.home.closeWPlusPromotionPopUpIfDisplayed'
2024-01-08 16:16:55.487 [DEBUG] [thread-id 1] - Verify identifier: {//XCUIElementTypeButton[@name="SplashPageTermView.primaryButton"]|//XCUIElementTypeButton[@name="WalmartPlusSplashBottomSheet.tryWalmartPlusMemberShipButton"] | //XCUIElementTypeButton[@label="Try your rewards benefit"] | //XCUIElementTypeButton[@name="BenefitEngagementTempoContainerView.primaryButton"]=[true]}
2024-01-08 16:16:57.040 [DEBUG] [thread-id 1] - Click element: '//XCUIElementTypeButton[@name="SplashPageViewController.closeButton" or contains(@label, "Close Walmart plus promotional pop up")] | //XCUIElementTypeNavigationBar[@name="WalmartPlus.SplashPageView"]/XCUIElementTypeButton | //XCUIElementTypeButton[@name="close" or @name="Close"] | //XCUIElementTypeButton[@name="SplashPageViewController.fullScreenCloseButton"] | //XCUIElementTypeButton[@name="MultiSplashViewController.fullScreenCloseButton"]'
2024-01-08 16:16:58.546 [DEBUG] [thread-id 1] - Verify identifier: {Search Walmart=[true]}
2024-01-08 16:16:58.547 [DEBUG] [thread-id 1] - Executing function: 'us.functions.global.navigation.toCartFromNavBar'
2024-01-08 16:16:58.896 [DEBUG] [thread-id 1] - Verify identifier: {//XCUIElementTypeButton[contains(@label, "Your cart")] | //XCUIElementTypeButton[(@name="SearchResultsViewController.cartButton") or (contains(@label,"Your cart contains") and contains(@label,"The estimated total is")) or (@label="Your cart is empty")]=[true]}
2024-01-08 16:16:59.245 [DEBUG] [thread-id 1] - Click element: '//XCUIElementTypeButton[contains(@label, "Your cart")] | //XCUIElementTypeButton[(@name="SearchResultsViewController.cartButton") or (contains(@label,"Your cart contains") and contains(@label,"The estimated total is")) or (@label="Your cart is empty")]'
2024-01-08 16:17:05.602 [DEBUG] [thread-id 1] - Verify identifier: {//XCUIElementTypeStaticText[@name="CartDetailsViewController.headerCartLabel"] | //XCUIElementTypeStaticText[@name="CartEmptyStateViewController.titleLabel" and not(contains(@label,"We're sorry!"))]=[true]}
2024-01-08 16:17:05.625 [DEBUG] [thread-id 1] - Executing function: 'us.functions.cart.removeUnavailableItemsFromCart'
2024-01-08 16:17:15.667 [DEBUG] [thread-id 1] - Executing function: 'us.functions.cart.removeAllCartItems'
2024-01-08 16:17:15.668 [DEBUG] [thread-id 1] - Executing function: 'us.functions.cart.storeChangePopUp'
2024-01-08 16:17:25.727 [DEBUG] [thread-id 1] - Executing function: 'us.functions.cart.seeDetails'
2024-01-08 16:17:25.728 [DEBUG] [thread-id 1] - loop: from 0 to 3
2024-01-08 16:17:28.218 [DEBUG] [thread-id 1] - 0
2024-01-08 16:17:37.108 [DEBUG] [thread-id 1] - No See details in Cart
2024-01-08 16:17:39.633 [DEBUG] [thread-id 1] - loop: from 0 to 5
2024-01-08 16:17:42.172 [DEBUG] [thread-id 1] - 0
2024-01-08 16:17:44.704 [DEBUG] [thread-id 1] - Executing function: 'us.functions.cart.storeChangePopUp'
2024-01-08 16:17:57.235 [DEBUG] [thread-id 1] - Executing function: 'us.functions.cart.walmartAssistantPopup'
2024-01-08 16:18:14.757 [DEBUG] [thread-id 1] - Smart Budge view not displayed
2024-01-08 16:18:21.322 [DEBUG] [thread-id 1] - Verify identifier: {//XCUIElementTypeButton[contains(@label, "Remove and continue")] | //XCUIElementTypeButton[@name="Remove" or @name = "CartItemTileView.remove"]=[true]}
2024-01-08 16:18:43.618 [DEBUG] [thread-id 1] - Click element: '//XCUIElementTypeButton[contains(@label, "Remove and continue")] | //XCUIElementTypeButton[@name="Remove" or @name = "CartItemTileView.remove"]'
2024-01-08 16:18:46.698 [DEBUG] [thread-id 1] - 1
2024-01-08 16:19:17.652 [DEBUG] [thread-id 1] - Smart Budge view not displayed
2024-01-08 16:19:23.239 [DEBUG] [thread-id 1] - No Items in Cart to Remove
2024-01-08 16:19:24.819 [DEBUG] [thread-id 1] - Executing function: 'us.functions.global.navigation.backNavigation'
2024-01-08 16:19:24.819 [DEBUG] [thread-id 1] - sleep:  3000 milliseconds
2024-01-08 16:19:31.852 [DEBUG] [thread-id 1] - Click element: '//XCUIElementTypeButton[@name="Back" or @label="Back"] | //XCUIElementTypeButton[@name="Shop"] | //XCUIElementTypeButton[@name="Home"]| //XCUIElementTypeButton[@name="Registries"] | //XCUIElementTypeButton[@name="My Items"]'
2024-01-08 16:19:32.562 [DEBUG] [thread-id 1] - Executing function: 'us.functions.home.setStore'
2024-01-08 16:19:32.564 [DEBUG] [thread-id 1] - conditionally execute a flow. condition: true
2024-01-08 16:19:33.805 [DEBUG] [thread-id 1] - Executing function: 'us.functions.home.changeStore'
2024-01-08 16:19:33.806 [DEBUG] [thread-id 1] - Executing function: 'us.functions.home.closeWPlusPromotionPopUpIfDisplayed'
2024-01-08 16:19:41.503 [DEBUG] [thread-id 1] - No Wplus pop up displayed
2024-01-08 16:19:41.510 [DEBUG] [thread-id 1] - Executing function: 'us.functions.gic.expandIfCollapsed'
2024-01-08 16:19:42.597 [DEBUG] [thread-id 1] - Verify identifier: {//*[contains(@label,"Collapsed")] | //*[contains(@name,"Collapsed")]=[true]}
2024-01-08 16:19:43.690 [DEBUG] [thread-id 1] - Click element: '//*[contains(@label,"Collapsed")] | //*[contains(@name,"Collapsed")]'
2024-01-08 16:19:44.209 [WARN] [thread-id 1] - variable storeOnly was used, but r2 could not find a value for this variable. returning default of null
2024-01-08 16:19:44.210 [DEBUG] [thread-id 1] - conditionally execute a flow. condition: true
2024-01-08 16:19:55.295 [DEBUG] [thread-id 1] - conditionally execute a flow. condition: false
2024-01-08 16:20:08.112 [DEBUG] [thread-id 1] - Click element: '//XCUIElementTypeButton[@name="GlobalIntentCenter.Pickup"] | //XCUIElementTypeButton[contains(@name, "Pickup") and contains(@name,"1 of 2")]'
2024-01-08 16:20:09.144 [DEBUG] [thread-id 1] - Pickup intent selected
2024-01-08 16:20:12.491 [DEBUG] [thread-id 1] - Click element: '//XCUIElementTypeCollectionView[@name="GlobalIntentCenterViewController.collectionView"]//XCUIElementTypeCell[position()=last()-2 or position()=last()-1]//*[@name="GlobalIntentCenter.FullLocation" and contains(@label,"Pickup")] | //XCUIElementTypeOther[@name="LayoutableChildStackViewController.stackView"]/XCUIElementTypeOther[position()=last()]//XCUIElementTypeOther[@name="HoTLocationsItemDetailsView.containerView"]'
2024-01-08 16:20:23.068 [DEBUG] [thread-id 1] - conditionally execute a flow. condition: false
2024-01-08 16:20:28.961 [DEBUG] [thread-id 1] - Enter text: '95122'
2024-01-08 16:20:38.154 [DEBUG] [thread-id 1] - Click element: '(//XCUIElementTypeButton[@name="StoreSelectionCell.radioButton"])[1] | (//XCUIElementTypeOther[@name="StoreSelectionCell.radioLabelsStackView"])[1]'
2024-01-08 16:20:45.505 [DEBUG] [thread-id 1] - Click element: '//XCUIElementTypeButton[@name="SaveStoreSelectionView.saveButton"]'
2024-01-08 16:20:49.564 [DEBUG] [thread-id 1] - Executing function: 'us.functions.utils.handleTechnicalErrorPopup'
2024-01-08 16:20:49.565 [DEBUG] [thread-id 1] - Store in: store the value 'false' in the variable 'errorRemoved'
2024-01-08 16:20:49.565 [DEBUG] [thread-id 1] - sleep:  5000 milliseconds
2024-01-08 16:20:54.572 [DEBUG] [thread-id 1] - loop: from 0 to 3
2024-01-08 16:20:55.257 [DEBUG] [thread-id 1] - 0
2024-01-08 16:21:06.007 [DEBUG] [thread-id 1] - conditionally execute a flow. condition: false
2024-01-08 16:21:06.667 [DEBUG] [thread-id 1] - Store in: store the value 'true' in the variable 'errorRemoved'
2024-01-08 16:21:07.328 [DEBUG] [thread-id 1] - No Technical Error Pop up observed
2024-01-08 16:21:18.650 [DEBUG] [thread-id 1] - sleep:  2000 milliseconds
2024-01-08 16:21:20.905 [DEBUG] [thread-id 1] - conditionally execute a flow. condition: true
2024-01-08 16:21:21.560 [DEBUG] [thread-id 1] - Executing function: 'us.functions.gic.collapseIfExpanded'
2024-01-08 16:21:22.539 [DEBUG] [thread-id 1] - Verify identifier: {//*[contains(@label,"Expanded")] | //*[contains(@name,"Expanded")]=[true]}
2024-01-08 16:21:23.191 [DEBUG] [thread-id 1] - Collapsing GIC screen
2024-01-08 16:21:24.204 [DEBUG] [thread-id 1] - Click element: '//*[contains(@label,"Expanded")] | //*[contains(@name,"Expanded")]'
2024-01-08 16:21:25.855 [DEBUG] [thread-id 1] - Verify identifier: {//*[contains(@label,"Collapsed")] | //*[contains(@name,"Collapsed")]=[true]}
2024-01-08 16:21:25.862 [DEBUG] [thread-id 1] - Executing function: 'us.functions.search.searchItem'
2024-01-08 16:21:25.863 [DEBUG] [thread-id 1] - Verify identifier: {Search=[true]}
2024-01-08 16:21:26.000 [DEBUG] [thread-id 1] - Click element: 'Search'
2024-01-08 16:21:27.525 [DEBUG] [thread-id 1] - Verify identifier: {Search Walmart=[true]}
2024-01-08 16:21:30.659 [DEBUG] [thread-id 1] - Click element: 'Search Walmart'
2024-01-08 16:21:31.291 [DEBUG] [thread-id 1] - Enter text: 'tshirt'
2024-01-08 16:21:32.575 [DEBUG] [thread-id 1] - Executing function: 'us.functions.search.closeHowDoYouWantYourOrderBottomTray'
2024-01-08 16:21:38.560 [DEBUG] [thread-id 1] - How do you want pop up not displayed
2024-01-08 16:21:48.829 [DEBUG] [thread-id 1] - Executing function: 'us.functions.utils.scrollIfNotVisible'
2024-01-08 16:21:49.848 [DEBUG] [thread-id 1] - Verify identifier: {(//XCUIElementTypeButton[@name="GlassProductTile.mainStackView"])[1] | //XCUIElementTypeOther[contains(@name,"ProductImageView.stackView")] | //*[contains(@name,"ProductSectionCoordinator_searchPrimaryProductCell")] | //XCUIElementTypeCell[contains(@name,"ProductSectionCoordinator_searchPrimaryProductCell_indexPath")] | (//XCUIElementTypeOther[@name="ProductImageView.stackView"])[1] | (//XCUIElementTypeButton[@name="GlassProductTile.mainStackView"])[2]=[true]}
2024-01-08 16:21:50.485 [DEBUG] [thread-id 1] - Element already visible, scrolling is skipped
2024-01-08 16:21:50.490 [DEBUG] [thread-id 1] - Resetting scrollPosition variable to default
2024-01-08 16:21:50.491 [DEBUG] [thread-id 1] - Store in: store the value 'null' in the variable 'scrollPosition'
2024-01-08 16:21:50.491 [DEBUG] [thread-id 1] - Store in: store the value 'null' in the variable 'identifierScope'
2024-01-08 16:21:50.491 [DEBUG] [thread-id 1] - Store in: store the value 'null' in the variable 'limit'
2024-01-08 16:21:50.806 [DEBUG] [thread-id 1] - conditionally execute a flow. condition: true
2024-01-08 16:21:51.443 [DEBUG] [thread-id 1] - successfully found an item for the above search criterion
2024-01-08 16:21:51.448 [DEBUG] [thread-id 1] - Executing function: 'us.functions.gic.changeFulfillment'
2024-01-08 16:21:51.448 [DEBUG] [thread-id 1] - Executing function: 'us.functions.gic.expandIfCollapsed'
2024-01-08 16:21:52.427 [DEBUG] [thread-id 1] - Verify identifier: {//*[contains(@label,"Collapsed")] | //*[contains(@name,"Collapsed")]=[true]}
2024-01-08 16:21:53.411 [DEBUG] [thread-id 1] - Click element: '//*[contains(@label,"Collapsed")] | //*[contains(@name,"Collapsed")]'
2024-01-08 16:21:53.908 [DEBUG] [thread-id 1] - Executing function: 'us.functions.gic.setFulfillment'
2024-01-08 16:22:04.405 [DEBUG] [thread-id 1] - conditionally execute a flow. condition: false
2024-01-08 16:22:06.733 [DEBUG] [thread-id 1] - Click element: '//XCUIElementTypeButton[@name="GlobalIntentCenter.Delivery"] | //XCUIElementTypeButton[contains(@name, "Delivery") ]'
2024-01-08 16:22:08.095 [DEBUG] [thread-id 1] - Delivery intent selected
2024-01-08 16:22:10.073 [DEBUG] [thread-id 1] - sleep:  3000 milliseconds
2024-01-08 16:22:13.111 [DEBUG] [thread-id 1] - Executing function: 'us.functions.gic.collapseIfExpanded'
2024-01-08 16:22:14.196 [DEBUG] [thread-id 1] - Verify identifier: {//*[contains(@label,"Expanded")] | //*[contains(@name,"Expanded")]=[true]}
2024-01-08 16:22:14.878 [DEBUG] [thread-id 1] - Collapsing GIC screen
2024-01-08 16:22:15.936 [DEBUG] [thread-id 1] - Click element: '//*[contains(@label,"Expanded")] | //*[contains(@name,"Expanded")]'
2024-01-08 16:22:16.461 [DEBUG] [thread-id 1] - Executing function: 'us.functions.search.clickOnFirstItem'
2024-01-08 16:22:16.473 [WARN] [thread-id 1] - variable subFilter was used, but r2 could not find a value for this variable. returning default of null
2024-01-08 16:22:16.475 [DEBUG] [thread-id 1] - conditionally execute a flow. condition: false
2024-01-08 16:22:17.158 [DEBUG] [thread-id 1] - conditionally execute a flow. condition: true
2024-01-08 16:22:17.791 [DEBUG] [thread-id 1] - Executing function: 'us.functions.utils.scrollIfNotVisible'
2024-01-08 16:22:19.996 [DEBUG] [thread-id 1] - Scroll limit set to 10
2024-01-08 16:22:20.648 [DEBUG] [thread-id 1] - conditionally execute a flow. condition: false
2024-01-08 16:22:21.286 [DEBUG] [thread-id 1] - conditionally execute a flow. condition: true
2024-01-08 16:22:21.929 [DEBUG] [thread-id 1] - Scroll: down
2024-01-08 16:22:30.945 [DEBUG] [thread-id 1] - Resetting scrollPosition variable to default
2024-01-08 16:22:30.945 [DEBUG] [thread-id 1] - Store in: store the value 'null' in the variable 'scrollPosition'
2024-01-08 16:22:30.946 [DEBUG] [thread-id 1] - Store in: store the value 'null' in the variable 'identifierScope'
2024-01-08 16:22:30.946 [DEBUG] [thread-id 1] - Store in: store the value 'null' in the variable 'limit'
2024-01-08 16:22:31.680 [DEBUG] [thread-id 1] - Click element: '//XCUIElementTypeCell[contains(@name,"ProductSectionCoordinator_searchPrimaryProductCell_indexPath")]/XCUIElementTypeOther/XCUIElementTypeOther[1]/XCUIElementTypeButton[not(contains(@label, "Sponsored")) and (contains(@label, "reviews"))][1] | //*[contains(@name,"GlassProductTile.mainStackView") and not(contains(@label, "Sponsored")) and (contains(@label, "reviews"))] | //XCUIElementTypeCell[contains(@name,"ProductSectionCoordinator_searchPrimaryProductCell_indexPath")]/XCUIElementTypeOther/XCUIElementTypeOther[1]/XCUIElementTypeButton[1][not(contains(@label, "Sponsored"))]'
2024-01-08 16:22:32.767 [DEBUG] [thread-id 1] - check if item details page is showing
2024-01-08 16:22:32.771 [DEBUG] [thread-id 1] - Executing function: 'us.functions.item.addItemToCart'
2024-01-08 16:22:54.953 [DEBUG] [thread-id 1] - Verify identifier: {stepper.mainButton=[true]}
2024-01-08 16:23:07.294 [DEBUG] [thread-id 1] - Click element: 'stepper.mainButton'
2024-01-08 16:23:13.014 [WARN] [thread-id 1] - variable qty was used, but r2 could not find a value for this variable. returning default of null
2024-01-08 16:23:13.015 [WARN] [thread-id 1] - variable qty was used, but r2 could not find a value for this variable. returning default of null
2024-01-08 16:23:21.873 [DEBUG] [thread-id 1] - Verify identifier: {//XCUIElementTypeStaticText[@name="1 added"]| //XCUIElementTypeOther[@name="add-to-cart-button"] | //XCUIElementTypeStaticText[@label="null"] | Max 1=[true]}
2024-01-08 16:23:21.875 [WARN] [thread-id 1] - variable skipPostAddToCartSteps was used, but r2 could not find a value for this variable. returning default of null
2024-01-08 16:23:21.875 [DEBUG] [thread-id 1] - conditionally execute a flow. condition: true
2024-01-08 16:23:37.515 [DEBUG] [thread-id 1] - Executing function: 'us.functions.item.postAddToCartSteps'
2024-01-08 16:24:13.440 [DEBUG] [thread-id 1] - No ACC pop up screen displayed
2024-01-08 16:24:36.263 [DEBUG] [thread-id 1] - Click element: '//XCUIElementTypeButton[@name="Close"]'
2024-01-08 16:24:57.739 [DEBUG] [thread-id 1] - Click element: '//XCUIElementTypeButton[@name="Close"] | //XCUIElementTypeButton[@label="Close"]'
2024-01-08 16:25:00.707 [DEBUG] [thread-id 1] - Executing function: 'us.functions.item.closeItemPage'
2024-01-08 16:25:21.204 [DEBUG] [thread-id 1] - PAC not found
2024-01-08 16:25:41.859 [DEBUG] [thread-id 1] - Item page closed
2024-01-08 16:25:42.367 [WARN] [thread-id 1] - break reached without loop, this may be an error in your flow.
2024-01-08 16:25:42.383 [DEBUG] [thread-id 1] - Verify identifier: {Your cart is empty=[true]}
2024-01-08 16:25:42.383 [DEBUG] [thread-id 1] - Store in: store the value 'false' in the variable 'skipPostAddToCartSteps'
2024-01-08 16:25:42.384 [DEBUG] [thread-id 1] - Store in: store the value 'false' in the variable 'apiFetch'
2024-01-08 16:25:42.384 [DEBUG] [thread-id 1] - Store in: store the value 'null' in the variable 'itemDataDetails'
2024-01-08 16:25:42.384 [DEBUG] [thread-id 1] - R2_SUBFLOW_TRANSACTION
2024-01-08 16:25:42.385 [DEBUG] [thread-id 1] - Executing function: 'us.functions.global.navigation.toCartFromNavBar'
2024-01-08 16:25:42.629 [DEBUG] [thread-id 1] - Verify identifier: {//XCUIElementTypeButton[contains(@label, "Your cart")] | //XCUIElementTypeButton[(@name="SearchResultsViewController.cartButton") or (contains(@label,"Your cart contains") and contains(@label,"The estimated total is")) or (@label="Your cart is empty")]=[true]}
2024-01-08 16:25:42.890 [DEBUG] [thread-id 1] - Click element: '//XCUIElementTypeButton[contains(@label, "Your cart")] | //XCUIElementTypeButton[(@name="SearchResultsViewController.cartButton") or (contains(@label,"Your cart contains") and contains(@label,"The estimated total is")) or (@label="Your cart is empty")]'
2024-01-08 16:25:47.861 [DEBUG] [thread-id 1] - Verify identifier: {//XCUIElementTypeStaticText[@name="CartDetailsViewController.headerCartLabel"] | //XCUIElementTypeStaticText[@name="CartEmptyStateViewController.titleLabel" and not(contains(@label,"We're sorry!"))]=[true]}
2024-01-08 16:25:47.881 [DEBUG] [thread-id 1] - Executing function: 'us.functions.selectBookingSlot'
2024-01-08 16:25:47.882 [DEBUG] [thread-id 1] - Store in: store the value '1' in the variable 'slotIndex'
2024-01-08 16:25:47.882 [DEBUG] [thread-id 1] - Store in: store the value '3' in the variable 'slotIndex2'
2024-01-08 16:25:47.883 [WARN] [thread-id 1] - variable timeSlot was used, but r2 could not find a value for this variable. returning default of null
2024-01-08 16:25:47.884 [DEBUG] [thread-id 1] - conditionally execute a flow. condition: true
2024-01-08 16:25:50.769 [DEBUG] [thread-id 1] - Store in: store the value 'generic' in the variable 'timeSlot'
2024-01-08 16:25:50.774 [DEBUG] [thread-id 1] - Executing function: 'us.functions.loadBookingSlotScreenBasics'
2024-01-08 16:25:50.774 [DEBUG] [thread-id 1] - ------ Loading booking slot screen ------
2024-01-08 16:25:50.775 [DEBUG] [thread-id 1] - conditionally execute a flow. condition: false
2024-01-08 16:25:53.606 [DEBUG] [thread-id 1] - conditionally execute a flow. condition: true
2024-01-08 16:25:56.452 [DEBUG] [thread-id 1] - ------ Loading booking slot screen from cart page ------
2024-01-08 16:25:59.296 [DEBUG] [thread-id 1] - Executing function: 'us.functions.cart.scrollToTopOfCart'
2024-01-08 16:25:59.297 [DEBUG] [thread-id 1] - -------Scroll to top of cart page function start-------
2024-01-08 16:26:03.977 [DEBUG] [thread-id 1] - Verify identifier: {//XCUIElementTypeStaticText[@name="CartDetailsViewController.headerCartLabel"] | //XCUIElementTypeStaticText[@name="CartEmptyStateViewController.titleLabel" and not(contains(@label,"We're sorry!"))]=[true]}
2024-01-08 16:26:09.673 [DEBUG] [thread-id 1] - Executing function: 'us.functions.utils.scrollIfNotVisible'
2024-01-08 16:26:13.239 [DEBUG] [thread-id 1] - Verify identifier: {FulfillmentSummaryView.titlePrefixLabel=[true]}
2024-01-08 16:26:16.011 [DEBUG] [thread-id 1] - Element already visible, scrolling is skipped
2024-01-08 16:26:16.017 [DEBUG] [thread-id 1] - Resetting scrollPosition variable to default
2024-01-08 16:26:16.017 [DEBUG] [thread-id 1] - Store in: store the value 'null' in the variable 'scrollPosition'
2024-01-08 16:26:16.017 [DEBUG] [thread-id 1] - Store in: store the value 'null' in the variable 'identifierScope'
2024-01-08 16:26:16.017 [DEBUG] [thread-id 1] - Store in: store the value 'null' in the variable 'limit'
2024-01-08 16:26:16.022 [DEBUG] [thread-id 1] - -------Scroll to top of cart page function end-------
2024-01-08 16:26:18.849 [DEBUG] [thread-id 1] - Executing function: 'us.functions.utils.scrollIfNotVisible'
2024-01-08 16:26:23.582 [DEBUG] [thread-id 1] - Verify identifier: {//XCUIElementTypeButton[@name="FulfillmentSummaryView.actionButton" and not(contains(@label,"See Options"))] | //*[contains(@label,"Reserve a new time")]=[true]}
2024-01-08 16:26:26.417 [DEBUG] [thread-id 1] - Element already visible, scrolling is skipped
2024-01-08 16:26:26.424 [DEBUG] [thread-id 1] - Resetting scrollPosition variable to default
2024-01-08 16:26:26.424 [DEBUG] [thread-id 1] - Store in: store the value 'null' in the variable 'scrollPosition'
2024-01-08 16:26:26.425 [DEBUG] [thread-id 1] - Store in: store the value 'null' in the variable 'identifierScope'
2024-01-08 16:26:26.425 [DEBUG] [thread-id 1] - Store in: store the value 'null' in the variable 'limit'
2024-01-08 16:26:30.964 [DEBUG] [thread-id 1] - Verify identifier: {//XCUIElementTypeButton[@name="FulfillmentSummaryView.actionButton" and not(contains(@label,"See Options"))] | //*[contains(@label,"Reserve a new time")]=[true]}
2024-01-08 16:26:35.508 [DEBUG] [thread-id 1] - Click element: '//XCUIElementTypeButton[@name="FulfillmentSummaryView.actionButton" and not(contains(@label,"See Options"))] | //*[contains(@label,"Reserve a new time")]'
2024-01-08 16:26:48.074 [DEBUG] [thread-id 1] - Slot page loaded
2024-01-08 16:27:09.988 [DEBUG] [thread-id 1] - ------ Loading delivery tab ------
2024-01-08 16:27:09.989 [DEBUG] [thread-id 1] - conditionally execute a flow. condition: false
2024-01-08 16:27:17.226 [DEBUG] [thread-id 1] - Click element: '//XCUIElementTypeButton[@name="Delivery from store"]'
2024-01-08 16:27:22.454 [DEBUG] [thread-id 1] - conditionally execute a flow. condition: true
2024-01-08 16:27:25.948 [DEBUG] [thread-id 1] - New address is to be added
2024-01-08 16:27:29.536 [WARN] [thread-id 1] - variable addressAdded was used, but r2 could not find a value for this variable. returning default of null
2024-01-08 16:27:29.536 [DEBUG] [thread-id 1] - conditionally execute a flow. condition: false
2024-01-08 16:27:33.101 [DEBUG] [thread-id 1] - ------ Adding address ------
2024-01-08 16:27:47.387 [WARN] [thread-id 1] - variable skipSlotPage was used, but r2 could not find a value for this variable. returning default of null
2024-01-08 16:27:47.387 [DEBUG] [thread-id 1] - conditionally execute a flow. condition: false
2024-01-08 16:27:50.965 [WARN] [thread-id 1] - variable wplusUser was used, but r2 could not find a value for this variable. returning default of null
2024-01-08 16:27:50.965 [WARN] [thread-id 1] - variable wplusUser was used, but r2 could not find a value for this variable. returning default of null
2024-01-08 16:27:57.919 [DEBUG] [thread-id 1] - Executing function: 'us.functions.selectTimeSlotBasics'
2024-01-08 16:27:57.921 [DEBUG] [thread-id 1] - conditionally execute a flow. condition: true
2024-01-08 16:28:01.370 [DEBUG] [thread-id 1] - ------Selecting general time slot------
2024-01-08 16:28:15.882 [DEBUG] [thread-id 1] - conditionally execute a flow. condition: false
2024-01-08 16:28:21.038 [DEBUG] [thread-id 1] - Verify identifier: {(//XCUIElementTypeButton[@name="SlotHoursCell.slotHoursView"])[1]=[true]}
2024-01-08 16:28:26.179 [DEBUG] [thread-id 1] - Click element: '(//XCUIElementTypeButton[@name="SlotHoursCell.slotHoursView"])[1]'
2024-01-08 16:28:32.736 [DEBUG] [thread-id 1] - Verify identifier: {(//XCUIElementTypeButton[@name="SlotHoursCell.slotHoursView"])[1]=[true]}
2024-01-08 16:28:32.760 [DEBUG] [thread-id 1] - ------ Slot time selection completed ------
2024-01-08 16:28:36.229 [DEBUG] [thread-id 1] - Executing function: 'us.mappings.confirmSlotSelectionBasics'
2024-01-08 16:28:36.230 [DEBUG] [thread-id 1] - loop: from 0 to 2
2024-01-08 16:28:41.380 [DEBUG] [thread-id 1] - Click element: '//XCUIElementTypeButton[@name="ReserveSlotView.saveButton"]'
2024-01-08 16:28:52.724 [DEBUG] [thread-id 1] - Executing function: 'us.functions.cart.continueMissingAnythingScreen'
2024-01-08 16:28:58.841 [DEBUG] [thread-id 1] - Missing anything popup not displayed
2024-01-08 16:29:01.479 [DEBUG] [thread-id 1] - Slot saved
2024-01-08 16:29:04.124 [DEBUG] [thread-id 1] - ------ Slot selection saved ------
2024-01-08 16:29:04.128 [DEBUG] [thread-id 1] - Executing function: 'us.functions.cart.oos.moveItemToSfl'
2024-01-08 16:29:16.384 [DEBUG] [thread-id 1] - conditionally execute a flow. condition: false
2024-01-08 16:29:19.023 [DEBUG] [thread-id 1] - Item is Available
2024-01-08 16:29:19.034 [DEBUG] [thread-id 1] - Executing function: 'us.functions.cart.verifyCardDetails'
2024-01-08 16:29:19.034 [DEBUG] [thread-id 1] - Executing function: 'us.functions.utils.getFulfillmentTextsToCompare'
2024-01-08 16:29:19.035 [WARN] [thread-id 1] - variable altFulfillmentText was used, but r2 could not find a value for this variable. returning default of null
2024-01-08 16:29:19.035 [DEBUG] [thread-id 1] - conditionally execute a flow. condition: true
2024-01-08 16:29:21.685 [DEBUG] [thread-id 1] - conditionally execute a flow. condition: false
2024-01-08 16:29:24.332 [DEBUG] [thread-id 1] - conditionally execute a flow. condition: false
2024-01-08 16:29:26.955 [DEBUG] [thread-id 1] - conditionally execute a flow. condition: true
2024-01-08 16:29:29.518 [DEBUG] [thread-id 1] - Store in: store the value 'delivery' in the variable 'altFulfillmentText'
2024-01-08 16:29:29.544 [DEBUG] [thread-id 1] - -------Validate Delivery cart details function start-------
2024-01-08 16:29:29.544 [WARN] [thread-id 1] - variable initialCartDataSetup was used, but r2 could not find a value for this variable. returning default of null
2024-01-08 16:29:29.544 [DEBUG] [thread-id 1] - conditionally execute a flow. condition: true
2024-01-08 16:29:32.094 [DEBUG] [thread-id 1] - sleep:  3000 milliseconds
2024-01-08 16:29:39.298 [DEBUG] [thread-id 1] - conditionally execute a flow. condition: true
2024-01-08 16:29:41.871 [DEBUG] [thread-id 1] - Cart page displayed
2024-01-08 16:29:44.438 [WARN] [thread-id 1] - variable validationScope was used, but r2 could not find a value for this variable. returning default of null
2024-01-08 16:29:47.030 [DEBUG] [thread-id 1] - Store in: store the value 'complete' in the variable 'initialCartDataSetup'
2024-01-08 16:29:51.247 [DEBUG] [thread-id 1] - Verify identifier: {//XCUIElementTypeStaticText[@name="FulfillmentSummaryView.titlePrefixLabel" and (contains(@label,"Delivery") or contains(@label,"delivery"))]=[true]}
2024-01-08 16:29:51.273 [WARN] [thread-id 1] - variable validationScope was used, but r2 could not find a value for this variable. returning default of null
2024-01-08 16:29:51.273 [DEBUG] [thread-id 1] - conditionally execute a flow. condition: false
2024-01-08 16:29:53.891 [DEBUG] [thread-id 1] - Basic Delivery fulfillment section validation done
2024-01-08 16:29:53.897 [WARN] [thread-id 1] - variable unscheduled was used, but r2 could not find a value for this variable. returning default of null
2024-01-08 16:29:53.897 [WARN] [thread-id 1] - variable partialCheckout was used, but r2 could not find a value for this variable. returning default of null
2024-01-08 16:29:53.898 [DEBUG] [thread-id 1] - Store in: store the value 'null' in the variable 'altFulfillmentText'
2024-01-08 16:29:53.898 [DEBUG] [thread-id 1] - Store in: store the value 'null' in the variable 'validationScope'
2024-01-08 16:29:53.898 [DEBUG] [thread-id 1] - Store in: store the value 'false' in the variable 'unscheduled'
2024-01-08 16:29:53.899 [DEBUG] [thread-id 1] - Store in: store the value 'false' in the variable 'partialCheckout'
2024-01-08 16:29:53.899 [DEBUG] [thread-id 1] - -------Validate Delivery cart details function end-------
2024-01-08 16:29:53.899 [DEBUG] [thread-id 1] - Executing function: 'us.functions.cart.verifyTotalAmount'
2024-01-08 16:29:53.900 [DEBUG] [thread-id 1] - Executing function: 'us.functions.utils.scrollIfNotVisible'
2024-01-08 16:29:58.076 [DEBUG] [thread-id 1] - Verify identifier: {//XCUIElementTypeStaticText[contains(@value, "Estimated Total")] | //XCUIElementTypeStaticText[contains(@value, "Estimated total")]=[true]}
2024-01-08 16:30:00.685 [DEBUG] [thread-id 1] - Element already visible, scrolling is skipped
2024-01-08 16:30:00.690 [DEBUG] [thread-id 1] - Resetting scrollPosition variable to default
2024-01-08 16:30:00.690 [DEBUG] [thread-id 1] - Store in: store the value 'null' in the variable 'scrollPosition'
2024-01-08 16:30:00.690 [DEBUG] [thread-id 1] - Store in: store the value 'null' in the variable 'identifierScope'
2024-01-08 16:30:00.690 [DEBUG] [thread-id 1] - Store in: store the value 'null' in the variable 'limit'
2024-01-08 16:30:04.910 [DEBUG] [thread-id 1] - Verify identifier: {//XCUIElementTypeStaticText[contains(@value, "Subtotal (1 item)")]=[true], //XCUIElementTypeStaticText[contains(@label,"Taxes")]=[true], //XCUIElementTypeStaticText[contains(@value, "Estimated Total")] | //XCUIElementTypeStaticText[contains(@value, "Estimated total")]=[true]}
2024-01-08 16:30:04.913 [DEBUG] [thread-id 1] - Executing function: 'us.functions.cart.verifyThresholdFeesDisplay'
2024-01-08 16:30:04.914 [DEBUG] [thread-id 1] - Executing function: 'us.functions.utils.scrollIfNotVisible'
2024-01-08 16:30:11.981 [DEBUG] [thread-id 1] - conditionally execute a flow. condition: true
2024-01-08 16:30:14.603 [DEBUG] [thread-id 1] - Store in: store the value '5' in the variable 'limit'
2024-01-08 16:30:17.218 [DEBUG] [thread-id 1] - Scroll limit set to 5
2024-01-08 16:30:19.816 [DEBUG] [thread-id 1] - conditionally execute a flow. condition: false
2024-01-08 16:30:22.485 [DEBUG] [thread-id 1] - conditionally execute a flow. condition: true
2024-01-08 16:30:25.259 [DEBUG] [thread-id 1] - Scroll: down
2024-01-08 16:30:47.091 [DEBUG] [thread-id 1] - Resetting scrollPosition variable to default
2024-01-08 16:30:47.091 [DEBUG] [thread-id 1] - Store in: store the value 'null' in the variable 'scrollPosition'
2024-01-08 16:30:47.091 [DEBUG] [thread-id 1] - Store in: store the value 'null' in the variable 'identifierScope'
2024-01-08 16:30:47.091 [DEBUG] [thread-id 1] - Store in: store the value 'null' in the variable 'limit'
2024-01-08 16:30:47.093 [DEBUG] [thread-id 1] - Executing function: 'us.functions.utils.fetchAmountDisplayed'
2024-01-08 16:30:47.094 [DEBUG] [thread-id 1] - Fetching only numeric value of given amount/count identifier
2024-01-08 16:30:47.094 [WARN] [thread-id 1] - variable attribute was used, but r2 could not find a value for this variable. returning default of null
2024-01-08 16:30:47.094 [DEBUG] [thread-id 1] - Attribute - null
2024-01-08 16:30:47.095 [WARN] [thread-id 1] - variable attribute was used, but r2 could not find a value for this variable. returning default of null
2024-01-08 16:30:47.095 [DEBUG] [thread-id 1] - conditionally execute a flow. condition: true
2024-01-08 16:30:51.738 [DEBUG] [thread-id 1] - get string: from '//*[@name="POSLineItemView.rightLabel" and contains(@label,"Subtotal")] | //*[@name="POSLineItemView.leftLabel" and contains(@label, "Subtotal") and not(contains(@label, "Old"))]' [type='null']
2024-01-08 16:30:51.757 [DEBUG] [thread-id 1] - Amount displayed value Subtotal (1 item), $9.98
2024-01-08 16:30:51.758 [DEBUG] [thread-id 1] - Execute Node: 'us/test/helpers/splitString.js'
2024-01-08 16:30:52.722 [DEBUG] [thread-id 1] - Execute Node: 'us/test/helpers/splitString.js'
2024-01-08 16:30:52.779 [DEBUG] [thread-id 1] - Store in: store the value 'null' in the variable 'attribute'
2024-01-08 16:30:52.780 [DEBUG] [thread-id 1] - Numeric amount value 9.98
2024-01-08 16:30:52.781 [DEBUG] [thread-id 1] - conditionally execute a flow. condition: false
2024-01-08 16:30:55.405 [DEBUG] [thread-id 1] - conditionally execute a flow. condition: true
2024-01-08 16:31:00.834 [DEBUG] [thread-id 1] - Verify identifier: {(//XCUIElementTypeStaticText[@name="POSLineItemView.rightLabel" and contains(@label, "$0")])=[true], //XCUIElementTypeStaticText[contains(@label, "walmart plus, No $35 order minimum fee")]=[true]}
2024-01-08 16:31:07.196 [DEBUG] [thread-id 1] - Verify identifier: {//XCUIElementTypeStaticText[contains(@value,"Below order minimum (less than $35)") or contains(@value,"below $35 order minimum")] | //XCUIElementTypeStaticText[contains(@label, "Below $35 order minimum fee")] | //XCUIElementTypeStaticText[contains(@value,"Express delivery")]=[true], //XCUIElementTypeStaticText[contains(@value,"Below order minimum (less than $35)")]//following-sibling::XCUIElementTypeStaticText | //XCUIElementTypeStaticText[contains(@value,"below $35 order minimum")]//following-sibling::XCUIElementTypeStaticText | //XCUIElementTypeStaticText[contains(@value,"Express delivery")]//following-sibling::XCUIElementTypeStaticText=[true]}
2024-01-08 16:31:09.714 [DEBUG] [thread-id 1] - Executing function: 'us.functions.utils.fetchAmountDisplayed'
2024-01-08 16:31:09.715 [DEBUG] [thread-id 1] - Fetching only numeric value of given amount/count identifier
2024-01-08 16:31:09.715 [DEBUG] [thread-id 1] - Attribute - value
2024-01-08 16:31:09.715 [DEBUG] [thread-id 1] - conditionally execute a flow. condition: false
2024-01-08 16:31:13.750 [DEBUG] [thread-id 1] - get string: from '//XCUIElementTypeStaticText[contains(@value,"Below order minimum (less than $35)")]//following-sibling::XCUIElementTypeStaticText | //XCUIElementTypeStaticText[contains(@value,"below $35 order minimum")]//following-sibling::XCUIElementTypeStaticText | //XCUIElementTypeStaticText[contains(@value,"Express delivery")]//following-sibling::XCUIElementTypeStaticText' [type='value']
2024-01-08 16:31:13.768 [DEBUG] [thread-id 1] - Amount displayed value $19.95
2024-01-08 16:31:13.768 [DEBUG] [thread-id 1] - Execute Node: 'us/test/helpers/splitString.js'
2024-01-08 16:31:13.854 [DEBUG] [thread-id 1] - Execute Node: 'us/test/helpers/splitString.js'
2024-01-08 16:31:13.919 [DEBUG] [thread-id 1] - Store in: store the value 'null' in the variable 'attribute'
2024-01-08 16:31:13.919 [DEBUG] [thread-id 1] - Numeric amount value 19.95
2024-01-08 16:31:16.378 [DEBUG] [thread-id 1] - conditionally execute a flow. condition: true
2024-01-08 16:31:18.815 [DEBUG] [thread-id 1] - Verified below order minimum fee is 19.95
2024-01-08 16:31:18.833 [DEBUG] [thread-id 1] - Executing function: 'us.functions.cart.continueToCheckout'
2024-01-08 16:31:20.152 [DEBUG] [thread-id 1] - Verify identifier: {//XCUIElementTypeButton[@name="CartPrimaryCTAButton"] | //XCUIElementTypeButton[@name="CartFinishButton"]=[true]}
2024-01-08 16:31:21.629 [DEBUG] [thread-id 1] - Click element: '//XCUIElementTypeButton[@name="CartPrimaryCTAButton"] | //XCUIElementTypeButton[@name="CartFinishButton"]'
2024-01-08 16:31:22.611 [DEBUG] [thread-id 1] - sleep:  5000 milliseconds
2024-01-08 16:31:50.268 [DEBUG] [thread-id 1] - sleep:  3000 milliseconds
2024-01-08 16:31:53.275 [DEBUG] [thread-id 1] - Executing function: 'us.functions.home.closeWPlusPromotionPopUpIfDisplayed'
2024-01-08 16:32:04.677 [DEBUG] [thread-id 1] - No Wplus pop up displayed
2024-01-08 16:32:04.684 [DEBUG] [thread-id 1] - Executing function: 'us.functions.cart.handleItemUpdatesBottomTray'
2024-01-08 16:32:11.744 [DEBUG] [thread-id 1] - No item update pop up
2024-01-08 16:32:11.752 [DEBUG] [thread-id 1] - Executing function: 'us.functions.utils.handleTechnicalErrorPopup'
2024-01-08 16:32:11.752 [DEBUG] [thread-id 1] - Store in: store the value 'false' in the variable 'errorRemoved'
2024-01-08 16:32:11.753 [DEBUG] [thread-id 1] - sleep:  5000 milliseconds
2024-01-08 16:32:16.761 [DEBUG] [thread-id 1] - loop: from 0 to 3
2024-01-08 16:32:18.119 [DEBUG] [thread-id 1] - 0
2024-01-08 16:32:30.321 [DEBUG] [thread-id 1] - conditionally execute a flow. condition: false
2024-01-08 16:32:31.698 [DEBUG] [thread-id 1] - Store in: store the value 'true' in the variable 'errorRemoved'
2024-01-08 16:32:33.011 [DEBUG] [thread-id 1] - No Technical Error Pop up observed
2024-01-08 16:32:34.354 [WARN] [thread-id 1] - variable errorDismissed was used, but r2 could not find a value for this variable. returning default of null
2024-01-08 16:32:34.817 [DEBUG] [thread-id 1] - conditionally execute a flow. condition: true
2024-01-08 16:32:36.131 [DEBUG] [thread-id 1] - Clicked on Checkout button successfully
2024-01-08 16:32:36.135 [DEBUG] [thread-id 1] - Executing function: 'us.functions.wplus.handle.SubstitutionPreferencePopup'
2024-01-08 16:32:46.943 [DEBUG] [thread-id 1] - Executing function: 'us.functions.checkout.reviewOrder.verifyCardDetails'
2024-01-08 16:32:46.944 [DEBUG] [thread-id 1] - Executing function: 'us.functions.utils.getFulfillmentTextsToCompare'
2024-01-08 16:32:46.944 [DEBUG] [thread-id 1] - conditionally execute a flow. condition: true
2024-01-08 16:32:48.285 [DEBUG] [thread-id 1] - conditionally execute a flow. condition: false
2024-01-08 16:32:49.832 [DEBUG] [thread-id 1] - conditionally execute a flow. condition: false
2024-01-08 16:32:51.328 [DEBUG] [thread-id 1] - conditionally execute a flow. condition: true
2024-01-08 16:32:52.733 [DEBUG] [thread-id 1] - Store in: store the value 'delivery' in the variable 'altFulfillmentText'
2024-01-08 16:32:52.752 [DEBUG] [thread-id 1] - -----------Delivery section validation start-----------
2024-01-08 16:32:52.753 [WARN] [thread-id 1] - variable initialCheckoutDataSetup was used, but r2 could not find a value for this variable. returning default of null
2024-01-08 16:32:52.753 [DEBUG] [thread-id 1] - conditionally execute a flow. condition: true
2024-01-08 16:32:54.268 [DEBUG] [thread-id 1] - sleep:  5000 milliseconds
2024-01-08 16:33:00.808 [DEBUG] [thread-id 1] - conditionally execute a flow. condition: true
2024-01-08 16:33:02.350 [DEBUG] [thread-id 1] - Review order page loaded successfully
2024-01-08 16:33:03.717 [DEBUG] [thread-id 1] - Store in: store the value 'complete' in the variable 'initialCheckoutDataSetup'
2024-01-08 16:33:03.723 [DEBUG] [thread-id 1] - conditionally execute a flow. condition: false
2024-01-08 16:33:05.174 [DEBUG] [thread-id 1] - conditionally execute a flow. condition: false
2024-01-08 16:33:06.587 [DEBUG] [thread-id 1] - conditionally execute a flow. condition: false
2024-01-08 16:33:08.040 [DEBUG] [thread-id 1] - conditionally execute a flow. condition: false
2024-01-08 16:33:09.557 [DEBUG] [thread-id 1] - Store in: store the value 'Delivery' in the variable 'viewType'
2024-01-08 16:33:09.575 [DEBUG] [thread-id 1] - Validating fulfillment section Delivery
2024-01-08 16:33:12.017 [DEBUG] [thread-id 1] - Verify identifier: {//*[(@name="FulfillmentTitleView.titlePrefixLabel" or @name="FulfillmentSummaryView.titlePrefixLabel") and (contains(@label, "Delivery") or contains(@label, "delivery"))] | //*[@name="FulfillmentSummaryView.detailLabel" and contains(@label, "Delivery")]=[true]}
2024-01-08 16:33:12.028 [DEBUG] [thread-id 1] - Validated basic fulfillment details
2024-01-08 16:33:12.029 [DEBUG] [thread-id 1] - conditionally execute a flow. condition: true
2024-01-08 16:33:16.329 [DEBUG] [thread-id 1] - Verify identifier: {//*[(@name="FulfillmentTitleView.titlePrefixLabel" or @name="FulfillmentSummaryView.titlePrefixLabel") and (contains(@label, "Delivery") or contains(@label, "delivery"))]//ancestor::*[@name="DeliveryViewController.titleView" or @name="DeliveryViewController.titleViewHolder"]//following-sibling::*[@name="DeliveryViewController.containerView"]//*[@name="FulfillmentSummaryView.nameLabel"]=[true], //*[(@name="FulfillmentTitleView.titlePrefixLabel" or @name="FulfillmentSummaryView.titlePrefixLabel") and (contains(@label, "Delivery") or contains(@label, "delivery"))]//ancestor::*[@name="DeliveryViewController.titleView" or @name="DeliveryViewController.titleViewHolder"]//following-sibling::*[@name="DeliveryViewController.containerView"]//*[@name="FulfillmentSummaryView.detailLabel"]=[true], //*[(@name="FulfillmentTitleView.titlePrefixLabel" or @name="FulfillmentSummaryView.titlePrefixLabel") and (contains(@label, "Delivery") or contains(@label, "delivery"))]//ancestor::*[@name="DeliveryViewController.titleView" or @name="DeliveryViewController.titleViewHolder"]//following-sibling::*[@name="DeliveryViewController.containerView"]//*[@name="FulfillmentProductGroupView.countLabel"] | //*[(@name="FulfillmentTitleView.titlePrefixLabel" or @name="FulfillmentSummaryView.titlePrefixLabel") and (contains(@label, "Delivery") or contains(@label, "delivery"))]//ancestor::*[@name="DeliveryViewController.titleView" or @name="DeliveryViewController.titleViewHolder"]//following-sibling::*[@name="DeliveryViewController.containerView"]//*[@name="FulfillmentProductGroupView.bodyLabel" and contains(@label,"item")]=[true]}
2024-01-08 16:33:17.971 [DEBUG] [thread-id 1] - Validated fulfillment time, name, address, item count and view link details
2024-01-08 16:33:19.491 [DEBUG] [thread-id 1] - conditionally execute a flow. condition: false
2024-01-08 16:33:20.984 [WARN] [thread-id 1] - variable expressSlot was used, but r2 could not find a value for this variable. returning default of null
2024-01-08 16:33:20.995 [DEBUG] [thread-id 1] - Store in: store the value 'null' in the variable 'altFulfillmentText'
2024-01-08 16:33:20.996 [DEBUG] [thread-id 1] - -----------Delivery section validation end-------------
2024-01-08 16:33:20.997 [DEBUG] [thread-id 1] - Executing function: 'us.functions.checkout.reviewOrder.verifyThresholdFee'
2024-01-08 16:33:20.997 [DEBUG] [thread-id 1] - Executing function: 'us.functions.utils.scrollIfNotVisible'
2024-01-08 16:33:24.664 [DEBUG] [thread-id 1] - conditionally execute a flow. condition: true
2024-01-08 16:33:25.994 [DEBUG] [thread-id 1] - Store in: store the value '5' in the variable 'limit'
2024-01-08 16:33:27.545 [DEBUG] [thread-id 1] - Scroll limit set to 5
2024-01-08 16:33:29.118 [DEBUG] [thread-id 1] - conditionally execute a flow. condition: false
2024-01-08 16:33:30.727 [DEBUG] [thread-id 1] - conditionally execute a flow. condition: true
2024-01-08 16:33:32.398 [DEBUG] [thread-id 1] - Scroll: down
2024-01-08 16:33:58.675 [DEBUG] [thread-id 1] - Resetting scrollPosition variable to default
2024-01-08 16:33:58.676 [DEBUG] [thread-id 1] - Store in: store the value 'null' in the variable 'scrollPosition'
2024-01-08 16:33:58.676 [DEBUG] [thread-id 1] - Store in: store the value 'null' in the variable 'identifierScope'
2024-01-08 16:33:58.676 [DEBUG] [thread-id 1] - Store in: store the value 'null' in the variable 'limit'
2024-01-08 16:33:58.679 [DEBUG] [thread-id 1] - Executing function: 'us.functions.utils.fetchAmountDisplayed'
2024-01-08 16:33:58.680 [DEBUG] [thread-id 1] - Fetching only numeric value of given amount/count identifier
2024-01-08 16:33:58.680 [DEBUG] [thread-id 1] - Attribute - label
2024-01-08 16:33:58.680 [DEBUG] [thread-id 1] - conditionally execute a flow. condition: false
2024-01-08 16:34:00.585 [DEBUG] [thread-id 1] - get string: from '//*[@name="POSLineItemView.rightLabel" and contains(@label,"Subtotal")] | //*[@name="POSLineItemView.leftLabel" and contains(@label, "Subtotal") and not(contains(@label, "Old"))]' [type='label']
2024-01-08 16:34:00.592 [DEBUG] [thread-id 1] - Amount displayed value Subtotal (1 item), $9.98
2024-01-08 16:34:00.592 [DEBUG] [thread-id 1] - Execute Node: 'us/test/helpers/splitString.js'
2024-01-08 16:34:00.667 [DEBUG] [thread-id 1] - Execute Node: 'us/test/helpers/splitString.js'
2024-01-08 16:34:00.713 [DEBUG] [thread-id 1] - Store in: store the value 'null' in the variable 'attribute'
2024-01-08 16:34:00.713 [DEBUG] [thread-id 1] - Numeric amount value 9.98
2024-01-08 16:34:00.714 [DEBUG] [thread-id 1] - conditionally execute a flow. condition: false
2024-01-08 16:34:01.807 [DEBUG] [thread-id 1] - conditionally execute a flow. condition: true
2024-01-08 16:34:03.882 [DEBUG] [thread-id 1] - Verify identifier: {(//XCUIElementTypeStaticText[@name="POSLineItemView.rightLabel" and contains(@label, "$0")])=[true], //XCUIElementTypeStaticText[contains(@label, "walmart plus, No $35 order minimum fee")]=[true]}
2024-01-08 16:34:06.403 [DEBUG] [thread-id 1] - Verify identifier: {//XCUIElementTypeStaticText[contains(@value,"Below order minimum (less than $35)")]//following-sibling::XCUIElementTypeStaticText | //XCUIElementTypeStaticText[contains(@label, "Express delivery")]//following-sibling::XCUIElementTypeStaticText=[true], //XCUIElementTypeStaticText[contains(@value,"Below order minimum (less than $35)")]|//XCUIElementTypeStaticText[contains(@label,"below $35 order minimum")] | //XCUIElementTypeStaticText[contains(@label, "Below $35 order minimum fee")] | //XCUIElementTypeStaticText[contains(@label, "Express delivery")]=[true]}
2024-01-08 16:34:07.494 [DEBUG] [thread-id 1] - Executing function: 'us.functions.utils.fetchAmountDisplayed'
2024-01-08 16:34:07.494 [DEBUG] [thread-id 1] - Fetching only numeric value of given amount/count identifier
2024-01-08 16:34:07.495 [DEBUG] [thread-id 1] - Attribute - value
2024-01-08 16:34:07.495 [DEBUG] [thread-id 1] - conditionally execute a flow. condition: false
2024-01-08 16:34:09.329 [DEBUG] [thread-id 1] - get string: from '//XCUIElementTypeStaticText[contains(@value,"Below order minimum (less than $35)")]//following-sibling::XCUIElementTypeStaticText | //XCUIElementTypeStaticText[contains(@label, "Express delivery")]//following-sibling::XCUIElementTypeStaticText' [type='value']
2024-01-08 16:34:09.337 [DEBUG] [thread-id 1] - Amount displayed value $19.95
2024-01-08 16:34:09.337 [DEBUG] [thread-id 1] - Execute Node: 'us/test/helpers/splitString.js'
2024-01-08 16:34:09.427 [DEBUG] [thread-id 1] - Execute Node: 'us/test/helpers/splitString.js'
2024-01-08 16:34:09.471 [DEBUG] [thread-id 1] - Store in: store the value 'null' in the variable 'attribute'
2024-01-08 16:34:09.471 [DEBUG] [thread-id 1] - Numeric amount value 19.95
2024-01-08 16:34:10.590 [DEBUG] [thread-id 1] - conditionally execute a flow. condition: true
2024-01-08 16:34:11.706 [DEBUG] [thread-id 1] - Verified below order minimum fee is 19.95
2024-01-08 16:34:11.720 [DEBUG] [thread-id 1] - Executing function: 'us.functions.tippingAndFeedback.driverTipAmountVerification.on.orderReviewPage'
2024-01-08 16:34:11.720 [DEBUG] [thread-id 1] - sleep:  2000 milliseconds
2024-01-08 16:34:13.725 [DEBUG] [thread-id 1] - Executing function: 'us.functions.checkout.reviewOrder.scrollToTopOfReviewOrder'
2024-01-08 16:34:13.726 [DEBUG] [thread-id 1] - Scrolling to top of review order page
2024-01-08 16:34:14.895 [DEBUG] [thread-id 1] - Verify identifier: {Review Order=[true]}
2024-01-08 16:34:14.895 [DEBUG] [thread-id 1] - Executing function: 'us.functions.utils.scrollIfNotVisible'
2024-01-08 16:34:17.844 [DEBUG] [thread-id 1] - conditionally execute a flow. condition: true
2024-01-08 16:34:18.946 [DEBUG] [thread-id 1] - Store in: store the value '5' in the variable 'limit'
2024-01-08 16:34:20.030 [DEBUG] [thread-id 1] - Scroll limit set to 5
2024-01-08 16:34:21.106 [DEBUG] [thread-id 1] - conditionally execute a flow. condition: true
2024-01-08 16:34:22.186 [DEBUG] [thread-id 1] - conditionally execute a flow. condition: true
2024-01-08 16:34:23.238 [DEBUG] [thread-id 1] - Scroll: up
2024-01-08 16:34:44.475 [DEBUG] [thread-id 1] - Resetting scrollPosition variable to default
2024-01-08 16:34:44.475 [DEBUG] [thread-id 1] - Store in: store the value 'null' in the variable 'scrollPosition'
2024-01-08 16:34:44.475 [DEBUG] [thread-id 1] - Store in: store the value 'null' in the variable 'identifierScope'
2024-01-08 16:34:44.476 [DEBUG] [thread-id 1] - Store in: store the value 'null' in the variable 'limit'
2024-01-08 16:34:44.476 [DEBUG] [thread-id 1] - conditionally execute a flow. condition: true
2024-01-08 16:34:45.758 [DEBUG] [thread-id 1] - Delivery Tip amount verification for Orders lessThan 35$, is in-Progress!!!
2024-01-08 16:34:58.722 [DEBUG] [thread-id 1] - conditionally execute a flow. condition: false
2024-01-08 16:34:59.971 [DEBUG] [thread-id 1] - The Driver Tip Section is Visible, Already!
2024-01-08 16:35:01.285 [DEBUG] [thread-id 1] - Scroll: down
2024-01-08 16:35:10.836 [DEBUG] [thread-id 1] - Verify identifier: {//XCUIElementTypeButton[@name="$6"]=[true], //XCUIElementTypeButton[@name="$4"]=[true], //XCUIElementTypeButton[@name="Custom tip"]=[true], //XCUIElementTypeButton[@name="$2"]=[true], //XCUIElementTypeButton[@name="$0"]=[true]}
2024-01-08 16:35:14.107 [DEBUG] [thread-id 1] - Click element: '//XCUIElementTypeButton[@name="$2"]'
2024-01-08 16:35:16.779 [DEBUG] [thread-id 1] - Verify identifier: {//XCUIElementTypeStaticText[@name="TippingContainerView.yourTipStaticLabel"]=[true]}
2024-01-08 16:35:18.572 [DEBUG] [thread-id 1] - Verify identifier: {//XCUIElementTypeStaticText[@name="TippingContainerView.selectedTipAmountLabel"]=[true]}
2024-01-08 16:35:19.765 [DEBUG] [thread-id 1] - sleep:  1000 milliseconds
2024-01-08 16:35:24.095 [DEBUG] [thread-id 1] - Click element: '//XCUIElementTypeButton[@name="$4"]'
2024-01-08 16:35:26.764 [DEBUG] [thread-id 1] - Verify identifier: {//XCUIElementTypeStaticText[@name="TippingContainerView.selectedTipAmountLabel"]=[true]}
2024-01-08 16:35:30.114 [DEBUG] [thread-id 1] - Click element: '//XCUIElementTypeButton[@name="$6"]'
2024-01-08 16:35:32.738 [DEBUG] [thread-id 1] - Verify identifier: {//XCUIElementTypeStaticText[@name="TippingContainerView.selectedTipAmountLabel"]=[true]}
2024-01-08 16:35:35.997 [DEBUG] [thread-id 1] - Click element: '//XCUIElementTypeButton[@name="$0"]'
2024-01-08 16:35:38.618 [DEBUG] [thread-id 1] - Verify identifier: {//XCUIElementTypeStaticText[@name="TippingContainerView.selectedTipAmountLabel"]=[true]}
2024-01-08 16:35:38.625 [WARN] [thread-id 1] - variable greaterThan35Dollars was used, but r2 could not find a value for this variable. returning default of null
2024-01-08 16:35:38.625 [DEBUG] [thread-id 1] - conditionally execute a flow. condition: true
2024-01-08 16:35:41.888 [DEBUG] [thread-id 1] - Click element: '//XCUIElementTypeOther[@name="TippingContainerView.customTipTextField"]//XCUIElementTypeTextField[contains(@name,"GlassTextField.textField")] | //XCUIElementTypeStaticText[@name="Custom"]'
2024-01-08 16:35:44.945 [DEBUG] [thread-id 1] - Enter text: '12'
2024-01-08 16:35:50.111 [DEBUG] [thread-id 1] - Click element: 'Done'
2024-01-08 16:35:53.170 [DEBUG] [thread-id 1] - Verify identifier: {//XCUIElementTypeStaticText[@name="TippingContainerView.selectedTipAmountLabel"]=[true]}
2024-01-08 16:35:54.395 [DEBUG] [thread-id 1] - Executing function: 'us.functions.utils.scrollIfNotVisible'
2024-01-08 16:35:58.119 [DEBUG] [thread-id 1] - conditionally execute a flow. condition: true
2024-01-08 16:35:59.312 [DEBUG] [thread-id 1] - Store in: store the value '5' in the variable 'limit'
2024-01-08 16:36:00.532 [DEBUG] [thread-id 1] - Scroll limit set to 5
2024-01-08 16:36:01.784 [DEBUG] [thread-id 1] - conditionally execute a flow. condition: false
2024-01-08 16:36:03.030 [DEBUG] [thread-id 1] - conditionally execute a flow. condition: true
2024-01-08 16:36:04.299 [DEBUG] [thread-id 1] - Scroll: down
2024-01-08 16:36:25.492 [DEBUG] [thread-id 1] - Resetting scrollPosition variable to default
2024-01-08 16:36:25.492 [DEBUG] [thread-id 1] - Store in: store the value 'null' in the variable 'scrollPosition'
2024-01-08 16:36:25.492 [DEBUG] [thread-id 1] - Store in: store the value 'null' in the variable 'identifierScope'
2024-01-08 16:36:25.492 [DEBUG] [thread-id 1] - Store in: store the value 'null' in the variable 'limit'
2024-01-08 16:36:28.923 [DEBUG] [thread-id 1] - Verify identifier: {//*[@name="POSLineItemView.rightLabel" and contains(@label,"Subtotal")] | //*[@name="POSLineItemView.leftLabel" and contains(@label, "Subtotal") and not(contains(@label, "Old"))]=[true], //XCUIElementTypeStaticText[contains(@label,"Estimated total") or contains(@label, "Estimated Total")]=[true], //XCUIElementTypeStaticText[contains(@value, "Estimated taxes")] | //XCUIElementTypeStaticText[contains(@value, "Estimated Taxes")] | //*[contains(@label,"Estimated taxes")]=[true], //XCUIElementTypeOther[contains(@name,"POSLineItemView.Storedeliverytip")]//XCUIElementTypeStaticText[@name="POSLineItemView.leftLabel"] | //XCUIElementTypeStaticText[@name="DriverTipViewController.tipLabel"] | //XCUIElementTypeOther[contains(@name,"POSLineItemView.Drivertip")]//XCUIElementTypeStaticText[@name="POSLineItemView.leftLabel"]=[true]}
2024-01-08 16:36:30.600 [DEBUG] [thread-id 1] - Verify identifier: {//XCUIElementTypeOther[contains(@name,"POSLineItemView.Storedeliverytip")]//XCUIElementTypeStaticText[@name="POSLineItemView.leftLabel"] | //XCUIElementTypeStaticText[@name="DriverTipViewController.tipLabel"] | //XCUIElementTypeOther[contains(@name,"POSLineItemView.Drivertip")]//XCUIElementTypeStaticText[@name="POSLineItemView.leftLabel"]=[true]}
2024-01-08 16:36:31.673 [DEBUG] [thread-id 1] - Diver tip is correctly displayed
2024-01-08 16:36:31.678 [DEBUG] [thread-id 1] - Store in: store the value 'passed' in the variable 'testStatus'
2024-01-08 16:36:32.743 [DEBUG] [thread-id 1] - Executing scenario: 'After'
2024-01-08 16:36:32.744 [DEBUG] [thread-id 1] - Executing function: 'us.functions.utils.afterSteps'
2024-01-08 16:36:32.744 [DEBUG] [thread-id 1] - conditionally execute a flow. condition: true
2024-01-08 16:36:33.806 [DEBUG] [thread-id 1] - Test passed
2024-01-08 16:37:08.785 [DEBUG] [thread-id 1] - Created report: /Users/m0k0a2f/glass-automation/report/index.html
2024-01-08 16:42:50.338 [DEBUG] [thread-id 1] - Executing R2 3.38.1: '/Users/m0k0a2f/glass-automation/./us/test/test-scripts/ios/prod-flows/Ecomm-And-Fulfillment-Flows/store-single-fulfillment-flows/C2644789-glass-sc-scheduled-delivery.yaml' on device: 'iPhone 14'
2024-01-08 16:43:39.269 [DEBUG] [thread-id 1] - Executing scenario: 'Before'
2024-01-08 16:43:39.271 [DEBUG] [thread-id 1] - R2_SUBFLOW_PRE_TRANSACTION
2024-01-08 16:43:39.426 [DEBUG] [thread-id 1] - Using us-errors-helpers.yaml
2024-01-08 16:43:39.569 [DEBUG] [thread-id 1] - Start Main
2024-01-08 16:43:39.572 [DEBUG] [thread-id 1] - Executing function: 'us.functions.global.onboarding.navigateOnboardingToHome'
2024-01-08 16:43:39.573 [DEBUG] [thread-id 1] - Executing function: 'us.function.utils.getEnvironmentValue'
2024-01-08 16:43:39.573 [DEBUG] [thread-id 1] - Store in: store the value 'production' in the variable 'env'
2024-01-08 16:43:39.583 [DEBUG] [thread-id 1] - Welcome screen loaded
2024-01-08 16:43:39.585 [DEBUG] [thread-id 1] - Verify identifier: {SignUpNudgeWelcomeViewController.titleLabel=[true]}
2024-01-08 16:43:49.611 [DEBUG] [thread-id 1] - conditionally execute a flow. condition: false
2024-01-08 16:43:49.774 [DEBUG] [thread-id 1] - Click element: 'cta.cancel.welcome'
2024-01-08 16:43:50.209 [DEBUG] [thread-id 1] - Notifiction Prompt screen loaded
2024-01-08 16:43:50.596 [DEBUG] [thread-id 1] - Verify identifier: {NotificationPermissionViewController.titleLabel=[true]}
2024-01-08 16:43:50.641 [DEBUG] [thread-id 1] - Click element: 'cta.cancel.notifications'
2024-01-08 16:43:51.060 [DEBUG] [thread-id 1] - location screen loaded
2024-01-08 16:44:11.924 [DEBUG] [thread-id 1] - Main failed: Is not present: 'LocationPermissionViewController.titleLabel', 'LocationPermissionViewController.bodyLabel'
2024-01-08 16:44:12.062 [DEBUG] [thread-id 1] - Executing scenario: 'After'
2024-01-08 16:44:12.063 [DEBUG] [thread-id 1] - Executing function: 'us.functions.utils.afterSteps'
2024-01-08 16:44:12.064 [WARN] [thread-id 1] - variable testStatus was used, but r2 could not find a value for this variable. returning default of null
2024-01-08 16:44:12.064 [DEBUG] [thread-id 1] - conditionally execute a flow. condition: false
2024-01-08 16:44:12.196 [DEBUG] [thread-id 1] - Test failed
2024-01-08 16:44:16.146 [DEBUG] [thread-id 1] - Created report: /Users/m0k0a2f/glass-automation/report/index.html
2024-01-08 16:45:43.275 [DEBUG] [thread-id 1] - Executing R2 3.38.1: '/Users/m0k0a2f/glass-automation/./us/test/test-scripts/ios/prod-flows/Ecomm-And-Fulfillment-Flows/store-single-fulfillment-flows/C2644789-glass-sc-scheduled-delivery.yaml' on device: 'iPhone 14'
2024-01-08 16:46:35.312 [DEBUG] [thread-id 1] - Executing scenario: 'Before'
2024-01-08 16:46:35.313 [DEBUG] [thread-id 1] - R2_SUBFLOW_PRE_TRANSACTION
2024-01-08 16:46:35.450 [DEBUG] [thread-id 1] - Using us-errors-helpers.yaml
2024-01-08 16:46:35.582 [DEBUG] [thread-id 1] - Start Main
2024-01-08 16:46:35.585 [DEBUG] [thread-id 1] - Executing function: 'us.functions.global.onboarding.navigateOnboardingToHome'
2024-01-08 16:46:35.586 [DEBUG] [thread-id 1] - Executing function: 'us.function.utils.getEnvironmentValue'
2024-01-08 16:46:35.586 [DEBUG] [thread-id 1] - Store in: store the value 'production' in the variable 'env'
2024-01-08 16:46:35.595 [DEBUG] [thread-id 1] - Welcome screen loaded
2024-01-08 16:46:35.597 [DEBUG] [thread-id 1] - Verify identifier: {SignUpNudgeWelcomeViewController.titleLabel=[true]}
2024-01-08 16:46:45.692 [DEBUG] [thread-id 1] - conditionally execute a flow. condition: false
2024-01-08 16:46:45.864 [DEBUG] [thread-id 1] - Click element: 'cta.cancel.welcome'
2024-01-08 16:46:46.334 [DEBUG] [thread-id 1] - Notifiction Prompt screen loaded
2024-01-08 16:46:46.733 [DEBUG] [thread-id 1] - Verify identifier: {NotificationPermissionViewController.titleLabel=[true]}
2024-01-08 16:46:46.779 [DEBUG] [thread-id 1] - Click element: 'cta.cancel.notifications'
2024-01-08 16:46:47.188 [DEBUG] [thread-id 1] - location screen loaded
2024-01-08 16:46:47.415 [DEBUG] [thread-id 1] - Verify identifier: {LocationPermissionViewController.titleLabel=[true], LocationPermissionViewController.bodyLabel=[true]}
2024-01-08 16:46:47.461 [DEBUG] [thread-id 1] - Click element: 'cta.cancel.location'
2024-01-08 16:46:48.081 [DEBUG] [thread-id 1] - Verify identifier: {label.postal-code-entry=[true]}
2024-01-08 16:46:48.130 [DEBUG] [thread-id 1] - Enter text: '95122'
2024-01-08 16:46:50.048 [DEBUG] [thread-id 1] - Click element: 'cta.continue'
2024-01-08 16:46:50.548 [DEBUG] [thread-id 1] - sleep:  3000 milliseconds
2024-01-08 16:46:53.551 [DEBUG] [thread-id 1] - loop: from 0 to 3
2024-01-08 16:46:53.794 [DEBUG] [thread-id 1] - 0
2024-01-08 16:47:04.059 [DEBUG] [thread-id 1] - conditionally execute a flow. condition: false
2024-01-08 16:47:14.454 [DEBUG] [thread-id 1] - Observed IDFA Sscreen
2024-01-08 16:47:14.668 [DEBUG] [thread-id 1] - conditionally execute a flow. condition: true
2024-01-08 16:47:14.874 [DEBUG] [thread-id 1] - Verify identifier: {ATTPermissionViewController.titleLabel=[true], ATTPermissionViewController.bodyLabel=[true]}
2024-01-08 16:47:15.130 [DEBUG] [thread-id 1] - Click element: 'cta.continue.location'
2024-01-08 16:47:17.940 [DEBUG] [thread-id 1] - Click element: '//XCUIElementTypeButton[@name="Ask App Not to Track"] | //XCUIElementTypeButton[@name="Solicitar a la app no rastrear"]'
2024-01-08 16:47:29.162 [DEBUG] [thread-id 1] - conditionally execute a flow. condition: false
2024-01-08 16:47:29.895 [DEBUG] [thread-id 1] - modal is not displayed
2024-01-08 16:47:40.706 [DEBUG] [thread-id 1] - Executing function: 'us.functions.gic.collapseIfExpanded'
2024-01-08 16:47:42.517 [DEBUG] [thread-id 1] - GIC already collapsed
2024-01-08 16:47:42.522 [DEBUG] [thread-id 1] - Executing function: 'us.functions.home.navigateHomeToSignIn'
2024-01-08 16:47:42.523 [DEBUG] [thread-id 1] - sleep:  3000 milliseconds
2024-01-08 16:47:57.028 [DEBUG] [thread-id 1] - Click element: 'tab-account-unselected'
2024-01-08 16:47:58.236 [DEBUG] [thread-id 1] - Verify identifier: {SignInYourAccountTableViewCell.signInButton=[true]}
2024-01-08 16:47:58.236 [DEBUG] [thread-id 1] - loop: from 1 to 3
2024-01-08 16:47:58.760 [DEBUG] [thread-id 1] - conditionally execute a flow. condition: true
2024-01-08 16:47:59.392 [DEBUG] [thread-id 1] - Click element: 'SignInYourAccountTableViewCell.signInButton'
2024-01-08 16:48:02.921 [DEBUG] [thread-id 1] - Verify identifier: {WelcomeView.emailField=[true]}
2024-01-08 16:48:04.155 [DEBUG] [thread-id 1] - Store in: store the value 'true' in the variable 'signInValidated'
2024-01-08 16:48:05.386 [DEBUG] [thread-id 1] - conditionally execute a flow. condition: true
2024-01-08 16:48:06.602 [DEBUG] [thread-id 1] - SignIn page loaded
2024-01-08 16:48:07.860 [DEBUG] [thread-id 1] - Store in: store the value 'false' in the variable 'signInValidated'
2024-01-08 16:48:07.865 [DEBUG] [thread-id 1] - Executing function: 'us.functions.global.authentication.signInAccount'
2024-01-08 16:48:09.103 [DEBUG] [thread-id 1] - Verify identifier: {WelcomeView.emailField=[true]}
2024-01-08 16:48:09.267 [DEBUG] [thread-id 1] - Enter text: 'prod.flow004@cloudtest.org'
2024-01-08 16:48:11.165 [DEBUG] [thread-id 1] - Click element: 'WelcomeView.ctaButton'
2024-01-08 16:48:23.705 [DEBUG] [thread-id 1] - conditionally execute a flow. condition: true
2024-01-08 16:48:25.136 [DEBUG] [thread-id 1] - Click element: 'OTPView.passwordOptionStackView'
2024-01-08 16:48:27.261 [DEBUG] [thread-id 1] - Verify identifier: {OTPView.passwordTextField=[true]}
2024-01-08 16:48:27.433 [DEBUG] [thread-id 1] - Enter text: 'E2epassword$'
2024-01-08 16:48:28.903 [DEBUG] [thread-id 1] - Click element: 'OTPView.ctaButton'
2024-01-08 16:48:52.929 [DEBUG] [thread-id 1] - conditionally execute a flow. condition: true
2024-01-08 16:48:55.180 [DEBUG] [thread-id 1] - Click element: 'Donâ€™t Allow'
2024-01-08 16:48:55.946 [DEBUG] [thread-id 1] - Executing function: 'us.test.functions.utils.closeWplusPrompt.homeScreen'
2024-01-08 16:49:06.729 [DEBUG] [thread-id 1] - conditionally execute a flow. condition: false
2024-01-08 16:49:07.577 [DEBUG] [thread-id 1] - W+ Plus membership prompt is not present nothing to close continue
2024-01-08 16:49:07.594 [DEBUG] [thread-id 1] - Executing function: 'us.functions.utils.handleCartMergePopup'
2024-01-08 16:49:07.595 [DEBUG] [thread-id 1] - loop: from 0 to 4
2024-01-08 16:49:08.457 [DEBUG] [thread-id 1] - 0
2024-01-08 16:49:15.286 [DEBUG] [thread-id 1] - No Technical Error Page observed
2024-01-08 16:49:16.137 [DEBUG] [thread-id 1] - sleep:  1000 milliseconds
2024-01-08 16:49:27.483 [DEBUG] [thread-id 1] - Executing function: 'us.functions.global.navigation.accountToHome'
2024-01-08 16:49:27.484 [DEBUG] [thread-id 1] - Verify identifier: {Shop=[true]}
2024-01-08 16:49:27.484 [DEBUG] [thread-id 1] - sleep:  2000 milliseconds
2024-01-08 16:49:29.689 [DEBUG] [thread-id 1] - Click element: 'Shop'
2024-01-08 16:49:30.855 [DEBUG] [thread-id 1] - Executing function: 'us.functions.home.closeWPlusPromotionPopUpIfDisplayed'
2024-01-08 16:49:33.932 [DEBUG] [thread-id 1] - Verify identifier: {//XCUIElementTypeButton[@name="SplashPageTermView.primaryButton"]|//XCUIElementTypeButton[@name="WalmartPlusSplashBottomSheet.tryWalmartPlusMemberShipButton"] | //XCUIElementTypeButton[@label="Try your rewards benefit"] | //XCUIElementTypeButton[@name="BenefitEngagementTempoContainerView.primaryButton"]=[true]}
2024-01-08 16:49:35.557 [DEBUG] [thread-id 1] - Click element: '//XCUIElementTypeButton[@name="SplashPageViewController.closeButton" or contains(@label, "Close Walmart plus promotional pop up")] | //XCUIElementTypeNavigationBar[@name="WalmartPlus.SplashPageView"]/XCUIElementTypeButton | //XCUIElementTypeButton[@name="close" or @name="Close"] | //XCUIElementTypeButton[@name="SplashPageViewController.fullScreenCloseButton"] | //XCUIElementTypeButton[@name="MultiSplashViewController.fullScreenCloseButton"]'
2024-01-08 16:49:37.094 [DEBUG] [thread-id 1] - Verify identifier: {Search Walmart=[true]}
2024-01-08 16:49:37.097 [DEBUG] [thread-id 1] - Executing function: 'us.functions.global.navigation.toCartFromNavBar'
2024-01-08 16:49:37.466 [DEBUG] [thread-id 1] - Verify identifier: {//XCUIElementTypeButton[contains(@label, "Your cart")] | //XCUIElementTypeButton[(@name="SearchResultsViewController.cartButton") or (contains(@label,"Your cart contains") and contains(@label,"The estimated total is")) or (@label="Your cart is empty")]=[true]}
2024-01-08 16:49:37.845 [DEBUG] [thread-id 1] - Click element: '//XCUIElementTypeButton[contains(@label, "Your cart")] | //XCUIElementTypeButton[(@name="SearchResultsViewController.cartButton") or (contains(@label,"Your cart contains") and contains(@label,"The estimated total is")) or (@label="Your cart is empty")]'
2024-01-08 16:49:43.763 [DEBUG] [thread-id 1] - Verify identifier: {//XCUIElementTypeStaticText[@name="CartDetailsViewController.headerCartLabel"] | //XCUIElementTypeStaticText[@name="CartEmptyStateViewController.titleLabel" and not(contains(@label,"We're sorry!"))]=[true]}
2024-01-08 16:49:43.790 [DEBUG] [thread-id 1] - Executing function: 'us.functions.cart.removeUnavailableItemsFromCart'
2024-01-08 16:49:54.284 [DEBUG] [thread-id 1] - Executing function: 'us.functions.cart.removeAllCartItems'
2024-01-08 16:49:54.286 [DEBUG] [thread-id 1] - Executing function: 'us.functions.cart.storeChangePopUp'
2024-01-08 16:50:04.709 [DEBUG] [thread-id 1] - Executing function: 'us.functions.cart.seeDetails'
2024-01-08 16:50:04.710 [DEBUG] [thread-id 1] - loop: from 0 to 3
2024-01-08 16:50:07.282 [DEBUG] [thread-id 1] - 0
2024-01-08 16:50:16.279 [DEBUG] [thread-id 1] - No See details in Cart
2024-01-08 16:50:18.803 [DEBUG] [thread-id 1] - loop: from 0 to 5
2024-01-08 16:50:21.283 [DEBUG] [thread-id 1] - 0
2024-01-08 16:50:23.745 [DEBUG] [thread-id 1] - Executing function: 'us.functions.cart.storeChangePopUp'
2024-01-08 16:50:36.383 [DEBUG] [thread-id 1] - Executing function: 'us.functions.cart.walmartAssistantPopup'
2024-01-08 16:50:54.131 [DEBUG] [thread-id 1] - Smart Budge view not displayed
2024-01-08 16:51:00.938 [DEBUG] [thread-id 1] - Verify identifier: {//XCUIElementTypeButton[contains(@label, "Remove and continue")] | //XCUIElementTypeButton[@name="Remove" or @name = "CartItemTileView.remove"]=[true]}
2024-01-08 16:51:24.598 [DEBUG] [thread-id 1] - Click element: '//XCUIElementTypeButton[contains(@label, "Remove and continue")] | //XCUIElementTypeButton[@name="Remove" or @name = "CartItemTileView.remove"]'
2024-01-08 16:51:27.681 [DEBUG] [thread-id 1] - 1
2024-01-08 16:51:58.981 [DEBUG] [thread-id 1] - Smart Budge view not displayed
2024-01-08 16:52:04.816 [DEBUG] [thread-id 1] - No Items in Cart to Remove
2024-01-08 16:52:06.440 [DEBUG] [thread-id 1] - Executing function: 'us.functions.global.navigation.backNavigation'
2024-01-08 16:52:06.440 [DEBUG] [thread-id 1] - sleep:  3000 milliseconds
2024-01-08 16:52:13.503 [DEBUG] [thread-id 1] - Click element: '//XCUIElementTypeButton[@name="Back" or @label="Back"] | //XCUIElementTypeButton[@name="Shop"] | //XCUIElementTypeButton[@name="Home"]| //XCUIElementTypeButton[@name="Registries"] | //XCUIElementTypeButton[@name="My Items"]'
2024-01-08 16:52:14.222 [DEBUG] [thread-id 1] - Executing function: 'us.functions.home.setStore'
2024-01-08 16:52:14.225 [DEBUG] [thread-id 1] - conditionally execute a flow. condition: true
2024-01-08 16:52:15.499 [DEBUG] [thread-id 1] - Executing function: 'us.functions.home.changeStore'
2024-01-08 16:52:15.500 [DEBUG] [thread-id 1] - Executing function: 'us.functions.home.closeWPlusPromotionPopUpIfDisplayed'
2024-01-08 16:52:23.624 [DEBUG] [thread-id 1] - No Wplus pop up displayed
2024-01-08 16:52:23.629 [DEBUG] [thread-id 1] - Executing function: 'us.functions.gic.expandIfCollapsed'
2024-01-08 16:52:24.795 [DEBUG] [thread-id 1] - Verify identifier: {//*[contains(@label,"Collapsed")] | //*[contains(@name,"Collapsed")]=[true]}
2024-01-08 16:52:25.985 [DEBUG] [thread-id 1] - Click element: '//*[contains(@label,"Collapsed")] | //*[contains(@name,"Collapsed")]'
2024-01-08 16:52:26.508 [WARN] [thread-id 1] - variable storeOnly was used, but r2 could not find a value for this variable. returning default of null
2024-01-08 16:52:26.510 [DEBUG] [thread-id 1] - conditionally execute a flow. condition: true
2024-01-08 16:52:38.099 [DEBUG] [thread-id 1] - conditionally execute a flow. condition: false
2024-01-08 16:52:50.320 [DEBUG] [thread-id 1] - Click element: '//XCUIElementTypeButton[@name="GlobalIntentCenter.Pickup"] | //XCUIElementTypeButton[contains(@name, "Pickup") and contains(@name,"1 of 2")]'
2024-01-08 16:52:51.397 [DEBUG] [thread-id 1] - Pickup intent selected
2024-01-08 16:52:54.755 [DEBUG] [thread-id 1] - Click element: '//XCUIElementTypeCollectionView[@name="GlobalIntentCenterViewController.collectionView"]//XCUIElementTypeCell[position()=last()-2 or position()=last()-1]//*[@name="GlobalIntentCenter.FullLocation" and contains(@label,"Pickup")] | //XCUIElementTypeOther[@name="LayoutableChildStackViewController.stackView"]/XCUIElementTypeOther[position()=last()]//XCUIElementTypeOther[@name="HoTLocationsItemDetailsView.containerView"]'
2024-01-08 16:53:07.039 [DEBUG] [thread-id 1] - conditionally execute a flow. condition: false
2024-01-08 16:53:13.234 [DEBUG] [thread-id 1] - Enter text: '95122'
2024-01-08 16:53:22.659 [DEBUG] [thread-id 1] - Click element: '(//XCUIElementTypeButton[@name="StoreSelectionCell.radioButton"])[1] | (//XCUIElementTypeOther[@name="StoreSelectionCell.radioLabelsStackView"])[1]'
2024-01-08 16:53:30.156 [DEBUG] [thread-id 1] - Click element: '//XCUIElementTypeButton[@name="SaveStoreSelectionView.saveButton"]'
2024-01-08 16:53:34.232 [DEBUG] [thread-id 1] - Executing function: 'us.functions.utils.handleTechnicalErrorPopup'
2024-01-08 16:53:34.233 [DEBUG] [thread-id 1] - Store in: store the value 'false' in the variable 'errorRemoved'
2024-01-08 16:53:34.233 [DEBUG] [thread-id 1] - sleep:  5000 milliseconds
2024-01-08 16:53:39.241 [DEBUG] [thread-id 1] - loop: from 0 to 3
2024-01-08 16:53:39.956 [DEBUG] [thread-id 1] - 0
2024-01-08 16:53:51.210 [DEBUG] [thread-id 1] - conditionally execute a flow. condition: false
2024-01-08 16:53:51.887 [DEBUG] [thread-id 1] - Store in: store the value 'true' in the variable 'errorRemoved'
2024-01-08 16:53:52.570 [DEBUG] [thread-id 1] - No Technical Error Pop up observed
2024-01-08 16:54:03.551 [DEBUG] [thread-id 1] - sleep:  2000 milliseconds
2024-01-08 16:54:05.814 [DEBUG] [thread-id 1] - conditionally execute a flow. condition: true
2024-01-08 16:54:06.491 [DEBUG] [thread-id 1] - Executing function: 'us.functions.gic.collapseIfExpanded'
2024-01-08 16:54:07.518 [DEBUG] [thread-id 1] - Verify identifier: {//*[contains(@label,"Expanded")] | //*[contains(@name,"Expanded")]=[true]}
2024-01-08 16:54:08.198 [DEBUG] [thread-id 1] - Collapsing GIC screen
2024-01-08 16:54:09.240 [DEBUG] [thread-id 1] - Click element: '//*[contains(@label,"Expanded")] | //*[contains(@name,"Expanded")]'
2024-01-08 16:54:10.957 [DEBUG] [thread-id 1] - Verify identifier: {//*[contains(@label,"Collapsed")] | //*[contains(@name,"Collapsed")]=[true]}
2024-01-08 16:54:10.972 [DEBUG] [thread-id 1] - Executing function: 'us.functions.search.searchItem'
2024-01-08 16:54:10.972 [DEBUG] [thread-id 1] - Verify identifier: {Search=[true]}
2024-01-08 16:54:11.113 [DEBUG] [thread-id 1] - Click element: 'Search'
2024-01-08 16:54:12.793 [DEBUG] [thread-id 1] - Verify identifier: {Search Walmart=[true]}
2024-01-08 16:54:15.918 [DEBUG] [thread-id 1] - Click element: 'Search Walmart'
2024-01-08 16:54:16.558 [DEBUG] [thread-id 1] - Enter text: 'tshirt'
2024-01-08 16:54:17.811 [DEBUG] [thread-id 1] - Executing function: 'us.functions.search.closeHowDoYouWantYourOrderBottomTray'
2024-01-08 16:54:24.222 [DEBUG] [thread-id 1] - How do you want pop up not displayed
2024-01-08 16:54:34.689 [DEBUG] [thread-id 1] - Executing function: 'us.functions.utils.scrollIfNotVisible'
2024-01-08 16:54:35.728 [DEBUG] [thread-id 1] - Verify identifier: {(//XCUIElementTypeButton[@name="GlassProductTile.mainStackView"])[1] | //XCUIElementTypeOther[contains(@name,"ProductImageView.stackView")] | //*[contains(@name,"ProductSectionCoordinator_searchPrimaryProductCell")] | //XCUIElementTypeCell[contains(@name,"ProductSectionCoordinator_searchPrimaryProductCell_indexPath")] | (//XCUIElementTypeOther[@name="ProductImageView.stackView"])[1] | (//XCUIElementTypeButton[@name="GlassProductTile.mainStackView"])[2]=[true]}
2024-01-08 16:54:36.388 [DEBUG] [thread-id 1] - Element already visible, scrolling is skipped
2024-01-08 16:54:36.392 [DEBUG] [thread-id 1] - Resetting scrollPosition variable to default
2024-01-08 16:54:36.393 [DEBUG] [thread-id 1] - Store in: store the value 'null' in the variable 'scrollPosition'
2024-01-08 16:54:36.393 [DEBUG] [thread-id 1] - Store in: store the value 'null' in the variable 'identifierScope'
2024-01-08 16:54:36.393 [DEBUG] [thread-id 1] - Store in: store the value 'null' in the variable 'limit'
2024-01-08 16:54:36.737 [DEBUG] [thread-id 1] - conditionally execute a flow. condition: true
2024-01-08 16:54:37.390 [DEBUG] [thread-id 1] - successfully found an item for the above search criterion
2024-01-08 16:54:37.402 [DEBUG] [thread-id 1] - Executing function: 'us.functions.gic.changeFulfillment'
2024-01-08 16:54:37.403 [DEBUG] [thread-id 1] - Executing function: 'us.functions.gic.expandIfCollapsed'
2024-01-08 16:54:38.432 [DEBUG] [thread-id 1] - Verify identifier: {//*[contains(@label,"Collapsed")] | //*[contains(@name,"Collapsed")]=[true]}
2024-01-08 16:54:39.452 [DEBUG] [thread-id 1] - Click element: '//*[contains(@label,"Collapsed")] | //*[contains(@name,"Collapsed")]'
2024-01-08 16:54:39.962 [DEBUG] [thread-id 1] - Executing function: 'us.functions.gic.setFulfillment'
2024-01-08 16:54:50.335 [DEBUG] [thread-id 1] - conditionally execute a flow. condition: false
2024-01-08 16:54:52.131 [DEBUG] [thread-id 1] - Click element: '//XCUIElementTypeButton[@name="GlobalIntentCenter.Delivery"] | //XCUIElementTypeButton[contains(@name, "Delivery") ]'
2024-01-08 16:54:53.792 [DEBUG] [thread-id 1] - Delivery intent selected
2024-01-08 16:54:55.676 [DEBUG] [thread-id 1] - sleep:  3000 milliseconds
2024-01-08 16:54:58.717 [DEBUG] [thread-id 1] - Executing function: 'us.functions.gic.collapseIfExpanded'
2024-01-08 16:54:59.528 [DEBUG] [thread-id 1] - Verify identifier: {//*[contains(@label,"Expanded")] | //*[contains(@name,"Expanded")]=[true]}
2024-01-08 16:55:00.047 [DEBUG] [thread-id 1] - Collapsing GIC screen
2024-01-08 16:55:00.823 [DEBUG] [thread-id 1] - Click element: '//*[contains(@label,"Expanded")] | //*[contains(@name,"Expanded")]'
2024-01-08 16:55:01.294 [DEBUG] [thread-id 1] - Executing function: 'us.functions.search.clickOnFirstItem'
2024-01-08 16:55:01.295 [WARN] [thread-id 1] - variable subFilter was used, but r2 could not find a value for this variable. returning default of null
2024-01-08 16:55:01.297 [DEBUG] [thread-id 1] - conditionally execute a flow. condition: false
2024-01-08 16:55:01.994 [DEBUG] [thread-id 1] - conditionally execute a flow. condition: true
2024-01-08 16:55:02.676 [DEBUG] [thread-id 1] - Executing function: 'us.functions.utils.scrollIfNotVisible'
2024-01-08 16:55:04.970 [DEBUG] [thread-id 1] - Scroll limit set to 10
2024-01-08 16:55:05.647 [DEBUG] [thread-id 1] - conditionally execute a flow. condition: false
2024-01-08 16:55:06.343 [DEBUG] [thread-id 1] - conditionally execute a flow. condition: true
2024-01-08 16:55:07.001 [DEBUG] [thread-id 1] - Scroll: down
2024-01-08 16:55:16.001 [DEBUG] [thread-id 1] - Resetting scrollPosition variable to default
2024-01-08 16:55:16.001 [DEBUG] [thread-id 1] - Store in: store the value 'null' in the variable 'scrollPosition'
2024-01-08 16:55:16.001 [DEBUG] [thread-id 1] - Store in: store the value 'null' in the variable 'identifierScope'
2024-01-08 16:55:16.001 [DEBUG] [thread-id 1] - Store in: store the value 'null' in the variable 'limit'
2024-01-08 16:55:16.734 [DEBUG] [thread-id 1] - Click element: '//XCUIElementTypeCell[contains(@name,"ProductSectionCoordinator_searchPrimaryProductCell_indexPath")]/XCUIElementTypeOther/XCUIElementTypeOther[1]/XCUIElementTypeButton[not(contains(@label, "Sponsored")) and (contains(@label, "reviews"))][1] | //*[contains(@name,"GlassProductTile.mainStackView") and not(contains(@label, "Sponsored")) and (contains(@label, "reviews"))] | //XCUIElementTypeCell[contains(@name,"ProductSectionCoordinator_searchPrimaryProductCell_indexPath")]/XCUIElementTypeOther/XCUIElementTypeOther[1]/XCUIElementTypeButton[1][not(contains(@label, "Sponsored"))]'
2024-01-08 16:55:17.899 [DEBUG] [thread-id 1] - check if item details page is showing
2024-01-08 16:55:17.903 [DEBUG] [thread-id 1] - Executing function: 'us.functions.item.addItemToCart'
2024-01-08 16:55:41.368 [DEBUG] [thread-id 1] - Verify identifier: {stepper.mainButton=[true]}
2024-01-08 16:55:54.023 [DEBUG] [thread-id 1] - Click element: 'stepper.mainButton'
2024-01-08 16:55:59.967 [WARN] [thread-id 1] - variable qty was used, but r2 could not find a value for this variable. returning default of null
2024-01-08 16:55:59.967 [WARN] [thread-id 1] - variable qty was used, but r2 could not find a value for this variable. returning default of null
2024-01-08 16:56:09.486 [DEBUG] [thread-id 1] - Verify identifier: {//XCUIElementTypeStaticText[@name="1 added"]| //XCUIElementTypeOther[@name="add-to-cart-button"] | //XCUIElementTypeStaticText[@label="null"] | Max 1=[true]}
2024-01-08 16:56:09.489 [WARN] [thread-id 1] - variable skipPostAddToCartSteps was used, but r2 could not find a value for this variable. returning default of null
2024-01-08 16:56:09.490 [DEBUG] [thread-id 1] - conditionally execute a flow. condition: true
2024-01-08 16:56:25.383 [DEBUG] [thread-id 1] - Executing function: 'us.functions.item.postAddToCartSteps'
2024-01-08 16:57:02.314 [DEBUG] [thread-id 1] - No ACC pop up screen displayed
2024-01-08 16:57:25.683 [DEBUG] [thread-id 1] - Click element: '//XCUIElementTypeButton[@name="Close"]'
2024-01-08 16:57:47.264 [DEBUG] [thread-id 1] - Click element: '//XCUIElementTypeButton[@name="Close"] | //XCUIElementTypeButton[@label="Close"]'
2024-01-08 16:57:50.252 [DEBUG] [thread-id 1] - Executing function: 'us.functions.item.closeItemPage'
2024-01-08 16:58:10.826 [DEBUG] [thread-id 1] - PAC not found
2024-01-08 16:58:31.511 [DEBUG] [thread-id 1] - Item page closed
2024-01-08 16:58:31.980 [WARN] [thread-id 1] - break reached without loop, this may be an error in your flow.
2024-01-08 16:58:31.991 [DEBUG] [thread-id 1] - Verify identifier: {Your cart is empty=[true]}
2024-01-08 16:58:31.992 [DEBUG] [thread-id 1] - Store in: store the value 'false' in the variable 'skipPostAddToCartSteps'
2024-01-08 16:58:31.992 [DEBUG] [thread-id 1] - Store in: store the value 'false' in the variable 'apiFetch'
2024-01-08 16:58:31.992 [DEBUG] [thread-id 1] - Store in: store the value 'null' in the variable 'itemDataDetails'
2024-01-08 16:58:31.992 [DEBUG] [thread-id 1] - R2_SUBFLOW_TRANSACTION
2024-01-08 16:58:31.993 [DEBUG] [thread-id 1] - Executing function: 'us.functions.global.navigation.toCartFromNavBar'
2024-01-08 16:58:32.212 [DEBUG] [thread-id 1] - Verify identifier: {//XCUIElementTypeButton[contains(@label, "Your cart")] | //XCUIElementTypeButton[(@name="SearchResultsViewController.cartButton") or (contains(@label,"Your cart contains") and contains(@label,"The estimated total is")) or (@label="Your cart is empty")]=[true]}
2024-01-08 16:58:32.436 [DEBUG] [thread-id 1] - Click element: '//XCUIElementTypeButton[contains(@label, "Your cart")] | //XCUIElementTypeButton[(@name="SearchResultsViewController.cartButton") or (contains(@label,"Your cart contains") and contains(@label,"The estimated total is")) or (@label="Your cart is empty")]'
2024-01-08 16:58:37.985 [DEBUG] [thread-id 1] - Verify identifier: {//XCUIElementTypeStaticText[@name="CartDetailsViewController.headerCartLabel"] | //XCUIElementTypeStaticText[@name="CartEmptyStateViewController.titleLabel" and not(contains(@label,"We're sorry!"))]=[true]}
2024-01-08 16:58:38.002 [DEBUG] [thread-id 1] - Executing function: 'us.functions.selectBookingSlot'
2024-01-08 16:58:38.003 [DEBUG] [thread-id 1] - Store in: store the value '1' in the variable 'slotIndex'
2024-01-08 16:58:38.004 [DEBUG] [thread-id 1] - Store in: store the value '3' in the variable 'slotIndex2'
2024-01-08 16:58:38.005 [WARN] [thread-id 1] - variable timeSlot was used, but r2 could not find a value for this variable. returning default of null
2024-01-08 16:58:38.006 [DEBUG] [thread-id 1] - conditionally execute a flow. condition: true
2024-01-08 16:58:40.779 [DEBUG] [thread-id 1] - Store in: store the value 'generic' in the variable 'timeSlot'
2024-01-08 16:58:40.794 [DEBUG] [thread-id 1] - Executing function: 'us.functions.loadBookingSlotScreenBasics'
2024-01-08 16:58:40.794 [DEBUG] [thread-id 1] - ------ Loading booking slot screen ------
2024-01-08 16:58:40.794 [DEBUG] [thread-id 1] - conditionally execute a flow. condition: false
2024-01-08 16:58:43.564 [DEBUG] [thread-id 1] - conditionally execute a flow. condition: true
2024-01-08 16:58:46.355 [DEBUG] [thread-id 1] - ------ Loading booking slot screen from cart page ------
2024-01-08 16:58:49.134 [DEBUG] [thread-id 1] - Executing function: 'us.functions.cart.scrollToTopOfCart'
2024-01-08 16:58:49.134 [DEBUG] [thread-id 1] - -------Scroll to top of cart page function start-------
2024-01-08 16:58:53.666 [DEBUG] [thread-id 1] - Verify identifier: {//XCUIElementTypeStaticText[@name="CartDetailsViewController.headerCartLabel"] | //XCUIElementTypeStaticText[@name="CartEmptyStateViewController.titleLabel" and not(contains(@label,"We're sorry!"))]=[true]}
2024-01-08 16:58:59.268 [DEBUG] [thread-id 1] - Executing function: 'us.functions.utils.scrollIfNotVisible'
2024-01-08 16:59:02.939 [DEBUG] [thread-id 1] - Verify identifier: {FulfillmentSummaryView.titlePrefixLabel=[true]}
2024-01-08 16:59:05.707 [DEBUG] [thread-id 1] - Element already visible, scrolling is skipped
2024-01-08 16:59:05.718 [DEBUG] [thread-id 1] - Resetting scrollPosition variable to default
2024-01-08 16:59:05.718 [DEBUG] [thread-id 1] - Store in: store the value 'null' in the variable 'scrollPosition'
2024-01-08 16:59:05.718 [DEBUG] [thread-id 1] - Store in: store the value 'null' in the variable 'identifierScope'
2024-01-08 16:59:05.718 [DEBUG] [thread-id 1] - Store in: store the value 'null' in the variable 'limit'
2024-01-08 16:59:05.722 [DEBUG] [thread-id 1] - -------Scroll to top of cart page function end-------
2024-01-08 16:59:08.514 [DEBUG] [thread-id 1] - Executing function: 'us.functions.utils.scrollIfNotVisible'
2024-01-08 16:59:13.185 [DEBUG] [thread-id 1] - Verify identifier: {//XCUIElementTypeButton[@name="FulfillmentSummaryView.actionButton" and not(contains(@label,"See Options"))] | //*[contains(@label,"Reserve a new time")]=[true]}
2024-01-08 16:59:16.042 [DEBUG] [thread-id 1] - Element already visible, scrolling is skipped
2024-01-08 16:59:16.047 [DEBUG] [thread-id 1] - Resetting scrollPosition variable to default
2024-01-08 16:59:16.047 [DEBUG] [thread-id 1] - Store in: store the value 'null' in the variable 'scrollPosition'
2024-01-08 16:59:16.047 [DEBUG] [thread-id 1] - Store in: store the value 'null' in the variable 'identifierScope'
2024-01-08 16:59:16.047 [DEBUG] [thread-id 1] - Store in: store the value 'null' in the variable 'limit'
2024-01-08 16:59:20.618 [DEBUG] [thread-id 1] - Verify identifier: {//XCUIElementTypeButton[@name="FulfillmentSummaryView.actionButton" and not(contains(@label,"See Options"))] | //*[contains(@label,"Reserve a new time")]=[true]}
2024-01-08 16:59:25.154 [DEBUG] [thread-id 1] - Click element: '//XCUIElementTypeButton[@name="FulfillmentSummaryView.actionButton" and not(contains(@label,"See Options"))] | //*[contains(@label,"Reserve a new time")]'
2024-01-08 16:59:37.786 [DEBUG] [thread-id 1] - Slot page loaded
2024-01-08 16:59:56.729 [DEBUG] [thread-id 1] - ------ Loading delivery tab ------
2024-01-08 16:59:56.732 [DEBUG] [thread-id 1] - conditionally execute a flow. condition: false
2024-01-08 17:00:04.586 [DEBUG] [thread-id 1] - Click element: '//XCUIElementTypeButton[@name="Delivery from store"]'
2024-01-08 17:00:10.188 [DEBUG] [thread-id 1] - conditionally execute a flow. condition: true
2024-01-08 17:00:13.925 [DEBUG] [thread-id 1] - New address is to be added
2024-01-08 17:00:17.660 [WARN] [thread-id 1] - variable addressAdded was used, but r2 could not find a value for this variable. returning default of null
2024-01-08 17:00:17.660 [DEBUG] [thread-id 1] - conditionally execute a flow. condition: false
2024-01-08 17:00:21.419 [DEBUG] [thread-id 1] - ------ Adding address ------
2024-01-08 17:00:36.494 [WARN] [thread-id 1] - variable skipSlotPage was used, but r2 could not find a value for this variable. returning default of null
2024-01-08 17:00:36.494 [DEBUG] [thread-id 1] - conditionally execute a flow. condition: false
2024-01-08 17:00:40.248 [WARN] [thread-id 1] - variable wplusUser was used, but r2 could not find a value for this variable. returning default of null
2024-01-08 17:00:40.248 [WARN] [thread-id 1] - variable wplusUser was used, but r2 could not find a value for this variable. returning default of null
2024-01-08 17:00:47.839 [DEBUG] [thread-id 1] - Executing function: 'us.functions.selectTimeSlotBasics'
2024-01-08 17:00:47.840 [DEBUG] [thread-id 1] - conditionally execute a flow. condition: true
2024-01-08 17:00:51.754 [DEBUG] [thread-id 1] - ------Selecting general time slot------
2024-01-08 17:01:07.595 [DEBUG] [thread-id 1] - conditionally execute a flow. condition: false
2024-01-08 17:01:13.231 [DEBUG] [thread-id 1] - Verify identifier: {(//XCUIElementTypeButton[@name="SlotHoursCell.slotHoursView"])[1]=[true]}
2024-01-08 17:01:18.857 [DEBUG] [thread-id 1] - Click element: '(//XCUIElementTypeButton[@name="SlotHoursCell.slotHoursView"])[1]'
2024-01-08 17:01:25.968 [DEBUG] [thread-id 1] - Verify identifier: {(//XCUIElementTypeButton[@name="SlotHoursCell.slotHoursView"])[1]=[true]}
2024-01-08 17:01:25.997 [DEBUG] [thread-id 1] - ------ Slot time selection completed ------
2024-01-08 17:01:29.781 [DEBUG] [thread-id 1] - Executing function: 'us.mappings.confirmSlotSelectionBasics'
2024-01-08 17:01:29.781 [DEBUG] [thread-id 1] - loop: from 0 to 2
2024-01-08 17:01:35.292 [DEBUG] [thread-id 1] - Click element: '//XCUIElementTypeButton[@name="ReserveSlotView.saveButton"]'
2024-01-08 17:01:47.032 [DEBUG] [thread-id 1] - Executing function: 'us.functions.cart.continueMissingAnythingScreen'
2024-01-08 17:01:53.590 [DEBUG] [thread-id 1] - Missing anything popup not displayed
2024-01-08 17:01:56.402 [DEBUG] [thread-id 1] - Slot saved
2024-01-08 17:01:59.113 [DEBUG] [thread-id 1] - ------ Slot selection saved ------
2024-01-08 17:01:59.117 [DEBUG] [thread-id 1] - Executing function: 'us.functions.cart.oos.moveItemToSfl'
2024-01-08 17:02:11.487 [DEBUG] [thread-id 1] - conditionally execute a flow. condition: false
2024-01-08 17:02:14.113 [DEBUG] [thread-id 1] - Item is Available
2024-01-08 17:02:14.129 [DEBUG] [thread-id 1] - Executing function: 'us.functions.cart.verifyCardDetails'
2024-01-08 17:02:14.129 [DEBUG] [thread-id 1] - Executing function: 'us.functions.utils.getFulfillmentTextsToCompare'
2024-01-08 17:02:14.130 [WARN] [thread-id 1] - variable altFulfillmentText was used, but r2 could not find a value for this variable. returning default of null
2024-01-08 17:02:14.130 [DEBUG] [thread-id 1] - conditionally execute a flow. condition: true
2024-01-08 17:02:16.783 [DEBUG] [thread-id 1] - conditionally execute a flow. condition: false
2024-01-08 17:02:19.392 [DEBUG] [thread-id 1] - conditionally execute a flow. condition: false
2024-01-08 17:02:22.053 [DEBUG] [thread-id 1] - conditionally execute a flow. condition: true
2024-01-08 17:02:24.666 [DEBUG] [thread-id 1] - Store in: store the value 'delivery' in the variable 'altFulfillmentText'
2024-01-08 17:02:24.691 [DEBUG] [thread-id 1] - -------Validate Delivery cart details function start-------
2024-01-08 17:02:24.691 [WARN] [thread-id 1] - variable initialCartDataSetup was used, but r2 could not find a value for this variable. returning default of null
2024-01-08 17:02:24.692 [DEBUG] [thread-id 1] - conditionally execute a flow. condition: true
2024-01-08 17:02:27.282 [DEBUG] [thread-id 1] - sleep:  3000 milliseconds
2024-01-08 17:02:34.585 [DEBUG] [thread-id 1] - conditionally execute a flow. condition: true
2024-01-08 17:02:37.216 [DEBUG] [thread-id 1] - Cart page displayed
2024-01-08 17:02:39.801 [WARN] [thread-id 1] - variable validationScope was used, but r2 could not find a value for this variable. returning default of null
2024-01-08 17:02:42.398 [DEBUG] [thread-id 1] - Store in: store the value 'complete' in the variable 'initialCartDataSetup'
2024-01-08 17:02:46.684 [DEBUG] [thread-id 1] - Verify identifier: {//XCUIElementTypeStaticText[@name="FulfillmentSummaryView.titlePrefixLabel" and (contains(@label,"Delivery") or contains(@label,"delivery"))]=[true]}
2024-01-08 17:02:46.699 [WARN] [thread-id 1] - variable validationScope was used, but r2 could not find a value for this variable. returning default of null
2024-01-08 17:02:46.699 [DEBUG] [thread-id 1] - conditionally execute a flow. condition: false
2024-01-08 17:02:49.312 [DEBUG] [thread-id 1] - Basic Delivery fulfillment section validation done
2024-01-08 17:02:49.318 [WARN] [thread-id 1] - variable unscheduled was used, but r2 could not find a value for this variable. returning default of null
2024-01-08 17:02:49.318 [WARN] [thread-id 1] - variable partialCheckout was used, but r2 could not find a value for this variable. returning default of null
2024-01-08 17:02:49.319 [DEBUG] [thread-id 1] - Store in: store the value 'null' in the variable 'altFulfillmentText'
2024-01-08 17:02:49.319 [DEBUG] [thread-id 1] - Store in: store the value 'null' in the variable 'validationScope'
2024-01-08 17:02:49.319 [DEBUG] [thread-id 1] - Store in: store the value 'false' in the variable 'unscheduled'
2024-01-08 17:02:49.319 [DEBUG] [thread-id 1] - Store in: store the value 'false' in the variable 'partialCheckout'
2024-01-08 17:02:49.319 [DEBUG] [thread-id 1] - -------Validate Delivery cart details function end-------
2024-01-08 17:02:49.320 [DEBUG] [thread-id 1] - Executing function: 'us.functions.cart.verifyTotalAmount'
2024-01-08 17:02:49.320 [DEBUG] [thread-id 1] - Executing function: 'us.functions.utils.scrollIfNotVisible'
2024-01-08 17:02:53.498 [DEBUG] [thread-id 1] - Verify identifier: {//XCUIElementTypeStaticText[contains(@value, "Estimated Total")] | //XCUIElementTypeStaticText[contains(@value, "Estimated total")]=[true]}
2024-01-08 17:02:56.109 [DEBUG] [thread-id 1] - Element already visible, scrolling is skipped
2024-01-08 17:02:56.113 [DEBUG] [thread-id 1] - Resetting scrollPosition variable to default
2024-01-08 17:02:56.113 [DEBUG] [thread-id 1] - Store in: store the value 'null' in the variable 'scrollPosition'
2024-01-08 17:02:56.114 [DEBUG] [thread-id 1] - Store in: store the value 'null' in the variable 'identifierScope'
2024-01-08 17:02:56.114 [DEBUG] [thread-id 1] - Store in: store the value 'null' in the variable 'limit'
2024-01-08 17:03:00.152 [DEBUG] [thread-id 1] - Verify identifier: {//XCUIElementTypeStaticText[contains(@value, "Subtotal (1 item)")]=[true], //XCUIElementTypeStaticText[contains(@label,"Taxes")]=[true], //XCUIElementTypeStaticText[contains(@value, "Estimated Total")] | //XCUIElementTypeStaticText[contains(@value, "Estimated total")]=[true]}
2024-01-08 17:03:00.154 [DEBUG] [thread-id 1] - Executing function: 'us.functions.cart.verifyThresholdFeesDisplay'
2024-01-08 17:03:00.156 [DEBUG] [thread-id 1] - Executing function: 'us.functions.utils.scrollIfNotVisible'
2024-01-08 17:03:07.309 [DEBUG] [thread-id 1] - conditionally execute a flow. condition: true
2024-01-08 17:03:09.940 [DEBUG] [thread-id 1] - Store in: store the value '5' in the variable 'limit'
2024-01-08 17:03:12.599 [DEBUG] [thread-id 1] - Scroll limit set to 5
2024-01-08 17:03:15.249 [DEBUG] [thread-id 1] - conditionally execute a flow. condition: false
2024-01-08 17:03:17.912 [DEBUG] [thread-id 1] - conditionally execute a flow. condition: true
2024-01-08 17:03:20.642 [DEBUG] [thread-id 1] - Scroll: down
2024-01-08 17:03:41.363 [DEBUG] [thread-id 1] - Resetting scrollPosition variable to default
2024-01-08 17:03:41.364 [DEBUG] [thread-id 1] - Store in: store the value 'null' in the variable 'scrollPosition'
2024-01-08 17:03:41.364 [DEBUG] [thread-id 1] - Store in: store the value 'null' in the variable 'identifierScope'
2024-01-08 17:03:41.364 [DEBUG] [thread-id 1] - Store in: store the value 'null' in the variable 'limit'
2024-01-08 17:03:41.368 [DEBUG] [thread-id 1] - Executing function: 'us.functions.utils.fetchAmountDisplayed'
2024-01-08 17:03:41.369 [DEBUG] [thread-id 1] - Fetching only numeric value of given amount/count identifier
2024-01-08 17:03:41.370 [WARN] [thread-id 1] - variable attribute was used, but r2 could not find a value for this variable. returning default of null
2024-01-08 17:03:41.370 [DEBUG] [thread-id 1] - Attribute - null
2024-01-08 17:03:41.370 [WARN] [thread-id 1] - variable attribute was used, but r2 could not find a value for this variable. returning default of null
2024-01-08 17:03:41.371 [DEBUG] [thread-id 1] - conditionally execute a flow. condition: true
2024-01-08 17:03:45.633 [DEBUG] [thread-id 1] - get string: from '//*[@name="POSLineItemView.rightLabel" and contains(@label,"Subtotal")] | //*[@name="POSLineItemView.leftLabel" and contains(@label, "Subtotal") and not(contains(@label, "Old"))]' [type='null']
2024-01-08 17:03:45.661 [DEBUG] [thread-id 1] - Amount displayed value Subtotal (1 item), $9.98
2024-01-08 17:03:45.661 [DEBUG] [thread-id 1] - Execute Node: 'us/test/helpers/splitString.js'
2024-01-08 17:03:46.344 [DEBUG] [thread-id 1] - Execute Node: 'us/test/helpers/splitString.js'
2024-01-08 17:03:46.441 [DEBUG] [thread-id 1] - Store in: store the value 'null' in the variable 'attribute'
2024-01-08 17:03:46.441 [DEBUG] [thread-id 1] - Numeric amount value 9.98
2024-01-08 17:03:46.442 [DEBUG] [thread-id 1] - conditionally execute a flow. condition: false
2024-01-08 17:03:48.887 [DEBUG] [thread-id 1] - conditionally execute a flow. condition: true
2024-01-08 17:03:53.645 [DEBUG] [thread-id 1] - Verify identifier: {(//XCUIElementTypeStaticText[@name="POSLineItemView.rightLabel" and contains(@label, "$0")])=[true], //XCUIElementTypeStaticText[contains(@label, "walmart plus, No $35 order minimum fee")]=[true]}
2024-01-08 17:03:59.155 [DEBUG] [thread-id 1] - Verify identifier: {//XCUIElementTypeStaticText[contains(@value,"Below order minimum (less than $35)") or contains(@value,"below $35 order minimum")] | //XCUIElementTypeStaticText[contains(@label, "Below $35 order minimum fee")] | //XCUIElementTypeStaticText[contains(@value,"Express delivery")]=[true], //XCUIElementTypeStaticText[contains(@value,"Below order minimum (less than $35)")]//following-sibling::XCUIElementTypeStaticText | //XCUIElementTypeStaticText[contains(@value,"below $35 order minimum")]//following-sibling::XCUIElementTypeStaticText | //XCUIElementTypeStaticText[contains(@value,"Express delivery")]//following-sibling::XCUIElementTypeStaticText=[true]}
2024-01-08 17:04:01.596 [DEBUG] [thread-id 1] - Executing function: 'us.functions.utils.fetchAmountDisplayed'
2024-01-08 17:04:01.596 [DEBUG] [thread-id 1] - Fetching only numeric value of given amount/count identifier
2024-01-08 17:04:01.596 [DEBUG] [thread-id 1] - Attribute - value
2024-01-08 17:04:01.597 [DEBUG] [thread-id 1] - conditionally execute a flow. condition: false
2024-01-08 17:04:05.434 [DEBUG] [thread-id 1] - get string: from '//XCUIElementTypeStaticText[contains(@value,"Below order minimum (less than $35)")]//following-sibling::XCUIElementTypeStaticText | //XCUIElementTypeStaticText[contains(@value,"below $35 order minimum")]//following-sibling::XCUIElementTypeStaticText | //XCUIElementTypeStaticText[contains(@value,"Express delivery")]//following-sibling::XCUIElementTypeStaticText' [type='value']
2024-01-08 17:04:05.438 [DEBUG] [thread-id 1] - Amount displayed value $19.95
2024-01-08 17:04:05.438 [DEBUG] [thread-id 1] - Execute Node: 'us/test/helpers/splitString.js'
2024-01-08 17:04:05.531 [DEBUG] [thread-id 1] - Execute Node: 'us/test/helpers/splitString.js'
2024-01-08 17:04:05.588 [DEBUG] [thread-id 1] - Store in: store the value 'null' in the variable 'attribute'
2024-01-08 17:04:05.589 [DEBUG] [thread-id 1] - Numeric amount value 19.95
2024-01-08 17:04:08.037 [DEBUG] [thread-id 1] - conditionally execute a flow. condition: true
2024-01-08 17:04:10.426 [DEBUG] [thread-id 1] - Verified below order minimum fee is 19.95
2024-01-08 17:04:10.446 [DEBUG] [thread-id 1] - Executing function: 'us.functions.cart.continueToCheckout'
2024-01-08 17:04:11.759 [DEBUG] [thread-id 1] - Verify identifier: {//XCUIElementTypeButton[@name="CartPrimaryCTAButton"] | //XCUIElementTypeButton[@name="CartFinishButton"]=[true]}
2024-01-08 17:04:13.086 [DEBUG] [thread-id 1] - Click element: '//XCUIElementTypeButton[@name="CartPrimaryCTAButton"] | //XCUIElementTypeButton[@name="CartFinishButton"]'
2024-01-08 17:04:14.088 [DEBUG] [thread-id 1] - sleep:  5000 milliseconds
2024-01-08 17:04:40.399 [DEBUG] [thread-id 1] - sleep:  3000 milliseconds
2024-01-08 17:04:43.403 [DEBUG] [thread-id 1] - Executing function: 'us.functions.home.closeWPlusPromotionPopUpIfDisplayed'
2024-01-08 17:04:54.290 [DEBUG] [thread-id 1] - No Wplus pop up displayed
2024-01-08 17:04:54.297 [DEBUG] [thread-id 1] - Executing function: 'us.functions.cart.handleItemUpdatesBottomTray'
2024-01-08 17:05:00.917 [DEBUG] [thread-id 1] - No item update pop up
2024-01-08 17:05:00.923 [DEBUG] [thread-id 1] - Executing function: 'us.functions.utils.handleTechnicalErrorPopup'
2024-01-08 17:05:00.923 [DEBUG] [thread-id 1] - Store in: store the value 'false' in the variable 'errorRemoved'
2024-01-08 17:05:00.923 [DEBUG] [thread-id 1] - sleep:  5000 milliseconds
2024-01-08 17:05:05.928 [DEBUG] [thread-id 1] - loop: from 0 to 3
2024-01-08 17:05:07.288 [DEBUG] [thread-id 1] - 0
2024-01-08 17:05:20.260 [DEBUG] [thread-id 1] - conditionally execute a flow. condition: false
2024-01-08 17:05:21.533 [DEBUG] [thread-id 1] - Store in: store the value 'true' in the variable 'errorRemoved'
2024-01-08 17:05:22.828 [DEBUG] [thread-id 1] - No Technical Error Pop up observed
2024-01-08 17:05:24.131 [WARN] [thread-id 1] - variable errorDismissed was used, but r2 could not find a value for this variable. returning default of null
2024-01-08 17:05:24.569 [DEBUG] [thread-id 1] - conditionally execute a flow. condition: true
2024-01-08 17:05:25.857 [DEBUG] [thread-id 1] - Clicked on Checkout button successfully
2024-01-08 17:05:25.863 [DEBUG] [thread-id 1] - Executing function: 'us.functions.wplus.handle.SubstitutionPreferencePopup'
2024-01-08 17:05:35.985 [DEBUG] [thread-id 1] - Executing function: 'us.functions.checkout.reviewOrder.verifyCardDetails'
2024-01-08 17:05:35.986 [DEBUG] [thread-id 1] - Executing function: 'us.functions.utils.getFulfillmentTextsToCompare'
2024-01-08 17:05:35.987 [DEBUG] [thread-id 1] - conditionally execute a flow. condition: true
2024-01-08 17:05:37.267 [DEBUG] [thread-id 1] - conditionally execute a flow. condition: false
2024-01-08 17:05:38.535 [DEBUG] [thread-id 1] - conditionally execute a flow. condition: false
2024-01-08 17:05:39.805 [DEBUG] [thread-id 1] - conditionally execute a flow. condition: true
2024-01-08 17:05:41.095 [DEBUG] [thread-id 1] - Store in: store the value 'delivery' in the variable 'altFulfillmentText'
2024-01-08 17:05:41.117 [DEBUG] [thread-id 1] - -----------Delivery section validation start-----------
2024-01-08 17:05:41.118 [WARN] [thread-id 1] - variable initialCheckoutDataSetup was used, but r2 could not find a value for this variable. returning default of null
2024-01-08 17:05:41.118 [DEBUG] [thread-id 1] - conditionally execute a flow. condition: true
2024-01-08 17:05:42.396 [DEBUG] [thread-id 1] - sleep:  5000 milliseconds
2024-01-08 17:05:48.732 [DEBUG] [thread-id 1] - conditionally execute a flow. condition: true
2024-01-08 17:05:49.992 [DEBUG] [thread-id 1] - Review order page loaded successfully
2024-01-08 17:05:51.276 [DEBUG] [thread-id 1] - Store in: store the value 'complete' in the variable 'initialCheckoutDataSetup'
2024-01-08 17:05:51.281 [DEBUG] [thread-id 1] - conditionally execute a flow. condition: false
2024-01-08 17:05:52.554 [DEBUG] [thread-id 1] - conditionally execute a flow. condition: false
2024-01-08 17:05:53.804 [DEBUG] [thread-id 1] - conditionally execute a flow. condition: false
2024-01-08 17:05:55.058 [DEBUG] [thread-id 1] - conditionally execute a flow. condition: false
2024-01-08 17:05:56.323 [DEBUG] [thread-id 1] - Store in: store the value 'Delivery' in the variable 'viewType'
2024-01-08 17:05:56.348 [DEBUG] [thread-id 1] - Validating fulfillment section Delivery
2024-01-08 17:05:58.271 [DEBUG] [thread-id 1] - Verify identifier: {//*[(@name="FulfillmentTitleView.titlePrefixLabel" or @name="FulfillmentSummaryView.titlePrefixLabel") and (contains(@label, "Delivery") or contains(@label, "delivery"))] | //*[@name="FulfillmentSummaryView.detailLabel" and contains(@label, "Delivery")]=[true]}
2024-01-08 17:05:58.275 [DEBUG] [thread-id 1] - Validated basic fulfillment details
2024-01-08 17:05:58.275 [DEBUG] [thread-id 1] - conditionally execute a flow. condition: true
2024-01-08 17:06:01.526 [DEBUG] [thread-id 1] - Verify identifier: {//*[(@name="FulfillmentTitleView.titlePrefixLabel" or @name="FulfillmentSummaryView.titlePrefixLabel") and (contains(@label, "Delivery") or contains(@label, "delivery"))]//ancestor::*[@name="DeliveryViewController.titleView" or @name="DeliveryViewController.titleViewHolder"]//following-sibling::*[@name="DeliveryViewController.containerView"]//*[@name="FulfillmentSummaryView.nameLabel"]=[true], //*[(@name="FulfillmentTitleView.titlePrefixLabel" or @name="FulfillmentSummaryView.titlePrefixLabel") and (contains(@label, "Delivery") or contains(@label, "delivery"))]//ancestor::*[@name="DeliveryViewController.titleView" or @name="DeliveryViewController.titleViewHolder"]//following-sibling::*[@name="DeliveryViewController.containerView"]//*[@name="FulfillmentSummaryView.detailLabel"]=[true], //*[(@name="FulfillmentTitleView.titlePrefixLabel" or @name="FulfillmentSummaryView.titlePrefixLabel") and (contains(@label, "Delivery") or contains(@label, "delivery"))]//ancestor::*[@name="DeliveryViewController.titleView" or @name="DeliveryViewController.titleViewHolder"]//following-sibling::*[@name="DeliveryViewController.containerView"]//*[@name="FulfillmentProductGroupView.countLabel"] | //*[(@name="FulfillmentTitleView.titlePrefixLabel" or @name="FulfillmentSummaryView.titlePrefixLabel") and (contains(@label, "Delivery") or contains(@label, "delivery"))]//ancestor::*[@name="DeliveryViewController.titleView" or @name="DeliveryViewController.titleViewHolder"]//following-sibling::*[@name="DeliveryViewController.containerView"]//*[@name="FulfillmentProductGroupView.bodyLabel" and contains(@label,"item")]=[true]}
2024-01-08 17:06:02.794 [DEBUG] [thread-id 1] - Validated fulfillment time, name, address, item count and view link details
2024-01-08 17:06:04.101 [DEBUG] [thread-id 1] - conditionally execute a flow. condition: false
2024-01-08 17:06:05.433 [WARN] [thread-id 1] - variable expressSlot was used, but r2 could not find a value for this variable. returning default of null
2024-01-08 17:06:05.449 [DEBUG] [thread-id 1] - Store in: store the value 'null' in the variable 'altFulfillmentText'
2024-01-08 17:06:05.449 [DEBUG] [thread-id 1] - -----------Delivery section validation end-------------
2024-01-08 17:06:05.450 [DEBUG] [thread-id 1] - Executing function: 'us.functions.checkout.reviewOrder.verifyThresholdFee'
2024-01-08 17:06:05.450 [DEBUG] [thread-id 1] - Executing function: 'us.functions.utils.scrollIfNotVisible'
2024-01-08 17:06:08.884 [DEBUG] [thread-id 1] - conditionally execute a flow. condition: true
2024-01-08 17:06:10.137 [DEBUG] [thread-id 1] - Store in: store the value '5' in the variable 'limit'
2024-01-08 17:06:11.449 [DEBUG] [thread-id 1] - Scroll limit set to 5
2024-01-08 17:06:12.777 [DEBUG] [thread-id 1] - conditionally execute a flow. condition: false
2024-01-08 17:06:14.096 [DEBUG] [thread-id 1] - conditionally execute a flow. condition: true
2024-01-08 17:06:15.386 [DEBUG] [thread-id 1] - Scroll: down
2024-01-08 17:06:41.095 [DEBUG] [thread-id 1] - Resetting scrollPosition variable to default
2024-01-08 17:06:41.096 [DEBUG] [thread-id 1] - Store in: store the value 'null' in the variable 'scrollPosition'
2024-01-08 17:06:41.096 [DEBUG] [thread-id 1] - Store in: store the value 'null' in the variable 'identifierScope'
2024-01-08 17:06:41.096 [DEBUG] [thread-id 1] - Store in: store the value 'null' in the variable 'limit'
2024-01-08 17:06:41.097 [DEBUG] [thread-id 1] - Executing function: 'us.functions.utils.fetchAmountDisplayed'
2024-01-08 17:06:41.097 [DEBUG] [thread-id 1] - Fetching only numeric value of given amount/count identifier
2024-01-08 17:06:41.098 [DEBUG] [thread-id 1] - Attribute - label
2024-01-08 17:06:41.098 [DEBUG] [thread-id 1] - conditionally execute a flow. condition: false
2024-01-08 17:06:42.942 [DEBUG] [thread-id 1] - get string: from '//*[@name="POSLineItemView.rightLabel" and contains(@label,"Subtotal")] | //*[@name="POSLineItemView.leftLabel" and contains(@label, "Subtotal") and not(contains(@label, "Old"))]' [type='label']
2024-01-08 17:06:42.945 [DEBUG] [thread-id 1] - Amount displayed value Subtotal (1 item), $9.98
2024-01-08 17:06:42.945 [DEBUG] [thread-id 1] - Execute Node: 'us/test/helpers/splitString.js'
2024-01-08 17:06:43.043 [DEBUG] [thread-id 1] - Execute Node: 'us/test/helpers/splitString.js'
2024-01-08 17:06:43.098 [DEBUG] [thread-id 1] - Store in: store the value 'null' in the variable 'attribute'
2024-01-08 17:06:43.098 [DEBUG] [thread-id 1] - Numeric amount value 9.98
2024-01-08 17:06:43.099 [DEBUG] [thread-id 1] - conditionally execute a flow. condition: false
2024-01-08 17:06:44.179 [DEBUG] [thread-id 1] - conditionally execute a flow. condition: true
2024-01-08 17:06:46.209 [DEBUG] [thread-id 1] - Verify identifier: {(//XCUIElementTypeStaticText[@name="POSLineItemView.rightLabel" and contains(@label, "$0")])=[true], //XCUIElementTypeStaticText[contains(@label, "walmart plus, No $35 order minimum fee")]=[true]}
2024-01-08 17:06:48.681 [DEBUG] [thread-id 1] - Verify identifier: {//XCUIElementTypeStaticText[contains(@value,"Below order minimum (less than $35)")]//following-sibling::XCUIElementTypeStaticText | //XCUIElementTypeStaticText[contains(@label, "Express delivery")]//following-sibling::XCUIElementTypeStaticText=[true], //XCUIElementTypeStaticText[contains(@value,"Below order minimum (less than $35)")]|//XCUIElementTypeStaticText[contains(@label,"below $35 order minimum")] | //XCUIElementTypeStaticText[contains(@label, "Below $35 order minimum fee")] | //XCUIElementTypeStaticText[contains(@label, "Express delivery")]=[true]}
2024-01-08 17:06:49.774 [DEBUG] [thread-id 1] - Executing function: 'us.functions.utils.fetchAmountDisplayed'
2024-01-08 17:06:49.774 [DEBUG] [thread-id 1] - Fetching only numeric value of given amount/count identifier
2024-01-08 17:06:49.774 [DEBUG] [thread-id 1] - Attribute - value
2024-01-08 17:06:49.775 [DEBUG] [thread-id 1] - conditionally execute a flow. condition: false
2024-01-08 17:06:51.598 [DEBUG] [thread-id 1] - get string: from '//XCUIElementTypeStaticText[contains(@value,"Below order minimum (less than $35)")]//following-sibling::XCUIElementTypeStaticText | //XCUIElementTypeStaticText[contains(@label, "Express delivery")]//following-sibling::XCUIElementTypeStaticText' [type='value']
2024-01-08 17:06:51.604 [DEBUG] [thread-id 1] - Amount displayed value $19.95
2024-01-08 17:06:51.604 [DEBUG] [thread-id 1] - Execute Node: 'us/test/helpers/splitString.js'
2024-01-08 17:06:51.664 [DEBUG] [thread-id 1] - Execute Node: 'us/test/helpers/splitString.js'
2024-01-08 17:06:51.721 [DEBUG] [thread-id 1] - Store in: store the value 'null' in the variable 'attribute'
2024-01-08 17:06:51.722 [DEBUG] [thread-id 1] - Numeric amount value 19.95
2024-01-08 17:06:52.805 [DEBUG] [thread-id 1] - conditionally execute a flow. condition: true
2024-01-08 17:06:53.878 [DEBUG] [thread-id 1] - Verified below order minimum fee is 19.95
2024-01-08 17:06:53.889 [DEBUG] [thread-id 1] - Executing function: 'us.functions.tippingAndFeedback.driverTipAmountVerification.on.orderReviewPage'
2024-01-08 17:06:53.889 [DEBUG] [thread-id 1] - sleep:  2000 milliseconds
2024-01-08 17:06:55.896 [DEBUG] [thread-id 1] - Executing function: 'us.functions.checkout.reviewOrder.scrollToTopOfReviewOrder'
2024-01-08 17:06:55.898 [DEBUG] [thread-id 1] - Scrolling to top of review order page
2024-01-08 17:06:57.002 [DEBUG] [thread-id 1] - Verify identifier: {Review Order=[true]}
2024-01-08 17:06:57.002 [DEBUG] [thread-id 1] - Executing function: 'us.functions.utils.scrollIfNotVisible'
2024-01-08 17:06:59.808 [DEBUG] [thread-id 1] - conditionally execute a flow. condition: true
2024-01-08 17:07:00.878 [DEBUG] [thread-id 1] - Store in: store the value '5' in the variable 'limit'
2024-01-08 17:07:01.977 [DEBUG] [thread-id 1] - Scroll limit set to 5
2024-01-08 17:07:03.069 [DEBUG] [thread-id 1] - conditionally execute a flow. condition: true
2024-01-08 17:07:04.142 [DEBUG] [thread-id 1] - conditionally execute a flow. condition: true
2024-01-08 17:07:05.229 [DEBUG] [thread-id 1] - Scroll: up
2024-01-08 17:07:26.497 [DEBUG] [thread-id 1] - Resetting scrollPosition variable to default
2024-01-08 17:07:26.499 [DEBUG] [thread-id 1] - Store in: store the value 'null' in the variable 'scrollPosition'
2024-01-08 17:07:26.499 [DEBUG] [thread-id 1] - Store in: store the value 'null' in the variable 'identifierScope'
2024-01-08 17:07:26.499 [DEBUG] [thread-id 1] - Store in: store the value 'null' in the variable 'limit'
2024-01-08 17:07:26.499 [DEBUG] [thread-id 1] - conditionally execute a flow. condition: true
2024-01-08 17:07:27.774 [DEBUG] [thread-id 1] - Delivery Tip amount verification for Orders lessThan 35$, is in-Progress!!!
2024-01-08 17:07:40.686 [DEBUG] [thread-id 1] - conditionally execute a flow. condition: false
2024-01-08 17:07:41.962 [DEBUG] [thread-id 1] - The Driver Tip Section is Visible, Already!
2024-01-08 17:07:43.280 [DEBUG] [thread-id 1] - Scroll: down
2024-01-08 17:07:52.679 [DEBUG] [thread-id 1] - Verify identifier: {//XCUIElementTypeButton[@name="$6"]=[true], //XCUIElementTypeButton[@name="$4"]=[true], //XCUIElementTypeButton[@name="Custom tip"]=[true], //XCUIElementTypeButton[@name="$2"]=[true], //XCUIElementTypeButton[@name="$0"]=[true]}
2024-01-08 17:07:55.984 [DEBUG] [thread-id 1] - Click element: '//XCUIElementTypeButton[@name="$2"]'
2024-01-08 17:07:58.627 [DEBUG] [thread-id 1] - Verify identifier: {//XCUIElementTypeStaticText[@name="TippingContainerView.yourTipStaticLabel"]=[true]}
2024-01-08 17:08:00.480 [DEBUG] [thread-id 1] - Verify identifier: {//XCUIElementTypeStaticText[@name="TippingContainerView.selectedTipAmountLabel"]=[true]}
2024-01-08 17:08:01.738 [DEBUG] [thread-id 1] - sleep:  1000 milliseconds
2024-01-08 17:08:06.151 [DEBUG] [thread-id 1] - Click element: '//XCUIElementTypeButton[@name="$4"]'
2024-01-08 17:08:08.888 [DEBUG] [thread-id 1] - Verify identifier: {//XCUIElementTypeStaticText[@name="TippingContainerView.selectedTipAmountLabel"]=[true]}
2024-01-08 17:08:12.251 [DEBUG] [thread-id 1] - Click element: '//XCUIElementTypeButton[@name="$6"]'
2024-01-08 17:08:15.040 [DEBUG] [thread-id 1] - Verify identifier: {//XCUIElementTypeStaticText[@name="TippingContainerView.selectedTipAmountLabel"]=[true]}
2024-01-08 17:08:18.374 [DEBUG] [thread-id 1] - Click element: '//XCUIElementTypeButton[@name="$0"]'
2024-01-08 17:08:21.098 [DEBUG] [thread-id 1] - Verify identifier: {//XCUIElementTypeStaticText[@name="TippingContainerView.selectedTipAmountLabel"]=[true]}
2024-01-08 17:08:21.103 [WARN] [thread-id 1] - variable greaterThan35Dollars was used, but r2 could not find a value for this variable. returning default of null
2024-01-08 17:08:21.103 [DEBUG] [thread-id 1] - conditionally execute a flow. condition: true
2024-01-08 17:08:24.436 [DEBUG] [thread-id 1] - Click element: '//XCUIElementTypeOther[@name="TippingContainerView.customTipTextField"]//XCUIElementTypeTextField[contains(@name,"GlassTextField.textField")] | //XCUIElementTypeStaticText[@name="Custom"]'
2024-01-08 17:08:27.589 [DEBUG] [thread-id 1] - Enter text: '12'
2024-01-08 17:08:32.819 [DEBUG] [thread-id 1] - Click element: 'Done'
2024-01-08 17:08:35.980 [DEBUG] [thread-id 1] - Verify identifier: {//XCUIElementTypeStaticText[@name="TippingContainerView.selectedTipAmountLabel"]=[true]}
2024-01-08 17:08:37.251 [DEBUG] [thread-id 1] - Executing function: 'us.functions.utils.scrollIfNotVisible'
2024-01-08 17:08:41.005 [DEBUG] [thread-id 1] - conditionally execute a flow. condition: true
2024-01-08 17:08:42.319 [DEBUG] [thread-id 1] - Store in: store the value '5' in the variable 'limit'
2024-01-08 17:08:43.633 [DEBUG] [thread-id 1] - Scroll limit set to 5
2024-01-08 17:08:44.877 [DEBUG] [thread-id 1] - conditionally execute a flow. condition: false
2024-01-08 17:08:46.113 [DEBUG] [thread-id 1] - conditionally execute a flow. condition: true
2024-01-08 17:08:47.336 [DEBUG] [thread-id 1] - Scroll: down
2024-01-08 17:09:08.506 [DEBUG] [thread-id 1] - Resetting scrollPosition variable to default
2024-01-08 17:09:08.506 [DEBUG] [thread-id 1] - Store in: store the value 'null' in the variable 'scrollPosition'
2024-01-08 17:09:08.506 [DEBUG] [thread-id 1] - Store in: store the value 'null' in the variable 'identifierScope'
2024-01-08 17:09:08.506 [DEBUG] [thread-id 1] - Store in: store the value 'null' in the variable 'limit'
2024-01-08 17:09:12.013 [DEBUG] [thread-id 1] - Verify identifier: {//*[@name="POSLineItemView.rightLabel" and contains(@label,"Subtotal")] | //*[@name="POSLineItemView.leftLabel" and contains(@label, "Subtotal") and not(contains(@label, "Old"))]=[true], //XCUIElementTypeStaticText[contains(@label,"Estimated total") or contains(@label, "Estimated Total")]=[true], //XCUIElementTypeStaticText[contains(@value, "Estimated taxes")] | //XCUIElementTypeStaticText[contains(@value, "Estimated Taxes")] | //*[contains(@label,"Estimated taxes")]=[true], //XCUIElementTypeOther[contains(@name,"POSLineItemView.Storedeliverytip")]//XCUIElementTypeStaticText[@name="POSLineItemView.leftLabel"] | //XCUIElementTypeStaticText[@name="DriverTipViewController.tipLabel"] | //XCUIElementTypeOther[contains(@name,"POSLineItemView.Drivertip")]//XCUIElementTypeStaticText[@name="POSLineItemView.leftLabel"]=[true]}
2024-01-08 17:09:13.704 [DEBUG] [thread-id 1] - Verify identifier: {//XCUIElementTypeOther[contains(@name,"POSLineItemView.Storedeliverytip")]//XCUIElementTypeStaticText[@name="POSLineItemView.leftLabel"] | //XCUIElementTypeStaticText[@name="DriverTipViewController.tipLabel"] | //XCUIElementTypeOther[contains(@name,"POSLineItemView.Drivertip")]//XCUIElementTypeStaticText[@name="POSLineItemView.leftLabel"]=[true]}
2024-01-08 17:09:14.767 [DEBUG] [thread-id 1] - Diver tip is correctly displayed
2024-01-08 17:09:14.772 [DEBUG] [thread-id 1] - Store in: store the value 'passed' in the variable 'testStatus'
2024-01-08 17:09:15.843 [DEBUG] [thread-id 1] - Executing scenario: 'After'
2024-01-08 17:09:15.844 [DEBUG] [thread-id 1] - Executing function: 'us.functions.utils.afterSteps'
2024-01-08 17:09:15.844 [DEBUG] [thread-id 1] - conditionally execute a flow. condition: true
2024-01-08 17:09:16.905 [DEBUG] [thread-id 1] - Test passed
2024-01-08 17:09:49.635 [DEBUG] [thread-id 1] - Created report: /Users/m0k0a2f/glass-automation/report/index.html
2024-01-08 19:04:06.508 [DEBUG] [thread-id 1] - Executing R2 3.38.1: '/Users/m0k0a2f/glass-automation/./us/test/test-scripts/ios/prod-flows/Ecomm-And-Fulfillment-Flows/store-single-fulfillment-flows/C2644789-glass-sc-scheduled-delivery.yaml' on device: 'iPhone 13 Simulator'
2024-01-08 19:08:03.353 [DEBUG] [thread-id 1] - Created report: /Users/m0k0a2f/glass-automation/report/index.html
2024-01-08 19:10:07.169 [DEBUG] [thread-id 1] - Executing R2 3.38.1: '/Users/m0k0a2f/glass-automation/./us/test/test-scripts/ios/prod-flows/Ecomm-And-Fulfillment-Flows/store-single-fulfillment-flows/C2644789-glass-sc-scheduled-delivery.yaml' on device: 'iPhone 12 Simulator'
2024-01-08 19:12:14.679 [DEBUG] [thread-id 1] - Created report: /Users/m0k0a2f/glass-automation/report/index.html
2024-01-08 19:19:10.087 [DEBUG] [thread-id 1] - Executing R2 3.38.1: '/Users/m0k0a2f/glass-automation/./us/test/test-scripts/ios/prod-flows/Ecomm-And-Fulfillment-Flows/store-single-fulfillment-flows/C2644789-glass-sc-scheduled-delivery.yaml' on device: 'iPhone 12 Simulator'
2024-01-08 19:19:13.793 [DEBUG] [thread-id 1] - Created report: /Users/m0k0a2f/glass-automation/report/index.html
2024-01-08 19:29:40.527 [DEBUG] [thread-id 1] - Executing R2 3.38.1: '/Users/m0k0a2f/glass-automation/./us/test/test-scripts/ios/prod-flows/Ecomm-And-Fulfillment-Flows/store-single-fulfillment-flows/C2644789-glass-sc-scheduled-delivery.yaml' on device: 'iPhone 11 Simulator'
2024-01-08 19:29:43.906 [DEBUG] [thread-id 1] - Created report: /Users/m0k0a2f/glass-automation/report/index.html
2024-01-08 19:32:01.491 [DEBUG] [thread-id 1] - Executing R2 3.38.1: '/Users/m0k0a2f/glass-automation/./us/test/test-scripts/ios/prod-flows/Ecomm-And-Fulfillment-Flows/store-single-fulfillment-flows/C2644789-glass-sc-scheduled-delivery.yaml' on device: 'iPhone 15 Simulator'
2024-01-08 19:35:33.215 [DEBUG] [thread-id 1] - Created report: /Users/m0k0a2f/glass-automation/report/index.html
2024-01-08 20:09:38.895 [DEBUG] [thread-id 1] - Executing R2 3.38.1: '/Users/m0k0a2f/glass-automation/./us/test/test-scripts/ios/prod-flows/Ecomm-And-Fulfillment-Flows/store-single-fulfillment-flows/C2644789-glass-sc-scheduled-delivery.yaml' on device: 'iPhone 15 Simulator'
2024-01-08 20:09:41.653 [DEBUG] [thread-id 1] - Created report: /Users/m0k0a2f/glass-automation/report/index.html
2024-01-08 20:14:54.889 [DEBUG] [thread-id 1] - Executing R2 3.38.1: '/Users/m0k0a2f/glass-automation/./us/test/test-scripts/ios/prod-flows/Ecomm-And-Fulfillment-Flows/store-single-fulfillment-flows/C2644789-glass-sc-scheduled-delivery.yaml' on device: 'iPhone 14 Simulator'
2024-01-08 20:14:57.061 [DEBUG] [thread-id 1] - Created report: /Users/m0k0a2f/glass-automation/report/index.html
2024-01-08 20:20:05.741 [DEBUG] [thread-id 105] - Executing R2 3.38.1: '/Users/m0k0a2f/glass-automation/./us/test/test-scripts/ios/prod-flows/Ecomm-And-Fulfillment-Flows/store-single-fulfillment-flows/C2644789-glass-sc-scheduled-delivery.yaml' on device: 'iPhone 13 Simulator'
2024-01-08 20:20:07.267 [DEBUG] [thread-id 1] - Created report: /Users/m0k0a2f/glass-automation/report/index.html
2024-01-08 20:21:40.548 [DEBUG] [thread-id 108] - Executing R2 3.38.1: '/Users/m0k0a2f/glass-automation/./us/test/test-scripts/ios/prod-flows/Ecomm-And-Fulfillment-Flows/store-single-fulfillment-flows/C2644789-glass-sc-scheduled-delivery.yaml' on device: 'iPhone 13 Simulator'
2024-01-08 20:21:41.930 [DEBUG] [thread-id 1] - Created report: /Users/m0k0a2f/glass-automation/report/index.html
2024-01-08 20:23:18.799 [DEBUG] [thread-id 1] - Executing R2 3.38.1: '/Users/m0k0a2f/glass-automation/./us/test/test-scripts/ios/prod-flows/Ecomm-And-Fulfillment-Flows/store-single-fulfillment-flows/C2644789-glass-sc-scheduled-delivery.yaml' on device: 'iPhone 14 Simulator'
2024-01-08 20:24:27.000 [DEBUG] [thread-id 1] - Created report: /Users/m0k0a2f/glass-automation/report/index.html
2024-01-08 20:26:59.240 [DEBUG] [thread-id 1] - Executing R2 3.38.1: '/Users/m0k0a2f/glass-automation/./us/test/test-scripts/ios/prod-flows/Ecomm-And-Fulfillment-Flows/store-single-fulfillment-flows/C2644789-glass-sc-scheduled-delivery.yaml' on device: 'iPhone 14'
2024-01-08 20:27:01.667 [DEBUG] [thread-id 1] - Created report: /Users/m0k0a2f/glass-automation/report/index.html
2024-01-08 20:47:50.515 [DEBUG] [thread-id 208] - Executing R2 3.38.1: '/Users/m0k0a2f/glass-automation/./us/test/test-scripts/ios/prod-flows/Ecomm-And-Fulfillment-Flows/store-single-fulfillment-flows/C2644789-glass-sc-scheduled-delivery.yaml' on device: 'iPhone 12'
2024-01-08 20:47:51.942 [DEBUG] [thread-id 1] - Created report: /Users/m0k0a2f/glass-automation/report/index.html
2024-01-08 20:53:47.816 [DEBUG] [thread-id 208] - Executing R2 3.38.1: '/Users/m0k0a2f/glass-automation/./us/test/test-scripts/ios/prod-flows/Ecomm-And-Fulfillment-Flows/store-single-fulfillment-flows/C2644789-glass-sc-scheduled-delivery.yaml' on device: 'iPhone 14'
2024-01-08 20:53:49.204 [DEBUG] [thread-id 1] - Created report: /Users/m0k0a2f/glass-automation/report/index.html
2024-01-08 20:55:50.975 [DEBUG] [thread-id 208] - Executing R2 3.38.1: '/Users/m0k0a2f/glass-automation/./us/test/test-scripts/ios/prod-flows/Ecomm-And-Fulfillment-Flows/store-single-fulfillment-flows/C2644789-glass-sc-scheduled-delivery.yaml' on device: 'iPhone 12'
2024-01-08 20:55:52.581 [DEBUG] [thread-id 1] - Created report: /Users/m0k0a2f/glass-automation/report/index.html
2024-01-08 21:10:12.791 [DEBUG] [thread-id 1] - Executing R2 3.38.1: '/Users/m0k0a2f/glass-automation/./us/test/test-scripts/ios/prod-flows/Ecomm-And-Fulfillment-Flows/store-single-fulfillment-flows/C2644789-glass-sc-scheduled-delivery.yaml' on device: 'iPhone 12 Simulator'
2024-01-08 21:13:10.974 [DEBUG] [thread-id 1] - Created report: /Users/m0k0a2f/glass-automation/report/index.html
2024-01-08 21:15:35.721 [DEBUG] [thread-id 1] - Executing R2 3.38.1: '/Users/m0k0a2f/glass-automation/./us/test/test-scripts/ios/prod-flows/Ecomm-And-Fulfillment-Flows/store-single-fulfillment-flows/C2644789-glass-sc-scheduled-delivery.yaml' on device: 'iPhone 13 Simulator'
2024-01-08 21:18:54.089 [DEBUG] [thread-id 1] - Created report: /Users/m0k0a2f/glass-automation/report/index.html
2024-01-08 21:34:37.891 [DEBUG] [thread-id 1] - Executing R2 3.38.1: '/Users/m0k0a2f/glass-automation/./us/test/test-scripts/ios/golden-flows/deprecated-to-be-removed-after-review/C2644789-glass-sc-scheduled-delivery.yaml' on device: 'iPhone 14'
2024-01-08 21:37:15.347 [DEBUG] [thread-id 1] - Executing scenario: 'Before'
2024-01-08 21:37:15.349 [DEBUG] [thread-id 1] - R2_SUBFLOW_PRE_TRANSACTION
2024-01-08 21:37:15.484 [DEBUG] [thread-id 1] - Using us-errors-helpers.yaml
2024-01-08 21:37:15.620 [DEBUG] [thread-id 1] - Start Main
2024-01-08 21:37:15.621 [DEBUG] [thread-id 1] - Timestamp: 1704778635621
2024-01-08 21:37:15.626 [DEBUG] [thread-id 1] - Executing function: 'us.functions.global.onboarding.navigateOnboardingToHome'
2024-01-08 21:37:15.628 [DEBUG] [thread-id 1] - Executing function: 'us.function.utils.getEnvironmentValue'
2024-01-08 21:37:15.628 [DEBUG] [thread-id 1] - Store in: store the value 'teflon' in the variable 'env'
2024-01-08 21:37:15.639 [DEBUG] [thread-id 1] - Welcome screen loaded
2024-01-08 21:37:15.641 [DEBUG] [thread-id 1] - Verify identifier: {SignUpNudgeWelcomeViewController.titleLabel=[true]}
2024-01-08 21:37:25.747 [DEBUG] [thread-id 1] - conditionally execute a flow. condition: false
2024-01-08 21:37:25.904 [DEBUG] [thread-id 1] - Click element: 'cta.cancel.welcome'
2024-01-08 21:37:26.481 [DEBUG] [thread-id 1] - Notifiction Prompt screen loaded
2024-01-08 21:37:26.901 [DEBUG] [thread-id 1] - Verify identifier: {NotificationPermissionViewController.titleLabel=[true]}
2024-01-08 21:37:26.947 [DEBUG] [thread-id 1] - Click element: 'cta.cancel.notifications'
2024-01-08 21:37:27.389 [DEBUG] [thread-id 1] - location screen loaded
2024-01-08 21:37:27.557 [DEBUG] [thread-id 1] - Verify identifier: {LocationPermissionViewController.titleLabel=[true], LocationPermissionViewController.bodyLabel=[true]}
2024-01-08 21:37:27.605 [DEBUG] [thread-id 1] - Click element: 'cta.cancel.location'
2024-01-08 21:37:28.208 [DEBUG] [thread-id 1] - Verify identifier: {label.postal-code-entry=[true]}
2024-01-08 21:37:28.256 [DEBUG] [thread-id 1] - Enter text: '95122'
2024-01-08 21:37:30.433 [DEBUG] [thread-id 1] - Click element: 'cta.continue'
2024-01-08 21:37:30.928 [DEBUG] [thread-id 1] - sleep:  3000 milliseconds
2024-01-08 21:37:33.937 [DEBUG] [thread-id 1] - loop: from 0 to 3
2024-01-08 21:37:34.175 [DEBUG] [thread-id 1] - 0
2024-01-08 21:37:44.617 [DEBUG] [thread-id 1] - conditionally execute a flow. condition: false
2024-01-08 21:37:54.938 [DEBUG] [thread-id 1] - Observed IDFA Sscreen
2024-01-08 21:37:55.145 [DEBUG] [thread-id 1] - conditionally execute a flow. condition: true
2024-01-08 21:37:55.348 [DEBUG] [thread-id 1] - Verify identifier: {ATTPermissionViewController.titleLabel=[true], ATTPermissionViewController.bodyLabel=[true]}
2024-01-08 21:37:55.598 [DEBUG] [thread-id 1] - Click element: 'cta.continue.location'
2024-01-08 21:37:58.514 [DEBUG] [thread-id 1] - Click element: '//XCUIElementTypeButton[@name="Ask App Not to Track"] | //XCUIElementTypeButton[@name="Solicitar a la app no rastrear"]'
2024-01-08 21:38:09.280 [DEBUG] [thread-id 1] - conditionally execute a flow. condition: false
2024-01-08 21:38:09.779 [DEBUG] [thread-id 1] - modal is not displayed
2024-01-08 21:38:19.901 [DEBUG] [thread-id 1] - Executing function: 'us.functions.gic.collapseIfExpanded'
2024-01-08 21:38:20.707 [DEBUG] [thread-id 1] - Verify identifier: {//*[contains(@label,"Expanded")] | //*[contains(@name,"Expanded")]=[true]}
2024-01-08 21:38:21.236 [DEBUG] [thread-id 1] - Collapsing GIC screen
2024-01-08 21:38:22.062 [DEBUG] [thread-id 1] - Click element: '//*[contains(@label,"Expanded")] | //*[contains(@name,"Expanded")]'
2024-01-08 21:38:22.533 [DEBUG] [thread-id 1] - Executing function: 'us.functions.global.authentication.createAccountFlow'
2024-01-08 21:38:23.181 [DEBUG] [thread-id 1] - Click element: 'tab-account-unselected'
2024-01-08 21:38:24.375 [DEBUG] [thread-id 1] - Click element: 'SignInYourAccountTableViewCell.signInButton'
2024-01-08 21:38:24.936 [DEBUG] [thread-id 1] - Executing function: 'us.functions.global.authentication.dismissSelectSavedPasswordDialog'
2024-01-08 21:38:28.422 [DEBUG] [thread-id 1] - Password selection dialog not displayed
2024-01-08 21:38:28.426 [DEBUG] [thread-id 1] - Executing function: 'us.functions.global.authentication.createAccountFromSignInScreen'
2024-01-08 21:38:28.427 [DEBUG] [thread-id 1] - Store in: store the value 'identity-testuser1704778635621@walmart.com' in the variable 'email1'
2024-01-08 21:38:28.428 [DEBUG] [thread-id 1] - e2e.teflon.flow.004.1704778635621@cloudtest.org
2024-01-08 21:38:29.854 [DEBUG] [thread-id 1] - Enter text: 'identity-testuser1704778635621@walmart.com'
2024-01-08 21:38:31.908 [DEBUG] [thread-id 1] - Click element: 'WelcomeView.ctaButton'
2024-01-08 21:38:32.646 [DEBUG] [thread-id 1] - sleep:  5000 milliseconds
2024-01-08 21:38:38.455 [DEBUG] [thread-id 1] - Verify if present: 'SignUpView.firstNameField'
2024-01-08 21:38:38.602 [DEBUG] [thread-id 1] - Enter text: 'TestFirst'
2024-01-08 21:38:40.000 [DEBUG] [thread-id 1] - Enter text: 'TestLast'
2024-01-08 21:38:41.491 [DEBUG] [thread-id 1] - Click element: 'SignUpView.passwordField'
2024-01-08 21:38:42.267 [DEBUG] [thread-id 1] - sleep:  2000 milliseconds
2024-01-08 21:38:44.509 [DEBUG] [thread-id 1] - Enter text: 'E2epassword$'
2024-01-08 21:38:45.800 [DEBUG] [thread-id 1] - Scroll: down
2024-01-08 21:38:52.043 [DEBUG] [thread-id 1] - Click element: 'SignUpView.createAccountButton'
2024-01-08 21:38:57.898 [DEBUG] [thread-id 1] - sleep:  6000 milliseconds
2024-01-08 21:39:03.901 [DEBUG] [thread-id 1] - Verify identifier: {SignUpView.createAccountButton || Create an account=[true]}
2024-01-08 21:39:14.340 [DEBUG] [thread-id 1] - Store in: store the value 'identity-testuser1704778635621@walmart.com' in the variable 'email'
2024-01-08 21:39:14.341 [DEBUG] [thread-id 1] - Executing function: 'us.functions.global.navigation.accountToHome'
2024-01-08 21:39:14.342 [DEBUG] [thread-id 1] - Verify identifier: {Shop=[true]}
2024-01-08 21:39:14.342 [DEBUG] [thread-id 1] - sleep:  2000 milliseconds
2024-01-08 21:39:16.538 [DEBUG] [thread-id 1] - Click element: 'Shop'
2024-01-08 21:39:23.903 [DEBUG] [thread-id 1] - Executing function: 'us.functions.home.closeWPlusPromotionPopUpIfDisplayed'
2024-01-08 21:39:34.129 [DEBUG] [thread-id 1] - No Wplus pop up displayed
2024-01-08 21:39:55.744 [DEBUG] [thread-id 1] - Main failed: Is not present: 'Search Walmart'
2024-01-08 21:39:56.746 [DEBUG] [thread-id 1] - Executing scenario: 'After'
2024-01-08 21:39:56.747 [DEBUG] [thread-id 1] - Executing function: 'us.functions.utils.afterSteps'
2024-01-08 21:39:56.747 [WARN] [thread-id 1] - variable testStatus was used, but r2 could not find a value for this variable. returning default of null
2024-01-08 21:39:56.748 [DEBUG] [thread-id 1] - conditionally execute a flow. condition: false
2024-01-08 21:39:57.743 [DEBUG] [thread-id 1] - Test failed
2024-01-08 21:40:29.622 [DEBUG] [thread-id 1] - Created report: /Users/m0k0a2f/glass-automation/report/index.html
2024-01-08 21:42:17.209 [DEBUG] [thread-id 1] - Executing R2 3.38.1: '/Users/m0k0a2f/glass-automation/./us/test/test-scripts/ios/golden-flows/deprecated-to-be-removed-after-review/C2644789-glass-sc-scheduled-delivery.yaml' on device: 'iPhone 14'
2024-01-08 21:43:00.894 [DEBUG] [thread-id 1] - Executing scenario: 'Before'
2024-01-08 21:43:00.895 [DEBUG] [thread-id 1] - R2_SUBFLOW_PRE_TRANSACTION
2024-01-08 21:43:01.025 [DEBUG] [thread-id 1] - Using us-errors-helpers.yaml
2024-01-08 21:43:01.152 [DEBUG] [thread-id 1] - Start Main
2024-01-08 21:43:01.153 [DEBUG] [thread-id 1] - Timestamp: 1704778981152
2024-01-08 21:43:01.155 [DEBUG] [thread-id 1] - Executing function: 'us.functions.global.onboarding.navigateOnboardingToHome'
2024-01-08 21:43:01.156 [DEBUG] [thread-id 1] - Executing function: 'us.function.utils.getEnvironmentValue'
2024-01-08 21:43:01.156 [DEBUG] [thread-id 1] - Store in: store the value 'teflon' in the variable 'env'
2024-01-08 21:43:01.165 [DEBUG] [thread-id 1] - Welcome screen loaded
2024-01-08 21:43:01.167 [DEBUG] [thread-id 1] - Verify identifier: {SignUpNudgeWelcomeViewController.titleLabel=[true]}
2024-01-08 21:43:11.195 [DEBUG] [thread-id 1] - conditionally execute a flow. condition: false
2024-01-08 21:43:11.348 [DEBUG] [thread-id 1] - Click element: 'cta.cancel.welcome'
2024-01-08 21:43:11.797 [DEBUG] [thread-id 1] - Notifiction Prompt screen loaded
2024-01-08 21:43:12.190 [DEBUG] [thread-id 1] - Verify identifier: {NotificationPermissionViewController.titleLabel=[true]}
2024-01-08 21:43:12.235 [DEBUG] [thread-id 1] - Click element: 'cta.cancel.notifications'
2024-01-08 21:43:12.657 [DEBUG] [thread-id 1] - location screen loaded
2024-01-08 21:43:33.452 [DEBUG] [thread-id 1] - Main failed: Is not present: 'LocationPermissionViewController.titleLabel', 'LocationPermissionViewController.bodyLabel'
2024-01-08 21:43:33.590 [DEBUG] [thread-id 1] - Executing scenario: 'After'
2024-01-08 21:43:33.590 [DEBUG] [thread-id 1] - Executing function: 'us.functions.utils.afterSteps'
2024-01-08 21:43:33.591 [WARN] [thread-id 1] - variable testStatus was used, but r2 could not find a value for this variable. returning default of null
2024-01-08 21:43:33.592 [DEBUG] [thread-id 1] - conditionally execute a flow. condition: false
2024-01-08 21:43:33.718 [DEBUG] [thread-id 1] - Test failed
2024-01-08 21:43:38.118 [DEBUG] [thread-id 1] - Created report: /Users/m0k0a2f/glass-automation/report/index.html
2024-01-08 21:44:58.929 [DEBUG] [thread-id 1] - Executing R2 3.38.1: '/Users/m0k0a2f/glass-automation/./us/test/test-scripts/ios/golden-flows/deprecated-to-be-removed-after-review/C2644789-glass-sc-scheduled-delivery.yaml' on device: 'iPhone 14'
2024-01-08 21:45:40.208 [DEBUG] [thread-id 1] - Executing scenario: 'Before'
2024-01-08 21:45:40.210 [DEBUG] [thread-id 1] - R2_SUBFLOW_PRE_TRANSACTION
2024-01-08 21:45:40.337 [DEBUG] [thread-id 1] - Using us-errors-helpers.yaml
2024-01-08 21:45:40.465 [DEBUG] [thread-id 1] - Start Main
2024-01-08 21:45:40.466 [DEBUG] [thread-id 1] - Timestamp: 1704779140466
2024-01-08 21:45:40.470 [DEBUG] [thread-id 1] - Executing function: 'us.functions.global.onboarding.navigateOnboardingToHome'
2024-01-08 21:45:40.471 [DEBUG] [thread-id 1] - Executing function: 'us.function.utils.getEnvironmentValue'
2024-01-08 21:45:40.471 [DEBUG] [thread-id 1] - Store in: store the value 'teflon' in the variable 'env'
2024-01-08 21:45:40.480 [DEBUG] [thread-id 1] - Welcome screen loaded
2024-01-08 21:45:40.482 [DEBUG] [thread-id 1] - Verify identifier: {SignUpNudgeWelcomeViewController.titleLabel=[true]}
2024-01-08 21:45:50.494 [DEBUG] [thread-id 1] - conditionally execute a flow. condition: false
2024-01-08 21:45:50.651 [DEBUG] [thread-id 1] - Click element: 'cta.cancel.welcome'
2024-01-08 21:45:51.104 [DEBUG] [thread-id 1] - Notifiction Prompt screen loaded
2024-01-08 21:45:51.498 [DEBUG] [thread-id 1] - Verify identifier: {NotificationPermissionViewController.titleLabel=[true]}
2024-01-08 21:45:51.543 [DEBUG] [thread-id 1] - Click element: 'cta.cancel.notifications'
2024-01-08 21:45:51.973 [DEBUG] [thread-id 1] - location screen loaded
2024-01-08 21:46:12.451 [DEBUG] [thread-id 1] - Main failed: Is not present: 'LocationPermissionViewController.titleLabel', 'LocationPermissionViewController.bodyLabel'
2024-01-08 21:46:12.590 [DEBUG] [thread-id 1] - Executing scenario: 'After'
2024-01-08 21:46:12.591 [DEBUG] [thread-id 1] - Executing function: 'us.functions.utils.afterSteps'
2024-01-08 21:46:12.591 [WARN] [thread-id 1] - variable testStatus was used, but r2 could not find a value for this variable. returning default of null
2024-01-08 21:46:12.592 [DEBUG] [thread-id 1] - conditionally execute a flow. condition: false
2024-01-08 21:46:12.719 [DEBUG] [thread-id 1] - Test failed
2024-01-08 21:46:17.795 [DEBUG] [thread-id 1] - Created report: /Users/m0k0a2f/glass-automation/report/index.html
2024-01-08 21:47:36.609 [DEBUG] [thread-id 1] - Executing R2 3.38.1: '/Users/m0k0a2f/glass-automation/./us/test/test-scripts/ios/golden-flows/deprecated-to-be-removed-after-review/C2644789-glass-sc-scheduled-delivery.yaml' on device: 'iPhone 14'
2024-01-08 21:48:17.056 [DEBUG] [thread-id 1] - Executing scenario: 'Before'
2024-01-08 21:48:17.058 [DEBUG] [thread-id 1] - R2_SUBFLOW_PRE_TRANSACTION
2024-01-08 21:48:17.188 [DEBUG] [thread-id 1] - Using us-errors-helpers.yaml
2024-01-08 21:48:17.317 [DEBUG] [thread-id 1] - Start Main
2024-01-08 21:48:17.317 [DEBUG] [thread-id 1] - Timestamp: 1704779297317
2024-01-08 21:48:17.321 [DEBUG] [thread-id 1] - Executing function: 'us.functions.global.onboarding.navigateOnboardingToHome'
2024-01-08 21:48:17.322 [DEBUG] [thread-id 1] - Executing function: 'us.function.utils.getEnvironmentValue'
2024-01-08 21:48:17.323 [DEBUG] [thread-id 1] - Store in: store the value 'teflon' in the variable 'env'
2024-01-08 21:48:17.331 [DEBUG] [thread-id 1] - Welcome screen loaded
2024-01-08 21:48:17.333 [DEBUG] [thread-id 1] - Verify identifier: {SignUpNudgeWelcomeViewController.titleLabel=[true]}
2024-01-08 21:48:27.453 [DEBUG] [thread-id 1] - conditionally execute a flow. condition: false
2024-01-08 21:48:27.614 [DEBUG] [thread-id 1] - Click element: 'cta.cancel.welcome'
2024-01-08 21:48:28.066 [DEBUG] [thread-id 1] - Notifiction Prompt screen loaded
2024-01-08 21:48:28.452 [DEBUG] [thread-id 1] - Verify identifier: {NotificationPermissionViewController.titleLabel=[true]}
2024-01-08 21:48:28.499 [DEBUG] [thread-id 1] - Click element: 'cta.cancel.notifications'
2024-01-08 21:48:28.921 [DEBUG] [thread-id 1] - location screen loaded
2024-01-08 21:48:29.090 [DEBUG] [thread-id 1] - Verify identifier: {LocationPermissionViewController.titleLabel=[true], LocationPermissionViewController.bodyLabel=[true]}
2024-01-08 21:48:29.137 [DEBUG] [thread-id 1] - Click element: 'cta.cancel.location'
2024-01-08 21:48:29.719 [DEBUG] [thread-id 1] - Verify identifier: {label.postal-code-entry=[true]}
2024-01-08 21:48:29.767 [DEBUG] [thread-id 1] - Enter text: '95122'
2024-01-08 21:48:31.051 [DEBUG] [thread-id 1] - Click element: 'cta.continue'
2024-01-08 21:48:31.556 [DEBUG] [thread-id 1] - sleep:  3000 milliseconds
2024-01-08 21:48:34.560 [DEBUG] [thread-id 1] - loop: from 0 to 3
2024-01-08 21:48:34.804 [DEBUG] [thread-id 1] - 0
2024-01-08 21:48:45.243 [DEBUG] [thread-id 1] - conditionally execute a flow. condition: false
2024-01-08 21:48:55.458 [DEBUG] [thread-id 1] - Observed IDFA Sscreen
2024-01-08 21:48:55.663 [DEBUG] [thread-id 1] - conditionally execute a flow. condition: true
2024-01-08 21:48:55.865 [DEBUG] [thread-id 1] - Verify identifier: {ATTPermissionViewController.titleLabel=[true], ATTPermissionViewController.bodyLabel=[true]}
2024-01-08 21:48:56.111 [DEBUG] [thread-id 1] - Click element: 'cta.continue.location'
2024-01-08 21:48:58.869 [DEBUG] [thread-id 1] - Click element: '//XCUIElementTypeButton[@name="Ask App Not to Track"] | //XCUIElementTypeButton[@name="Solicitar a la app no rastrear"]'
2024-01-08 21:49:09.592 [DEBUG] [thread-id 1] - conditionally execute a flow. condition: false
2024-01-08 21:49:10.076 [DEBUG] [thread-id 1] - modal is not displayed
2024-01-08 21:49:20.333 [DEBUG] [thread-id 1] - Executing function: 'us.functions.gic.collapseIfExpanded'
2024-01-08 21:49:21.093 [DEBUG] [thread-id 1] - Verify identifier: {//*[contains(@label,"Expanded")] | //*[contains(@name,"Expanded")]=[true]}
2024-01-08 21:49:21.598 [DEBUG] [thread-id 1] - Collapsing GIC screen
2024-01-08 21:49:22.367 [DEBUG] [thread-id 1] - Click element: '//*[contains(@label,"Expanded")] | //*[contains(@name,"Expanded")]'
2024-01-08 21:49:22.843 [DEBUG] [thread-id 1] - Executing function: 'us.functions.global.authentication.createAccountFlow'
2024-01-08 21:49:23.457 [DEBUG] [thread-id 1] - Click element: 'tab-account-unselected'
2024-01-08 21:49:24.622 [DEBUG] [thread-id 1] - Click element: 'SignInYourAccountTableViewCell.signInButton'
2024-01-08 21:49:25.161 [DEBUG] [thread-id 1] - Executing function: 'us.functions.global.authentication.dismissSelectSavedPasswordDialog'
2024-01-08 21:49:28.242 [DEBUG] [thread-id 1] - Password selection dialog not displayed
2024-01-08 21:49:28.247 [DEBUG] [thread-id 1] - Executing function: 'us.functions.global.authentication.createAccountFromSignInScreen'
2024-01-08 21:49:28.248 [DEBUG] [thread-id 1] - Store in: store the value 'identity-testuser1704779297317@walmart.com' in the variable 'email1'
2024-01-08 21:49:28.248 [DEBUG] [thread-id 1] - e2e.teflon.flow.004.1704779297317@cloudtest.org
2024-01-08 21:49:29.672 [DEBUG] [thread-id 1] - Enter text: 'identity-testuser1704779297317@walmart.com'
2024-01-08 21:49:31.674 [DEBUG] [thread-id 1] - Click element: 'WelcomeView.ctaButton'
2024-01-08 21:49:32.382 [DEBUG] [thread-id 1] - sleep:  5000 milliseconds
2024-01-08 21:49:38.182 [DEBUG] [thread-id 1] - Verify if present: 'SignUpView.firstNameField'
2024-01-08 21:49:38.325 [DEBUG] [thread-id 1] - Enter text: 'TestFirst'
2024-01-08 21:49:39.690 [DEBUG] [thread-id 1] - Enter text: 'TestLast'
2024-01-08 21:49:41.157 [DEBUG] [thread-id 1] - Click element: 'SignUpView.passwordField'
2024-01-08 21:49:41.916 [DEBUG] [thread-id 1] - sleep:  2000 milliseconds
2024-01-08 21:49:44.137 [DEBUG] [thread-id 1] - Enter text: 'E2epassword$'
2024-01-08 21:49:45.413 [DEBUG] [thread-id 1] - Scroll: down
2024-01-08 21:49:51.690 [DEBUG] [thread-id 1] - Click element: 'SignUpView.createAccountButton'
2024-01-08 21:49:57.593 [DEBUG] [thread-id 1] - sleep:  6000 milliseconds
2024-01-08 21:50:03.597 [DEBUG] [thread-id 1] - Verify identifier: {SignUpView.createAccountButton || Create an account=[true]}
2024-01-08 21:50:14.030 [DEBUG] [thread-id 1] - Store in: store the value 'identity-testuser1704779297317@walmart.com' in the variable 'email'
2024-01-08 21:50:14.032 [DEBUG] [thread-id 1] - Executing function: 'us.functions.global.navigation.accountToHome'
2024-01-08 21:50:14.033 [DEBUG] [thread-id 1] - Verify identifier: {Shop=[true]}
2024-01-08 21:50:14.033 [DEBUG] [thread-id 1] - sleep:  2000 milliseconds
2024-01-08 21:50:16.230 [DEBUG] [thread-id 1] - Click element: 'Shop'
2024-01-08 21:50:23.639 [DEBUG] [thread-id 1] - Executing function: 'us.functions.home.closeWPlusPromotionPopUpIfDisplayed'
2024-01-08 21:50:33.675 [DEBUG] [thread-id 1] - No Wplus pop up displayed
2024-01-08 21:50:54.559 [DEBUG] [thread-id 1] - Main failed: Is not present: 'Search Walmart'
2024-01-08 21:50:55.596 [DEBUG] [thread-id 1] - Executing scenario: 'After'
2024-01-08 21:50:55.596 [DEBUG] [thread-id 1] - Executing function: 'us.functions.utils.afterSteps'
2024-01-08 21:50:55.597 [WARN] [thread-id 1] - variable testStatus was used, but r2 could not find a value for this variable. returning default of null
2024-01-08 21:50:55.598 [DEBUG] [thread-id 1] - conditionally execute a flow. condition: false
2024-01-08 21:50:56.595 [DEBUG] [thread-id 1] - Test failed
2024-01-08 21:51:02.130 [DEBUG] [thread-id 1] - Created report: /Users/m0k0a2f/glass-automation/report/index.html
